 1.57363E-10 7.03962E-16 1.12658E-02 5.43494E-14 1.43153E-11 1.57350E-09 6.45784E-09 2.68438E-19
 7.08553E-07 2.06652E-06 1.13619E-07 1.27415E-09 7.94721E-12 2.59012E-08 1.96499E-12 2.97803E-12
 1.19142E-14 1.92564E-11 8.66520E-14 8.35522E-16 1.83907E-18 8.93601E-23 6.64280E-10 1.78347E-13
 7.07046E-18 1.28679E-14 8.92604E-12 9.85217E-14 2.30739E-12 2.17882E-17 1.35870E-18 2.79357E-11
 1.92399E-12 1.59684E-13 1.66729E-10 1.09680E-15 7.24421E-03 6.94387E-14 1.49479E-11 1.66358E-09
 8.63347E-09 3.16259E-19 7.08993E-07 2.05925E-06 1.01492E-07 1.34469E-09 8.35701E-12 2.58529E-08
 2.28860E-12 3.37220E-12 1.58603E-14 2.94289E-11 2.26642E-13 1.11262E-15 4.33066E-18 2.50817E-22
 6.49812E-10 2.15359E-13 1.06205E-17 1.59985E-14 1.31719E-11 1.28738E-13 2.28586E-12 2.16508E-17
 2.36306E-18 4.77553E-11 3.95070E-12 1.80482E-13 1.70198E-10 1.83700E-15 4.50322E-03 8.82489E-14
 1.54003E-11 1.69405E-09 1.24246E-08 3.71339E-19 7.09481E-07 2.05269E-06 9.08057E-08 1.36588E-09
 8.74414E-12 2.57999E-08 2.59912E-12 3.82849E-12 2.04078E-14 4.23156E-11 6.09933E-13 1.57975E-15
 1.12770E-17 9.26545E-22 6.36724E-10 2.84030E-13 1.58164E-17 2.24707E-14 1.82735E-11 1.76053E-13
 2.25834E-12 1.98448E-17 3.85675E-18 6.41556E-11 6.35778E-12 1.84685E-13 1.64857E-10 3.09083E-15
 2.58805E-03 1.05291E-13 1.52532E-11 1.60600E-09 1.80060E-08 4.12096E-19 7.09969E-07 2.04688E-06
 8.15449E-08 1.29218E-09 8.61716E-12 2.57416E-08 2.98275E-12 4.34081E-12 2.48358E-14 5.49796E-11
 1.62911E-12 2.16266E-15 3.05651E-17 3.95320E-21 6.25171E-10 3.87152E-13 2.22847E-17 3.33836E-14
 2.31883E-11 2.53458E-13 2.28522E-12 1.72680E-17 6.17930E-18 7.83604E-11 8.77645E-12 1.88757E-13
 1.56603E-10 5.25843E-15 1.73341E-03 1.31014E-13 1.54451E-11 1.45383E-09 2.54711E-08 4.88008E-19
 7.10408E-07 2.04175E-06 7.35412E-08 1.18225E-09 8.92178E-12 2.56773E-08 3.39050E-12 5.00207E-12
 3.03994E-14 6.59536E-11 3.40253E-12 2.95747E-15 7.18683E-17 1.56465E-20 6.15099E-10 5.62889E-13
 3.13703E-17 5.33608E-14 2.76152E-11 3.75306E-13 2.35521E-12 1.61559E-17 1.00468E-17 9.12850E-11
 1.12709E-11 1.94977E-13 1.40232E-10 8.58443E-15 1.04217E-03 1.50262E-13 1.48755E-11 1.25149E-09
 3.51698E-08 5.32555E-19 7.10792E-07 2.03734E-06 6.67925E-08 1.02095E-09 8.47314E-12 2.56062E-08
 3.73615E-12 5.40771E-12 3.35339E-14 7.30216E-11 7.39098E-12 3.61584E-15 1.57853E-16 6.74511E-20
 6.06662E-10 7.74907E-13 4.08585E-17 8.26114E-14 3.13180E-11 5.20315E-13 2.55035E-12 1.50038E-17
 1.68838E-17 1.04205E-10 1.33102E-11 2.08345E-13 1.15718E-10 1.34064E-14 5.55020E-04 1.57255E-13
 1.35405E-11 1.02577E-09 4.72464E-08 5.30750E-19 7.11098E-07 2.03358E-06 6.12294E-08 8.33284E-10
 7.45198E-12 2.55279E-08 3.66745E-12 5.02306E-12 3.03682E-14 7.50234E-11 1.42128E-11 3.84127E-15
 2.91694E-16 3.34738E-19 5.99828E-10 1.01658E-12 4.91039E-17 1.26275E-13 3.43099E-11 6.43918E-13
 2.90288E-12 1.37956E-17 2.95911E-17 1.17374E-10 1.44792E-11 2.29641E-13 9.09631E-11 2.04187E-14
 2.85594E-04 1.59401E-13 1.20464E-11 8.10398E-10 6.17506E-08 5.17817E-19 7.11310E-07 2.03030E-06
 5.66803E-08 6.49234E-10 6.32636E-12 2.54420E-08 3.49193E-12 4.44845E-12 2.57460E-14 7.37773E-11
 2.11737E-11 3.86371E-15 5.01594E-16 1.64407E-18 5.94318E-10 1.27477E-12 5.68147E-17 1.88190E-13
 3.68174E-11 7.50132E-13 3.34231E-12 1.28211E-17 5.32701E-17 1.29031E-10 1.47831E-11 2.51661E-13
 7.00660E-11 3.04006E-14 1.41570E-04 1.60891E-13 1.05867E-11 6.22766E-10 7.86526E-08 5.08692E-19
 7.11422E-07 2.02733E-06 5.29865E-08 4.77372E-10 5.09175E-12 2.53479E-08 3.74360E-12 4.35295E-12
 2.43569E-14 7.16261E-11 2.58316E-11 3.97545E-15 1.02977E-15 7.22479E-18 5.89824E-10 1.47231E-12
 6.53359E-17 2.60124E-13 3.91063E-11 8.90072E-13 3.70648E-12 1.18022E-17 9.60760E-17 1.35473E-10
 1.42038E-11 2.61012E-13 5.07036E-11 4.06574E-14 3.84844E-05 1.48505E-13 8.34970E-12 4.60927E-10
 9.85816E-08 4.38516E-19 7.11438E-07 2.02438E-06 4.98956E-08 3.14298E-10 3.16731E-12 2.52407E-08
 4.88240E-12 4.65103E-12 2.71727E-14 6.96022E-11 2.74810E-11 4.21847E-15 3.64832E-15 5.58642E-17
 5.85908E-10 1.52112E-12 7.83932E-17 3.25265E-13 4.15269E-11 1.13347E-12 3.65230E-12 9.29231E-18
 1.93471E-16 1.30668E-10 1.25090E-11 2.34298E-13 3.33043E-11 5.21247E-14 5.43141E-06 1.49398E-13
 6.21902E-12 3.16732E-10 1.28148E-07 3.88942E-19 7.11303E-07 2.02021E-06 4.64793E-08 1.75392E-10
 1.63276E-12 2.50793E-08 7.21233E-12 5.27766E-12 3.92225E-14 6.83649E-11 2.52390E-11 5.29020E-15
 1.21948E-14 5.36081E-16 5.81025E-10 1.63995E-12 1.09636E-16 4.13942E-13 4.49773E-11 1.66018E-12
 1.65287E-12 3.64726E-18 3.56476E-16 9.48795E-11 9.66159E-12 1.06643E-13 2.44859E-11 1.04962E-13
 3.66188E-06 1.62980E-13 5.33302E-12 1.90303E-10 1.87207E-07 4.32076E-19 7.10739E-07 2.01136E-06
 4.14882E-08 9.98856E-11 1.48180E-12 2.47358E-08 8.31277E-12 6.91643E-12 3.84680E-14 7.00232E-11
 2.27945E-11 7.70746E-15 2.33034E-14 1.35332E-15 5.71650E-10 2.13581E-12 1.44966E-16 7.43103E-13
 5.22871E-11 2.89739E-12 5.39160E-13 9.48112E-19 3.14792E-16 5.96257E-11 5.80823E-12 2.88051E-14
 2.21728E-11 2.37640E-13 3.70405E-06 1.96420E-13 4.94976E-12 1.16120E-10 3.07337E-07 4.98623E-19
 7.09035E-07 1.99111E-06 3.41098E-08 7.82109E-11 1.77998E-12 2.39669E-08 7.91744E-12 8.80827E-12
 3.42800E-14 7.44990E-11 2.02956E-11 1.56864E-14 5.10453E-14 6.54888E-15 5.52155E-10 4.18480E-12
 2.16672E-16 1.85569E-12 6.47882E-11 6.71585E-12 1.01841E-13 1.39792E-19 2.12005E-16 2.84406E-11
 2.72461E-12 3.96065E-15 2.48383E-11 5.47517E-13 3.79051E-06 2.76881E-13 5.37338E-12 9.63876E-11
 5.12344E-07 6.19702E-19 7.04872E-07 1.94981E-06 2.51391E-08 9.38746E-11 2.70787E-12 2.24681E-08
 6.53615E-12 1.03823E-11 3.08457E-14 8.13078E-11 1.79529E-11 3.64527E-14 1.15961E-13 4.16765E-14
 5.16089E-10 1.10225E-11 3.58937E-16 5.33476E-12 8.06995E-11 1.64757E-11 9.85520E-15 1.18560E-20
 9.58745E-17 9.16270E-12 1.00054E-12 2.76137E-16 2.91298E-11 1.16359E-12 3.93660E-06 4.07845E-13
 6.42456E-12 1.03127E-10 7.84399E-07 7.77319E-19 6.96711E-07 1.88056E-06 1.73017E-08 1.21354E-10
 3.96116E-12 2.01152E-08 5.65898E-12 1.20651E-11 3.02962E-14 8.81506E-11 1.65700E-11 7.22749E-14
 2.18516E-13 1.80734E-13 4.62002E-10 2.64691E-11 6.03738E-16 1.27042E-11 9.53361E-11 3.28193E-11
 5.22565E-16 6.25602E-22 2.98349E-17 2.00009E-12 2.65785E-13 1.12201E-17 3.33477E-11 2.21862E-12
 4.14255E-06 5.96924E-13 8.14303E-12 1.25279E-10 1.07020E-06 1.03844E-18 6.83517E-07 1.78378E-06
 1.24544E-08 1.44345E-10 5.03410E-12 1.71106E-08 5.72425E-12 1.46005E-11 3.44027E-14 9.50883E-11
 1.66289E-11 1.15955E-13 3.38820E-13 4.53057E-13 3.95588E-10 5.13507E-11 1.00149E-15 2.30993E-11
 1.07378E-10 5.13504E-11 1.73513E-17 2.33414E-23 7.19176E-18 3.24405E-13 5.24933E-14 3.10747E-19
 4.10756E-11 4.21770E-12 4.40685E-06 8.58298E-13 1.12363E-11 1.65729E-10 1.32405E-06 1.69833E-18
 6.64313E-07 1.66067E-06 1.04065E-08 1.78223E-10 6.56264E-12 1.37319E-08 6.51238E-12 1.92624E-11
 4.03073E-14 1.03117E-10 1.88628E-11 1.57083E-13 4.56259E-13 5.92870E-13 3.22579E-10 8.34125E-11
 1.61910E-15 3.50938E-11 1.21803E-10 6.55700E-11 3.98429E-19 6.52939E-25 1.32020E-18 4.40957E-14
 8.07497E-15 6.09955E-21 4.43368E-11 6.93975E-12 4.71438E-06 1.26061E-12 1.48558E-11 2.14729E-10
 1.53653E-06 2.85245E-18 6.39112E-07 1.51884E-06 9.53850E-09 1.82692E-10 7.05602E-12 1.03947E-08
 8.13321E-12 2.42589E-11 5.64764E-14 1.11040E-10 1.98518E-11 1.97525E-13 5.44760E-13 8.22108E-13
 2.51486E-10 1.24791E-10 2.62548E-15 4.73124E-11 1.27686E-10 7.66894E-11 6.55204E-21 1.44100E-26
 2.34918E-19 4.97647E-15 1.10149E-15 9.58558E-23 4.97805E-11 1.15731E-11 5.04978E-06 1.84599E-12
 2.01873E-11 2.75962E-10 1.68431E-06 5.39716E-18 6.08514E-07 1.36564E-06 9.38330E-09 1.90253E-10
 7.91379E-12 7.43669E-09 1.05605E-11 3.12595E-11 7.82184E-14 1.18507E-10 2.10580E-11 2.25466E-13
 5.74112E-13 7.98747E-13 1.87578E-10 1.68848E-10 4.20735E-15 5.93230E-11 1.33842E-10 7.83762E-11
 8.28998E-23 2.58819E-28 3.52459E-20 5.10650E-16 1.51297E-16 1.17714E-24 5.08427E-11 1.79411E-11
 5.39451E-06 2.75786E-12 2.62566E-11 3.34778E-10 1.79083E-06 1.00626E-17 5.73852E-07 1.20973E-06
 9.09109E-09 1.74982E-10 8.02478E-12 5.05489E-09 1.37998E-11 3.75943E-11 1.16172E-13 1.25181E-10
 2.01037E-11 2.43892E-13 5.33506E-13 8.62022E-13 1.34512E-10 2.18601E-10 6.64863E-15 7.07203E-11
 1.29826E-10 7.41333E-11 8.26294E-25 4.32862E-30 5.08385E-21 4.69500E-17 4.29568E-17 1.35161E-26
 5.06429E-11 2.74702E-11 5.72920E-06 4.15458E-12 3.33856E-11 3.81463E-10 1.83944E-06 1.95544E-17
 5.37265E-07 1.05976E-06 8.73092E-09 1.52743E-10 8.02524E-12 3.31333E-09 1.79580E-11 4.34830E-11
 1.72764E-13 1.30331E-10 1.78046E-11 2.48289E-13 4.39048E-13 8.56198E-13 9.34742E-11 2.66136E-10
 1.04773E-14 8.14326E-11 1.23233E-10 6.34760E-11 6.83772E-27 1.56582E-31 7.41671E-22 4.42075E-18
 4.15287E-17 3.26510E-28 5.04260E-11 4.21402E-11 6.04637E-06 6.27063E-12 4.12798E-11 3.99736E-10
 1.80794E-06 4.03001E-17 5.00082E-07 9.18812E-07 8.39360E-09 1.28878E-10 8.15560E-12 2.11407E-09
 2.30975E-11 4.84614E-11 2.49695E-13 1.32494E-10 1.45239E-11 2.39082E-13 3.21630E-13 7.65257E-13
 6.29269E-11 3.03392E-10 1.68818E-14 9.23409E-11 1.20051E-10 4.91661E-11 4.94674E-29 4.42870E-32
 2.29001E-22 9.17566E-19 4.50232E-17 5.96581E-29 4.90533E-11 6.36361E-11 6.34070E-06 9.49010E-12
 4.87440E-11 3.78647E-10 1.69680E-06 8.60013E-17 4.63569E-07 7.88924E-07 7.97560E-09 1.02073E-10
 8.20560E-12 1.32609E-09 2.90343E-11 5.09927E-11 3.52747E-13 1.30776E-10 1.06347E-11 2.20240E-13
 2.11236E-13 6.72110E-13 4.10132E-11 3.27561E-10 2.81267E-14 1.04312E-10 1.20049E-10 3.50675E-11
 1.46687E-30 5.96162E-32 2.47187E-22 6.78832E-19 4.52522E-17 5.04636E-29 4.66958E-11 9.45639E-11
 6.60783E-06 1.43884E-11 5.47128E-11 3.22770E-10 1.50869E-06 1.89239E-16 4.29026E-07 6.71638E-07
 7.45756E-09 7.55497E-11 8.15483E-12 8.27709E-10 3.55381E-11 5.04686E-11 4.85464E-13 1.24819E-10
 6.94780E-12 1.95074E-13 1.25476E-13 5.89041E-13 2.58898E-11 3.35874E-10 4.92051E-14 1.18132E-10
 1.24922E-10 2.32804E-11 1.54831E-30 1.05406E-31 3.53480E-22 6.78324E-19 4.52426E-17 5.40224E-29
 4.36726E-11 1.38341E-10 6.84581E-06 2.17886E-11 5.83407E-11 2.49085E-10 1.25496E-06 4.27257E-16
 3.97523E-07 5.67374E-07 6.87418E-09 5.23202E-11 7.98814E-12 5.19389E-10 4.24165E-11 4.70511E-11
 6.50255E-13 1.14830E-10 4.06341E-12 1.66665E-13 6.81268E-14 5.13144E-13 1.58234E-11 3.26529E-10
 9.16291E-14 1.33960E-10 1.37316E-10 1.45308E-11 1.92197E-30 1.80668E-31 4.93859E-22 6.75290E-19
 4.52353E-17 5.34489E-29 4.02274E-11 1.97566E-10 7.05356E-06 3.22195E-11 5.94849E-11 1.80119E-10
 9.75364E-07 9.59350E-16 3.70059E-07 4.76153E-07 6.32303E-09 3.46910E-11 7.68281E-12 3.30210E-10
 4.95485E-11 4.18992E-11 8.31897E-13 1.00954E-10 2.20558E-12 1.37494E-13 3.45130E-14 4.32669E-13
 9.38859E-12 2.99688E-10 1.78593E-13 1.50295E-10 1.60155E-10 8.65636E-12 2.29862E-30 3.02556E-31
 6.67706E-22 6.68183E-19 4.52317E-17 4.99151E-29 3.65546E-11 2.71507E-10 7.23087E-06 4.48907E-11
 5.94024E-11 1.31703E-10 7.32197E-07 2.02619E-15 3.47513E-07 3.97624E-07 5.91803E-09 2.33015E-11
 7.25373E-12 2.13460E-10 5.66189E-11 3.64477E-11 9.80581E-13 8.39411E-11 1.19602E-12 1.08859E-13
 1.67033E-14 3.40566E-13 5.44793E-12 2.61714E-10 3.40202E-13 1.63361E-10 1.92627E-10 5.00803E-12
 2.85538E-30 5.11849E-31 8.94278E-22 6.82023E-19 4.52067E-17 4.80105E-29 3.29662E-11 3.60476E-10
 7.37758E-06 5.84849E-11 5.98088E-11 1.03372E-10 5.56189E-07 3.95575E-15 3.30659E-07 3.31475E-07
 5.69926E-09 1.66068E-11 6.78409E-12 1.40867E-10 6.30090E-11 3.12589E-11 1.05225E-12 6.59913E-11
 6.78978E-13 8.23258E-14 7.79195E-15 2.47815E-13 3.13373E-12 2.22418E-10 5.98020E-13 1.70284E-10
 2.29367E-10 2.83343E-12 3.81923E-30 8.78644E-31 1.19865E-21 7.29151E-19 4.51480E-17 4.99235E-29
 2.96029E-11 4.67911E-10 7.49592E-06 7.24969E-11 6.15221E-11 8.77735E-11 4.36775E-07 7.26797E-15
 3.19814E-07 2.76436E-07 5.63562E-09 1.26214E-11 6.32302E-12 9.49968E-11 6.80266E-11 2.63063E-11
 1.04251E-12 4.93582E-11 4.02625E-13 5.96823E-14 3.49525E-15 1.70165E-13 1.80492E-12 1.87767E-10
 9.63460E-13 1.71304E-10 2.65336E-10 1.56748E-12 5.43321E-30 1.51107E-30 1.60695E-21 8.08489E-19
 4.50564E-17 5.57949E-29 2.64677E-11 5.97541E-10 7.58990E-06 8.70827E-11 6.47187E-11 7.93905E-11
 3.53836E-07 1.28104E-14 3.15049E-07 2.30447E-07 5.68692E-09 1.00817E-11 5.87803E-12 6.51627E-11
 7.11282E-11 2.16051E-11 9.69499E-13 3.53396E-11 2.44937E-13 4.17100E-14 1.50118E-15 1.12588E-13
 1.04114E-12 1.59076E-10 1.44715E-12 1.67977E-10 2.98423E-10 8.46409E-13 8.06219E-30 2.58505E-30
 2.15036E-21 9.17824E-19 4.49342E-17 6.58126E-29 2.35902E-11 7.52700E-10 7.66168E-06 1.02701E-10
 6.94551E-11 7.53659E-11 2.93340E-07 2.19453E-14 3.16590E-07 1.92310E-07 5.82714E-09 8.34588E-12
 5.45136E-12 4.54588E-11 7.22512E-11 1.73279E-11 8.60254E-13 2.44444E-11 1.51089E-13 2.83377E-14
 6.20378E-16 7.25915E-14 6.04124E-13 1.35648E-10 2.06086E-12 1.61543E-10 3.28541E-10 4.46666E-13
 1.22828E-29 4.38237E-30 2.86536E-21 1.05612E-18 4.47821E-17 8.06422E-29 2.09865E-11 9.36148E-10
 7.71325E-06 1.19960E-10 7.58392E-11 7.43276E-11 2.46916E-07 3.68425E-14 3.24617E-07 1.60958E-07
 6.03923E-09 7.08058E-12 5.04067E-12 3.22812E-11 7.17242E-11 1.36357E-11 7.39157E-13 1.65077E-11
 9.40661E-14 1.88853E-14 2.49296E-16 4.57695E-14 3.54504E-13 1.16346E-10 2.81513E-12 1.52765E-10
 3.56338E-10 2.31061E-13 1.90027E-29 7.34744E-30 3.79434E-21 1.22372E-18 4.45999E-17 1.01531E-28
 1.86058E-11 1.14903E-09 7.74703E-06 1.39549E-10 8.40571E-11 7.56218E-11 2.09531E-07 6.08831E-14
 3.39481E-07 1.34976E-07 6.31772E-09 6.09010E-12 4.63037E-12 2.32339E-11 6.99512E-11 1.05837E-11
 6.21747E-13 1.09742E-11 5.90236E-14 1.24276E-14 9.83218E-17 2.82067E-14 2.09664E-13 1.00148E-10
 3.71578E-12 1.42151E-10 3.82496E-10 1.17477E-13 2.97502E-29 1.22152E-29 5.00263E-21 1.42661E-18
 4.43814E-17 1.30886E-28 1.70626E-11 1.41429E-09 7.76454E-06 1.62356E-10 9.47349E-11 7.78712E-11
 1.76109E-07 1.01933E-13 3.61730E-07 1.13330E-07 6.70169E-09 5.39938E-12 4.38818E-12 1.68894E-11
 6.77863E-11 8.04954E-12 5.06378E-13 6.98068E-12 3.61860E-14 7.82980E-15 3.58529E-17 1.53386E-14
 1.24313E-13 8.29394E-11 4.76446E-12 1.28023E-10 4.12908E-10 5.52654E-14 4.80120E-29 2.06274E-29
 6.40190E-21 1.69813E-18 4.40933E-17 1.71356E-28 1.56753E-11 1.71605E-09 7.76605E-06 1.89044E-10
 1.07969E-10 8.18212E-11 1.47384E-07 1.68679E-13 3.92252E-07 9.54275E-08 7.13964E-09 4.80981E-12
 4.14054E-12 1.23796E-11 6.50066E-11 6.08901E-12 4.07485E-13 4.39912E-12 2.22889E-14 4.89913E-15
 1.29265E-17 7.90455E-15 7.39638E-14 6.79900E-11 5.92116E-12 1.12745E-10 4.42026E-10 2.53890E-14
 7.76603E-29 3.44846E-29 8.10263E-21 2.02858E-18 4.37452E-17 2.26387E-28 1.43574E-11 2.04431E-09
 7.75157E-06 2.20334E-10 1.24059E-10 8.76339E-11 1.22685E-07 2.74279E-13 4.31974E-07 8.08151E-08
 7.61174E-09 4.28050E-12 3.86682E-12 9.14732E-12 6.18498E-11 4.62995E-12 3.26687E-13 2.79316E-12
 1.39597E-14 3.08622E-15 4.74059E-18 3.92273E-15 4.43569E-14 5.54464E-11 7.14124E-12 9.73226E-11
 4.68775E-10 1.16125E-14 1.24297E-28 5.64953E-29 1.01410E-20 2.40905E-18 4.33460E-17 2.99896E-28
 1.31645E-11 2.39258E-09 7.72116E-06 2.56939E-10 1.43381E-10 9.53807E-11 1.01402E-07 4.38283E-13
 4.81629E-07 6.91141E-08 8.09976E-09 3.81204E-12 3.59093E-12 6.82426E-12 5.85560E-11 3.56697E-12
 2.61628E-13 1.80657E-12 8.94320E-15 1.97073E-15 1.79465E-18 1.87282E-15 2.70706E-14 4.49141E-11
 8.37555E-12 8.23657E-11 4.93011E-10 5.32950E-15 1.93886E-28 8.95810E-29 1.24030E-20 2.80772E-18
 4.29279E-17 3.92982E-28 1.07657E-11 2.64209E-09 7.67494E-06 2.98125E-10 1.63940E-10 1.09448E-10
 8.77062E-08 6.37139E-13 5.41930E-07 5.99279E-08 8.51722E-09 3.16143E-12 2.93720E-12 5.14939E-12
 5.49452E-11 2.93808E-12 2.26281E-13 1.36092E-12 6.59985E-15 1.44513E-15 8.98488E-19 1.29836E-15
 1.70839E-14 4.12582E-11 9.63068E-12 7.30415E-11 5.04704E-10 3.09561E-15 2.80588E-28 1.30709E-28
 1.62633E-20 3.10405E-18 4.26101E-17 5.36288E-28 8.90753E-12 2.90712E-09 7.61462E-06 3.46287E-10
 1.88220E-10 1.26366E-10 7.52526E-08 9.27224E-13 6.12413E-07 5.26569E-08 9.01063E-09 2.64058E-12
 2.42165E-12 3.93113E-12 5.17219E-11 2.45642E-12 1.95148E-13 1.04191E-12 4.93965E-15 1.07149E-15
 4.61836E-19 8.21283E-16 1.11711E-14 3.69979E-11 1.08319E-11 6.31337E-11 5.17633E-10 1.77349E-15
 4.01341E-28 1.88009E-28 2.07632E-20 3.40013E-18 4.22916E-17 7.29588E-28 7.40628E-12 3.17908E-09
 7.54144E-06 4.01948E-10 2.16368E-10 1.46574E-10 6.42007E-08 1.34250E-12 6.92770E-07 4.68280E-08
 9.61099E-09 2.21286E-12 1.99907E-12 3.03604E-12 4.88813E-11 2.09879E-12 1.68492E-13 8.14059E-13
 3.78073E-15 8.10491E-16 2.47290E-19 4.88046E-16 7.58101E-15 3.25473E-11 1.19294E-11 5.34070E-11
 5.30673E-10 1.01667E-15 5.69308E-28 2.67764E-28 2.61357E-20 3.71275E-18 4.19552E-17 9.95242E-28
 6.01957E-12 3.43842E-09 7.45611E-06 4.65183E-10 2.47821E-10 1.71738E-10 5.52325E-08 1.90721E-12
 7.83081E-07 4.20560E-08 1.03226E-08 1.82844E-12 1.60745E-12 2.36964E-12 4.63664E-11 1.84973E-12
 1.47914E-13 6.65077E-13 3.02332E-15 6.43095E-16 1.45233E-19 2.91002E-16 5.33917E-15 2.88224E-11
 1.28945E-11 4.48409E-11 5.41957E-10 6.10313E-16 7.94551E-28 3.74851E-28 3.30040E-20 4.03260E-18
 4.16096E-17 1.37242E-27 4.89142E-12 3.71544E-09 7.35918E-06 5.37069E-10 2.83416E-10 2.01248E-10
 4.74030E-08 2.70479E-12 8.83373E-07 3.80304E-08 1.11863E-08 1.51039E-12 1.29108E-12 1.86666E-12
 4.42044E-11 1.66580E-12 1.29811E-13 5.53387E-13 2.46556E-15 5.21879E-16 8.90460E-20 1.64325E-16
 3.89020E-15 2.50301E-11 1.37163E-11 3.69677E-11 5.52757E-10 3.67179E-16 1.10194E-27 5.21721E-28
 4.12051E-20 4.39526E-18 4.12192E-17 1.88964E-27 3.97101E-12 4.01767E-09 7.25191E-06 6.18101E-10
 3.23286E-10 2.35291E-10 4.06356E-08 3.83179E-12 9.92836E-07 3.45508E-08 1.22365E-08 1.24709E-12
 1.03537E-12 1.48539E-12 4.23815E-11 1.53054E-12 1.13852E-13 4.66817E-13 2.04514E-15 4.31978E-16
 5.66612E-20 8.86956E-17 2.92871E-15 2.13137E-11 1.43874E-11 2.99797E-11 5.62746E-10 2.21176E-16
 1.52142E-27 7.23684E-28 5.10700E-20 4.82553E-18 4.07591E-17 2.59874E-27 3.31538E-12 4.38055E-09
 7.13561E-06 7.09712E-10 3.68868E-10 2.71816E-10 3.43419E-08 5.50407E-12 1.11047E-06 3.14666E-08
 1.35321E-08 1.04747E-12 8.54169E-13 1.19551E-12 4.08901E-11 1.42202E-12 9.80783E-14 3.89217E-13
 1.68645E-15 3.53620E-16 3.53990E-20 4.40169E-17 2.27364E-15 1.73949E-11 1.49517E-11 2.37373E-11
 5.72298E-10 1.28193E-16 2.10054E-27 1.00582E-27 6.22856E-20 5.35343E-18 4.01995E-17 3.54155E-27
 2.77833E-12 4.78745E-09 7.00965E-06 8.11857E-10 4.19417E-10 3.12759E-10 2.90443E-08 7.89965E-12
 1.23715E-06 2.86334E-08 1.51603E-08 8.77813E-13 7.02805E-13 9.71605E-13 3.96463E-11 1.34014E-12
 8.43881E-14 3.26988E-13 1.40606E-15 2.92851E-16 2.26071E-20 2.13016E-17 1.81199E-15 1.39832E-11
 1.53955E-11 1.85987E-11 5.80359E-10 7.43802E-17 2.87239E-27 1.38674E-27 7.56162E-20 5.96280E-18
 3.95558E-17 4.81030E-27 2.37414E-12 5.24195E-09 6.87322E-06 9.26881E-10 4.76057E-10 3.59464E-10
 2.45652E-08 1.13470E-11 1.37386E-06 2.59444E-08 1.73167E-08 7.31460E-13 5.74871E-13 7.96138E-13
 3.86016E-11 1.27819E-12 7.25979E-14 2.77006E-13 1.18372E-15 2.45136E-16 1.47247E-20 1.00928E-17
 1.47599E-15 1.11119E-11 1.57349E-11 1.44435E-11 5.87000E-10 4.31963E-17 3.89254E-27 1.89620E-27
 9.10391E-20 6.64281E-18 3.88386E-17 6.49270E-27 2.16664E-12 5.73439E-09 6.72739E-06 1.06048E-09
 5.41639E-10 4.15117E-10 2.07167E-08 1.63497E-11 1.51964E-06 2.33586E-08 2.03197E-08 6.04920E-13
 4.66221E-13 6.58723E-13 3.77260E-11 1.23573E-12 6.26749E-14 2.37897E-13 1.00974E-15 2.08259E-16
 9.83581E-21 4.69095E-18 1.22721E-15 8.77404E-12 1.59833E-11 1.11256E-11 5.92359E-10 2.51678E-17
 5.25741E-27 2.58153E-27 1.08031E-19 7.37073E-18 3.80712E-17 8.68531E-27 2.26163E-12 6.23969E-09
 6.57176E-06 1.22349E-09 6.21607E-10 4.86051E-10 1.73406E-08 2.37107E-11 1.67494E-06 2.08304E-08
 2.46702E-08 4.94982E-13 3.73298E-13 5.50115E-13 3.69785E-11 1.21615E-12 5.45873E-14 2.09034E-13
 8.78931E-16 1.81170E-16 6.82394E-21 2.13929E-18 1.03809E-15 6.92802E-12 1.61492E-11 8.50030E-12
 5.96616E-10 1.47705E-17 7.16585E-27 3.53307E-27 1.25567E-19 8.12903E-18 3.72722E-17 1.15091E-26
 2.76742E-12 6.72608E-09 6.40492E-06 1.43235E-09 7.24125E-10 5.82128E-10 1.43460E-08 3.47481E-11
 1.84116E-06 1.83279E-08 3.10413E-08 3.99373E-13 2.93774E-13 4.63106E-13 3.63191E-11 1.22391E-12
 4.82204E-14 1.89622E-13 7.86306E-16 1.63132E-16 4.99026E-21 9.57246E-19 8.90034E-16 5.50406E-12
 1.62403E-11 6.44119E-12 5.99957E-10 8.76709E-18 9.99426E-27 4.91564E-27 1.42258E-19 8.91143E-18
 3.64488E-17 1.51211E-26 3.71583E-12 7.17851E-09 6.22677E-06 1.70663E-09 8.58587E-10 7.14662E-10
 1.17215E-08 5.16397E-11 2.01836E-06 1.58696E-08 4.01425E-08 3.17489E-13 2.26880E-13 3.93131E-13
 3.57238E-11 1.25998E-12 4.33010E-14 1.77684E-13 7.23526E-16 1.52861E-16 3.86332E-21 4.21056E-19
 7.72120E-16 4.41259E-12 1.62690E-11 4.84524E-12 6.02563E-10 5.26672E-18 1.43475E-26 6.98983E-27
 1.56890E-19 9.72179E-18 3.55986E-17 1.97156E-26 5.02988E-12 7.66406E-09 6.03650E-06 2.06680E-09
 1.03647E-09 8.86400E-10 9.35119E-09 7.90341E-11 2.20722E-06 1.34881E-08 5.26880E-08 2.53568E-13
 1.78203E-13 3.36435E-13 3.51899E-11 1.30963E-12 3.86989E-14 1.66860E-13 6.65130E-16 1.43412E-16
 2.95700E-21 1.76079E-19 6.76542E-16 3.49133E-12 1.63383E-11 3.60742E-12 6.04597E-10 3.07899E-18
 2.11139E-26 1.01463E-26 1.69149E-19 1.05879E-17 3.46937E-17 2.56088E-26 6.43279E-12 8.20443E-09
 5.83452E-06 2.51932E-09 1.25732E-09 1.10489E-09 7.46693E-09 1.22392E-10 2.40723E-06 1.12482E-08
 6.91369E-08 1.99528E-13 1.37878E-13 2.90438E-13 3.47058E-11 1.36462E-12 3.47998E-14 1.57343E-13
 6.12471E-16 1.36573E-16 2.28979E-21 7.40475E-20 5.98856E-16 2.77922E-12 1.64025E-11 2.69563E-12
 6.06098E-10 1.80527E-18 3.10937E-26 1.47371E-26 1.80336E-19 1.15099E-17 3.37332E-17 3.30745E-26
 7.68303E-12 8.87261E-09 5.62280E-06 3.06638E-09 1.51844E-09 1.36513E-09 6.01166E-09 1.90985E-10
 2.61633E-06 9.22489E-09 8.96642E-08 1.54680E-13 1.05441E-13 2.53284E-13 3.42787E-11 1.40774E-12
 3.12495E-14 1.46542E-13 5.55531E-16 1.29452E-16 1.74184E-21 3.17114E-20 5.36102E-16 2.22053E-12
 1.64913E-11 2.03405E-12 6.07170E-10 1.05676E-18 4.48900E-26 2.10842E-26 1.91750E-19 1.24897E-17
 3.27136E-17 4.24260E-26 8.60263E-12 9.73634E-09 5.40143E-06 3.70399E-09 1.81207E-09 1.65358E-09
 4.90070E-09 2.98709E-10 2.83438E-06 7.45424E-09 1.14439E-07 1.18115E-13 7.98566E-14 2.23084E-13
 3.39109E-11 1.42417E-12 2.78548E-14 1.32953E-13 4.89869E-16 1.19902E-16 1.26670E-21 1.39705E-20
 4.85285E-16 1.77673E-12 1.66314E-11 1.55779E-12 6.07887E-10 6.14988E-19 6.26452E-26 2.94005E-26
 2.04851E-19 1.35356E-17 3.16256E-17 5.40373E-26 9.09990E-12 1.08577E-08 5.16882E-06 4.42385E-09
 2.12661E-09 1.95033E-09 4.05038E-09 4.65980E-10 3.06292E-06 5.93987E-09 1.43811E-07 8.87234E-14
 5.99050E-14 1.98175E-13 3.35987E-11 1.40443E-12 2.45530E-14 1.16484E-13 4.16475E-16 1.07101E-16
 8.64240E-22 6.36972E-21 4.43733E-16 1.42139E-12 1.68454E-11 1.21456E-12 6.08306E-10 3.54730E-19
 8.38899E-26 3.97517E-26 2.20965E-19 1.46566E-17 3.04584E-17 6.83415E-26 9.17101E-12 1.23008E-08
 4.92371E-06 5.21527E-09 2.44838E-09 2.23214E-09 3.39202E-09 7.22482E-10 3.30323E-06 4.67253E-09
 1.78344E-07 6.55032E-14 4.45111E-14 1.77355E-13 3.33339E-11 1.34563E-12 2.13607E-14 9.80951E-14
 3.39858E-16 9.15446E-17 5.47231E-22 3.00939E-21 4.09473E-16 1.13503E-12 1.71515E-11 9.64640E-13
 6.08467E-10 2.02257E-19 1.07503E-25 5.20287E-26 2.41147E-19 1.58539E-17 2.92095E-17 8.57879E-26
 8.89939E-12 1.41394E-08 4.66831E-06 6.06801E-09 2.76370E-09 2.47562E-09 2.87405E-09 1.11144E-09
 3.55315E-06 3.64420E-09 2.18561E-07 4.76637E-14 3.28620E-14 1.59952E-13 3.31076E-11 1.25119E-12
 1.83349E-14 7.93221E-14 2.65799E-16 7.46751E-17 3.20512E-22 1.46935E-21 3.81356E-16 9.03186E-13
 1.75653E-11 7.79374E-13 6.08398E-10 1.13752E-19 1.31743E-25 6.59168E-26 2.66004E-19 1.71064E-17
 2.78993E-17 1.06718E-25 8.40415E-12 1.64681E-08 4.40598E-06 6.97228E-09 3.06005E-09 2.66119E-09
 2.45978E-09 1.69625E-09 3.80946E-06 2.83322E-09 2.65280E-07 3.43303E-14 2.42094E-14 1.45436E-13
 3.29088E-11 1.12874E-12 1.55322E-14 6.16512E-14 1.99249E-16 5.81584E-17 1.73851E-22 7.37234E-22
 3.58425E-16 7.14704E-13 1.80989E-11 6.38722E-13 6.08117E-10 6.29497E-20 1.54562E-25 8.09386E-26
 2.95984E-19 1.83843E-17 2.65578E-17 1.31359E-25 7.77388E-12 1.94209E-08 4.13628E-06 7.91421E-09
 3.32553E-09 2.77498E-09 2.12423E-09 2.57017E-09 4.07259E-06 2.19896E-09 3.20611E-07 2.44885E-14
 1.78007E-14 1.33168E-13 3.27206E-11 9.87589E-13 1.29834E-14 4.60321E-14 1.43142E-16 4.32266E-17
 8.72670E-23 3.77027E-22 3.39532E-16 5.60396E-13 1.87596E-11 5.28822E-13 6.07640E-10 3.41145E-20
 1.74097E-25 9.65665E-26 3.32028E-19 1.96749E-17 2.51962E-17 1.60002E-25 7.08659E-12 2.31766E-08
 3.86007E-06 8.87791E-09 3.55020E-09 2.80498E-09 1.84891E-09 3.87154E-09 4.34170E-06 1.70688E-09
 3.87513E-07 1.73374E-14 1.30748E-14 1.22704E-13 3.25277E-11 8.37884E-13 1.07053E-14 3.29459E-14
 9.84979E-17 3.06231E-17 4.04410E-23 1.94898E-22 3.23855E-16 4.33693E-13 1.95599E-11 4.40494E-13
 6.06969E-10 1.80140E-20 1.88879E-25 1.12292E-25 3.75196E-19 2.09605E-17 2.38308E-17 1.92869E-25
 6.42464E-12 2.81297E-08 3.58105E-06 9.87586E-09 3.73260E-09 2.72297E-09 1.59097E-09 5.88904E-09
 4.61307E-06 1.33009E-09 4.69477E-07 1.24103E-14 9.98329E-15 1.13784E-13 3.23278E-11 6.81062E-13
 8.56173E-15 2.22349E-14 6.32628E-17 2.00003E-17 1.64325E-23 1.00062E-22 3.10865E-16 3.27387E-13
 2.07004E-11 3.71204E-13 6.05914E-10 9.02353E-21 1.97826E-25 1.28008E-25 4.27004E-19 2.22127E-17
 2.24888E-17 2.30599E-25 5.80646E-12 3.44845E-08 3.30185E-06 1.08567E-08 3.85614E-09 2.56351E-09
 1.37673E-09 8.91060E-09 4.88398E-06 1.04241E-09 5.71199E-07 8.84004E-15 7.62578E-15 1.06138E-13
 3.20983E-11 5.36133E-13 6.75804E-15 1.43739E-14 3.88740E-17 1.24837E-17 6.15403E-24 5.14192E-23
 3.00094E-16 2.42668E-13 2.20342E-11 3.12968E-13 6.04627E-10 4.37424E-21 2.00826E-25 1.43245E-25
 4.88604E-19 2.34062E-17 2.11943E-17 2.72441E-25 5.25556E-12 4.27133E-08 3.02562E-06 1.17889E-08
 3.91583E-09 2.34528E-09 1.19747E-09 1.34312E-08 5.15111E-06 8.22880E-10 6.98362E-07 6.24186E-15
 5.81063E-15 9.95544E-14 3.18315E-11 4.08660E-13 5.26287E-15 8.93457E-15 2.28922E-17 7.48523E-18
 2.15154E-24 2.61763E-23 2.91164E-16 1.75933E-13 2.35672E-11 2.62598E-13 6.03110E-10 2.04740E-21
 1.98422E-25 1.58086E-25 5.62247E-19 2.45206E-17 1.99651E-17 3.18240E-25 4.78851E-12 5.35534E-08
 2.75708E-06 1.26336E-08 3.90906E-09 2.08756E-09 1.04759E-09 2.02145E-08 5.40944E-06 6.55909E-10
 8.56618E-07 4.36108E-15 4.40524E-15 9.38930E-14 3.15249E-11 3.01371E-13 4.04013E-15 5.35340E-15
 1.29224E-17 4.33148E-18 7.08190E-25 1.30522E-23 2.83799E-16 1.24131E-13 2.53051E-11 2.18007E-13
 6.01361E-10 9.21162E-22 1.91483E-25 1.72786E-25 6.51047E-19 2.55354E-17 1.88190E-17 3.67808E-25
 4.40157E-12 6.82937E-08 2.49825E-06 1.33343E-08 3.83462E-09 1.81018E-09 9.24384E-10 3.04946E-08
 5.65636E-06 5.27813E-10 1.05337E-06 2.99695E-15 3.29817E-15 8.89811E-14 3.11744E-11 2.14440E-13
 3.05106E-15 3.08956E-15 6.97757E-18 2.42581E-18 2.19678E-25 6.27978E-24 2.77691E-16 8.46506E-14
 2.72520E-11 1.77717E-13 5.99381E-10 3.94914E-22 1.81141E-25 1.87685E-25 7.60271E-19 2.64447E-17
 1.77560E-17 4.21342E-25 4.05564E-12 8.86730E-08 2.25050E-06 1.39152E-08 3.70929E-09 1.53689E-09
 8.20655E-10 4.64055E-08 5.88934E-06 4.28302E-10 1.29708E-06 2.00437E-15 2.41389E-15 8.46711E-14
 3.07746E-11 1.47172E-13 2.27775E-15 1.72270E-15 3.60564E-18 1.32802E-18 6.48901E-26 2.91749E-24
 2.72581E-16 5.61190E-14 2.95210E-11 1.42281E-13 5.97054E-10 1.61254E-22 1.70137E-25 2.04684E-25
 8.91474E-19 2.72520E-17 1.67706E-17 4.77953E-25 3.61127E-12 1.12706E-07 2.01590E-06 1.54600E-08
 3.69867E-09 1.29355E-09 6.96789E-10 7.40645E-08 6.10264E-06 3.50691E-10 1.59451E-06 1.27725E-15
 1.72174E-15 8.08843E-14 3.03233E-11 9.94899E-14 1.80079E-15 9.47118E-16 1.80937E-18 7.44233E-19
 1.90456E-26 1.46617E-24 2.68311E-16 3.84103E-14 3.27312E-11 1.18921E-13 5.93755E-10 6.56532E-23
 1.65186E-25 2.40219E-25 9.83798E-19 2.80162E-17 1.58644E-17 5.26541E-25 3.27858E-12 1.86150E-07
 1.78067E-06 1.83059E-08 3.76687E-09 1.01596E-09 6.80624E-10 1.61019E-07 6.28600E-06 2.89889E-10
 1.95971E-06 7.16643E-16 1.04050E-15 7.75540E-14 2.98375E-11 5.19899E-14 1.48071E-15 4.69658E-16
 7.34009E-19 4.02056E-19 6.13630E-27 5.16150E-25 2.64792E-16 2.16901E-14 3.65224E-11 8.24589E-14
 5.89877E-10 1.97722E-23 1.45223E-25 2.85950E-25 1.08639E-18 2.86931E-17 1.50325E-17 5.93909E-25
 4.40775E-12 1.56301E-06 1.50993E-06 5.24405E-09 1.63257E-09 5.39325E-10 2.49207E-09 4.66089E-07
 6.40413E-06 2.42030E-10 2.41598E-06 3.63176E-16 3.19652E-16 7.46226E-14 2.93131E-11 7.11450E-15
 3.47557E-16 1.73588E-16 1.58721E-19 1.16806E-19 1.05392E-27 2.14379E-26 2.61982E-16 2.71704E-15
 3.59854E-11 1.38227E-14 5.90352E-10 2.45383E-24 4.62891E-26 1.29058E-25 4.02527E-18 2.64646E-17
 1.42667E-17 9.44767E-25 3.42722E-12 9.69683E-06 1.27067E-06 1.33740E-09 4.77419E-10 2.61003E-10
 8.26155E-09 8.34566E-07 6.45403E-06 2.04170E-10 2.88178E-06 1.89970E-16 1.69491E-16 7.20393E-14
 2.87133E-11 9.11487E-16 6.74583E-17 6.60256E-17 3.35770E-20 2.04259E-20 1.90058E-28 2.59033E-27
 2.59483E-16 1.27678E-16 4.58681E-11 7.42587E-15 5.80318E-10 1.90252E-25 9.11505E-27 2.81029E-26
 1.05601E-17 2.05543E-17 1.35846E-17 7.21769E-25 1.90798E-12 2.87161E-05 1.07389E-06 6.35221E-10
 2.00279E-10 1.28368E-10 1.54664E-08 1.17001E-06 6.47638E-06 1.74101E-10 3.33512E-06 1.02392E-16
 1.19102E-16 6.97576E-14 2.80825E-11 3.48772E-16 2.06322E-17 2.62216E-17 7.57541E-21 7.31470E-21
 3.57866E-29 1.04320E-27 2.57192E-16 5.88784E-18 5.98405E-11 6.00210E-15 5.66176E-10 9.64446E-27
 1.65382E-27 8.12003E-27 1.53981E-17 1.62626E-17 1.29805E-17 4.41045E-25 1.03227E-12 6.08279E-05
 9.14855E-07 3.87709E-10 1.01607E-10 6.49711E-11 2.26623E-08 1.45551E-06 6.48618E-06 1.50158E-10
 3.77400E-06 5.71919E-17 9.63126E-17 6.77380E-14 2.74390E-11 2.40219E-16 8.54308E-18 1.09212E-17
 1.83308E-21 4.42327E-21 7.37681E-30 5.53086E-28 2.55081E-16 8.34360E-19 7.49102E-11 5.17751E-15
 5.50924E-10 4.92803E-28 2.98758E-28 2.85718E-27 1.81931E-17 1.39438E-17 1.24453E-17 2.64256E-25
 6.08721E-13 1.08686E-04 7.82345E-07 2.65845E-10 5.69339E-11 3.33498E-11 2.94203E-08 1.70020E-06
 6.48994E-06 1.30314E-10 4.21639E-06 3.26497E-17 8.39419E-17 6.58742E-14 2.67686E-11 1.94187E-16
 4.07309E-18 4.68171E-18 4.63936E-22 3.08580E-21 1.52875E-30 3.06704E-28 2.53052E-16 2.21197E-19
 9.04443E-11 4.53659E-15 5.35186E-10 7.42926E-29 5.38136E-29 1.13478E-27 1.97242E-17 1.28431E-17
 1.19514E-17 1.60496E-25 3.89820E-13 1.76464E-04 6.67562E-07 1.93881E-10 3.37512E-11 1.69829E-11
 3.56949E-08 1.91546E-06 6.49044E-06 1.13116E-10 4.68421E-06 1.86869E-17 7.63512E-17 6.40711E-14
 2.60484E-11 1.62179E-16 2.07556E-18 2.01301E-18 1.18964E-22 2.20962E-21 3.30163E-31 1.71743E-28
 2.51009E-16 7.09088E-20 1.06573E-10 3.99280E-15 5.18821E-10 2.62398E-29 9.46365E-30 4.87849E-28
 2.06084E-17 1.23637E-17 1.14742E-17 9.93964E-26 2.66588E-13 2.67232E-04 5.68051E-07 1.46870E-10
 2.08768E-11 8.55535E-12 4.11750E-08 2.10368E-06 6.48891E-06 9.81362E-11 5.18320E-06 1.06968E-17
 7.14380E-17 6.23143E-14 2.52798E-11 1.35808E-16 1.09923E-18 8.65222E-19 3.08862E-23 1.58139E-21
 6.75086E-32 9.60636E-29 2.48934E-16 2.54734E-20 1.23068E-10 3.51142E-15 5.02049E-10 1.09088E-29
 1.64330E-30 2.25449E-28 2.12216E-17 1.21312E-17 1.10100E-17 6.33057E-26 1.91741E-13 3.83613E-04
 4.82119E-07 1.13890E-10 1.33540E-11 4.26597E-12 4.56281E-08 2.26690E-06 6.48603E-06 8.50989E-11
 5.71686E-06 6.12481E-18 6.81545E-17 6.06010E-14 2.44680E-11 1.13253E-16 5.95475E-19 3.71787E-19
 8.16717E-24 1.12517E-21 1.55962E-32 5.33672E-29 2.46824E-16 9.95104E-21 1.39712E-10 3.07697E-15
 4.85080E-10 4.75713E-30 2.88065E-31 1.11175E-28 2.17827E-17 1.19254E-17 1.05582E-17 4.15622E-26
 1.43442E-13 5.28062E-04 4.08150E-07 8.95642E-11 8.77475E-12 2.10753E-12 4.89296E-08 2.40760E-06
 6.48214E-06 7.37574E-11 6.28900E-06 3.50819E-18 6.59042E-17 5.89285E-14 2.36178E-11 9.39476E-17
 3.26625E-19 1.59732E-19 2.21794E-24 7.95587E-22 3.89359E-33 2.93478E-29 2.44675E-16 4.14269E-21
 1.56345E-10 2.68226E-15 4.68067E-10 2.13670E-30 5.26817E-32 5.79914E-29 2.23982E-17 1.16385E-17
 1.01182E-17 2.80807E-26 1.10747E-13 7.02867E-04 3.44644E-07 7.09953E-11 5.89407E-12 1.03291E-12
 5.10350E-08 2.52833E-06 6.47746E-06 6.38924E-11 6.90360E-06 2.01000E-18 6.43242E-17 5.72947E-14
 2.27334E-11 7.75395E-17 1.80221E-19 6.86149E-20 6.25167E-25 5.59373E-22 8.95838E-34 1.59414E-29
 2.42480E-16 1.81176E-21 1.72839E-10 2.32356E-15 4.51129E-10 9.79946E-31 1.05154E-32 3.17271E-29
 2.31059E-17 1.12313E-17 9.68919E-18 1.94574E-26 8.78385E-14 9.10159E-04 2.90232E-07 5.65062E-11
 4.03253E-12 5.03007E-13 5.19767E-08 2.63153E-06 6.47207E-06 5.53098E-11 7.56476E-06 1.15126E-18
 6.31827E-17 5.56973E-14 2.18177E-11 6.36958E-17 9.97098E-20 2.94487E-20 1.85063E-25 3.91295E-22
 2.55182E-34 8.55380E-30 2.40232E-16 8.23905E-22 1.89081E-10 1.99917E-15 4.34368E-10 4.56370E-31
 2.40217E-33 1.80647E-29 2.39036E-17 1.07043E-17 9.27048E-18 1.37714E-26 7.46266E-14 1.15115E-03
 2.43825E-07 4.57678E-11 2.82162E-12 2.44796E-13 5.37744E-08 2.71926E-06 6.46614E-06 4.78616E-11
 8.27431E-06 6.59112E-19 6.23291E-17 5.41393E-14 2.08756E-11 5.26382E-17 5.73908E-20 1.26148E-20
 5.86750E-26 2.80019E-22 7.99831E-35 4.92364E-30 2.37929E-16 4.08961E-22 2.04923E-10 1.74997E-15
 4.17922E-10 2.36221E-31 6.65538E-34 1.07060E-29 2.47577E-17 1.00883E-17 8.86247E-18 9.98021E-27
 6.75176E-14 1.42654E-03 2.04567E-07 3.74826E-11 2.01138E-12 1.19896E-13 5.62007E-08 2.79339E-06
 6.45993E-06 4.14378E-11 9.03160E-06 3.78075E-19 6.16704E-17 5.26275E-14 1.99182E-11 4.36714E-17
 3.40707E-20 5.40593E-21 2.03145E-26 2.03924E-22 3.05144E-35 2.98947E-30 2.35573E-16 2.18048E-22
 2.20174E-10 1.54800E-15 4.01968E-10 1.33415E-31 2.24237E-34 6.56161E-30 2.56524E-17 9.39520E-18
 8.46656E-18 7.37138E-27 5.98782E-14 1.73902E-03 1.71449E-07 3.00785E-11 1.43911E-12 5.90756E-14
 5.55484E-08 2.85603E-06 6.45347E-06 3.59016E-11 9.84052E-06 2.17486E-19 6.11406E-17 5.11589E-14
 1.89559E-11 3.56878E-17 1.93592E-20 2.32192E-21 7.55851E-27 1.43656E-22 1.23699E-35 1.64041E-30
 2.33152E-16 1.11976E-22 2.34763E-10 1.32196E-15 3.86561E-10 6.88699E-32 8.34195E-35 4.08748E-30
 2.65962E-17 8.61418E-18 8.08166E-18 5.46809E-27 5.64475E-14 2.09036E-03 1.43562E-07 2.43522E-11
 1.04551E-12 2.93727E-14 5.59144E-08 2.90898E-06 6.44683E-06 3.11310E-11 1.07046E-05 1.25425E-19
 6.06869E-17 4.97308E-14 1.79960E-11 2.93487E-17 1.12745E-20 9.98074E-22 3.02325E-27 1.03534E-22
 5.33208E-36 9.48521E-31 2.30649E-16 6.15035E-23 2.48639E-10 1.14236E-15 3.71731E-10 3.89781E-32
 3.41959E-35 2.60851E-30 2.75334E-17 7.79848E-18 7.70654E-18 4.11249E-27 5.14941E-14 2.48321E-03
 1.20154E-07 1.92329E-11 7.59392E-13 1.47209E-14 5.30315E-08 2.95391E-06 6.44005E-06 2.70249E-11
 1.16277E-05 7.26095E-20 6.02727E-17 4.83403E-14 1.70528E-11 2.37577E-17 6.22915E-21 4.30467E-22
 1.25061E-27 7.19224E-23 2.26736E-36 4.88365E-31 2.28048E-16 3.19724E-23 2.61761E-10 9.48933E-16
 3.57499E-10 1.97600E-32 1.43171E-35 1.67729E-30 2.84655E-17 6.94318E-18 7.33995E-18 3.08816E-27
 4.84875E-14 2.91993E-03 1.00503E-07 1.51644E-11 5.56736E-13 7.43817E-15 5.02354E-08 2.99221E-06
 6.43305E-06 2.34847E-11 1.26157E-05 4.21513E-20 5.98673E-17 4.69818E-14 1.61338E-11 1.92620E-17
 3.44664E-21 1.85886E-22 5.32685E-28 5.03747E-23 9.68293E-37 2.52421E-31 2.25322E-16 1.71036E-23
 2.74122E-10 7.86304E-16 3.43840E-10 1.03665E-32 6.20987E-36 1.09406E-30 2.93407E-17 6.09699E-18
 6.97983E-18 2.33364E-27 4.66586E-14 3.40109E-03 8.40919E-08 1.18797E-11 4.11111E-13 3.79662E-15
 4.71081E-08 3.02515E-06 6.42609E-06 2.04433E-11 1.36698E-05 2.45850E-20 5.94480E-17 4.56553E-14
 1.52553E-11 1.56142E-17 1.89912E-21 8.05483E-23 2.31735E-28 3.53624E-23 4.14591E-37 1.28907E-31
 2.22452E-16 9.28109E-24 2.85660E-10 6.45717E-16 3.30789E-10 5.51301E-33 2.77493E-36 7.21919E-31
 3.01365E-17 5.27803E-18 6.62549E-18 1.76996E-27 4.21772E-14 3.93004E-03 7.03794E-08 9.03130E-12
 3.02192E-13 1.95126E-15 4.10676E-08 3.05372E-06 6.41888E-06 1.78242E-11 1.47980E-05 1.44059E-20
 5.89945E-17 4.43527E-14 1.44316E-11 1.24399E-17 9.75830E-22 3.50788E-23 9.91464E-29 2.37015E-23
 1.67610E-37 5.65275E-32 2.19403E-16 4.62273E-24 2.96389E-10 5.05456E-16 3.18291E-10 2.50964E-33
 1.20933E-36 4.75964E-31 3.08508E-17 4.48383E-18 6.27428E-18 1.33186E-27 3.82782E-14 4.50845E-03
 5.88945E-08 6.82072E-12 2.23460E-13 1.00800E-15 3.53093E-08 3.07853E-06 6.41093E-06 1.55603E-11
 1.60083E-05 8.46535E-21 5.84885E-17 4.30659E-14 1.36670E-11 9.92031E-18 4.95062E-22 1.53148E-23
 4.20724E-29 1.59004E-23 6.58667E-38 2.40633E-32 2.16134E-16 2.30776E-24 3.06321E-10 3.91526E-16
 3.06291E-10 1.13604E-33 5.25310E-37 3.16310E-31 3.14405E-17 3.75255E-18 5.92362E-18 1.00369E-27
 3.50184E-14 5.13421E-03 4.93034E-08 5.12408E-12 1.66283E-13 5.23859E-16 2.99707E-08 3.10019E-06
 6.40217E-06 1.36065E-11 1.73013E-05 4.99141E-21 5.79149E-17 4.17929E-14 1.29695E-11 7.92648E-18
 2.50104E-22 6.70681E-24 1.78289E-29 1.06875E-23 2.55512E-38 1.00486E-32 2.12613E-16 1.15703E-24
 3.15399E-10 3.00476E-16 2.94799E-10 5.14071E-34 2.29932E-37 2.11951E-31 3.18841E-17 3.09971E-18
 5.57256E-18 7.57409E-28 3.22598E-14 5.80344E-03 4.13193E-08 3.83020E-12 1.24553E-13 2.74166E-16
 2.51081E-08 3.11921E-06 6.39253E-06 1.19236E-11 1.86752E-05 2.95574E-21 5.72596E-17 4.05317E-14
 1.23464E-11 6.35283E-18 1.26015E-22 2.94988E-24 7.57189E-30 7.20543E-24 9.85559E-39 4.11674E-33
 2.08809E-16 5.82795E-25 3.23565E-10 2.28465E-16 2.83823E-10 2.32762E-34 1.01820E-37 1.43289E-31
 3.21722E-17 2.52850E-18 5.22033E-18 5.72459E-28 2.88345E-14 6.51198E-03 3.46800E-08 2.82520E-12
 9.34617E-14 1.44382E-16 2.02066E-08 3.13573E-06 6.38144E-06 1.04740E-11 2.01293E-05 1.75816E-21
 5.65084E-17 3.92778E-14 1.18033E-11 5.07110E-18 6.16596E-23 1.30488E-24 3.18639E-30 4.76987E-24
 3.70547E-39 1.55966E-33 2.04679E-16 2.82694E-25 3.30776E-10 1.69411E-16 2.73351E-10 9.80255E-35
 4.47667E-38 9.73004E-32 3.23028E-17 2.03381E-18 4.86579E-18 4.31302E-28 2.52010E-14 7.25416E-03
 2.91541E-08 2.06660E-12 7.03733E-14 7.63938E-17 1.57530E-08 3.14941E-06 6.36775E-06 9.22296E-12
 2.16619E-05 1.04942E-21 5.56475E-17 3.80259E-14 1.13362E-11 4.04344E-18 2.95438E-23 5.80067E-25
 1.32692E-30 3.12124E-24 1.35642E-39 5.54781E-34 2.00182E-16 1.33649E-25 3.36988E-10 1.23247E-16
 2.63361E-10 3.91232E-35 1.95034E-38 6.64676E-32 3.22696E-17 1.61524E-18 4.50813E-18 3.24420E-28
 2.29176E-14 8.01832E-03 2.45738E-08 1.52579E-12 5.36819E-14 4.07057E-17 1.24772E-08 3.16012E-06
 6.35099E-06 8.14720E-12 2.32599E-05 6.29014E-22 5.46669E-17 3.67778E-14 1.09357E-11 3.26833E-18
 1.45982E-23 2.59139E-25 5.59412E-31 2.10100E-24 5.02648E-40 2.05948E-34 1.95294E-16 6.64190E-26
 3.42109E-10 9.05518E-17 2.53894E-10 1.68473E-35 8.71614E-39 4.61197E-32 3.20677E-17 1.27218E-18
 4.14856E-18 2.45925E-28 2.07813E-14 8.79201E-03 2.07970E-08 1.12565E-12 4.11882E-14 2.18749E-17
 9.67921E-09 3.16787E-06 6.33079E-06 7.22641E-12 2.49076E-05 3.79119E-22 5.35566E-17 3.55345E-14
 1.05987E-11 2.64660E-18 7.21592E-24 1.16588E-25 2.37884E-31 1.40911E-24 1.86931E-40 7.43097E-35
 1.89991E-16 3.27879E-26 3.46051E-10 6.57618E-17 2.44985E-10 7.10805E-36 3.96282E-39 3.23022E-32
 3.17031E-17 9.93318E-19 3.78861E-18 1.86544E-28 1.90707E-14 9.56197E-03 1.76989E-08 8.35263E-13
 3.18690E-14 1.18726E-17 7.44535E-09 3.17218E-06 6.30614E-06 6.44187E-12 2.65886E-05 2.29991E-22
 5.23092E-17 3.42974E-14 1.03181E-11 2.15554E-18 3.60983E-24 5.28548E-26 1.02434E-31 9.51802E-25
 7.01665E-41 2.66189E-35 1.84259E-16 1.63901E-26 3.48731E-10 4.75551E-17 2.36661E-10 3.03099E-36
 1.84297E-39 2.28990E-32 3.11811E-17 7.69751E-19 3.43044E-18 1.41960E-28 1.79945E-14 1.03130E-02
 1.51825E-08 6.27717E-13 2.49239E-14 6.53089E-18 5.74478E-09 3.17285E-06 6.27653E-06 5.77920E-12
 2.82813E-05 1.40852E-22 5.09207E-17 3.30704E-14 1.00875E-11 1.77186E-18 1.85650E-24 2.41884E-26
 4.50162E-32 6.53741E-25 2.69180E-41 9.72405E-36 1.78096E-16 8.45016E-27 3.50066E-10 3.44783E-17
 2.28965E-10 1.34866E-36 8.85825E-40 1.64706E-32 3.05088E-17 5.93021E-19 3.07731E-18 1.08629E-28
 1.69953E-14 1.10315E-02 1.31646E-08 4.77244E-13 1.96027E-14 3.65896E-18 4.34566E-09 3.16942E-06
 6.24091E-06 5.22519E-12 2.99665E-05 8.75797E-23 4.93884E-17 3.18560E-14 9.90358E-12 1.45841E-18
 9.64923E-25 1.12118E-26 2.00468E-32 4.47161E-25 1.04156E-41 3.45104E-36 1.71505E-16 4.33164E-27
 3.49987E-10 2.47237E-17 2.21923E-10 5.88107E-37 4.35241E-40 1.19651E-32 2.96943E-17 4.54793E-19
 2.73248E-18 8.31561E-29 1.62811E-14 1.17033E-02 1.15805E-08 3.70995E-13 1.55408E-14 2.11844E-18
 3.26067E-09 3.16111E-06 6.19776E-06 4.76914E-12 3.16239E-05 5.60767E-23 4.77155E-17 3.06586E-14
 9.76091E-12 1.20659E-18 5.15030E-25 5.31262E-27 9.07289E-33 3.07787E-25 4.07705E-42 1.21490E-36
 1.64508E-16 2.24701E-27 3.48441E-10 1.76525E-17 2.15565E-10 2.58797E-37 2.19420E-40 8.79727E-33
 2.87471E-17 3.49124E-19 2.40007E-18 6.38222E-29 1.56609E-14 1.23159E-02 1.03805E-08 2.97494E-13
 1.23857E-14 1.31988E-18 2.40300E-09 3.14696E-06 6.14518E-06 4.40228E-12 3.32353E-05 3.82288E-23
 4.59080E-17 2.94826E-14 9.65471E-12 9.99350E-19 2.83011E-25 2.66831E-27 4.21537E-33 2.11025E-25
 1.61869E-42 4.15985E-37 1.57141E-16 1.16005E-27 3.45388E-10 1.24791E-17 2.09914E-10 1.11752E-37
 1.14635E-40 6.53013E-33 2.76769E-17 2.71916E-19 2.08420E-18 4.89717E-29 1.53442E-14 1.28570E-02
 9.53072E-09 2.50436E-13 9.94489E-15 9.72742E-19 1.77192E-09 3.12589E-06 6.08107E-06 4.11822E-12
 3.47818E-05 2.96138E-23 4.39798E-17 2.83344E-14 9.57926E-12 8.31618E-19 1.68130E-25 1.60981E-27
 2.22605E-33 1.45586E-25 7.22099E-43 1.46605E-37 1.49463E-16 6.12821E-28 3.40818E-10 8.85472E-18
 2.04999E-10 4.96211E-38 6.87628E-41 4.90252E-33 2.64954E-17 2.22170E-19 1.78930E-18 3.76422E-29
 2.85150E+02 2.78650E+02 2.72150E+02 2.65660E+02 2.61170E+02 2.55680E+02 2.49190E+02 2.42700E+02
 2.36210E+02 2.25000E+02 2.10000E+02 2.10000E+02 2.10000E+02 2.10000E+02 2.10000E+02 2.10000E+02
 2.14000E+02 2.14000E+02 2.16650E+02 2.16650E+02 2.16650E+02 2.17580E+02 2.18570E+02 2.19570E+02
 2.20560E+02 2.21550E+02 2.22540E+02 2.23540E+02 2.24530E+02 2.25520E+02 2.26510E+02 2.27500E+02
 2.28490E+02 2.30970E+02 2.33740E+02 2.36510E+02 2.39280E+02 2.37000E+02 2.35000E+02 2.33000E+02
 2.30000E+02 2.27000E+02 2.24000E+02 2.22000E+02 2.20000E+02 2.18000E+02 2.16000E+02 2.14000E+02
 2.12000E+02 2.10000E+02 2.09000E+02 2.08000E+02 2.07000E+02 2.06000E+02 2.05000E+02 2.04000E+02
 2.03000E+02 2.02000E+02 2.01000E+02 2.00000E+02 2.00000E+02 2.00000E+02 2.00000E+02 2.00000E+02
 2.00000E+02 2.00000E+02 2.00000E+02 2.00000E+02 2.00000E+02 2.00000E+02 2.00000E+02 2.00000E+02
 2.00000E+02 2.00000E+02 2.00000E+02 2.00000E+02 2.00000E+02 2.00000E+02 2.00000E+02 1.98600E+02
 1.96000E+02 1.94700E+02 1.92000E+02 1.90800E+02 1.89000E+02 1.86900E+02 1.86900E+02 1.86900E+02
 1.86900E+02 1.86900E+02 1.88000E+02 1.90000E+02 1.91000E+02 1.92500E+02 1.94000E+02 1.95000E+02
 1.96500E+02 1.98000E+02 2.00000E+02 2.02000E+02 1.00000E+05 1.00000E+05 1.00000E+05 1.00000E+05
 1.00000E+05 1.00000E+05 1.00000E+05 1.00000E+05 1.00000E+05 8.94400E+04 4.89900E+04 2.25800E+04
 1.16600E+04 6.81200E+03 5.16500E+03 4.29000E+03 3.95000E+03 3.90000E+03 3.99900E+03 4.34300E+03
 4.84400E+03 5.43900E+03 6.18700E+03 7.03600E+03 7.98400E+03 8.98600E+03 1.00300E+04 1.12800E+04
 1.24900E+04 1.36300E+04 1.51300E+04 1.66900E+04 1.81800E+04 1.99800E+04 2.19800E+04 2.44500E+04
 2.74600E+04 3.04600E+04 3.39400E+04 3.79500E+04 4.19500E+04 4.64300E+04 5.19100E+04 5.84000E+04
 6.44500E+04 7.13600E+04 7.99000E+04 8.79100E+04 9.68700E+04 1.06900E+05 1.17800E+05 1.31800E+05
 1.48300E+05 1.65800E+05 1.83300E+05 2.01800E+05 2.25600E+05 2.52200E+05 2.77200E+05 3.07000E+05
 3.42100E+05 3.79500E+05 4.21900E+05 4.71700E+05 5.17400E+05 5.67400E+05 6.22400E+05 6.82600E+05
 7.48700E+05 8.21200E+05 9.00700E+05 9.87900E+05 1.00000E+06 1.00000E+06 1.00000E+06 1.00000E+06
 1.00000E+06 1.00000E+06 1.00000E+06 1.00000E+06 1.00000E+06 1.00000E+06 1.00000E+06 1.00000E+06
 1.00000E+06 1.00000E+06 1.00000E+06 1.00000E+06 1.00000E+06 1.00000E+06 1.00000E+06 1.00000E+06
 1.00000E+06 1.00000E+06 1.00000E+06 1.00000E+06 1.00000E+06 1.00000E+06 1.00000E+06 1.00000E+06
 2.42852E+19 2.20912E+19 2.00513E+19 1.81573E+19 1.62847E+19 1.46317E+19 1.31658E+19 1.18142E+19
 1.05708E+19 9.61323E+18 8.84590E+18 7.55635E+18 6.45512E+18 5.51464E+18 4.71142E+18 4.02539E+18
 3.38015E+18 2.89675E+18 2.45457E+18 2.10771E+18 1.80996E+18 1.54821E+18 1.32491E+18 1.13463E+18
 9.72448E+17 8.34062E+17 7.15892E+17 6.14884E+17 5.28532E+17 4.54631E+17 3.91339E+17 3.37093E+17
 2.90568E+17 2.49136E+17 2.13725E+17 1.83687E+17 1.58157E+17 1.39120E+17 1.22093E+17 1.07036E+17
 9.41113E+16 8.26117E+16 7.23949E+16 6.30672E+16 5.48754E+16 4.76892E+16 4.13924E+16 3.58815E+16
 3.10640E+16 2.68579E+16 2.30878E+16 1.98335E+16 1.70263E+16 1.46063E+16 1.25216E+16 1.07268E+16
 9.18281E+15 7.85540E+15 6.71500E+15 5.73596E+15 4.87355E+15 4.14102E+15 3.51877E+15 2.99017E+15
 2.54111E+15 2.15960E+15 1.83546E+15 1.56005E+15 1.32603E+15 1.12717E+15 9.58185E+14 8.14574E+14
 6.92522E+14 5.88787E+14 5.00616E+14 4.25670E+14 3.61962E+14 3.07805E+14 2.61764E+14 2.24062E+14
 1.92667E+14 1.64333E+14 1.40959E+14 1.19785E+14 1.01988E+14 8.68329E+13 7.30420E+13 6.14447E+13
 5.16915E+13 4.34888E+13 3.63941E+13 3.03580E+13 2.54940E+13 2.13790E+13 1.79536E+13 1.51336E+13
 1.27386E+13 1.07372E+13 9.04153E+12 7.62708E+12 8.28258E-11 1.01209E-10 1.40205E-10 1.89577E-10
 2.44417E-10 3.00460E-10 3.53744E-10 4.01354E-10 4.41189E-10 4.73532E-10 5.04728E-10 5.41784E-10
 5.68555E-10 5.72879E-10 5.52657E-10 5.16279E-10 4.70698E-10 4.22235E-10 3.75144E-10 3.32420E-10
 2.95793E-10 2.64834E-10 2.38808E-10 2.17014E-10 1.98684E-10 1.82378E-10 1.66896E-10 1.52226E-10
 1.38327E-10 1.25028E-10 1.12395E-10 1.00531E-10 8.93536E-11 7.88662E-11 6.91388E-11 6.02404E-11
 5.22416E-11 4.51156E-11 3.87896E-11 3.32118E-11 2.82940E-11 2.39562E-11 2.01673E-11 1.68931E-11
 1.40551E-11 1.15911E-11 9.48214E-12 7.68443E-12 6.15364E-12 4.86594E-12 3.76967E-12 2.88664E-12
 2.18673E-12 1.63462E-12 1.20057E-12 8.64051E-13 6.11636E-13 4.25356E-13 2.88373E-13 1.90782E-13
 1.23218E-13 7.74187E-14 4.72894E-14 2.81170E-14 1.60778E-14 8.81548E-15 4.62184E-15 2.30895E-15
 1.09508E-15 4.91156E-16 2.07420E-16 8.21088E-17 2.78990E-17 7.81348E-18 1.74241E-18 2.97043E-19
 3.68989E-20 3.15625E-21 1.73578E-22 5.71727E-24 1.03378E-25 9.04513E-28 3.37120E-30 4.46557E-33
 1.73074E-36 1.54337E-40 2.30480E-45 4.07887E-51 5.62279E-58 3.73833E-66 7.29166E-76 2.25636E-87
 1.00000-100 1.00000-100 1.00000-100 1.00000-100 1.00000-100 1.00000-100 1.00000-100 1.00000-100
 2.83463E+01 2.48007E+01 2.54454E+01 2.64159E+01 2.80189E+01 2.89412E+01 2.88890E+01 2.81973E+01
 2.67237E+01 2.52159E+01 2.41525E+01 2.05948E+01 1.81646E+01 1.54072E+01 1.25566E+01 9.92481E+00
 7.64980E+00 6.58940E+00 5.66042E+00 5.31270E+00 5.14930E+00 5.03161E+00 5.06854E+00 5.23203E+00
 5.54715E+00 4.34535E+00 3.37518E+00 2.61500E+00 2.02313E+00 1.55823E+00 1.19602E+00 9.13943E-01
 6.95102E-01 5.19296E-01 3.85083E-01 2.84564E-01 2.09803E-01 1.60076E-01 1.21176E-01 9.12617E-02
 6.88008E-02 5.15045E-02 3.82751E-02 2.80297E-02 2.03604E-02 1.46442E-02 1.04332E-02 7.35434E-03
 5.11584E-03 3.50874E-03 2.33570E-03 1.53571E-03 9.98127E-04 6.39661E-04 4.02458E-04 2.47973E-04
 1.50153E-04 8.92521E-05 5.16749E-05 2.91711E-05 1.59291E-05 8.46142E-06 4.36939E-06 2.19619E-06
 1.06159E-06 4.92185E-07 2.18350E-07 9.22875E-08 3.70105E-08 1.40351E-08 5.00934E-09 1.67596E-09
 4.81273E-10 1.13919E-10 2.14717E-11 3.09397E-12 3.24869E-13 2.34900E-14 1.09027E-15 3.07388E-17
 4.81075E-19 3.58805E-21 1.15405E-23 1.29807E-26 4.29190E-30 3.26956E-34 4.08382E-39 6.04085E-45
 6.94935E-52 3.86163E-60 6.30337E-70 1.62703E-81 6.05563E-95 5.07819E-95 4.26455E-95 3.59472E-95
 3.02582E-95 2.55042E-95 2.14765E-95 1.81167E-95 0.00000E+00 0.00000E+00 0.00000E+00 0.00000E+00
 0.00000E+00 0.00000E+00 0.00000E+00 0.00000E+00 0.00000E+00 0.00000E+00 0.00000E+00 0.00000E+00
 0.00000E+00 0.00000E+00 0.00000E+00 0.00000E+00 0.00000E+00 0.00000E+00 0.00000E+00 0.00000E+00
 0.00000E+00 0.00000E+00 0.00000E+00 0.00000E+00 0.00000E+00 0.00000E+00 0.00000E+00 0.00000E+00
 0.00000E+00 0.00000E+00 0.00000E+00 0.00000E+00 0.00000E+00 0.00000E+00 0.00000E+00 0.00000E+00
 0.00000E+00 0.00000E+00 0.00000E+00 0.00000E+00 0.00000E+00 0.00000E+00 0.00000E+00 0.00000E+00
 0.00000E+00 0.00000E+00 0.00000E+00 0.00000E+00 0.00000E+00 0.00000E+00 0.00000E+00 0.00000E+00
 0.00000E+00 0.00000E+00 0.00000E+00 0.00000E+00 0.00000E+00 0.00000E+00 0.00000E+00 0.00000E+00
 0.00000E+00 0.00000E+00 0.00000E+00 0.00000E+00 0.00000E+00 0.00000E+00 0.00000E+00 0.00000E+00
 0.00000E+00 0.00000E+00 0.00000E+00 0.00000E+00 0.00000E+00 0.00000E+00 0.00000E+00 0.00000E+00
 0.00000E+00 0.00000E+00 0.00000E+00 0.00000E+00 0.00000E+00 0.00000E+00 0.00000E+00 0.00000E+00
 0.00000E+00 0.00000E+00 0.00000E+00 0.00000E+00 0.00000E+00 0.00000E+00 0.00000E+00 0.00000E+00
 0.00000E+00 0.00000E+00 0.00000E+00 0.00000E+00 0.00000E+00 0.00000E+00 0.00000E+00 0.00000E+00
 0.00000E+00 0.00000E+00 0.00000E+00 0.00000E+00 0.00000E+00 0.00000E+00 0.00000E+00 0.00000E+00
 0.00000E+00 0.00000E+00 0.00000E+00 0.00000E+00 0.00000E+00 0.00000E+00 0.00000E+00 0.00000E+00
 0.00000E+00 0.00000E+00 0.00000E+00 0.00000E+00 0.00000E+00 0.00000E+00 0.00000E+00 0.00000E+00
 0.00000E+00 0.00000E+00 0.00000E+00 0.00000E+00 0.00000E+00 0.00000E+00 0.00000E+00 0.00000E+00
 0.00000E+00 0.00000E+00 0.00000E+00 0.00000E+00 0.00000E+00 0.00000E+00 0.00000E+00 0.00000E+00
 0.00000E+00 0.00000E+00 0.00000E+00 0.00000E+00 0.00000E+00 0.00000E+00 0.00000E+00 0.00000E+00
 0.00000E+00 0.00000E+00 0.00000E+00 0.00000E+00 0.00000E+00 0.00000E+00 0.00000E+00 0.00000E+00
 0.00000E+00 0.00000E+00 0.00000E+00 0.00000E+00 0.00000E+00 0.00000E+00 0.00000E+00 0.00000E+00
 0.00000E+00 0.00000E+00 0.00000E+00 0.00000E+00 0.00000E+00 0.00000E+00 0.00000E+00 0.00000E+00
 0.00000E+00 0.00000E+00 0.00000E+00 0.00000E+00 0.00000E+00 0.00000E+00 0.00000E+00 0.00000E+00
 0.00000E+00 0.00000E+00 0.00000E+00 0.00000E+00 0.00000E+00 0.00000E+00 0.00000E+00 0.00000E+00
 0.00000E+00 0.00000E+00 0.00000E+00 0.00000E+00 0.00000E+00 0.00000E+00 0.00000E+00 0.00000E+00
 0.00000E+00 0.00000E+00 0.00000E+00 0.00000E+00 7.43502E-04 8.12233E-04 8.91669E-04 9.80900E-04
 1.06389E-03 1.15705E-03 1.26575E-03 1.38720E-03 1.52865E-03 1.70806E-03 1.93584E-03 2.19664E-03
 2.46534E-03 2.78324E-03 3.15645E-03 3.59604E-03 4.06731E-03 4.45421E-03 4.85944E-03 5.17861E-03
 5.48608E-03 5.81803E-03 6.13490E-03 6.44394E-03 6.73339E-03 7.81080E-03 9.07754E-03 1.05463E-02
 1.22412E-02 1.42020E-02 1.64619E-02 1.90733E-02 2.20804E-02 2.56062E-02 2.96705E-02 3.43189E-02
 3.96289E-02 4.53390E-02 5.19703E-02 5.96422E-02 6.84449E-02 7.86772E-02 9.06187E-02 1.04736E-01
 1.21226E-01 1.40497E-01 1.63075E-01 1.89552E-01 2.20652E-01 2.57256E-01 3.00709E-01 3.51768E-01
 4.11809E-01 4.82470E-01 5.65696E-01 6.63756E-01 7.79436E-01 9.16015E-01 1.07740E+00 1.26828E+00
 1.49559E+00 1.76364E+00 2.07972E+00 2.45243E+00 2.89192E+00 3.40969E+00 4.01894E+00 4.73724E+00
 5.58503E+00 6.58458E+00 7.76419E+00 9.15486E+00 1.07945E+01 1.27274E+01 1.50058E+01 1.76915E+01
 2.08570E+01 2.45880E+01 2.90051E+01 3.41314E+01 4.01286E+01 4.73875E+01 5.59213E+01 6.62663E+01
 7.85561E+01 9.32492E+01 1.11119E+02 1.32447E+02 1.57971E+02 1.88289E+02 2.23578E+02 2.65014E+02
 3.13819E+02 3.71136E+02 4.38348E+02 5.17236E+02 6.09593E+02 7.17541E+02 8.43332E+02 9.89609E+02
 0.00000E+00 0.00000E+00 0.00000E+00 0.00000E+00 0.00000E+00 0.00000E+00 0.00000E+00 0.00000E+00
 0.00000E+00 0.00000E+00 0.00000E+00 0.00000E+00 0.00000E+00 0.00000E+00 0.00000E+00 0.00000E+00
 0.00000E+00 0.00000E+00 0.00000E+00 0.00000E+00 0.00000E+00 0.00000E+00 0.00000E+00 0.00000E+00
 0.00000E+00 0.00000E+00 0.00000E+00 0.00000E+00 0.00000E+00 0.00000E+00 0.00000E+00 0.00000E+00
 0.00000E+00 0.00000E+00 0.00000E+00 0.00000E+00 0.00000E+00 0.00000E+00 0.00000E+00 0.00000E+00
 0.00000E+00 0.00000E+00 0.00000E+00 0.00000E+00 0.00000E+00 0.00000E+00 0.00000E+00 0.00000E+00
 0.00000E+00 0.00000E+00 0.00000E+00 0.00000E+00 0.00000E+00 0.00000E+00 0.00000E+00 0.00000E+00
 0.00000E+00 0.00000E+00 0.00000E+00 0.00000E+00 0.00000E+00 0.00000E+00 0.00000E+00 0.00000E+00
 0.00000E+00 0.00000E+00 0.00000E+00 0.00000E+00 0.00000E+00 0.00000E+00 0.00000E+00 0.00000E+00
 0.00000E+00 0.00000E+00 0.00000E+00 0.00000E+00 0.00000E+00 0.00000E+00 0.00000E+00 0.00000E+00
 0.00000E+00 0.00000E+00 0.00000E+00 0.00000E+00 0.00000E+00 0.00000E+00 0.00000E+00 0.00000E+00
 0.00000E+00 0.00000E+00 0.00000E+00 0.00000E+00 0.00000E+00 0.00000E+00 0.00000E+00 0.00000E+00
 0.00000E+00 0.00000E+00 0.00000E+00 0.00000E+00 0.00000E+00 0.00000E+00 0.00000E+00 0.00000E+00
 0.00000E+00 0.00000E+00 0.00000E+00 0.00000E+00 0.00000E+00 0.00000E+00 0.00000E+00 0.00000E+00
 0.00000E+00 0.00000E+00 0.00000E+00 0.00000E+00 0.00000E+00 0.00000E+00 0.00000E+00 0.00000E+00
 0.00000E+00 0.00000E+00 0.00000E+00 0.00000E+00 0.00000E+00 0.00000E+00 0.00000E+00 0.00000E+00
 0.00000E+00 0.00000E+00 0.00000E+00 0.00000E+00 0.00000E+00 0.00000E+00 0.00000E+00 0.00000E+00
 0.00000E+00 0.00000E+00 0.00000E+00 0.00000E+00 0.00000E+00 0.00000E+00 0.00000E+00 0.00000E+00
 0.00000E+00 0.00000E+00 0.00000E+00 0.00000E+00 0.00000E+00 0.00000E+00 0.00000E+00 0.00000E+00
 0.00000E+00 0.00000E+00 0.00000E+00 0.00000E+00 0.00000E+00 0.00000E+00 0.00000E+00 0.00000E+00
 0.00000E+00 0.00000E+00 0.00000E+00 0.00000E+00 0.00000E+00 0.00000E+00 0.00000E+00 0.00000E+00
 0.00000E+00 0.00000E+00 0.00000E+00 0.00000E+00 0.00000E+00 0.00000E+00 0.00000E+00 0.00000E+00
 0.00000E+00 0.00000E+00 0.00000E+00 0.00000E+00 0.00000E+00 0.00000E+00 0.00000E+00 0.00000E+00
 0.00000E+00 0.00000E+00 0.00000E+00 0.00000E+00 0.00000E+00 0.00000E+00 0.00000E+00 0.00000E+00
 0.00000E+00 0.00000E+00 0.00000E+00 0.00000E+00 0.00000E+00 0.00000E+00 0.00000E+00 0.00000E+00
 1.91786E-05 1.91786E-05 1.91786E-05 1.91786E-05 1.91786E-05 1.91786E-05 1.91786E-05 1.91786E-05
 1.91786E-05 1.91786E-05 1.91786E-05 1.91786E-05 1.91786E-05 1.91786E-05 1.91786E-05 1.91786E-05
 1.87846E-05 1.80455E-05 1.70962E-05 1.59128E-05 1.46723E-05 1.34680E-05 1.22668E-05 1.11179E-05
 1.00200E-05 1.00000E-05 1.00000E-05 1.00000E-05 1.00000E-05 1.00000E-05 1.00000E-05 1.00000E-05
 1.00000E-05 1.00000E-05 1.00000E-05 1.00000E-05 1.00000E-05 1.00000E-05 1.00000E-05 1.00000E-05
 1.00000E-05 1.00000E-05 1.00000E-05 1.00000E-05 1.00000E-05 1.00000E-05 1.00000E-05 1.00000E-05
 1.00000E-05 1.00000E-05 1.00000E-05 1.00000E-05 1.00000E-05 1.00000E-05 1.00000E-05 1.00000E-05
 1.00000E-05 1.00000E-05 1.00000E-05 1.00000E-05 1.00000E-05 1.00000E-05 1.00000E-05 1.00000E-05
 1.00000E-05 1.00000E-05 1.00000E-05 1.00000E-05 1.00000E-05 1.00000E-05 1.00000E-05 1.00000E-05
 1.00000E-05 1.00000E-05 1.00000E-05 1.00000E-05 1.00000E-05 1.00000E-05 1.00000E-05 1.00000E-05
 1.00000E-05 1.00000E-05 1.00000E-05 1.00000E-05 1.00000E-05 1.00000E-05 1.00000E-05 1.00000E-05
 1.00000E-05 1.00000E-05 1.00000E-05 1.00000E-05 1.00000E-05 1.00000E-05 1.00000E-05 1.00000E-05
 1.00000E-05 1.00000E-05 1.00000E-05 1.00000E-05 0.00000E+00 0.00000E+00 0.00000E+00 0.00000E+00
 0.00000E+00 0.00000E+00 0.00000E+00 0.00000E+00 0.00000E+00 0.00000E+00 0.00000E+00 0.00000E+00
 0.00000E+00 0.00000E+00 0.00000E+00 0.00000E+00 0.00000E+00 0.00000E+00 0.00000E+00 0.00000E+00
 0.00000E+00 0.00000E+00 0.00000E+00 0.00000E+00 0.00000E+00 0.00000E+00 0.00000E+00 0.00000E+00
 0.00000E+00 0.00000E+00 0.00000E+00 0.00000E+00 0.00000E+00 0.00000E+00 0.00000E+00 0.00000E+00
 0.00000E+00 0.00000E+00 0.00000E+00 0.00000E+00 0.00000E+00 0.00000E+00 0.00000E+00 0.00000E+00
 0.00000E+00 0.00000E+00 0.00000E+00 0.00000E+00 0.00000E+00 0.00000E+00 0.00000E+00 0.00000E+00
 0.00000E+00 0.00000E+00 0.00000E+00 0.00000E+00 0.00000E+00 0.00000E+00 0.00000E+00 0.00000E+00
 0.00000E+00 0.00000E+00 0.00000E+00 0.00000E+00 0.00000E+00 0.00000E+00 0.00000E+00 0.00000E+00
 0.00000E+00 0.00000E+00 0.00000E+00 0.00000E+00 0.00000E+00 0.00000E+00 0.00000E+00 0.00000E+00
 0.00000E+00 0.00000E+00 0.00000E+00 0.00000E+00 0.00000E+00 0.00000E+00 0.00000E+00 0.00000E+00
 0.00000E+00 0.00000E+00 0.00000E+00 0.00000E+00 0.00000E+00 0.00000E+00 0.00000E+00 0.00000E+00
 0.00000E+00 0.00000E+00 0.00000E+00 0.00000E+00 0.00000E+00 0.00000E+00 0.00000E+00 0.00000E+00
 0.00000E+00 0.00000E+00 0.00000E+00 0.00000E+00 0.00000E+00 0.00000E+00 0.00000E+00 0.00000E+00
 0.00000E+00 0.00000E+00 0.00000E+00 0.00000E+00 0.00000E+00 0.00000E+00 0.00000E+00 0.00000E+00
 0.00000E+00 0.00000E+00 0.00000E+00 0.00000E+00 0.00000E+00 0.00000E+00 0.00000E+00 0.00000E+00
 0.00000E+00 0.00000E+00 0.00000E+00 0.00000E+00 0.00000E+00 0.00000E+00 0.00000E+00 0.00000E+00
 0.00000E+00 0.00000E+00 0.00000E+00 0.00000E+00 0.00000E+00 0.00000E+00 0.00000E+00 0.00000E+00
 0.00000E+00 0.00000E+00 0.00000E+00 0.00000E+00 0.00000E+00 0.00000E+00 0.00000E+00 0.00000E+00
 0.00000E+00 0.00000E+00 0.00000E+00 0.00000E+00 0.00000E+00 0.00000E+00 0.00000E+00 0.00000E+00
 0.00000E+00 0.00000E+00 0.00000E+00 0.00000E+00 0.00000E+00 0.00000E+00 0.00000E+00 0.00000E+00
 0.00000E+00 0.00000E+00 0.00000E+00 0.00000E+00 0.00000E+00 0.00000E+00 0.00000E+00 0.00000E+00
 0.00000E+00 0.00000E+00 0.00000E+00 0.00000E+00 0.00000E+00 0.00000E+00 0.00000E+00 0.00000E+00
 0.00000E+00 0.00000E+00 0.00000E+00 0.00000E+00 0.00000E+00 0.00000E+00 0.00000E+00 0.00000E+00
 0.00000E+00 0.00000E+00 0.00000E+00 0.00000E+00 0.00000E+00 0.00000E+00 0.00000E+00 0.00000E+00
 0.00000E+00 0.00000E+00 0.00000E+00 0.00000E+00
