 8.28046E-11 2.24269E-15 1.12652E-02 1.00708E-13 1.48786E-11 1.23997E-09 1.60337E-09 2.46211E-18
 1.51431E-07 6.91437E-07 5.94017E-08 7.09954E-10 6.00598E-12 2.44960E-09 1.16806E-12 1.26361E-12
 1.31364E-14 1.08041E-11 3.81962E-14 3.18914E-16 2.97884E-19 5.65966E-23 2.41941E-10 1.32113E-13
 2.04690E-17 1.02405E-14 8.64080E-12 2.89317E-14 1.08455E-12 8.72533E-17 3.86098E-17 1.77246E-11
 2.32252E-12 8.82982E-14 9.24655E-11 4.52484E-15 7.24385E-03 1.55687E-13 1.63031E-11 1.29017E-09
 2.71711E-09 3.19195E-18 1.51756E-07 6.83617E-07 4.74132E-08 7.89602E-10 7.64729E-12 2.40210E-09
 1.26304E-12 1.43851E-12 1.96382E-14 1.65659E-11 1.05253E-13 6.63433E-16 1.10159E-18 3.18731E-22
 2.26581E-10 2.36132E-13 4.19383E-17 1.80336E-14 1.34321E-11 5.24205E-14 9.26125E-13 7.40841E-17
 1.03715E-16 2.63664E-11 4.88486E-12 8.51651E-14 1.00243E-10 9.94563E-15 4.50302E-03 2.39356E-13
 1.76310E-11 1.27550E-09 5.04750E-09 4.08502E-18 1.52056E-07 6.76091E-07 3.72462E-08 8.44571E-10
 9.66528E-12 2.35121E-09 1.34018E-12 1.64775E-12 2.85607E-14 2.38528E-11 2.98317E-13 1.40224E-15
 4.30733E-18 3.36449E-21 2.11900E-10 5.47706E-13 8.68820E-17 4.28146E-14 1.96055E-11 1.16329E-13
 7.48857E-13 5.25513E-17 2.04652E-16 2.98094E-11 7.91029E-12 7.07947E-14 1.02229E-10 2.12231E-14
 2.58794E-03 3.35950E-13 1.82135E-11 1.17244E-09 9.15196E-09 4.80393E-18 1.52326E-07 6.69067E-07
 2.90290E-08 8.26132E-10 1.11098E-11 2.29703E-09 1.46865E-12 1.90219E-12 3.90413E-14 3.09503E-11
 8.29192E-13 2.63140E-15 1.62801E-17 4.23944E-20 1.98320E-10 1.31670E-12 1.60539E-16 1.09307E-13
 2.56437E-11 2.70538E-13 6.28690E-13 3.58527E-17 3.52133E-16 3.02648E-11 1.07605E-11 5.91622E-14
 1.01858E-10 4.36573E-14 1.73334E-03 4.90475E-13 1.96107E-11 1.05514E-09 1.54780E-08 6.10713E-18
 1.52557E-07 6.62649E-07 2.25492E-08 7.77138E-10 1.29062E-11 2.23952E-09 1.54240E-12 2.17077E-12
 5.18261E-14 3.71688E-11 1.73738E-12 4.67443E-15 4.91921E-17 3.85436E-19 1.86048E-10 3.03708E-12
 2.77426E-16 2.64801E-13 3.04851E-11 5.74919E-13 5.37622E-13 2.70828E-17 5.38192E-16 2.92097E-11
 1.35842E-11 4.93508E-14 9.50347E-11 8.44639E-14 1.04214E-03 6.47357E-13 2.02756E-11 9.32236E-10
 2.50558E-08 7.20605E-18 1.52773E-07 6.57090E-07 1.76800E-08 6.80772E-10 1.32505E-11 2.17885E-09
 1.63891E-12 2.42290E-12 6.34744E-14 4.10908E-11 3.65406E-12 7.28268E-15 1.41878E-16 2.95189E-18
 1.75549E-10 5.89798E-12 4.09639E-16 5.46446E-13 3.32572E-11 1.06171E-12 4.96330E-13 2.11159E-17
 8.38211E-16 2.85190E-11 1.59752E-11 4.38611E-14 8.23425E-11 1.52895E-13 5.55008E-04 7.66205E-13
 1.98478E-11 8.05210E-10 3.85871E-08 7.82019E-18 1.52988E-07 6.52523E-07 1.41603E-08 5.55424E-10
 1.20799E-11 2.11575E-09 1.76198E-12 2.62683E-12 7.11864E-14 4.20282E-11 6.48842E-12 9.99765E-15
 3.93150E-16 1.94853E-17 1.67077E-10 9.53331E-12 5.25482E-16 9.63552E-13 3.39715E-11 1.70050E-12
 5.00059E-13 1.72780E-17 1.38343E-15 2.91536E-11 1.78101E-11 4.18463E-14 6.83813E-11 2.62420E-13
 2.85590E-04 8.63208E-13 1.89595E-11 6.80971E-10 5.61584E-08 8.27881E-18 1.53194E-07 6.48871E-07
 1.16754E-08 4.29672E-10 1.03011E-11 2.05120E-09 2.01261E-12 2.95313E-12 8.04263E-14 4.12605E-11
 8.67906E-12 1.29506E-14 1.08560E-15 1.01686E-16 1.60519E-10 1.32174E-11 6.20744E-16 1.48130E-12
 3.33681E-11 2.47923E-12 5.28784E-13 1.51505E-17 2.33792E-15 3.09242E-11 1.91226E-11 4.10776E-14
 5.44792E-11 4.29191E-13 1.41570E-04 9.44380E-13 1.77904E-11 5.53906E-10 7.74894E-08 8.76964E-18
 1.53387E-07 6.45990E-07 9.99692E-09 3.11636E-10 8.23313E-12 1.98641E-09 2.50391E-12 3.51332E-12
 9.56797E-14 3.96318E-11 9.71320E-12 1.64806E-14 3.17851E-15 4.30389E-16 1.55651E-10 1.59603E-11
 6.96295E-16 2.01352E-12 3.25474E-11 3.43759E-12 5.73371E-13 1.41618E-17 3.93242E-15 3.30228E-11
 1.92666E-11 4.05055E-14 3.78380E-11 6.18825E-13 3.84851E-05 7.92981E-13 1.27805E-11 3.76917E-10
 1.02966E-07 6.32750E-18 1.53571E-07 6.43618E-07 8.95907E-09 1.83598E-10 4.91005E-12 1.92010E-09
 3.83346E-12 4.47347E-12 1.13972E-13 3.58908E-11 9.82540E-12 2.15917E-14 1.28712E-14 3.51874E-15
 1.52072E-10 1.56520E-11 7.69961E-16 2.62692E-12 3.31514E-11 5.20023E-12 6.36258E-13 1.21226E-17
 7.18724E-15 3.33849E-11 1.60643E-11 3.90552E-14 2.21419E-11 8.34633E-13 5.43164E-06 5.84608E-13
 7.06847E-12 1.98524E-10 1.37762E-07 3.38982E-18 1.53763E-07 6.40679E-07 8.20363E-09 7.88378E-11
 2.12837E-12 1.83363E-09 6.32944E-12 5.65950E-12 1.35040E-13 3.01769E-11 8.06134E-12 3.11131E-14
 3.72163E-14 3.05864E-14 1.48252E-10 1.30250E-11 9.48670E-16 3.43735E-12 3.50842E-11 8.30700E-12
 8.17475E-14 1.20675E-18 6.51633E-15 1.55618E-11 8.22722E-12 4.52959E-15 1.72195E-11 1.66394E-12
 3.64188E-06 6.90587E-13 7.08560E-12 1.26299E-10 1.92644E-07 4.34721E-18 1.54015E-07 6.34732E-07
 7.43853E-09 4.93945E-11 1.94696E-12 1.68247E-09 6.85522E-12 6.78299E-12 1.34722E-13 2.77361E-11
 7.05330E-12 4.03095E-14 4.91193E-14 4.72777E-14 1.41409E-10 1.54127E-11 1.11772E-15 4.87862E-12
 3.63781E-11 9.99277E-12 5.40451E-15 7.46933E-20 2.57003E-15 5.23462E-12 2.92146E-12 2.24675E-16
 1.76819E-11 3.37474E-12 3.46952E-06 9.80109E-13 8.58959E-12 1.21095E-10 2.69801E-07 7.19373E-18
 1.54375E-07 6.21817E-07 6.81956E-09 5.10945E-11 2.43130E-12 1.42098E-09 6.27244E-12 7.22874E-12
 1.35838E-13 2.72896E-11 6.02543E-12 5.16099E-14 5.19075E-14 8.69450E-14 1.28506E-10 2.42306E-11
 1.51534E-15 7.60194E-12 3.63960E-11 1.12556E-11 1.50480E-16 2.11779E-21 5.48763E-16 9.76644E-13
 6.43679E-13 4.65140E-18 1.89616E-11 6.41368E-12 3.09671E-06 1.40574E-12 1.02489E-11 1.22803E-10
 3.45144E-07 1.28338E-17 1.54751E-07 5.97262E-07 6.72899E-09 5.35820E-11 2.98101E-12 1.05639E-09
 6.01708E-12 7.53492E-12 1.44554E-13 2.67278E-11 4.87680E-12 6.32124E-14 4.96555E-14 1.53804E-13
 1.08124E-10 3.69258E-11 2.42176E-15 1.16963E-11 3.92478E-11 1.18598E-11 1.90268E-18 3.01947E-23
 6.60755E-17 9.80978E-14 8.11668E-14 4.60648E-20 1.94635E-11 1.11489E-11 2.43107E-06 1.93339E-12
 1.12758E-11 1.07790E-10 3.89655E-07 2.30541E-17 1.54880E-07 5.59432E-07 7.17843E-09 4.84161E-11
 3.32983E-12 6.79841E-10 6.40626E-12 7.86706E-12 1.63070E-13 2.52186E-11 3.68250E-12 7.25988E-14
 4.33964E-14 2.38513E-13 8.34120E-11 4.87617E-11 4.30266E-15 1.69853E-11 4.70766E-11 1.14420E-11
 1.32571E-20 2.66721E-25 5.42429E-18 6.19637E-15 6.35746E-15 2.69735E-22 1.38866E-11 1.54966E-11
 1.45695E-06 2.47634E-12 9.76854E-12 7.45685E-11 4.15039E-07 3.23287E-17 1.54543E-07 5.12364E-07
 7.51142E-09 2.80314E-11 2.44044E-12 3.90838E-10 7.06230E-12 7.32957E-12 2.07459E-13 2.23225E-11
 2.20709E-12 8.65794E-14 3.66923E-14 5.07229E-13 6.04446E-11 6.05549E-11 7.81504E-15 2.38272E-11
 5.06320E-11 1.16719E-11 6.00214E-23 1.70609E-27 4.07950E-19 2.63656E-16 3.57402E-16 1.18317E-24
 1.40243E-11 2.38262E-11 1.56749E-06 4.06501E-12 1.13183E-11 6.53029E-11 3.52211E-07 7.14341E-17
 1.53699E-07 4.57379E-07 7.29095E-09 2.24061E-11 2.67800E-12 2.10690E-10 7.69970E-12 6.73430E-12
 2.81038E-13 2.15888E-11 1.36149E-12 7.73781E-14 2.06013E-14 5.33008E-13 4.01502E-11 7.10962E-11
 1.60441E-14 2.98057E-11 5.81841E-11 7.82612E-12 1.88384E-25 1.43611E-29 1.86626E-20 7.85409E-18
 1.61719E-17 5.55108E-27 1.35638E-11 3.41817E-11 1.68616E-06 6.52748E-12 1.25194E-11 5.38197E-11
 2.61367E-07 1.55018E-16 1.52621E-07 3.98405E-07 6.85341E-09 1.63750E-11 2.76695E-12 1.11951E-10
 8.23809E-12 5.78979E-12 3.63873E-13 1.96053E-11 7.57934E-13 6.19729E-14 9.76580E-15 4.76726E-13
 2.45248E-11 7.42519E-11 3.39826E-14 3.48290E-11 6.89584E-11 4.58303E-12 4.48263E-28 2.81725E-31
 6.65235E-22 1.78014E-19 6.04522E-19 5.99975E-29 1.25712E-11 4.64148E-11 1.80302E-06 9.84471E-12
 1.36775E-11 4.58797E-11 1.86189E-07 3.21288E-16 1.51860E-07 3.40143E-07 6.50842E-09 1.17537E-11
 2.69905E-12 6.16256E-11 8.46344E-12 4.76274E-12 4.23096E-13 1.65373E-11 4.16618E-13 4.57849E-14
 4.19458E-15 3.71629E-13 1.39985E-11 7.19471E-11 6.79560E-14 3.81667E-11 8.07209E-11 2.47938E-12
 9.34798E-31 9.54253E-33 1.93922E-23 3.51335E-21 2.28221E-20 1.17030E-30 1.13180E-11 6.06008E-11
 1.90938E-06 1.39125E-11 1.51596E-11 4.24346E-11 1.36236E-07 6.32267E-16 1.52065E-07 2.86612E-07
 6.34989E-09 8.70933E-12 2.52782E-12 3.62118E-11 8.38430E-12 3.82505E-12 4.42727E-13 1.31704E-11
 2.38835E-13 3.22406E-14 1.73296E-15 2.66670E-13 7.64792E-12 6.78839E-11 1.23051E-13 3.99139E-11
 9.07091E-11 1.30126E-12 4.18006E-33 6.16989E-34 8.96515E-25 1.21119E-22 5.47028E-21 4.69845E-32
 1.00385E-11 7.70428E-11 1.99978E-06 1.87681E-11 1.71330E-11 4.20606E-11 1.03750E-07 1.19463E-15
 1.53756E-07 2.40291E-07 6.34138E-09 6.71411E-12 2.31275E-12 2.28289E-11 8.11545E-12 3.03606E-12
 4.30475E-13 1.01378E-11 1.43554E-13 2.22051E-14 7.12546E-16 1.83782E-13 4.10643E-12 6.38638E-11
 2.04277E-13 4.05287E-11 9.83509E-11 6.79382E-13 2.08404E-33 5.98871E-34 5.90239E-25 6.45403E-23
 5.52605E-21 3.02719E-32 8.83852E-12 9.58499E-11 2.07356E-06 2.45640E-11 1.96948E-11 4.37340E-11
 8.14030E-08 2.18860E-15 1.57291E-07 2.01343E-07 6.43857E-09 5.34803E-12 2.08761E-12 1.51694E-11
 7.74745E-12 2.39720E-12 3.99147E-13 7.66178E-12 8.96439E-14 1.51760E-14 2.95683E-16 1.23847E-13
 2.19781E-12 6.02966E-11 3.17914E-13 4.03260E-11 1.04348E-10 3.55478E-13 3.36822E-33 1.08138E-33
 7.05372E-25 6.61597E-23 5.52314E-21 3.79659E-32 7.75947E-12 1.17151E-10 2.13165E-06 3.15269E-11
 2.29472E-11 4.69838E-11 6.51270E-08 3.91778E-15 1.62915E-07 1.69176E-07 6.61608E-09 4.36798E-12
 1.86970E-12 1.04232E-11 7.34816E-12 1.89208E-12 3.59448E-13 5.74357E-12 5.76829E-14 1.03887E-14
 1.24810E-16 8.18132E-14 1.18378E-12 5.70420E-11 4.71067E-13 3.94282E-11 1.09603E-10 1.86495E-13
 5.62944E-33 1.95551E-33 8.30668E-25 6.97555E-23 5.51819E-21 4.89971E-32 6.80956E-12 1.41145E-10
 2.17563E-06 3.99400E-11 2.70145E-11 5.16477E-11 5.27448E-08 6.89175E-15 1.70792E-07 1.42924E-07
 6.86395E-09 3.63535E-12 1.66682E-12 7.30704E-12 6.96248E-12 1.49840E-12 3.18288E-13 4.29751E-12
 3.80228E-14 7.16805E-15 5.38555E-17 5.27351E-14 6.46445E-13 5.38081E-11 6.70464E-13 3.78576E-11
 1.14880E-10 9.78663E-14 9.47400E-33 3.48464E-33 9.55350E-25 7.41684E-23 5.51238E-21 6.34136E-32
 5.97680E-12 1.68020E-10 2.20738E-06 5.01310E-11 3.20470E-11 5.77277E-11 4.30122E-08 1.19560E-14
 1.81098E-07 1.21560E-07 7.18337E-09 3.06618E-12 1.48048E-12 5.17934E-12 6.60875E-12 1.19323E-12
 2.79027E-13 3.21901E-12 2.55598E-14 5.00230E-15 2.37971E-17 3.29365E-14 3.59171E-13 5.03257E-11
 9.20921E-13 3.56238E-11 1.20707E-10 5.11770E-14 1.59393E-32 6.11015E-33 1.07878E-24 7.93272E-23
 5.50577E-21 8.18360E-32 5.24420E-12 1.97907E-10 2.22856E-06 6.24532E-11 3.82148E-11 6.53035E-11
 3.51798E-08 2.04905E-14 1.94055E-07 1.04134E-07 7.58438E-09 2.60866E-12 1.30980E-12 3.69126E-12
 6.29038E-12 9.57314E-13 2.42909E-13 2.41733E-12 1.74724E-14 3.53682E-15 1.07750E-17 1.97821E-14
 2.03350E-13 4.63969E-11 1.22328E-12 3.27666E-11 1.27386E-10 2.65755E-14 2.66622E-32 1.05292E-32
 1.20272E-24 8.52920E-23 5.49831E-21 1.05079E-31 4.59509E-12 2.30852E-10 2.24053E-06 7.72546E-11
 4.56940E-11 7.44726E-11 2.87741E-08 3.46995E-14 2.09971E-07 8.98211E-08 8.08411E-09 2.22992E-12
 1.15327E-12 2.63455E-12 6.00276E-12 7.75570E-13 2.10091E-13 1.82191E-12 1.21320E-14 2.53518E-15
 5.00280E-18 1.13478E-14 1.17271E-13 4.19308E-11 1.57249E-12 2.93847E-11 1.34988E-10 1.36746E-14
 4.41540E-32 1.78127E-32 1.33178E-24 9.22412E-23 5.48978E-21 1.34270E-31 4.02106E-12 2.66893E-10
 2.24417E-06 9.48403E-11 5.46455E-11 8.52975E-11 2.34914E-08 5.80270E-14 2.29080E-07 7.80507E-08
 8.70302E-09 1.91133E-12 1.01090E-12 1.88264E-12 5.74509E-12 6.37002E-13 1.80539E-13 1.38142E-12
 8.56754E-15 1.84430E-15 2.38992E-18 6.18230E-15 6.91304E-14 3.69564E-11 1.95611E-12 2.56371E-11
 1.43379E-10 6.97573E-15 7.21246E-32 2.95526E-32 1.47362E-24 1.00467E-22 5.47989E-21 1.71023E-31
 3.51297E-12 3.06097E-10 2.24022E-06 1.15445E-10 6.51996E-11 9.77809E-11 1.91236E-08 9.57374E-14
 2.51704E-07 6.82929E-08 9.46213E-09 1.63988E-12 8.82237E-13 1.34691E-12 5.51325E-12 5.32510E-13
 1.54005E-13 1.05625E-12 6.16503E-15 1.36225E-15 1.17839E-18 3.19084E-15 4.17513E-14 3.16530E-11
 2.35601E-12 2.17441E-11 1.52200E-10 3.53564E-15 1.15887E-31 4.80555E-32 1.63878E-24 1.10372E-22
 5.46822E-21 2.17750E-31 3.05857E-12 3.48713E-10 2.22908E-06 1.39212E-10 7.74430E-11 1.11853E-10
 1.55222E-08 1.55753E-13 2.78501E-07 6.00144E-08 1.03848E-08 1.40468E-12 7.65701E-13 9.61850E-13
 5.29970E-12 4.54158E-13 1.30183E-13 8.15213E-13 4.52352E-15 1.02028E-15 5.99775E-19 1.56210E-15
 2.57403E-14 2.63054E-11 2.75206E-12 1.79456E-11 1.60958E-10 1.78497E-15 1.82845E-31 7.65945E-32
 1.84093E-24 1.22487E-22 5.45418E-21 2.78126E-31 2.65370E-12 3.95410E-10 2.21102E-06 1.66211E-10
 9.14145E-11 1.27361E-10 1.25750E-08 2.49935E-13 3.09820E-07 5.29061E-08 1.14909E-08 1.20044E-12
 6.61314E-13 6.86723E-13 5.10656E-12 3.95825E-13 1.09086E-13 6.35675E-13 3.38562E-15 7.73855E-16
 3.15083E-19 7.28174E-16 1.62396E-14 2.12148E-11 3.12501E-12 1.44433E-11 1.69177E-10 9.00470E-16
 2.82871E-31 1.19670E-31 2.09650E-24 1.37443E-22 5.43713E-21 3.57578E-31 2.29480E-12 4.47329E-10
 2.18634E-06 1.96466E-10 1.07114E-10 1.44083E-10 1.01846E-08 3.96023E-13 3.45851E-07 4.67215E-08
 1.27980E-08 1.02314E-12 5.68776E-13 4.91817E-13 4.93668E-12 3.52284E-13 9.06971E-14 5.00319E-13
 2.58030E-15 5.92766E-16 1.70211E-19 3.25341E-16 1.05270E-14 1.66371E-11 3.46089E-12 1.13755E-11
 1.76481E-10 4.54893E-16 4.28702E-31 1.83333E-31 2.42521E-24 1.55970E-22 5.41632E-21 4.64048E-31
 1.97549E-12 5.06146E-10 2.15491E-06 2.29966E-10 1.24517E-10 1.61771E-10 8.26231E-09 6.20627E-13
 3.87314E-07 4.11615E-08 1.43383E-08 8.67266E-13 4.86201E-13 3.52919E-13 4.78752E-12 3.18918E-13
 7.48404E-14 3.95972E-13 1.99336E-15 4.56242E-16 9.37038E-20 1.40493E-16 6.99187E-15 1.27303E-11
 3.75299E-12 8.80530E-12 1.82656E-10 2.30075E-16 6.36567E-31 2.75666E-31 2.85269E-24 1.78993E-22
 5.39077E-21 6.09332E-31 1.70171E-12 5.74032E-10 2.11662E-06 2.66783E-10 1.43645E-10 1.80277E-10
 6.72593E-09 9.64230E-13 4.34728E-07 3.60191E-08 1.61750E-08 7.28830E-13 4.11983E-13 2.53860E-13
 4.65796E-12 2.92421E-13 6.13557E-14 3.14030E-13 1.55408E-15 3.51417E-16 5.21429E-20 5.91109E-17
 4.75295E-15 9.54399E-12 3.99996E-12 6.72624E-12 1.87664E-10 1.16436E-16 9.26914E-31 4.07323E-31
 3.40933E-24 2.07541E-22 5.35941E-21 8.10407E-31 1.50991E-12 6.53211E-10 2.07155E-06 3.07369E-10
 1.64793E-10 1.99944E-10 5.49820E-09 1.49033E-12 4.88284E-07 3.11569E-08 1.84651E-08 6.04973E-13
 3.44669E-13 1.83384E-13 4.54642E-12 2.70832E-13 5.00800E-14 2.49331E-13 1.22046E-15 2.70722E-16
 2.92433E-20 2.43653E-17 3.30772E-15 7.04339E-12 4.20228E-12 5.08483E-12 1.91591E-10 5.89450E-17
 1.32752E-30 5.92768E-31 4.12442E-24 2.42533E-22 5.32130E-21 1.09095E-30 1.48908E-12 7.45072E-10
 2.01987E-06 3.53141E-10 1.88946E-10 2.22316E-10 4.50800E-09 2.30390E-12 5.47997E-07 2.64844E-08
 2.15770E-08 4.93610E-13 2.82924E-13 1.33268E-13 4.44937E-12 2.53529E-13 4.08460E-14 1.99016E-13
 9.68543E-16 2.09801E-16 1.66409E-20 9.84965E-18 2.35587E-15 5.14442E-12 4.35828E-12 3.80629E-12
 1.94599E-10 2.98766E-17 1.88339E-30 8.53511E-31 5.00966E-24 2.84347E-22 5.27605E-21 1.48249E-30
 1.77234E-12 8.49086E-10 1.96203E-06 4.07263E-10 2.18284E-10 2.50860E-10 3.69447E-09 3.58882E-12
 6.13450E-07 2.19925E-08 2.61944E-08 3.94113E-13 2.26267E-13 9.77320E-14 4.36256E-12 2.41051E-13
 3.34853E-14 1.61392E-13 7.83930E-16 1.65776E-16 9.78935E-21 3.89338E-18 1.71831E-15 3.74337E-12
 4.46327E-12 2.81717E-12 1.96870E-10 1.52097E-17 2.67773E-30 1.22469E-30 6.03067E-24 3.32173E-22
 5.22452E-21 2.02351E-30 2.44439E-12 9.63299E-10 1.89781E-06 4.74702E-10 2.56257E-10 2.90991E-10
 3.01514E-09 5.67678E-12 6.84812E-07 1.77016E-08 3.33502E-08 3.06196E-13 1.74839E-13 7.23403E-14
 4.28079E-12 2.34132E-13 2.77532E-14 1.34527E-13 6.53919E-16 1.35568E-16 6.07895E-21 1.50161E-18
 1.27958E-15 2.73353E-12 4.51449E-12 2.05945E-12 1.98571E-10 7.81180E-18 3.86651E-30 1.76648E-30
 7.10878E-24 3.84525E-22 5.16827E-21 2.76244E-30 3.40884E-12 1.08754E-09 1.82668E-06 5.60976E-10
 3.06779E-10 3.48809E-10 2.44905E-09 9.15968E-12 7.62412E-07 1.37040E-08 4.42597E-08 2.30277E-13
 1.29733E-13 5.40445E-14 4.20136E-12 2.32601E-13 2.33160E-14 1.15725E-13 5.63900E-16 1.15432E-16
 4.01414E-21 5.68295E-19 9.69659E-16 2.01564E-12 4.51859E-12 1.49128E-12 1.99838E-10 4.06343E-18
 5.70603E-30 2.57286E-30 8.17171E-24 4.40525E-22 5.10824E-21 3.76539E-30 4.37163E-12 1.22721E-09
 1.74860E-06 6.70068E-10 3.72674E-10 4.28544E-10 1.98826E-09 1.50504E-11 8.45947E-07 1.01681E-08
 5.99783E-08 1.67218E-13 9.24231E-14 4.08682E-14 4.12545E-12 2.34668E-13 1.98019E-14 1.01791E-13
 4.97613E-16 1.01310E-16 2.77099E-21 2.14564E-19 7.47624E-16 1.50570E-12 4.49367E-12 1.07854E-12
 2.00769E-10 2.14312E-18 8.53880E-30 3.76729E-30 9.22201E-24 5.01062E-22 5.04353E-21 5.12719E-30
 4.99194E-12 1.39397E-09 1.66303E-06 8.02722E-10 4.54175E-10 5.29818E-10 1.62452E-09 2.49876E-11
 9.35728E-07 7.21309E-09 8.13236E-08 1.16778E-13 6.32673E-14 3.13132E-14 4.05536E-12 2.37147E-13
 1.68802E-14 8.97566E-14 4.40220E-16 8.95177E-17 1.92638E-21 8.26422E-20 5.85740E-16 1.13912E-12
 4.46203E-12 7.87839E-13 2.01440E-10 1.14324E-18 1.27340E-29 5.48932E-30 1.03732E-23 5.69666E-22
 4.97050E-21 6.99282E-30 5.07837E-12 1.60281E-09 1.56940E-06 9.56546E-10 5.48436E-10 6.46127E-10
 1.34309E-09 4.14790E-11 1.03221E-06 4.89012E-09 1.08902E-07 7.81078E-14 4.16654E-14 2.43197E-14
 3.99325E-12 2.36662E-13 1.43342E-14 7.77191E-14 3.82065E-16 7.76114E-17 1.29561E-21 3.31158E-20
 4.65876E-16 8.70625E-13 4.44322E-12 5.86997E-13 2.01910E-10 6.14212E-19 1.85908E-29 7.87955E-30
 1.18120E-23 6.51697E-22 4.88355E-21 9.57606E-30 4.67742E-12 1.86934E-09 1.46843E-06 1.12745E-09
 6.50212E-10 7.65522E-10 1.12573E-09 6.81968E-11 1.13474E-06 3.18729E-09 1.43052E-07 5.01194E-14
 2.65556E-14 1.91948E-14 3.94035E-12 2.30852E-13 1.20624E-14 6.51242E-14 3.20158E-16 6.47996E-17
 8.18656E-22 1.39593E-20 3.76836E-16 6.69935E-13 4.45166E-12 4.48567E-13 2.02221E-10 3.30857E-19
 2.62319E-29 1.10663E-29 1.37475E-23 7.52768E-22 4.77690E-21 1.31671E-29 3.98612E-12 2.21000E-09
 1.36156E-06 1.31047E-09 7.53129E-10 8.73697E-10 9.55777E-10 1.10372E-10 1.24208E-06 2.01821E-09
 1.84123E-07 3.10750E-14 1.65371E-14 1.54374E-14 3.89603E-12 2.18854E-13 1.00287E-14 5.23920E-14
 2.56765E-16 5.15653E-17 4.78083E-22 6.19684E-21 3.10697E-16 5.16855E-13 4.49545E-12 3.51760E-13
 2.02406E-10 1.77813E-19 3.55316E-29 1.51541E-29 1.64079E-23 8.78063E-22 4.64516E-21 1.81457E-29
 3.19694E-12 2.64584E-09 1.24906E-06 1.49886E-09 8.50672E-10 9.57827E-10 8.21079E-10 1.75375E-10
 1.35425E-06 1.24918E-09 2.33506E-07 1.87070E-14 1.01116E-14 1.26417E-14 3.85742E-12 2.01054E-13
 8.21439E-15 4.02769E-14 1.96372E-16 3.88764E-17 2.55640E-22 2.87548E-21 2.60904E-16 3.97598E-13
 4.57496E-12 2.82014E-13 2.02494E-10 9.47111E-20 4.61190E-29 2.02147E-29 2.01037E-23 1.03344E-21
 4.48214E-21 2.50405E-29 2.44725E-12 3.20835E-09 1.13124E-06 1.68400E-09 9.37057E-10 1.00912E-09
 7.13705E-10 2.73779E-10 1.47119E-06 7.59219E-10 2.94440E-07 1.09843E-14 6.09042E-15 1.05310E-14
 3.82098E-12 1.78742E-13 6.61153E-15 2.95002E-14 1.43128E-16 2.76859E-17 1.24574E-22 1.37647E-21
 2.22876E-16 3.02972E-13 4.68523E-12 2.29636E-13 2.02508E-10 4.96028E-20 5.73040E-29 2.62257E-29
 2.52522E-23 1.22414E-21 4.28214E-21 3.45552E-29 1.82135E-12 3.94776E-09 1.01042E-06 1.85720E-09
 1.00817E-09 1.02415E-09 6.28714E-10 4.21646E-10 1.59077E-06 4.58070E-10 3.72738E-07 6.36339E-15
 3.64867E-15 8.94277E-15 3.78414E-12 1.53735E-13 5.22200E-15 2.05707E-14 9.95293E-17 1.86474E-17
 5.53832E-23 6.68860E-22 1.93854E-16 2.27169E-13 4.81960E-12 1.88383E-13 2.02466E-10 2.53371E-20
 6.79062E-29 3.29327E-29 3.23249E-23 1.45050E-21 4.04441E-21 4.74717E-29 1.33562E-12 4.95542E-09
 8.87996E-07 2.00710E-09 1.06085E-09 1.00369E-09 5.64014E-10 6.45130E-10 1.71176E-06 2.76066E-10
 4.80465E-07 3.66271E-15 2.18452E-15 7.74599E-15 3.74427E-12 1.27685E-13 4.03781E-15 1.36103E-14
 6.60048E-17 1.18865E-17 2.24399E-23 3.23204E-22 1.71498E-16 1.66047E-13 4.96709E-12 1.54099E-13
 2.02389E-10 1.24706E-20 7.63798E-29 3.97917E-29 4.20038E-23 1.71076E-21 3.77003E-21 6.47568E-29
 9.73933E-13 6.39964E-09 7.65007E-07 2.11949E-09 1.09193E-09 9.49896E-10 5.19211E-10 9.89405E-10
 1.83318E-06 1.66588E-10 6.39963E-07 2.09933E-15 1.30776E-15 6.84523E-15 3.69908E-12 1.01907E-13
 3.04585E-15 8.48062E-15 4.15560E-17 7.17569E-18 8.25359E-24 1.51441E-22 1.54027E-16 1.16772E-13
 5.11595E-12 1.24118E-13 2.02291E-10 5.81186E-21 8.09776E-29 4.59405E-29 5.53108E-23 2.00023E-21
 3.46262E-21 8.75746E-29 7.13565E-13 8.58125E-09 6.43991E-07 2.18075E-09 1.09752E-09 8.64519E-10
 4.94303E-10 1.53434E-09 1.95254E-06 1.01161E-10 8.86579E-07 1.20007E-15 7.84405E-16 6.18028E-15
 3.64730E-12 7.75244E-14 2.23422E-15 4.92759E-15 2.45913E-17 4.12682E-18 2.75206E-24 6.70421E-23
 1.40293E-16 7.77841E-14 5.26298E-12 9.71594E-14 2.02181E-10 2.51218E-21 8.01984E-29 5.03597E-29
 7.36606E-23 2.30761E-21 3.13211E-21 1.16978E-28 5.29333E-13 1.20475E-08 5.27712E-07 2.17706E-09
 1.07169E-09 7.48535E-10 4.89799E-10 2.41793E-09 2.06708E-06 6.19989E-11 1.27199E-06 6.80268E-16
 4.70272E-16 5.70376E-15 3.58783E-12 5.55466E-14 1.58641E-15 2.63138E-15 1.34439E-17 2.28880E-18
 8.32556E-25 2.73810E-23 1.29402E-16 4.81808E-14 5.41664E-12 7.30399E-14 2.02050E-10 9.83784E-22
 7.35792E-29 5.23180E-29 9.93204E-23 2.61825E-21 2.79088E-21 1.53716E-28 4.00862E-13 1.78123E-08
 4.20068E-07 2.09738E-09 1.00809E-09 6.06272E-10 5.06929E-10 3.86665E-09 2.17286E-06 3.85316E-11
 1.85746E-06 3.78066E-16 2.80354E-16 5.38040E-15 3.52015E-12 3.69949E-14 1.08426E-15 1.27167E-15
 6.64360E-18 1.25176E-18 2.30693E-25 1.01678E-23 1.20728E-16 2.72604E-14 5.59959E-12 5.23460E-14
 2.01875E-10 3.42160E-22 6.21242E-29 5.17228E-29 1.35975E-22 2.91278E-21 2.45466E-21 1.97619E-28
 3.12478E-13 2.78587E-08 3.25208E-07 1.93407E-09 9.03715E-10 4.50366E-10 5.49227E-10 6.23100E-09
 2.26558E-06 2.44330E-11 2.69793E-06 2.02295E-16 1.64266E-16 5.18071E-15 3.44444E-12 2.26342E-14
 7.07505E-16 5.48406E-16 2.90270E-18 6.92026E-19 5.93612E-26 3.42793E-24 1.13801E-16 1.38780E-14
 5.83948E-12 3.57363E-14 2.01630E-10 1.04429E-22 4.80195E-29 4.90753E-29 1.90149E-22 3.16903E-21
 2.13917E-21 2.47382E-28 2.51133E-13 4.64283E-08 2.45516E-07 1.68317E-09 7.62246E-10 3.00613E-10
 6.26335E-10 1.00347E-08 2.34261E-06 1.58339E-11 3.83220E-06 1.01186E-16 9.21202E-17 5.07790E-15
 3.36061E-12 1.25707E-14 4.34581E-16 2.07634E-16 1.09556E-18 3.89812E-19 1.41645E-26 1.06227E-24
 1.08178E-16 6.26955E-15 6.15950E-12 2.33854E-14 2.01294E-10 2.77876E-23 3.36415E-29 4.49389E-29
 2.74813E-22 3.36471E-21 1.85370E-21 3.01184E-28 2.05312E-13 8.29616E-08 1.81603E-07 1.36534E-09
 5.99771E-10 1.78000E-10 7.55062E-10 1.60906E-08 2.40288E-06 1.04637E-11 5.27253E-06 4.58905E-17
 4.78114E-17 5.05139E-15 3.26835E-12 6.28347E-15 2.48160E-16 6.83157E-17 3.50943E-19 2.19289E-19
 3.06423E-27 3.16646E-25 1.03492E-16 2.51102E-15 6.60779E-12 1.50104E-14 2.00819E-10 6.50320E-24
 2.11000E-29 3.97597E-29 4.13433E-22 3.47265E-21 1.60193E-21 3.56121E-28 1.64619E-13 1.59323E-07
 1.32443E-07 1.05309E-09 4.48426E-10 9.40964E-11 9.55778E-10 2.63520E-08 2.44636E-06 7.03190E-12
 6.99311E-06 1.86670E-17 2.25326E-17 5.08736E-15 3.16772E-12 2.83801E-15 1.34161E-16 1.97924E-17
 9.61989E-20 1.18717E-19 5.84625E-28 1.00258E-25 9.94823E-17 9.23683E-16 7.40204E-12 9.93738E-15
 1.99990E-10 1.38870E-24 1.19215E-29 3.45496E-29 6.34065E-22 3.46391E-21 1.38469E-21 4.07965E-28
 1.24569E-13 4.13061E-07 9.51001E-08 6.70464E-10 2.75852E-10 3.92828E-11 1.54224E-09 4.71077E-08
 2.47287E-06 4.81364E-12 8.92527E-06 6.65664E-18 9.41411E-18 5.17597E-15 3.06054E-12 9.15035E-16
 5.98887E-17 4.50031E-18 1.77119E-20 5.24601E-20 7.67530E-29 3.69952E-26 9.60172E-17 2.50862E-16
 9.51280E-12 7.10444E-15 1.97839E-10 2.23612E-25 4.42194E-30 2.31105E-29 1.07896E-21 3.19620E-21
 1.20206E-21 4.26467E-28 7.45662E-14 1.60239E-06 6.70235E-08 2.87633E-10 1.08273E-10 1.21110E-11
 3.66433E-09 7.94984E-08 2.48434E-06 3.36534E-12 1.09544E-05 2.20921E-18 4.46373E-18 5.30567E-15
 2.94816E-12 2.16109E-16 1.82123E-17 8.59035E-19 2.12584E-21 1.64729E-20 7.06898E-30 2.15286E-26
 9.30000E-17 3.50781E-17 1.49013E-11 6.39291E-15 1.92406E-10 2.56298E-26 6.95199E-31 6.80765E-30
 1.92109E-21 2.49819E-21 1.05252E-21 2.97543E-28 3.38236E-14 5.03443E-06 4.69675E-08 1.39890E-10
 4.19580E-11 3.50844E-12 7.60192E-09 1.10933E-07 2.48817E-06 2.39581E-12 1.29933E-05 7.38358E-19
 2.66776E-18 5.45695E-15 2.83169E-12 1.13149E-16 6.14137E-18 1.74478E-19 2.95093E-22 8.66342E-21
 9.61896E-31 1.55259E-26 9.03194E-17 4.74980E-18 2.28201E-11 6.39530E-15 1.84438E-10 4.79079E-27
 8.15153E-32 1.46912E-30 2.42511E-21 2.11090E-21 9.30491E-22 1.45451E-28 1.46804E-14 1.18979E-05
 3.30017E-08 8.46151E-11 1.87706E-11 1.02620E-12 1.26488E-08 1.36584E-07 2.48880E-06 1.73313E-12
 1.50166E-05 2.55463E-19 1.84685E-18 5.60602E-15 2.71334E-12 8.90074E-17 2.55470E-18 4.03372E-20
 5.67363E-23 6.12980E-21 2.69540E-31 1.06197E-26 8.79179E-17 8.89339E-19 3.15887E-11 6.22143E-15
 1.75618E-10 1.49958E-27 8.95202E-33 3.48690E-31 2.47078E-21 2.16016E-21 8.30244E-22 6.62762E-29
 7.02388E-15 2.31559E-05 2.34095E-08 5.80459E-11 9.42560E-12 3.09787E-13 1.80385E-08 1.56304E-07
 2.48805E-06 1.27579E-12 1.70011E-05 9.29328E-20 1.42198E-18 5.73225E-15 2.59595E-12 7.37493E-17
 1.20787E-18 1.10445E-20 1.45433E-23 4.41920E-21 1.07797E-31 6.71194E-27 8.57783E-17 2.16559E-19
 4.03159E-11 5.81576E-15 1.66837E-10 5.46038E-28 1.00121E-33 9.80377E-32 2.34863E-21 2.35915E-21
 7.47882E-22 3.16308E-29 3.76481E-15 3.95906E-05 1.68077E-08 4.24312E-11 5.14840E-12 9.70364E-14
 2.31186E-08 1.71302E-07 2.48671E-06 9.55346E-13 1.89429E-05 3.57281E-20 1.18714E-18 5.82426E-15
 2.48109E-12 6.09606E-17 6.09371E-19 3.59842E-21 4.44599E-24 3.14109E-21 4.59937E-32 3.97752E-27
 8.38716E-17 6.29803E-20 4.86842E-11 5.26370E-15 1.58412E-10 2.11239E-28 1.19980E-34 3.26027E-32
 2.22451E-21 2.54572E-21 6.79615E-22 1.63630E-29 2.21648E-15 6.18208E-05 1.22253E-08 3.19936E-11
 2.99533E-12 3.15582E-14 2.73905E-08 1.82810E-07 2.48512E-06 7.27127E-13 2.08439E-05 1.45284E-20
 1.05242E-18 5.87855E-15 2.36968E-12 5.00853E-17 3.17265E-19 1.35252E-21 1.50102E-24 2.20809E-21
 1.95921E-32 2.23913E-27 8.21689E-17 2.07717E-20 5.66011E-11 4.64302E-15 1.50436E-10 8.52314E-29
 1.62128E-35 1.25606E-32 2.14811E-21 2.67324E-21 6.22341E-22 9.19265E-30 1.41085E-15 9.01657E-05
 9.02708E-09 2.44761E-11 1.83282E-12 1.07086E-14 3.04888E-08 1.91742E-07 2.48344E-06 5.62888E-13
 2.26973E-05 6.27101E-21 9.73849E-19 5.89703E-15 2.26293E-12 4.09821E-17 1.67718E-19 5.62106E-22
 5.40595E-25 1.54209E-21 8.28545E-33 1.20693E-27 8.06523E-17 7.53735E-21 6.40047E-11 4.00693E-15
 1.42969E-10 3.55666E-29 2.61802E-36 5.49128E-33 2.12635E-21 2.73694E-21 5.73951E-22 5.56778E-30
 9.54758E-16 1.25048E-04 6.75846E-09 1.88305E-11 1.16581E-12 3.78345E-15 3.23284E-08 1.98838E-07
 2.48176E-06 4.42371E-13 2.45158E-05 2.86294E-21 9.27147E-19 5.88530E-15 2.16075E-12 3.34466E-17
 8.91952E-20 2.48018E-22 2.03516E-25 1.07278E-21 3.48240E-33 6.27204E-28 7.92907E-17 2.93334E-21
 7.09311E-11 3.39501E-15 1.35977E-10 1.52125E-29 5.18948E-37 2.65341E-33 2.15185E-21 2.74618E-21
 5.32393E-22 3.58395E-30 6.77688E-16 1.66977E-04 5.11865E-09 1.45006E-11 7.64211E-13 1.38463E-15
 3.29806E-08 2.04625E-07 2.48009E-06 3.52054E-13 2.63166E-05 1.37321E-21 8.98867E-19 5.84963E-15
 2.06275E-12 2.72485E-17 4.74780E-20 1.12952E-22 7.90708E-26 7.44430E-22 1.45590E-33 3.15849E-28
 7.80547E-17 1.20224E-21 7.74331E-11 2.83154E-15 1.29404E-10 6.62201E-30 1.24514E-37 1.38653E-33
 2.21662E-21 2.71049E-21 4.96077E-22 2.42003E-30 5.01521E-16 2.16041E-04 3.92213E-09 1.11502E-11
 5.14114E-13 5.25488E-16 3.25327E-08 2.09415E-07 2.47846E-06 2.83632E-13 2.80991E-05 6.90508E-22
 8.81575E-19 5.79633E-15 1.96946E-12 2.21794E-17 2.52467E-20 5.24131E-23 3.15724E-26 5.15879E-22
 6.07306E-34 1.54583E-28 7.69308E-17 5.14270E-22 8.34986E-11 2.32785E-15 1.23263E-10 2.92459E-30
 3.50528E-38 7.74164E-34 2.31587E-21 2.63551E-21 4.64152E-22 1.70094E-30 3.85210E-16 2.72140E-04
 3.04093E-09 8.54995E-12 3.53767E-13 2.07014E-16 3.11518E-08 2.13432E-07 2.47689E-06 2.31276E-13
 2.98626E-05 3.62949E-22 8.70852E-19 5.73111E-15 1.88135E-12 1.80503E-17 1.33984E-20 2.46133E-23
 1.29177E-26 3.57323E-22 2.53270E-34 7.37087E-29 7.59071E-17 2.28038E-22 8.91212E-11 1.88870E-15
 1.17559E-10 1.30746E-30 1.11859E-38 4.57208E-34 2.44554E-21 2.52595E-21 4.35968E-22 1.23596E-30
 3.06021E-16 3.34962E-04 2.38615E-09 6.53321E-12 2.48342E-13 8.47141E-17 2.90478E-08 2.16837E-07
 2.47537E-06 1.90844E-13 3.16060E-05 1.98739E-22 8.64044E-19 5.65868E-15 1.79877E-12 1.46962E-17
 7.09391E-21 1.16592E-23 5.40370E-27 2.47548E-22 1.05761E-34 3.43176E-29 7.49726E-17 1.04289E-22
 9.43012E-11 1.51400E-15 1.12293E-10 5.90746E-31 3.93996E-39 2.83195E-34 2.60156E-21 2.38636E-21
 4.11019E-22 9.22986E-31 2.50813E-16 4.03953E-04 1.89571E-09 4.97326E-12 1.77488E-13 3.60345E-17
 2.64427E-08 2.19747E-07 2.47391E-06 1.59370E-13 3.33277E-05 1.12987E-22 8.59558E-19 5.58268E-15
 1.72197E-12 1.19766E-17 3.74749E-21 5.56512E-24 2.30746E-27 1.71631E-22 4.42808E-35 1.56339E-29
 7.41179E-17 4.90081E-23 9.90441E-11 1.20031E-15 1.07457E-10 2.69500E-31 1.50409E-39 1.82672E-34
 2.77940E-21 2.22170E-21 3.88900E-22 7.04742E-31 2.11685E-16 4.78343E-04 1.52593E-09 3.77128E-12
 1.28930E-13 1.59521E-17 2.35496E-08 2.22250E-07 2.47251E-06 1.34711E-13 3.50252E-05 6.65304E-23
 8.56435E-19 5.50564E-15 1.65111E-12 9.77385E-18 1.97588E-21 2.67857E-24 1.00483E-27 1.19145E-22
 1.86135E-35 6.98278E-30 7.33340E-17 2.35980E-23 1.03361E-10 9.42088E-16 1.03042E-10 1.24063E-31
 6.14470E-40 1.21955E-34 2.97324E-21 2.03811E-21 3.69280E-22 5.47635E-31 1.83719E-16 5.57165E-04
 1.24590E-09 2.84961E-12 9.50608E-14 7.38924E-18 2.05592E-08 2.24414E-07 2.47115E-06 1.15304E-13
 3.66951E-05 4.05981E-23 8.54095E-19 5.42926E-15 1.58619E-12 7.99029E-18 1.04127E-21 1.30725E-24
 4.47280E-28 8.28461E-23 7.88774E-36 3.06604E-30 7.26133E-17 1.16192E-23 1.07268E-10 7.32796E-16
 9.90294E-11 5.76238E-32 2.66516E-40 8.37839E-35 3.17450E-21 1.84444E-21 3.51877E-22 4.31106E-31
 1.62042E-16 6.42616E-04 1.02513E-09 2.14541E-12 7.07106E-14 3.52269E-18 1.77095E-08 2.26362E-07
 2.46978E-06 9.93872E-14 3.83992E-05 2.53110E-23 8.52115E-19 5.35153E-15 1.52473E-12 6.53556E-18
 5.46873E-22 6.39314E-25 2.00868E-28 5.76323E-23 3.33831E-36 1.32650E-30 7.19218E-17 5.78710E-24
 1.10924E-10 5.65942E-16 9.52556E-11 2.68417E-32 1.19580E-40 5.84054E-35 3.37564E-21 1.64868E-21
 3.35824E-22 3.40994E-31 1.43574E-16 7.38099E-04 8.43293E-10 1.60938E-12 5.27884E-14 1.68879E-18
 1.51359E-08 2.28195E-07 2.46833E-06 8.57287E-14 4.02123E-05 1.58496E-23 8.50218E-19 5.26942E-15
 1.46417E-12 5.34012E-18 2.85339E-22 3.07926E-25 8.96440E-29 4.00502E-23 1.39504E-36 5.66582E-31
 7.12253E-17 2.88841E-24 1.14486E-10 4.34647E-16 9.15578E-11 1.24672E-32 5.41513E-41 4.08526E-35
 3.57165E-21 1.45602E-21 3.20336E-22 2.69348E-31 1.27705E-16 8.43979E-04 6.92921E-10 1.20360E-12
 3.95674E-14 8.12014E-19 1.28377E-08 2.29930E-07 2.46678E-06 7.39425E-14 4.21439E-05 9.94934E-24
 8.48265E-19 5.18258E-15 1.40438E-12 4.35815E-18 1.48182E-22 1.46191E-25 3.98688E-29 2.77984E-23
 5.77921E-37 2.39553E-31 7.05170E-17 1.44672E-24 1.17955E-10 3.32173E-16 8.79282E-11 5.78002E-33
 2.47359E-41 2.86792E-35 3.75727E-21 1.27155E-21 3.05308E-22 2.12381E-31 1.14121E-16 9.59951E-04
 5.68791E-10 8.97803E-13 2.98017E-14 3.91829E-19 1.08003E-08 2.31564E-07 2.46511E-06 6.37750E-14
 4.41914E-05 6.26344E-24 8.46157E-19 5.09107E-15 1.34543E-12 3.55245E-18 7.66615E-23 6.86042E-26
 1.77323E-29 1.92708E-23 2.38130E-37 1.00364E-31 6.97944E-17 7.28631E-25 1.21318E-10 2.52699E-16
 8.43787E-11 2.67792E-33 1.14309E-41 2.02420E-35 3.92920E-21 1.09834E-21 2.90726E-22 1.67282E-31
 1.02511E-16 1.08554E-03 4.66473E-10 6.68232E-13 2.25665E-14 1.89861E-19 9.01081E-09 2.33094E-07
 2.46331E-06 5.50054E-14 4.63495E-05 3.95618E-24 8.43812E-19 4.99493E-15 1.28724E-12 2.89183E-18
 3.95236E-23 3.18889E-26 7.90279E-30 1.33409E-23 9.77297E-38 4.16939E-32 6.90542E-17 3.69482E-25
 1.24561E-10 1.91421E-16 8.09181E-11 1.24068E-33 5.35682E-42 1.43838E-35 4.08519E-21 9.38387E-22
 2.76568E-22 1.31699E-31 9.25870E-17 1.22014E-03 3.82225E-10 4.96484E-13 1.71838E-14 9.24365E-20
 7.45559E-09 2.34515E-07 2.46135E-06 4.74408E-14 4.86113E-05 2.50872E-24 8.41154E-19 4.89426E-15
 1.22959E-12 2.35026E-18 2.03102E-23 1.47063E-26 3.53341E-30 9.22036E-24 3.99690E-38 1.71855E-32
 6.82927E-17 1.88799E-25 1.27671E-10 1.44430E-16 7.75532E-11 5.74948E-34 2.55030E-42 1.03002E-35
 4.22346E-21 7.93168E-22 2.62806E-22 1.03679E-31 8.42172E-17 1.36301E-03 3.12891E-10 3.68543E-13
 1.31593E-14 4.52429E-20 6.12150E-09 2.35817E-07 2.45921E-06 4.09128E-14 5.09681E-05 1.59893E-24
 8.38106E-19 4.78923E-15 1.17209E-12 1.90616E-18 1.04153E-23 6.73979E-27 1.58832E-30 6.35900E-24
 1.63242E-38 7.04330E-33 6.75060E-17 9.73068E-26 1.30639E-10 1.08624E-16 7.42884E-11 2.66698E-34
 1.23742E-42 7.43755E-36 4.34244E-21 6.63921E-22 2.49409E-22 8.16341E-32 8.06538E-17 1.51284E-03
 2.55996E-10 2.76320E-13 1.02007E-14 2.23426E-20 5.14684E-09 2.36997E-07 2.45693E-06 3.52926E-14
 5.34018E-05 1.02899E-24 8.34599E-19 4.68046E-15 1.11441E-12 1.55795E-18 5.51705E-24 3.09127E-27
 7.34633E-31 4.49523E-24 6.91926E-39 3.08619E-33 6.66913E-17 5.31812E-26 1.33445E-10 8.29919E-17
 7.11362E-11 1.35143E-34 6.31304E-43 5.44789E-36 4.43974E-21 5.52648E-22 2.36378E-22 6.46978E-32
 8.09444E-17 1.66800E-03 2.09602E-10 2.08460E-13 7.99003E-15 1.11785E-20 4.40221E-09 2.38076E-07
 2.45465E-06 3.04820E-14 5.58863E-05 6.71213E-25 8.30559E-19 4.56876E-15 1.05708E-12 1.28026E-18
 3.00170E-24 1.42706E-27 3.51613E-31 3.23900E-24 3.06923E-39 1.42814E-33 6.58473E-17 3.05445E-26
 1.36063E-10 6.40856E-17 6.81173E-11 7.37448E-35 3.38751E-43 4.04649E-36 4.51705E-21 4.57210E-22
 2.23739E-22 5.15593E-32 7.90615E-17 1.82788E-03 1.71809E-10 1.55334E-13 6.24500E-15 5.65606E-21
 3.61817E-09 2.39077E-07 2.45240E-06 2.63658E-14 5.84105E-05 4.42166E-25 8.25893E-19 4.45427E-15
 1.00109E-12 1.03813E-18 1.57577E-24 6.58978E-28 1.67599E-31 2.26163E-24 1.33296E-39 6.10940E-34
 6.49672E-17 1.68198E-26 1.38483E-10 4.83236E-17 6.52320E-11 3.69484E-35 1.82095E-43 3.01906E-36
 4.57809E-21 3.73354E-22 2.11441E-22 4.08432E-32 8.09391E-17 1.99165E-03 1.41029E-10 1.16554E-13
 4.93269E-15 2.89638E-21 3.03852E-09 2.40011E-07 2.45021E-06 2.28442E-14 6.09611E-05 2.94748E-25
 8.20500E-19 4.33735E-15 9.46652E-13 8.48421E-19 8.47640E-25 3.05538E-28 8.14243E-32 1.61812E-24
 5.92799E-40 2.75474E-34 6.40441E-17 9.77375E-27 1.40697E-10 3.68693E-17 6.24789E-11 2.00855E-35
 1.00807E-43 2.28525E-36 4.62112E-21 3.02239E-22 1.99435E-22 3.25638E-32 8.00744E-17 2.15878E-03
 1.15986E-10 8.64891E-14 3.88099E-15 1.49890E-21 2.44209E-09 2.40900E-07 2.44811E-06 1.98328E-14
 6.35271E-05 1.97740E-25 8.14260E-19 4.21819E-15 8.95005E-13 6.83992E-19 4.38789E-25 1.41359E-28
 3.89107E-32 1.11813E-24 2.53960E-40 1.13537E-34 6.30692E-17 5.39281E-27 1.42692E-10 2.74012E-17
 5.98560E-11 9.89574E-36 5.53448E-44 1.73643E-36 4.64818E-21 2.41117E-22 1.87666E-22 2.57708E-32
 8.09955E-17 2.32889E-03 9.55754E-11 6.44882E-14 3.07226E-15 7.83162E-22 1.97294E-09 2.41743E-07
 2.44609E-06 1.72535E-14 6.61010E-05 1.33536E-25 8.07042E-19 4.09694E-15 8.46352E-13 5.53446E-19
 2.29401E-25 6.53658E-29 1.86336E-32 7.80572E-25 1.08592E-40 4.73900E-35 6.20323E-17 3.04819E-27
 1.44465E-10 2.04055E-17 5.73552E-11 5.03323E-36 3.06981E-44 1.33426E-36 4.65814E-21 1.90333E-22
 1.76068E-22 2.04444E-32 8.28511E-17 2.50112E-03 7.89891E-11 4.82979E-14 2.44207E-15 4.13655E-22
 1.59122E-09 2.42569E-07 2.44431E-06 1.50508E-14 6.86653E-05 9.06627E-26 7.98710E-19 3.97410E-15
 8.01581E-13 4.48809E-19 1.20988E-25 3.02751E-29 8.95677E-33 5.47389E-25 4.65387E-41 1.98092E-35
 6.09248E-17 1.74472E-27 1.45997E-10 1.51591E-17 5.49792E-11 2.59947E-36 1.71816E-44 1.03550E-36
 4.65140E-21 1.48665E-22 1.64616E-22 1.62273E-32 8.02161E-17 2.67584E-03 6.54739E-11 3.60382E-14
 1.92707E-15 2.20355E-22 1.21272E-09 2.43369E-07 2.44260E-06 1.31643E-14 7.12194E-05 6.13507E-26
 7.89086E-19 3.84941E-15 7.61648E-13 3.58755E-19 6.11666E-26 1.39510E-29 4.16488E-33 3.67465E-25
 1.87922E-41 7.32153E-36 5.97321E-17 9.24313E-28 1.47281E-10 1.08941E-17 5.27158E-11 1.17227E-36
 9.43486E-45 8.05740E-37 4.62880E-21 1.14207E-22 1.53232E-22 1.27429E-32 7.74738E-17 2.85328E-03
 5.44182E-11 2.73020E-14 1.52543E-15 1.18204E-22 9.19199E-10 2.44110E-07 2.44068E-06 1.15427E-14
 7.37619E-05 4.13738E-26 7.77998E-19 3.72278E-15 7.26186E-13 2.87750E-19 3.12784E-26 6.40901E-30
 1.90975E-33 2.47459E-25 7.40279E-42 2.66103E-36 5.84409E-17 4.90384E-28 1.48307E-10 7.79803E-18
 5.05539E-11 5.26031E-37 5.16196E-45 6.32748E-37 4.58955E-21 8.67117E-23 1.41865E-22 1.00015E-32
 7.50299E-17 3.03315E-03 4.53793E-11 2.11700E-14 1.21096E-15 6.38966E-23 6.94218E-10 2.44793E-07
 2.43850E-06 1.01504E-14 7.62798E-05 2.78295E-26 7.65289E-19 3.59456E-15 6.95078E-13 2.31695E-19
 1.64093E-26 2.94814E-30 8.72358E-34 1.67241E-25 2.89214E-42 9.61675E-37 5.70410E-17 2.61020E-28
 1.49058E-10 5.56842E-18 4.84924E-11 2.36691E-37 2.83409E-45 5.01358E-37 4.53362E-21 6.52551E-23
 1.30513E-22 7.84293E-33 7.26532E-17 3.21535E-03 3.79949E-11 1.69326E-14 9.63822E-16 3.48433E-23
 5.22422E-10 2.45416E-07 2.43602E-06 8.95638E-15 7.87602E-05 1.86719E-26 7.50804E-19 3.46503E-15
 6.68266E-13 1.87386E-19 8.90799E-27 1.36407E-30 3.98534E-34 1.13489E-25 1.12808E-42 3.45482E-37
 5.55228E-17 1.39241E-28 1.49514E-10 3.96524E-18 4.65309E-11 1.06719E-37 1.56454E-45 4.00658E-37
 4.46119E-21 4.87300E-23 1.19194E-22 6.14258E-33 6.85369E-17 3.40040E-03 3.19528E-11 1.41113E-14
 7.65052E-16 1.91670E-23 3.82245E-10 2.45952E-07 2.43291E-06 7.93115E-15 8.11968E-05 1.24605E-26
 7.34387E-19 3.33421E-15 6.45693E-13 1.51047E-19 4.95209E-27 6.36062E-31 1.79523E-34 7.56363E-26
 4.29148E-43 1.16766E-37 5.38758E-17 7.14861E-29 1.49656E-10 2.77727E-18 4.46645E-11 4.51799E-38
 8.60880E-46 3.21958E-37 4.37241E-21 3.60444E-23 1.07927E-22 4.77875E-33 6.34673E-17 3.58896E-03
 2.69934E-11 1.24248E-14 6.06337E-16 1.06301E-23 2.73906E-10 2.46327E-07 2.42851E-06 7.04847E-15
 8.35854E-05 8.26609E-27 7.15915E-19 3.20216E-15 6.26790E-13 1.21617E-19 2.86806E-27 2.99840E-31
 7.96783E-35 4.98024E-26 1.59002E-43 3.75691E-38 5.20929E-17 3.56505E-29 1.49469E-10 1.92165E-18
 4.28886E-11 1.82037E-38 4.72145E-46 2.60154E-37 4.26733E-21 2.64463E-23 9.67631E-23 3.69635E-33
 6.00364E-17 3.78096E-03 2.29296E-11 1.15112E-14 4.84059E-16 5.95584E-24 2.00892E-10 2.46518E-07
 2.42253E-06 6.29023E-15 8.59084E-05 5.47644E-27 6.95372E-19 3.06956E-15 6.10783E-13 9.92115E-20
 1.79140E-27 1.44147E-31 3.57625E-35 3.37033E-26 5.98531E-44 1.26829E-38 5.01768E-17 1.84925E-29
 1.48938E-10 1.34646E-18 4.12073E-11 7.79002E-39 2.61900E-46 2.11987E-37 4.14651E-21 1.93594E-23
 8.58211E-23 2.86737E-33 5.66534E-17 3.97706E-03 1.96023E-11 1.12582E-14 3.86243E-16 3.37606E-24
 1.45886E-10 2.46515E-07 2.41477E-06 5.63943E-15 8.81537E-05 3.62557E-27 6.72742E-19 2.93680E-15
 5.97350E-13 8.09905E-20 1.17896E-27 7.10473E-32 1.61143E-35 2.26880E-26 2.26064E-44 4.20896E-39
 4.81297E-17 9.46770E-30 1.48047E-10 9.37768E-19 3.96219E-11 3.28146E-39 1.46259E-46 1.73492E-37
 4.01057E-21 1.41308E-23 7.52116E-23 2.21294E-33 5.37313E-17 4.17788E-03 1.68811E-11 1.14976E-14
 3.08703E-16 1.93945E-24 1.06078E-10 2.46268E-07 2.40470E-06 5.08114E-15 9.03100E-05 2.40373E-27
 6.48100E-19 2.80443E-15 5.86059E-13 6.64065E-20 8.15375E-28 3.60961E-32 7.31401E-36 1.53523E-26
 8.61265E-45 1.39841E-39 4.59612E-17 4.85975E-30 1.46789E-10 6.53023E-19 3.81340E-11 1.38909E-39
 8.23258E-47 1.42562E-37 3.86055E-21 1.02989E-23 6.50686E-23 1.70252E-33 5.16035E-17 4.38403E-03
 1.46639E-11 1.20633E-14 2.47609E-16 1.13329E-24 7.80831E-11 2.45760E-07 2.39201E-06 4.60322E-15
 9.23640E-05 1.60263E-27 6.21602E-19 2.67316E-15 5.76556E-13 5.48679E-20 5.88893E-28 1.90134E-32
 3.36793E-36 1.05423E-26 3.34991E-45 4.76867E-40 4.36870E-17 2.54160E-30 1.45161E-10 4.57395E-19
 3.67464E-11 6.06580E-40 4.68366E-47 1.17552E-37 3.69789E-21 7.50951E-24 5.55335E-23 1.30805E-33
 4.94616E-17 4.59682E-03 1.28636E-11 1.30315E-14 1.98250E-16 6.77833E-25 5.69498E-11 2.44952E-07
 2.37619E-06 4.19395E-15 9.43095E-05 1.07999E-27 5.93417E-19 2.54345E-15 5.68623E-13 4.53107E-20
 4.36042E-28 1.04072E-32 1.55930E-36 7.19118E-27 1.31007E-45 1.59468E-40 4.13227E-17 1.30927E-30
 1.43164E-10 3.18283E-19 3.54585E-11 2.60152E-40 2.68159E-47 9.69979E-38 3.52404E-21 5.48070E-24
 4.67173E-23 9.98060E-34 4.75700E-17 4.81720E-03 1.14123E-11 1.42912E-14 1.58783E-16 4.21839E-25
 4.15980E-11 2.43775E-07 2.35648E-06 3.84368E-15 9.61393E-05 7.45661E-28 5.63838E-19 2.41602E-15
 5.61994E-13 3.75399E-20 3.29435E-28 5.96141E-33 7.28570E-37 4.92384E-27 5.17014E-46 5.32763E-41
 3.88937E-17 6.73973E-31 1.40812E-10 2.21293E-19 3.42712E-11 1.11653E-40 1.55314E-47 8.00481E-38
 3.34115E-21 4.02551E-24 3.87298E-23 7.57883E-34 4.59365E-17 5.04650E-03 1.02542E-11 1.59211E-14
 1.26853E-16 2.83726E-25 3.01825E-11 2.42148E-07 2.33197E-06 3.54356E-15 9.78504E-05 5.41963E-28
 5.33179E-19 2.29152E-15 5.56436E-13 3.10749E-20 2.52061E-28 3.65030E-33 3.48241E-37 3.34914E-27
 2.07264E-46 1.75215E-41 3.64257E-17 3.42596E-31 1.38120E-10 1.53128E-19 3.31835E-11 4.73153E-41
 9.30996E-48 6.59496E-38 3.15143E-21 3.01476E-24 3.16394E-23 5.71097E-34 4.56345E-17 5.28511E-03
 9.35228E-12 1.73141E-14 1.02262E-16 2.21802E-25 2.30486E-11 2.40080E-07 2.30257E-06 3.28792E-15
 9.94318E-05 4.35316E-28 5.01922E-19 2.17104E-15 5.51724E-13 2.61885E-20 1.99732E-28 2.55410E-33
 1.90631E-37 2.37991E-27 9.57613E-47 6.53830E-42 3.39566E-17 1.89549E-31 1.35125E-10 1.09278E-19
 3.21979E-11 2.28800E-41 6.40240E-48 5.43288E-38 2.95803E-21 2.38254E-24 2.55026E-23 4.32135E-34
 2.85150E+02 2.78650E+02 2.72150E+02 2.65660E+02 2.61170E+02 2.55680E+02 2.49190E+02 2.42700E+02
 2.36210E+02 2.25000E+02 2.10000E+02 2.10000E+02 2.10000E+02 2.10000E+02 2.10000E+02 2.00000E+02
 2.00000E+02 2.00000E+02 2.00000E+02 2.00000E+02 2.00000E+02 2.00000E+02 2.00000E+02 2.00000E+02
 2.00000E+02 2.00000E+02 2.00000E+02 2.00000E+02 2.00000E+02 2.00000E+02 2.00000E+02 2.00000E+02
 2.00000E+02 2.00000E+02 2.00000E+02 2.00000E+02 2.00000E+02 2.00000E+02 2.00000E+02 2.00000E+02
 2.00000E+02 2.00000E+02 2.00000E+02 2.00000E+02 2.00000E+02 2.00000E+02 2.00000E+02 2.00000E+02
 2.00000E+02 2.00000E+02 2.00000E+02 2.00000E+02 2.00000E+02 2.00000E+02 2.00000E+02 2.00000E+02
 2.00000E+02 2.00000E+02 2.00000E+02 2.00000E+02 2.00000E+02 2.00000E+02 2.00000E+02 2.00000E+02
 2.00000E+02 2.00000E+02 2.00000E+02 2.00000E+02 2.00000E+02 2.00000E+02 2.00000E+02 2.00000E+02
 2.00000E+02 2.00000E+02 2.00000E+02 2.00000E+02 2.00000E+02 2.00000E+02 2.00000E+02 1.98600E+02
 1.96000E+02 1.94700E+02 1.92000E+02 1.90800E+02 1.89000E+02 1.86900E+02 1.86900E+02 1.86900E+02
 1.86900E+02 1.86900E+02 1.88000E+02 1.90000E+02 1.91000E+02 1.92500E+02 1.94000E+02 1.95000E+02
 1.96500E+02 1.98000E+02 2.00000E+02 2.00000E+02 1.00000E+05 1.00000E+05 1.00000E+05 1.00000E+05
 1.00000E+05 1.00000E+05 1.00000E+05 1.00000E+05 1.00000E+05 8.94400E+04 4.89900E+04 2.25800E+04
 1.16600E+04 6.81200E+03 5.16500E+03 4.29000E+03 3.95000E+03 3.90000E+03 3.99900E+03 4.34300E+03
 4.84400E+03 5.43900E+03 6.18700E+03 7.03600E+03 7.98400E+03 8.98600E+03 1.00300E+04 1.12800E+04
 1.24900E+04 1.36300E+04 1.51300E+04 1.66900E+04 1.81800E+04 1.99800E+04 2.19800E+04 2.44500E+04
 2.74600E+04 3.04600E+04 3.39400E+04 3.79500E+04 4.19500E+04 4.64300E+04 5.19100E+04 5.84000E+04
 6.44500E+04 7.13600E+04 7.99000E+04 8.79100E+04 9.68700E+04 1.06900E+05 1.17800E+05 1.31800E+05
 1.48300E+05 1.65800E+05 1.83300E+05 2.01800E+05 2.25600E+05 2.52200E+05 2.77200E+05 3.07000E+05
 3.42100E+05 3.79500E+05 4.21900E+05 4.71700E+05 5.17400E+05 5.67400E+05 6.22400E+05 6.82600E+05
 7.48700E+05 8.21200E+05 9.00700E+05 9.87900E+05 1.00000E+06 1.00000E+06 1.00000E+06 1.00000E+06
 1.00000E+06 1.00000E+06 1.00000E+06 1.00000E+06 1.00000E+06 1.00000E+06 1.00000E+06 1.00000E+06
 1.00000E+06 1.00000E+06 1.00000E+06 1.00000E+06 1.00000E+06 1.00000E+06 1.00000E+06 1.00000E+06
 1.00000E+06 1.00000E+06 1.00000E+06 1.00000E+06 1.00000E+06 1.00000E+06 1.00000E+06 1.00000E+06
 2.42865E+19 2.20947E+19 2.00567E+19 1.81641E+19 1.62927E+19 1.46406E+19 1.31753E+19 1.18242E+19
 1.05810E+19 9.62375E+18 8.85678E+18 7.56672E+18 6.46488E+18 5.52376E+18 4.71988E+18 4.21864E+18
 3.57682E+18 3.03281E+18 2.57167E+18 2.18076E+18 1.84937E+18 1.56842E+18 1.33021E+18 1.12825E+18
 9.56993E+17 8.11775E+17 6.88629E+17 5.84194E+17 4.95623E+17 4.20501E+17 3.56785E+17 3.02738E+17
 2.56892E+17 2.18000E+17 1.85005E+17 1.57012E+17 1.33262E+17 1.13110E+17 9.60102E+16 8.14997E+16
 6.91859E+16 5.87355E+16 4.98662E+16 4.23383E+16 3.59487E+16 3.05250E+16 2.59209E+16 2.20123E+16
 1.86941E+16 1.58769E+16 1.34849E+16 1.14539E+16 9.72923E+15 8.26470E+15 7.02098E+15 5.96473E+15
 5.06764E+15 4.30569E+15 3.65849E+15 3.10872E+15 2.64171E+15 2.24497E+15 1.90791E+15 1.62153E+15
 1.37821E+15 1.17146E+15 9.95780E+14 8.46487E+14 7.19612E+14 6.11785E+14 5.20141E+14 4.42247E+14
 3.76037E+14 3.19756E+14 2.71912E+14 2.31238E+14 1.96659E+14 1.67259E+14 1.42261E+14 1.21789E+14
 1.04739E+14 8.93493E+13 7.66522E+13 6.51478E+13 5.54768E+13 4.72406E+13 3.97440E+13 3.34388E+13
 2.81353E+13 2.36743E+13 1.98152E+13 1.65313E+13 1.38847E+13 1.16453E+13 9.78096E+12 8.24588E+12
 6.94191E+12 5.85209E+12 4.92863E+12 4.19642E+12 9.94552E-11 1.21511E-10 1.68073E-10 2.26563E-10
 2.91069E-10 3.56638E-10 4.18524E-10 4.72416E-10 5.13994E-10 5.41199E-10 5.57193E-10 5.69531E-10
 5.68162E-10 5.53553E-10 5.27246E-10 4.91679E-10 4.49415E-10 4.04498E-10 3.60536E-10 3.20287E-10
 2.85369E-10 2.55588E-10 2.30397E-10 2.09203E-10 1.90859E-10 1.73939E-10 1.57739E-10 1.42299E-10
 1.27607E-10 1.13508E-10 1.00104E-10 8.75362E-11 7.57500E-11 6.47961E-11 5.47853E-11 4.57971E-11
 3.78955E-11 3.10117E-11 2.50606E-11 1.99999E-11 1.57364E-11 1.21812E-11 9.28027E-12 6.96839E-12
 5.14302E-12 3.71719E-12 2.63388E-12 1.82521E-12 1.23112E-12 8.07070E-13 5.08325E-13 3.12067E-13
 1.87047E-13 1.08947E-13 6.11666E-14 3.29263E-14 1.71116E-14 8.56757E-15 4.07291E-15 1.84243E-15
 7.93895E-16 3.24381E-16 1.25790E-16 4.64178E-17 1.59325E-17 5.05904E-18 1.47826E-18 3.95029E-19
 9.59365E-20 2.10299E-20 4.13034E-21 7.21139E-22 9.49254E-23 8.74467E-24 5.29518E-25 1.95796E-26
 4.05431E-28 4.24662E-30 1.99651E-32 3.64331E-35 2.15325E-38 3.32825E-42 1.03354E-46 4.73175E-52
 2.19410E-58 6.50752E-66 7.33917E-75 1.70094E-85 3.90012E-98 1.00000-100 1.00000-100 1.00000-100
 1.00000-100 1.00000-100 1.00000-100 1.00000-100 1.00000-100 1.00000-100 1.00000-100 1.00000-100
 3.65681E+01 3.19993E+01 3.27886E+01 3.39343E+01 3.58717E+01 3.69348E+01 3.67539E+01 3.56924E+01
 3.34861E+01 3.09997E+01 2.86848E+01 2.32792E+01 1.93932E+01 1.57238E+01 1.23511E+01 1.11537E+01
 9.03099E+00 7.72403E+00 6.82008E+00 6.35197E+00 6.11755E+00 6.02427E+00 6.13983E+00 6.44162E+00
 5.86093E+00 4.47927E+00 3.40608E+00 2.58124E+00 1.94454E+00 1.45301E+00 1.07668E+00 7.91352E-01
 5.75568E-01 4.14011E-01 2.94849E-01 2.07602E-01 1.44684E-01 9.97178E-02 6.78611E-02 4.56033E-02
 3.02547E-02 1.97438E-02 1.26822E-02 8.03659E-03 5.00476E-03 3.05280E-03 1.82629E-03 1.06823E-03
 6.07991E-04 3.36189E-04 1.78524E-04 9.23930E-05 4.67228E-05 2.29541E-05 1.08650E-05 4.92664E-06
 2.15539E-06 9.08299E-07 3.63437E-07 1.38397E-07 5.00804E-08 1.72976E-08 5.70063E-09 1.78785E-09
 5.21580E-10 1.40773E-10 3.49651E-11 7.94275E-12 1.63985E-12 3.05603E-13 5.10304E-14 7.57540E-15
 8.47881E-16 6.64177E-17 3.42004E-18 1.07544E-19 1.89388E-21 1.68715E-23 6.74652E-26 1.05396E-28
 5.35707E-32 7.06365E-36 1.88181E-40 7.32222E-46 2.89127E-52 7.30218E-60 6.92851E-69 1.35101E-79
 2.60646E-92 5.62341E-95 4.70673E-95 3.92670E-95 3.29806E-95 2.76613E-95 2.32329E-95 1.95866E-95
 1.64892E-95 1.39006E-95 1.17071E-95 9.96783E-96 0.00000E+00 0.00000E+00 0.00000E+00 0.00000E+00
 0.00000E+00 0.00000E+00 0.00000E+00 0.00000E+00 0.00000E+00 0.00000E+00 0.00000E+00 0.00000E+00
 0.00000E+00 0.00000E+00 0.00000E+00 0.00000E+00 0.00000E+00 0.00000E+00 0.00000E+00 0.00000E+00
 0.00000E+00 0.00000E+00 0.00000E+00 0.00000E+00 0.00000E+00 0.00000E+00 0.00000E+00 0.00000E+00
 0.00000E+00 0.00000E+00 0.00000E+00 0.00000E+00 0.00000E+00 0.00000E+00 0.00000E+00 0.00000E+00
 0.00000E+00 0.00000E+00 0.00000E+00 0.00000E+00 0.00000E+00 0.00000E+00 0.00000E+00 0.00000E+00
 0.00000E+00 0.00000E+00 0.00000E+00 0.00000E+00 0.00000E+00 0.00000E+00 0.00000E+00 0.00000E+00
 0.00000E+00 0.00000E+00 0.00000E+00 0.00000E+00 0.00000E+00 0.00000E+00 0.00000E+00 0.00000E+00
 0.00000E+00 0.00000E+00 0.00000E+00 0.00000E+00 0.00000E+00 0.00000E+00 0.00000E+00 0.00000E+00
 0.00000E+00 0.00000E+00 0.00000E+00 0.00000E+00 0.00000E+00 0.00000E+00 0.00000E+00 0.00000E+00
 0.00000E+00 0.00000E+00 0.00000E+00 0.00000E+00 0.00000E+00 0.00000E+00 0.00000E+00 0.00000E+00
 0.00000E+00 0.00000E+00 0.00000E+00 0.00000E+00 0.00000E+00 0.00000E+00 0.00000E+00 0.00000E+00
 0.00000E+00 0.00000E+00 0.00000E+00 0.00000E+00 0.00000E+00 0.00000E+00 0.00000E+00 0.00000E+00
 0.00000E+00 0.00000E+00 0.00000E+00 0.00000E+00 0.00000E+00 0.00000E+00 0.00000E+00 0.00000E+00
 0.00000E+00 0.00000E+00 0.00000E+00 0.00000E+00 0.00000E+00 0.00000E+00 0.00000E+00 0.00000E+00
 0.00000E+00 0.00000E+00 0.00000E+00 0.00000E+00 0.00000E+00 0.00000E+00 0.00000E+00 0.00000E+00
 0.00000E+00 0.00000E+00 0.00000E+00 0.00000E+00 0.00000E+00 0.00000E+00 0.00000E+00 0.00000E+00
 0.00000E+00 0.00000E+00 0.00000E+00 0.00000E+00 0.00000E+00 0.00000E+00 0.00000E+00 0.00000E+00
 0.00000E+00 0.00000E+00 0.00000E+00 0.00000E+00 0.00000E+00 0.00000E+00 0.00000E+00 0.00000E+00
 0.00000E+00 0.00000E+00 0.00000E+00 0.00000E+00 0.00000E+00 0.00000E+00 0.00000E+00 0.00000E+00
 0.00000E+00 0.00000E+00 0.00000E+00 0.00000E+00 0.00000E+00 0.00000E+00 0.00000E+00 0.00000E+00
 0.00000E+00 0.00000E+00 0.00000E+00 0.00000E+00 0.00000E+00 0.00000E+00 0.00000E+00 0.00000E+00
 0.00000E+00 0.00000E+00 0.00000E+00 0.00000E+00 0.00000E+00 0.00000E+00 0.00000E+00 0.00000E+00
 0.00000E+00 0.00000E+00 0.00000E+00 0.00000E+00 0.00000E+00 0.00000E+00 0.00000E+00 0.00000E+00
 0.00000E+00 0.00000E+00 0.00000E+00 0.00000E+00 0.00000E+00 0.00000E+00 0.00000E+00 0.00000E+00
 0.00000E+00 0.00000E+00 0.00000E+00 0.00000E+00 7.14321E-04 7.80771E-04 8.57626E-04 9.44088E-04
 1.02471E-03 1.11526E-03 1.22092E-03 1.33909E-03 1.47672E-03 1.65104E-03 1.87213E-03 2.12680E-03
 2.39423E-03 2.71570E-03 3.10787E-03 3.47848E-03 3.92209E-03 4.32989E-03 4.73332E-03 5.09526E-03
 5.45061E-03 5.81835E-03 6.17016E-03 6.51089E-03 7.23710E-03 8.53982E-03 1.00823E-02 1.19002E-02
 1.40504E-02 1.65940E-02 1.96011E-02 2.31546E-02 2.73571E-02 3.23207E-02 3.81653E-02 4.50713E-02
 5.32316E-02 6.28741E-02 7.42691E-02 8.77356E-02 1.03594E-01 1.22328E-01 1.44446E-01 1.70503E-01
 2.01274E-01 2.37578E-01 2.80386E-01 3.30936E-01 3.90647E-01 4.61196E-01 5.44577E-01 6.43056E-01
 7.59086E-01 8.96142E-01 1.05812E+00 1.24981E+00 1.47659E+00 1.74465E+00 2.06133E+00 2.43535E+00
 2.88011E+00 3.39665E+00 3.99669E+00 4.70250E+00 5.53269E+00 6.50911E+00 7.65747E+00 9.00799E+00
 1.05962E+01 1.24637E+01 1.46597E+01 1.72417E+01 2.02774E+01 2.38465E+01 2.80423E+01 3.29748E+01
 3.87729E+01 4.55883E+01 5.35989E+01 6.30626E+01 7.43367E+01 8.77487E+01 1.03798E+02 1.22942E+02
 1.45840E+02 1.73335E+02 2.06030E+02 2.44879E+02 2.91038E+02 3.45879E+02 4.10640E+02 4.86671E+02
 5.76209E+02 6.81347E+02 8.04618E+02 9.49280E+02 1.11862E+03 1.31651E+03 1.54708E+03 1.81703E+03
 0.00000E+00 0.00000E+00 0.00000E+00 0.00000E+00 0.00000E+00 0.00000E+00 0.00000E+00 0.00000E+00
 0.00000E+00 0.00000E+00 0.00000E+00 0.00000E+00 0.00000E+00 0.00000E+00 0.00000E+00 0.00000E+00
 0.00000E+00 0.00000E+00 0.00000E+00 0.00000E+00 0.00000E+00 0.00000E+00 0.00000E+00 0.00000E+00
 0.00000E+00 0.00000E+00 0.00000E+00 0.00000E+00 0.00000E+00 0.00000E+00 0.00000E+00 0.00000E+00
 0.00000E+00 0.00000E+00 0.00000E+00 0.00000E+00 0.00000E+00 0.00000E+00 0.00000E+00 0.00000E+00
 0.00000E+00 0.00000E+00 0.00000E+00 0.00000E+00 0.00000E+00 0.00000E+00 0.00000E+00 0.00000E+00
 0.00000E+00 0.00000E+00 0.00000E+00 0.00000E+00 0.00000E+00 0.00000E+00 0.00000E+00 0.00000E+00
 0.00000E+00 0.00000E+00 0.00000E+00 0.00000E+00 0.00000E+00 0.00000E+00 0.00000E+00 0.00000E+00
 0.00000E+00 0.00000E+00 0.00000E+00 0.00000E+00 0.00000E+00 0.00000E+00 0.00000E+00 0.00000E+00
 0.00000E+00 0.00000E+00 0.00000E+00 0.00000E+00 0.00000E+00 0.00000E+00 0.00000E+00 0.00000E+00
 0.00000E+00 0.00000E+00 0.00000E+00 0.00000E+00 0.00000E+00 0.00000E+00 0.00000E+00 0.00000E+00
 0.00000E+00 0.00000E+00 0.00000E+00 0.00000E+00 0.00000E+00 0.00000E+00 0.00000E+00 0.00000E+00
 0.00000E+00 0.00000E+00 0.00000E+00 0.00000E+00 0.00000E+00 0.00000E+00 0.00000E+00 0.00000E+00
 0.00000E+00 0.00000E+00 0.00000E+00 0.00000E+00 0.00000E+00 0.00000E+00 0.00000E+00 0.00000E+00
 0.00000E+00 0.00000E+00 0.00000E+00 0.00000E+00 0.00000E+00 0.00000E+00 0.00000E+00 0.00000E+00
 0.00000E+00 0.00000E+00 0.00000E+00 0.00000E+00 0.00000E+00 0.00000E+00 0.00000E+00 0.00000E+00
 0.00000E+00 0.00000E+00 0.00000E+00 0.00000E+00 0.00000E+00 0.00000E+00 0.00000E+00 0.00000E+00
 0.00000E+00 0.00000E+00 0.00000E+00 0.00000E+00 0.00000E+00 0.00000E+00 0.00000E+00 0.00000E+00
 0.00000E+00 0.00000E+00 0.00000E+00 0.00000E+00 0.00000E+00 0.00000E+00 0.00000E+00 0.00000E+00
 0.00000E+00 0.00000E+00 0.00000E+00 0.00000E+00 0.00000E+00 0.00000E+00 0.00000E+00 0.00000E+00
 0.00000E+00 0.00000E+00 0.00000E+00 0.00000E+00 0.00000E+00 0.00000E+00 0.00000E+00 0.00000E+00
 0.00000E+00 0.00000E+00 0.00000E+00 0.00000E+00 0.00000E+00 0.00000E+00 0.00000E+00 0.00000E+00
 0.00000E+00 0.00000E+00 0.00000E+00 0.00000E+00 0.00000E+00 0.00000E+00 0.00000E+00 0.00000E+00
 0.00000E+00 0.00000E+00 0.00000E+00 0.00000E+00 0.00000E+00 0.00000E+00 0.00000E+00 0.00000E+00
 0.00000E+00 0.00000E+00 0.00000E+00 0.00000E+00 0.00000E+00 0.00000E+00 0.00000E+00 0.00000E+00
 1.87259E-05 1.87259E-05 1.87259E-05 1.87259E-05 1.87259E-05 1.87259E-05 1.87259E-05 1.87259E-05
 1.87259E-05 1.87259E-05 1.87259E-05 1.87259E-05 1.87259E-05 1.87259E-05 1.87259E-05 1.87259E-05
 1.83935E-05 1.76500E-05 1.67030E-05 1.55126E-05 1.42571E-05 1.30260E-05 1.17888E-05 1.05941E-05
 1.00000E-05 1.00000E-05 1.00000E-05 1.00000E-05 1.00000E-05 1.00000E-05 1.00000E-05 1.00000E-05
 1.00000E-05 1.00000E-05 1.00000E-05 1.00000E-05 1.00000E-05 1.00000E-05 1.00000E-05 1.00000E-05
 1.00000E-05 1.00000E-05 1.00000E-05 1.00000E-05 1.00000E-05 1.00000E-05 1.00000E-05 1.00000E-05
 1.00000E-05 1.00000E-05 1.00000E-05 1.00000E-05 1.00000E-05 1.00000E-05 1.00000E-05 1.00000E-05
 1.00000E-05 1.00000E-05 1.00000E-05 1.00000E-05 1.00000E-05 1.00000E-05 1.00000E-05 1.00000E-05
 1.00000E-05 1.00000E-05 1.00000E-05 1.00000E-05 1.00000E-05 1.00000E-05 1.00000E-05 1.00000E-05
 1.00000E-05 1.00000E-05 1.00000E-05 1.00000E-05 1.00000E-05 1.00000E-05 1.00000E-05 1.00000E-05
 1.00000E-05 1.00000E-05 1.00000E-05 1.00000E-05 1.00000E-05 1.00000E-05 1.00000E-05 1.00000E-05
 1.00000E-05 1.00000E-05 1.00000E-05 1.00000E-05 1.00000E-05 1.00000E-05 1.00000E-05 1.00000E-05
 1.00000E-05 1.00000E-05 1.00000E-05 1.00000E-05 0.00000E+00 0.00000E+00 0.00000E+00 0.00000E+00
 0.00000E+00 0.00000E+00 0.00000E+00 0.00000E+00 0.00000E+00 0.00000E+00 0.00000E+00 0.00000E+00
 0.00000E+00 0.00000E+00 0.00000E+00 0.00000E+00 0.00000E+00 0.00000E+00 0.00000E+00 0.00000E+00
 0.00000E+00 0.00000E+00 0.00000E+00 0.00000E+00 0.00000E+00 0.00000E+00 0.00000E+00 0.00000E+00
 0.00000E+00 0.00000E+00 0.00000E+00 0.00000E+00 0.00000E+00 0.00000E+00 0.00000E+00 0.00000E+00
 0.00000E+00 0.00000E+00 0.00000E+00 0.00000E+00 0.00000E+00 0.00000E+00 0.00000E+00 0.00000E+00
 0.00000E+00 0.00000E+00 0.00000E+00 0.00000E+00 0.00000E+00 0.00000E+00 0.00000E+00 0.00000E+00
 0.00000E+00 0.00000E+00 0.00000E+00 0.00000E+00 0.00000E+00 0.00000E+00 0.00000E+00 0.00000E+00
 0.00000E+00 0.00000E+00 0.00000E+00 0.00000E+00 0.00000E+00 0.00000E+00 0.00000E+00 0.00000E+00
 0.00000E+00 0.00000E+00 0.00000E+00 0.00000E+00 0.00000E+00 0.00000E+00 0.00000E+00 0.00000E+00
 0.00000E+00 0.00000E+00 0.00000E+00 0.00000E+00 0.00000E+00 0.00000E+00 0.00000E+00 0.00000E+00
 0.00000E+00 0.00000E+00 0.00000E+00 0.00000E+00 0.00000E+00 0.00000E+00 0.00000E+00 0.00000E+00
 0.00000E+00 0.00000E+00 0.00000E+00 0.00000E+00 0.00000E+00 0.00000E+00 0.00000E+00 0.00000E+00
 0.00000E+00 0.00000E+00 0.00000E+00 0.00000E+00 0.00000E+00 0.00000E+00 0.00000E+00 0.00000E+00
 0.00000E+00 0.00000E+00 0.00000E+00 0.00000E+00 0.00000E+00 0.00000E+00 0.00000E+00 0.00000E+00
 0.00000E+00 0.00000E+00 0.00000E+00 0.00000E+00 0.00000E+00 0.00000E+00 0.00000E+00 0.00000E+00
 0.00000E+00 0.00000E+00 0.00000E+00 0.00000E+00 0.00000E+00 0.00000E+00 0.00000E+00 0.00000E+00
 0.00000E+00 0.00000E+00 0.00000E+00 0.00000E+00 0.00000E+00 0.00000E+00 0.00000E+00 0.00000E+00
 0.00000E+00 0.00000E+00 0.00000E+00 0.00000E+00 0.00000E+00 0.00000E+00 0.00000E+00 0.00000E+00
 0.00000E+00 0.00000E+00 0.00000E+00 0.00000E+00 0.00000E+00 0.00000E+00 0.00000E+00 0.00000E+00
 0.00000E+00 0.00000E+00 0.00000E+00 0.00000E+00 0.00000E+00 0.00000E+00 0.00000E+00 0.00000E+00
 0.00000E+00 0.00000E+00 0.00000E+00 0.00000E+00 0.00000E+00 0.00000E+00 0.00000E+00 0.00000E+00
 0.00000E+00 0.00000E+00 0.00000E+00 0.00000E+00 0.00000E+00 0.00000E+00 0.00000E+00 0.00000E+00
 0.00000E+00 0.00000E+00 0.00000E+00 0.00000E+00 0.00000E+00 0.00000E+00 0.00000E+00 0.00000E+00
 0.00000E+00 0.00000E+00 0.00000E+00 0.00000E+00 0.00000E+00 0.00000E+00 0.00000E+00 0.00000E+00
 0.00000E+00 0.00000E+00 0.00000E+00 0.00000E+00
