 3.68765E-11 4.55845E-14 1.12652E-02 4.03786E-13 1.98491E-11 5.49638E-10 3.33984E-11 4.51405E-16
 6.49298E-09 1.36880E-07 2.39752E-08 1.30588E-10 3.20675E-12 5.21188E-10 1.48553E-12 1.59906E-12
 6.71972E-14 9.68087E-12 6.38774E-14 9.33145E-16 1.09963E-18 2.91862E-23 7.86952E-11 8.22808E-14
 2.39586E-16 7.35416E-15 8.99902E-12 3.78928E-15 5.94479E-13 2.71208E-15 8.46034E-15 8.06734E-12
 3.83735E-12 2.05107E-14 3.77827E-11 9.58304E-14 7.24381E-03 7.39906E-13 2.05951E-11 4.39072E-10
 5.23283E-11 5.59675E-16 6.76874E-09 1.28879E-07 1.41959E-08 1.18600E-10 4.14404E-12 4.76159E-10
 1.86743E-12 1.91281E-12 1.38231E-13 1.45180E-11 1.71194E-13 2.32188E-15 5.08993E-18 1.03001E-22
 6.39171E-11 1.04327E-13 6.41712E-16 1.02526E-14 1.35547E-11 4.53417E-15 3.93492E-13 2.73745E-15
 1.58640E-14 9.01476E-12 7.31857E-12 1.62151E-14 3.52201E-11 1.90418E-13 4.50299E-03 1.23856E-12
 2.00871E-11 3.12459E-10 8.04199E-11 6.43778E-16 6.97740E-09 1.21052E-07 8.00130E-09 9.13950E-11
 4.62909E-12 4.31304E-10 2.45241E-12 2.24254E-12 2.70832E-13 2.04314E-11 4.16855E-13 5.09725E-15
 2.09813E-17 4.68372E-22 5.06603E-11 1.40089E-13 1.58512E-15 1.59781E-14 1.89521E-11 6.21322E-15
 2.37342E-13 2.30833E-15 2.02237E-14 7.70462E-12 1.03009E-11 1.13423E-14 3.07000E-11 3.62833E-13
 2.58793E-03 1.90686E-12 1.87527E-11 2.11111E-10 1.21481E-10 7.22293E-16 7.12847E-09 1.13622E-07
 4.50696E-09 6.19937E-11 4.54043E-12 3.87569E-10 3.25206E-12 2.52157E-12 4.90915E-13 2.61438E-11
 8.35492E-13 9.55627E-15 7.57298E-17 2.86903E-21 3.93130E-11 2.08126E-13 3.42583E-15 2.84510E-14
 2.39040E-11 9.62868E-15 1.53396E-13 1.92795E-15 2.29525E-14 6.24841E-12 1.24745E-11 8.23874E-15
 2.70083E-11 5.92940E-13 1.73334E-03 2.89861E-12 1.90896E-11 1.62493E-10 1.54696E-10 9.84764E-16
 7.23980E-09 1.06739E-07 2.69809E-09 4.35135E-11 4.36221E-12 3.45572E-10 3.94402E-12 2.74435E-12
 7.83742E-13 3.15938E-11 1.15605E-12 1.59506E-14 1.99278E-16 1.32710E-20 2.99270E-11 3.21285E-13
 6.72232E-15 4.91873E-14 2.80309E-11 1.39228E-14 1.17145E-13 1.84496E-15 2.32541E-14 5.13110E-12
 1.43192E-11 6.29273E-15 2.28651E-11 9.14287E-13 1.04214E-03 4.14950E-12 1.95240E-11 1.34829E-10
 1.91550E-10 1.41272E-15 7.33399E-09 1.00638E-07 1.80850E-09 3.02231E-11 3.89394E-12 3.05850E-10
 4.66425E-12 2.92484E-12 1.15884E-12 3.59820E-11 1.37055E-12 2.42486E-14 5.04210E-16 6.38384E-20
 2.25581E-11 4.83676E-13 1.20078E-14 8.05454E-14 3.11043E-11 1.93478E-14 9.70246E-14 1.83314E-15
 2.35246E-14 4.40070E-12 1.60815E-11 5.11838E-15 1.86694E-11 1.31930E-12 5.55006E-04 5.59693E-12
 1.94630E-11 1.14141E-10 2.27989E-10 1.97233E-15 7.43258E-09 9.55129E-08 1.37342E-09 2.05430E-11
 3.28525E-12 2.69114E-10 5.50464E-12 3.06157E-12 1.62478E-12 3.86053E-11 1.32172E-12 3.35504E-14
 1.18962E-15 3.08137E-19 1.70829E-11 6.73392E-13 1.97821E-14 1.21869E-13 3.31795E-11 2.51961E-14
 8.52147E-14 1.88980E-15 2.46469E-14 3.97348E-12 1.78765E-11 4.39833E-15 1.51451E-11 1.78524E-12
 2.85590E-04 7.17424E-12 1.89705E-11 9.73328E-11 2.56042E-10 2.63690E-15 7.55237E-09 9.14348E-08
 1.17552E-09 1.40137E-11 2.72176E-12 2.35985E-10 6.52466E-12 3.16674E-12 2.16660E-12 3.92872E-11
 1.11152E-12 4.20798E-14 2.28304E-15 1.24762E-18 1.32145E-11 8.39397E-13 3.01957E-14 1.66505E-13
 3.45143E-11 2.96347E-14 7.94092E-14 2.05117E-15 2.69952E-14 3.79239E-12 1.96335E-11 3.98437E-15
 1.22472E-11 2.35761E-12 1.41570E-04 8.93607E-12 1.84517E-11 8.47808E-11 2.81893E-10 3.50120E-15
 7.70467E-09 8.83951E-08 1.13523E-09 9.69702E-12 2.23734E-12 2.07032E-10 7.67404E-12 3.24810E-12
 2.77776E-12 3.84619E-11 8.97212E-13 4.95944E-14 3.52586E-15 4.50457E-18 1.06488E-11 9.87523E-13
 4.37825E-14 2.13978E-13 3.53036E-11 3.28624E-14 7.68510E-14 2.26782E-15 3.01354E-14 3.76458E-12
 2.08219E-11 3.70029E-15 8.54214E-12 3.61407E-12 3.84852E-05 9.08362E-12 1.27221E-11 5.22333E-11
 3.96165E-10 2.97970E-15 7.90632E-09 8.62634E-08 1.26785E-09 4.96955E-12 1.49186E-12 1.81729E-10
 1.17017E-11 3.29827E-12 3.98428E-12 3.32754E-11 5.90527E-13 4.85617E-14 4.28225E-15 3.27454E-17
 9.08981E-12 9.95875E-13 5.80116E-14 2.99360E-13 3.57838E-11 4.34259E-14 7.43979E-14 2.02372E-15
 4.26848E-14 3.97511E-12 1.91033E-11 3.54900E-15 5.06288E-12 6.48225E-12 5.43167E-06 6.32523E-12
 5.50289E-12 2.01367E-11 7.06458E-10 1.65770E-15 8.23271E-09 8.42725E-08 1.75870E-09 1.64577E-12
 6.87314E-13 1.54688E-10 2.23199E-11 2.98133E-12 5.15132E-12 2.05737E-11 2.74209E-13 2.97660E-14
 2.45683E-15 1.15307E-16 7.93584E-12 6.07484E-13 6.16091E-14 3.57609E-13 3.66912E-11 4.82792E-14
 1.16070E-15 1.99081E-17 7.27824E-15 3.97103E-13 6.11736E-12 4.86256E-17 4.80368E-12 8.57039E-12
 3.64163E-06 6.93046E-12 6.07295E-12 1.85072E-11 6.71225E-10 2.64580E-15 8.94021E-09 8.09388E-08
 2.44660E-09 1.51750E-12 6.67647E-13 1.18797E-10 2.43191E-11 2.92336E-12 4.79761E-12 1.67413E-11
 2.35814E-13 2.42136E-14 1.62427E-15 8.15719E-17 6.41495E-12 5.44980E-13 7.23877E-14 3.47375E-13
 3.82886E-11 3.37251E-14 9.61768E-18 1.75038E-19 5.91071E-16 2.87212E-14 1.11321E-12 3.31459E-19
 4.54515E-12 9.45952E-12 3.46977E-06 8.46241E-12 7.93920E-12 2.29730E-11 5.34463E-10 4.56415E-15
 1.05948E-08 7.50699E-08 3.07827E-09 1.71618E-12 7.02775E-13 7.57831E-11 2.23478E-11 2.82390E-12
 4.17990E-12 1.50155E-11 2.27040E-13 2.17592E-14 1.17212E-15 6.27882E-17 4.46222E-12 6.11040E-13
 9.50053E-14 3.52338E-13 4.01572E-11 2.41637E-14 3.84613E-20 9.12958E-22 3.15747E-17 1.52190E-15
 1.08007E-13 1.26865E-21 4.10763E-12 1.04150E-11 3.09594E-06 9.93527E-12 9.92289E-12 2.71783E-11
 4.25951E-10 7.40188E-15 1.41028E-08 6.63880E-08 3.76145E-09 1.82120E-12 7.01700E-13 3.81799E-11
 1.94051E-11 2.51218E-12 3.29600E-12 1.21492E-11 1.96536E-13 1.73494E-14 6.95428E-16 4.91374E-17
 2.57887E-12 6.64233E-13 1.23268E-13 3.60485E-13 4.19587E-11 1.61548E-14 9.20971E-23 4.45364E-24
 1.50876E-18 7.04924E-17 6.03334E-15 6.68856E-24 3.54175E-12 1.18968E-11 2.42802E-06 1.08707E-11
 1.16320E-11 2.94285E-11 3.53149E-10 1.12284E-14 2.04074E-08 5.63658E-08 4.76411E-09 1.80051E-12
 6.58668E-13 1.54905E-11 1.60636E-11 2.02198E-12 2.29992E-12 8.42372E-12 1.49189E-13 1.15996E-14
 3.14049E-16 3.72921E-17 1.29528E-12 6.69616E-13 1.51177E-13 3.63395E-13 4.32122E-11 9.66638E-15
 5.62259E-25 1.24996E-25 6.90274E-20 2.96500E-18 2.29484E-16 2.14005E-25 2.17515E-12 1.42448E-11
 1.45397E-06 1.01914E-11 1.12480E-11 2.86119E-11 3.82430E-10 1.31387E-14 2.99445E-08 4.72272E-08
 6.42065E-09 1.34875E-12 4.29385E-13 5.45725E-12 1.27477E-11 1.45837E-12 1.54178E-12 5.10998E-12
 9.94668E-14 7.84109E-15 1.38684E-16 5.30291E-17 6.54126E-13 8.11391E-13 1.85306E-13 4.29963E-13
 4.36122E-11 7.71274E-15 1.49193E-26 4.38936E-27 3.06301E-21 1.08666E-19 6.85991E-18 8.03640E-27
 1.80196E-12 1.51613E-11 1.45798E-06 1.25540E-11 1.43238E-11 3.59686E-11 2.91838E-10 2.16797E-14
 4.29249E-08 3.86260E-08 7.15871E-09 1.26879E-12 3.87033E-13 1.80930E-12 9.22582E-12 1.10489E-12
 1.04044E-12 3.67524E-12 7.26906E-14 5.38777E-15 6.02476E-17 3.42763E-17 3.07946E-13 8.22689E-13
 2.32628E-13 4.04333E-13 4.39284E-11 4.00289E-15 7.22092E-28 2.06346E-28 9.06927E-23 3.29731E-21
 1.86882E-19 2.84957E-28 1.45594E-12 1.62929E-11 1.45589E-06 1.56248E-11 1.78628E-11 4.41269E-11
 2.25130E-10 3.57567E-14 5.98862E-08 3.10587E-08 7.75499E-09 1.09252E-12 3.28396E-13 5.98550E-13
 6.81780E-12 8.43704E-13 7.21195E-13 2.69360E-12 5.20938E-14 3.79459E-15 2.70442E-17 2.01215E-17
 1.37933E-13 7.78835E-13 2.85820E-13 3.62546E-13 4.41319E-11 1.99602E-15 4.24164E-29 1.18262E-29
 3.40882E-24 1.28646E-22 7.77037E-21 1.26107E-29 1.15375E-12 1.76652E-11 1.44681E-06 1.95703E-11
 2.20381E-11 5.34176E-11 1.75375E-10 5.93049E-14 8.12472E-08 2.47657E-08 8.30933E-09 8.86031E-13
 2.66635E-13 2.12039E-13 5.20674E-12 6.62504E-13 5.17703E-13 2.04243E-12 3.77482E-14 2.79287E-15
 1.30382E-17 1.07412E-17 6.01069E-14 6.95975E-13 3.40461E-13 3.10148E-13 4.42903E-11 9.76493E-16
 3.58062E-29 9.96089E-30 1.94624E-24 7.69638E-23 5.79445E-21 8.42014E-30 9.05174E-13 1.93170E-11
 1.43047E-06 2.45955E-11 2.70328E-11 6.42049E-11 1.37874E-10 9.90536E-14 1.07250E-07 1.97583E-08
 8.87924E-09 6.94052E-13 2.10971E-13 8.60617E-14 4.12581E-12 5.39166E-13 3.85359E-13 1.61006E-12
 2.80242E-14 2.16141E-15 6.84183E-18 5.30320E-18 2.60489E-14 5.94997E-13 3.92172E-13 2.55294E-13
 4.44278E-11 4.76338E-16 5.12063E-29 1.41139E-29 1.91181E-24 7.95191E-23 5.79083E-21 9.69084E-30
 7.10903E-13 2.13260E-11 1.40716E-06 3.09276E-11 3.30393E-11 7.68296E-11 1.09482E-10 1.66583E-13
 1.37898E-07 1.59048E-08 9.52563E-09 5.36658E-13 1.65543E-13 4.13870E-14 3.39178E-12 4.55103E-13
 2.96645E-13 1.31672E-12 2.13915E-14 1.75341E-15 3.89656E-18 2.48822E-18 1.14813E-14 4.94323E-13
 4.38027E-13 2.04954E-13 4.45465E-11 2.34979E-16 7.18354E-29 1.96875E-29 1.88927E-24 8.28653E-23
 5.78634E-21 1.12482E-29 5.62572E-13 2.38153E-11 1.37694E-06 3.87900E-11 4.02279E-11 9.14969E-11
 8.79644E-11 2.81528E-13 1.73626E-07 1.29543E-08 1.03170E-08 4.15125E-13 1.30254E-13 2.30378E-14
 2.87823E-12 3.95761E-13 2.34303E-13 1.10623E-12 1.66938E-14 1.47262E-15 2.36160E-18 1.14659E-18
 5.19125E-15 4.05653E-13 4.77269E-13 1.63140E-13 4.46428E-11 1.18347E-16 9.87450E-29 2.69904E-29
 1.87925E-24 8.68592E-23 5.78112E-21 1.31658E-29 4.50518E-13 2.69549E-11 1.33974E-06 4.83785E-11
 4.87037E-11 1.08139E-10 7.16430E-11 4.76350E-13 2.14948E-07 1.06870E-08 1.13247E-08 3.23811E-13
 1.03524E-13 1.42129E-14 2.50980E-12 3.51768E-13 1.88512E-13 9.44356E-13 1.32093E-14 1.26198E-15
 1.48873E-18 5.35055E-19 2.42058E-15 3.33260E-13 5.10604E-13 1.30734E-13 4.47157E-11 6.12985E-17
 1.33193E-28 3.64379E-29 1.89440E-24 9.18874E-23 5.77478E-21 1.56081E-29 3.65952E-13 3.09639E-11
 1.29540E-06 5.98376E-11 5.84644E-11 1.26302E-10 5.92244E-11 8.03064E-13 2.62384E-07 8.93021E-09
 1.26214E-08 2.55642E-13 8.34584E-14 9.37761E-15 2.24114E-12 3.17142E-13 1.53594E-13 8.10633E-13
 1.05044E-14 1.08809E-15 9.54769E-19 2.58904E-19 1.16912E-15 2.76573E-13 5.39592E-13 1.06724E-13
 4.47673E-11 3.27860E-17 1.76071E-28 4.84496E-29 1.94663E-24 9.83599E-23 5.76692E-21 1.87854E-29
 3.01386E-13 3.61387E-11 1.24342E-06 7.32391E-11 6.93688E-11 1.45098E-10 4.97399E-11 1.34246E-12
 3.16692E-07 7.54560E-09 1.42871E-08 2.04163E-13 6.82885E-14 6.47818E-15 2.04241E-12 2.87799E-13
 1.26068E-13 6.92698E-13 8.31808E-15 9.31554E-16 6.09885E-19 1.31731E-19 5.85552E-16 2.32777E-13
 5.66120E-13 8.93718E-14 4.48010E-11 1.80950E-17 2.27427E-28 6.33737E-29 2.04796E-24 1.06712E-22
 5.75709E-21 2.29682E-29 2.51060E-13 4.29278E-11 1.18310E-06 8.85740E-11 8.11387E-11 1.63291E-10
 4.25104E-11 2.21766E-12 3.78807E-07 6.42905E-09 1.64292E-08 1.64430E-13 5.66065E-14 4.65300E-15
 1.89311E-12 2.60998E-13 1.03755E-13 5.83959E-13 6.50331E-15 7.83072E-16 3.80807E-19 7.07251E-20
 3.03998E-16 1.98515E-13 5.91991E-13 7.69044E-14 4.48207E-11 1.02495E-17 2.85798E-28 8.13268E-29
 2.21166E-24 1.17416E-22 5.74478E-21 2.85075E-29 2.10685E-13 5.20629E-11 1.11342E-06 1.05727E-10
 9.33982E-11 1.79538E-10 3.70861E-11 3.61604E-12 4.49877E-07 5.50236E-09 1.92243E-08 1.32943E-13
 4.73514E-14 3.49354E-15 1.77779E-12 2.34933E-13 8.52172E-14 4.81691E-13 4.98288E-15 6.40066E-16
 2.28545E-19 3.98219E-20 1.63259E-16 1.70719E-13 6.18503E-13 6.77893E-14 4.48296E-11 5.89999E-18
 3.47696E-28 1.01984E-28 2.45520E-24 1.31032E-22 5.72940E-21 3.58834E-29 1.77521E-13 6.47048E-11
 1.03392E-06 1.24467E-10 1.05744E-10 1.92692E-10 3.31437E-11 5.82730E-12 5.30481E-07 4.71402E-09
 2.29595E-08 1.07478E-13 3.98084E-14 2.79022E-15 1.68527E-12 2.08729E-13 6.95581E-14 3.86204E-13
 3.72183E-15 5.04929E-16 1.30100E-19 2.31900E-20 9.09512E-17 1.46932E-13 6.46293E-13 6.07853E-14
 4.48310E-11 3.40864E-18 4.07950E-28 1.24500E-28 2.80293E-24 1.48266E-22 5.71023E-21 4.57777E-29
 1.50347E-13 8.25755E-11 9.43981E-07 1.44246E-10 1.17802E-10 2.02095E-10 3.04021E-11 9.30267E-12
 6.21330E-07 4.02154E-09 2.81457E-08 8.65194E-14 3.34275E-14 2.41499E-15 1.60555E-12 1.82034E-13
 5.60838E-14 2.98755E-13 2.69968E-15 3.81098E-16 6.92445E-20 1.36895E-20 5.27099E-17 1.25341E-13
 6.74475E-13 5.48894E-14 4.48285E-11 1.94611E-18 4.62376E-28 1.48001E-28 3.29864E-24 1.70278E-22
 5.68604E-21 5.93363E-29 1.32000E-13 1.08097E-10 8.41972E-07 1.63543E-10 1.29496E-10 2.08526E-10
 2.85880E-11 1.47600E-11 7.24119E-07 3.38516E-09 3.60442E-08 6.91635E-14 2.77418E-14 2.28084E-15
 1.52823E-12 1.55092E-13 4.41385E-14 2.20699E-13 1.90459E-15 2.71263E-16 3.38027E-20 7.96059E-21
 3.17649E-17 1.04778E-13 6.97230E-13 4.92040E-14 4.48301E-11 1.07748E-18 5.15162E-28 1.73313E-28
 4.04495E-24 1.99744E-22 5.65403E-21 7.92094E-29 1.35261E-13 1.44369E-10 7.27942E-07 1.78160E-10
 1.42643E-10 2.18945E-10 2.73985E-11 2.35788E-11 8.38837E-07 2.78536E-09 5.15080E-08 5.58587E-14
 2.24695E-14 2.32840E-15 1.44514E-12 1.29922E-13 3.31190E-14 1.54247E-13 1.34772E-15 1.78361E-16
 1.49216E-20 4.32783E-21 2.01253E-17 8.49599E-14 6.91888E-13 4.26550E-14 4.48598E-11 5.67467E-19
 6.04532E-28 2.09099E-28 5.33909E-24 2.44433E-22 5.60613E-21 1.14328E-28 1.89006E-13 1.93940E-10
 6.03161E-07 1.75768E-10 1.66133E-10 2.64127E-10 2.63509E-11 3.96503E-11 9.64206E-07 2.21701E-09
 9.94352E-08 4.92871E-14 1.73981E-14 2.50949E-15 1.34900E-12 1.10949E-13 2.21937E-14 1.00300E-13
 1.07399E-15 1.03134E-16 5.88052E-21 1.92983E-21 1.36269E-17 6.61570E-14 5.92653E-13 3.34925E-14
 4.49848E-11 2.76412E-19 9.33759E-28 2.99914E-28 8.37791E-24 3.33237E-22 5.51225E-21 2.08459E-28
 3.57548E-13 2.53045E-10 4.68921E-07 1.41007E-10 2.18885E-10 4.33148E-10 2.44629E-11 7.48848E-11
 1.09883E-06 1.68303E-09 2.99442E-07 5.24406E-14 1.24250E-14 2.78726E-15 1.23570E-12 9.99984E-14
 1.18596E-14 5.67052E-14 1.09790E-15 4.84552E-17 1.98042E-21 5.78379E-22 9.89225E-18 4.79933E-14
 3.71575E-13 2.15596E-14 4.52336E-11 1.16789E-19 2.58455E-27 6.36494E-28 1.77437E-23 5.53195E-22
 5.28076E-21 5.85274E-28 7.24070E-13 3.23791E-10 3.32684E-07 9.29845E-11 2.90338E-10 7.43128E-10
 2.20476E-11 1.49231E-10 1.23520E-06 1.20537E-09 1.04000E-06 5.66686E-14 8.20457E-15 3.13771E-15
 1.11472E-12 8.38497E-14 5.12713E-15 2.45057E-14 1.06846E-15 2.02406E-17 5.50198E-22 1.24975E-22
 7.58480E-18 2.97685E-14 1.94085E-13 1.17843E-14 4.54366E-11 3.89807E-20 8.96043E-27 1.67585E-27
 4.40342E-23 1.02895E-21 4.77643E-21 1.93983E-27 1.21407E-12 4.63627E-10 2.11452E-07 5.66105E-11
 3.13180E-10 8.18199E-10 2.21131E-11 2.67478E-10 1.35668E-06 8.11988E-10 3.00317E-06 5.25253E-14
 5.97406E-15 3.54378E-15 9.93238E-13 5.55709E-14 2.01954E-15 7.64924E-15 6.35832E-16 9.71998E-18
 1.38384E-22 2.35165E-23 6.02232E-18 1.39297E-14 1.18574E-13 6.01192E-15 4.55310E-11 9.58293E-21
 1.76868E-26 3.25302E-27 1.05599E-22 1.77054E-21 3.97095E-21 4.97283E-27 1.56304E-12 7.99746E-10
 1.21809E-07 3.36653E-11 2.61388E-10 5.21783E-10 2.68382E-11 4.08773E-10 1.44686E-06 5.16531E-10
 6.76086E-06 4.48509E-14 5.71833E-15 3.98557E-15 8.68724E-13 2.90239E-14 7.62219E-16 1.82258E-15
 2.19369E-16 5.58481E-18 3.27229E-23 3.88522E-24 4.89055E-18 4.67667E-15 9.66206E-14 2.87393E-15
 4.55625E-11 1.73719E-21 1.57511E-26 3.84585E-27 2.41491E-22 2.57796E-21 3.02535E-21 9.31096E-27
 1.57136E-12 1.65186E-09 6.58734E-08 2.11449E-11 1.75330E-10 2.11004E-10 3.91810E-11 5.73224E-10
 1.50326E-06 3.13596E-10 1.23533E-05 3.38146E-14 6.63908E-15 4.44656E-15 7.47394E-13 1.21225E-14
 2.98644E-16 3.64095E-16 4.70569E-17 3.28345E-18 6.34164E-24 6.63617E-25 4.04074E-18 1.25387E-15
 1.09254E-13 1.39725E-15 4.55517E-11 2.55105E-22 7.15616E-27 2.96297E-27 5.22195E-22 3.14760E-21
 2.17282E-21 1.32892E-26 1.30378E-12 3.92662E-09 3.43473E-08 1.48193E-11 9.95766E-11 6.08848E-11
 6.56798E-11 7.98707E-10 1.53498E-06 1.83161E-10 1.95325E-05 1.97916E-14 7.47505E-15 4.92173E-15
 6.36713E-13 4.10004E-15 1.29194E-16 6.53149E-17 6.82210E-18 1.74481E-18 9.03651E-25 1.76070E-25
 3.38437E-18 3.36390E-16 1.63530E-13 8.47131E-16 4.54957E-11 3.73238E-23 1.97455E-27 1.65818E-27
 1.02267E-21 3.29830E-21 1.51957E-21 1.46528E-26 9.32783E-13 1.00130E-08 1.75426E-08 1.15043E-11
 5.09797E-11 1.42216E-11 1.17517E-10 1.12450E-09 1.55175E-06 1.03582E-10 2.80488E-05 7.93303E-15
 6.44487E-15 5.40437E-15 5.40772E-13 1.25948E-15 6.16894E-17 1.16324E-17 8.01454E-19 8.28348E-19
 1.04477E-25 9.63722E-26 2.86693E-18 1.06330E-16 2.84174E-13 7.37779E-16 4.53720E-11 6.94082E-24
 3.68750E-28 6.99201E-28 1.64921E-21 3.12487E-21 1.06449E-21 1.20521E-26 5.88679E-13 2.51730E-08
 8.90474E-09 9.42426E-12 2.51573E-11 3.05005E-12 2.06951E-10 1.56117E-09 1.56021E-06 5.73111E-11
 3.76395E-05 2.22091E-15 3.95960E-15 5.86819E-15 4.60426E-13 4.70851E-16 3.11540E-17 2.57533E-18
 1.07754E-19 4.19828E-19 1.53539E-26 8.08122E-26 2.45582E-18 3.57280E-17 4.95250E-13 7.95109E-16
 4.51574E-11 1.87471E-24 5.15944E-29 2.29081E-28 2.04775E-21 3.01856E-21 7.70354E-22 7.37267E-27
 3.31546E-13 5.86357E-08 4.52425E-09 7.72123E-12 1.25385E-11 6.56817E-13 3.39377E-10 2.07499E-09
 1.56433E-06 3.12195E-11 4.81319E-05 5.14006E-16 2.00174E-15 6.26924E-15 3.93408E-13 2.63184E-16
 1.57893E-17 8.36689E-19 2.14958E-20 2.69240E-19 4.20979E-27 6.81752E-26 2.12484E-18 1.11312E-17
 7.88833E-13 8.59371E-16 4.48600E-11 7.26188E-25 6.22957E-30 6.45575E-29 2.04633E-21 3.19870E-21
 5.89764E-22 3.66915E-27 1.71222E-13 1.21405E-07 2.31531E-09 6.19256E-12 6.56753E-12 1.53326E-13
 4.99598E-10 2.60993E-09 1.56624E-06 1.68089E-11 5.93653E-05 1.16077E-16 9.74357E-16 6.55091E-15
 3.37197E-13 1.87073E-16 7.85712E-18 3.43626E-19 5.76569E-21 1.92370E-19 1.65109E-27 4.92892E-26
 1.85484E-18 3.32475E-18 1.12188E-12 8.59789E-16 4.45229E-11 3.19589E-25 7.87428E-31 1.85296E-29
 1.83882E-21 3.51135E-21 4.82677E-22 1.72629E-27 8.56207E-14 2.18676E-07 1.21430E-09 4.96839E-12
 3.78934E-12 4.25045E-14 6.44473E-10 3.16910E-09 1.56702E-06 9.01895E-12 7.10633E-05 2.87978E-17
 4.92724E-16 6.66605E-15 2.90363E-13 1.40788E-16 3.92842E-18 1.51293E-19 1.81274E-21 1.34282E-19
 6.72863E-28 3.07269E-26 1.63415E-18 1.07709E-18 1.46005E-12 7.98751E-16 4.41806E-11 1.37458E-25
 1.30444E-31 6.50096E-30 1.64663E-21 3.76408E-21 4.20064E-22 8.91752E-28 4.33411E-14 3.49735E-07
 6.67566E-10 4.09165E-12 2.44119E-12 1.45868E-14 7.38937E-10 3.82967E-09 1.56719E-06 4.87161E-12
 8.29495E-05 8.27875E-18 2.63815E-16 6.61195E-15 2.51716E-13 1.06333E-16 2.02901E-18 6.87637E-20
 6.39037E-22 9.03270E-20 2.64856E-28 1.74056E-26 1.45389E-18 4.01826E-19 1.80563E-12 7.07350E-16
 4.38306E-11 5.75835E-26 3.12701E-32 2.96679E-30 1.53738E-21 3.90946E-21 3.81753E-22 5.36317E-28
 2.23961E-14 5.17410E-07 3.89137E-10 3.46404E-12 1.71098E-12 5.96590E-15 7.82230E-10 4.66616E-09
 1.56699E-06 2.65502E-12 9.49695E-05 2.73629E-18 1.49443E-16 6.42501E-15 2.19548E-13 8.01565E-17
 1.08370E-18 3.20408E-20 2.44619E-22 5.95077E-20 1.01547E-28 9.35637E-27 1.30471E-18 1.68638E-19
 2.17807E-12 6.10224E-16 4.34536E-11 2.39513E-26 1.01265E-32 1.66349E-30 1.49411E-21 3.97687E-21
 3.55307E-22 3.65294E-28 1.17417E-14 7.31589E-07 2.40601E-10 2.97744E-12 1.25940E-12 2.71641E-15
 7.90437E-10 5.71161E-09 1.56655E-06 1.45934E-12 1.07127E-04 1.01239E-18 8.98182E-17 6.15130E-15
 1.92369E-13 6.04042E-17 5.90270E-19 1.51415E-20 9.83276E-23 3.88355E-20 3.83908E-29 4.90211E-27
 1.17947E-18 7.61131E-20 2.59645E-12 5.19735E-16 4.30302E-11 9.97821E-27 3.92801E-33 1.05423E-30
 1.49113E-21 3.99840E-21 3.34295E-22 2.68337E-28 6.26101E-15 1.00623E-06 1.56900E-10 2.55988E-12
 9.46344E-13 1.30033E-15 7.78062E-10 6.94546E-09 1.56595E-06 8.14533E-13 1.19265E-04 4.13202E-19
 5.80755E-17 5.83454E-15 1.69336E-13 4.56234E-17 3.23088E-19 7.17890E-21 4.04669E-23 2.52764E-20
 1.44473E-29 2.53991E-27 1.07447E-18 3.56822E-20 3.07333E-12 4.40203E-16 4.25481E-11 4.18431E-27
 1.65908E-33 7.08026E-31 1.51377E-21 3.99164E-21 3.15814E-22 2.04691E-28 3.39230E-15 1.35975E-06
 1.06170E-10 2.18118E-12 7.13844E-13 6.30752E-16 7.54949E-10 8.33146E-09 1.56523E-06 4.62415E-13
 1.31368E-04 1.83769E-19 4.06786E-17 5.50441E-15 1.49553E-13 3.45371E-17 1.75842E-19 3.38307E-21
 1.67631E-23 1.64389E-20 5.42186E-30 1.31211E-27 9.85687E-19 1.70172E-20 3.62033E-12 3.72290E-16
 4.19956E-11 1.76724E-27 7.20234E-34 4.84816E-31 1.55366E-21 3.96643E-21 2.98403E-22 1.58466E-28
 1.86143E-15 1.81623E-06 7.32235E-11 1.83440E-12 5.35892E-13 3.03916E-16 7.27026E-10 9.83183E-09
 1.56443E-06 2.66507E-13 1.43485E-04 8.80818E-20 3.08409E-17 5.17792E-15 1.32268E-13 2.61688E-17
 9.45927E-20 1.57519E-21 6.91786E-24 1.06800E-20 2.02570E-30 6.78707E-28 9.09624E-19 8.16099E-21
 4.24988E-12 3.15056E-16 4.13601E-11 7.50514E-28 3.11573E-34 3.31492E-31 1.60571E-21 3.92854E-21
 2.81338E-22 1.22946E-28 1.03647E-15 2.40405E-06 5.08665E-11 1.52006E-12 3.98759E-13 1.44247E-16
 6.96942E-10 1.13962E-08 1.56359E-06 1.56199E-13 1.55556E-04 4.51091E-20 2.51774E-17 4.86647E-15
 1.17075E-13 1.98367E-17 5.01780E-20 7.23351E-22 2.83176E-24 6.93163E-21 7.53384E-31 3.51713E-28
 8.44245E-19 3.91271E-21 4.97084E-12 2.66860E-16 4.06328E-11 3.20194E-28 1.32429E-34 2.24131E-31
 1.66806E-21 3.88003E-21 2.64406E-22 9.50349E-29 5.85721E-16 3.16026E-06 3.52927E-11 1.24122E-12
 2.93617E-13 6.71679E-17 6.66324E-10 1.29812E-08 1.56272E-06 9.31061E-14 1.67537E-04 2.43650E-20
 2.18699E-17 4.57491E-15 1.03640E-13 1.50331E-17 2.62328E-20 3.27355E-22 1.14695E-24 4.49287E-21
 2.78678E-31 1.82462E-28 7.87796E-19 1.86819E-21 5.79260E-12 2.26157E-16 3.98043E-11 1.36973E-28
 5.49078E-35 1.49125E-31 1.73904E-21 3.82265E-21 2.47537E-22 7.29534E-29 3.37211E-16 4.12667E-06
 2.43855E-11 9.99466E-13 2.14028E-13 3.07135E-17 6.35198E-10 1.45400E-08 1.56186E-06 5.65891E-14
 1.79303E-04 1.37057E-20 1.99336E-17 4.30588E-15 9.17883E-14 1.13923E-17 1.35307E-20 1.46193E-22
 4.60016E-25 2.90946E-21 1.02629E-31 9.44767E-29 7.39179E-19 8.87317E-22 6.71806E-12 1.91473E-16
 3.88716E-11 5.87018E-29 2.22221E-35 9.76881E-32 1.81905E-21 3.75592E-21 2.30836E-22 5.56238E-29
 1.99135E-16 5.34549E-06 1.68055E-11 7.94624E-13 1.54796E-13 1.38621E-17 6.02571E-10 1.60289E-08
 1.56103E-06 3.52312E-14 1.90692E-04 7.94544E-21 1.88055E-17 4.06021E-15 8.14107E-14 8.64061E-18
 6.90156E-21 6.46240E-23 1.83327E-25 1.88418E-21 3.77189E-32 4.85954E-29 6.97574E-19 4.19788E-22
 7.74073E-12 1.61563E-16 3.78415E-11 2.52054E-29 8.84340E-36 6.33258E-32 1.91021E-21 3.67753E-21
 2.14507E-22 4.22455E-29 1.20809E-16 6.86812E-06 1.15629E-11 6.24900E-13 1.11341E-13 6.19931E-18
 5.68219E-10 1.74296E-08 1.56023E-06 2.24782E-14 2.01667E-04 4.69999E-21 1.81459E-17 3.83487E-15
 7.23100E-14 6.55853E-18 3.48734E-21 2.83197E-23 7.27458E-26 1.22032E-21 1.38371E-32 2.47489E-29
 6.61824E-19 1.97997E-22 8.85510E-12 1.35643E-16 3.67192E-11 1.08307E-29 3.48150E-36 4.07960E-32
 2.01328E-21 3.58661E-21 1.98638E-22 3.20254E-29 7.50656E-17 8.76006E-06 7.93870E-12 4.86944E-13
 7.97769E-14 2.75238E-18 5.32557E-10 1.87413E-08 1.55947E-06 1.46511E-14 2.12283E-04 2.81400E-21
 1.77558E-17 3.62512E-15 6.42627E-14 4.97767E-18 1.74712E-21 1.23042E-23 2.87559E-26 7.89856E-22
 5.05898E-33 1.24591E-29 6.30733E-19 9.31176E-23 1.00588E-11 1.13220E-16 3.55072E-11 4.64823E-30
 1.36051E-36 2.61820E-32 2.12788E-21 3.48356E-21 1.83222E-22 2.42523E-29 4.76290E-17 1.10945E-05
 5.43657E-12 3.76507E-13 5.70330E-14 1.21542E-18 4.95848E-10 1.99641E-08 1.55874E-06 9.72271E-15
 2.22574E-04 1.69658E-21 1.75221E-17 3.42718E-15 5.71033E-14 3.77503E-18 8.68376E-22 5.30023E-24
 1.13311E-26 5.10630E-22 1.84124E-33 6.19130E-30 6.03402E-19 4.36989E-23 1.13465E-11 9.38894E-17
 3.42107E-11 1.98996E-30 5.29749E-37 1.67850E-32 2.25424E-21 3.36807E-21 1.68273E-22 1.83675E-29
 3.09808E-17 1.39186E-05 3.72762E-12 2.89174E-13 4.08114E-14 5.37502E-19 4.57333E-10 2.10853E-08
 1.55806E-06 6.57818E-15 2.32440E-04 1.03020E-21 1.73815E-17 3.24044E-15 5.07830E-14 2.86358E-18
 4.29124E-22 2.27110E-24 4.47096E-27 3.30038E-22 6.68836E-34 3.02742E-30 5.79440E-19 2.05448E-23
 1.26951E-11 7.72291E-17 3.28528E-11 8.51251E-31 2.07760E-37 1.08264E-32 2.39563E-21 3.23670E-21
 1.53983E-22 1.39676E-29 2.07665E-17 1.72528E-05 2.57184E-12 2.20837E-13 2.93259E-14 2.39927E-19
 4.16636E-10 2.20945E-08 1.55743E-06 4.54905E-15 2.41772E-04 6.31329E-22 1.72960E-17 3.06507E-15
 4.52617E-14 2.17576E-18 2.11367E-22 9.71968E-25 1.77569E-27 2.13567E-22 2.43354E-34 1.45294E-30
 5.58535E-19 9.72018E-24 1.40749E-11 6.29280E-17 3.14632E-11 3.64802E-31 8.30034E-38 7.07517E-33
 2.55519E-21 3.08615E-21 1.40554E-22 1.07051E-29 1.43000E-17 2.11420E-05 1.78468E-12 1.67840E-13
 2.11775E-14 1.08111E-19 3.74967E-10 2.30011E-08 1.55684E-06 3.20543E-15 2.50625E-04 3.89708E-22
 1.72419E-17 2.89895E-15 4.04156E-14 1.65545E-18 1.03807E-22 4.15011E-25 7.09722E-28 1.38338E-22
 8.86088E-35 6.84909E-31 5.40095E-19 4.63117E-24 1.54755E-11 5.08149E-17 3.00522E-11 1.56601E-31
 3.38234E-38 4.68718E-33 2.73225E-21 2.91705E-21 1.27974E-22 8.26630E-30 1.01007E-17 2.56030E-05
 1.24570E-12 1.27057E-13 1.53893E-14 4.92446E-20 3.33178E-10 2.38110E-08 1.55630E-06 2.29645E-15
 2.59015E-04 2.42200E-22 1.72057E-17 2.74113E-15 3.61601E-14 1.26158E-18 5.08814E-23 1.76837E-25
 2.85810E-28 8.97200E-23 3.23014E-35 3.17257E-31 5.23716E-19 2.22632E-24 1.68824E-11 4.06740E-17
 2.86343E-11 6.74018E-32 1.41025E-38 3.15393E-33 2.92659E-21 2.72957E-21 1.16270E-22 6.43421E-30
 7.34407E-18 3.05766E-05 8.77730E-13 9.58901E-14 1.12819E-14 2.28208E-20 2.91653E-10 2.45223E-08
 1.55579E-06 1.67521E-15 2.66875E-04 1.52010E-22 1.71799E-17 2.59272E-15 3.24643E-14 9.64395E-19
 2.49539E-23 7.55214E-26 1.16516E-28 5.83469E-23 1.18347E-35 1.44304E-31 5.09234E-19 1.08439E-24
 1.82670E-11 3.22583E-17 2.72381E-11 2.91764E-32 6.06654E-39 2.16586E-33 3.13864E-21 2.52320E-21
 1.05578E-22 5.05869E-30 5.49876E-18 3.59939E-05 6.25282E-13 7.22078E-14 8.35317E-15 1.07876E-20
 2.51375E-10 2.51407E-08 1.55532E-06 1.24395E-15 2.74195E-04 9.64261E-23 1.71599E-17 2.45386E-15
 2.92710E-14 7.40160E-19 1.22652E-23 3.23805E-26 4.81768E-29 3.80815E-23 4.36578E-36 6.44881E-32
 4.96412E-19 5.36182E-25 1.96112E-11 2.53567E-17 2.58816E-11 1.27232E-32 2.70041E-39 1.51983E-33
 3.36606E-21 2.30024E-21 9.59267E-23 4.01684E-30 4.23651E-18 4.17698E-05 4.50674E-13 5.43013E-14
 6.24944E-15 5.20626E-21 2.13342E-10 2.56738E-08 1.55488E-06 9.39505E-16 2.80991E-04 6.18210E-23
 1.71431E-17 2.32446E-15 2.65206E-14 5.70693E-19 6.05007E-24 1.39506E-26 2.02214E-29 2.49608E-23
 1.62341E-36 2.83444E-32 4.85022E-19 2.69383E-25 2.09025E-11 1.97655E-17 2.45774E-11 5.59549E-33
 1.24434E-39 1.08961E-33 3.60452E-21 2.06503E-21 8.72994E-23 3.21809E-30 3.36191E-18 4.77714E-05
 3.29400E-13 4.08224E-14 4.72796E-15 2.57374E-21 1.78251E-10 2.61279E-08 1.55448E-06 7.22233E-16
 2.87252E-04 4.01301E-23 1.71277E-17 2.20499E-15 2.41700E-14 4.42524E-19 3.00174E-24 6.06203E-27
 8.63772E-30 1.64472E-23 6.10262E-37 1.22632E-32 4.74924E-19 1.37706E-25 2.21248E-11 1.52840E-17
 2.33416E-11 2.48583E-33 5.94608E-40 7.98387E-34 3.84804E-21 1.82360E-21 7.96925E-23 2.59909E-30
 2.73944E-18 5.39203E-05 2.43941E-13 3.07095E-14 3.61413E-15 1.30098E-21 1.46826E-10 2.65142E-08
 1.55410E-06 5.64048E-16 2.93039E-04 2.63405E-23 1.71130E-17 2.09454E-15 2.21552E-14 3.45064E-19
 1.49905E-24 2.65596E-27 3.75006E-30 1.08940E-23 2.31785E-37 5.23181E-33 4.65894E-19 7.15344E-26
 2.32777E-11 1.17351E-17 2.21743E-11 1.11502E-33 2.93515E-40 5.96284E-34 4.08902E-21 1.58360E-21
 7.29987E-23 2.11121E-30 2.28298E-18 6.01609E-05 1.82670E-13 2.31416E-14 2.78844E-15 6.70009E-22
 1.19428E-10 2.68435E-08 1.55373E-06 4.46366E-16 2.98421E-04 1.74414E-23 1.70980E-17 1.99199E-15
 2.04167E-14 2.70465E-19 7.53812E-25 1.17138E-27 1.65099E-30 7.25055E-24 8.88136E-38 2.20486E-33
 4.57725E-19 3.76955E-26 2.43657E-11 8.95499E-18 2.10710E-11 5.04417E-34 1.48931E-40 4.52670E-34
 4.32029E-21 1.35227E-21 6.70934E-23 1.72101E-30 1.94392E-18 6.63892E-05 1.38378E-13 1.74927E-14
 2.17093E-15 3.51678E-22 9.59905E-11 2.71227E-08 1.55337E-06 3.57819E-16 3.03413E-04 1.16544E-23
 1.70824E-17 1.89726E-15 1.89197E-14 2.13149E-19 3.82379E-25 5.21338E-28 7.37577E-31 4.84992E-24
 3.43762E-38 9.18925E-34 4.50320E-19 2.01439E-26 2.53841E-11 6.79499E-18 2.00363E-11 2.30176E-34
 7.76032E-41 3.49092E-34 4.53563E-21 1.13589E-21 6.19110E-23 1.40666E-30 1.68939E-18 7.25140E-05
 1.06086E-13 1.32845E-14 1.70475E-15 1.88089E-22 7.63015E-11 2.73578E-08 1.55302E-06 2.90483E-16
 3.08032E-04 7.85817E-24 1.70661E-17 1.81014E-15 1.76319E-14 1.68912E-19 1.95987E-25 2.34602E-28
 3.34337E-31 3.26062E-24 1.34469E-38 3.79116E-34 4.43596E-19 1.09082E-26 2.63303E-11 5.12937E-18
 1.90726E-11 1.05917E-34 4.14685E-41 2.73316E-34 4.73038E-21 9.39170E-22 5.73791E-23 1.15203E-30
 1.49686E-18 7.84612E-05 8.23403E-14 1.01541E-14 1.34943E-15 1.02438E-22 6.00378E-11 2.75549E-08
 1.55267E-06 2.38775E-16 3.12296E-04 5.34537E-24 1.70489E-17 1.73035E-15 1.65241E-14 1.34590E-19
 1.01677E-25 1.06924E-28 1.53694E-31 2.20304E-24 5.31612E-39 1.54977E-34 4.37476E-19 5.97976E-27
 2.72036E-11 3.85385E-18 1.81805E-11 4.91198E-35 2.26896E-41 2.17125E-34 4.90161E-21 7.65088E-22
 5.34240E-23 9.44924E-31 1.35081E-18 8.41733E-05 6.47420E-14 7.82851E-15 1.07607E-15 5.67746E-23
 4.68080E-11 2.77192E-08 1.55232E-06 1.98731E-16 3.16227E-04 3.66772E-24 1.70305E-17 1.65757E-15
 1.55705E-14 1.07815E-19 5.34962E-26 4.94455E-29 7.16055E-32 1.49556E-24 2.12376E-39 6.28291E-35
 4.31895E-19 3.31474E-27 2.80046E-11 2.88320E-18 1.73596E-11 2.29407E-35 1.26928E-41 1.74936E-34
 5.04808E-21 6.14924E-22 4.99757E-23 7.76018E-31 1.24041E-18 8.96099E-05 5.16120E-14 6.10283E-15
 8.63837E-16 3.20192E-23 3.61936E-11 2.78557E-08 1.55196E-06 1.67501E-16 3.19842E-04 2.53959E-24
 1.70109E-17 1.59142E-15 1.47484E-14 8.68048E-20 2.86084E-26 2.32538E-29 3.37895E-32 1.01977E-24
 8.57127E-40 2.52827E-35 4.26793E-19 1.85585E-27 2.87348E-11 2.14875E-18 1.66080E-11 1.07806E-35
 7.25085E-42 1.42891E-34 5.16999E-21 4.88523E-22 4.69698E-23 6.38009E-31 1.15761E-18 9.47454E-05
 4.17716E-14 4.82454E-15 6.97658E-16 1.84323E-23 2.77849E-11 2.79684E-08 1.55159E-06 1.43024E-16
 3.23165E-04 1.77895E-24 1.69900E-17 1.53150E-15 1.40386E-14 7.02231E-20 1.56018E-26 1.11912E-29
 1.61769E-32 6.98143E-25 3.50155E-40 1.01132E-35 4.22117E-19 1.04857E-27 2.93965E-11 1.59607E-18
 1.59235E-11 5.09656E-36 4.23323E-42 1.18282E-34 5.26822E-21 3.85004E-22 4.43490E-23 5.25064E-31
 1.08954E-18 9.97612E-05 3.40934E-14 3.87712E-15 5.65467E-16 1.07077E-23 2.12319E-11 2.80647E-08
 1.55120E-06 1.23026E-16 3.26337E-04 1.25140E-24 1.69667E-17 1.47523E-15 1.33997E-14 5.69573E-20
 8.66681E-27 5.45635E-30 7.78488E-33 4.78849E-25 1.43405E-40 4.02445E-36 4.17647E-19 5.95234E-28
 3.00166E-11 1.18276E-18 1.52780E-11 2.41248E-36 2.50136E-42 9.88414E-35 5.34596E-21 3.00957E-22
 4.19706E-23 4.31855E-31 1.02623E-18 1.04863E-04 2.78343E-14 3.17512E-15 4.58942E-16 6.18449E-24
 1.61872E-11 2.81501E-08 1.55075E-06 1.05924E-16 3.29502E-04 8.75681E-25 1.69397E-17 1.42012E-15
 1.27962E-14 4.62149E-20 4.89914E-27 2.65903E-30 3.72795E-33 3.28322E-25 5.82717E-41 1.59454E-36
 4.13161E-19 3.38066E-28 3.06210E-11 8.75149E-19 1.46441E-11 1.13791E-36 1.48031E-42 8.30791E-35
 5.40619E-21 2.32981E-22 3.97108E-23 3.54449E-31 9.65705E-19 1.10064E-04 2.27104E-14 2.65802E-15
 3.72912E-16 3.55274E-24 1.23187E-11 2.82255E-08 1.55023E-06 9.12131E-17 3.32677E-04 6.10100E-25
 1.69080E-17 1.36599E-15 1.22207E-14 3.74954E-20 2.82950E-27 1.30140E-30 1.78134E-33 2.24914E-25
 2.35678E-41 6.30114E-37 4.08618E-19 1.92116E-28 3.12103E-11 6.46752E-19 1.40203E-11 5.35084E-37
 8.78931E-43 7.02499E-35 5.45062E-21 1.79096E-22 3.75497E-23 2.90374E-31 9.07621E-19 1.15351E-04
 1.85213E-14 2.28080E-15 3.03367E-16 2.03409E-24 9.35847E-12 2.82913E-08 1.54964E-06 7.85588E-17
 3.35857E-04 4.23972E-25 1.68710E-17 1.31295E-15 1.16688E-14 3.04101E-20 1.67454E-27 6.43754E-31
 8.50998E-34 1.53878E-25 9.50518E-42 2.48438E-37 4.04004E-19 1.09246E-28 3.17816E-11 4.77404E-19
 1.34086E-11 2.50822E-37 5.24601E-43 5.97914E-35 5.48131E-21 1.36973E-22 3.54813E-23 2.37551E-31
 8.51843E-19 1.20715E-04 1.50997E-14 2.01001E-15 2.47079E-16 1.16248E-24 7.09769E-12 2.83476E-08
 1.54895E-06 6.76721E-17 3.39038E-04 2.94260E-25 1.68276E-17 1.26109E-15 1.11358E-14 2.46454E-20
 1.01725E-27 3.23518E-31 4.06645E-34 1.05092E-25 3.82314E-42 9.77362E-38 3.99300E-19 6.21545E-29
 3.23326E-11 3.51993E-19 1.28104E-11 1.17139E-37 3.15061E-43 5.12397E-35 5.50025E-21 1.04339E-22
 3.34992E-23 1.94144E-31 7.98638E-19 1.26149E-04 1.23061E-14 1.82098E-15 2.01461E-16 6.64027E-25
 5.37458E-12 2.83945E-08 1.54815E-06 5.83027E-17 3.42218E-04 2.04264E-25 1.67771E-17 1.21050E-15
 1.06162E-14 1.99486E-20 6.34661E-28 1.65829E-31 1.94352E-34 7.15997E-26 1.53265E-42 3.83670E-38
 3.94486E-19 3.53745E-29 3.28612E-11 2.59235E-19 1.22267E-11 5.44689E-38 1.90494E-43 4.42160E-35
 5.50903E-21 7.92294E-23 3.15969E-23 1.58552E-31 7.50339E-19 1.31651E-04 1.00249E-14 1.69564E-15
 1.64437E-16 3.79869E-25 4.06498E-12 2.84318E-08 1.54722E-06 5.02335E-17 3.45391E-04 1.42217E-25
 1.67181E-17 1.16119E-15 1.01042E-14 1.61161E-20 4.06128E-28 8.68887E-32 9.30469E-35 4.86254E-26
 6.13070E-43 1.50451E-38 3.89540E-19 2.01535E-29 3.33656E-11 1.90765E-19 1.16579E-11 2.52421E-38
 1.16070E-43 3.84146E-35 5.50885E-21 6.00567E-23 2.97679E-23 1.29409E-31 7.19850E-19 1.37204E-04
 8.16612E-15 1.54270E-15 1.35207E-16 2.19490E-25 3.16633E-12 2.84606E-08 1.54618E-06 4.32986E-17
 3.48545E-04 1.00292E-25 1.66494E-17 1.11335E-15 9.59473E-15 1.31244E-20 2.61507E-28 4.65813E-32
 4.59929E-35 3.38323E-26 2.56786E-43 6.33487E-39 3.84448E-19 1.20348E-29 3.38425E-11 1.42801E-19
 1.11062E-11 1.24559E-38 7.19295E-44 3.36570E-35 5.50041E-21 4.56998E-23 2.80108E-23 1.06242E-31
 7.00398E-19 1.42780E-04 6.66003E-15 1.38069E-15 1.11785E-16 1.28663E-25 2.52459E-12 2.84838E-08
 1.54512E-06 3.73718E-17 3.51657E-04 7.18316E-26 1.65698E-17 1.06724E-15 9.09216E-15 1.07488E-20
 1.69473E-28 2.55854E-32 2.35165E-35 2.39779E-26 1.13155E-43 2.82716E-39 3.79205E-19 7.47310E-30
 3.42857E-11 1.08222E-19 1.05762E-11 6.47792E-39 4.52774E-44 2.97055E-35 5.48449E-21 3.48923E-23
 2.63278E-23 8.75840E-32 6.72169E-19 1.48391E-04 5.44007E-15 1.32183E-15 9.17996E-17 7.57845E-26
 1.94703E-12 2.85037E-08 1.54406E-06 3.23072E-17 3.54722E-04 5.16076E-26 1.64775E-17 1.02280E-15
 8.60541E-15 8.68440E-21 1.13316E-28 1.43738E-32 1.17833E-35 1.64236E-26 4.80178E-44 1.16830E-39
 3.73774E-19 4.43581E-30 3.46914E-11 8.02787E-20 1.00697E-11 3.15269E-39 2.84780E-44 2.63215E-35
 5.46165E-21 2.64792E-23 2.47110E-23 7.16257E-32 6.47534E-19 1.54046E-04 4.45153E-15 1.24615E-15
 7.58526E-17 4.50529E-26 1.54350E-12 2.85216E-08 1.54301E-06 2.79791E-17 3.57737E-04 3.73855E-26
 1.63705E-17 9.79999E-16 8.13593E-15 7.07460E-21 7.68824E-29 8.27763E-33 6.01796E-36 1.15187E-26
 2.09904E-44 5.12410E-40 3.68116E-19 2.73664E-30 3.50571E-11 6.03740E-20 9.58692E-12 1.59928E-39
 1.80523E-44 2.34653E-35 5.43159E-21 2.00807E-23 2.31531E-23 5.88575E-32 6.13727E-19 1.59765E-04
 3.65085E-15 1.25808E-15 6.21774E-17 2.67543E-26 1.17759E-12 2.85394E-08 1.54201E-06 2.42819E-17
 3.60699E-04 2.69537E-26 1.62465E-17 9.38757E-16 7.69471E-15 5.68314E-21 5.37502E-29 4.86580E-33
 2.98051E-36 7.77447E-27 8.70548E-45 2.05523E-40 3.62182E-19 1.60074E-30 3.53794E-11 4.43081E-20
 9.12861E-12 7.53397E-40 1.13853E-44 2.09842E-35 5.39410E-21 1.50935E-23 2.16464E-23 4.79132E-32
 5.79337E-19 1.65579E-04 3.00087E-15 1.27930E-15 5.10846E-17 1.59110E-26 9.07876E-13 2.85574E-08
 1.54103E-06 2.11176E-17 3.63610E-04 1.94178E-26 1.61029E-17 8.98939E-16 7.28286E-15 4.58306E-21
 3.83517E-29 2.92398E-33 1.47724E-36 5.29185E-27 3.61050E-45 8.39546E-41 3.55913E-19 9.46836E-31
 3.56565E-11 3.26418E-20 8.69360E-12 3.56723E-40 7.19027E-45 1.88376E-35 5.34850E-21 1.12996E-23
 2.01819E-23 3.90325E-32 5.43469E-19 1.71504E-04 2.47454E-15 1.32103E-15 4.19873E-17 9.47290E-27
 7.02290E-13 2.85787E-08 1.54019E-06 1.84173E-17 3.66458E-04 1.39480E-26 1.59371E-17 8.60557E-16
 6.90760E-15 3.70454E-21 2.79536E-29 1.79486E-33 7.33584E-37 3.61002E-27 1.50261E-45 3.44742E-41
 3.49263E-19 5.61638E-31 3.58843E-11 2.40314E-20 8.28264E-12 1.68984E-40 4.54437E-45 1.69581E-35
 5.29414E-21 8.42303E-24 1.87558E-23 3.17554E-32 5.01203E-19 1.77597E-04 2.04702E-15 1.45080E-15
 3.41431E-17 5.57949E-27 5.15570E-13 2.86020E-08 1.53938E-06 1.61059E-17 3.69252E-04 9.84144E-27
 1.57454E-17 8.23389E-16 6.57664E-15 2.94840E-21 2.06842E-29 1.10921E-33 3.47064E-37 2.34304E-27
 5.77734E-46 1.25030E-41 3.42148E-19 3.08547E-31 3.60603E-11 1.71336E-20 7.89391E-12 7.26897E-41
 2.84088E-45 1.52869E-35 5.23007E-21 6.20030E-24 1.73580E-23 2.55103E-32 4.58998E-19 1.83915E-04
 1.69829E-15 1.60880E-15 2.77621E-17 3.26097E-27 3.78119E-13 2.86236E-08 1.53842E-06 1.41202E-17
 3.71997E-04 6.85378E-27 1.55245E-17 7.87249E-16 6.28566E-15 2.35348E-21 1.55140E-29 6.91073E-34
 1.61530E-37 1.51987E-27 2.16208E-46 4.48393E-42 3.34493E-19 1.67368E-31 3.61823E-11 1.21877E-20
 7.52537E-12 3.05860E-41 1.76759E-45 1.37909E-35 5.15522E-21 4.53398E-24 1.59812E-23 2.04458E-32
 4.18955E-19 1.90502E-04 1.41389E-15 1.79661E-15 2.25679E-17 1.89812E-27 2.77386E-13 2.86437E-08
 1.53727E-06 1.24158E-17 3.74685E-04 4.72664E-27 1.52712E-17 7.52103E-16 6.03265E-15 1.88457E-21
 1.17700E-29 4.34340E-34 7.48531E-38 9.85483E-28 8.02316E-47 1.60351E-42 3.26240E-19 9.02654E-32
 3.62463E-11 8.65903E-21 7.17677E-12 1.27915E-41 1.09722E-45 1.24379E-35 5.06863E-21 3.30379E-24
 1.46247E-23 1.63413E-32 3.81481E-19 1.97409E-04 1.18208E-15 2.01645E-15 1.83372E-17 1.10343E-27
 2.03536E-13 2.86622E-08 1.53592E-06 1.09545E-17 3.77308E-04 3.23038E-27 1.49826E-17 7.17921E-16
 5.81617E-15 1.51424E-21 9.01552E-30 2.74956E-34 3.46421E-38 6.38771E-28 2.96848E-47 5.71661E-43
 3.17337E-19 4.83515E-32 3.62478E-11 6.14323E-21 6.84794E-12 5.32892E-42 6.79416E-46 1.12026E-35
 4.96937E-21 2.40107E-24 1.32895E-23 1.30178E-32 3.45728E-19 2.04708E-04 9.92796E-16 2.31561E-15
 1.48160E-17 6.40148E-28 1.45694E-13 2.86757E-08 1.53415E-06 9.70020E-18 3.79866E-04 2.17691E-27
 1.46553E-17 6.84605E-16 5.63483E-15 1.20998E-21 6.93092E-30 1.73839E-34 1.56702E-38 4.03697E-28
 1.05774E-47 1.91654E-43 3.07725E-19 2.48710E-32 3.61830E-11 4.28949E-21 6.53800E-12 2.12619E-42
 4.17482E-46 1.00651E-35 4.85648E-21 1.73527E-24 1.19767E-23 1.02792E-32 3.12511E-19 2.12481E-04
 8.37726E-16 2.70204E-15 1.19190E-17 3.71977E-28 1.02462E-13 2.86759E-08 1.53154E-06 8.62046E-18
 3.82357E-04 1.44685E-27 1.42871E-17 6.52070E-16 5.48338E-15 9.63348E-22 5.34400E-30 1.09547E-34
 6.92923E-39 2.50233E-28 3.62549E-48 6.12137E-44 2.97364E-19 1.23564E-32 3.60483E-11 2.96025E-21
 6.24600E-12 8.16017E-43 2.54397E-46 9.00769E-36 4.72923E-21 1.24877E-24 1.06906E-23 8.05258E-33
 2.83443E-19 2.20780E-04 7.10870E-16 3.08977E-15 9.63222E-18 2.19020E-28 7.40329E-14 2.86600E-08
 1.52793E-06 7.69306E-18 3.84767E-04 9.56987E-28 1.38776E-17 6.20392E-16 5.35529E-15 7.76394E-22
 4.15615E-30 6.94643E-35 3.10889E-39 1.59043E-28 1.26826E-48 2.06676E-44 2.86270E-19 6.26023E-33
 3.58407E-11 2.07333E-21 5.97242E-12 3.22277E-43 1.54828E-46 8.02047E-36 4.58759E-21 9.01157E-25
 9.44315E-24 6.31271E-33 2.57681E-19 2.29686E-04 6.07166E-16 3.55795E-15 7.75961E-18 1.31691E-28
 5.30986E-14 2.86266E-08 1.52316E-06 6.89716E-18 3.87087E-04 6.29602E-28 1.34264E-17 5.89593E-16
 5.24762E-15 6.24615E-22 3.23899E-30 4.41399E-35 1.39379E-39 9.99292E-29 4.42186E-49 6.85203E-45
 2.74457E-19 3.13397E-33 3.55569E-11 1.44392E-21 5.71734E-12 1.26581E-43 9.37690E-47 7.09946E-36
 4.43154E-21 6.50914E-25 8.24505E-24 4.91248E-33 2.35141E-19 2.39276E-04 5.22472E-16 4.08418E-15
 6.24558E-18 8.17201E-29 3.82435E-14 2.85702E-08 1.51691E-06 6.21443E-18 3.89307E-04 4.13054E-28
 1.29350E-17 5.59723E-16 5.15678E-15 5.03662E-22 2.53091E-30 2.81284E-35 6.26987E-40 6.28201E-29
 1.54651E-49 2.28039E-45 2.61981E-19 1.56262E-33 3.51956E-11 1.00666E-21 5.48085E-12 4.98586E-44
 5.65224E-47 6.24086E-36 4.26173E-21 4.71097E-25 7.10941E-24 3.80246E-33 2.15718E-19 2.49625E-04
 4.53554E-16 4.63110E-15 5.03280E-18 5.29449E-29 2.79665E-14 2.84885E-08 1.50900E-06 5.63002E-18
 3.91417E-04 2.71375E-28 1.24066E-17 5.30867E-16 5.07986E-15 4.08666E-22 1.98468E-30 1.80212E-35
 2.85709E-40 3.99694E-29 5.51503E-50 7.83015E-46 2.48929E-19 7.86124E-34 3.47567E-11 7.07464E-22
 5.26325E-12 2.00353E-44 3.39608E-47 5.44449E-36 4.07934E-21 3.42161E-25 6.04997E-24 2.93296E-33
 1.98903E-19 2.60839E-04 3.97659E-16 5.27802E-15 4.03911E-18 3.61759E-29 2.03069E-14 2.83766E-08
 1.49909E-06 5.12958E-18 3.93412E-04 1.78967E-28 1.18445E-17 5.03054E-16 5.01499E-15 3.30461E-22
 1.55477E-30 1.15686E-35 1.29947E-40 2.51163E-29 1.95898E-50 2.63556E-46 2.35391E-19 3.90865E-34
 3.42402E-11 4.94235E-22 5.06429E-12 7.99266E-45 2.02843E-47 4.71004E-36 3.88561E-21 2.49039E-25
 5.07704E-24 2.24209E-33 1.84772E-19 2.72998E-04 3.52654E-16 5.98840E-15 3.23591E-18 2.63322E-29
 1.48043E-14 2.82267E-08 1.48670E-06 4.70129E-18 3.95286E-04 1.19898E-28 1.12545E-17 4.76370E-16
 4.96005E-15 2.67486E-22 1.21805E-30 7.48223E-36 5.92309E-41 1.57831E-29 6.96869E-51 8.89703E-47
 2.21508E-19 1.93493E-34 3.36493E-11 3.45610E-22 4.88394E-12 3.19081E-45 1.20953E-47 4.03812E-36
 3.68269E-21 1.82337E-25 4.20083E-24 1.70245E-33 1.73646E-19 2.86203E-04 3.16786E-16 6.81708E-15
 2.58099E-18 2.06588E-29 1.07354E-14 2.80292E-08 1.47126E-06 4.33431E-18 3.97038E-04 8.39105E-29
 1.06429E-17 4.50874E-16 4.91319E-15 2.15675E-22 9.53360E-31 4.96306E-36 2.72424E-41 9.80395E-30
 2.48247E-51 2.95321E-47 2.07426E-19 9.58552E-35 3.29878E-11 2.40528E-22 4.72183E-12 1.27190E-45
 7.34072E-48 3.42891E-36 3.47283E-21 1.35748E-25 3.42710E-24 1.28051E-33 1.66735E-19 3.00490E-04
 2.88887E-16 7.46266E-15 2.07465E-18 1.77872E-29 8.19785E-15 2.77851E-08 1.45272E-06 4.02175E-18
 3.98657E-04 6.52937E-29 1.00194E-17 4.26722E-16 4.87271E-15 1.77521E-22 7.61676E-31 3.60251E-36
 1.42035E-41 6.41233E-30 1.02020E-51 1.12301E-47 1.93357E-19 5.37487E-35 3.22636E-11 1.73670E-22
 4.57810E-12 5.77415E-46 4.99385E-48 2.88673E-36 3.25940E-21 1.06504E-25 2.76052E-24 9.66037E-34
 2.85150E+02 2.78650E+02 2.72150E+02 2.65660E+02 2.61170E+02 2.55680E+02 2.49190E+02 2.42700E+02
 2.36210E+02 2.25000E+02 2.10000E+02 2.10000E+02 2.10000E+02 2.10000E+02 2.10000E+02 2.00000E+02
 2.00000E+02 2.00000E+02 2.00000E+02 2.00000E+02 2.00000E+02 2.00000E+02 2.00000E+02 2.00000E+02
 2.00000E+02 2.00000E+02 2.00000E+02 2.00000E+02 2.00000E+02 2.00000E+02 2.00000E+02 2.00000E+02
 2.00000E+02 2.00000E+02 2.00000E+02 2.00000E+02 2.00000E+02 2.00000E+02 2.00000E+02 2.00000E+02
 2.00000E+02 2.00000E+02 2.00000E+02 2.00000E+02 2.00000E+02 2.00000E+02 2.00000E+02 2.00000E+02
 2.00000E+02 2.00000E+02 2.00000E+02 2.00000E+02 2.00000E+02 2.00000E+02 2.00000E+02 2.00000E+02
 2.00000E+02 2.00000E+02 2.00000E+02 2.00000E+02 2.00000E+02 2.00000E+02 2.00000E+02 2.00000E+02
 2.00000E+02 2.00000E+02 2.00000E+02 2.00000E+02 2.00000E+02 2.00000E+02 2.00000E+02 2.00000E+02
 2.00000E+02 2.00000E+02 2.00000E+02 2.00000E+02 2.00000E+02 2.00000E+02 2.00000E+02 1.98600E+02
 1.96000E+02 1.94700E+02 1.92000E+02 1.90800E+02 1.89000E+02 1.86900E+02 1.86900E+02 1.86900E+02
 1.86900E+02 1.86900E+02 1.88000E+02 1.90000E+02 1.91000E+02 1.92500E+02 1.94000E+02 1.95000E+02
 1.96500E+02 1.98000E+02 2.00000E+02 2.00000E+02 1.00000E+05 1.00000E+05 1.00000E+05 1.00000E+05
 1.00000E+05 1.00000E+05 1.00000E+05 1.00000E+05 1.00000E+05 8.94400E+04 4.89900E+04 2.25800E+04
 1.16600E+04 6.81200E+03 5.16500E+03 4.29000E+03 3.95000E+03 3.90000E+03 3.99900E+03 4.34300E+03
 4.84400E+03 5.43900E+03 6.18700E+03 7.03600E+03 7.98400E+03 8.98600E+03 1.00300E+04 1.12800E+04
 1.24900E+04 1.36300E+04 1.51300E+04 1.66900E+04 1.81800E+04 1.99800E+04 2.19800E+04 2.44500E+04
 2.74600E+04 3.04600E+04 3.39400E+04 3.79500E+04 4.19500E+04 4.64300E+04 5.19100E+04 5.84000E+04
 6.44500E+04 7.13600E+04 7.99000E+04 8.79100E+04 9.68700E+04 1.06900E+05 1.17800E+05 1.31800E+05
 1.48300E+05 1.65800E+05 1.83300E+05 2.01800E+05 2.25600E+05 2.52200E+05 2.77200E+05 3.07000E+05
 3.42100E+05 3.79500E+05 4.21900E+05 4.71700E+05 5.17400E+05 5.67400E+05 6.22400E+05 6.82600E+05
 7.48700E+05 8.21200E+05 9.00700E+05 9.87900E+05 1.00000E+06 1.00000E+06 1.00000E+06 1.00000E+06
 1.00000E+06 1.00000E+06 1.00000E+06 1.00000E+06 1.00000E+06 1.00000E+06 1.00000E+06 1.00000E+06
 1.00000E+06 1.00000E+06 1.00000E+06 1.00000E+06 1.00000E+06 1.00000E+06 1.00000E+06 1.00000E+06
 1.00000E+06 1.00000E+06 1.00000E+06 1.00000E+06 1.00000E+06 1.00000E+06 1.00000E+06 1.00000E+06
 2.42866E+19 2.20951E+19 2.00572E+19 1.81649E+19 1.62936E+19 1.46415E+19 1.31763E+19 1.18253E+19
 1.05821E+19 9.62491E+18 8.85798E+18 7.56786E+18 6.46596E+18 5.52477E+18 4.72081E+18 4.21953E+18
 3.57764E+18 3.03356E+18 2.57235E+18 2.18137E+18 1.84992E+18 1.56890E+18 1.33065E+18 1.12863E+18
 9.57337E+17 8.12080E+17 6.88899E+17 5.84432E+17 4.95833E+17 4.20687E+17 3.56948E+17 3.02881E+17
 2.57018E+17 2.18110E+17 1.85102E+17 1.57097E+17 1.33336E+17 1.13174E+17 9.60664E+16 8.15488E+16
 6.92286E+16 5.87728E+16 4.98986E+16 4.23666E+16 3.59733E+16 3.05463E+16 2.59394E+16 2.20284E+16
 1.87081E+16 1.58890E+16 1.34954E+16 1.14630E+16 9.73713E+15 8.27154E+15 7.02691E+15 5.96986E+15
 5.07208E+15 4.30953E+15 3.66181E+15 3.11160E+15 2.64419E+15 2.24711E+15 1.90976E+15 1.62314E+15
 1.37960E+15 1.17266E+15 9.96813E+14 8.47378E+14 7.20381E+14 6.12449E+14 5.20714E+14 4.42741E+14
 3.76463E+14 3.20124E+14 2.72229E+14 2.31512E+14 1.96894E+14 1.67461E+14 1.42436E+14 1.21941E+14
 1.04872E+14 8.94634E+13 7.67514E+13 6.52331E+13 5.55504E+13 4.73041E+13 3.97981E+13 3.34848E+13
 2.81746E+13 2.37078E+13 1.98435E+13 1.65552E+13 1.39050E+13 1.16625E+13 9.79559E+12 8.25835E+12
 6.95252E+12 5.86113E+12 4.93632E+12 4.20303E+12 1.15482E-10 1.39179E-10 1.87897E-10 2.47160E-10
 3.11250E-10 3.76275E-10 4.38256E-10 4.92856E-10 5.34959E-10 5.60538E-10 5.66854E-10 5.68844E-10
 5.62048E-10 5.46363E-10 5.20356E-10 4.85389E-10 4.43830E-10 3.99629E-10 3.56333E-10 3.16663E-10
 2.82225E-10 2.52842E-10 2.27982E-10 2.07067E-10 1.88831E-10 1.71871E-10 1.55646E-10 1.40193E-10
 1.25494E-10 1.11402E-10 9.80221E-11 8.54902E-11 7.37483E-11 6.28469E-11 5.28960E-11 4.39779E-11
 3.61585E-11 2.93705E-11 2.35322E-11 1.85991E-11 1.44722E-11 1.10589E-11 8.30063E-12 6.13089E-12
 4.44815E-12 3.15925E-12 2.19922E-12 1.49681E-12 9.91253E-13 6.37867E-13 3.94793E-13 2.38304E-13
 1.40527E-13 8.05849E-14 4.45778E-14 2.36705E-14 1.21556E-14 6.02650E-15 2.84316E-15 1.27974E-15
 5.50831E-16 2.25259E-16 8.74322E-17 3.22953E-17 1.10969E-17 3.52774E-18 1.03212E-18 2.76194E-19
 6.71776E-20 1.47500E-20 2.90214E-21 5.07688E-22 6.69817E-23 6.18736E-24 3.75889E-25 1.39531E-26
 2.90267E-28 3.05719E-30 1.44680E-32 2.66095E-35 1.58745E-38 2.48133E-42 7.80944E-47 3.63330E-52
 1.71763E-58 5.21428E-66 6.04768E-75 1.44967E-85 3.46154E-98 1.00000-100 1.00000-100 1.00000-100
 1.00000-100 1.00000-100 1.00000-100 1.00000-100 1.00000-100 1.00000-100 1.00000-100 1.00000-100
 4.29123E+01 3.70432E+01 3.70481E+01 3.74152E+01 3.87697E+01 3.93862E+01 3.88999E+01 3.76368E+01
 3.52270E+01 3.24533E+01 2.94969E+01 2.35020E+01 1.93922E+01 1.56873E+01 1.23207E+01 1.11282E+01
 8.99931E+00 7.68950E+00 6.78564E+00 6.31752E+00 6.08554E+00 5.99831E+00 6.12271E+00 6.43723E+00
 5.58106E+00 4.25505E+00 3.22749E+00 2.43475E+00 1.82480E+00 1.35903E+00 1.00218E+00 7.31462E-01
 5.27497E-01 3.75567E-01 2.64134E-01 1.83611E-01 1.26102E-01 8.56249E-02 5.74610E-02 3.79880E-02
 2.47060E-02 1.57861E-02 9.88578E-03 6.16977E-03 3.80086E-03 2.29227E-03 1.35504E-03 7.83200E-04
 4.40489E-04 2.40740E-04 1.26554E-04 6.48860E-05 3.25022E-05 1.58330E-05 7.44055E-06 3.35655E-06
 1.46448E-06 6.16903E-07 2.47297E-07 9.45857E-08 3.45966E-08 1.20235E-08 3.96618E-09 1.24513E-09
 3.63645E-10 9.82631E-11 2.44381E-11 5.55920E-12 1.14950E-12 2.14577E-13 3.58954E-14 5.33910E-15
 5.98964E-16 4.70484E-17 2.43061E-18 7.67301E-20 1.35754E-21 1.21607E-23 4.89496E-26 7.70739E-29
 3.95440E-32 5.27292E-36 1.42373E-40 5.62977E-46 2.26641E-52 5.85889E-60 5.71706E-69 1.15302E-79
 2.31659E-92 5.63135E-95 4.71346E-95 3.93238E-95 3.30288E-95 2.77023E-95 2.32676E-95 1.96162E-95
 1.65144E-95 1.39221E-95 1.17253E-95 9.98354E-96 0.00000E+00 0.00000E+00 0.00000E+00 0.00000E+00
 0.00000E+00 0.00000E+00 0.00000E+00 0.00000E+00 0.00000E+00 0.00000E+00 0.00000E+00 0.00000E+00
 0.00000E+00 0.00000E+00 0.00000E+00 0.00000E+00 0.00000E+00 0.00000E+00 0.00000E+00 0.00000E+00
 0.00000E+00 0.00000E+00 0.00000E+00 0.00000E+00 0.00000E+00 0.00000E+00 0.00000E+00 0.00000E+00
 0.00000E+00 0.00000E+00 0.00000E+00 0.00000E+00 0.00000E+00 0.00000E+00 0.00000E+00 0.00000E+00
 0.00000E+00 0.00000E+00 0.00000E+00 0.00000E+00 0.00000E+00 0.00000E+00 0.00000E+00 0.00000E+00
 0.00000E+00 0.00000E+00 0.00000E+00 0.00000E+00 0.00000E+00 0.00000E+00 0.00000E+00 0.00000E+00
 0.00000E+00 0.00000E+00 0.00000E+00 0.00000E+00 0.00000E+00 0.00000E+00 0.00000E+00 0.00000E+00
 0.00000E+00 0.00000E+00 0.00000E+00 0.00000E+00 0.00000E+00 0.00000E+00 0.00000E+00 0.00000E+00
 0.00000E+00 0.00000E+00 0.00000E+00 0.00000E+00 0.00000E+00 0.00000E+00 0.00000E+00 0.00000E+00
 0.00000E+00 0.00000E+00 0.00000E+00 0.00000E+00 0.00000E+00 0.00000E+00 0.00000E+00 0.00000E+00
 0.00000E+00 0.00000E+00 0.00000E+00 0.00000E+00 0.00000E+00 0.00000E+00 0.00000E+00 0.00000E+00
 0.00000E+00 0.00000E+00 0.00000E+00 0.00000E+00 0.00000E+00 0.00000E+00 0.00000E+00 0.00000E+00
 0.00000E+00 0.00000E+00 0.00000E+00 0.00000E+00 0.00000E+00 0.00000E+00 0.00000E+00 0.00000E+00
 0.00000E+00 0.00000E+00 0.00000E+00 0.00000E+00 0.00000E+00 0.00000E+00 0.00000E+00 0.00000E+00
 0.00000E+00 0.00000E+00 0.00000E+00 0.00000E+00 0.00000E+00 0.00000E+00 0.00000E+00 0.00000E+00
 0.00000E+00 0.00000E+00 0.00000E+00 0.00000E+00 0.00000E+00 0.00000E+00 0.00000E+00 0.00000E+00
 0.00000E+00 0.00000E+00 0.00000E+00 0.00000E+00 0.00000E+00 0.00000E+00 0.00000E+00 0.00000E+00
 0.00000E+00 0.00000E+00 0.00000E+00 0.00000E+00 0.00000E+00 0.00000E+00 0.00000E+00 0.00000E+00
 0.00000E+00 0.00000E+00 0.00000E+00 0.00000E+00 0.00000E+00 0.00000E+00 0.00000E+00 0.00000E+00
 0.00000E+00 0.00000E+00 0.00000E+00 0.00000E+00 0.00000E+00 0.00000E+00 0.00000E+00 0.00000E+00
 0.00000E+00 0.00000E+00 0.00000E+00 0.00000E+00 0.00000E+00 0.00000E+00 0.00000E+00 0.00000E+00
 0.00000E+00 0.00000E+00 0.00000E+00 0.00000E+00 0.00000E+00 0.00000E+00 0.00000E+00 0.00000E+00
 0.00000E+00 0.00000E+00 0.00000E+00 0.00000E+00 0.00000E+00 0.00000E+00 0.00000E+00 0.00000E+00
 0.00000E+00 0.00000E+00 0.00000E+00 0.00000E+00 0.00000E+00 0.00000E+00 0.00000E+00 0.00000E+00
 0.00000E+00 0.00000E+00 0.00000E+00 0.00000E+00 7.10123E-04 7.76246E-04 8.52732E-04 9.38795E-04
 1.01907E-03 1.10926E-03 1.21448E-03 1.33217E-03 1.46927E-03 1.64286E-03 1.86299E-03 2.11673E-03
 2.38319E-03 2.70352E-03 3.09432E-03 3.46365E-03 3.90664E-03 4.31467E-03 4.71866E-03 5.08145E-03
 5.43714E-03 5.80399E-03 6.15371E-03 6.49098E-03 7.33463E-03 8.65931E-03 1.02285E-02 1.20871E-02
 1.42902E-02 1.68869E-02 1.99683E-02 2.36300E-02 2.79798E-02 3.31434E-02 3.92637E-02 4.65091E-02
 5.51188E-02 6.53090E-02 7.73291E-02 9.16175E-02 1.08588E-01 1.28687E-01 1.52658E-01 1.80135E-01
 2.12121E-01 2.49779E-01 2.94113E-01 3.46302E-01 4.07737E-01 4.80051E-01 5.65166E-01 6.65344E-01
 7.83244E-01 9.21994E-01 1.08527E+00 1.27741E+00 1.50349E+00 1.76949E+00 2.08246E+00 2.45067E+00
 2.88384E+00 3.39340E+00 3.99281E+00 4.69786E+00 5.52714E+00 6.50248E+00 7.64954E+00 8.99851E+00
 1.05848E+01 1.24502E+01 1.46435E+01 1.72224E+01 2.02545E+01 2.38191E+01 2.80097E+01 3.29359E+01
 3.87266E+01 4.55331E+01 5.35331E+01 6.29843E+01 7.42431E+01 8.76368E+01 1.03664E+02 1.22781E+02
 1.45647E+02 1.73102E+02 2.05750E+02 2.44542E+02 2.90632E+02 3.45391E+02 4.10054E+02 4.85968E+02
 5.75367E+02 6.80340E+02 8.03416E+02 9.47847E+02 1.11691E+03 1.31448E+03 1.54467E+03 1.81417E+03
 0.00000E+00 0.00000E+00 0.00000E+00 0.00000E+00 0.00000E+00 0.00000E+00 0.00000E+00 0.00000E+00
 0.00000E+00 0.00000E+00 0.00000E+00 0.00000E+00 0.00000E+00 0.00000E+00 0.00000E+00 0.00000E+00
 0.00000E+00 0.00000E+00 0.00000E+00 0.00000E+00 0.00000E+00 0.00000E+00 0.00000E+00 0.00000E+00
 0.00000E+00 0.00000E+00 0.00000E+00 0.00000E+00 0.00000E+00 0.00000E+00 0.00000E+00 0.00000E+00
 0.00000E+00 0.00000E+00 0.00000E+00 0.00000E+00 0.00000E+00 0.00000E+00 0.00000E+00 0.00000E+00
 0.00000E+00 0.00000E+00 0.00000E+00 0.00000E+00 0.00000E+00 0.00000E+00 0.00000E+00 0.00000E+00
 0.00000E+00 0.00000E+00 0.00000E+00 0.00000E+00 0.00000E+00 0.00000E+00 0.00000E+00 0.00000E+00
 0.00000E+00 0.00000E+00 0.00000E+00 0.00000E+00 0.00000E+00 0.00000E+00 0.00000E+00 0.00000E+00
 0.00000E+00 0.00000E+00 0.00000E+00 0.00000E+00 0.00000E+00 0.00000E+00 0.00000E+00 0.00000E+00
 0.00000E+00 0.00000E+00 0.00000E+00 0.00000E+00 0.00000E+00 0.00000E+00 0.00000E+00 0.00000E+00
 0.00000E+00 0.00000E+00 0.00000E+00 0.00000E+00 0.00000E+00 0.00000E+00 0.00000E+00 0.00000E+00
 0.00000E+00 0.00000E+00 0.00000E+00 0.00000E+00 0.00000E+00 0.00000E+00 0.00000E+00 0.00000E+00
 0.00000E+00 0.00000E+00 0.00000E+00 0.00000E+00 0.00000E+00 0.00000E+00 0.00000E+00 0.00000E+00
 0.00000E+00 0.00000E+00 0.00000E+00 0.00000E+00 0.00000E+00 0.00000E+00 0.00000E+00 0.00000E+00
 0.00000E+00 0.00000E+00 0.00000E+00 0.00000E+00 0.00000E+00 0.00000E+00 0.00000E+00 0.00000E+00
 0.00000E+00 0.00000E+00 0.00000E+00 0.00000E+00 0.00000E+00 0.00000E+00 0.00000E+00 0.00000E+00
 0.00000E+00 0.00000E+00 0.00000E+00 0.00000E+00 0.00000E+00 0.00000E+00 0.00000E+00 0.00000E+00
 0.00000E+00 0.00000E+00 0.00000E+00 0.00000E+00 0.00000E+00 0.00000E+00 0.00000E+00 0.00000E+00
 0.00000E+00 0.00000E+00 0.00000E+00 0.00000E+00 0.00000E+00 0.00000E+00 0.00000E+00 0.00000E+00
 0.00000E+00 0.00000E+00 0.00000E+00 0.00000E+00 0.00000E+00 0.00000E+00 0.00000E+00 0.00000E+00
 0.00000E+00 0.00000E+00 0.00000E+00 0.00000E+00 0.00000E+00 0.00000E+00 0.00000E+00 0.00000E+00
 0.00000E+00 0.00000E+00 0.00000E+00 0.00000E+00 0.00000E+00 0.00000E+00 0.00000E+00 0.00000E+00
 0.00000E+00 0.00000E+00 0.00000E+00 0.00000E+00 0.00000E+00 0.00000E+00 0.00000E+00 0.00000E+00
 0.00000E+00 0.00000E+00 0.00000E+00 0.00000E+00 0.00000E+00 0.00000E+00 0.00000E+00 0.00000E+00
 0.00000E+00 0.00000E+00 0.00000E+00 0.00000E+00 0.00000E+00 0.00000E+00 0.00000E+00 0.00000E+00
 1.86600E-05 1.86600E-05 1.86600E-05 1.86600E-05 1.86600E-05 1.86600E-05 1.86600E-05 1.86600E-05
 1.86600E-05 1.86600E-05 1.86600E-05 1.86600E-05 1.86600E-05 1.86600E-05 1.86600E-05 1.86600E-05
 1.82927E-05 1.75229E-05 1.65587E-05 1.53526E-05 1.40884E-05 1.28576E-05 1.16228E-05 1.04301E-05
 1.00000E-05 1.00000E-05 1.00000E-05 1.00000E-05 1.00000E-05 1.00000E-05 1.00000E-05 1.00000E-05
 1.00000E-05 1.00000E-05 1.00000E-05 1.00000E-05 1.00000E-05 1.00000E-05 1.00000E-05 1.00000E-05
 1.00000E-05 1.00000E-05 1.00000E-05 1.00000E-05 1.00000E-05 1.00000E-05 1.00000E-05 1.00000E-05
 1.00000E-05 1.00000E-05 1.00000E-05 1.00000E-05 1.00000E-05 1.00000E-05 1.00000E-05 1.00000E-05
 1.00000E-05 1.00000E-05 1.00000E-05 1.00000E-05 1.00000E-05 1.00000E-05 1.00000E-05 1.00000E-05
 1.00000E-05 1.00000E-05 1.00000E-05 1.00000E-05 1.00000E-05 1.00000E-05 1.00000E-05 1.00000E-05
 1.00000E-05 1.00000E-05 1.00000E-05 1.00000E-05 1.00000E-05 1.00000E-05 1.00000E-05 1.00000E-05
 1.00000E-05 1.00000E-05 1.00000E-05 1.00000E-05 1.00000E-05 1.00000E-05 1.00000E-05 1.00000E-05
 1.00000E-05 1.00000E-05 1.00000E-05 1.00000E-05 1.00000E-05 1.00000E-05 1.00000E-05 1.00000E-05
 1.00000E-05 1.00000E-05 1.00000E-05 1.00000E-05 0.00000E+00 0.00000E+00 0.00000E+00 0.00000E+00
 0.00000E+00 0.00000E+00 0.00000E+00 0.00000E+00 0.00000E+00 0.00000E+00 0.00000E+00 0.00000E+00
 0.00000E+00 0.00000E+00 0.00000E+00 0.00000E+00 0.00000E+00 0.00000E+00 0.00000E+00 0.00000E+00
 0.00000E+00 0.00000E+00 0.00000E+00 0.00000E+00 0.00000E+00 0.00000E+00 0.00000E+00 0.00000E+00
 0.00000E+00 0.00000E+00 0.00000E+00 0.00000E+00 0.00000E+00 0.00000E+00 0.00000E+00 0.00000E+00
 0.00000E+00 0.00000E+00 0.00000E+00 0.00000E+00 0.00000E+00 0.00000E+00 0.00000E+00 0.00000E+00
 0.00000E+00 0.00000E+00 0.00000E+00 0.00000E+00 0.00000E+00 0.00000E+00 0.00000E+00 0.00000E+00
 0.00000E+00 0.00000E+00 0.00000E+00 0.00000E+00 0.00000E+00 0.00000E+00 0.00000E+00 0.00000E+00
 0.00000E+00 0.00000E+00 0.00000E+00 0.00000E+00 0.00000E+00 0.00000E+00 0.00000E+00 0.00000E+00
 0.00000E+00 0.00000E+00 0.00000E+00 0.00000E+00 0.00000E+00 0.00000E+00 0.00000E+00 0.00000E+00
 0.00000E+00 0.00000E+00 0.00000E+00 0.00000E+00 0.00000E+00 0.00000E+00 0.00000E+00 0.00000E+00
 0.00000E+00 0.00000E+00 0.00000E+00 0.00000E+00 0.00000E+00 0.00000E+00 0.00000E+00 0.00000E+00
 0.00000E+00 0.00000E+00 0.00000E+00 0.00000E+00 0.00000E+00 0.00000E+00 0.00000E+00 0.00000E+00
 0.00000E+00 0.00000E+00 0.00000E+00 0.00000E+00 0.00000E+00 0.00000E+00 0.00000E+00 0.00000E+00
 0.00000E+00 0.00000E+00 0.00000E+00 0.00000E+00 0.00000E+00 0.00000E+00 0.00000E+00 0.00000E+00
 0.00000E+00 0.00000E+00 0.00000E+00 0.00000E+00 0.00000E+00 0.00000E+00 0.00000E+00 0.00000E+00
 0.00000E+00 0.00000E+00 0.00000E+00 0.00000E+00 0.00000E+00 0.00000E+00 0.00000E+00 0.00000E+00
 0.00000E+00 0.00000E+00 0.00000E+00 0.00000E+00 0.00000E+00 0.00000E+00 0.00000E+00 0.00000E+00
 0.00000E+00 0.00000E+00 0.00000E+00 0.00000E+00 0.00000E+00 0.00000E+00 0.00000E+00 0.00000E+00
 0.00000E+00 0.00000E+00 0.00000E+00 0.00000E+00 0.00000E+00 0.00000E+00 0.00000E+00 0.00000E+00
 0.00000E+00 0.00000E+00 0.00000E+00 0.00000E+00 0.00000E+00 0.00000E+00 0.00000E+00 0.00000E+00
 0.00000E+00 0.00000E+00 0.00000E+00 0.00000E+00 0.00000E+00 0.00000E+00 0.00000E+00 0.00000E+00
 0.00000E+00 0.00000E+00 0.00000E+00 0.00000E+00 0.00000E+00 0.00000E+00 0.00000E+00 0.00000E+00
 0.00000E+00 0.00000E+00 0.00000E+00 0.00000E+00 0.00000E+00 0.00000E+00 0.00000E+00 0.00000E+00
 0.00000E+00 0.00000E+00 0.00000E+00 0.00000E+00 0.00000E+00 0.00000E+00 0.00000E+00 0.00000E+00
 0.00000E+00 0.00000E+00 0.00000E+00 0.00000E+00
