 3.49027E-11 2.02210E-14 1.12652E-02 4.29253E-13 2.01750E-11 5.95212E-10 5.18645E-11 1.50567E-16
 4.59447E-09 1.26630E-07 2.29071E-08 1.36836E-10 3.28926E-12 5.35837E-10 1.28395E-12 1.41025E-12
 6.17452E-14 9.72362E-12 5.73074E-14 8.80350E-16 9.15291E-19 3.55232E-23 7.46644E-11 9.56478E-14
 2.72967E-16 8.11331E-15 9.14527E-12 4.15198E-15 5.13757E-13 2.17922E-15 4.42996E-15 7.73303E-12
 3.89662E-12 2.10763E-14 3.58233E-11 4.48913E-14 7.24381E-03 8.04261E-13 2.10175E-11 4.72741E-10
 8.62301E-11 1.85527E-16 4.87013E-09 1.18618E-07 1.32339E-08 1.22891E-10 4.29014E-12 4.90739E-10
 1.58578E-12 1.66880E-12 1.27603E-13 1.46490E-11 1.52738E-13 2.30741E-15 4.41673E-18 1.64066E-22
 5.99084E-11 1.39815E-13 7.53464E-16 1.29394E-14 1.37750E-11 5.64306E-15 3.26492E-13 2.07735E-15
 8.67637E-15 8.42236E-12 7.41139E-12 1.66175E-14 3.33228E-11 9.52900E-14 4.50299E-03 1.38193E-12
 2.05980E-11 3.32487E-10 1.42043E-10 2.11571E-16 5.07698E-09 1.10780E-07 7.22919E-09 9.21540E-11
 4.77676E-12 4.45728E-10 2.04690E-12 1.93597E-12 2.52238E-13 2.07318E-11 3.70456E-13 5.32546E-15
 1.89574E-17 1.19295E-21 4.67346E-11 2.38644E-13 1.91972E-15 2.54992E-14 1.92054E-11 9.67008E-15
 1.90157E-13 1.63762E-15 1.13654E-14 6.97391E-12 1.03905E-11 1.16052E-14 2.88388E-11 1.98994E-13
 2.58793E-03 2.18045E-12 1.93262E-11 2.21704E-10 2.35639E-10 2.35478E-16 5.22328E-09 1.03367E-07
 3.95162E-09 6.01872E-11 4.62072E-12 4.01741E-10 2.67880E-12 2.16420E-12 4.62438E-13 2.66804E-11
 7.41177E-13 1.04326E-14 7.12231E-17 1.24166E-20 3.55787E-11 4.61577E-13 4.24522E-15 5.91831E-14
 2.40219E-11 1.92901E-14 1.20173E-13 1.25380E-15 1.31994E-14 5.49896E-12 1.25421E-11 8.51974E-15
 2.51290E-11 3.63936E-13 1.73334E-03 3.34364E-12 1.95334E-11 1.66234E-10 3.36164E-10 3.18826E-16
 5.32650E-09 9.65598E-08 2.33178E-09 4.02880E-11 4.33196E-12 3.59396E-10 3.26840E-12 2.36296E-12
 7.49233E-13 3.22879E-11 1.01346E-12 1.79593E-14 1.94481E-16 8.35935E-20 2.65220E-11 8.51572E-13
 8.34146E-15 1.23430E-13 2.77625E-11 3.36527E-14 8.98635E-14 1.09957E-15 1.39737E-14 4.45911E-12
 1.43551E-11 6.59313E-15 2.10554E-11 6.51820E-13 1.04214E-03 4.75386E-12 1.96871E-11 1.34222E-10
 4.83437E-10 4.55478E-16 5.40764E-09 9.06173E-08 1.56926E-09 2.68704E-11 3.77412E-12 3.19243E-10
 3.93947E-12 2.55313E-12 1.12131E-12 3.67475E-11 1.18909E-12 2.76772E-14 5.08639E-16 5.57510E-19
 1.95947E-11 1.48310E-12 1.45490E-14 2.37949E-13 3.01148E-11 5.56052E-14 7.33300E-14 9.67469E-16
 1.51047E-14 3.84415E-12 1.60946E-11 5.46287E-15 1.70273E-11 1.11223E-12 5.55006E-04 6.26540E-12
 1.92297E-11 1.11030E-10 6.79534E-10 6.31897E-16 5.48586E-09 8.57272E-08 1.20441E-09 1.77684E-11
 3.11567E-12 2.82011E-10 4.78216E-12 2.73247E-12 1.58006E-12 3.93239E-11 1.14928E-12 3.81940E-14
 1.23760E-15 3.51303E-18 1.46018E-11 2.30750E-12 2.28395E-14 4.11166E-13 3.11959E-11 8.42596E-14
 6.46949E-14 8.70343E-16 1.71716E-14 3.54714E-12 1.78724E-11 4.79859E-15 1.37082E-11 1.74815E-12
 2.85590E-04 7.79876E-12 1.83709E-11 9.32249E-11 8.84240E-10 8.40958E-16 5.57469E-09 8.19220E-08
 1.04046E-09 1.19401E-11 2.53718E-12 2.48345E-10 5.82743E-12 2.89531E-12 2.10345E-12 3.99132E-11
 9.80263E-13 4.73969E-14 2.44778E-15 1.71654E-17 1.11761E-11 3.09426E-12 3.30191E-14 6.16394E-13
 3.15222E-11 1.11117E-13 6.15944E-14 8.44149E-16 2.03936E-14 3.48480E-12 1.96233E-11 4.44298E-15
 1.10224E-11 2.62847E-12 1.41570E-04 9.45662E-12 1.75519E-11 8.03670E-11 1.10435E-09 1.11747E-15
 5.68213E-09 7.91482E-08 1.01541E-09 8.18737E-12 2.05835E-12 2.18841E-10 7.00195E-12 3.03308E-12
 2.68111E-12 3.90285E-11 8.03518E-13 5.53180E-14 3.89669E-15 7.08051E-17 8.96261E-12 3.80953E-12
 4.54101E-14 8.44232E-13 3.13707E-11 1.33846E-13 6.13628E-14 8.55014E-16 2.44904E-14 3.55785E-12
 2.08164E-11 4.20751E-15 7.63627E-12 4.25823E-12 3.84852E-05 9.21576E-12 1.21296E-11 5.09230E-11
 1.63198E-09 9.54586E-16 5.81936E-09 7.72504E-08 1.15811E-09 4.33915E-12 1.36605E-12 1.92978E-10
 1.05441E-11 3.23381E-12 3.64174E-12 3.43614E-11 5.71603E-13 5.49861E-14 5.14286E-15 5.39202E-16
 7.65567E-12 3.89843E-12 5.66918E-14 1.19276E-12 3.13251E-11 1.87364E-13 6.65575E-14 7.26222E-16
 3.72717E-14 3.90630E-12 1.90675E-11 4.17122E-15 4.52085E-12 7.27328E-12 5.43167E-06 6.08035E-12
 5.40586E-12 2.04303E-11 2.75160E-09 5.30016E-16 6.03362E-09 7.54957E-08 1.65786E-09 1.58041E-12
 6.41871E-13 1.65216E-10 1.94704E-11 3.37308E-12 4.32121E-12 2.33634E-11 3.26629E-13 3.86055E-14
 3.89822E-15 1.89875E-15 6.70477E-12 2.39945E-12 5.92818E-14 1.39205E-12 3.30127E-11 2.33926E-13
 1.04802E-15 6.49111E-18 6.60944E-15 4.02045E-13 6.08388E-12 5.33572E-17 4.29720E-12 1.04414E-11
 3.64154E-06 6.73338E-12 5.81273E-12 1.83360E-11 2.81144E-09 8.79990E-16 6.48281E-09 7.25360E-08
 2.31986E-09 1.40460E-12 6.19449E-13 1.28025E-10 2.18994E-11 3.29555E-12 4.19717E-12 1.91805E-11
 2.71566E-13 3.23215E-14 2.64170E-15 1.42475E-15 5.43854E-12 2.15198E-12 7.04202E-14 1.39531E-12
 3.45799E-11 1.66943E-13 8.70126E-18 5.78285E-20 5.45323E-16 2.94453E-14 1.10801E-12 3.65641E-19
 4.06911E-12 1.20219E-11 3.46892E-06 8.33034E-12 7.39888E-12 2.20638E-11 2.31302E-09 1.53757E-15
 7.50253E-09 6.72921E-08 2.90288E-09 1.50855E-12 6.43700E-13 8.28415E-11 2.08894E-11 3.07166E-12
 3.84598E-12 1.67402E-11 2.43052E-13 2.79472E-14 1.76100E-15 1.08934E-15 3.79623E-12 2.33879E-12
 9.31109E-14 1.41348E-12 3.60475E-11 1.14479E-13 3.40752E-20 3.13243E-22 2.92943E-17 1.53392E-15
 1.07578E-13 1.39228E-21 3.68026E-12 1.35748E-11 3.09443E-06 9.88368E-12 9.04318E-12 2.52944E-11
 1.87442E-09 2.50327E-15 9.61316E-09 5.94915E-08 3.51827E-09 1.53725E-12 6.37149E-13 4.26643E-11
 1.87739E-11 2.67074E-12 3.17214E-12 1.33191E-11 1.99412E-13 2.17492E-14 9.91497E-16 8.35589E-16
 2.19893E-12 2.46044E-12 1.21986E-13 1.43465E-12 3.75141E-11 7.37299E-14 7.33268E-23 1.12912E-24
 1.38487E-18 6.91200E-17 6.01034E-15 4.15288E-24 3.17906E-12 1.59043E-11 2.42661E-06 1.09275E-11
 1.03618E-11 2.64149E-11 1.58218E-09 3.81776E-15 1.33418E-08 5.04466E-08 4.41324E-09 1.46949E-12
 5.96578E-13 1.79328E-11 1.60319E-11 2.12046E-12 2.30734E-12 9.17478E-12 1.45025E-13 1.45525E-14
 4.40043E-16 6.30053E-16 1.10392E-12 2.41517E-12 1.52206E-13 1.44418E-12 3.86451E-11 4.32096E-14
 1.53728E-25 1.65012E-26 6.26045E-20 2.84634E-18 2.28571E-16 6.96812E-26 1.94969E-12 1.91222E-11
 1.45400E-06 1.03003E-11 9.84738E-12 2.48227E-11 1.70939E-09 4.49869E-15 1.89244E-08 4.21899E-08
 5.91032E-09 1.07838E-12 3.88960E-13 6.77004E-12 1.28832E-11 1.56378E-12 1.57480E-12 5.70464E-12
 9.68931E-14 1.03087E-14 2.07345E-16 8.58194E-16 5.56834E-13 2.80964E-12 1.86786E-13 1.67236E-12
 3.85428E-11 3.43490E-14 1.76542E-27 5.48283E-28 2.78690E-21 1.03117E-19 6.82956E-18 2.43770E-27
 1.61825E-12 2.07952E-11 1.46179E-06 1.27498E-11 1.23550E-11 3.02047E-11 1.32505E-09 7.40014E-15
 2.64804E-08 3.44167E-08 6.54496E-09 9.96639E-13 3.51420E-13 2.51385E-12 9.56496E-12 1.14545E-12
 1.09549E-12 3.97733E-12 6.70901E-14 6.75819E-15 8.28156E-17 5.63814E-16 2.61323E-13 2.83106E-12
 2.38600E-13 1.58844E-12 3.88658E-11 1.73307E-14 8.25585E-29 2.69743E-29 8.29210E-23 3.10138E-21
 1.85915E-19 8.66195E-29 1.31000E-12 2.26158E-11 1.46532E-06 1.58375E-11 1.52677E-11 3.62126E-11
 1.02945E-09 1.21050E-14 3.63363E-08 2.75956E-08 7.07388E-09 8.53859E-13 2.99380E-13 9.92357E-13
 7.19284E-12 8.47005E-13 7.71212E-13 2.81416E-12 4.60388E-14 4.49813E-15 3.39174E-17 3.35508E-16
 1.16663E-13 2.67610E-12 2.97587E-13 1.43620E-12 3.92670E-11 8.40722E-15 5.07603E-30 1.63685E-30
 3.14650E-24 1.20531E-22 7.68441E-21 3.85849E-30 1.04032E-12 2.46428E-11 1.46389E-06 1.97098E-11
 1.87246E-11 4.30987E-11 8.02725E-10 1.98274E-14 4.87564E-08 2.19487E-08 7.57817E-09 6.94032E-13
 2.44175E-13 4.44356E-13 5.55443E-12 6.45317E-13 5.56204E-13 2.05686E-12 3.21865E-14 3.11465E-15
 1.48884E-17 1.80051E-16 5.07411E-14 2.38581E-12 3.59164E-13 1.23346E-12 3.97679E-11 3.99436E-15
 4.47685E-30 1.44634E-30 1.79661E-24 7.11763E-23 5.60444E-21 2.55665E-30 8.17867E-13 2.69002E-11
 1.45734E-06 2.45454E-11 2.28786E-11 5.11481E-11 6.27922E-10 3.25819E-14 6.39005E-08 1.74812E-08
 8.09539E-09 5.46988E-13 1.93960E-13 2.29608E-13 4.43159E-12 5.12011E-13 4.13072E-13 1.56727E-12
 2.32538E-14 2.27186E-15 7.16381E-18 8.76703E-17 2.20064E-14 2.01988E-12 4.18102E-13 1.00937E-12
 4.03288E-11 1.88404E-15 6.81212E-30 2.18281E-30 1.80068E-24 7.40881E-23 5.60047E-21 2.96194E-30
 6.43405E-13 2.94521E-11 1.44593E-06 3.05499E-11 2.79003E-11 6.06551E-11 4.93171E-10 5.37701E-14
 8.17811E-08 1.40647E-08 8.66387E-09 4.26247E-13 1.52606E-13 1.33239E-13 3.65943E-12 4.24461E-13
 3.16142E-13 1.24727E-12 1.74499E-14 1.75053E-15 3.79921E-18 3.93600E-17 9.73957E-15 1.63984E-12
 4.70389E-13 7.93378E-13 4.08845E-11 8.92073E-16 1.01642E-29 3.23327E-30 1.81479E-24 7.78182E-23
 5.59559E-21 3.44753E-30 5.09728E-13 3.24185E-11 1.42988E-06 3.79440E-11 3.39623E-11 7.18718E-11
 3.89724E-10 8.91199E-14 1.02653E-07 1.14644E-08 9.32728E-09 3.32452E-13 1.20231E-13 8.31942E-14
 3.11521E-12 3.65625E-13 2.48062E-13 1.02915E-12 1.35327E-14 1.41315E-15 2.18906E-18 1.66888E-17
 4.43729E-15 1.29207E-12 5.14478E-13 6.06224E-13 4.13798E-11 4.26636E-16 1.48385E-29 4.68992E-30
 1.83527E-24 8.21032E-23 5.59009E-21 4.03048E-30 4.08482E-13 3.59776E-11 1.40929E-06 4.69460E-11
 4.12139E-11 8.49331E-11 3.10704E-10 1.48153E-13 1.26819E-07 9.47697E-09 1.01326E-08 2.61543E-13
 9.55697E-14 5.43025E-14 2.72319E-12 3.24691E-13 1.98481E-13 8.71807E-13 1.07564E-14 1.18062E-15
 1.34244E-18 6.85722E-18 2.09114E-15 9.99513E-13 5.50669E-13 4.56141E-13 4.17875E-11 2.07085E-16
 2.12278E-29 6.67578E-30 1.87115E-24 8.71969E-23 5.58371E-21 4.75597E-30 3.31998E-13 4.03546E-11
 1.38417E-06 5.77489E-11 4.97566E-11 9.97928E-11 2.50472E-10 2.46380E-13 1.54585E-07 7.94415E-09
 1.11277E-08 2.08416E-13 7.70024E-14 3.65077E-14 2.43670E-12 2.94907E-13 1.61166E-13 7.50531E-13
 8.68490E-15 1.00736E-15 8.57432E-19 2.79801E-18 1.02311E-15 7.66861E-13 5.80334E-13 3.42123E-13
 4.21042E-11 1.02438E-16 2.97529E-29 9.33390E-30 1.93213E-24 9.34007E-23 5.57615E-21 5.68429E-30
 2.73675E-13 4.58173E-11 1.35431E-06 7.05000E-11 5.96180E-11 1.16169E-10 2.04454E-10 4.08444E-13
 1.86419E-07 6.74113E-09 1.23597E-08 1.68302E-13 6.29665E-14 2.50830E-14 2.22484E-12 2.71840E-13
 1.32191E-13 6.50162E-13 7.06025E-15 8.66427E-16 5.58412E-19 1.15796E-18 5.19775E-16 5.88332E-13
 6.05274E-13 2.58500E-13 4.23405E-11 5.17821E-17 4.08204E-29 1.28254E-29 2.02872E-24 1.01062E-22
 5.56706E-21 6.89581E-30 2.28402E-13 5.26829E-11 1.31930E-06 8.52882E-11 7.07312E-11 1.33512E-10
 1.69059E-10 6.72484E-13 2.22917E-07 5.77534E-09 1.38731E-08 1.37438E-13 5.21982E-14 1.75393E-14
 2.06690E-12 2.52577E-13 1.09076E-13 5.61827E-13 5.73287E-15 7.42651E-16 3.63974E-19 4.94075E-19
 2.73828E-16 4.54011E-13 6.27322E-13 1.98371E-13 4.25117E-11 2.67845E-17 5.47644E-29 1.73261E-29
 2.17262E-24 1.10576E-22 5.55600E-21 8.49725E-30 1.92359E-13 6.13440E-11 1.27850E-06 1.02131E-10
 8.29236E-11 1.51009E-10 1.41582E-10 1.09607E-12 2.64840E-07 4.97825E-09 1.57140E-08 1.13052E-13
 4.37384E-14 1.24504E-14 1.94824E-12 2.35146E-13 9.02098E-14 4.80695E-13 4.61749E-15 6.28310E-16
 2.33695E-19 2.19749E-19 1.49129E-16 3.53658E-13 6.48115E-13 1.55459E-13 4.26327E-11 1.41703E-17
 7.17767E-29 2.30198E-29 2.37810E-24 1.22410E-22 5.54250E-21 1.06321E-29 1.63000E-13 7.23368E-11
 1.23155E-06 1.20999E-10 9.59278E-11 1.67665E-10 1.20090E-10 1.76494E-12 3.12662E-07 4.30530E-09
 1.79318E-08 9.33036E-14 3.69367E-14 8.98915E-15 1.85914E-12 2.18367E-13 7.45955E-14 4.05027E-13
 3.66960E-15 5.21195E-16 1.46126E-19 1.02485E-19 8.40629E-17 2.78499E-13 6.69136E-13 1.24781E-13
 4.27160E-11 7.65603E-18 9.17695E-29 3.00696E-29 2.66238E-24 1.37092E-22 5.52599E-21 1.34892E-29
 1.38485E-13 8.65164E-11 1.17788E-06 1.41818E-10 1.09412E-10 1.82448E-10 1.03316E-10 2.80741E-12
 3.66996E-07 3.72025E-09 2.06087E-08 7.68561E-14 3.12937E-14 6.63201E-15 1.79132E-12 2.01409E-13
 6.15189E-14 3.34510E-13 2.86399E-15 4.21690E-16 8.81253E-20 5.01671E-20 4.90488E-17 2.21635E-13
 6.91563E-13 1.02630E-13 4.27708E-11 4.20850E-18 1.14169E-28 3.85477E-29 3.04809E-24 1.55255E-22
 5.50582E-21 1.73216E-29 1.18043E-13 1.05369E-10 1.11628E-06 1.64424E-10 1.23050E-10 1.94554E-10
 9.05080E-11 4.42203E-12 4.29137E-07 3.18930E-09 2.39319E-08 6.27044E-14 2.63921E-14 5.03615E-15
 1.73666E-12 1.83691E-13 5.04283E-14 2.69512E-13 2.18627E-15 3.31177E-16 5.07812E-20 2.56511E-20
 2.94489E-17 1.77812E-13 7.15837E-13 8.62854E-14 4.28049E-11 2.33759E-18 1.37772E-28 4.83392E-29
 3.56804E-24 1.77755E-22 5.48106E-21 2.24918E-29 1.04448E-13 1.31343E-10 1.04635E-06 1.88725E-10
 1.36753E-10 2.03965E-10 8.11392E-11 6.94047E-12 4.99508E-07 2.69408E-09 2.82822E-08 5.03560E-14
 2.19877E-14 4.00441E-15 1.68950E-12 1.65317E-13 4.10153E-14 2.11514E-13 1.63209E-15 2.52353E-16
 2.78910E-20 1.35400E-20 1.82088E-17 1.43250E-13 7.41466E-13 7.37182E-14 4.28244E-11 1.30162E-18
 1.60996E-28 5.91022E-29 4.26128E-24 2.05522E-22 5.45075E-21 2.95114E-29 1.06648E-13 1.68139E-10
 9.68156E-07 2.14817E-10 1.50961E-10 2.11993E-10 7.46821E-11 1.09644E-11 5.78072E-07 2.22381E-09
 3.44476E-08 3.95847E-14 1.79301E-14 3.40250E-15 1.64494E-12 1.46868E-13 3.30739E-14 1.61992E-13
 1.19709E-15 1.87314E-16 1.46670E-20 7.24357E-21 1.16278E-17 1.15387E-13 7.66249E-13 6.34127E-14
 4.28357E-11 7.20166E-19 1.83030E-28 7.04935E-29 5.17007E-24 2.39497E-22 5.41389E-21 3.91452E-29
 1.38153E-13 2.20844E-10 8.80758E-07 2.42897E-10 1.66699E-10 2.21097E-10 7.04874E-11 1.76267E-11
 6.65783E-07 1.76979E-09 4.39976E-08 3.02141E-14 1.41173E-14 3.12581E-15 1.59792E-12 1.28942E-13
 2.64088E-14 1.21382E-13 8.69001E-16 1.36109E-16 7.43125E-21 3.84661E-21 7.64330E-18 9.25954E-14
 7.86121E-13 5.43524E-14 4.28455E-11 3.92245E-19 2.05224E-28 8.26600E-29 6.34752E-24 2.80893E-22
 5.36920E-21 5.26468E-29 2.05246E-13 2.95736E-10 7.83905E-07 2.73025E-10 1.85211E-10 2.33834E-10
 6.77599E-11 2.90361E-11 7.62874E-07 1.33961E-09 5.97922E-08 2.22376E-14 1.06033E-14 3.09655E-15
 1.54597E-12 1.11933E-13 2.08607E-14 8.90995E-14 6.28107E-16 9.70997E-17 3.64155E-21 1.99626E-21
 5.17159E-18 7.38703E-14 7.96937E-13 4.60582E-14 4.28593E-11 2.08786E-19 2.31430E-28 9.66646E-29
 7.87942E-24 3.31736E-22 5.31456E-21 7.21407E-29 2.92662E-13 4.00570E-10 6.78402E-07 3.03188E-10
 2.07415E-10 2.52256E-10 6.57784E-11 4.89765E-11 8.68500E-07 9.54809E-10 8.79351E-08 1.57858E-14
 7.54845E-15 3.24455E-15 1.48913E-12 9.58243E-14 1.61962E-14 6.35738E-14 4.53048E-16 6.73078E-17
 1.70472E-21 9.97928E-22 3.61585E-18 5.82783E-14 7.92528E-13 3.83088E-14 4.28844E-11 1.07562E-19
 2.69501E-28 1.15234E-28 1.00317E-23 3.98167E-22 5.24357E-21 1.02337E-28 3.71471E-13 5.46281E-10
 5.65982E-07 3.25140E-10 2.34638E-10 2.81093E-10 6.41240E-11 8.44546E-11 9.80891E-07 6.38272E-10
 1.46502E-07 1.10285E-14 5.09569E-15 3.50209E-15 1.42804E-12 8.06265E-14 1.20824E-14 4.30827E-14
 3.29108E-16 4.39050E-17 7.36418E-22 4.62846E-22 2.62779E-18 4.47465E-14 7.55379E-13 3.06931E-14
 4.29399E-11 5.24824E-20 3.41405E-28 1.45781E-28 1.37058E-23 4.99060E-22 5.13644E-21 1.57590E-28
 4.27769E-13 7.49646E-10 4.50181E-07 3.22440E-10 2.70311E-10 3.33249E-10 6.26151E-11 1.50180E-10
 1.09649E-06 4.02460E-10 2.95642E-07 7.97747E-15 3.30071E-15 3.80732E-15 1.36320E-12 6.65249E-14
 8.29327E-15 2.66093E-14 2.46160E-16 2.57799E-17 2.80448E-22 1.83825E-22 1.99821E-18 3.24083E-14
 6.57632E-13 2.27559E-14 4.30551E-11 2.32637E-20 5.12061E-28 2.08280E-28 2.15453E-23 6.78765E-22
 4.94623E-21 2.84773E-28 4.66437E-13 1.04258E-09 3.35419E-07 2.82296E-10 3.13247E-10 4.13426E-10
 6.14825E-11 2.75900E-10 1.21090E-06 2.41208E-10 7.12176E-07 6.18380E-15 2.09894E-15 4.11673E-15
 1.29463E-12 5.24520E-14 4.99828E-15 1.39683E-14 1.83735E-16 1.33752E-17 9.01453E-23 5.73086E-23
 1.58755E-18 2.09304E-14 5.07423E-13 1.49464E-14 4.32215E-11 8.74331E-21 9.17560E-28 3.42597E-28
 4.03717E-23 1.00757E-21 4.59584E-21 6.17502E-28 4.83906E-13 1.52017E-09 2.29447E-07 2.16851E-10
 3.38117E-10 4.53692E-10 6.27023E-11 4.99867E-10 1.31646E-06 1.38632E-10 1.77397E-06 4.84831E-15
 1.36391E-15 4.40808E-15 1.22231E-12 3.67618E-14 2.62707E-15 5.74874E-15 1.15384E-16 6.64828E-18
 2.46642E-23 1.37810E-23 1.30713E-18 1.10282E-14 3.73696E-13 8.62089E-15 4.33682E-11 2.56799E-21
 1.55475E-27 5.68381E-28 8.48518E-23 1.52488E-21 4.03123E-21 1.39677E-27 4.62268E-13 2.47156E-09
 1.43363E-07 1.51639E-10 3.08288E-10 3.54283E-10 7.09738E-11 8.35030E-10 1.40226E-06 7.74489E-11
 3.97401E-06 3.45693E-15 9.51254E-16 4.67458E-15 1.14516E-12 2.14115E-14 1.24694E-15 1.79458E-15
 5.01021E-17 3.58340E-18 6.07139E-24 2.67974E-24 1.10552E-18 4.37168E-15 3.02669E-13 4.47103E-15
 4.34466E-11 5.63734E-22 1.76911E-27 7.64539E-28 1.82993E-22 2.14874E-21 3.30642E-21 2.73094E-27
 3.91185E-13 4.64641E-09 8.30826E-08 1.01599E-10 2.28973E-10 1.81916E-10 9.30681E-11 1.26800E-09
 1.46233E-06 4.24350E-11 7.65790E-06 2.06319E-15 7.14299E-16 4.92120E-15 1.06197E-12 1.01454E-14
 5.61112E-16 4.37178E-16 1.40188E-17 2.04876E-18 1.29058E-24 5.02163E-25 9.52414E-19 1.35175E-15
 2.97411E-13 2.27687E-15 4.34535E-11 9.84606E-23 1.15156E-27 7.41227E-28 3.85120E-22 2.69293E-21
 2.55735E-21 4.24228E-27 2.88307E-13 9.90017E-09 4.58408E-08 6.89741E-11 1.42631E-10 6.53120E-11
 1.38648E-10 1.81522E-09 1.49930E-06 2.29318E-11 1.28702E-05 9.49954E-16 5.22074E-16 5.15522E-15
 9.74463E-13 3.97293E-15 2.53026E-16 8.89595E-17 2.65520E-18 1.10520E-18 2.14949E-25 1.32354E-25
 8.31117E-19 3.93407E-16 3.64394E-13 1.37619E-15 4.33845E-11 1.66065E-23 4.46368E-28 5.20177E-28
 7.51350E-22 2.98023E-21 1.90113E-21 5.13270E-27 1.88094E-13 2.24679E-08 2.47473E-08 4.88025E-11
 7.95966E-11 1.86625E-11 2.20022E-10 2.52806E-09 1.52000E-06 1.23352E-11 1.93930E-05 3.22554E-16
 3.22293E-16 5.37784E-15 8.86888E-13 1.40621E-15 1.17899E-16 1.68380E-17 3.99550E-19 5.37637E-19
 2.92201E-26 6.21123E-26 7.33237E-19 1.25601E-16 5.26871E-13 1.11012E-15 4.32184E-11 3.29012E-24
 1.17391E-28 2.79559E-28 1.27493E-21 2.96562E-21 1.38958E-21 4.84818E-27 1.11270E-13 5.09497E-08
 1.33553E-08 3.55894E-11 4.25247E-11 4.80938E-12 3.48921E-10 3.45045E-09 1.53087E-06 6.67508E-12
 2.69019E-05 8.65070E-17 1.65196E-16 5.58268E-15 8.02986E-13 5.47570E-16 5.63185E-17 3.49584E-18
 6.16250E-20 2.62202E-19 4.29737E-27 4.29961E-26 6.53661E-19 4.24048E-17 8.12930E-13 1.08723E-15
 4.29282E-11 8.42231E-25 2.39911E-29 1.22905E-28 1.81031E-21 2.79702E-21 1.02034E-21 3.67288E-27
 6.02460E-14 1.11652E-07 7.25979E-09 2.60732E-11 2.25780E-11 1.20270E-12 5.35781E-10 4.60193E-09
 1.53632E-06 3.64305E-12 3.51705E-05 2.06098E-17 7.74305E-17 5.75943E-15 7.23822E-13 2.84823E-16
 2.69074E-17 9.38743E-19 1.22756E-20 1.51874E-19 9.76382E-28 3.28122E-26 5.87843E-19 1.37651E-17
 1.23473E-12 1.11778E-15 4.25019E-11 2.89639E-25 4.17194E-30 4.66045E-29 2.16171E-21 2.69994E-21
 7.63619E-22 2.32686E-27 3.01096E-14 2.32114E-07 3.98145E-09 1.89428E-11 1.21409E-11 3.03811E-13
 7.84300E-10 5.96035E-09 1.53885E-06 2.00473E-12 4.40216E-05 4.79070E-18 3.64346E-17 5.89212E-15
 6.49562E-13 1.93710E-16 1.26919E-17 3.26997E-19 3.22322E-21 1.04046E-19 3.43427E-28 2.36214E-26
 5.32524E-19 4.19466E-18 1.77166E-12 1.11602E-15 4.19601E-11 1.20798E-25 6.63140E-31 1.61075E-29
 2.24462E-21 2.78953E-21 5.88736E-22 1.29865E-27 1.44057E-14 4.45449E-07 2.22126E-09 1.37916E-11
 6.78504E-12 8.13895E-14 1.06822E-09 7.45536E-09 1.53979E-06 1.12004E-12 5.31880E-05 1.17772E-18
 1.83177E-17 5.96052E-15 5.81220E-13 1.47640E-16 5.98114E-18 1.30446E-19 9.92009E-22 7.43612E-20
 1.42336E-28 1.53524E-26 4.86055E-19 1.27347E-18 2.37769E-12 1.05865E-15 4.13491E-11 5.19827E-26
 1.08191E-31 5.60599E-30 2.14515E-21 3.00297E-21 4.72334E-22 6.93423E-28 6.88717E-15 7.79369E-07
 1.26569E-09 1.02330E-11 4.01894E-12 2.40187E-14 1.33693E-09 9.04619E-09 1.53987E-06 6.36407E-13
 6.25447E-05 3.21744E-19 1.00551E-17 5.95301E-15 5.18845E-13 1.14926E-16 2.86509E-18 5.47356E-20
 3.31404E-22 5.19949E-20 5.90171E-29 9.16988E-27 4.46675E-19 4.13004E-19 3.02711E-12 9.62660E-16
 4.06943E-11 2.17794E-26 2.02293E-32 2.15581E-30 2.00279E-21 3.22025E-21 3.94841E-22 3.83418E-28
 3.37209E-15 1.25860E-06 7.36441E-10 7.76478E-12 2.51597E-12 7.85475E-15 1.55410E-09 1.07305E-08
 1.53948E-06 3.67088E-13 7.20631E-05 9.96076E-20 6.04326E-18 5.87088E-15 4.62005E-13 8.90400E-17
 1.39981E-18 2.34409E-20 1.16491E-22 3.53650E-20 2.36238E-29 5.19244E-27 4.12868E-19 1.46085E-19
 3.72570E-12 8.52326E-16 3.99901E-11 8.95328E-27 4.49555E-33 9.38381E-31 1.88906E-21 3.38405E-21
 3.42038E-22 2.26380E-28 1.70984E-15 1.91091E-06 4.38067E-10 5.98773E-12 1.64212E-12 2.80279E-15
 1.70752E-09 1.24907E-08 1.53881E-06 2.15324E-13 8.16593E-05 3.51445E-20 3.98890E-18 5.72631E-15
 4.10618E-13 6.84860E-17 6.93727E-19 1.01406E-20 4.23931E-23 2.35922E-20 9.17188E-30 2.84862E-27
 3.83754E-19 5.57598E-20 4.48809E-12 7.42787E-16 3.92217E-11 3.66685E-27 1.16358E-33 4.53942E-31
 1.81945E-21 3.48803E-21 3.04737E-22 1.42301E-28 8.97350E-16 2.77556E-06 2.65805E-10 4.65614E-12
 1.10108E-12 1.06311E-15 1.80305E-09 1.42983E-08 1.53799E-06 1.28454E-13 9.12824E-05 1.40106E-20
 2.88712E-18 5.53627E-15 3.64343E-13 5.23672E-17 3.46124E-19 4.40091E-21 1.57612E-23 1.55425E-20
 3.48184E-30 1.53397E-27 3.58572E-19 2.25039E-20 5.33107E-12 6.41329E-16 3.83723E-11 1.50679E-27
 3.35845E-34 2.36654E-31 1.78815E-21 3.54411E-21 2.76827E-22 9.37712E-29 4.87562E-16 3.90117E-06
 1.64340E-10 3.62944E-12 7.50534E-13 4.19749E-16 1.85007E-09 1.61066E-08 1.53709E-06 7.81381E-14
 1.00826E-04 6.22951E-21 2.27889E-18 5.31855E-15 3.23047E-13 3.98926E-17 1.72996E-19 1.90959E-21
 5.93784E-24 1.01612E-20 1.30205E-30 8.14918E-28 3.36851E-19 9.44184E-21 6.26301E-12 5.49977E-16
 3.74335E-11 6.22862E-28 1.04300E-34 1.29795E-31 1.78802E-21 3.56318E-21 2.54593E-22 6.39109E-29
 2.75089E-16 5.34169E-06 1.03599E-10 2.82546E-12 5.16949E-13 1.70367E-16 1.85600E-09 1.78637E-08
 1.53617E-06 4.86883E-14 1.10156E-04 3.03882E-21 1.93803E-18 5.08896E-15 2.86627E-13 3.03439E-17
 8.64234E-20 8.27933E-22 2.25894E-24 6.61651E-21 4.82756E-31 4.27085E-28 3.18235E-19 4.07154E-21
 7.28110E-12 4.68425E-16 3.64083E-11 2.59222E-28 3.41042E-35 7.38150E-32 1.81449E-21 3.55202E-21
 2.35832E-22 4.46708E-29 1.60857E-16 7.16711E-06 6.64339E-11 2.19263E-12 3.58393E-13 7.03999E-17
 1.82940E-09 1.95436E-08 1.53527E-06 3.10902E-14 1.19245E-04 1.59060E-21 1.74372E-18 4.85721E-15
 2.54547E-13 2.30644E-17 4.30829E-20 3.58214E-22 8.64963E-25 4.29824E-21 1.77949E-31 2.20696E-28
 3.02220E-19 1.78798E-21 8.38229E-12 3.96144E-16 3.52996E-11 1.08417E-28 1.15518E-35 4.30580E-32
 1.86292E-21 3.51668E-21 2.19143E-22 3.17957E-29 9.69139E-17 9.47087E-06 4.31409E-11 1.69490E-12
 2.49429E-13 2.93911E-17 1.77879E-09 2.11408E-08 1.53438E-06 2.02813E-14 1.28141E-04 8.74029E-22
 1.63083E-18 4.62763E-15 2.26102E-13 1.75131E-17 2.13988E-20 1.54359E-22 3.32232E-25 2.78631E-21
 6.52107E-32 1.12440E-28 2.88277E-19 7.93801E-22 9.56579E-12 3.32639E-16 3.41082E-11 4.54291E-29
 4.00265E-36 2.55467E-32 1.92903E-21 3.46228E-21 2.03653E-22 2.29136E-29 5.98581E-17 1.23642E-05
 2.82599E-11 1.30467E-12 1.74041E-13 1.23406E-17 1.71012E-09 2.26518E-08 1.53353E-06 1.34700E-14
 1.36873E-04 4.95845E-22 1.56430E-18 4.40219E-15 2.00751E-13 1.32795E-17 1.05796E-20 6.61530E-23
 1.27756E-25 1.80230E-21 2.37498E-32 5.64497E-29 2.76007E-19 3.54744E-22 1.08273E-11 2.77260E-16
 3.28383E-11 1.90269E-29 1.40889E-36 1.53463E-32 2.01044E-21 3.39163E-21 1.88892E-22 1.66627E-29
 3.80030E-17 1.59359E-05 1.87001E-11 9.99976E-13 1.21919E-13 5.22626E-18 1.62368E-09 2.40571E-08
 1.53271E-06 9.12057E-15 1.45354E-04 2.88096E-22 1.52510E-18 4.18408E-15 1.78344E-13 1.00668E-17
 5.21158E-21 2.82607E-23 4.93258E-26 1.16476E-21 8.62318E-33 2.78530E-29 2.65241E-19 1.59713E-22
 1.21446E-11 2.29092E-16 3.15120E-11 7.97357E-30 5.05949E-37 9.35988E-33 2.10887E-21 3.30311E-21
 1.74775E-22 1.22440E-29 2.49110E-17 2.02482E-05 1.25406E-11 7.63188E-13 8.59248E-14 2.24428E-18
 1.51963E-09 2.53402E-08 1.53195E-06 6.31175E-15 1.53485E-04 1.70797E-22 1.50202E-18 3.97588E-15
 1.58747E-13 7.64093E-18 2.56199E-21 1.20741E-23 1.92004E-26 7.53272E-22 3.13345E-33 1.34764E-29
 2.55840E-19 7.26205E-23 1.34891E-11 1.87427E-16 3.01582E-11 3.35071E-30 1.86737E-37 5.82095E-33
 2.22670E-21 3.19433E-21 1.61361E-22 9.11122E-30 1.67950E-17 2.54001E-05 8.50411E-12 5.80101E-13
 6.09183E-14 9.75304E-19 1.40333E-09 2.65091E-08 1.53123E-06 4.45043E-15 1.61300E-04 1.02677E-22
 1.48816E-18 3.77643E-15 1.41527E-13 5.80564E-18 1.25640E-21 5.14970E-24 7.52698E-27 4.87448E-22
 1.13862E-33 6.39969E-30 2.47542E-19 3.33164E-23 1.48509E-11 1.51907E-16 2.87864E-11 1.41105E-30
 7.07009E-38 3.68533E-33 2.36302E-21 3.06622E-21 1.48579E-22 6.85502E-30 1.16245E-17 3.14600E-05
 5.82441E-12 4.39270E-13 4.34843E-14 4.28984E-19 1.27842E-09 2.75681E-08 1.53056E-06 3.19030E-15
 1.68804E-04 6.23985E-23 1.47964E-18 3.58527E-15 1.26386E-13 4.41659E-18 6.14841E-22 2.19198E-24
 2.97372E-27 3.15705E-22 4.13926E-34 2.98437E-30 2.40167E-19 1.54387E-23 1.62161E-11 1.21999E-16
 2.74107E-11 5.95892E-31 2.75032E-38 2.37747E-33 2.51814E-21 2.91842E-21 1.36444E-22 5.21441E-30
 8.28960E-18 3.83942E-05 4.04025E-12 3.31495E-13 3.13284E-14 1.92125E-19 1.14637E-09 2.85110E-08
 1.52994E-06 2.32848E-15 1.75920E-04 3.83973E-23 1.47427E-18 3.40411E-15 1.13216E-13 3.36909E-18
 3.00855E-22 9.34776E-25 1.18951E-27 2.04959E-22 1.51139E-34 1.36577E-30 2.33642E-19 7.25635E-24
 1.75569E-11 9.70518E-17 2.60588E-11 2.53172E-31 1.10849E-38 1.57027E-33 2.69394E-21 2.74895E-21
 1.25116E-22 4.01898E-30 6.09334E-18 4.61477E-05 2.84114E-12 2.49405E-13 2.28055E-14 8.78313E-20
 1.01126E-09 2.93417E-08 1.52937E-06 1.72984E-15 1.82624E-04 2.39242E-23 1.47071E-18 3.23338E-15
 1.01819E-13 2.57937E-18 1.47372E-22 3.99905E-25 4.82662E-28 1.33502E-22 5.55304E-35 6.13752E-31
 2.27862E-19 3.46584E-24 1.88560E-11 7.64993E-17 2.47480E-11 1.08410E-31 4.64332E-39 1.06312E-33
 2.88991E-21 2.55823E-21 1.14668E-22 3.13844E-30 4.61390E-18 5.46298E-05 2.02576E-12 1.87161E-13
 1.67839E-14 4.10251E-20 8.77540E-10 3.00672E-08 1.52884E-06 1.30700E-15 1.88915E-04 1.50859E-23
 1.46818E-18 3.07314E-15 9.19850E-14 1.98325E-18 7.23369E-23 1.71720E-25 1.98850E-28 8.73046E-23
 2.05542E-35 2.71123E-31 2.22724E-19 1.68410E-24 2.01014E-11 5.97802E-17 2.34902E-11 4.68470E-32
 2.02299E-39 7.37720E-34 3.10386E-21 2.34843E-21 1.05133E-22 2.48075E-30 3.60340E-18 6.36641E-05
 1.46743E-12 1.40172E-13 1.25000E-14 1.96520E-20 7.48751E-10 3.06926E-08 1.52835E-06 1.00508E-15
 1.94767E-04 9.64322E-24 1.46624E-18 2.92416E-15 8.35675E-14 1.53314E-18 3.56451E-23 7.42685E-26
 8.34127E-29 5.73847E-23 7.68804E-36 1.17836E-31 2.18168E-19 8.34029E-25 2.12779E-11 4.63302E-17
 2.23008E-11 2.04705E-32 9.18872E-40 5.24975E-34 3.33194E-21 2.12336E-21 9.65638E-23 1.98332E-30
 2.89389E-18 7.31364E-05 1.07866E-12 1.04831E-13 9.41391E-15 9.63975E-21 6.29016E-10 3.12307E-08
 1.52789E-06 7.85166E-16 2.00222E-04 6.23950E-24 1.46459E-18 2.78551E-15 7.63423E-14 1.19159E-18
 1.76394E-23 3.23340E-26 3.55830E-29 3.79113E-23 2.90455E-36 5.04769E-32 2.14091E-19 4.20496E-25
 2.23854E-11 3.56440E-17 2.11795E-11 9.04191E-33 4.33389E-40 3.81942E-34 3.56774E-21 1.88948E-21
 8.88941E-23 1.59937E-30 2.38042E-18 8.29564E-05 8.02721E-13 7.83351E-14 7.16182E-15 4.82524E-21
 5.21136E-10 3.16946E-08 1.52746E-06 6.21500E-16 2.05335E-04 4.07646E-24 1.46308E-18 2.65596E-15
 7.01022E-14 9.30796E-19 8.76615E-24 1.41430E-26 1.54025E-29 2.51656E-23 1.10681E-36 2.13498E-32
 2.10401E-19 2.15461E-25 2.34286E-11 2.72484E-17 2.01216E-11 4.03325E-33 2.11113E-40 2.83156E-34
 3.80416E-21 1.65392E-21 8.20285E-23 1.29738E-30 2.00392E-18 9.29465E-05 6.04945E-13 5.85340E-14
 5.50335E-15 2.46638E-21 4.26029E-10 3.20915E-08 1.52705E-06 4.98309E-16 2.10110E-04 2.69017E-24
 1.46162E-18 2.53555E-15 6.47264E-14 7.31000E-19 4.38072E-24 6.22868E-27 6.77131E-30 1.67902E-23
 4.26035E-37 8.92660E-33 2.07055E-19 1.12200E-25 2.44033E-11 2.07085E-17 1.91312E-11 1.81759E-33
 1.06090E-40 2.13711E-34 4.03427E-21 1.42365E-21 7.59295E-23 1.05725E-30 1.72484E-18 1.02940E-04
 4.61791E-13 4.37735E-14 4.26990E-15 1.28737E-21 3.43927E-10 3.24289E-08 1.52665E-06 4.04602E-16
 2.14556E-04 1.79324E-24 1.46014E-18 2.42418E-15 6.01025E-14 5.77296E-19 2.20368E-24 2.76645E-27
 3.02354E-30 1.12612E-23 1.65763E-37 3.69326E-33 2.04016E-19 5.93439E-26 2.53075E-11 1.56541E-17
 1.82103E-11 8.27472E-34 5.49036E-41 1.64040E-34 4.25165E-21 1.20511E-21 7.05432E-23 8.64490E-31
 1.51640E-18 1.12788E-04 3.57173E-13 3.27935E-14 3.34312E-15 6.85874E-22 2.74435E-10 3.27141E-08
 1.52626E-06 3.32626E-16 2.18682E-04 1.20716E-24 1.45861E-18 2.32165E-15 5.61273E-14 4.58471E-19
 1.11699E-24 1.24076E-27 1.37076E-30 7.59273E-24 6.52087E-38 1.51354E-33 2.01248E-19 3.18504E-26
 2.61407E-11 1.17757E-17 1.73591E-11 3.80403E-34 2.92011E-41 1.27922E-34 4.45097E-21 1.00370E-21
 6.58058E-23 7.08583E-31 1.36035E-18 1.22369E-04 2.80039E-13 2.46393E-14 2.63964E-15 3.72761E-22
 2.16666E-10 3.29537E-08 1.52587E-06 2.76873E-16 2.22502E-04 8.20551E-25 1.45700E-18 2.22766E-15
 5.27092E-14 3.66115E-19 5.71073E-25 5.62680E-28 6.30608E-31 5.14560E-24 2.59357E-38 6.14956E-34
 1.98723E-19 1.73269E-26 2.69039E-11 8.81920E-18 1.65768E-11 1.76477E-34 1.59291E-41 1.01261E-34
 4.62837E-21 8.23315E-22 6.16510E-23 5.81777E-31 1.24414E-18 1.31587E-04 2.22741E-13 1.85914E-14
 2.10032E-15 2.06648E-22 1.69422E-10 3.31542E-08 1.52548E-06 2.33384E-16 2.26031E-04 5.63441E-25
 1.45530E-18 2.14184E-15 4.97675E-14 2.93921E-19 2.94837E-25 2.58483E-28 2.94210E-31 3.50424E-24
 1.04285E-38 2.47942E-34 1.96413E-19 9.54228E-27 2.75988E-11 6.57876E-18 1.58615E-11 8.25534E-35
 8.89623E-42 8.13087E-35 4.78162E-21 6.66231E-22 5.80130E-23 4.78238E-31 1.15870E-18 1.40371E-04
 1.79955E-13 1.41117E-14 1.68292E-15 1.17218E-22 1.31361E-10 3.33209E-08 1.52509E-06 1.99294E-16
 2.29284E-04 3.91818E-25 1.45350E-18 2.06380E-15 4.72325E-14 2.37160E-19 1.54060E-25 1.20986E-28
 1.39450E-31 2.39737E-24 4.24812E-39 9.93506E-35 1.94295E-19 5.31467E-27 2.82278E-11 4.89063E-18
 1.52106E-11 3.89259E-35 5.08825E-42 6.61843E-35 4.90951E-21 5.33685E-22 5.48303E-23 3.93445E-31
 1.08993E-18 1.49012E-04 1.46670E-13 1.07897E-14 1.35415E-15 6.72181E-23 1.01295E-10 3.34644E-08
 1.52468E-06 1.71438E-16 2.32399E-04 2.73818E-25 1.45150E-18 1.99025E-15 4.49561E-14 1.91897E-19
 8.12718E-26 5.70522E-29 6.64935E-32 1.64396E-24 1.73591E-39 3.95946E-35 1.92269E-19 2.97843E-27
 2.88167E-11 3.62671E-18 1.45974E-11 1.84095E-35 2.94837E-42 5.43715E-35 5.01417E-21 4.23333E-22
 5.19346E-23 3.23331E-31 1.02700E-18 1.57850E-04 1.19606E-13 8.32312E-15 1.09144E-15 3.83620E-23
 7.78901E-11 3.35925E-08 1.52421E-06 1.47614E-16 2.35517E-04 1.90406E-25 1.44918E-18 1.91796E-15
 4.28120E-14 1.55345E-19 4.31888E-26 2.66868E-29 3.15565E-32 1.12733E-24 7.03968E-40 1.57063E-35
 1.90235E-19 1.67165E-27 2.93903E-11 2.68500E-18 1.39955E-11 8.68900E-36 1.71118E-42 4.48993E-35
 5.09825E-21 3.32150E-22 4.91780E-23 2.64974E-31 9.67826E-19 1.66899E-04 9.74957E-14 6.49475E-15
 8.81007E-16 2.17907E-23 5.97539E-11 3.37067E-08 1.52369E-06 1.27119E-16 2.38650E-04 1.31849E-25
 1.44646E-18 1.84672E-15 4.07729E-14 1.25754E-19 2.32041E-26 1.24225E-29 1.49465E-32 7.72669E-25
 2.84228E-40 6.21255E-36 1.88174E-19 9.39656E-28 2.99491E-11 1.98520E-18 1.34036E-11 4.09389E-36
 9.96340E-43 3.72838E-35 5.16316E-21 2.58470E-22 4.65374E-23 2.16610E-31 9.11982E-19 1.76127E-04
 7.94506E-14 5.14239E-15 7.12254E-16 1.23432E-23 4.57366E-11 3.38072E-08 1.52308E-06 1.09487E-16
 2.41794E-04 9.10799E-26 1.44329E-18 1.77673E-15 3.88234E-14 1.01770E-19 1.26449E-26 5.78455E-30
 7.07995E-33 5.29131E-25 1.14479E-40 2.45135E-36 1.86079E-19 5.29086E-28 3.04906E-11 1.46594E-18
 1.28234E-11 1.92521E-36 5.83207E-43 3.11590E-35 5.21108E-21 1.99868E-22 4.40066E-23 1.76745E-31
 8.59167E-19 1.85508E-04 6.47323E-14 4.14543E-15 5.76722E-16 6.98230E-24 3.49305E-11 3.38944E-08
 1.52239E-06 9.43173E-17 2.44945E-04 6.28491E-26 1.43958E-18 1.70813E-15 3.69460E-14 8.23049E-20
 7.01054E-27 2.70699E-30 3.35578E-33 3.61873E-25 4.60052E-41 9.64966E-37 1.83942E-19 2.98399E-28
 3.10126E-11 1.08118E-18 1.22562E-11 9.03139E-37 3.43595E-43 2.62232E-35 5.24430E-21 1.53756E-22
 4.15784E-23 1.44025E-31 8.09425E-19 1.95024E-04 5.27297E-14 3.41446E-15 4.67687E-16 3.94942E-24
 2.66216E-11 3.39682E-08 1.52158E-06 8.12609E-17 2.48098E-04 4.33832E-26 1.43525E-18 1.64104E-15
 3.51215E-14 6.64825E-20 3.96652E-27 1.27871E-30 1.59157E-33 2.47003E-25 1.84361E-41 3.78991E-37
 1.81754E-19 1.68549E-28 3.15131E-11 7.96453E-19 1.17029E-11 4.22336E-37 2.03893E-43 2.22314E-35
 5.26484E-21 1.17785E-22 3.92454E-23 1.17253E-31 7.65159E-19 2.04662E-04 4.29379E-14 2.88376E-15
 3.79809E-16 2.23790E-24 2.02553E-11 3.40286E-08 1.52066E-06 7.00158E-17 2.51249E-04 3.00391E-26
 1.43020E-18 1.57552E-15 3.33283E-14 5.35996E-20 2.29686E-27 6.12427E-31 7.56433E-34 1.68135E-25
 7.37548E-42 1.48681E-37 1.79503E-19 9.53989E-29 3.19903E-11 5.86210E-19 1.11640E-11 1.97012E-37
 1.22034E-43 1.89869E-35 5.27427E-21 8.99819E-23 3.69998E-23 9.53916E-32 7.43754E-19 2.14383E-04
 3.49657E-14 2.43733E-15 3.10839E-16 1.28061E-24 1.58640E-11 3.40766E-08 1.51962E-06 6.03508E-17
 2.54384E-04 2.10613E-26 1.42433E-18 1.51182E-15 3.15483E-14 4.35525E-20 1.36689E-27 3.00076E-31
 3.71027E-34 1.17268E-25 3.08770E-42 6.26149E-38 1.77184E-19 5.67060E-29 3.24413E-11 4.38892E-19
 1.06413E-11 9.84283E-38 7.44954E-44 1.63710E-35 5.27360E-21 6.89417E-23 3.48400E-23 7.80596E-32
 7.37723E-19 2.24131E-04 2.85104E-14 2.05811E-15 2.55899E-16 7.43377E-25 1.27118E-11 3.41162E-08
 1.51857E-06 5.20907E-17 2.57479E-04 1.49956E-26 1.41752E-18 1.45030E-15 2.97956E-14 3.55832E-20
 8.31037E-28 1.51237E-31 1.88237E-34 8.33239E-26 1.35948E-42 2.79461E-38 1.74794E-19 3.51052E-29
 3.28601E-11 3.32652E-19 1.01392E-11 5.20490E-38 4.63169E-44 1.42358E-35 5.26409E-21 5.29505E-23
 3.27690E-23 6.41467E-32 7.19990E-19 2.33920E-04 2.32843E-14 1.82382E-15 2.09335E-16 4.33913E-25
 9.84852E-12 3.41502E-08 1.51751E-06 4.50320E-17 2.60530E-04 1.07171E-26 1.40962E-18 1.39092E-15
 2.81006E-14 2.86817E-20 5.13480E-28 7.79296E-32 9.37317E-35 5.72725E-26 5.77527E-43 1.15536E-38
 1.72316E-19 2.07631E-29 3.32434E-11 2.46792E-19 9.65931E-12 2.56298E-38 2.87762E-44 1.24364E-35
 5.24676E-21 4.03919E-23 3.07772E-23 5.23016E-32 7.09252E-19 2.43759E-04 1.90514E-14 1.61790E-15
 1.72365E-16 2.55714E-25 7.83889E-12 3.41809E-08 1.51647E-06 3.89996E-17 2.63534E-04 7.72518E-27
 1.40047E-18 1.33362E-15 2.64672E-14 2.33050E-20 3.25990E-28 4.13148E-32 4.75578E-35 4.03141E-26
 2.52616E-43 5.06638E-39 1.69732E-19 1.28072E-29 3.35888E-11 1.85597E-19 9.20178E-12 1.32449E-38
 1.80482E-44 1.09452E-35 5.22145E-21 3.07678E-23 2.88555E-23 4.28572E-32 6.85110E-19 2.53673E-04
 1.56241E-14 1.52205E-15 1.40847E-16 1.50694E-25 6.00259E-12 3.42104E-08 1.51548E-06 3.38463E-17
 2.66486E-04 5.54706E-27 1.38986E-18 1.27833E-15 2.49324E-14 1.86760E-20 2.11727E-28 2.23997E-32
 2.34323E-35 2.73435E-26 1.05045E-43 2.03250E-39 1.67019E-19 7.48342E-30 3.38930E-11 1.36208E-19
 8.76724E-12 6.32199E-39 1.12607E-44 9.67039E-36 5.18826E-21 2.32152E-23 2.69949E-23 3.47977E-32
 6.60402E-19 2.63707E-04 1.28425E-14 1.45982E-15 1.15396E-16 8.89854E-26 4.64276E-12 3.42393E-08
 1.51452E-06 2.94359E-17 2.69388E-04 3.98195E-27 1.37757E-18 1.22487E-15 2.34994E-14 1.50233E-20
 1.41774E-28 1.24806E-32 1.15535E-35 1.87137E-26 4.36920E-44 8.30006E-40 1.64150E-19 4.43423E-30
 3.41542E-11 1.00330E-19 8.35458E-12 3.04297E-39 7.04201E-45 8.58727E-36 5.14662E-21 1.74359E-23
 2.51840E-23 2.82809E-32 6.32649E-19 2.73879E-04 1.05905E-14 1.43496E-15 9.46130E-17 5.26320E-26
 3.60157E-12 3.42715E-08 1.51368E-06 2.56720E-17 2.72230E-04 2.85162E-27 1.36338E-18 1.17325E-15
 2.21925E-14 1.21137E-20 9.78572E-29 7.15741E-33 5.70847E-36 1.28461E-26 1.82457E-44 3.40606E-40
 1.61104E-19 2.63963E-30 3.43687E-11 7.38420E-20 7.96451E-12 1.46701E-39 4.41147E-45 7.65569E-36
 5.09602E-21 1.30311E-23 2.34183E-23 2.29596E-32 5.92306E-19 2.84275E-04 8.76146E-15 1.50485E-15
 7.67739E-17 3.08274E-26 2.65071E-12 3.43056E-08 1.51288E-06 2.24503E-17 2.75017E-04 2.00819E-27
 1.34699E-18 1.12320E-15 2.10385E-14 9.62382E-21 6.88483E-29 4.16863E-33 2.69218E-36 8.40884E-27
 7.06181E-45 1.23504E-40 1.57842E-19 1.45331E-30 3.45340E-11 5.26329E-20 7.59529E-12 6.37917E-40
 2.73297E-45 6.84000E-36 5.03570E-21 9.61233E-24 2.16854E-23 1.84101E-32 5.49828E-19 2.94984E-04
 7.26951E-15 1.61216E-15 6.23133E-17 1.79187E-26 1.94815E-12 3.43370E-08 1.51193E-06 1.96824E-17
 2.77756E-04 1.39675E-27 1.32809E-18 1.07447E-15 2.00227E-14 7.67130E-21 4.96420E-29 2.47156E-33
 1.24961E-36 5.50837E-27 2.66437E-45 4.42546E-41 1.54328E-19 7.92569E-31 3.46480E-11 3.74222E-20
 7.24499E-12 2.71610E-40 1.68617E-45 6.12291E-36 4.96466E-21 7.03960E-24 1.99764E-23 1.47317E-32
 5.08305E-19 3.06067E-04 6.05278E-15 1.75547E-15 5.05795E-17 1.03649E-26 1.43169E-12 3.43660E-08
 1.51080E-06 1.73066E-17 2.80440E-04 9.62439E-28 1.30642E-18 1.02701E-15 1.91385E-14 6.13754E-21
 3.65507E-29 1.49283E-33 5.77764E-37 3.61178E-27 9.98269E-46 1.58064E-41 1.50538E-19 4.30471E-31
 3.47067E-11 2.65703E-20 6.91340E-12 1.15003E-40 1.03891E-45 5.48562E-36 4.88204E-21 5.13410E-24
 1.82905E-23 1.17587E-32 4.68226E-19 3.17595E-04 5.06095E-15 1.93464E-15 4.10500E-17 5.97655E-27
 1.05200E-12 3.43927E-08 1.50946E-06 1.52698E-17 2.83060E-04 6.57480E-28 1.28173E-18 9.80798E-16
 1.83818E-14 4.93061E-21 2.73735E-29 9.16589E-34 2.66974E-37 2.37091E-27 3.73578E-46 5.62531E-42
 1.46445E-19 2.32553E-31 3.47061E-11 1.88338E-20 6.60036E-12 4.85072E-41 6.39231E-46 4.91343E-36
 4.78702E-21 3.73218E-24 1.66289E-23 9.35753E-33 4.28008E-19 3.29681E-04 4.25096E-15 2.19243E-15
 3.31399E-17 3.42704E-27 7.53871E-13 3.44129E-08 1.50772E-06 1.35213E-17 2.85613E-04 4.43166E-28
 1.25373E-18 9.35694E-16 1.77488E-14 3.94395E-21 2.06912E-29 5.66834E-34 1.20783E-37 1.52114E-27
 1.35065E-46 1.88292E-42 1.42024E-19 1.20587E-31 3.46421E-11 1.31387E-20 6.30504E-12 1.95496E-41
 3.90569E-46 4.39428E-36 4.67871E-21 2.69624E-24 1.49933E-23 7.38345E-33 3.89361E-19 3.42443E-04
 3.58728E-15 2.53561E-15 2.66467E-17 1.95539E-27 5.30594E-13 3.44167E-08 1.50515E-06 1.20162E-17
 2.88101E-04 2.94789E-28 1.22223E-18 8.91593E-16 1.72216E-14 3.14731E-21 1.57615E-29 3.51856E-34
 5.35071E-38 9.59362E-28 4.71252E-47 6.00470E-43 1.37254E-19 6.04287E-32 3.45116E-11 9.05930E-21
 6.02656E-12 7.57016E-42 2.36821E-46 3.91849E-36 4.55643E-21 1.93834E-24 1.33892E-23 5.78163E-33
 3.55561E-19 3.55956E-04 3.04425E-15 2.88236E-15 2.15303E-17 1.11862E-27 3.83517E-13 3.44006E-08
 1.50159E-06 1.07235E-17 2.90508E-04 1.95185E-28 1.18719E-18 8.48600E-16 1.67770E-14 2.54388E-21
 1.21526E-29 2.20924E-34 2.40593E-38 6.20681E-28 1.68048E-47 2.02129E-43 1.32145E-19 3.10021E-32
 3.43114E-11 6.33573E-21 5.76540E-12 3.02330E-42 1.43611E-46 3.48012E-36 4.42020E-21 1.39638E-24
 1.18317E-23 4.53183E-33 3.25225E-19 3.70342E-04 2.60025E-15 3.30672E-15 1.73470E-17 6.43118E-28
 2.75100E-13 3.43632E-08 1.49691E-06 9.61410E-18 2.92825E-04 1.28591E-28 1.14859E-18 8.06749E-16
 1.64051E-14 2.05487E-21 9.41411E-30 1.39627E-34 1.08246E-38 3.97602E-28 5.98612E-48 6.68119E-44
 1.26702E-19 1.57010E-32 3.40386E-11 4.40551E-21 5.52164E-12 1.20016E-42 8.67586E-47 3.07540E-36
 4.27002E-21 1.00628E-24 1.03345E-23 3.52725E-33 2.98494E-19 3.85715E-04 2.23757E-15 3.78732E-15
 1.39686E-17 3.73285E-28 1.98095E-13 3.42977E-08 1.49077E-06 8.66243E-18 2.95043E-04 8.45086E-29
 1.10656E-18 7.66111E-16 1.60934E-14 1.66525E-21 7.32610E-30 8.88093E-35 4.89251E-39 2.55075E-28
 2.14316E-48 2.21532E-44 1.20951E-19 7.92261E-33 3.36919E-11 3.06557E-21 5.29539E-12 4.77786E-43
 5.22260E-47 2.70137E-36 4.10651E-21 7.26194E-25 8.91406E-24 2.73155E-33 2.75422E-19 4.02187E-04
 1.94240E-15 4.28860E-15 1.12645E-17 2.20260E-28 1.44784E-13 3.42014E-08 1.48299E-06 7.84779E-18
 2.97150E-04 5.56360E-29 1.06135E-18 7.26806E-16 1.58315E-14 1.35882E-21 5.72887E-30 5.69409E-35
 2.24190E-39 1.65655E-28 7.83327E-49 7.56729E-45 1.14932E-19 4.03725E-33 3.32709E-11 2.14878E-21
 5.08695E-12 1.94114E-43 3.13754E-47 2.35676E-36 3.93084E-21 5.25676E-25 7.58796E-24 2.10855E-33
 2.55206E-19 4.19917E-04 1.70297E-15 4.88581E-15 9.04979E-18 1.33152E-28 1.05049E-13 3.40685E-08
 1.47325E-06 7.15022E-18 2.99142E-04 3.67891E-29 1.01326E-18 6.88877E-16 1.56132E-14 1.10625E-21
 4.48120E-30 3.66682E-35 1.02686E-39 1.06365E-28 2.85656E-49 2.53329E-45 1.08687E-19 2.03014E-33
 3.27760E-11 1.49693E-21 4.89609E-12 7.82432E-44 1.87560E-47 2.04043E-36 3.74423E-21 3.81223E-25
 6.36933E-24 1.61356E-33 2.38058E-19 4.39028E-04 1.51017E-15 5.54451E-15 7.25964E-18 8.38939E-29
 7.65028E-14 3.38896E-08 1.46107E-06 6.55321E-18 3.01014E-04 2.47323E-29 9.62792E-19 6.52445E-16
 1.54310E-14 9.02278E-22 3.50870E-30 2.38364E-35 4.71959E-40 6.83218E-29 1.04461E-49 8.49575E-46
 1.02280E-19 1.01570E-33 3.22099E-11 1.04324E-21 4.72280E-12 3.15526E-44 1.12045E-47 1.75190E-36
 3.54873E-21 2.78091E-25 5.27117E-24 1.22680E-33 2.24431E-19 4.59672E-04 1.35652E-15 6.31765E-15
 5.79930E-18 5.70355E-29 5.54099E-14 3.36532E-08 1.44590E-06 6.04168E-18 3.02763E-04 1.73825E-29
 9.10474E-19 6.17596E-16 1.52783E-14 7.33814E-22 2.74716E-30 1.59129E-35 2.19284E-40 4.34061E-29
 3.83167E-50 2.80136E-46 9.57803E-20 5.06731E-34 3.15764E-11 7.23560E-22 4.56675E-12 1.26991E-44
 6.81948E-48 1.49066E-36 3.34653E-21 2.06343E-25 4.30094E-24 9.24182E-34 2.16068E-19 4.81906E-04
 1.23702E-15 6.91878E-15 4.66897E-18 4.47181E-29 4.22612E-14 3.33605E-08 1.42768E-06 5.60598E-18
 3.04379E-04 1.35745E-29 8.57130E-19 5.84547E-16 1.51489E-14 6.08621E-22 2.19521E-30 1.16128E-35
 1.15527E-40 2.89511E-29 1.61836E-50 1.05284E-46 8.92849E-20 2.83919E-34 3.08831E-11 5.19129E-22
 4.42809E-12 5.81094E-45 4.65612E-48 1.25794E-36 3.14087E-21 1.61503E-25 3.46468E-24 6.98325E-34
 2.85150E+02 2.78650E+02 2.72150E+02 2.65660E+02 2.61170E+02 2.55680E+02 2.49190E+02 2.42700E+02
 2.36210E+02 2.25000E+02 2.10000E+02 2.10000E+02 2.10000E+02 2.10000E+02 2.10000E+02 2.00000E+02
 2.00000E+02 2.00000E+02 2.00000E+02 2.00000E+02 2.00000E+02 2.00000E+02 2.00000E+02 2.00000E+02
 2.00000E+02 2.00000E+02 2.00000E+02 2.00000E+02 2.00000E+02 2.00000E+02 2.00000E+02 2.00000E+02
 2.00000E+02 2.00000E+02 2.00000E+02 2.00000E+02 2.00000E+02 2.00000E+02 2.00000E+02 2.00000E+02
 2.00000E+02 2.00000E+02 2.00000E+02 2.00000E+02 2.00000E+02 2.00000E+02 2.00000E+02 2.00000E+02
 2.00000E+02 2.00000E+02 2.00000E+02 2.00000E+02 2.00000E+02 2.00000E+02 2.00000E+02 2.00000E+02
 2.00000E+02 2.00000E+02 2.00000E+02 2.00000E+02 2.00000E+02 2.00000E+02 2.00000E+02 2.00000E+02
 2.00000E+02 2.00000E+02 2.00000E+02 2.00000E+02 2.00000E+02 2.00000E+02 2.00000E+02 2.00000E+02
 2.00000E+02 2.00000E+02 2.00000E+02 2.00000E+02 2.00000E+02 2.00000E+02 2.00000E+02 1.98600E+02
 1.96000E+02 1.94700E+02 1.92000E+02 1.90800E+02 1.89000E+02 1.86900E+02 1.86900E+02 1.86900E+02
 1.86900E+02 1.86900E+02 1.88000E+02 1.90000E+02 1.91000E+02 1.92500E+02 1.94000E+02 1.95000E+02
 1.96500E+02 1.98000E+02 2.00000E+02 2.00000E+02 1.00000E+05 1.00000E+05 1.00000E+05 1.00000E+05
 1.00000E+05 1.00000E+05 1.00000E+05 1.00000E+05 1.00000E+05 8.94400E+04 4.89900E+04 2.25800E+04
 1.16600E+04 6.81200E+03 5.16500E+03 4.29000E+03 3.95000E+03 3.90000E+03 3.99900E+03 4.34300E+03
 4.84400E+03 5.43900E+03 6.18700E+03 7.03600E+03 7.98400E+03 8.98600E+03 1.00300E+04 1.12800E+04
 1.24900E+04 1.36300E+04 1.51300E+04 1.66900E+04 1.81800E+04 1.99800E+04 2.19800E+04 2.44500E+04
 2.74600E+04 3.04600E+04 3.39400E+04 3.79500E+04 4.19500E+04 4.64300E+04 5.19100E+04 5.84000E+04
 6.44500E+04 7.13600E+04 7.99000E+04 8.79100E+04 9.68700E+04 1.06900E+05 1.17800E+05 1.31800E+05
 1.48300E+05 1.65800E+05 1.83300E+05 2.01800E+05 2.25600E+05 2.52200E+05 2.77200E+05 3.07000E+05
 3.42100E+05 3.79500E+05 4.21900E+05 4.71700E+05 5.17400E+05 5.67400E+05 6.22400E+05 6.82600E+05
 7.48700E+05 8.21200E+05 9.00700E+05 9.87900E+05 1.00000E+06 1.00000E+06 1.00000E+06 1.00000E+06
 1.00000E+06 1.00000E+06 1.00000E+06 1.00000E+06 1.00000E+06 1.00000E+06 1.00000E+06 1.00000E+06
 1.00000E+06 1.00000E+06 1.00000E+06 1.00000E+06 1.00000E+06 1.00000E+06 1.00000E+06 1.00000E+06
 1.00000E+06 1.00000E+06 1.00000E+06 1.00000E+06 1.00000E+06 1.00000E+06 1.00000E+06 1.00000E+06
 2.42866E+19 2.20951E+19 2.00572E+19 1.81649E+19 1.62936E+19 1.46415E+19 1.31763E+19 1.18252E+19
 1.05821E+19 9.62488E+18 8.85796E+18 7.56784E+18 6.46594E+18 5.52475E+18 4.72079E+18 4.21952E+18
 3.57763E+18 3.03354E+18 2.57233E+18 2.18136E+18 1.84990E+18 1.56889E+18 1.33064E+18 1.12863E+18
 9.57330E+17 8.12074E+17 6.88893E+17 5.84427E+17 4.95829E+17 4.20683E+17 3.56944E+17 3.02878E+17
 2.57015E+17 2.18108E+17 1.85100E+17 1.57095E+17 1.33334E+17 1.13173E+17 9.60653E+16 8.15478E+16
 6.92278E+16 5.87720E+16 4.98980E+16 4.23660E+16 3.59728E+16 3.05459E+16 2.59390E+16 2.20281E+16
 1.87078E+16 1.58887E+16 1.34952E+16 1.14628E+16 9.73697E+15 8.27140E+15 7.02679E+15 5.96976E+15
 5.07199E+15 4.30945E+15 3.66174E+15 3.11154E+15 2.64414E+15 2.24707E+15 1.90972E+15 1.62310E+15
 1.37957E+15 1.17264E+15 9.96792E+14 8.47360E+14 7.20366E+14 6.12435E+14 5.20702E+14 4.42731E+14
 3.76455E+14 3.20116E+14 2.72222E+14 2.31506E+14 1.96889E+14 1.67457E+14 1.42432E+14 1.21938E+14
 1.04869E+14 8.94611E+13 7.67494E+13 6.52314E+13 5.55489E+13 4.73028E+13 3.97970E+13 3.34839E+13
 2.81738E+13 2.37071E+13 1.98429E+13 1.65547E+13 1.39046E+13 1.16622E+13 9.79529E+12 8.25810E+12
 6.95230E+12 5.86095E+12 4.93617E+12 4.20290E+12 1.16049E-10 1.39795E-10 1.88565E-10 2.47817E-10
 3.11831E-10 3.76745E-10 4.38602E-10 4.93084E-10 5.35078E-10 5.60544E-10 5.66773E-10 5.68738E-10
 5.61940E-10 5.46258E-10 5.20258E-10 4.85299E-10 4.43750E-10 3.99559E-10 3.56274E-10 3.16615E-10
 2.82185E-10 2.52810E-10 2.27957E-10 2.07046E-10 1.88828E-10 1.71901E-10 1.55713E-10 1.40299E-10
 1.25642E-10 1.11589E-10 9.82472E-11 8.57591E-11 7.40668E-11 6.32169E-11 5.33137E-11 4.44344E-11
 3.66428E-11 2.98700E-11 2.40306E-11 1.90798E-11 1.49214E-11 1.14669E-11 8.66311E-12 6.44215E-12
 4.70074E-12 3.35240E-12 2.33852E-12 1.59218E-12 1.05440E-12 6.78499E-13 4.19938E-13 2.53480E-13
 1.49475E-13 8.57154E-14 4.74154E-14 2.51769E-14 1.29291E-14 6.40988E-15 3.02399E-15 1.36111E-15
 5.85847E-16 2.39574E-16 9.29868E-17 3.43463E-17 1.18014E-17 3.75161E-18 1.09759E-18 2.93705E-19
 7.14348E-20 1.56842E-20 3.08584E-21 5.39802E-22 7.12154E-23 6.57808E-24 3.99600E-25 1.48321E-26
 3.08523E-28 3.24911E-30 1.53742E-32 2.82717E-35 1.68630E-38 2.63523E-42 8.29159E-47 3.85636E-52
 1.82237E-58 5.52965E-66 6.40983E-75 1.53543E-85 3.66333E-98 1.00000-100 1.00000-100 1.00000-100
 1.00000-100 1.00000-100 1.00000-100 1.00000-100 1.00000-100 1.00000-100 1.00000-100 1.00000-100
 4.31298E+01 3.72129E+01 3.71856E+01 3.75204E+01 3.88481E+01 3.94415E+01 3.89366E+01 3.76600E+01
 3.52403E+01 3.24586E+01 2.94972E+01 2.35012E+01 1.93909E+01 1.56860E+01 1.23197E+01 1.11278E+01
 8.99946E+00 7.69003E+00 6.78659E+00 6.31889E+00 6.08701E+00 5.99989E+00 6.12402E+00 6.43753E+00
 5.60931E+00 4.28306E+00 3.25371E+00 2.45958E+00 1.84786E+00 1.37687E+00 1.01912E+00 7.47569E-01
 5.42296E-01 3.88495E-01 2.74988E-01 1.92411E-01 1.33223E-01 9.11315E-02 6.15319E-02 4.09339E-02
 2.67874E-02 1.72581E-02 1.09302E-02 6.80407E-03 4.15600E-03 2.48208E-03 1.44608E-03 8.33089E-04
 4.68545E-04 2.56071E-04 1.34613E-04 6.90170E-05 3.45712E-05 1.68407E-05 7.91404E-06 3.57011E-06
 1.55764E-06 6.56136E-07 2.63021E-07 1.00598E-07 3.67952E-08 1.27873E-08 4.21807E-09 1.32418E-09
 3.86724E-10 1.04497E-10 2.59877E-11 5.91155E-12 1.22232E-12 2.28163E-13 3.81667E-14 5.67671E-15
 6.36809E-16 5.00183E-17 2.58387E-18 8.15618E-20 1.44289E-21 1.29238E-23 5.20142E-26 8.18864E-29
 4.20052E-32 5.59983E-36 1.51159E-40 5.97525E-46 2.40456E-52 6.21307E-60 6.05925E-69 1.22120E-79
 2.45156E-92 5.63119E-95 4.71332E-95 3.93226E-95 3.30279E-95 2.77014E-95 2.32669E-95 1.96156E-95
 1.65139E-95 1.39216E-95 1.17250E-95 9.98323E-96 0.00000E+00 0.00000E+00 0.00000E+00 0.00000E+00
 0.00000E+00 0.00000E+00 0.00000E+00 0.00000E+00 0.00000E+00 0.00000E+00 0.00000E+00 0.00000E+00
 0.00000E+00 0.00000E+00 0.00000E+00 0.00000E+00 0.00000E+00 0.00000E+00 0.00000E+00 0.00000E+00
 0.00000E+00 0.00000E+00 0.00000E+00 0.00000E+00 0.00000E+00 0.00000E+00 0.00000E+00 0.00000E+00
 0.00000E+00 0.00000E+00 0.00000E+00 0.00000E+00 0.00000E+00 0.00000E+00 0.00000E+00 0.00000E+00
 0.00000E+00 0.00000E+00 0.00000E+00 0.00000E+00 0.00000E+00 0.00000E+00 0.00000E+00 0.00000E+00
 0.00000E+00 0.00000E+00 0.00000E+00 0.00000E+00 0.00000E+00 0.00000E+00 0.00000E+00 0.00000E+00
 0.00000E+00 0.00000E+00 0.00000E+00 0.00000E+00 0.00000E+00 0.00000E+00 0.00000E+00 0.00000E+00
 0.00000E+00 0.00000E+00 0.00000E+00 0.00000E+00 0.00000E+00 0.00000E+00 0.00000E+00 0.00000E+00
 0.00000E+00 0.00000E+00 0.00000E+00 0.00000E+00 0.00000E+00 0.00000E+00 0.00000E+00 0.00000E+00
 0.00000E+00 0.00000E+00 0.00000E+00 0.00000E+00 0.00000E+00 0.00000E+00 0.00000E+00 0.00000E+00
 0.00000E+00 0.00000E+00 0.00000E+00 0.00000E+00 0.00000E+00 0.00000E+00 0.00000E+00 0.00000E+00
 0.00000E+00 0.00000E+00 0.00000E+00 0.00000E+00 0.00000E+00 0.00000E+00 0.00000E+00 0.00000E+00
 0.00000E+00 0.00000E+00 0.00000E+00 0.00000E+00 0.00000E+00 0.00000E+00 0.00000E+00 0.00000E+00
 0.00000E+00 0.00000E+00 0.00000E+00 0.00000E+00 0.00000E+00 0.00000E+00 0.00000E+00 0.00000E+00
 0.00000E+00 0.00000E+00 0.00000E+00 0.00000E+00 0.00000E+00 0.00000E+00 0.00000E+00 0.00000E+00
 0.00000E+00 0.00000E+00 0.00000E+00 0.00000E+00 0.00000E+00 0.00000E+00 0.00000E+00 0.00000E+00
 0.00000E+00 0.00000E+00 0.00000E+00 0.00000E+00 0.00000E+00 0.00000E+00 0.00000E+00 0.00000E+00
 0.00000E+00 0.00000E+00 0.00000E+00 0.00000E+00 0.00000E+00 0.00000E+00 0.00000E+00 0.00000E+00
 0.00000E+00 0.00000E+00 0.00000E+00 0.00000E+00 0.00000E+00 0.00000E+00 0.00000E+00 0.00000E+00
 0.00000E+00 0.00000E+00 0.00000E+00 0.00000E+00 0.00000E+00 0.00000E+00 0.00000E+00 0.00000E+00
 0.00000E+00 0.00000E+00 0.00000E+00 0.00000E+00 0.00000E+00 0.00000E+00 0.00000E+00 0.00000E+00
 0.00000E+00 0.00000E+00 0.00000E+00 0.00000E+00 0.00000E+00 0.00000E+00 0.00000E+00 0.00000E+00
 0.00000E+00 0.00000E+00 0.00000E+00 0.00000E+00 0.00000E+00 0.00000E+00 0.00000E+00 0.00000E+00
 0.00000E+00 0.00000E+00 0.00000E+00 0.00000E+00 0.00000E+00 0.00000E+00 0.00000E+00 0.00000E+00
 0.00000E+00 0.00000E+00 0.00000E+00 0.00000E+00 7.10061E-04 7.76180E-04 8.52660E-04 9.38718E-04
 1.01899E-03 1.10917E-03 1.21439E-03 1.33207E-03 1.46916E-03 1.64274E-03 1.86287E-03 2.11659E-03
 2.38306E-03 2.70340E-03 3.09419E-03 3.46345E-03 3.90641E-03 4.31438E-03 4.71826E-03 5.08090E-03
 5.43648E-03 5.80318E-03 6.15283E-03 6.49026E-03 7.32132E-03 8.63933E-03 1.01999E-02 1.20455E-02
 1.42301E-02 1.68155E-02 1.98601E-02 2.34639E-02 2.77315E-02 3.27887E-02 3.87733E-02 4.58503E-02
 5.42217E-02 6.41397E-02 7.58726E-02 8.98165E-02 1.06384E-01 1.25920E-01 1.49052E-01 1.76544E-01
 2.09117E-01 2.47669E-01 2.93667E-01 3.46307E-01 4.07743E-01 4.80058E-01 5.65175E-01 6.65355E-01
 7.83257E-01 9.22010E-01 1.08529E+00 1.27743E+00 1.50351E+00 1.76953E+00 2.08250E+00 2.45071E+00
 2.88389E+00 3.39347E+00 3.99289E+00 4.69795E+00 5.52725E+00 6.50261E+00 7.64970E+00 8.99870E+00
 1.05851E+01 1.24505E+01 1.46439E+01 1.72228E+01 2.02549E+01 2.38197E+01 2.80104E+01 3.29367E+01
 3.87275E+01 4.55342E+01 5.35345E+01 6.29858E+01 7.42450E+01 8.76391E+01 1.03667E+02 1.22784E+02
 1.45651E+02 1.73107E+02 2.05756E+02 2.44549E+02 2.90640E+02 3.45401E+02 4.10066E+02 4.85982E+02
 5.75384E+02 6.80361E+02 8.03440E+02 9.47876E+02 1.11695E+03 1.31452E+03 1.54472E+03 1.81423E+03
 0.00000E+00 0.00000E+00 0.00000E+00 0.00000E+00 0.00000E+00 0.00000E+00 0.00000E+00 0.00000E+00
 0.00000E+00 0.00000E+00 0.00000E+00 0.00000E+00 0.00000E+00 0.00000E+00 0.00000E+00 0.00000E+00
 0.00000E+00 0.00000E+00 0.00000E+00 0.00000E+00 0.00000E+00 0.00000E+00 0.00000E+00 0.00000E+00
 0.00000E+00 0.00000E+00 0.00000E+00 0.00000E+00 0.00000E+00 0.00000E+00 0.00000E+00 0.00000E+00
 0.00000E+00 0.00000E+00 0.00000E+00 0.00000E+00 0.00000E+00 0.00000E+00 0.00000E+00 0.00000E+00
 0.00000E+00 0.00000E+00 0.00000E+00 0.00000E+00 0.00000E+00 0.00000E+00 0.00000E+00 0.00000E+00
 0.00000E+00 0.00000E+00 0.00000E+00 0.00000E+00 0.00000E+00 0.00000E+00 0.00000E+00 0.00000E+00
 0.00000E+00 0.00000E+00 0.00000E+00 0.00000E+00 0.00000E+00 0.00000E+00 0.00000E+00 0.00000E+00
 0.00000E+00 0.00000E+00 0.00000E+00 0.00000E+00 0.00000E+00 0.00000E+00 0.00000E+00 0.00000E+00
 0.00000E+00 0.00000E+00 0.00000E+00 0.00000E+00 0.00000E+00 0.00000E+00 0.00000E+00 0.00000E+00
 0.00000E+00 0.00000E+00 0.00000E+00 0.00000E+00 0.00000E+00 0.00000E+00 0.00000E+00 0.00000E+00
 0.00000E+00 0.00000E+00 0.00000E+00 0.00000E+00 0.00000E+00 0.00000E+00 0.00000E+00 0.00000E+00
 0.00000E+00 0.00000E+00 0.00000E+00 0.00000E+00 0.00000E+00 0.00000E+00 0.00000E+00 0.00000E+00
 0.00000E+00 0.00000E+00 0.00000E+00 0.00000E+00 0.00000E+00 0.00000E+00 0.00000E+00 0.00000E+00
 0.00000E+00 0.00000E+00 0.00000E+00 0.00000E+00 0.00000E+00 0.00000E+00 0.00000E+00 0.00000E+00
 0.00000E+00 0.00000E+00 0.00000E+00 0.00000E+00 0.00000E+00 0.00000E+00 0.00000E+00 0.00000E+00
 0.00000E+00 0.00000E+00 0.00000E+00 0.00000E+00 0.00000E+00 0.00000E+00 0.00000E+00 0.00000E+00
 0.00000E+00 0.00000E+00 0.00000E+00 0.00000E+00 0.00000E+00 0.00000E+00 0.00000E+00 0.00000E+00
 0.00000E+00 0.00000E+00 0.00000E+00 0.00000E+00 0.00000E+00 0.00000E+00 0.00000E+00 0.00000E+00
 0.00000E+00 0.00000E+00 0.00000E+00 0.00000E+00 0.00000E+00 0.00000E+00 0.00000E+00 0.00000E+00
 0.00000E+00 0.00000E+00 0.00000E+00 0.00000E+00 0.00000E+00 0.00000E+00 0.00000E+00 0.00000E+00
 0.00000E+00 0.00000E+00 0.00000E+00 0.00000E+00 0.00000E+00 0.00000E+00 0.00000E+00 0.00000E+00
 0.00000E+00 0.00000E+00 0.00000E+00 0.00000E+00 0.00000E+00 0.00000E+00 0.00000E+00 0.00000E+00
 0.00000E+00 0.00000E+00 0.00000E+00 0.00000E+00 0.00000E+00 0.00000E+00 0.00000E+00 0.00000E+00
 0.00000E+00 0.00000E+00 0.00000E+00 0.00000E+00 0.00000E+00 0.00000E+00 0.00000E+00 0.00000E+00
 1.86590E-05 1.86590E-05 1.86590E-05 1.86590E-05 1.86590E-05 1.86590E-05 1.86590E-05 1.86590E-05
 1.86590E-05 1.86590E-05 1.86590E-05 1.86590E-05 1.86590E-05 1.86590E-05 1.86590E-05 1.86590E-05
 1.82932E-05 1.75248E-05 1.65627E-05 1.53590E-05 1.40962E-05 1.28680E-05 1.16359E-05 1.04442E-05
 1.00000E-05 1.00000E-05 1.00000E-05 1.00000E-05 1.00000E-05 1.00000E-05 1.00000E-05 1.00000E-05
 1.00000E-05 1.00000E-05 1.00000E-05 1.00000E-05 1.00000E-05 1.00000E-05 1.00000E-05 1.00000E-05
 1.00000E-05 1.00000E-05 1.00000E-05 1.00000E-05 1.00000E-05 1.00000E-05 1.00000E-05 1.00000E-05
 1.00000E-05 1.00000E-05 1.00000E-05 1.00000E-05 1.00000E-05 1.00000E-05 1.00000E-05 1.00000E-05
 1.00000E-05 1.00000E-05 1.00000E-05 1.00000E-05 1.00000E-05 1.00000E-05 1.00000E-05 1.00000E-05
 1.00000E-05 1.00000E-05 1.00000E-05 1.00000E-05 1.00000E-05 1.00000E-05 1.00000E-05 1.00000E-05
 1.00000E-05 1.00000E-05 1.00000E-05 1.00000E-05 1.00000E-05 1.00000E-05 1.00000E-05 1.00000E-05
 1.00000E-05 1.00000E-05 1.00000E-05 1.00000E-05 1.00000E-05 1.00000E-05 1.00000E-05 1.00000E-05
 1.00000E-05 1.00000E-05 1.00000E-05 1.00000E-05 1.00000E-05 1.00000E-05 1.00000E-05 1.00000E-05
 1.00000E-05 1.00000E-05 1.00000E-05 1.00000E-05 0.00000E+00 0.00000E+00 0.00000E+00 0.00000E+00
 0.00000E+00 0.00000E+00 0.00000E+00 0.00000E+00 0.00000E+00 0.00000E+00 0.00000E+00 0.00000E+00
 0.00000E+00 0.00000E+00 0.00000E+00 0.00000E+00 0.00000E+00 0.00000E+00 0.00000E+00 0.00000E+00
 0.00000E+00 0.00000E+00 0.00000E+00 0.00000E+00 0.00000E+00 0.00000E+00 0.00000E+00 0.00000E+00
 0.00000E+00 0.00000E+00 0.00000E+00 0.00000E+00 0.00000E+00 0.00000E+00 0.00000E+00 0.00000E+00
 0.00000E+00 0.00000E+00 0.00000E+00 0.00000E+00 0.00000E+00 0.00000E+00 0.00000E+00 0.00000E+00
 0.00000E+00 0.00000E+00 0.00000E+00 0.00000E+00 0.00000E+00 0.00000E+00 0.00000E+00 0.00000E+00
 0.00000E+00 0.00000E+00 0.00000E+00 0.00000E+00 0.00000E+00 0.00000E+00 0.00000E+00 0.00000E+00
 0.00000E+00 0.00000E+00 0.00000E+00 0.00000E+00 0.00000E+00 0.00000E+00 0.00000E+00 0.00000E+00
 0.00000E+00 0.00000E+00 0.00000E+00 0.00000E+00 0.00000E+00 0.00000E+00 0.00000E+00 0.00000E+00
 0.00000E+00 0.00000E+00 0.00000E+00 0.00000E+00 0.00000E+00 0.00000E+00 0.00000E+00 0.00000E+00
 0.00000E+00 0.00000E+00 0.00000E+00 0.00000E+00 0.00000E+00 0.00000E+00 0.00000E+00 0.00000E+00
 0.00000E+00 0.00000E+00 0.00000E+00 0.00000E+00 0.00000E+00 0.00000E+00 0.00000E+00 0.00000E+00
 0.00000E+00 0.00000E+00 0.00000E+00 0.00000E+00 0.00000E+00 0.00000E+00 0.00000E+00 0.00000E+00
 0.00000E+00 0.00000E+00 0.00000E+00 0.00000E+00 0.00000E+00 0.00000E+00 0.00000E+00 0.00000E+00
 0.00000E+00 0.00000E+00 0.00000E+00 0.00000E+00 0.00000E+00 0.00000E+00 0.00000E+00 0.00000E+00
 0.00000E+00 0.00000E+00 0.00000E+00 0.00000E+00 0.00000E+00 0.00000E+00 0.00000E+00 0.00000E+00
 0.00000E+00 0.00000E+00 0.00000E+00 0.00000E+00 0.00000E+00 0.00000E+00 0.00000E+00 0.00000E+00
 0.00000E+00 0.00000E+00 0.00000E+00 0.00000E+00 0.00000E+00 0.00000E+00 0.00000E+00 0.00000E+00
 0.00000E+00 0.00000E+00 0.00000E+00 0.00000E+00 0.00000E+00 0.00000E+00 0.00000E+00 0.00000E+00
 0.00000E+00 0.00000E+00 0.00000E+00 0.00000E+00 0.00000E+00 0.00000E+00 0.00000E+00 0.00000E+00
 0.00000E+00 0.00000E+00 0.00000E+00 0.00000E+00 0.00000E+00 0.00000E+00 0.00000E+00 0.00000E+00
 0.00000E+00 0.00000E+00 0.00000E+00 0.00000E+00 0.00000E+00 0.00000E+00 0.00000E+00 0.00000E+00
 0.00000E+00 0.00000E+00 0.00000E+00 0.00000E+00 0.00000E+00 0.00000E+00 0.00000E+00 0.00000E+00
 0.00000E+00 0.00000E+00 0.00000E+00 0.00000E+00 0.00000E+00 0.00000E+00 0.00000E+00 0.00000E+00
 0.00000E+00 0.00000E+00 0.00000E+00 0.00000E+00
