 4.80365E-11 4.04226E-15 1.12652E-02 2.15491E-13 1.75813E-11 1.03910E-09 5.08017E-10 1.06968E-17
 2.34817E-08 2.52903E-07 3.48879E-08 3.48218E-10 4.50241E-12 9.49280E-10 1.06674E-12 1.13232E-12
 2.57145E-14 1.01075E-11 4.03821E-14 4.82274E-16 4.03532E-19 5.82044E-23 1.16187E-10 1.40329E-13
 8.60658E-17 1.03850E-14 9.16145E-12 1.58424E-14 4.97147E-13 2.89479E-16 3.69709E-16 1.15527E-11
 3.11001E-12 4.43060E-14 5.34613E-11 8.96228E-15 7.24382E-03 3.78671E-13 1.94240E-11 9.85761E-10
 9.12467E-10 1.39833E-17 2.37672E-08 2.44890E-07 2.39020E-08 3.61491E-10 6.09547E-12 9.02877E-10
 1.22293E-12 1.34913E-12 4.62902E-14 1.53539E-11 1.16885E-13 1.21462E-15 1.88959E-18 5.16545E-22
 1.00884E-10 3.11116E-13 2.16737E-16 2.29577E-14 1.42309E-11 3.31973E-14 3.61066E-13 2.33358E-16
 9.10606E-16 1.46469E-11 6.30214E-12 3.66243E-14 5.58693E-11 2.02072E-14 4.50300E-03 6.35935E-13
 2.07880E-11 8.55937E-10 1.69266E-09 1.72437E-17 2.39887E-08 2.37017E-07 1.57407E-08 3.36456E-10
 7.54780E-12 8.54759E-10 1.41995E-12 1.59269E-12 8.04538E-14 2.19290E-11 3.32149E-13 2.86614E-15
 8.48943E-18 8.22338E-21 8.64623E-11 8.63373E-13 5.23329E-16 6.69371E-14 2.05381E-11 8.63226E-14
 2.54456E-13 1.59300E-16 1.49916E-15 1.38326E-11 9.52665E-12 2.67930E-14 5.36541E-11 4.40079E-14
 2.58793E-03 9.74846E-13 2.13468E-11 6.96153E-10 3.06420E-09 1.97689E-17 2.41456E-08 2.29534E-07
 1.01986E-08 2.75471E-10 8.13385E-12 8.05550E-10 1.67708E-12 1.83753E-12 1.29393E-13 2.83181E-11
 8.65679E-13 5.79296E-15 3.44240E-17 1.36382E-19 7.34071E-11 2.32862E-12 1.08075E-15 1.96067E-13
 2.61345E-11 2.20296E-13 1.95540E-13 1.08678E-16 2.12061E-15 1.18673E-11 1.20955E-11 2.06898E-14
 5.05431E-11 9.03675E-14 1.73334E-03 1.52083E-12 2.32127E-11 5.82086E-10 5.08028E-09 2.56538E-17
 2.42480E-08 2.22617E-07 6.66246E-09 2.17399E-10 8.49976E-12 7.55702E-10 1.83397E-12 2.03254E-12
 1.91146E-13 3.41710E-11 1.57014E-12 1.06822E-14 1.04128E-16 1.32420E-18 6.19523E-11 5.56255E-12
 1.99279E-15 4.90888E-13 2.95186E-11 4.62544E-13 1.57535E-13 8.26150E-17 2.64881E-15 9.86747E-12
 1.43311E-11 1.61894E-14 4.47337E-11 1.81410E-13 1.04214E-03 2.15431E-12 2.45587E-11 4.98615E-10
 8.39538E-09 3.30776E-17 2.43239E-08 2.16592E-07 4.55931E-09 1.63454E-10 7.94513E-12 7.05779E-10
 2.02192E-12 2.24096E-12 2.60708E-13 3.84973E-11 2.56553E-12 1.72101E-14 3.03383E-16 1.02708E-17
 5.25002E-11 1.10318E-11 3.01045E-15 1.01963E-12 2.95067E-11 8.33922E-13 1.37755E-13 6.31320E-17
 3.43266E-15 8.60528E-12 1.62587E-11 1.36975E-14 3.73019E-11 3.51466E-13 5.55007E-04 2.72703E-12
 2.47699E-11 4.30793E-10 1.36183E-08 4.06951E-17 2.43990E-08 2.11692E-07 3.35802E-09 1.19319E-10
 6.77785E-12 6.56746E-10 2.31499E-12 2.51832E-12 3.32857E-13 4.08978E-11 3.36753E-12 2.43169E-14
 8.71365E-16 6.41900E-17 4.52110E-11 1.78004E-11 3.76863E-15 1.75034E-12 2.67015E-11 1.31039E-12
 1.32280E-13 4.93352E-17 4.82745E-15 8.20544E-12 1.80204E-11 1.26211E-14 3.03992E-11 6.52341E-13
 2.85590E-04 3.21746E-12 2.43156E-11 3.73113E-10 2.10560E-08 4.87199E-17 2.44857E-08 2.07916E-07
 2.69591E-09 8.70266E-11 5.57029E-12 6.09649E-10 2.73059E-12 2.88177E-12 4.06618E-13 4.17825E-11
 3.59172E-12 3.12119E-14 2.26993E-15 3.04601E-16 3.98897E-11 2.41954E-11 4.21164E-15 2.56942E-12
 2.29195E-11 1.81034E-12 1.35664E-13 4.07926E-17 7.10880E-15 8.45471E-12 1.96558E-11 1.21712E-14
 2.43004E-11 1.16361E-12 1.41570E-04 3.65266E-12 2.35231E-11 3.18467E-10 3.09737E-08 5.88818E-17
 2.45877E-08 2.05146E-07 2.38687E-09 6.29319E-11 4.45747E-12 5.65630E-10 3.30489E-12 3.33507E-12
 4.88518E-13 4.14285E-11 3.51943E-12 3.78555E-14 5.29308E-15 1.18057E-15 3.62371E-11 2.89341E-11
 4.45498E-15 3.35463E-12 1.96925E-11 2.28624E-12 1.44846E-13 3.58564E-17 1.06699E-14 9.14532E-12
 2.05561E-11 1.18576E-14 1.63576E-11 1.86393E-12 3.84852E-05 3.16616E-12 1.68636E-11 2.09229E-10
 4.42029E-08 4.46328E-17 2.47102E-08 2.03147E-07 2.37764E-09 3.65841E-11 2.79273E-12 5.24177E-10
 4.95905E-12 4.18892E-12 5.88450E-13 3.80400E-11 3.33509E-12 4.55530E-14 1.40236E-14 9.55386E-15
 3.38820E-11 2.89302E-11 4.77587E-15 4.45936E-12 1.92230E-11 3.45137E-12 1.72838E-13 3.10110E-17
 1.88699E-14 1.02119E-11 1.80307E-11 1.22666E-14 9.10988E-12 2.77886E-12 5.43166E-06 2.06786E-12
 8.04098E-12 8.74915E-11 6.17471E-08 2.05933E-17 2.48767E-08 2.00996E-07 2.72093E-09 1.42734E-11
 1.24547E-12 4.75591E-10 8.25853E-12 5.48442E-12 6.23690E-13 3.05205E-11 2.59865E-12 6.25280E-14
 2.95492E-14 8.04853E-14 3.17812E-11 2.28534E-11 6.02304E-15 6.38101E-12 2.23171E-11 6.12443E-12
 6.98907E-15 8.52167E-19 7.41612E-15 2.33413E-12 6.84127E-12 4.20155E-16 8.41101E-12 5.58000E-12
 3.64168E-06 2.54477E-12 8.20028E-12 5.94021E-11 7.91292E-08 3.49948E-17 2.51792E-08 1.96912E-07
 3.28263E-09 1.06233E-11 1.23244E-12 4.02366E-10 9.36247E-12 6.08651E-12 6.78115E-13 2.88674E-11
 2.11310E-12 6.86955E-14 2.86630E-14 9.13319E-14 2.83943E-11 2.36591E-11 7.63855E-15 7.88591E-12
 2.38400E-11 5.65444E-12 1.37810E-16 1.67562E-20 1.15109E-15 3.23497E-13 1.50252E-12 6.01435E-18
 8.55660E-12 9.91582E-12 3.47005E-06 3.73976E-12 9.39445E-12 5.37701E-11 8.49600E-08 7.39038E-17
 2.57828E-08 1.88696E-07 3.76943E-09 9.45030E-12 1.38786E-12 2.98460E-10 9.72812E-12 5.91790E-12
 8.03929E-13 2.84834E-11 1.52476E-12 6.94958E-14 2.13762E-14 1.00702E-13 2.28718E-11 2.73692E-11
 1.18189E-14 9.72357E-12 2.50688E-11 4.37694E-12 1.12946E-18 1.76995E-22 8.79328E-17 2.08645E-14
 1.70242E-13 3.95603E-20 8.40585E-12 1.48744E-11 3.09753E-06 5.21466E-12 1.00305E-11 4.55790E-11
 7.46130E-08 1.42657E-16 2.68930E-08 1.74680E-07 4.16217E-09 7.69476E-12 1.46097E-12 1.85989E-10
 1.04519E-11 5.49030E-12 9.31581E-13 2.60084E-11 1.00396E-12 6.35947E-14 1.36508E-14 1.03076E-13
 1.58997E-11 2.87890E-11 2.09313E-14 1.16706E-11 2.99121E-11 3.12399E-12 4.42112E-21 1.06562E-24
 3.92302E-18 7.18466E-16 1.04783E-14 1.40586E-22 7.86465E-12 2.06037E-11 2.43082E-06 6.56080E-12
 1.00635E-11 3.66135E-11 6.12445E-08 2.47071E-16 2.86839E-08 1.55963E-07 4.73891E-09 5.99837E-12
 1.43929E-12 9.93844E-11 1.11923E-11 4.91195E-12 9.66945E-13 2.12845E-11 6.37600E-13 5.21596E-14
 7.60058E-15 9.40060E-14 9.67105E-12 2.71124E-11 3.62508E-14 1.32870E-11 3.72577E-11 2.06839E-12
 1.05886E-23 4.14212E-27 1.30577E-19 1.81691E-17 4.20055E-16 3.32169E-25 5.00093E-12 2.58256E-11
 1.45499E-06 6.97590E-12 8.48342E-12 2.80177E-11 5.78394E-08 3.16733E-16 3.12061E-08 1.36293E-07
 5.62040E-09 3.54630E-12 9.50498E-13 5.02795E-11 1.07722E-11 4.17349E-12 8.91633E-13 1.60676E-11
 3.90825E-13 4.76123E-14 4.86095E-15 1.24945E-13 5.67227E-12 2.71765E-11 5.61773E-14 1.53815E-11
 3.93775E-11 1.70471E-12 1.94679E-26 1.52149E-29 4.57488E-21 4.17409E-19 1.29212E-17 9.68476E-28
 4.49453E-12 3.28429E-11 1.49246E-06 9.40878E-12 9.78814E-12 2.88489E-11 4.49653E-08 5.85812E-16
 3.44758E-08 1.15815E-07 5.87116E-09 2.96892E-12 9.23591E-13 2.58715E-11 9.81107E-12 3.22156E-12
 8.29086E-13 1.21681E-11 2.38324E-13 3.26504E-14 1.97660E-15 9.28477E-14 3.05362E-12 2.69383E-11
 9.07823E-14 1.60876E-11 4.23530E-11 9.06720E-13 2.99702E-29 2.65238E-31 1.20596E-22 9.14884E-21
 3.56081E-19 1.32478E-29 3.92510E-12 4.01394E-11 1.52729E-06 1.23652E-11 1.14281E-11 3.08252E-11
 3.50627E-08 1.04359E-15 3.86810E-08 9.61617E-08 6.09598E-09 2.46374E-12 8.56501E-13 1.41738E-11
 8.63930E-12 2.41932E-12 7.23097E-13 8.86389E-12 1.46395E-13 2.14620E-14 7.62356E-16 6.63295E-14
 1.53937E-12 2.64967E-11 1.39739E-13 1.63838E-11 4.44531E-11 4.66881E-13 7.56137E-32 1.12664E-32
 3.53820E-24 2.35027E-22 1.18239E-20 3.96460E-31 3.35494E-12 4.81559E-11 1.55685E-06 1.59839E-11
 1.34674E-11 3.37431E-11 2.77369E-08 1.82419E-15 4.40129E-08 7.85527E-08 6.34146E-09 2.02094E-12
 7.65208E-13 8.40098E-12 7.47441E-12 1.79566E-12 6.06882E-13 6.34275E-12 9.10592E-14 1.39032E-14
 2.90514E-16 4.60633E-14 7.42858E-13 2.59169E-11 2.06735E-13 1.63491E-11 4.60637E-11 2.36954E-13
 1.43521E-32 4.73633E-33 9.28929E-25 5.65887E-23 4.83065E-21 1.16160E-31 2.82897E-12 5.69965E-11
 1.57966E-06 2.04224E-11 1.59820E-11 3.75508E-11 2.21670E-08 3.14694E-15 5.06244E-08 6.36559E-08
 6.61562E-09 1.64423E-12 6.65561E-13 5.31853E-12 6.45947E-12 1.33542E-12 5.00878E-13 4.52981E-12
 5.76889E-14 9.03434E-15 1.12425E-16 3.08808E-14 3.50949E-13 2.50705E-11 2.95278E-13 1.59518E-11
 4.77544E-11 1.19383E-13 2.32917E-32 8.13189E-33 9.84215E-25 5.67716E-23 4.82949E-21 1.40748E-31
 2.37139E-12 6.67547E-11 1.59533E-06 2.58681E-11 1.90685E-11 4.22841E-11 1.78308E-08 5.37689E-15
 5.85893E-08 5.16434E-08 6.92849E-09 1.33464E-12 5.69514E-13 3.52210E-12 5.64487E-12 1.00589E-12
 4.12865E-13 3.26664E-12 3.74223E-14 5.97104E-15 4.51344E-17 1.97680E-14 1.66207E-13 2.38237E-11
 4.07185E-13 1.51542E-11 4.99490E-11 5.98978E-14 3.92460E-32 1.42283E-32 1.06197E-24 5.94404E-23
 4.82577E-21 1.75751E-31 1.98266E-12 7.74357E-11 1.60442E-06 3.25353E-11 2.28507E-11 4.80506E-11
 1.43801E-08 9.11292E-15 6.80670E-08 4.21493E-08 7.29510E-09 1.08410E-12 4.82225E-13 2.38966E-12
 5.00451E-12 7.71119E-13 3.41644E-13 2.39026E-12 2.48895E-14 4.04233E-15 1.89727E-17 1.19733E-14
 7.97999E-14 2.21223E-11 5.41720E-13 1.39672E-11 5.28303E-11 2.98929E-14 6.56998E-32 2.44792E-32
 1.13285E-24 6.26213E-23 4.82149E-21 2.18159E-31 1.65723E-12 8.89760E-11 1.60767E-06 4.06517E-11
 2.74703E-11 5.49857E-11 1.15893E-08 1.53214E-14 7.92227E-08 3.47283E-08 7.73604E-09 8.83128E-13
 4.05676E-13 1.64052E-12 4.50169E-12 6.04106E-13 2.84067E-13 1.78048E-12 1.70001E-14 2.81623E-15
 8.40714E-18 6.80995E-15 3.91570E-14 1.99790E-11 6.94595E-13 1.24512E-11 5.63981E-11 1.48298E-14
 1.09043E-31 4.14103E-32 1.20158E-24 6.63825E-23 4.81658E-21 2.69472E-31 1.38780E-12 1.01283E-10
 1.60576E-06 5.04369E-11 3.30744E-11 6.32167E-11 9.31303E-09 2.55321E-14 9.22161E-08 2.89589E-08
 8.27635E-09 7.22893E-13 3.40229E-13 1.13280E-12 4.10392E-12 4.85785E-13 2.37026E-13 1.35412E-12
 1.19534E-14 2.02543E-15 3.95048E-18 3.62069E-15 1.97741E-14 1.74836E-11 8.58009E-13 1.07174E-11
 6.04926E-11 7.32447E-15 1.79075E-31 6.88676E-32 1.27466E-24 7.08733E-23 4.81091E-21 3.31892E-31
 1.16565E-12 1.14331E-10 1.59924E-06 6.20806E-11 3.97987E-11 7.28281E-11 7.45672E-09 4.21292E-14
 1.07278E-07 2.44523E-08 8.94342E-09 5.95135E-13 2.85128E-13 7.84309E-13 3.78378E-12 4.02313E-13
 1.97931E-13 1.05308E-12 8.66539E-15 1.50446E-15 1.97349E-18 1.79978E-15 1.03102E-14 1.47962E-11
 1.02213E-12 8.91149E-12 6.48341E-11 3.61201E-15 2.90172E-31 1.12487E-31 1.35976E-24 7.62993E-23
 4.80424E-21 4.08538E-31 9.82568E-13 1.28283E-10 1.58843E-06 7.57307E-11 4.77495E-11 8.38319E-11
 5.95532E-09 6.87984E-14 1.24708E-07 2.08905E-08 9.76414E-09 4.92892E-13 2.39201E-13 5.43905E-13
 3.52199E-12 3.43554E-13 1.65004E-13 8.36952E-13 6.47272E-15 1.15115E-15 1.04560E-18 8.40656E-16
 5.55594E-15 1.21113E-11 1.17728E-12 7.17817E-12 6.91012E-11 1.78430E-15 4.62163E-31 1.80116E-31
 1.46544E-24 8.29135E-23 4.79632E-21 5.03826E-31 8.31184E-13 1.43562E-10 1.57346E-06 9.14911E-11
 5.69912E-11 9.61490E-11 4.75631E-09 1.11216E-13 1.44894E-07 1.80229E-08 1.07641E-08 4.10441E-13
 2.01106E-13 3.77640E-13 3.30564E-12 3.01870E-13 1.37088E-13 6.77383E-13 4.96287E-15 9.01918E-16
 5.82329E-19 3.72452E-16 3.08981E-15 9.61082E-12 1.31617E-12 5.62870E-12 7.30122E-11 8.84820E-16
 7.20540E-31 2.82096E-31 1.60116E-24 9.10167E-23 4.78682E-21 6.24145E-31 7.06066E-13 1.60868E-10
 1.55439E-06 1.09436E-10 6.75416E-11 1.09599E-10 3.81104E-09 1.78106E-13 1.68105E-07 1.56793E-08
 1.19643E-08 3.43635E-13 1.69719E-13 2.63229E-13 3.12851E-12 2.71732E-13 1.13508E-13 5.55362E-13
 3.88300E-15 7.18065E-16 3.36643E-19 1.58457E-16 1.77700E-15 7.42416E-12 1.43519E-12 4.32379E-12
 7.63826E-11 4.41062E-16 1.09551E-30 4.31303E-31 1.77738E-24 1.00952E-22 4.77538E-21 7.78726E-31
 6.01907E-13 1.81125E-10 1.53114E-06 1.29616E-10 7.93700E-11 1.23902E-10 3.07289E-09 2.82817E-13
 1.94700E-07 1.37193E-08 1.33837E-08 2.88877E-13 1.43793E-13 1.84598E-13 2.98468E-12 2.48954E-13
 9.36623E-14 4.58037E-13 3.07625E-15 5.75743E-16 1.98814E-19 6.56114E-17 1.05723E-15 5.61189E-12
 1.53441E-12 3.27600E-12 7.91402E-11 2.20965E-16 1.62033E-30 6.43120E-31 2.00671E-24 1.13131E-22
 4.76157E-21 9.81031E-31 5.13381E-13 2.05468E-10 1.50322E-06 1.52034E-10 9.23971E-11 1.38688E-10
 2.49919E-09 4.45633E-13 2.25404E-07 1.20165E-08 1.50489E-08 2.42918E-13 1.21981E-13 1.30024E-13
 2.86680E-12 2.30412E-13 7.69542E-14 3.77097E-13 2.44726E-15 4.60597E-16 1.17916E-19 2.67727E-17
 6.46906E-16 4.17249E-12 1.61634E-12 2.46370E-12 8.13061E-11 1.11083E-16 2.33008E-30 9.35724E-31
 2.30625E-24 1.28103E-22 4.74480E-21 1.25102E-30 4.37879E-13 2.35209E-10 1.47046E-06 1.76688E-10
 1.06524E-10 1.53563E-10 2.05295E-09 6.97309E-13 2.60554E-07 1.04986E-08 1.69904E-08 2.03735E-13
 1.03382E-13 9.21952E-14 2.77102E-12 2.14282E-13 6.29656E-14 3.08314E-13 1.94376E-15 3.65403E-16
 6.94233E-20 1.08741E-17 4.07301E-16 3.06562E-12 1.68450E-12 1.84836E-12 8.29560E-11 5.60060E-17
 3.26057E-30 1.33051E-30 2.69770E-24 1.46521E-22 4.72439E-21 1.61725E-30 3.76558E-13 2.71850E-10
 1.43279E-06 2.03616E-10 1.21705E-10 1.68281E-10 1.70382E-09 1.08494E-12 3.00305E-07 9.11318E-09
 1.92732E-08 1.69831E-13 8.72421E-14 6.60144E-14 2.69359E-12 1.99552E-13 5.13216E-14 2.49627E-13
 1.53651E-15 2.86550E-16 4.03079E-20 4.42453E-18 2.64440E-16 2.23429E-12 1.74197E-12 1.38784E-12
 8.41858E-11 2.83090E-17 4.45141E-30 1.85360E-30 3.20778E-24 1.69135E-22 4.69956E-21 2.12031E-30
 3.38991E-13 3.17099E-10 1.38961E-06 2.32992E-10 1.38124E-10 1.83122E-10 1.42788E-09 1.68308E-12
 3.45380E-07 7.80070E-09 2.20911E-08 1.39789E-13 7.27440E-14 4.76513E-14 2.62852E-12 1.85764E-13
 4.16591E-14 2.00024E-13 1.20868E-15 2.22068E-16 2.30361E-20 1.80615E-18 1.76257E-16 1.62022E-12
 1.78958E-12 1.04372E-12 8.50916E-11 1.43290E-17 5.96317E-30 2.54091E-30 3.86800E-24 1.96800E-22
 4.66941E-21 2.81949E-30 3.50331E-13 3.72582E-10 1.34050E-06 2.65530E-10 1.56562E-10 1.99551E-10
 1.20588E-09 2.61761E-12 3.96257E-07 6.52829E-09 2.58956E-08 1.12853E-13 5.93659E-14 3.46693E-14
 2.57084E-12 1.73267E-13 3.37286E-14 1.59415E-13 9.51911E-16 1.71188E-16 1.30781E-20 7.36549E-19
 1.20291E-16 1.17279E-12 1.82501E-12 7.84504E-13 8.57577E-11 7.26357E-18 7.91771E-30 3.44923E-30
 4.70051E-24 2.30107E-22 4.63331E-21 3.79830E-30 4.44806E-13 4.39366E-10 1.28535E-06 3.02938E-10
 1.78765E-10 2.20750E-10 1.02238E-09 4.11459E-12 4.53041E-07 5.29300E-09 3.15559E-08 8.88099E-14
 4.69278E-14 2.54643E-14 2.51655E-12 1.62956E-13 2.73409E-14 1.27741E-13 7.59702E-16 1.33062E-16
 7.52657E-21 2.97637E-19 8.39773E-17 8.51150E-13 1.84327E-12 5.86963E-13 8.62531E-11 3.69550E-18
 1.05741E-29 4.67832E-30 5.69775E-24 2.69018E-22 4.59131E-21 5.17119E-30 6.35719E-13 5.17852E-10
 1.22422E-06 3.47920E-10 2.07364E-10 2.51324E-10 8.66490E-10 6.58722E-12 5.15647E-07 4.11981E-09
 4.04014E-08 6.77247E-14 3.55824E-14 1.89291E-14 2.46299E-12 1.55610E-13 2.22931E-14 1.04148E-13
 6.22118E-16 1.05828E-16 4.48881E-21 1.18586E-19 5.99161E-17 6.23003E-13 1.84034E-12 4.36061E-13
 8.66294E-11 1.89519E-18 1.44155E-29 6.39865E-30 6.81713E-24 3.12963E-22 4.54402E-21 7.09383E-30
 8.82405E-13 6.08821E-10 1.15752E-06 4.03385E-10 2.45036E-10 2.95742E-10 7.32500E-10 1.07675E-11
 5.83540E-07 3.06076E-09 5.39717E-08 4.98277E-14 2.57540E-14 1.43181E-14 2.40999E-12 1.51147E-13
 1.83359E-14 8.67916E-14 5.24444E-16 8.66239E-17 2.79682E-21 4.68994E-20 4.37365E-17 4.62722E-13
 1.81816E-12 3.22751E-13 8.69191E-11 9.84723E-19 2.01651E-29 8.85948E-30 8.01339E-24 3.61534E-22
 4.49193E-21 9.77545E-30 1.09529E-12 7.15692E-10 1.08508E-06 4.70850E-10 2.93077E-10 3.55848E-10
 6.19027E-10 1.78763E-11 6.56806E-07 2.15994E-09 7.37687E-08 3.51316E-14 1.77450E-14 1.10661E-14
 2.35861E-12 1.48197E-13 1.51791E-14 7.32282E-14 4.49564E-16 7.21656E-17 1.78756E-21 1.87720E-20
 3.26131E-17 3.49881E-13 1.78518E-12 2.40321E-13 8.71410E-11 5.19464E-19 2.86716E-29 1.23627E-29
 9.31545E-24 4.16002E-22 4.43372E-21 1.35180E-29 1.19076E-12 8.46108E-10 1.00666E-06 5.49671E-10
 3.50306E-10 4.28500E-10 5.25879E-10 2.98305E-11 7.35637E-07 1.44491E-09 1.01086E-07 2.35692E-14
 1.16403E-14 8.77805E-15 2.31072E-12 1.44611E-13 1.25753E-14 6.13568E-14 3.82929E-16 5.98109E-17
 1.12986E-21 7.78479E-21 2.48074E-17 2.69059E-13 1.75322E-12 1.82145E-13 8.73053E-11 2.77559E-19
 4.05879E-29 1.71908E-29 1.08562E-23 4.79642E-22 4.36596E-21 1.87553E-29 1.14602E-12 1.01269E-09
 9.22860E-07 6.37602E-10 4.12964E-10 5.04738E-10 4.51991E-10 4.95259E-11 8.19445E-07 9.21023E-10
 1.36963E-07 1.50243E-14 7.31529E-15 7.18881E-15 2.26799E-12 1.38396E-13 1.03675E-14 5.00553E-14
 3.16384E-16 4.81976E-17 6.80333E-22 3.39878E-21 1.92765E-17 2.09346E-13 1.73359E-12 1.41650E-13
 8.74180E-11 1.49247E-19 5.58845E-29 2.35026E-29 1.28472E-23 5.57015E-22 4.28390E-21 2.60784E-29
 9.94609E-13 1.23543E-09 8.33955E-07 7.30732E-10 4.75546E-10 5.72009E-10 3.95620E-10 8.13178E-11
 9.08015E-07 5.62556E-10 1.83127E-07 9.10631E-15 4.42922E-15 6.09459E-15 2.23022E-12 1.28367E-13
 8.45812E-15 3.91115E-14 2.48933E-16 3.70686E-17 3.78532E-22 1.56176E-21 1.52972E-17 1.63183E-13
 1.73267E-12 1.13011E-13 8.74863E-11 7.98057E-20 7.35509E-29 3.12617E-29 1.56075E-23 6.54598E-22
 4.18073E-21 3.63672E-29 7.94146E-13 1.54597E-09 7.40434E-07 8.23272E-10 5.32258E-10 6.18653E-10
 3.54768E-10 1.31971E-10 1.00095E-06 3.31244E-10 2.43599E-07 5.27046E-15 2.59748E-15 5.35135E-15
 2.19572E-12 1.14472E-13 6.78992E-15 2.89134E-14 1.84564E-16 2.68675E-17 1.90570E-22 7.42300E-22
 1.23914E-17 1.25677E-13 1.75063E-12 9.16964E-14 8.75192E-11 4.17364E-20 9.16857E-29 4.01995E-29
 1.96231E-23 7.81028E-22 4.04731E-21 5.10096E-29 5.97831E-13 1.99342E-09 6.44163E-07 9.07628E-10
 5.78696E-10 6.38471E-10 3.27261E-10 2.12602E-10 1.09649E-06 1.90180E-10 3.27414E-07 2.95065E-15
 1.49043E-15 4.86334E-15 2.16242E-12 9.77166E-14 5.33427E-15 2.00563E-14 1.28549E-16 1.82446E-17
 8.59045E-23 3.54414E-22 1.02617E-17 9.41650E-14 1.78158E-12 7.45677E-14 8.75285E-11 2.09498E-20
 1.08018E-28 4.98233E-29 2.56111E-23 9.45577E-22 3.87366E-21 7.21394E-29 4.35622E-13 2.65448E-09
 5.47696E-07 9.73970E-10 6.12471E-10 6.31783E-10 3.10997E-10 3.42322E-10 1.19215E-06 1.07962E-10
 4.54307E-07 1.62672E-15 8.47099E-16 4.56003E-15 2.12821E-12 7.96439E-14 4.07567E-15 1.29627E-14
 8.42076E-17 1.16022E-17 3.45637E-23 1.64199E-22 8.69934E-18 6.75783E-14 1.81389E-12 5.97287E-14
 8.75289E-11 9.89680E-21 1.20603E-28 5.94970E-29 3.46554E-23 1.15581E-21 3.65119E-21 1.02969E-28
 3.13152E-13 3.65656E-09 4.52633E-07 1.00935E-09 6.31604E-10 6.00980E-10 3.04605E-10 5.54337E-10
 1.28638E-06 6.09956E-11 6.65684E-07 8.92292E-16 4.79082E-16 4.38606E-15 2.09067E-12 6.16814E-14
 3.00144E-15 7.71417E-15 5.17703E-17 6.92865E-18 1.23835E-23 7.12395E-23 7.53497E-18 4.56483E-14
 1.83311E-12 4.62936E-14 8.75357E-11 4.30211E-21 1.27988E-28 6.85325E-29 4.85784E-23 1.41643E-21
 3.37334E-21 1.48388E-28 2.25122E-13 5.22544E-09 3.60990E-07 1.00167E-09 6.31972E-10 5.44748E-10
 3.07881E-10 9.04679E-10 1.37718E-06 3.44121E-11 1.03691E-06 4.87291E-16 2.69855E-16 4.30346E-15
 2.04796E-12 4.49463E-14 2.11046E-15 4.15395E-15 2.94670E-17 3.93515E-18 3.96025E-24 2.81329E-23
 6.65051E-18 2.84578E-14 1.83328E-12 3.42282E-14 8.75549E-11 1.67995E-21 1.28230E-28 7.60109E-29
 7.03843E-23 1.72330E-21 3.04128E-21 2.14529E-28 1.64074E-13 7.78515E-09 2.76733E-07 9.47286E-10
 6.06442E-10 4.58732E-10 3.22181E-10 1.48053E-09 1.46058E-06 1.95750E-11 1.67739E-06 2.63283E-16
 1.52229E-16 4.28729E-15 1.99954E-12 3.03761E-14 1.40948E-15 1.98887E-15 1.50925E-17 2.18900E-18
 1.14748E-24 1.00196E-23 5.97358E-18 1.60768E-14 1.82907E-12 2.40303E-14 8.75713E-11 5.78346E-22
 1.18522E-28 8.05797E-29 1.04664E-22 2.05465E-21 2.67219E-21 3.05385E-28 1.21774E-13 1.22247E-08
 2.03080E-07 8.48294E-10 5.47378E-10 3.44971E-10 3.52509E-10 2.40298E-09 1.53334E-06 1.12715E-11
 2.72530E-06 1.37254E-16 8.55988E-17 4.32036E-15 1.94465E-12 1.86834E-14 8.87905E-16 8.27831E-16
 6.67378E-18 1.22722E-18 3.04134E-25 3.24384E-24 5.44423E-18 8.07043E-15 1.84838E-12 1.60832E-14
 8.75568E-11 1.72844E-22 9.75120E-29 8.07029E-29 1.59645E-22 2.37902E-21 2.28934E-21 4.19552E-28
 9.15750E-14 2.05478E-08 1.42422E-07 7.13025E-10 4.54285E-10 2.21794E-10 4.09638E-10 3.82231E-09
 1.59297E-06 6.56875E-12 4.31820E-06 6.62178E-17 4.71005E-17 4.39270E-15 1.88253E-12 1.02479E-14
 5.22632E-16 2.92283E-16 2.43325E-18 6.97180E-19 7.27679E-26 9.90906E-25 5.01801E-18 3.55384E-15
 1.92664E-12 1.04562E-14 8.74769E-11 4.46745E-23 6.82390E-29 7.49638E-29 2.50779E-22 2.65685E-21
 1.91683E-21 5.45959E-28 6.88433E-14 3.73746E-08 9.61838E-08 5.59561E-10 3.41367E-10 1.18645E-10
 5.11649E-10 5.92307E-09 1.63793E-06 3.88535E-12 6.52521E-06 2.83031E-17 2.46631E-17 4.49844E-15
 1.81358E-12 4.94360E-15 2.85880E-16 8.64779E-17 7.08351E-19 3.89176E-19 1.51157E-26 3.11676E-25
 4.66742E-18 1.38854E-15 2.10877E-12 6.89970E-15 8.72878E-11 1.02326E-23 3.89995E-29 6.32051E-29
 4.04611E-22 2.83797E-21 1.57828E-21 6.60854E-28 5.03428E-14 7.33711E-08 6.33708E-08 4.11031E-10
 2.33049E-10 5.31281E-11 6.85037E-10 8.98691E-09 1.66902E-06 2.33452E-12 9.32145E-06 1.04739E-17
 1.19840E-17 4.63403E-15 1.73860E-12 2.10730E-15 1.45682E-16 2.16637E-17 1.65329E-19 2.03187E-19
 2.62285E-27 1.12855E-25 4.37267E-18 4.97283E-16 2.45689E-12 4.88702E-15 8.69291E-11 2.18102E-24
 1.79682E-29 4.77698E-29 6.59074E-22 2.87033E-21 1.28783E-21 7.33936E-28 3.46615E-14 1.53235E-07
 4.13650E-08 2.88154E-10 1.48581E-10 2.07266E-11 9.64903E-10 1.36166E-08 1.68854E-06 1.42929E-12
 1.25777E-05 3.44179E-18 5.48205E-18 4.79578E-15 1.65919E-12 8.29484E-16 7.05188E-17 4.82965E-18
 3.29024E-20 9.72503E-20 3.88285E-28 5.09297E-26 4.12197E-18 1.69279E-16 3.10189E-12 3.86509E-15
 8.62712E-11 4.61814E-25 6.81476E-30 3.24101E-29 1.04082E-21 2.72170E-21 1.05109E-21 7.38210E-28
 2.16532E-14 3.61585E-07 2.69269E-08 1.85794E-10 8.47994E-11 6.87147E-12 1.50781E-09 2.09400E-08
 1.69914E-06 8.95972E-13 1.61155E-05 1.03444E-18 2.48396E-18 4.97901E-15 1.57727E-12 3.12248E-16
 3.12991E-17 9.79678E-19 5.63992E-21 4.33141E-20 5.14377E-29 2.99152E-26 3.90809E-18 5.02886E-17
 4.40598E-12 3.48749E-15 8.49526E-11 9.89649E-26 1.85423E-30 1.73311E-29 1.55859E-21 2.38588E-21
 8.65577E-22 6.30372E-28 1.14283E-14 9.77054E-07 1.74058E-08 1.03973E-10 3.98896E-11 1.86499E-12
 2.71163E-09 3.05242E-08 1.70370E-06 5.75420E-13 1.97885E-05 2.94338E-19 1.24493E-18 5.17602E-15
 1.49373E-12 1.45598E-16 1.20432E-17 2.01098E-19 9.52565E-22 2.20228E-20 8.69657E-30 2.19822E-26
 3.72377E-18 1.11028E-17 6.80521E-12 3.51976E-15 8.25377E-11 2.48644E-26 2.93641E-31 5.73364E-30
 2.06905E-21 2.01467E-21 7.22858E-22 3.93359E-28 5.23471E-15 2.41922E-06 1.12070E-08 5.97290E-11
 1.81015E-11 4.66450E-13 4.64319E-09 3.97797E-08 1.70510E-06 3.77458E-13 2.35083E-05 8.41462E-20
 7.23011E-19 5.36857E-15 1.40920E-12 1.02924E-16 4.72332E-18 5.14109E-20 2.09751E-22 1.49456E-20
 2.76715E-30 1.63412E-26 3.56251E-18 2.28045E-18 1.00328E-11 3.57119E-15 7.92936E-11 8.49472E-27
 3.52481E-32 1.47316E-30 2.23565E-21 1.95439E-21 6.13105E-22 1.92797E-28 2.36336E-15 5.07152E-06
 7.22369E-09 3.82054E-11 8.82397E-12 1.16279E-13 6.97953E-09 4.75001E-08 1.70504E-06 2.52055E-13
 2.72428E-05 2.51220E-20 4.75431E-19 5.53354E-15 1.32467E-12 8.30431E-17 2.04993E-18 1.67463E-20
 5.73644E-23 1.08079E-20 1.15760E-30 1.11120E-26 3.41986E-18 5.34298E-19 1.35885E-11 3.46416E-15
 7.57203E-11 3.21643E-27 4.04106E-33 3.92433E-31 2.14178E-21 2.12995E-21 5.27888E-22 9.00196E-29
 1.14138E-15 9.24874E-06 4.69427E-09 2.65035E-11 4.65971E-12 3.00155E-14 9.34749E-09 5.36312E-08
 1.70433E-06 1.71566E-13 3.09444E-05 8.05915E-21 3.48075E-19 5.65196E-15 1.24194E-12 6.76477E-17
 9.62752E-19 6.40716E-21 1.76172E-23 7.67480E-21 4.94369E-31 6.91692E-27 3.29409E-18 1.46129E-19
 1.71762E-11 3.21458E-15 7.21143E-11 1.24471E-27 5.01732E-34 1.19885E-31 1.99303E-21 2.34145E-21
 4.61433E-22 4.42309E-29 6.01224E-16 1.52060E-05 3.09526E-09 1.92718E-11 2.63192E-12 8.19664E-15
 1.14424E-08 5.84811E-08 1.70333E-06 1.19325E-13 3.45728E-05 2.83627E-21 2.79359E-19 5.71585E-15
 1.16260E-12 5.47169E-17 4.73647E-19 2.67109E-21 5.80968E-24 5.34825E-21 2.06707E-31 4.01359E-27
 3.18384E-18 4.54051E-20 2.06692E-11 2.87977E-15 6.86022E-11 4.91419E-28 7.27485E-35 4.25528E-32
 1.87812E-21 2.50471E-21 4.09173E-22 2.35410E-29 3.40423E-16 2.32693E-05 2.06876E-09 1.43603E-11
 1.56250E-12 2.36976E-15 1.31243E-08 6.24310E-08 1.70220E-06 8.45355E-14 3.81517E-05 1.09699E-21
 2.40659E-19 5.72779E-15 1.08663E-12 4.39576E-17 2.38536E-19 1.15811E-21 2.00770E-24 3.68182E-21
 8.47088E-32 2.21005E-27 3.08620E-18 1.54609E-20 2.40656E-11 2.51305E-15 6.51857E-11 1.97583E-28
 1.25565E-35 1.70916E-32 1.81009E-21 2.61085E-21 3.66911E-22 1.34690E-29 2.04295E-16 3.38050E-05
 1.40031E-09 1.08318E-11 9.63482E-13 7.24238E-16 1.43285E-08 6.57439E-08 1.70103E-06 6.08688E-14
 4.16927E-05 4.64532E-22 2.18290E-19 5.69467E-15 1.01416E-12 3.51396E-17 1.21463E-19 5.10894E-22
 7.18187E-25 2.51510E-21 3.42116E-32 1.16712E-27 2.99919E-18 5.62908E-21 2.73673E-11 2.14760E-15
 6.18625E-11 8.06439E-29 2.55266E-36 7.58008E-33 1.78397E-21 2.66762E-21 3.31849E-22 8.18531E-30
 1.29264E-16 4.71004E-05 9.62654E-10 8.21591E-12 6.13375E-13 2.35017E-16 1.50087E-08 6.85655E-08
 1.69987E-06 4.46080E-14 4.51676E-05 2.14540E-22 2.05276E-19 5.62598E-15 9.46035E-13 2.80113E-17
 6.21851E-20 2.27748E-22 2.65004E-25 1.71048E-21 1.37079E-32 5.94159E-28 2.92203E-18 2.16333E-21
 3.05408E-11 1.80176E-15 5.86663E-11 3.33776E-29 6.00812E-37 3.66001E-33 1.79490E-21 2.68151E-21
 3.02366E-22 5.24284E-30 8.56679E-17 6.34697E-05 6.72543E-10 6.24174E-12 4.00870E-13 8.08408E-17
 1.51896E-08 7.10061E-08 1.69875E-06 3.32630E-14 4.85703E-05 1.06745E-22 1.97640E-19 5.53167E-15
 8.82502E-13 2.22965E-17 3.18974E-20 1.02134E-22 1.00403E-25 1.16043E-21 5.46814E-33 2.92922E-28
 2.85355E-18 8.67691E-22 3.35703E-11 1.48740E-15 5.56130E-11 1.39768E-29 1.59591E-37 1.89573E-33
 1.83751E-21 2.65923E-21 2.77154E-22 3.50774E-30 5.91487E-17 8.31959E-05 4.77406E-10 4.73883E-12
 2.67882E-13 2.93454E-17 1.49257E-08 7.31417E-08 1.69767E-06 2.52166E-14 5.19005E-05 5.63893E-23
 1.93117E-19 5.42043E-15 8.23616E-13 1.77386E-17 1.63613E-20 4.59515E-23 3.89162E-26 7.86359E-22
 2.17626E-33 1.40368E-28 2.79259E-18 3.60455E-22 3.64446E-11 1.21048E-15 5.27135E-11 5.91218E-30
 4.68212E-38 1.04161E-33 1.90806E-21 2.60543E-21 2.55272E-22 2.43403E-30 4.24960E-17 1.06346E-04
 3.44881E-10 3.59112E-12 1.82764E-13 1.12370E-17 1.42702E-08 7.50134E-08 1.69666E-06 1.94492E-14
 5.51406E-05 3.13121E-23 1.90418E-19 5.29986E-15 7.69650E-13 1.41211E-17 8.39067E-21 2.07727E-23
 1.54357E-26 5.32958E-22 8.67232E-34 6.55507E-29 2.73844E-18 1.54679E-22 3.91392E-11 9.72324E-16
 4.99923E-11 2.52784E-30 1.50176E-38 6.03855E-34 2.00493E-21 2.52232E-21 2.36170E-22 1.74493E-30
 3.16119E-17 1.33059E-04 2.53147E-10 2.71438E-12 1.26950E-13 4.50963E-18 1.33208E-08 7.66672E-08
 1.69570E-06 1.52334E-14 5.83056E-05 1.80635E-23 1.88768E-19 5.17453E-15 7.20242E-13 1.12523E-17
 4.29901E-21 9.41977E-24 6.24530E-27 3.61449E-22 3.46124E-34 2.99267E-29 2.68993E-18 6.82378E-23
 4.16611E-11 7.72158E-16 4.74423E-11 1.09117E-30 5.19447E-39 3.66205E-34 2.12525E-21 2.41329E-21
 2.19288E-22 1.28478E-30 2.42212E-17 1.63453E-04 1.88297E-10 2.04576E-12 8.95672E-14 1.88128E-18
 1.21758E-08 7.81408E-08 1.69479E-06 1.20857E-14 6.14166E-05 1.07158E-23 1.87720E-19 5.04706E-15
 6.74924E-13 8.97571E-18 2.19922E-21 4.27390E-24 2.56850E-27 2.45335E-22 1.38263E-34 1.33951E-29
 2.64598E-18 3.08298E-23 4.40247E-11 6.07143E-16 4.50487E-11 4.74988E-31 1.91440E-39 2.30630E-34
 2.26641E-21 2.28135E-21 2.04187E-22 9.66659E-31 1.91007E-17 1.97252E-04 1.41933E-10 1.53737E-12
 6.41715E-14 8.14399E-19 1.09050E-08 7.94503E-08 1.69393E-06 9.70941E-15 6.44624E-05 6.50978E-24
 1.87025E-19 4.92002E-15 6.33672E-13 7.17188E-18 1.12415E-21 1.94365E-24 1.07474E-27 1.66772E-22
 5.54010E-35 5.88963E-30 2.60608E-18 1.42663E-23 4.62229E-11 4.73099E-16 4.28183E-11 2.08745E-31
 7.49339E-40 1.50483E-34 2.42656E-21 2.12851E-21 1.90674E-22 7.41513E-31 1.54906E-17 2.34014E-04
 1.08421E-10 1.15209E-12 4.66688E-14 3.65350E-19 9.57805E-09 8.06093E-08 1.69312E-06 7.89706E-15
 6.74307E-05 4.03787E-24 1.86532E-19 4.79518E-15 5.96390E-13 5.74360E-18 5.74525E-22 8.87248E-25
 4.57703E-28 1.13606E-22 2.23007E-35 2.54807E-30 2.56979E-18 6.75963E-24 4.82530E-11 3.65637E-16
 4.07538E-11 9.26926E-32 3.10531E-40 1.01453E-34 2.60296E-21 1.95768E-21 1.78595E-22 5.78469E-31
 1.29083E-17 2.73160E-04 8.39430E-11 8.61113E-13 3.44307E-14 1.69656E-19 8.25805E-09 8.16304E-08
 1.69234E-06 6.50172E-15 7.03091E-05 2.55194E-24 1.86155E-19 4.67373E-15 5.62917E-13 4.61245E-18
 2.93765E-22 4.07061E-25 1.98398E-28 7.75911E-23 9.02841E-36 1.08644E-30 2.53671E-18 3.27741E-24
 5.01158E-11 2.80495E-16 3.88543E-11 4.16091E-32 1.35732E-40 7.04571E-35 2.79154E-21 1.77307E-21
 1.67820E-22 4.57693E-31 1.10429E-17 3.14017E-04 6.58956E-11 6.42126E-13 2.57506E-14 8.14785E-20
 6.99691E-09 8.25256E-08 1.69160E-06 5.41862E-15 7.30857E-05 1.64115E-24 1.85840E-19 4.55654E-15
 5.33040E-13 3.71571E-18 1.50374E-22 1.87955E-25 8.75178E-29 5.31522E-23 3.67976E-36 4.57209E-31
 2.50648E-18 1.62457E-24 5.18147E-11 2.13745E-16 3.71160E-11 1.88863E-32 6.23130E-41 5.02460E-35
 2.98694E-21 1.58015E-21 1.58231E-22 3.66266E-31 9.69076E-18 3.55878E-04 5.24828E-11 4.77872E-13
 1.95068E-14 4.04662E-20 5.83294E-09 8.33066E-08 1.69090E-06 4.57220E-15 7.57498E-05 1.07368E-24
 1.85557E-19 4.44421E-15 5.06502E-13 3.00353E-18 7.71076E-23 8.75131E-26 3.92824E-29 3.65299E-23
 1.51125E-36 1.90167E-31 2.47880E-18 8.22300E-25 5.33554E-11 1.61904E-16 3.55333E-11 8.66748E-33
 2.99127E-41 3.66785E-35 3.18262E-21 1.38555E-21 1.49719E-22 2.95634E-31 8.71575E-18 3.98045E-04
 4.24591E-11 3.55116E-13 1.49536E-14 2.08589E-20 4.79123E-09 8.39845E-08 1.69022E-06 3.90764E-15
 7.82927E-05 7.16169E-25 1.85286E-19 4.33725E-15 4.83025E-13 2.43651E-18 3.96681E-23 4.13403E-26
 1.79859E-29 2.51917E-23 6.27566E-37 7.83412E-32 2.45339E-18 4.24518E-25 5.47449E-11 1.21997E-16
 3.40989E-11 4.02202E-33 1.49717E-41 2.73179E-35 3.37052E-21 1.19744E-21 1.42180E-22 2.40008E-31
 7.95291E-18 4.41567E-04 3.46527E-11 2.63542E-13 1.15480E-14 1.09922E-20 3.89665E-09 8.45930E-08
 1.68953E-06 3.36383E-15 8.08053E-05 4.82260E-25 1.85004E-19 4.23195E-15 4.61484E-13 1.98013E-18
 2.04081E-23 1.95819E-26 8.30293E-30 1.74025E-23 2.60936E-37 3.19968E-32 2.42904E-18 2.21684E-25
 5.60414E-11 9.15580E-17 3.27525E-11 1.87654E-33 7.67244E-42 2.05673E-35 3.54557E-21 1.02092E-21
 1.35247E-22 1.94973E-31 7.28759E-18 4.87959E-04 2.82964E-11 1.95341E-13 8.94805E-15 5.80481E-21
 3.15109E-09 8.51604E-08 1.68879E-06 2.89814E-15 8.33909E-05 3.23779E-25 1.84690E-19 4.12410E-15
 4.40835E-13 1.60899E-18 1.04636E-23 9.14205E-27 3.81336E-30 1.20190E-23 1.07398E-37 1.29678E-32
 2.40455E-18 1.16233E-25 5.73004E-11 6.85059E-17 3.14355E-11 8.75460E-34 3.95424E-42 1.55351E-35
 3.70504E-21 8.58546E-22 1.28585E-22 1.57872E-31 6.69911E-18 5.37157E-04 2.30957E-11 1.44708E-13
 6.95697E-15 3.06709E-21 2.53480E-09 8.56888E-08 1.68799E-06 2.49706E-15 8.60550E-05 2.16708E-25
 1.84331E-19 4.01366E-15 4.20917E-13 1.30681E-18 5.35666E-24 4.21218E-27 1.74747E-30 8.29647E-24
 4.39203E-38 5.22764E-33 2.37968E-18 6.12240E-26 5.85237E-11 5.11290E-17 3.01442E-11 4.08587E-34
 2.05034E-42 1.17768E-35 3.84568E-21 7.13394E-22 1.22151E-22 1.27402E-31 6.17941E-18 5.88842E-04
 1.88445E-11 1.07202E-13 5.42910E-15 1.62320E-21 2.02808E-09 8.61765E-08 1.68712E-06 2.15168E-15
 8.87879E-05 1.44812E-25 1.83917E-19 3.90117E-15 4.01658E-13 1.06075E-18 2.74062E-24 1.92139E-27
 8.01310E-31 5.72290E-24 1.78970E-38 2.09773E-33 2.35436E-18 3.24262E-26 5.97064E-11 3.80714E-17
 2.88820E-11 1.90844E-34 1.07203E-42 8.97364E-36 3.96635E-21 5.86405E-22 1.15940E-22 1.02542E-31
 5.72042E-18 6.42709E-04 1.53716E-11 7.94713E-14 4.25314E-15 8.61249E-22 1.61395E-09 8.66216E-08
 1.68616E-06 1.85427E-15 9.15797E-05 9.67359E-26 1.83437E-19 3.78718E-15 3.82945E-13 8.60261E-19
 1.40197E-24 8.69742E-28 3.68167E-31 3.94374E-24 7.27338E-39 8.38176E-34 2.32847E-18 1.72755E-26
 6.08441E-11 2.82870E-17 2.76514E-11 8.92068E-35 5.66109E-43 6.88156E-36 4.06717E-21 4.77220E-22
 1.09941E-22 8.23729E-32 5.31484E-18 6.98464E-04 1.25352E-11 5.90014E-14 3.34473E-15 4.58526E-22
 1.27767E-09 8.70221E-08 1.68509E-06 1.59811E-15 9.44209E-05 6.46842E-26 1.82880E-19 3.67221E-15
 3.64633E-13 6.96765E-19 7.17380E-25 3.91429E-28 1.69579E-31 2.71379E-24 2.94817E-39 3.33575E-34
 2.30189E-18 9.25929E-27 6.19329E-11 2.09745E-17 2.64541E-11 4.17153E-35 3.02294E-43 5.31638E-36
 4.14886E-21 3.84837E-22 1.04141E-22 6.60802E-32 4.96712E-18 7.55838E-04 1.02180E-11 4.39302E-14
 2.64017E-15 2.45215E-22 1.00681E-09 8.73757E-08 1.68390E-06 1.37734E-15 9.73019E-05 4.33884E-26
 1.82233E-19 3.55674E-15 3.46541E-13 5.63272E-19 3.67734E-25 1.75508E-28 7.84403E-32 1.86360E-24
 1.19388E-39 1.32448E-34 2.27449E-18 4.99493E-27 6.29695E-11 1.55291E-17 2.52909E-11 1.95225E-35
 1.63639E-43 4.14070E-36 4.21236E-21 3.07999E-22 9.85249E-23 5.29591E-32 4.85980E-18 8.14400E-04
 8.32875E-12 3.30826E-14 2.10508E-15 1.32439E-22 8.14425E-10 8.76824E-08 1.68260E-06 1.18749E-15
 1.00204E-04 2.93964E-26 1.81481E-19 3.44154E-15 3.28512E-13 4.58908E-19 1.95046E-25 7.91057E-29
 3.73654E-32 1.31173E-24 5.03349E-40 5.63475E-35 2.24618E-18 2.84694E-27 6.39475E-11 1.16903E-17
 2.41657E-11 9.93893E-36 9.17678E-44 3.26687E-36 4.25812E-21 2.45925E-22 9.30921E-23 4.26842E-32
 4.94642E-18 8.73625E-04 6.79709E-12 2.51134E-14 1.69226E-15 7.25515E-23 6.72084E-10 8.79524E-08
 1.68130E-06 1.02515E-15 1.03101E-04 2.01890E-26 1.80611E-19 3.32759E-15 3.10699E-13 3.75921E-19
 1.06470E-25 3.60837E-29 1.84094E-32 9.41056E-25 2.22561E-40 2.53752E-35 2.21693E-18 1.69919E-27
 6.48559E-11 8.90426E-18 2.30865E-11 5.42814E-36 5.32301E-44 2.60948E-36 4.28850E-21 1.95851E-22
 8.78519E-23 3.45584E-32 4.91394E-18 9.33419E-04 5.55571E-12 1.89948E-14 1.35466E-15 4.01288E-23
 5.34882E-10 8.81955E-08 1.68000E-06 8.86379E-16 1.05986E-04 1.39596E-26 1.79603E-19 3.21506E-15
 2.93405E-13 3.03877E-19 5.65232E-26 1.65234E-29 8.98306E-33 6.54118E-25 9.59244E-41 1.05976E-35
 2.18650E-18 9.70649E-28 6.56890E-11 6.63594E-18 2.20549E-11 2.73156E-36 3.08659E-44 2.09586E-36
 4.30643E-21 1.54353E-22 8.27820E-23 2.77798E-32 5.05520E-18 9.93638E-04 4.54922E-12 1.45195E-14
 1.09368E-15 2.24541E-23 4.36057E-10 8.84173E-08 1.67873E-06 7.67740E-16 1.08848E-04 9.74665E-27
 1.78435E-19 3.10415E-15 2.76682E-13 2.47593E-19 3.08847E-26 7.64045E-30 4.46343E-33 4.65863E-25
 4.24178E-41 4.67715E-36 2.15466E-18 5.82770E-28 6.64427E-11 5.00848E-18 2.10709E-11 1.47901E-36
 1.82221E-44 1.70469E-36 4.31182E-21 1.20988E-22 7.78610E-23 2.24561E-32 5.04748E-18 1.05426E-03
 3.73353E-12 1.11313E-14 8.77902E-16 1.26466E-23 3.41302E-10 8.86258E-08 1.67753E-06 6.66363E-16
 1.11681E-04 6.81537E-27 1.77082E-19 2.99494E-15 2.60905E-13 1.99021E-19 1.64514E-26 3.53935E-30
 2.17057E-33 3.20373E-25 1.79976E-41 1.89150E-36 2.12114E-18 3.31713E-28 6.71113E-11 3.68823E-18
 2.01348E-11 7.29376E-37 1.06824E-44 1.39403E-36 4.30608E-21 9.36786E-23 7.30661E-23 1.80016E-32
 5.10729E-18 1.11534E-03 3.07095E-12 8.66716E-15 7.07765E-16 7.16922E-24 2.69177E-10 8.88225E-08
 1.67636E-06 5.79577E-16 1.14483E-04 4.77715E-27 1.75516E-19 2.88733E-15 2.46117E-13 1.60584E-19
 8.95137E-27 1.64942E-30 1.05650E-33 2.22564E-25 7.62933E-42 7.76510E-37 2.08557E-18 1.92759E-28
 6.76914E-11 2.72400E-18 1.92439E-11 3.68869E-37 6.29820E-45 1.15148E-36 4.28895E-21 7.19738E-23
 6.83695E-23 1.44551E-32 5.18373E-18 1.17677E-03 2.53411E-12 6.87789E-15 5.71961E-16 4.09119E-24
 2.12452E-10 8.90183E-08 1.67534E-06 5.05501E-16 1.17241E-04 3.35167E-27 1.73707E-19 2.78157E-15
 2.32577E-13 1.29882E-19 4.98627E-27 7.76374E-31 5.15568E-34 1.55302E-25 3.24492E-42 3.19894E-37
 2.04769E-18 1.13096E-28 6.81755E-11 2.00894E-18 1.83995E-11 1.88628E-37 3.73265E-45 9.59567E-37
 4.26068E-21 5.48666E-23 6.37601E-23 1.16045E-32 5.03118E-18 1.23888E-03 2.09777E-12 5.60900E-15
 4.58145E-16 2.33447E-24 1.58852E-10 8.92103E-08 1.67436E-06 4.42084E-16 1.19959E-04 2.32877E-27
 1.71616E-19 2.67724E-15 2.20567E-13 1.03567E-19 2.74065E-27 3.66277E-31 2.42204E-34 1.03698E-25
 1.29427E-42 1.16698E-37 2.00700E-18 6.13396E-29 6.85590E-11 1.43490E-18 1.75975E-11 8.49899E-38
 2.18279E-45 8.03219E-37 4.22144E-21 4.12081E-23 5.92065E-23 9.20969E-33 4.84889E-18 1.30195E-03
 1.74160E-12 4.75975E-15 3.67581E-16 1.33134E-24 1.18365E-10 8.93869E-08 1.67323E-06 3.87593E-16
 1.22640E-04 1.60490E-27 1.69208E-19 2.57402E-15 2.09952E-13 8.28817E-20 1.56357E-27 1.74317E-31
 1.12072E-34 6.94449E-26 5.03783E-43 4.19488E-38 1.96305E-18 3.32039E-29 6.88376E-11 1.02159E-18
 1.68341E-11 3.78656E-38 1.27318E-45 6.77345E-37 4.17062E-21 3.06559E-23 5.46865E-23 7.30022E-33
 4.66704E-18 1.36610E-03 1.45094E-12 4.22846E-15 2.95343E-16 7.59807E-25 8.80460E-11 8.95488E-08
 1.67191E-06 3.40817E-16 1.25274E-04 1.09901E-27 1.66446E-19 2.47197E-15 2.00678E-13 6.65969E-20
 9.36785E-28 8.44091E-32 5.16418E-35 4.66596E-26 1.94716E-43 1.50142E-38 1.91550E-18 1.79838E-29
 6.90030E-11 7.26031E-19 1.61086E-11 1.68660E-38 7.44304E-46 5.74911E-37 4.10792E-21 2.26564E-23
 5.01990E-23 5.77737E-33 4.47615E-18 1.43152E-03 1.21386E-12 3.93850E-15 2.37588E-16 4.34408E-25
 6.53767E-11 8.96964E-08 1.67037E-06 3.00711E-16 1.27852E-04 7.48087E-28 1.63299E-19 2.37113E-15
 1.92715E-13 5.37563E-20 5.90987E-28 4.19087E-32 2.37881E-35 3.14669E-26 7.52186E-44 5.34865E-39
 1.86404E-18 9.73440E-30 6.90471E-11 5.14854E-19 1.54210E-11 7.50683E-39 4.36515E-46 4.90623E-37
 4.03304E-21 1.66512E-23 4.57493E-23 4.56288E-33 4.20816E-18 1.49859E-03 1.02013E-12 3.88020E-15
 1.90363E-16 2.48508E-25 4.72805E-11 8.98193E-08 1.66837E-06 2.66281E-16 1.30371E-04 5.04521E-28
 1.59731E-19 2.27134E-15 1.86036E-13 4.32497E-20 3.87504E-28 2.13705E-32 1.07782E-35 2.08274E-26
 2.82795E-44 1.79384E-39 1.80832E-18 5.06221E-30 6.89616E-11 3.59309E-19 1.47694E-11 3.15441E-39
 2.55125E-46 4.20055E-37 3.94562E-21 1.21406E-23 4.13435E-23 3.57667E-33 3.90191E-18 1.56775E-03
 8.61294E-13 4.03062E-15 1.52100E-16 1.42205E-25 3.35399E-11 8.98912E-08 1.66548E-06 2.36642E-16
 1.32829E-04 3.37062E-28 1.55716E-19 2.17246E-15 1.80461E-13 3.47566E-20 2.64525E-28 1.12200E-32
 4.80137E-36 1.36084E-26 1.03336E-44 5.73211E-40 1.74810E-18 2.55159E-30 6.87397E-11 2.47833E-19
 1.41522E-11 1.26467E-39 1.48533E-46 3.60414E-37 3.84537E-21 8.79343E-24 3.69991E-23 2.78516E-33
 3.66050E-18 1.63919E-03 7.31263E-13 4.27139E-15 1.22269E-16 8.17252E-26 2.43889E-11 8.99035E-08
 1.66150E-06 2.11184E-16 1.35211E-04 2.24434E-28 1.51251E-19 2.07484E-15 1.75752E-13 2.83013E-20
 1.89512E-28 6.11830E-33 2.16508E-36 9.13509E-27 3.84740E-45 1.92523E-40 1.68347E-18 1.33163E-30
 6.83751E-11 1.73188E-19 1.35705E-11 5.31611E-40 8.70017E-47 3.09914E-37 3.73248E-21 6.36721E-24
 3.27599E-23 2.17318E-33 3.43138E-18 1.71334E-03 6.24886E-13 4.66337E-15 9.81256E-17 4.72383E-26
 1.75830E-11 8.98524E-08 1.65627E-06 1.89335E-16 1.37506E-04 1.49000E-28 1.46332E-19 1.97864E-15
 1.71811E-13 2.30589E-20 1.39463E-28 3.45811E-33 9.79094E-37 6.09433E-27 1.43664E-45 6.35769E-41
 1.61451E-18 6.85261E-31 6.78615E-11 1.20338E-19 1.30246E-11 2.20935E-40 5.10576E-47 2.66444E-37
 3.60718E-21 4.60382E-24 2.86661E-23 1.68551E-33 3.22826E-18 1.79059E-03 5.37946E-13 5.16820E-15
 7.87938E-17 2.75243E-26 1.27092E-11 8.97202E-08 1.64944E-06 1.70593E-16 1.39705E-04 9.88674E-29
 1.40976E-19 1.88412E-15 1.68505E-13 1.88683E-20 1.04870E-28 2.02153E-33 4.45603E-37 4.08347E-27
 5.40953E-46 2.10364E-41 1.54154E-18 3.52631E-31 6.71959E-11 8.36334E-20 1.25151E-11 9.21080E-41
 3.00301E-47 2.28790E-37 3.47013E-21 3.32819E-24 2.47664E-23 1.30203E-33 3.06163E-18 1.87136E-03
 4.67154E-13 5.73367E-15 6.34307E-17 1.62341E-26 9.31117E-12 8.95006E-08 1.64081E-06 1.54549E-16
 1.41796E-04 6.58472E-29 1.35215E-19 1.79164E-15 1.65729E-13 1.55572E-20 8.02483E-29 1.21979E-33
 2.05684E-37 2.77470E-27 2.08098E-46 7.15182E-42 1.46508E-18 1.84292E-31 6.63775E-11 5.84883E-20
 1.20427E-11 3.93824E-41 1.77327E-47 1.96029E-37 3.32244E-21 2.40991E-24 2.11122E-23 1.00355E-33
 2.90463E-18 1.95629E-03 4.09700E-13 6.44295E-15 5.09228E-17 9.74981E-27 6.76645E-12 8.91784E-08
 1.63001E-06 1.40811E-16 1.43773E-04 4.42129E-29 1.29087E-19 1.70141E-15 1.63418E-13 1.28176E-20
 6.18752E-29 7.54748E-34 9.52764E-38 1.87066E-27 8.03316E-47 2.38475E-42 1.38567E-18 9.48276E-32
 6.54070E-11 4.06483E-20 1.16070E-11 1.66117E-41 1.04773E-47 1.67315E-37 3.16523E-21 1.74728E-24
 1.77430E-23 7.67537E-34 2.76613E-18 2.04586E-03 3.63409E-13 7.25084E-15 4.08588E-17 6.05958E-27
 4.92977E-12 8.87290E-08 1.61652E-06 1.29053E-16 1.45631E-04 3.03286E-29 1.22656E-19 1.61380E-15
 1.61492E-13 1.05927E-20 4.80190E-29 4.79562E-34 4.44518E-38 1.26465E-27 3.12386E-47 7.95106E-43
 1.30413E-18 4.86417E-32 6.42898E-11 2.82368E-20 1.12083E-11 7.00270E-42 6.22382E-48 1.42139E-37
 3.00029E-21 1.27465E-24 1.46980E-23 5.83757E-34 2.65065E-18 2.14070E-03 3.26494E-13 8.21942E-15
 3.26750E-17 4.04897E-27 3.57063E-12 8.81228E-08 1.59973E-06 1.18978E-16 1.47367E-04 2.18478E-29
 1.15990E-19 1.52913E-15 1.59882E-13 8.74375E-21 3.73975E-29 3.17610E-34 2.11322E-38 8.48219E-28
 1.22901E-47 2.60962E-43 1.22134E-18 2.46752E-32 6.30334E-11 1.95252E-20 1.08459E-11 2.93088E-42
 3.79805E-48 1.20044E-37 2.82954E-21 9.47290E-25 1.20009E-23 4.40265E-34 2.59563E-18 2.24104E-03
 2.97761E-13 9.00057E-15 2.63491E-17 3.14082E-27 2.72345E-12 8.73628E-08 1.57957E-06 1.10397E-16
 1.48971E-04 1.74155E-29 1.09193E-19 1.44804E-15 1.58521E-13 7.34980E-21 2.98610E-29 2.32250E-34
 1.14623E-38 5.94622E-28 5.56517E-48 9.72139E-44 1.13854E-18 1.37303E-32 6.16534E-11 1.39284E-20
 1.05205E-11 1.39587E-42 2.62655E-48 1.00850E-37 2.65574E-21 7.43478E-25 9.67093E-24 3.33221E-34
 2.85150E+02 2.78650E+02 2.72150E+02 2.65660E+02 2.61170E+02 2.55680E+02 2.49190E+02 2.42700E+02
 2.36210E+02 2.25000E+02 2.10000E+02 2.10000E+02 2.10000E+02 2.10000E+02 2.10000E+02 2.00000E+02
 2.00000E+02 2.00000E+02 2.00000E+02 2.00000E+02 2.00000E+02 2.00000E+02 2.00000E+02 2.00000E+02
 2.00000E+02 2.00000E+02 2.00000E+02 2.00000E+02 2.00000E+02 2.00000E+02 2.00000E+02 2.00000E+02
 2.00000E+02 2.00000E+02 2.00000E+02 2.00000E+02 2.00000E+02 2.00000E+02 2.00000E+02 2.00000E+02
 2.00000E+02 2.00000E+02 2.00000E+02 2.00000E+02 2.00000E+02 2.00000E+02 2.00000E+02 2.00000E+02
 2.00000E+02 2.00000E+02 2.00000E+02 2.00000E+02 2.00000E+02 2.00000E+02 2.00000E+02 2.00000E+02
 2.00000E+02 2.00000E+02 2.00000E+02 2.00000E+02 2.00000E+02 2.00000E+02 2.00000E+02 2.00000E+02
 2.00000E+02 2.00000E+02 2.00000E+02 2.00000E+02 2.00000E+02 2.00000E+02 2.00000E+02 2.00000E+02
 2.00000E+02 2.00000E+02 2.00000E+02 2.00000E+02 2.00000E+02 2.00000E+02 2.00000E+02 1.98600E+02
 1.96000E+02 1.94700E+02 1.92000E+02 1.90800E+02 1.89000E+02 1.86900E+02 1.86900E+02 1.86900E+02
 1.86900E+02 1.86900E+02 1.88000E+02 1.90000E+02 1.91000E+02 1.92500E+02 1.94000E+02 1.95000E+02
 1.96500E+02 1.98000E+02 2.00000E+02 2.00000E+02 1.00000E+05 1.00000E+05 1.00000E+05 1.00000E+05
 1.00000E+05 1.00000E+05 1.00000E+05 1.00000E+05 1.00000E+05 8.94400E+04 4.89900E+04 2.25800E+04
 1.16600E+04 6.81200E+03 5.16500E+03 4.29000E+03 3.95000E+03 3.90000E+03 3.99900E+03 4.34300E+03
 4.84400E+03 5.43900E+03 6.18700E+03 7.03600E+03 7.98400E+03 8.98600E+03 1.00300E+04 1.12800E+04
 1.24900E+04 1.36300E+04 1.51300E+04 1.66900E+04 1.81800E+04 1.99800E+04 2.19800E+04 2.44500E+04
 2.74600E+04 3.04600E+04 3.39400E+04 3.79500E+04 4.19500E+04 4.64300E+04 5.19100E+04 5.84000E+04
 6.44500E+04 7.13600E+04 7.99000E+04 8.79100E+04 9.68700E+04 1.06900E+05 1.17800E+05 1.31800E+05
 1.48300E+05 1.65800E+05 1.83300E+05 2.01800E+05 2.25600E+05 2.52200E+05 2.77200E+05 3.07000E+05
 3.42100E+05 3.79500E+05 4.21900E+05 4.71700E+05 5.17400E+05 5.67400E+05 6.22400E+05 6.82600E+05
 7.48700E+05 8.21200E+05 9.00700E+05 9.87900E+05 1.00000E+06 1.00000E+06 1.00000E+06 1.00000E+06
 1.00000E+06 1.00000E+06 1.00000E+06 1.00000E+06 1.00000E+06 1.00000E+06 1.00000E+06 1.00000E+06
 1.00000E+06 1.00000E+06 1.00000E+06 1.00000E+06 1.00000E+06 1.00000E+06 1.00000E+06 1.00000E+06
 1.00000E+06 1.00000E+06 1.00000E+06 1.00000E+06 1.00000E+06 1.00000E+06 1.00000E+06 1.00000E+06
 2.42866E+19 2.20950E+19 2.00571E+19 1.81647E+19 1.62933E+19 1.46412E+19 1.31760E+19 1.18249E+19
 1.05818E+19 9.62457E+18 8.85763E+18 7.56753E+18 6.46564E+18 5.52447E+18 4.72054E+18 4.21927E+18
 3.57740E+18 3.03334E+18 2.57215E+18 2.18119E+18 1.84976E+18 1.56876E+18 1.33052E+18 1.12852E+18
 9.57236E+17 8.11991E+17 6.88820E+17 5.84362E+17 4.95771E+17 4.20632E+17 3.56900E+17 3.02839E+17
 2.56981E+17 2.18078E+17 1.85073E+17 1.57072E+17 1.33314E+17 1.13155E+17 9.60500E+16 8.15344E+16
 6.92161E+16 5.87618E+16 4.98891E+16 4.23583E+16 3.59661E+16 3.05401E+16 2.59340E+16 2.20237E+16
 1.87040E+16 1.58854E+16 1.34923E+16 1.14603E+16 9.73481E+15 8.26954E+15 7.02517E+15 5.96836E+15
 5.07078E+15 4.30840E+15 3.66083E+15 3.11076E+15 2.64347E+15 2.24649E+15 1.90922E+15 1.62267E+15
 1.37919E+15 1.17231E+15 9.96510E+14 8.47117E+14 7.20156E+14 6.12254E+14 5.20546E+14 4.42596E+14
 3.76339E+14 3.20016E+14 2.72136E+14 2.31432E+14 1.96825E+14 1.67402E+14 1.42384E+14 1.21896E+14
 1.04833E+14 8.94299E+13 7.67223E+13 6.52081E+13 5.55288E+13 4.72855E+13 3.97822E+13 3.34713E+13
 2.81631E+13 2.36980E+13 1.98352E+13 1.65482E+13 1.38991E+13 1.16575E+13 9.79130E+12 8.25469E+12
 6.94941E+12 5.85848E+12 4.93407E+12 4.20109E+12 1.09856E-10 1.33305E-10 1.81981E-10 2.41779E-10
 3.06678E-10 3.72321E-10 4.34513E-10 4.88968E-10 5.30759E-10 5.56340E-10 5.65250E-10 5.69223E-10
 5.63016E-10 5.47369E-10 5.21303E-10 4.86253E-10 4.44596E-10 4.00298E-10 3.56914E-10 3.17170E-10
 2.82671E-10 2.53237E-10 2.28335E-10 2.07383E-10 1.89159E-10 1.72262E-10 1.56103E-10 1.40715E-10
 1.26081E-10 1.12050E-10 9.87227E-11 8.62393E-11 7.45493E-11 6.37017E-11 5.37995E-11 4.49168E-11
 3.71154E-11 3.03273E-11 2.44683E-11 1.94945E-11 1.53117E-11 1.18299E-11 8.99439E-12 6.73907E-12
 4.96174E-12 3.57619E-12 2.52563E-12 1.74326E-12 1.17035E-12 7.63097E-13 4.77499E-13 2.90917E-13
 1.72823E-13 9.96288E-14 5.52556E-14 2.93356E-14 1.50623E-14 7.46619E-15 3.52167E-15 1.58480E-15
 6.81979E-16 2.78821E-16 1.08193E-16 3.99522E-17 1.37236E-17 4.36127E-18 1.27551E-18 3.41186E-19
 8.29488E-20 1.82041E-20 3.57987E-21 6.25890E-22 8.25212E-23 7.61670E-24 4.62281E-25 1.71405E-26
 3.56091E-28 3.74441E-30 1.76861E-32 3.24537E-35 1.93080E-38 3.00813E-42 9.43036E-47 4.36680E-52
 2.05274E-58 6.18928E-66 7.11989E-75 1.68992E-85 3.98760E-98 1.00000-100 1.00000-100 1.00000-100
 1.00000-100 1.00000-100 1.00000-100 1.00000-100 1.00000-100 1.00000-100 1.00000-100 1.00000-100
 4.07622E+01 3.54276E+01 3.58286E+01 3.65465E+01 3.81436E+01 3.89144E+01 3.85101E+01 3.72842E+01
 3.48981E+01 3.21619E+01 2.93691E+01 2.34822E+01 1.93963E+01 1.56931E+01 1.23254E+01 1.11318E+01
 9.00588E+00 7.69728E+00 6.79453E+00 6.32708E+00 6.09480E+00 6.00597E+00 6.12824E+00 6.43860E+00
 5.67470E+00 4.33898E+00 3.30134E+00 2.49864E+00 1.88043E+00 1.40399E+00 1.03919E+00 7.63561E-01
 5.55731E-01 3.99771E-01 2.84201E-01 1.99701E-01 1.38861E-01 9.55588E-02 6.49520E-02 4.35894E-02
 2.88702E-02 1.88025E-02 1.20546E-02 7.61672E-03 4.72690E-03 2.86990E-03 1.70617E-03 9.91242E-04
 5.60466E-04 3.07640E-04 1.61852E-04 8.28442E-05 4.13517E-05 2.00306E-05 9.32250E-06 4.15884E-06
 1.81420E-06 7.64077E-07 3.06232E-07 1.17101E-07 4.28219E-08 1.48782E-08 4.90654E-09 1.53990E-09
 4.49588E-10 1.21444E-10 3.01918E-11 6.86525E-12 1.41892E-12 2.64741E-13 4.42637E-14 6.58002E-15
 7.37677E-16 5.78976E-17 2.98823E-18 9.42254E-20 1.66480E-21 1.48890E-23 5.98159E-26 9.39671E-29
 4.80792E-32 6.39002E-36 1.71859E-40 6.76373E-46 2.70754E-52 6.95168E-60 6.72797E-69 1.34357E-79
 2.66756E-92 5.62902E-95 4.71149E-95 3.93071E-95 3.30147E-95 2.76903E-95 2.32575E-95 1.96075E-95
 1.65071E-95 1.39158E-95 1.17200E-95 9.97894E-96 0.00000E+00 0.00000E+00 0.00000E+00 0.00000E+00
 0.00000E+00 0.00000E+00 0.00000E+00 0.00000E+00 0.00000E+00 0.00000E+00 0.00000E+00 0.00000E+00
 0.00000E+00 0.00000E+00 0.00000E+00 0.00000E+00 0.00000E+00 0.00000E+00 0.00000E+00 0.00000E+00
 0.00000E+00 0.00000E+00 0.00000E+00 0.00000E+00 0.00000E+00 0.00000E+00 0.00000E+00 0.00000E+00
 0.00000E+00 0.00000E+00 0.00000E+00 0.00000E+00 0.00000E+00 0.00000E+00 0.00000E+00 0.00000E+00
 0.00000E+00 0.00000E+00 0.00000E+00 0.00000E+00 0.00000E+00 0.00000E+00 0.00000E+00 0.00000E+00
 0.00000E+00 0.00000E+00 0.00000E+00 0.00000E+00 0.00000E+00 0.00000E+00 0.00000E+00 0.00000E+00
 0.00000E+00 0.00000E+00 0.00000E+00 0.00000E+00 0.00000E+00 0.00000E+00 0.00000E+00 0.00000E+00
 0.00000E+00 0.00000E+00 0.00000E+00 0.00000E+00 0.00000E+00 0.00000E+00 0.00000E+00 0.00000E+00
 0.00000E+00 0.00000E+00 0.00000E+00 0.00000E+00 0.00000E+00 0.00000E+00 0.00000E+00 0.00000E+00
 0.00000E+00 0.00000E+00 0.00000E+00 0.00000E+00 0.00000E+00 0.00000E+00 0.00000E+00 0.00000E+00
 0.00000E+00 0.00000E+00 0.00000E+00 0.00000E+00 0.00000E+00 0.00000E+00 0.00000E+00 0.00000E+00
 0.00000E+00 0.00000E+00 0.00000E+00 0.00000E+00 0.00000E+00 0.00000E+00 0.00000E+00 0.00000E+00
 0.00000E+00 0.00000E+00 0.00000E+00 0.00000E+00 0.00000E+00 0.00000E+00 0.00000E+00 0.00000E+00
 0.00000E+00 0.00000E+00 0.00000E+00 0.00000E+00 0.00000E+00 0.00000E+00 0.00000E+00 0.00000E+00
 0.00000E+00 0.00000E+00 0.00000E+00 0.00000E+00 0.00000E+00 0.00000E+00 0.00000E+00 0.00000E+00
 0.00000E+00 0.00000E+00 0.00000E+00 0.00000E+00 0.00000E+00 0.00000E+00 0.00000E+00 0.00000E+00
 0.00000E+00 0.00000E+00 0.00000E+00 0.00000E+00 0.00000E+00 0.00000E+00 0.00000E+00 0.00000E+00
 0.00000E+00 0.00000E+00 0.00000E+00 0.00000E+00 0.00000E+00 0.00000E+00 0.00000E+00 0.00000E+00
 0.00000E+00 0.00000E+00 0.00000E+00 0.00000E+00 0.00000E+00 0.00000E+00 0.00000E+00 0.00000E+00
 0.00000E+00 0.00000E+00 0.00000E+00 0.00000E+00 0.00000E+00 0.00000E+00 0.00000E+00 0.00000E+00
 0.00000E+00 0.00000E+00 0.00000E+00 0.00000E+00 0.00000E+00 0.00000E+00 0.00000E+00 0.00000E+00
 0.00000E+00 0.00000E+00 0.00000E+00 0.00000E+00 0.00000E+00 0.00000E+00 0.00000E+00 0.00000E+00
 0.00000E+00 0.00000E+00 0.00000E+00 0.00000E+00 0.00000E+00 0.00000E+00 0.00000E+00 0.00000E+00
 0.00000E+00 0.00000E+00 0.00000E+00 0.00000E+00 0.00000E+00 0.00000E+00 0.00000E+00 0.00000E+00
 0.00000E+00 0.00000E+00 0.00000E+00 0.00000E+00 7.10701E-04 7.76871E-04 8.53408E-04 9.39527E-04
 1.01986E-03 1.11009E-03 1.21538E-03 1.33314E-03 1.47031E-03 1.64401E-03 1.86428E-03 2.11815E-03
 2.38475E-03 2.70522E-03 3.09619E-03 3.46574E-03 3.90874E-03 4.31658E-03 4.72018E-03 5.08249E-03
 5.43786E-03 5.80478E-03 6.15476E-03 6.49293E-03 7.29602E-03 8.60607E-03 1.01561E-02 1.19901E-02
 1.41581E-02 1.67212E-02 1.97533E-02 2.33291E-02 2.75465E-02 3.25317E-02 3.84250E-02 4.53925E-02
 5.36305E-02 6.33476E-02 7.48194E-02 8.83773E-02 1.04351E-01 1.23230E-01 1.45508E-01 1.71809E-01
 2.02905E-01 2.39688E-01 2.83217E-01 3.34666E-01 3.95368E-01 4.67161E-01 5.52273E-01 6.53101E-01
 7.72304E-01 9.13251E-01 1.08052E+00 1.27773E+00 1.50387E+00 1.76996E+00 2.08302E+00 2.45133E+00
 2.88463E+00 3.39435E+00 3.99394E+00 4.69922E+00 5.52876E+00 6.50442E+00 7.65187E+00 9.00129E+00
 1.05882E+01 1.24541E+01 1.46483E+01 1.72281E+01 2.02612E+01 2.38271E+01 2.80193E+01 3.29473E+01
 3.87401E+01 4.55492E+01 5.35524E+01 6.30072E+01 7.42705E+01 8.76696E+01 1.03703E+02 1.22828E+02
 1.45704E+02 1.73170E+02 2.05832E+02 2.44641E+02 2.90751E+02 3.45534E+02 4.10225E+02 4.86174E+02
 5.75613E+02 6.80635E+02 8.03768E+02 9.48267E+02 1.11741E+03 1.31508E+03 1.54538E+03 1.81500E+03
 0.00000E+00 0.00000E+00 0.00000E+00 0.00000E+00 0.00000E+00 0.00000E+00 0.00000E+00 0.00000E+00
 0.00000E+00 0.00000E+00 0.00000E+00 0.00000E+00 0.00000E+00 0.00000E+00 0.00000E+00 0.00000E+00
 0.00000E+00 0.00000E+00 0.00000E+00 0.00000E+00 0.00000E+00 0.00000E+00 0.00000E+00 0.00000E+00
 0.00000E+00 0.00000E+00 0.00000E+00 0.00000E+00 0.00000E+00 0.00000E+00 0.00000E+00 0.00000E+00
 0.00000E+00 0.00000E+00 0.00000E+00 0.00000E+00 0.00000E+00 0.00000E+00 0.00000E+00 0.00000E+00
 0.00000E+00 0.00000E+00 0.00000E+00 0.00000E+00 0.00000E+00 0.00000E+00 0.00000E+00 0.00000E+00
 0.00000E+00 0.00000E+00 0.00000E+00 0.00000E+00 0.00000E+00 0.00000E+00 0.00000E+00 0.00000E+00
 0.00000E+00 0.00000E+00 0.00000E+00 0.00000E+00 0.00000E+00 0.00000E+00 0.00000E+00 0.00000E+00
 0.00000E+00 0.00000E+00 0.00000E+00 0.00000E+00 0.00000E+00 0.00000E+00 0.00000E+00 0.00000E+00
 0.00000E+00 0.00000E+00 0.00000E+00 0.00000E+00 0.00000E+00 0.00000E+00 0.00000E+00 0.00000E+00
 0.00000E+00 0.00000E+00 0.00000E+00 0.00000E+00 0.00000E+00 0.00000E+00 0.00000E+00 0.00000E+00
 0.00000E+00 0.00000E+00 0.00000E+00 0.00000E+00 0.00000E+00 0.00000E+00 0.00000E+00 0.00000E+00
 0.00000E+00 0.00000E+00 0.00000E+00 0.00000E+00 0.00000E+00 0.00000E+00 0.00000E+00 0.00000E+00
 0.00000E+00 0.00000E+00 0.00000E+00 0.00000E+00 0.00000E+00 0.00000E+00 0.00000E+00 0.00000E+00
 0.00000E+00 0.00000E+00 0.00000E+00 0.00000E+00 0.00000E+00 0.00000E+00 0.00000E+00 0.00000E+00
 0.00000E+00 0.00000E+00 0.00000E+00 0.00000E+00 0.00000E+00 0.00000E+00 0.00000E+00 0.00000E+00
 0.00000E+00 0.00000E+00 0.00000E+00 0.00000E+00 0.00000E+00 0.00000E+00 0.00000E+00 0.00000E+00
 0.00000E+00 0.00000E+00 0.00000E+00 0.00000E+00 0.00000E+00 0.00000E+00 0.00000E+00 0.00000E+00
 0.00000E+00 0.00000E+00 0.00000E+00 0.00000E+00 0.00000E+00 0.00000E+00 0.00000E+00 0.00000E+00
 0.00000E+00 0.00000E+00 0.00000E+00 0.00000E+00 0.00000E+00 0.00000E+00 0.00000E+00 0.00000E+00
 0.00000E+00 0.00000E+00 0.00000E+00 0.00000E+00 0.00000E+00 0.00000E+00 0.00000E+00 0.00000E+00
 0.00000E+00 0.00000E+00 0.00000E+00 0.00000E+00 0.00000E+00 0.00000E+00 0.00000E+00 0.00000E+00
 0.00000E+00 0.00000E+00 0.00000E+00 0.00000E+00 0.00000E+00 0.00000E+00 0.00000E+00 0.00000E+00
 0.00000E+00 0.00000E+00 0.00000E+00 0.00000E+00 0.00000E+00 0.00000E+00 0.00000E+00 0.00000E+00
 0.00000E+00 0.00000E+00 0.00000E+00 0.00000E+00 0.00000E+00 0.00000E+00 0.00000E+00 0.00000E+00
 1.86691E-05 1.86691E-05 1.86691E-05 1.86691E-05 1.86691E-05 1.86691E-05 1.86691E-05 1.86691E-05
 1.86691E-05 1.86691E-05 1.86691E-05 1.86691E-05 1.86691E-05 1.86691E-05 1.86691E-05 1.86691E-05
 1.83136E-05 1.75515E-05 1.65959E-05 1.53971E-05 1.41373E-05 1.29076E-05 1.16771E-05 1.04867E-05
 1.00000E-05 1.00000E-05 1.00000E-05 1.00000E-05 1.00000E-05 1.00000E-05 1.00000E-05 1.00000E-05
 1.00000E-05 1.00000E-05 1.00000E-05 1.00000E-05 1.00000E-05 1.00000E-05 1.00000E-05 1.00000E-05
 1.00000E-05 1.00000E-05 1.00000E-05 1.00000E-05 1.00000E-05 1.00000E-05 1.00000E-05 1.00000E-05
 1.00000E-05 1.00000E-05 1.00000E-05 1.00000E-05 1.00000E-05 1.00000E-05 1.00000E-05 1.00000E-05
 1.00000E-05 1.00000E-05 1.00000E-05 1.00000E-05 1.00000E-05 1.00000E-05 1.00000E-05 1.00000E-05
 1.00000E-05 1.00000E-05 1.00000E-05 1.00000E-05 1.00000E-05 1.00000E-05 1.00000E-05 1.00000E-05
 1.00000E-05 1.00000E-05 1.00000E-05 1.00000E-05 1.00000E-05 1.00000E-05 1.00000E-05 1.00000E-05
 1.00000E-05 1.00000E-05 1.00000E-05 1.00000E-05 1.00000E-05 1.00000E-05 1.00000E-05 1.00000E-05
 1.00000E-05 1.00000E-05 1.00000E-05 1.00000E-05 1.00000E-05 1.00000E-05 1.00000E-05 1.00000E-05
 1.00000E-05 1.00000E-05 1.00000E-05 1.00000E-05 0.00000E+00 0.00000E+00 0.00000E+00 0.00000E+00
 0.00000E+00 0.00000E+00 0.00000E+00 0.00000E+00 0.00000E+00 0.00000E+00 0.00000E+00 0.00000E+00
 0.00000E+00 0.00000E+00 0.00000E+00 0.00000E+00 0.00000E+00 0.00000E+00 0.00000E+00 0.00000E+00
 0.00000E+00 0.00000E+00 0.00000E+00 0.00000E+00 0.00000E+00 0.00000E+00 0.00000E+00 0.00000E+00
 0.00000E+00 0.00000E+00 0.00000E+00 0.00000E+00 0.00000E+00 0.00000E+00 0.00000E+00 0.00000E+00
 0.00000E+00 0.00000E+00 0.00000E+00 0.00000E+00 0.00000E+00 0.00000E+00 0.00000E+00 0.00000E+00
 0.00000E+00 0.00000E+00 0.00000E+00 0.00000E+00 0.00000E+00 0.00000E+00 0.00000E+00 0.00000E+00
 0.00000E+00 0.00000E+00 0.00000E+00 0.00000E+00 0.00000E+00 0.00000E+00 0.00000E+00 0.00000E+00
 0.00000E+00 0.00000E+00 0.00000E+00 0.00000E+00 0.00000E+00 0.00000E+00 0.00000E+00 0.00000E+00
 0.00000E+00 0.00000E+00 0.00000E+00 0.00000E+00 0.00000E+00 0.00000E+00 0.00000E+00 0.00000E+00
 0.00000E+00 0.00000E+00 0.00000E+00 0.00000E+00 0.00000E+00 0.00000E+00 0.00000E+00 0.00000E+00
 0.00000E+00 0.00000E+00 0.00000E+00 0.00000E+00 0.00000E+00 0.00000E+00 0.00000E+00 0.00000E+00
 0.00000E+00 0.00000E+00 0.00000E+00 0.00000E+00 0.00000E+00 0.00000E+00 0.00000E+00 0.00000E+00
 0.00000E+00 0.00000E+00 0.00000E+00 0.00000E+00 0.00000E+00 0.00000E+00 0.00000E+00 0.00000E+00
 0.00000E+00 0.00000E+00 0.00000E+00 0.00000E+00 0.00000E+00 0.00000E+00 0.00000E+00 0.00000E+00
 0.00000E+00 0.00000E+00 0.00000E+00 0.00000E+00 0.00000E+00 0.00000E+00 0.00000E+00 0.00000E+00
 0.00000E+00 0.00000E+00 0.00000E+00 0.00000E+00 0.00000E+00 0.00000E+00 0.00000E+00 0.00000E+00
 0.00000E+00 0.00000E+00 0.00000E+00 0.00000E+00 0.00000E+00 0.00000E+00 0.00000E+00 0.00000E+00
 0.00000E+00 0.00000E+00 0.00000E+00 0.00000E+00 0.00000E+00 0.00000E+00 0.00000E+00 0.00000E+00
 0.00000E+00 0.00000E+00 0.00000E+00 0.00000E+00 0.00000E+00 0.00000E+00 0.00000E+00 0.00000E+00
 0.00000E+00 0.00000E+00 0.00000E+00 0.00000E+00 0.00000E+00 0.00000E+00 0.00000E+00 0.00000E+00
 0.00000E+00 0.00000E+00 0.00000E+00 0.00000E+00 0.00000E+00 0.00000E+00 0.00000E+00 0.00000E+00
 0.00000E+00 0.00000E+00 0.00000E+00 0.00000E+00 0.00000E+00 0.00000E+00 0.00000E+00 0.00000E+00
 0.00000E+00 0.00000E+00 0.00000E+00 0.00000E+00 0.00000E+00 0.00000E+00 0.00000E+00 0.00000E+00
 0.00000E+00 0.00000E+00 0.00000E+00 0.00000E+00 0.00000E+00 0.00000E+00 0.00000E+00 0.00000E+00
 0.00000E+00 0.00000E+00 0.00000E+00 0.00000E+00
