 3.81340E-11 1.13715E-13 1.12652E-02 3.74771E-13 1.92598E-11 5.17094E-10 2.38246E-11 1.48152E-15
 9.05799E-09 1.46418E-07 2.51882E-08 1.27347E-10 3.14053E-12 5.18218E-10 1.67816E-12 1.74662E-12
 7.04546E-14 9.65394E-12 6.76914E-14 1.17256E-15 1.50901E-18 2.49490E-23 8.28203E-11 7.28262E-14
 2.10552E-16 6.79942E-15 8.88196E-12 3.68723E-15 6.20335E-13 2.84171E-15 1.24046E-14 8.46340E-12
 3.76232E-12 1.74900E-14 3.91989E-11 2.16431E-13 7.24381E-03 6.75096E-13 1.98653E-11 4.13209E-10
 3.37554E-11 1.85173E-15 9.33837E-09 1.38412E-07 1.52692E-08 1.16308E-10 4.03024E-12 4.73200E-10
 2.14237E-12 2.10429E-12 1.44686E-13 1.44132E-11 1.81653E-13 2.67229E-15 6.44243E-18 7.39996E-23
 6.79847E-11 8.40731E-14 5.51563E-16 8.69016E-15 1.34112E-11 4.07027E-15 4.23696E-13 2.97639E-15
 2.26134E-14 9.67640E-12 7.20496E-12 1.35765E-14 3.67517E-11 3.82373E-13 4.50299E-03 1.11255E-12
 1.92585E-11 2.94575E-10 4.60892E-11 2.15332E-15 9.55842E-09 1.30558E-07 8.83883E-09 9.09669E-11
 4.51317E-12 4.28368E-10 2.84799E-12 2.47899E-12 2.82502E-13 2.01855E-11 4.42407E-13 5.44303E-15
 2.47514E-17 2.36855E-22 5.45745E-11 9.41248E-14 1.33893E-15 1.13626E-14 1.88501E-11 4.70231E-15
 2.67207E-13 2.67170E-15 2.84550E-14 8.46775E-12 1.01972E-11 9.41510E-15 3.23065E-11 6.29639E-13
 2.58793E-03 1.69718E-12 1.79288E-11 2.00214E-10 6.01555E-11 2.44010E-15 9.72957E-09 1.23060E-07
 5.08989E-09 6.31311E-11 4.47827E-12 3.84671E-10 3.78471E-12 2.78399E-12 5.08442E-13 2.57299E-11
 8.88195E-13 9.60680E-15 8.39499E-17 8.72775E-22 4.29499E-11 1.08678E-13 2.87364E-15 1.56926E-14
 2.39749E-11 5.66927E-15 1.80854E-13 2.44049E-15 3.18171E-14 6.97031E-12 1.24061E-11 6.78011E-15
 2.86930E-11 8.82383E-13 1.73334E-03 2.59680E-12 1.85063E-11 1.58413E-10 6.57030E-11 3.34619E-15
 9.87159E-09 1.16049E-07 3.06873E-09 4.60047E-11 4.40427E-12 3.42726E-10 4.49238E-12 3.00534E-12
 7.99688E-13 3.11372E-11 1.24634E-12 1.52998E-14 2.08895E-16 2.68435E-21 3.31642E-11 1.38889E-13
 5.70261E-15 2.21230E-14 2.84207E-11 6.64170E-15 1.43572E-13 2.53754E-15 3.09715E-14 5.71702E-12
 1.42956E-11 5.21350E-15 2.45209E-11 1.14947E-12 1.04214E-03 3.78060E-12 1.93559E-11 1.36310E-10
 6.87742E-11 4.80238E-15 1.00116E-08 1.09761E-07 2.03994E-09 3.31717E-11 4.02681E-12 3.03069E-10
 5.13112E-12 3.15897E-12 1.16146E-12 3.55998E-11 1.50022E-12 2.27491E-14 5.09016E-16 9.00489E-21
 2.53240E-11 1.79035E-13 1.04333E-14 3.02543E-14 3.19360E-11 7.61922E-15 1.23127E-13 2.77167E-15
 2.95883E-14 4.83342E-12 1.60882E-11 4.27262E-15 2.01705E-11 1.43059E-12 5.55006E-04 5.20512E-12
 1.97407E-11 1.19078E-10 7.06687E-11 6.70315E-15 1.01767E-08 1.04414E-07 1.52852E-09 2.31922E-11
 3.46264E-12 2.66405E-10 5.84578E-12 3.25935E-12 1.60469E-12 3.83840E-11 1.45842E-12 3.14046E-14
 1.17745E-15 3.28443E-20 1.93829E-11 2.22185E-13 1.76889E-14 3.97984E-14 3.44980E-11 8.51917E-15
 1.10103E-13 3.09700E-15 2.92483E-14 4.27915E-12 1.78964E-11 3.68332E-15 1.64414E-11 1.75073E-12
 2.85590E-04 6.78575E-12 1.95620E-11 1.03404E-10 7.18591E-11 8.95841E-15 1.03892E-08 1.00111E-07
 1.29318E-09 1.60887E-11 2.90453E-12 2.33354E-10 6.75609E-12 3.33484E-12 2.12199E-12 3.92285E-11
 1.22797E-12 3.96573E-14 2.24041E-15 1.11156E-19 1.51154E-11 2.57788E-13 2.76637E-14 4.97310E-14
 3.62678E-11 9.07359E-15 1.02159E-13 3.50381E-15 3.06197E-14 4.01392E-12 1.96505E-11 3.31745E-15
 1.33318E-11 2.15408E-12 1.41570E-04 8.55933E-12 1.92600E-11 9.08844E-11 7.38105E-11 1.18912E-14
 1.06652E-08 9.68697E-08 1.23592E-09 1.12469E-11 2.40620E-12 2.04479E-10 7.81349E-12 3.39602E-12
 2.70933E-12 3.85383E-11 9.91479E-13 4.71292E-14 3.44692E-15 3.55874E-19 1.22455E-11 2.89487E-13
 4.09023E-14 6.02411E-14 3.74204E-11 9.41714E-15 9.72264E-14 3.93953E-15 3.30402E-14 3.93087E-12
 2.08286E-11 3.04113E-15 9.31668E-12 3.18003E-12 3.84852E-05 8.84532E-12 1.33799E-11 5.54718E-11
 1.00069E-10 1.01060E-14 1.10332E-08 9.45685E-08 1.36136E-09 5.74435E-12 1.60917E-12 1.79252E-10
 1.18745E-11 3.41013E-12 3.93769E-12 3.33563E-11 6.43768E-13 4.63157E-14 4.13385E-15 2.21555E-18
 1.04752E-11 2.73886E-13 5.53574E-14 7.83090E-14 3.81495E-11 1.14480E-14 8.69102E-14 3.63586E-15
 4.54652E-14 4.08262E-12 1.91098E-11 2.77646E-15 5.52285E-12 5.78238E-12 5.43167E-06 6.33660E-12
 5.73492E-12 2.07928E-11 1.81285E-10 5.56717E-15 1.16395E-08 9.23985E-08 1.85124E-09 1.83419E-12
 7.38295E-13 1.52313E-10 2.29948E-11 2.93883E-12 5.31580E-12 2.01166E-11 2.77607E-13 2.73971E-14
 2.18368E-15 7.39067E-18 9.14647E-12 1.62025E-13 6.00480E-14 9.16575E-14 3.89683E-11 1.18943E-14
 1.41592E-15 4.34380E-17 7.73008E-15 4.08146E-13 6.14823E-12 3.99156E-17 5.23739E-12 7.32952E-12
 3.64171E-06 6.92673E-12 6.41110E-12 1.93505E-11 1.65554E-10 8.75321E-15 1.29898E-08 8.87656E-08
 2.56237E-09 1.71750E-12 7.19365E-13 1.16651E-10 2.47720E-11 2.91199E-12 4.88443E-12 1.64751E-11
 2.44379E-13 2.21349E-14 1.44854E-15 5.06642E-18 7.39623E-12 1.44976E-13 7.04991E-14 8.75964E-14
 4.07327E-11 8.27227E-15 1.22433E-17 3.83787E-19 6.25397E-16 2.95264E-14 1.12033E-12 2.80975E-19
 4.95929E-12 7.98674E-12 3.47052E-06 8.43790E-12 8.48998E-12 2.45445E-11 1.30452E-10 1.51675E-14
 1.62212E-08 8.23671E-08 3.22806E-09 1.98264E-12 7.61232E-13 7.40799E-11 2.24619E-11 2.86407E-12
 4.18915E-12 1.50208E-11 2.43223E-13 2.03435E-14 1.08991E-15 4.00400E-18 5.14878E-12 1.66732E-13
 9.26724E-14 8.99768E-14 4.29359E-11 6.12160E-15 5.21002E-20 2.05027E-21 3.30877E-17 1.56627E-15
 1.08755E-13 1.28052E-21 4.48507E-12 8.68829E-12 3.09735E-06 9.90785E-12 1.07610E-11 2.98002E-11
 1.02943E-10 2.47906E-14 2.31918E-08 7.28902E-08 3.95214E-09 2.14091E-12 7.62502E-13 3.70571E-11
 1.92782E-11 2.58425E-12 3.26543E-12 1.23311E-11 2.16722E-13 1.65115E-14 6.68539E-16 3.23442E-18
 2.97830E-12 1.86559E-13 1.20392E-13 9.34769E-14 4.50570E-11 4.22176E-15 1.67017E-22 1.71215E-23
 1.56539E-18 7.25530E-17 6.07694E-15 1.62789E-23 3.86560E-12 9.75831E-12 2.42940E-06 1.08620E-11
 1.28468E-11 3.34077E-11 8.40778E-11 3.79276E-14 3.58613E-08 6.19314E-08 5.01640E-09 2.15078E-12
 7.15233E-13 1.48624E-11 1.58085E-11 2.11346E-12 2.26160E-12 8.70076E-12 1.70133E-13 1.11809E-14
 3.11047E-16 2.51326E-18 1.49637E-12 1.93611E-13 1.47270E-13 9.53014E-14 4.65043E-11 2.59955E-15
 2.91844E-24 7.00500E-25 7.08173E-20 3.04827E-18 2.31197E-16 7.01277E-25 2.36895E-12 1.15096E-11
 1.45377E-06 1.02304E-11 1.26658E-11 3.38025E-11 8.98383E-11 4.44772E-14 5.51535E-08 5.19142E-08
 6.77096E-09 1.62631E-12 4.63306E-13 5.11686E-12 1.25359E-11 1.54002E-12 1.52196E-12 5.35361E-12
 1.16617E-13 7.55264E-15 1.38816E-16 3.51573E-18 7.54600E-13 2.37224E-13 1.80582E-13 1.11842E-13
 4.71525E-11 2.08076E-15 9.56947E-26 2.54016E-26 3.09086E-21 1.11322E-19 6.91285E-18 2.72396E-26
 1.95724E-12 1.21361E-11 1.44608E-06 1.26714E-11 1.63396E-11 4.37095E-11 6.80172E-11 7.45752E-14
 8.15246E-08 4.24644E-08 7.57087E-09 1.53474E-12 4.15092E-13 1.62932E-12 9.01718E-12 1.19104E-12
 1.02643E-12 3.94894E-12 8.79923E-14 5.39461E-15 6.40451E-17 2.35594E-18 3.54130E-13 2.47869E-13
 2.25287E-13 1.07036E-13 4.75026E-11 1.12305E-15 4.58835E-27 1.15989E-27 8.99305E-23 3.36077E-21
 1.88403E-19 9.68975E-28 1.57616E-12 1.30122E-11 1.42796E-06 1.59394E-11 2.05828E-11 5.47562E-11
 5.24105E-11 1.25499E-13 1.16044E-07 3.41259E-08 8.21515E-09 1.31637E-12 3.50037E-13 5.00577E-13
 6.63838E-12 9.24514E-13 7.16355E-13 2.96820E-12 6.44876E-14 3.97169E-15 3.05726E-17 1.47944E-18
 1.57579E-13 2.44909E-13 2.75645E-13 9.92211E-14 4.76592E-11 5.88975E-16 2.66114E-28 6.52592E-29
 3.35422E-24 1.31878E-22 7.98692E-21 4.34268E-29 1.24436E-12 1.41721E-11 1.39804E-06 2.02382E-11
 2.56011E-11 6.73339E-11 4.10488E-11 2.13151E-13 1.59538E-07 2.71743E-08 8.83275E-09 1.05895E-12
 2.82559E-13 1.55723E-13 5.05214E-12 7.34044E-13 5.19475E-13 2.30126E-12 4.73556E-14 3.05680E-15
 1.55946E-17 8.79878E-19 6.79011E-14 2.32635E-13 3.27458E-13 8.95612E-14 4.77182E-11 3.07573E-16
 2.34296E-28 5.72160E-29 2.01824E-24 8.43028E-23 6.38681E-21 3.11845E-29 9.73062E-13 1.56862E-11
 1.35579E-06 2.57994E-11 3.15842E-11 8.17709E-11 3.26842E-11 3.65289E-13 2.12496E-07 2.16386E-08
 9.51962E-09 8.21288E-13 2.22584E-13 5.18820E-14 3.98416E-12 5.99301E-13 3.90344E-13 1.84074E-12
 3.52340E-14 2.45675E-15 8.53037E-18 5.08542E-19 2.89495E-14 2.16167E-13 3.76780E-13 7.97387E-14
 4.77330E-11 1.62853E-16 3.23155E-28 7.82728E-29 1.94199E-24 8.64276E-23 6.38355E-21 3.58105E-29
 7.63055E-13 1.76749E-11 1.30145E-06 3.28460E-11 3.86713E-11 9.81332E-11 2.64970E-11 6.29613E-13
 2.74948E-07 1.73880E-08 1.03808E-08 6.28722E-13 1.74373E-13 1.96959E-14 3.25275E-12 5.02088E-13
 3.02133E-13 1.50842E-12 2.65705E-14 2.03986E-15 4.93765E-18 2.94085E-19 1.24954E-14 1.99497E-13
 4.21325E-13 7.10515E-14 4.77290E-11 8.85121E-17 4.33639E-28 1.04940E-28 1.88898E-24 8.95503E-23
 6.37919E-21 4.14636E-29 6.04740E-13 2.03212E-11 1.23466E-06 4.15298E-11 4.68679E-11 1.15934E-10
 2.19171E-11 1.08464E-12 3.47804E-07 1.41546E-08 1.15369E-08 4.81947E-13 1.37544E-13 8.83900E-15
 2.73559E-12 4.27583E-13 2.38422E-13 1.24808E-12 2.01180E-14 1.71538E-15 2.93557E-18 1.74149E-19
 5.51510E-15 1.84519E-13 4.60973E-13 6.40986E-14 4.77169E-11 4.94812E-17 5.64781E-28 1.37621E-28
 1.86973E-24 9.38728E-23 6.37352E-21 4.85372E-29 4.86971E-13 2.38888E-11 1.15486E-06 5.18715E-11
 5.59768E-11 1.33967E-10 1.85319E-11 1.85286E-12 4.32096E-07 1.16998E-08 1.31290E-08 3.73072E-13
 1.10148E-13 4.71555E-15 2.35945E-12 3.66231E-13 1.90015E-13 1.02673E-12 1.51113E-14 1.43042E-15
 1.73584E-18 1.06579E-19 2.50833E-15 1.71096E-13 4.96906E-13 5.88137E-14 4.77013E-11 2.82796E-17
 7.13074E-28 1.76605E-28 1.90393E-24 1.00087E-22 6.36585E-21 5.77738E-29 3.99610E-13 2.87704E-11
 1.06151E-06 6.36715E-11 6.55962E-11 1.50500E-10 1.60470E-11 3.11569E-12 5.28751E-07 9.83306E-09
 1.53580E-08 2.93046E-13 8.99669E-14 2.93668E-15 2.07793E-12 3.12258E-13 1.51534E-13 8.27315E-13
 1.11332E-14 1.15885E-15 9.89590E-19 6.70862E-20 1.18553E-15 1.58001E-13 5.30341E-13 5.47516E-14
 4.76848E-11 1.63155E-17 8.70919E-28 2.21590E-28 2.01398E-24 1.09008E-22 6.35535E-21 7.02681E-29
 3.33973E-13 3.55831E-11 9.53690E-07 7.62714E-11 7.52564E-11 1.64105E-10 1.42622E-11 5.13292E-12
 6.39013E-07 8.39945E-09 1.86424E-08 2.34556E-13 7.49633E-14 2.10038E-15 1.85673E-12 2.62448E-13
 1.19352E-13 6.42612E-13 7.98538E-15 8.91881E-16 5.26484E-19 4.26463E-20 5.87463E-16 1.43719E-13
 5.59989E-13 5.12422E-14 4.76720E-11 9.32574E-18 1.03338E-27 2.72461E-28 2.23887E-24 1.21954E-22
 6.34065E-21 8.81543E-29 2.82649E-13 4.52039E-11 8.30300E-07 8.74548E-11 8.53252E-11 1.77623E-10
 1.30110E-11 8.31440E-12 7.64216E-07 7.27959E-09 2.46676E-08 1.95096E-13 6.33334E-14 1.72117E-15
 1.66714E-12 2.17038E-13 9.02133E-14 4.72378E-13 5.68034E-15 6.30406E-16 2.52167E-19 2.61224E-20
 3.10464E-16 1.27065E-13 5.70830E-13 4.70926E-14 4.76806E-11 5.15207E-18 1.25317E-27 3.38456E-28
 2.70007E-24 1.42845E-22 6.31771E-21 1.19013E-28 2.36159E-13 5.78007E-11 6.90337E-07 8.76104E-11
 1.03137E-10 2.26156E-10 1.19281E-11 1.38952E-11 9.05518E-07 6.37732E-09 4.61358E-08 1.89400E-13
 5.24805E-14 1.59852E-15 1.47941E-12 1.85781E-13 5.87619E-14 3.19486E-13 4.76107E-15 3.71964E-16
 1.03950E-19 1.28416E-20 1.80836E-16 1.07890E-13 4.81390E-13 3.87829E-14 4.77960E-11 2.64793E-18
 2.15137E-27 5.19888E-28 4.08347E-24 1.93002E-22 6.26450E-21 2.17320E-28 1.84981E-13 6.78510E-11
 5.36200E-07 6.11684E-11 1.56904E-10 5.10724E-10 9.97817E-12 2.74552E-11 1.06049E-06 5.60559E-09
 1.80171E-07 2.54805E-13 3.69028E-14 1.62761E-15 1.27140E-12 1.83520E-13 2.57995E-14 1.79383E-13
 6.64772E-15 1.48172E-16 3.32662E-20 3.26335E-21 1.19478E-16 8.37517E-14 2.32441E-13 2.29661E-14
 4.80832E-11 1.13533E-18 1.07677E-26 1.62010E-27 1.00026E-23 3.72074E-22 6.07776E-21 8.36983E-28
 1.69386E-13 7.59592E-11 3.78330E-07 3.27383E-11 2.37542E-10 1.18568E-09 7.87033E-12 5.91410E-11
 1.21874E-06 4.87121E-09 8.59918E-07 2.51492E-13 1.74617E-14 1.77432E-15 1.06338E-12 1.61709E-13
 8.43928E-15 6.82179E-14 8.19785E-15 4.73554E-17 7.59678E-21 5.20878E-22 8.62009E-17 5.12022E-14
 8.87976E-14 1.07796E-14 4.82697E-11 3.43351E-19 6.90518E-26 6.65306E-27 2.81214E-23 8.71323E-22
 5.55851E-21 3.70688E-27 3.16157E-13 9.97814E-11 2.38425E-07 1.66552E-11 2.67530E-10 1.42004E-09
 7.26940E-12 1.04809E-10 1.35954E-06 4.12254E-09 2.95031E-06 1.52525E-13 7.73136E-15 2.02991E-15
 8.58745E-13 1.03356E-13 2.52932E-15 1.74759E-14 4.94673E-15 1.95083E-17 1.61184E-21 9.28018E-23
 6.48488E-17 2.44092E-14 4.57346E-14 5.34854E-15 4.83430E-11 7.92478E-20 1.75827E-25 1.59716E-26
 7.26582E-23 1.80311E-21 4.58022E-21 1.06057E-26 7.58926E-13 1.56658E-10 1.37667E-07 8.38154E-12
 2.32867E-10 9.66180E-10 8.12366E-12 1.44513E-10 1.46202E-06 3.36392E-09 7.11375E-06 1.14183E-13
 6.37530E-15 2.37483E-15 6.56408E-13 5.30940E-14 7.08937E-16 3.50507E-15 1.73544E-15 1.03427E-17
 3.51740E-22 1.99995E-23 4.99128E-17 9.82070E-15 3.37923E-14 2.91941E-15 4.83698E-11 1.61162E-20
 1.77033E-25 2.06790E-26 1.71739E-22 2.94231E-21 3.34010E-21 2.08733E-26 1.44798E-12 2.89690E-10
 7.56396E-08 4.60323E-12 1.68315E-10 4.41811E-10 1.07776E-11 1.79095E-10 1.52588E-06 2.62896E-09
 1.32673E-05 1.34608E-13 1.12415E-14 2.80115E-15 4.83700E-13 2.27308E-14 2.08775E-16 6.31845E-16
 4.06671E-16 5.77710E-18 6.72511E-23 4.75322E-24 3.90482E-17 3.41563E-15 3.64181E-14 1.67359E-15
 4.83725E-11 2.86355E-21 8.89566E-26 1.65013E-26 3.71455E-22 3.83323E-21 2.24781E-21 3.12656E-26
 2.15045E-12 6.34798E-10 4.01706E-08 2.94259E-12 1.03442E-10 1.45131E-10 1.69045E-11 2.27268E-10
 1.56289E-06 1.95225E-09 2.10984E-05 1.64510E-13 2.54713E-14 3.32150E-15 3.52415E-13 7.86577E-15
 7.06672E-17 1.06494E-16 6.46412E-17 3.06849E-18 9.87479E-24 1.09068E-24 3.08912E-17 9.75607E-16
 5.35280E-14 9.42729E-16 4.83561E-11 4.03556E-22 2.70325E-26 9.46701E-27 7.65680E-22 4.21972E-21
 1.46549E-21 3.85039E-26 2.59689E-12 1.62430E-09 2.07762E-08 2.23209E-12 5.50325E-11 3.58361E-11
 3.07137E-11 3.10423E-10 1.58345E-06 1.37119E-09 3.03227E-05 1.56549E-13 5.28943E-14 3.95272E-15
 2.59752E-13 2.22142E-15 2.86876E-17 1.72825E-17 7.23890E-18 1.48628E-18 1.07926E-24 3.12744E-25
 2.46696E-17 2.57591E-16 9.45747E-14 5.93793E-16 4.83134E-11 5.14166E-23 5.51650E-27 4.23255E-27
 1.44022E-21 4.04025E-21 9.68830E-22 3.80373E-26 2.60736E-12 4.55955E-09 1.05277E-08 1.94955E-12
 2.64966E-11 7.25801E-12 6.06719E-11 4.48295E-10 1.59453E-06 9.10917E-10 4.07176E-05 9.58607E-14
 7.78192E-14 4.69624E-15 1.96604E-13 6.05589E-16 1.37610E-17 3.06725E-18 7.03039E-19 6.92059E-19
 1.08690E-25 1.68523E-25 1.98940E-17 7.63674E-17 1.74023E-13 5.12856E-16 4.82314E-11 8.44381E-24
 7.55863E-28 1.39977E-27 2.10407E-21 3.65471E-21 6.88947E-22 2.66327E-26 2.17995E-12 1.27813E-08
 5.24855E-09 1.82490E-12 1.22101E-11 1.33903E-12 1.19164E-10 6.46340E-10 1.60034E-06 5.74396E-10
 5.21185E-05 3.57006E-14 7.13141E-14 5.51044E-15 1.53232E-13 2.36956E-16 7.28126E-18 8.12675E-19
 9.16723E-20 3.98522E-19 1.89933E-26 1.35225E-25 1.62133E-17 2.28521E-17 2.99290E-13 5.40505E-16
 4.81031E-11 2.32607E-24 7.05389E-29 3.25866E-28 2.12450E-21 3.75854E-21 5.63141E-22 1.23712E-26
 1.53610E-12 3.20442E-08 2.59317E-09 1.68397E-12 5.71778E-12 2.51842E-13 2.10758E-10 8.69682E-10
 1.60329E-06 3.46905E-10 6.43131E-05 9.99309E-15 4.80567E-14 6.28009E-15 1.22499E-13 1.47014E-16
 3.89433E-18 3.36160E-19 1.91573E-20 2.92299E-19 6.70622E-27 1.07609E-25 1.33784E-17 6.22272E-18
 4.60218E-13 5.67262E-16 4.79390E-11 9.60734E-25 5.72011E-30 6.53933E-29 1.68173E-21 4.22884E-21
 5.34008E-22 4.58258E-27 9.64475E-13 6.62045E-08 1.27861E-09 1.46894E-12 2.91300E-12 5.48918E-14
 3.11714E-10 1.06517E-09 1.60475E-06 2.01975E-10 7.71800E-05 2.72086E-15 2.96734E-14 6.85466E-15
 9.98061E-14 1.06234E-16 2.00613E-18 1.55514E-19 5.11443E-21 2.11013E-19 2.73697E-27 7.49971E-26
 1.11720E-17 1.76759E-18 6.36472E-13 5.57148E-16 4.77593E-11 4.21132E-25 5.86459E-31 1.58338E-29
 1.31368E-21 4.58014E-21 5.49007E-22 1.82312E-27 5.76660E-13 1.13526E-07 6.39074E-10 1.24787E-12
 1.68935E-12 1.52892E-14 3.85956E-10 1.24180E-09 1.60543E-06 1.13991E-10 9.05933E-05 8.20511E-16
 1.82233E-14 7.13879E-15 8.26199E-14 7.77793E-17 1.02210E-18 7.12990E-20 1.57744E-21 1.41688E-19
 1.05391E-27 4.65324E-26 9.43231E-18 5.96465E-19 8.18724E-13 5.16333E-16 4.75736E-11 1.78991E-25
 9.68548E-32 5.49746E-30 1.12860E-21 4.74167E-21 5.70646E-22 9.08196E-28 3.39167E-13 1.71363E-07
 3.33506E-10 1.07995E-12 1.11649E-12 5.54271E-15 4.20234E-10 1.45704E-09 1.60568E-06 6.29829E-11
 1.04327E-04 2.81248E-16 1.12233E-14 7.14134E-15 6.95345E-14 5.69580E-17 5.39108E-19 3.32348E-20
 5.54203E-22 9.17152E-20 3.90707E-28 2.66515E-26 8.05383E-18 2.41448E-19 1.01146E-12 4.59762E-16
 4.73771E-11 7.53069E-26 2.60002E-32 2.68722E-30 1.06210E-21 4.79609E-21 5.80688E-22 5.64819E-28
 1.96869E-13 2.40002E-07 1.87292E-10 9.71335E-13 8.21105E-13 2.50566E-15 4.22108E-10 1.76773E-09
 1.60568E-06 3.42742E-11 1.18296E-04 1.07493E-16 6.91719E-15 6.93658E-15 5.94494E-14 4.19135E-17
 3.00088E-19 1.61304E-20 2.17593E-22 5.87048E-20 1.43619E-28 1.44703E-26 6.94777E-18 1.12357E-19
 1.22311E-12 3.98607E-16 4.71615E-11 3.17808E-26 1.01721E-32 1.70185E-30 1.06110E-21 4.80026E-21
 5.75336E-22 4.14981E-28 1.12369E-13 3.22512E-07 1.15815E-10 9.04542E-13 6.50178E-13 1.32113E-15
 4.04304E-10 2.21729E-09 1.60551E-06 1.84389E-11 1.32467E-04 4.46689E-17 4.29581E-15 6.60536E-15
 5.15284E-14 3.10780E-17 1.75284E-19 8.15043E-21 9.26587E-23 3.75780E-20 5.30697E-29 7.58383E-27
 6.04838E-18 5.72292E-20 1.46194E-12 3.39544E-16 4.69185E-11 1.34910E-26 5.11344E-33 1.27979E-30
 1.09717E-21 4.78007E-21 5.57137E-22 3.39762E-28 6.32751E-14 4.23766E-07 7.92249E-11 8.58039E-13
 5.35881E-13 7.58540E-16 3.77109E-10 2.83186E-09 1.60520E-06 9.88718E-12 1.46681E-04 1.98732E-17
 2.73880E-15 6.21450E-15 4.52147E-14 2.32580E-17 1.05562E-19 4.23021E-21 4.14541E-23 2.41850E-20
 1.98462E-29 3.88896E-27 5.31531E-18 3.05822E-20 1.73545E-12 2.86102E-16 4.66405E-11 5.76921E-27
 2.94920E-33 1.05811E-30 1.15570E-21 4.74593E-21 5.30315E-22 2.94969E-28 3.54434E-14 5.49784E-07
 5.86983E-11 8.14556E-13 4.47517E-13 4.49071E-16 3.46924E-10 3.61903E-09 1.60477E-06 5.33776E-12
 1.60759E-04 9.40627E-18 1.83093E-15 5.81115E-15 4.01036E-14 1.75753E-17 6.43041E-20 2.21856E-21
 1.89785E-23 1.56823E-20 7.52761E-30 1.97159E-27 4.71812E-18 1.66403E-20 2.05062E-12 2.39701E-16
 4.63207E-11 2.48909E-27 1.79179E-33 9.07796E-31 1.22932E-21 4.70127E-21 4.98811E-22 2.62022E-28
 1.97862E-14 7.08249E-07 4.54883E-11 7.65236E-13 3.72749E-13 2.65182E-16 3.17269E-10 4.58036E-09
 1.60425E-06 2.90777E-12 1.74744E-04 4.70976E-18 1.29817E-15 5.41930E-15 3.58435E-14 1.33832E-17
 3.90581E-20 1.16006E-21 8.73299E-24 1.02331E-20 2.88508E-30 9.95750E-28 4.22503E-18 9.06589E-21
 2.41565E-12 2.00445E-16 4.59507E-11 1.08252E-27 1.08978E-33 7.80578E-31 1.31369E-21 4.64783E-21
 4.65220E-22 2.33224E-28 1.10063E-14 9.09155E-07 3.57752E-11 7.06866E-13 3.06851E-13 1.53211E-16
 2.89934E-10 5.70824E-09 1.60363E-06 1.59765E-12 1.88701E-04 2.48234E-18 9.80994E-16 5.05055E-15
 3.21908E-14 1.02466E-17 2.34369E-20 5.99371E-22 3.99279E-24 6.70770E-21 1.11237E-30 5.03754E-28
 3.81200E-18 4.89898E-21 2.84011E-12 1.67762E-16 4.55209E-11 4.73949E-28 6.43781E-34 6.58683E-31
 1.40583E-21 4.58696E-21 4.31147E-22 2.05456E-28 6.15317E-15 1.16369E-06 2.80343E-11 6.38864E-13
 2.48196E-13 8.56885E-17 2.65393E-10 6.96790E-09 1.60294E-06 8.91414E-13 2.02494E-04 1.37368E-18
 7.91817E-16 4.71428E-15 2.90266E-14 7.88376E-18 1.38151E-20 3.04614E-22 1.80295E-24 4.41524E-21
 4.31085E-31 2.55927E-28 3.46640E-18 2.61230E-21 3.33102E-12 1.40702E-16 4.50244E-11 2.09020E-28
 3.62852E-34 5.38570E-31 1.50513E-21 4.51792E-21 3.97955E-22 1.77920E-28 3.46655E-15 1.48704E-06
 2.16511E-11 5.64513E-13 1.96925E-13 4.62107E-17 2.43757E-10 8.32721E-09 1.60219E-06 5.05895E-13
 2.16130E-04 7.91247E-19 6.77718E-16 4.41139E-15 2.62385E-14 6.08631E-18 7.98116E-21 1.51899E-22
 8.01392E-25 2.91440E-21 1.67400E-31 1.30715E-28 3.17469E-18 1.37153E-21 3.89744E-12 1.18321E-16
 4.44521E-11 9.27017E-29 1.93799E-34 4.24573E-31 1.61030E-21 4.44139E-21 3.66240E-22 1.51028E-28
 1.96511E-15 1.90020E-06 1.63838E-11 4.88169E-13 1.53259E-13 2.40069E-17 2.24964E-10 9.75844E-09
 1.60140E-06 2.91473E-13 2.29684E-04 4.68897E-19 6.08004E-16 4.13874E-15 2.37357E-14 4.70555E-18
 4.51552E-21 7.42216E-23 3.49894E-25 1.92573E-21 6.48897E-32 6.71389E-29 2.92519E-18 7.08040E-22
 4.55095E-12 9.97786E-17 4.37922E-11 4.12297E-29 9.78505E-35 3.22109E-31 1.71942E-21 4.35911E-21
 3.36156E-22 1.25503E-28 1.12421E-15 2.42831E-06 1.21373E-11 4.13476E-13 1.17074E-13 1.20374E-17
 2.08589E-10 1.12223E-08 1.60058E-06 1.70777E-13 2.43098E-04 2.83126E-19 5.65409E-16 3.89404E-15
 2.14740E-14 3.64018E-18 2.50255E-21 3.55547E-23 1.50063E-25 1.27272E-21 2.50734E-32 3.46257E-29
 2.71106E-18 3.59348E-22 5.30037E-12 8.43127E-17 4.30360E-11 1.83591E-29 4.67751E-35 2.35388E-31
 1.83207E-21 4.27129E-21 3.07891E-22 1.02151E-28 6.49700E-16 3.10418E-06 8.80640E-12 3.43542E-13
 8.78973E-14 5.83885E-18 1.94240E-10 1.26850E-08 1.59977E-06 1.01761E-13 2.56330E-04 1.72608E-19
 5.39414E-16 3.67332E-15 1.94182E-14 2.81521E-18 1.35984E-21 1.67063E-23 6.32437E-26 8.40612E-22
 9.64222E-33 1.78985E-29 2.52643E-18 1.79331E-22 6.15555E-12 7.13242E-17 4.21737E-11 8.16901E-30
 2.12334E-35 1.66058E-31 1.94771E-21 4.17851E-21 2.81425E-22 8.15328E-29 3.81060E-16 3.96393E-06
 6.27826E-12 2.80429E-13 6.50167E-14 2.75375E-18 1.81296E-10 1.41083E-08 1.59896E-06 6.18281E-14
 2.69243E-04 1.05673E-19 5.23696E-16 3.47343E-15 1.75549E-14 2.17648E-18 7.25795E-22 7.71480E-24
 2.62582E-26 5.54816E-22 3.69130E-33 9.24036E-30 2.36762E-18 8.81749E-23 7.11987E-12 6.02969E-17
 4.12017E-11 3.62955E-30 9.22478E-36 1.13728E-31 2.06791E-21 4.07916E-21 2.56794E-22 6.40299E-29
 2.28552E-16 5.04266E-06 4.42329E-12 2.25314E-13 4.75603E-14 1.27303E-18 1.69031E-10 1.54562E-08
 1.59819E-06 3.84794E-14 2.81664E-04 6.48555E-20 5.14306E-16 3.29166E-15 1.58798E-14 1.68307E-18
 3.81562E-22 3.51311E-24 1.07900E-26 3.66103E-22 1.40903E-33 4.74090E-30 2.23186E-18 4.28828E-23
 8.18708E-12 5.08135E-17 4.01265E-11 1.61077E-30 3.88462E-36 7.62990E-32 2.19618E-21 3.96970E-21
 2.34060E-22 4.97431E-29 1.40508E-16 6.38206E-06 3.09207E-12 1.78620E-13 3.45249E-14 5.80450E-19
 1.57066E-10 1.67148E-08 1.59746E-06 2.45419E-14 2.93556E-04 3.98515E-20 5.08687E-16 3.12384E-15
 1.43728E-14 1.30160E-18 1.98054E-22 1.58082E-24 4.40202E-27 2.41484E-22 5.36217E-34 2.40906E-30
 2.11532E-18 2.06924E-23 9.35183E-12 4.26136E-17 3.89534E-11 7.13570E-31 1.60227E-36 5.05157E-32
 2.33455E-21 3.84827E-21 2.13070E-22 3.83839E-29 8.83356E-17 8.03428E-06 2.14799E-12 1.40043E-13
 2.49335E-14 2.61996E-19 1.45299E-10 1.78850E-08 1.59676E-06 1.59907E-14 3.04983E-04 2.44843E-20
 5.05273E-16 2.96556E-15 1.30071E-14 1.00589E-18 1.01659E-22 7.03457E-25 1.78557E-27 1.59108E-22
 2.03152E-34 1.21033E-30 2.01407E-18 9.92552E-24 1.06120E-11 3.55333E-17 3.76844E-11 3.15144E-31
 6.51743E-37 3.31656E-32 2.48355E-21 3.71455E-21 1.93564E-22 2.94894E-29 5.66547E-17 1.00553E-05
 1.48429E-12 1.08797E-13 1.79547E-14 1.17433E-19 1.33658E-10 1.89687E-08 1.59610E-06 1.06082E-14
 3.15988E-04 1.50338E-20 5.03148E-16 2.81371E-15 1.17630E-14 7.76381E-19 5.16688E-23 3.09758E-25
 7.21117E-28 1.04662E-22 7.65452E-35 6.00354E-31 1.92513E-18 4.74259E-24 1.19625E-11 2.94398E-17
 3.63246E-11 1.38662E-31 2.63101E-37 2.16902E-32 2.64415E-21 3.56770E-21 1.75360E-22 2.26083E-29
 3.72263E-17 1.24754E-05 1.02497E-12 8.38883E-14 1.29384E-14 5.26763E-20 1.21859E-10 1.99556E-08
 1.59549E-06 7.17501E-15 3.26469E-04 9.25389E-21 5.01792E-16 2.66805E-15 1.06398E-14 5.99001E-19
 2.60707E-23 1.35465E-25 2.91367E-28 6.87916E-23 2.87510E-35 2.93077E-31 1.84722E-18 2.26831E-24
 1.33791E-11 2.41959E-17 3.48980E-11 6.08955E-32 1.06715E-37 1.42475E-32 2.82029E-21 3.40375E-21
 1.58527E-22 1.73770E-29 2.51955E-17 1.52995E-05 7.11230E-13 6.42960E-14 9.36302E-15 2.38461E-20
 1.09769E-10 2.08380E-08 1.59492E-06 4.96036E-15 3.36321E-04 5.73278E-21 5.00891E-16 2.52916E-15
 9.63770E-15 4.62553E-19 1.30976E-23 5.90977E-26 1.18408E-28 4.52336E-23 1.08002E-35 1.40444E-31
 1.77929E-18 1.09142E-24 1.48310E-11 1.97006E-17 3.34357E-11 2.67619E-32 4.40217E-38 9.47175E-33
 3.01536E-21 3.21924E-21 1.43163E-22 1.34448E-29 1.75144E-17 1.85524E-05 4.95915E-13 4.90528E-14
 6.81082E-15 1.09000E-20 9.76883E-11 2.16254E-08 1.59439E-06 3.49434E-15 3.45611E-04 3.57191E-21
 5.00243E-16 2.39589E-15 8.74053E-15 3.57452E-19 6.55795E-24 2.57051E-26 4.84031E-29 2.97535E-23
 4.05471E-36 6.61144E-32 1.71942E-18 5.28889E-25 1.63074E-11 1.58976E-17 3.19484E-11 1.17714E-32
 1.85054E-38 6.37935E-33 3.22831E-21 3.01532E-21 1.29128E-22 1.04706E-29 1.24863E-17 2.22340E-05
 3.47575E-13 3.73011E-14 4.98672E-15 5.03895E-21 8.58346E-11 2.23241E-08 1.59389E-06 2.50285E-15
 3.54368E-04 2.23898E-21 4.99734E-16 2.26796E-15 7.93804E-15 2.76511E-19 3.27737E-24 1.11560E-26
 1.99291E-29 1.95834E-23 1.52220E-36 3.05875E-32 1.66627E-18 2.58649E-25 1.77929E-11 1.27172E-17
 3.04512E-11 5.18744E-33 7.95359E-39 4.36182E-33 3.45818E-21 2.79298E-21 1.16357E-22 8.21213E-30
 9.16023E-18 2.62823E-05 2.45784E-13 2.83132E-14 3.68401E-15 2.37077E-21 7.43104E-11 2.29340E-08
 1.59343E-06 1.82541E-15 3.62528E-04 1.41664E-21 4.99302E-16 2.14668E-15 7.22917E-15 2.14413E-19
 1.63970E-24 4.85368E-27 8.30214E-30 1.29151E-23 5.73528E-37 1.38974E-32 1.61929E-18 1.28163E-25
 1.92573E-11 1.00805E-17 2.89745E-11 2.29680E-33 3.52269E-39 3.04130E-33 3.70422E-21 2.55296E-21
 1.04916E-22 6.49845E-30 6.91726E-18 3.06313E-05 1.75645E-13 2.14825E-14 2.74885E-15 1.13797E-21
 6.33594E-11 2.34608E-08 1.59301E-06 1.35524E-15 3.70093E-04 9.05623E-22 4.98907E-16 2.03253E-15
 6.60707E-15 1.66801E-19 8.23055E-25 2.12139E-27 3.50545E-30 8.54160E-24 2.17246E-37 6.20456E-33
 1.57773E-18 6.44546E-26 2.06813E-11 7.91995E-18 2.75375E-11 1.02326E-33 1.61187E-39 2.16478E-33
 3.96262E-21 2.29911E-21 9.47640E-23 5.18708E-30 5.37199E-18 3.52064E-05 1.26948E-13 1.63179E-14
 2.07236E-15 5.57629E-22 5.32155E-11 2.39124E-08 1.59261E-06 1.02341E-15 3.77087E-04 5.84969E-22
 4.98525E-16 1.92567E-15 6.06356E-15 1.30267E-19 4.15322E-25 9.32732E-28 1.50131E-30 5.66863E-24
 8.28225E-38 2.72473E-33 1.54083E-18 3.29213E-26 2.20514E-11 6.17094E-18 2.61537E-11 4.59135E-34
 7.61991E-40 1.57253E-33 4.22752E-21 2.03737E-21 8.58224E-23 4.17196E-30 4.29381E-18 3.99004E-05
 9.30115E-14 1.24309E-14 1.57947E-15 2.79778E-22 4.40257E-11 2.42949E-08 1.59223E-06 7.86637E-16
 3.83507E-04 3.82436E-22 4.98143E-16 1.82669E-15 5.59300E-15 1.02227E-19 2.11297E-25 4.14280E-28
 6.53661E-31 3.77848E-24 3.18662E-38 1.17795E-33 1.50812E-18 1.70954E-26 2.33502E-11 4.76997E-18
 2.48406E-11 2.07771E-34 3.72674E-40 1.16600E-33 4.49160E-21 1.77513E-21 7.80373E-23 3.37831E-30
 3.52122E-18 4.46537E-05 6.90252E-14 9.51470E-15 1.21593E-15 1.43441E-22 3.59297E-11 2.46187E-08
 1.59188E-06 6.14281E-16 3.89419E-04 2.52721E-22 4.97751E-16 1.73499E-15 5.18483E-15 8.06100E-20
 1.08552E-25 1.85944E-28 2.88944E-31 2.52955E-24 1.23677E-38 5.02205E-34 1.47889E-18 9.01278E-27
 2.45769E-11 3.66119E-18 2.35986E-11 9.47741E-35 1.87853E-40 8.80285E-34 4.74665E-21 1.52070E-21
 7.12584E-23 2.74842E-30 2.95083E-18 4.94275E-05 5.17823E-14 7.33200E-15 9.44423E-16 7.48703E-23
 2.89740E-11 2.48936E-08 1.59153E-06 4.86077E-16 3.94903E-04 1.68411E-22 4.97338E-16 1.64971E-15
 4.82877E-15 6.38486E-20 5.63961E-26 8.42704E-29 1.29386E-31 1.70024E-24 4.83539E-39 2.11524E-34
 1.45246E-18 4.81522E-27 2.57361E-11 2.79306E-18 2.24232E-11 4.35298E-35 9.71332E-41 6.74948E-34
 4.98560E-21 1.28126E-21 6.53293E-23 2.24218E-30 2.52419E-18 5.41476E-05 3.92877E-14 5.70270E-15
 7.39861E-16 3.97926E-23 2.31039E-11 2.51255E-08 1.59120E-06 3.89623E-16 3.99976E-04 1.13205E-22
 4.96900E-16 1.57085E-15 4.51906E-15 5.08109E-20 2.97156E-26 3.86883E-29 5.87242E-32 1.14761E-24
 1.90676E-39 8.81142E-35 1.42852E-18 2.60586E-27 2.68223E-11 2.11885E-18 2.13196E-11 2.01325E-35
 5.14763E-41 5.25344E-34 5.20286E-21 1.06246E-21 6.01616E-23 1.83307E-30 2.20160E-18 5.87517E-05
 3.01588E-14 4.48937E-15 5.84313E-16 2.15277E-23 1.82329E-11 2.53203E-08 1.59086E-06 3.16283E-16
 4.04660E-04 7.67522E-23 4.96435E-16 1.49828E-15 4.25017E-15 4.06296E-20 1.59253E-26 1.80426E-29
 2.70105E-32 7.77875E-25 7.58696E-40 3.63375E-35 1.40678E-18 1.42727E-27 2.78325E-11 1.59915E-18
 2.02908E-11 9.37264E-36 2.79265E-41 4.14911E-34 5.39490E-21 8.67883E-22 5.56666E-23 1.50112E-30
 1.95571E-18 6.31913E-05 2.34338E-14 3.58803E-15 4.64934E-16 1.18468E-23 1.42536E-11 2.54830E-08
 1.59052E-06 2.59970E-16 4.08976E-04 5.24722E-23 4.95938E-16 1.43180E-15 4.01687E-15 3.26426E-20
 8.70639E-27 8.56899E-30 1.25837E-32 5.29420E-25 3.04621E-40 1.48489E-35 1.38701E-18 7.90365E-28
 2.87658E-11 1.20128E-18 1.93377E-11 4.38954E-36 1.54888E-41 3.32374E-34 5.56012E-21 6.99200E-22
 5.17600E-23 1.23101E-30 1.76755E-18 6.74306E-05 1.84417E-14 2.92052E-15 3.72486E-16 6.62707E-24
 1.10483E-11 2.56184E-08 1.59018E-06 2.16363E-16 4.12947E-04 3.61675E-23 4.95407E-16 1.37114E-15
 3.81444E-15 2.63463E-20 4.87002E-27 4.15500E-30 5.93427E-33 3.61713E-25 1.23397E-40 6.01803E-36
 1.36898E-18 4.42019E-28 2.96225E-11 8.98596E-19 1.84599E-11 2.06657E-36 8.77129E-42 2.69973E-34
 5.69861E-21 5.56369E-22 4.83647E-23 1.01080E-30 1.62380E-18 7.14462E-05 1.47120E-14 2.42842E-15
 3.00275E-16 3.76829E-24 8.49897E-12 2.57305E-08 1.58983E-06 1.82356E-16 4.16595E-04 2.51447E-23
 4.94840E-16 1.31601E-15 3.63866E-15 2.13573E-20 2.79507E-27 2.06283E-30 2.83108E-33 2.48005E-25
 5.04193E-41 2.42104E-36 1.35252E-18 2.49375E-28 3.04039E-11 6.69613E-19 1.76558E-11 9.77234E-37
 5.06665E-42 2.22280E-34 5.81167E-21 4.38100E-22 4.54122E-23 8.31008E-31 1.51440E-18 7.52250E-05
 1.19134E-14 2.06837E-15 2.43414E-16 2.18488E-24 6.49473E-12 2.58228E-08 1.58946E-06 1.55704E-16
 4.19942E-04 1.76765E-23 4.94233E-16 1.26609E-15 3.48583E-15 1.73838E-20 1.65111E-27 1.05497E-30
 1.36868E-33 1.70576E-25 2.08203E-41 9.68195E-37 1.33743E-18 1.41821E-28 3.11125E-11 4.97330E-19
 1.69230E-11 4.64138E-37 2.98838E-42 1.85446E-34 5.90112E-21 3.42608E-22 4.28427E-23 6.84015E-31
 1.42322E-18 7.89048E-05 9.72764E-15 1.80696E-15 1.97968E-16 1.27745E-24 4.94237E-12 2.59016E-08
 1.58907E-06 1.33930E-16 4.23135E-04 1.24749E-23 4.93558E-16 1.21922E-15 3.34736E-15 1.41807E-20
 1.00219E-27 5.50731E-31 6.64630E-34 1.17466E-25 8.61024E-42 3.85217E-37 1.32302E-18 8.09663E-29
 3.17767E-11 3.68517E-19 1.62319E-11 2.20439E-37 1.78313E-42 1.56204E-34 5.97059E-21 2.65989E-22
 4.05144E-23 5.62857E-31 1.33775E-18 8.26397E-05 7.94447E-15 1.61971E-15 1.61199E-16 7.42330E-25
 3.75334E-12 2.59712E-08 1.58862E-06 1.15311E-16 4.26319E-04 8.75651E-24 4.92771E-16 1.17333E-15
 3.21578E-15 1.15707E-20 6.23522E-28 2.90026E-31 3.21085E-34 8.08373E-26 3.53140E-42 1.52614E-37
 1.30856E-18 4.62202E-29 3.24245E-11 2.72662E-19 1.55529E-11 1.04221E-37 1.06564E-42 1.32377E-34
 6.02321E-21 2.04633E-22 3.83050E-23 4.62355E-31 1.25553E-18 8.64413E-05 6.48374E-15 1.48969E-15
 1.31389E-16 4.28966E-25 2.84587E-12 2.60325E-08 1.58810E-06 9.92945E-17 4.29509E-04 6.11911E-24
 4.91850E-16 1.12826E-15 3.08956E-15 9.43977E-21 3.97975E-28 1.54735E-31 1.54759E-34 5.55645E-26
 1.44117E-42 6.03069E-38 1.29394E-18 2.63852E-29 3.30561E-11 2.01500E-19 1.48847E-11 4.90876E-38
 6.38969E-43 1.12874E-34 6.06081E-21 1.56423E-22 3.61946E-23 3.79204E-31 1.17616E-18 9.03021E-05
 5.28891E-15 1.40445E-15 1.07199E-16 2.47033E-25 2.15457E-12 2.60857E-08 1.58750E-06 8.55180E-17
 4.32702E-04 4.26466E-24 4.90773E-16 1.08412E-15 2.96788E-15 7.69846E-21 2.60392E-28 8.40079E-32
 7.45647E-35 3.81341E-26 5.86337E-43 2.37779E-38 1.27909E-18 1.50628E-29 3.36687E-11 1.48740E-19
 1.42293E-11 2.30329E-38 3.85131E-43 9.68762E-35 6.08542E-21 1.19032E-22 3.41768E-23 3.10645E-31
 1.09960E-18 9.42173E-05 4.31255E-15 1.35491E-15 8.75483E-17 1.42003E-25 1.62886E-12 2.61310E-08
 1.58680E-06 7.36661E-17 4.35895E-04 2.96820E-24 4.89513E-16 1.04098E-15 2.84980E-15 6.27409E-21
 1.74308E-28 4.65139E-32 3.59304E-35 2.61192E-26 2.37857E-43 9.35481E-39 1.26397E-18 8.59798E-30
 3.42596E-11 1.09670E-19 1.35883E-11 1.07620E-38 2.33543E-43 8.37052E-35 6.09891E-21 9.02659E-23
 3.22451E-23 2.54264E-31 1.02634E-18 9.81843E-05 3.51512E-15 1.33450E-15 7.15668E-17 8.15965E-26
 1.22978E-12 2.61684E-08 1.58599E-06 6.34662E-17 4.39084E-04 2.06596E-24 4.88042E-16 9.98903E-16
 2.73428E-15 5.10770E-21 1.19063E-28 2.62708E-32 1.73162E-35 1.78440E-26 9.61662E-44 3.67261E-39
 1.24851E-18 4.90621E-30 3.48266E-11 8.07734E-20 1.29629E-11 5.00470E-39 1.42537E-43 7.28089E-35
 6.10273E-21 6.82708E-23 3.03931E-23 2.07979E-31 9.59206E-19 1.02203E-04 2.86375E-15 1.33862E-15
 5.85529E-17 4.69653E-26 9.27595E-13 2.61979E-08 1.58504E-06 5.46820E-17 4.42267E-04 1.44215E-24
 4.86326E-16 9.57919E-16 2.62011E-15 4.15144E-21 8.26533E-29 1.51026E-32 8.36020E-36 1.21510E-26
 3.88015E-44 1.44030E-39 1.23263E-18 2.80088E-30 3.53678E-11 5.94423E-20 1.23536E-11 2.31929E-39
 8.76158E-44 6.37401E-35 6.09793E-21 5.15678E-23 2.86143E-23 1.70026E-31 9.11951E-19 1.06263E-04
 2.33284E-15 1.28071E-15 4.82496E-17 2.73058E-26 7.20727E-13 2.62201E-08 1.58398E-06 4.71326E-17
 4.45428E-04 1.01970E-24 4.84329E-16 9.18169E-16 2.50630E-15 3.40310E-21 5.64747E-29 8.78166E-33
 4.16977E-36 8.48016E-27 1.64116E-44 6.06548E-40 1.21630E-18 1.67397E-30 3.58795E-11 4.44993E-20
 1.17625E-11 1.14148E-39 5.46334E-44 5.62427E-35 6.08506E-21 3.91198E-23 2.69071E-23 1.39812E-31
 8.76648E-19 1.10345E-04 1.90256E-15 1.19024E-15 3.99705E-17 1.61057E-26 5.73355E-13 2.62380E-08
 1.58290E-06 4.06808E-17 4.48546E-04 7.32247E-25 4.82014E-16 8.79869E-16 2.39395E-15 2.80719E-21
 3.83668E-29 5.17179E-33 2.15228E-36 6.03079E-27 7.31032E-45 2.70747E-40 1.19951E-18 1.03936E-30
 3.63552E-11 3.37263E-20 1.11948E-11 5.91164E-40 3.45137E-44 4.99640E-35 6.06477E-21 2.97899E-23
 2.52736E-23 1.15435E-31 8.32359E-19 1.14460E-04 1.55398E-15 1.19309E-15 3.28831E-17 9.54754E-27
 4.41283E-13 2.62532E-08 1.58181E-06 3.51677E-17 4.51617E-04 5.27307E-25 4.79328E-16 8.42977E-16
 2.28522E-15 2.28530E-21 2.70680E-29 3.09854E-33 1.08837E-36 4.14403E-27 3.13475E-45 1.11894E-40
 1.18213E-18 6.17222E-31 3.67908E-11 2.50199E-20 1.06523E-11 2.87460E-40 2.17916E-44 4.45446E-35
 6.03738E-21 2.25561E-23 2.37061E-23 9.45376E-32 7.91606E-19 1.18617E-04 1.27150E-15 1.16453E-15
 2.72143E-17 5.71442E-27 3.49193E-13 2.62670E-08 1.58074E-06 3.04563E-17 4.54637E-04 3.82815E-25
 4.76216E-16 8.07455E-16 2.18055E-15 1.87710E-21 1.92093E-29 1.88995E-33 5.61323E-37 2.91706E-27
 1.38643E-45 4.90906E-41 1.16405E-18 3.80136E-31 3.71835E-11 1.88187E-20 1.01355E-11 1.45326E-40
 1.38438E-44 3.99303E-35 6.00250E-21 1.70731E-23 2.21974E-23 7.77879E-32 7.42117E-19 1.22833E-04
 1.04270E-15 1.21955E-15 2.23394E-17 3.42005E-27 2.65979E-13 2.62810E-08 1.57972E-06 2.64316E-17
 4.57603E-04 2.76489E-25 4.72610E-16 7.73246E-16 2.08251E-15 1.52079E-21 1.40638E-29 1.17119E-33
 2.80664E-37 1.97509E-27 5.81439E-46 1.96937E-41 1.14510E-18 2.22133E-31 3.75298E-11 1.38128E-20
 9.64518E-12 6.84547E-41 8.75652E-45 3.58906E-35 5.95976E-21 1.28126E-23 2.07401E-23 6.33992E-32
 6.92648E-19 1.27132E-04 8.56976E-16 1.27658E-15 1.83765E-17 2.05331E-27 2.04772E-13 2.62954E-08
 1.57872E-06 2.29871E-17 4.60517E-04 1.99496E-25 4.68433E-16 7.40234E-16 1.99141E-15 1.23743E-21
 1.04413E-29 7.37761E-34 1.40493E-37 1.34871E-27 2.44001E-46 8.04803E-42 1.12511E-18 1.31032E-31
 3.78275E-11 1.01780E-20 9.17999E-12 3.23841E-41 5.54207E-45 3.23647E-35 5.90837E-21 9.57999E-24
 1.93252E-23 5.17029E-32 6.42747E-19 1.31530E-04 7.06597E-16 1.34957E-15 1.51198E-17 1.23763E-27
 1.58212E-13 2.63132E-08 1.57786E-06 2.00477E-17 4.63369E-04 1.43488E-25 4.63608E-16 7.08427E-16
 1.90883E-15 1.00934E-21 7.87710E-30 4.71869E-34 7.04663E-38 9.22746E-28 1.02754E-46 3.30678E-42
 1.10393E-18 7.74300E-32 3.80726E-11 7.49545E-21 8.74079E-12 1.53269E-41 3.50791E-45 2.92509E-35
 5.84755E-21 7.13451E-24 1.79492E-23 4.21021E-32 5.88112E-19 1.36071E-04 5.84472E-16 1.51243E-15
 1.23057E-17 7.42174E-28 1.16028E-13 2.63330E-08 1.57703E-06 1.75317E-17 4.66165E-04 1.01333E-25
 4.58032E-16 6.77642E-16 1.83628E-15 8.10083E-22 6.01034E-30 3.01948E-34 3.36340E-38 5.99619E-28
 3.98808E-47 1.19989E-42 1.08129E-18 4.24209E-32 3.82624E-11 5.34563E-21 8.32562E-12 6.60672E-42
 2.19962E-45 2.64611E-35 5.77617E-21 5.24853E-24 1.66021E-23 3.38478E-32 5.34929E-19 1.40800E-04
 4.84875E-16 1.70210E-15 1.00128E-17 4.45608E-28 8.50249E-14 2.63513E-08 1.57605E-06 1.53702E-17
 4.68913E-04 7.06144E-26 4.51606E-16 6.47725E-16 1.77271E-15 6.51688E-22 4.62269E-30 1.93655E-34
 1.57846E-38 3.89015E-28 1.50462E-47 4.30658E-43 1.05695E-18 2.29050E-32 3.83944E-11 3.80410E-21
 7.93228E-12 2.78453E-42 1.37302E-45 2.39423E-35 5.69304E-21 3.83687E-24 1.52771E-23 2.71445E-32
 4.85252E-19 1.45755E-04 4.03674E-16 1.92129E-15 8.14345E-18 2.70123E-28 6.23342E-14 2.63683E-08
 1.57488E-06 1.35149E-17 4.71603E-04 4.87191E-26 4.44239E-16 6.18646E-16 1.71755E-15 5.25496E-22
 3.57959E-30 1.24620E-34 7.37051E-39 2.51969E-28 5.62010E-48 1.54174E-43 1.03074E-18 1.22847E-32
 3.84645E-11 2.70418E-21 7.56051E-12 1.16587E-42 8.54751E-46 2.16454E-35 5.59706E-21 2.79603E-24
 1.39731E-23 2.17046E-32 4.39448E-19 1.50975E-04 3.37507E-16 2.17316E-15 6.61891E-18 1.66897E-28
 4.57185E-14 2.63841E-08 1.57349E-06 1.19243E-17 4.74229E-04 3.33043E-26 4.35842E-16 5.90381E-16
 1.67031E-15 4.24718E-22 2.78773E-30 8.03804E-35 3.43355E-39 1.62913E-28 2.08862E-48 5.50421E-44
 1.00249E-18 6.53924E-33 3.84681E-11 1.91990E-21 7.21009E-12 4.85996E-43 5.30578E-46 1.95321E-35
 5.48720E-21 2.03299E-24 1.26912E-23 1.72950E-32 3.96663E-19 1.56522E-04 2.83499E-16 2.50886E-15
 5.34855E-18 1.06115E-28 3.27174E-14 2.63955E-08 1.57168E-06 1.05589E-17 4.76789E-04 2.24424E-26
 4.26322E-16 5.62848E-16 1.63048E-15 3.40802E-22 2.17123E-30 5.15380E-35 1.56062E-39 1.02472E-28
 7.45020E-49 1.84795E-44 9.72010E-19 3.34412E-33 3.84010E-11 1.34156E-21 6.88008E-12 1.94042E-43
 3.26985E-46 1.75727E-35 5.36235E-21 1.47049E-24 1.14322E-23 1.36576E-32 3.57493E-19 1.62458E-04
 2.39272E-16 2.93711E-15 4.30239E-18 7.03925E-29 2.30077E-14 2.63946E-08 1.56901E-06 9.38357E-18
 4.79282E-04 1.49116E-26 4.15611E-16 5.35977E-16 1.59686E-15 2.72008E-22 1.69071E-30 3.28035E-35
 6.92172E-40 6.30870E-29 2.54776E-49 5.91051E-45 9.39180E-19 1.65153E-33 3.82594E-11 9.26511E-22
 6.56944E-12 7.44890E-44 1.99923E-46 1.57400E-35 5.22169E-21 1.05953E-24 1.02001E-23 1.06981E-32
 3.23263E-19 1.68827E-04 2.03104E-16 3.36641E-15 3.47599E-18 4.93289E-29 1.66264E-14 2.63791E-08
 1.56531E-06 8.37408E-18 4.81694E-04 9.85873E-27 4.03698E-16 5.09830E-16 1.56812E-15 2.19537E-22
 1.32533E-30 2.09485E-35 3.11157E-40 3.97977E-29 8.87370E-50 2.00009E-45 9.04054E-19 8.30074E-34
 3.80402E-11 6.49654E-22 6.27868E-12 2.93798E-44 1.21955E-46 1.40194E-35 5.06520E-21 7.65855E-25
 9.00624E-24 8.38415E-33 2.93101E-19 1.75695E-04 1.73546E-16 3.88138E-15 2.79892E-18 3.66905E-29
 1.19287E-14 2.63477E-08 1.56043E-06 7.50772E-18 4.84016E-04 6.48219E-27 3.90572E-16 4.84425E-16
 1.54356E-15 1.76620E-22 1.03896E-30 1.33696E-35 1.39560E-40 2.47840E-29 3.07266E-50 6.64700E-46
 8.66672E-19 4.12513E-34 3.77400E-11 4.52994E-22 6.00785E-12 1.15178E-44 7.39933E-47 1.24075E-35
 4.89283E-21 5.54297E-25 7.86065E-24 6.52132E-33 2.66802E-19 1.83124E-04 1.49413E-16 4.45811E-15
 2.25132E-18 2.88407E-29 8.59576E-15 2.62951E-08 1.55403E-06 6.76456E-18 4.86238E-04 4.24944E-27
 3.76278E-16 4.59802E-16 1.52242E-15 1.42250E-22 8.15385E-31 8.53807E-36 6.27212E-41 1.54282E-29
 1.06494E-50 2.21859E-46 8.27208E-19 2.04195E-34 3.73573E-11 3.16281E-22 5.75704E-12 4.52516E-45
 4.46514E-47 1.09002E-35 4.70529E-21 4.02107E-25 6.77568E-24 5.04441E-33 2.44170E-19 1.91175E-04
 1.29777E-16 5.05687E-15 1.81265E-18 2.37036E-29 6.29015E-15 2.62194E-08 1.54592E-06 6.12841E-18
 4.88351E-04 2.78930E-27 3.60907E-16 4.36031E-16 1.50407E-15 1.15180E-22 6.41504E-31 5.47216E-36
 2.85226E-41 9.71648E-30 3.75714E-51 7.64816E-47 7.85944E-19 1.01965E-34 3.68920E-11 2.22724E-22
 5.52655E-12 1.81269E-45 2.68307E-47 9.49912E-36 4.50387E-21 2.92812E-25 5.76426E-24 3.88765E-33
 2.24673E-19 1.99930E-04 1.13850E-16 5.76182E-15 1.45329E-18 2.01886E-29 4.57116E-15 2.61160E-08
 1.53577E-06 5.58367E-18 4.90348E-04 1.83738E-27 3.44555E-16 4.13134E-16 1.48808E-15 9.28327E-23
 5.03549E-31 3.50819E-36 1.29292E-41 6.03829E-30 1.31804E-51 2.58520E-47 7.43159E-19 5.03734E-35
 3.63443E-11 1.55930E-22 5.31608E-12 7.20657E-46 1.60196E-47 8.20574E-36 4.28996E-21 2.13703E-25
 4.83606E-24 2.96890E-33 2.08351E-19 2.09457E-04 1.01021E-16 6.53389E-15 1.16294E-18 1.76690E-29
 3.33580E-15 2.59777E-08 1.52308E-06 5.11746E-18 4.92224E-04 1.22919E-27 3.27393E-16 3.91181E-16
 1.47400E-15 7.48271E-23 3.94900E-31 2.26282E-36 5.86686E-42 3.75099E-30 4.62410E-52 8.77071E-48
 6.99300E-19 2.47939E-35 3.57174E-11 1.09318E-22 5.12561E-12 2.86624E-46 9.54372E-48 7.02232E-36
 4.06591E-21 1.56894E-25 4.00062E-24 2.25169E-33 1.95549E-19 2.19834E-04 9.07881E-17 7.43046E-15
 9.26358E-19 1.58564E-29 2.42161E-15 2.57958E-08 1.50726E-06 4.71801E-18 4.93978E-04 8.58831E-28
 3.09603E-16 3.70220E-16 1.46144E-15 6.00232E-23 3.09104E-31 1.49538E-36 2.68313E-42 2.30214E-30
 1.62247E-52 2.92629E-48 6.54823E-19 1.22370E-35 3.50154E-11 7.62782E-23 4.95471E-12 1.13807E-46
 5.78442E-48 5.95014E-36 3.83420E-21 1.17099E-25 3.26329E-24 1.69141E-33 1.87565E-19 2.31091E-04
 8.28134E-17 8.13158E-15 7.43663E-19 1.46498E-29 1.85129E-15 2.55711E-08 1.48827E-06 4.37777E-18
 4.95599E-04 6.67393E-28 2.91464E-16 3.50376E-16 1.45010E-15 4.91756E-23 2.46989E-31 1.08206E-36
 1.39102E-42 1.49026E-30 6.57282E-53 1.12288E-48 6.10399E-19 6.86446E-36 3.42469E-11 5.53408E-23
 4.80352E-12 5.15266E-47 3.92620E-48 4.99810E-36 3.59856E-21 9.20404E-26 2.62837E-24 1.27437E-33
 2.85150E+02 2.78650E+02 2.72150E+02 2.65660E+02 2.61170E+02 2.55680E+02 2.49190E+02 2.42700E+02
 2.36210E+02 2.25000E+02 2.10000E+02 2.10000E+02 2.10000E+02 2.10000E+02 2.10000E+02 2.00000E+02
 2.00000E+02 2.00000E+02 2.00000E+02 2.00000E+02 2.00000E+02 2.00000E+02 2.00000E+02 2.00000E+02
 2.00000E+02 2.00000E+02 2.00000E+02 2.00000E+02 2.00000E+02 2.00000E+02 2.00000E+02 2.00000E+02
 2.00000E+02 2.00000E+02 2.00000E+02 2.00000E+02 2.00000E+02 2.00000E+02 2.00000E+02 2.00000E+02
 2.00000E+02 2.00000E+02 2.00000E+02 2.00000E+02 2.00000E+02 2.00000E+02 2.00000E+02 2.00000E+02
 2.00000E+02 2.00000E+02 2.00000E+02 2.00000E+02 2.00000E+02 2.00000E+02 2.00000E+02 2.00000E+02
 2.00000E+02 2.00000E+02 2.00000E+02 2.00000E+02 2.00000E+02 2.00000E+02 2.00000E+02 2.00000E+02
 2.00000E+02 2.00000E+02 2.00000E+02 2.00000E+02 2.00000E+02 2.00000E+02 2.00000E+02 2.00000E+02
 2.00000E+02 2.00000E+02 2.00000E+02 2.00000E+02 2.00000E+02 2.00000E+02 2.00000E+02 1.98600E+02
 1.96000E+02 1.94700E+02 1.92000E+02 1.90800E+02 1.89000E+02 1.86900E+02 1.86900E+02 1.86900E+02
 1.86900E+02 1.86900E+02 1.88000E+02 1.90000E+02 1.91000E+02 1.92500E+02 1.94000E+02 1.95000E+02
 1.96500E+02 1.98000E+02 2.00000E+02 2.00000E+02 1.00000E+05 1.00000E+05 1.00000E+05 1.00000E+05
 1.00000E+05 1.00000E+05 1.00000E+05 1.00000E+05 1.00000E+05 8.94400E+04 4.89900E+04 2.25800E+04
 1.16600E+04 6.81200E+03 5.16500E+03 4.29000E+03 3.95000E+03 3.90000E+03 3.99900E+03 4.34300E+03
 4.84400E+03 5.43900E+03 6.18700E+03 7.03600E+03 7.98400E+03 8.98600E+03 1.00300E+04 1.12800E+04
 1.24900E+04 1.36300E+04 1.51300E+04 1.66900E+04 1.81800E+04 1.99800E+04 2.19800E+04 2.44500E+04
 2.74600E+04 3.04600E+04 3.39400E+04 3.79500E+04 4.19500E+04 4.64300E+04 5.19100E+04 5.84000E+04
 6.44500E+04 7.13600E+04 7.99000E+04 8.79100E+04 9.68700E+04 1.06900E+05 1.17800E+05 1.31800E+05
 1.48300E+05 1.65800E+05 1.83300E+05 2.01800E+05 2.25600E+05 2.52200E+05 2.77200E+05 3.07000E+05
 3.42100E+05 3.79500E+05 4.21900E+05 4.71700E+05 5.17400E+05 5.67400E+05 6.22400E+05 6.82600E+05
 7.48700E+05 8.21200E+05 9.00700E+05 9.87900E+05 1.00000E+06 1.00000E+06 1.00000E+06 1.00000E+06
 1.00000E+06 1.00000E+06 1.00000E+06 1.00000E+06 1.00000E+06 1.00000E+06 1.00000E+06 1.00000E+06
 1.00000E+06 1.00000E+06 1.00000E+06 1.00000E+06 1.00000E+06 1.00000E+06 1.00000E+06 1.00000E+06
 1.00000E+06 1.00000E+06 1.00000E+06 1.00000E+06 1.00000E+06 1.00000E+06 1.00000E+06 1.00000E+06
 2.42866E+19 2.20951E+19 2.00572E+19 1.81649E+19 1.62936E+19 1.46415E+19 1.31763E+19 1.18253E+19
 1.05821E+19 9.62491E+18 8.85799E+18 7.56787E+18 6.46596E+18 5.52477E+18 4.72082E+18 4.21954E+18
 3.57765E+18 3.03356E+18 2.57235E+18 2.18138E+18 1.84992E+18 1.56891E+18 1.33065E+18 1.12864E+18
 9.57339E+17 8.12082E+17 6.88901E+17 5.84434E+17 4.95834E+17 4.20688E+17 3.56949E+17 3.02882E+17
 2.57018E+17 2.18111E+17 1.85102E+17 1.57097E+17 1.33336E+17 1.13175E+17 9.60668E+16 8.15492E+16
 6.92289E+16 5.87730E+16 4.98989E+16 4.23668E+16 3.59735E+16 3.05465E+16 2.59395E+16 2.20285E+16
 1.87082E+16 1.58891E+16 1.34955E+16 1.14630E+16 9.73718E+15 8.27159E+15 7.02695E+15 5.96990E+15
 5.07211E+15 4.30956E+15 3.66183E+15 3.11162E+15 2.64421E+15 2.24713E+15 1.90977E+15 1.62315E+15
 1.37961E+15 1.17267E+15 9.96820E+14 8.47384E+14 7.20387E+14 6.12453E+14 5.20718E+14 4.42745E+14
 3.76466E+14 3.20126E+14 2.72231E+14 2.31513E+14 1.96896E+14 1.67463E+14 1.42437E+14 1.21942E+14
 1.04872E+14 8.94642E+13 7.67521E+13 6.52337E+13 5.55509E+13 4.73046E+13 3.97985E+13 3.34852E+13
 2.81749E+13 2.37080E+13 1.98437E+13 1.65553E+13 1.39052E+13 1.16627E+13 9.79569E+12 8.25844E+12
 6.95259E+12 5.86119E+12 4.93638E+12 4.20308E+12 1.14831E-10 1.38485E-10 1.87170E-10 2.46484E-10
 3.10692E-10 3.75856E-10 4.37962E-10 4.92656E-10 5.34828E-10 5.60475E-10 5.66878E-10 5.68902E-10
 5.62112E-10 5.46425E-10 5.20415E-10 4.85443E-10 4.43878E-10 3.99669E-10 3.56365E-10 3.16686E-10
 2.82237E-10 2.52845E-10 2.27977E-10 2.07057E-10 1.88774E-10 1.71715E-10 1.55378E-10 1.39802E-10
 1.24973E-10 1.10730E-10 9.71889E-11 8.45113E-11 7.26574E-11 6.16844E-11 5.17075E-11 4.28056E-11
 3.50334E-11 2.83159E-11 2.25610E-11 1.77281E-11 1.37267E-11 1.04521E-11 7.83100E-12 5.78195E-12
 4.19499E-12 2.97945E-12 2.07406E-12 1.41163E-12 9.34845E-13 6.01569E-13 3.72329E-13 2.24745E-13
 1.32532E-13 7.60002E-14 4.20418E-14 2.23240E-14 1.14642E-14 5.68373E-15 2.68146E-15 1.20696E-15
 5.19509E-16 2.12451E-16 8.24616E-17 3.04595E-17 1.04662E-17 3.32726E-18 9.73476E-19 2.60502E-19
 6.33618E-20 1.39123E-20 2.73736E-21 4.78868E-22 6.31805E-23 5.83634E-24 3.54572E-25 1.31622E-26
 2.73822E-28 2.88410E-30 1.36495E-32 2.51055E-35 1.49783E-38 2.34142E-42 7.36981E-47 3.42915E-52
 1.62134E-58 4.92278E-66 5.71073E-75 1.36922E-85 3.27039E-98 1.00000-100 1.00000-100 1.00000-100
 1.00000-100 1.00000-100 1.00000-100 1.00000-100 1.00000-100 1.00000-100 1.00000-100 1.00000-100
 4.26671E+01 3.68554E+01 3.69018E+01 3.73098E+01 3.86970E+01 3.93391E+01 3.88706E+01 3.76185E+01
 3.52156E+01 3.24470E+01 2.94958E+01 2.35026E+01 1.93933E+01 1.56885E+01 1.23216E+01 1.11284E+01
 8.99811E+00 7.68736E+00 6.78241E+00 6.31323E+00 6.08104E+00 5.99359E+00 6.11881E+00 6.43642E+00
 5.49310E+00 4.16827E+00 3.14112E+00 2.35777E+00 1.75229E+00 1.28890E+00 9.41208E-01 6.82818E-01
 4.90048E-01 3.47432E-01 2.43839E-01 1.68824E-01 1.15399E-01 7.79202E-02 5.17463E-02 3.43403E-02
 2.25722E-02 1.45916E-02 9.28174E-03 5.81864E-03 3.58456E-03 2.16182E-03 1.27793E-03 7.38633E-04
 4.15425E-04 2.27042E-04 1.19354E-04 6.11944E-05 3.06531E-05 1.49323E-05 7.01730E-06 3.16563E-06
 1.38119E-06 5.81818E-07 2.33234E-07 8.92074E-08 3.26296E-08 1.13399E-08 3.74072E-09 1.17436E-09
 3.42979E-10 9.26794E-11 2.30496E-11 5.24341E-12 1.08421E-12 2.02393E-13 3.38576E-14 5.03606E-15
 5.64977E-16 4.43796E-17 2.29279E-18 7.23813E-20 1.28064E-21 1.14723E-23 4.61807E-26 7.27182E-29
 3.73117E-32 4.97565E-36 1.34360E-40 5.31350E-46 2.13938E-52 5.53141E-60 5.39858E-69 1.08905E-79
 2.18869E-92 5.63140E-95 4.71351E-95 3.93242E-95 3.30292E-95 2.77025E-95 2.32679E-95 1.96164E-95
 1.65146E-95 1.39222E-95 1.17255E-95 9.98365E-96 0.00000E+00 0.00000E+00 0.00000E+00 0.00000E+00
 0.00000E+00 0.00000E+00 0.00000E+00 0.00000E+00 0.00000E+00 0.00000E+00 0.00000E+00 0.00000E+00
 0.00000E+00 0.00000E+00 0.00000E+00 0.00000E+00 0.00000E+00 0.00000E+00 0.00000E+00 0.00000E+00
 0.00000E+00 0.00000E+00 0.00000E+00 0.00000E+00 0.00000E+00 0.00000E+00 0.00000E+00 0.00000E+00
 0.00000E+00 0.00000E+00 0.00000E+00 0.00000E+00 0.00000E+00 0.00000E+00 0.00000E+00 0.00000E+00
 0.00000E+00 0.00000E+00 0.00000E+00 0.00000E+00 0.00000E+00 0.00000E+00 0.00000E+00 0.00000E+00
 0.00000E+00 0.00000E+00 0.00000E+00 0.00000E+00 0.00000E+00 0.00000E+00 0.00000E+00 0.00000E+00
 0.00000E+00 0.00000E+00 0.00000E+00 0.00000E+00 0.00000E+00 0.00000E+00 0.00000E+00 0.00000E+00
 0.00000E+00 0.00000E+00 0.00000E+00 0.00000E+00 0.00000E+00 0.00000E+00 0.00000E+00 0.00000E+00
 0.00000E+00 0.00000E+00 0.00000E+00 0.00000E+00 0.00000E+00 0.00000E+00 0.00000E+00 0.00000E+00
 0.00000E+00 0.00000E+00 0.00000E+00 0.00000E+00 0.00000E+00 0.00000E+00 0.00000E+00 0.00000E+00
 0.00000E+00 0.00000E+00 0.00000E+00 0.00000E+00 0.00000E+00 0.00000E+00 0.00000E+00 0.00000E+00
 0.00000E+00 0.00000E+00 0.00000E+00 0.00000E+00 0.00000E+00 0.00000E+00 0.00000E+00 0.00000E+00
 0.00000E+00 0.00000E+00 0.00000E+00 0.00000E+00 0.00000E+00 0.00000E+00 0.00000E+00 0.00000E+00
 0.00000E+00 0.00000E+00 0.00000E+00 0.00000E+00 0.00000E+00 0.00000E+00 0.00000E+00 0.00000E+00
 0.00000E+00 0.00000E+00 0.00000E+00 0.00000E+00 0.00000E+00 0.00000E+00 0.00000E+00 0.00000E+00
 0.00000E+00 0.00000E+00 0.00000E+00 0.00000E+00 0.00000E+00 0.00000E+00 0.00000E+00 0.00000E+00
 0.00000E+00 0.00000E+00 0.00000E+00 0.00000E+00 0.00000E+00 0.00000E+00 0.00000E+00 0.00000E+00
 0.00000E+00 0.00000E+00 0.00000E+00 0.00000E+00 0.00000E+00 0.00000E+00 0.00000E+00 0.00000E+00
 0.00000E+00 0.00000E+00 0.00000E+00 0.00000E+00 0.00000E+00 0.00000E+00 0.00000E+00 0.00000E+00
 0.00000E+00 0.00000E+00 0.00000E+00 0.00000E+00 0.00000E+00 0.00000E+00 0.00000E+00 0.00000E+00
 0.00000E+00 0.00000E+00 0.00000E+00 0.00000E+00 0.00000E+00 0.00000E+00 0.00000E+00 0.00000E+00
 0.00000E+00 0.00000E+00 0.00000E+00 0.00000E+00 0.00000E+00 0.00000E+00 0.00000E+00 0.00000E+00
 0.00000E+00 0.00000E+00 0.00000E+00 0.00000E+00 0.00000E+00 0.00000E+00 0.00000E+00 0.00000E+00
 0.00000E+00 0.00000E+00 0.00000E+00 0.00000E+00 0.00000E+00 0.00000E+00 0.00000E+00 0.00000E+00
 0.00000E+00 0.00000E+00 0.00000E+00 0.00000E+00 7.10155E-04 7.76281E-04 8.52769E-04 9.38835E-04
 1.01912E-03 1.10930E-03 1.21453E-03 1.33223E-03 1.46932E-03 1.64292E-03 1.86306E-03 2.11680E-03
 2.38325E-03 2.70357E-03 3.09438E-03 3.46377E-03 3.90683E-03 4.31501E-03 4.71928E-03 5.08249E-03
 5.43851E-03 5.80579E-03 6.15575E-03 6.49246E-03 7.37613E-03 8.72187E-03 1.03248E-02 1.22200E-02
 1.44873E-02 1.71911E-02 2.03887E-02 2.41610E-02 2.86307E-02 3.39282E-02 4.01701E-02 4.75870E-02
 5.64119E-02 6.68730E-02 7.93586E-02 9.36604E-02 1.10300E-01 1.29895E-01 1.52968E-01 1.80134E-01
 2.12120E-01 2.49778E-01 2.94111E-01 3.46300E-01 4.07735E-01 4.80048E-01 5.65163E-01 6.65340E-01
 7.83239E-01 9.21989E-01 1.08527E+00 1.27740E+00 1.50348E+00 1.76948E+00 2.08245E+00 2.45065E+00
 2.88382E+00 3.39338E+00 3.99278E+00 4.69783E+00 5.52710E+00 6.50243E+00 7.64949E+00 8.99845E+00
 1.05848E+01 1.24501E+01 1.46434E+01 1.72223E+01 2.02543E+01 2.38189E+01 2.80095E+01 3.29356E+01
 3.87262E+01 4.55327E+01 5.35327E+01 6.29837E+01 7.42424E+01 8.76360E+01 1.03663E+02 1.22780E+02
 1.45646E+02 1.73101E+02 2.05748E+02 2.44540E+02 2.90629E+02 3.45388E+02 4.10050E+02 4.85963E+02
 5.75361E+02 6.80333E+02 8.03407E+02 9.47837E+02 1.11690E+03 1.31447E+03 1.54466E+03 1.81415E+03
 0.00000E+00 0.00000E+00 0.00000E+00 0.00000E+00 0.00000E+00 0.00000E+00 0.00000E+00 0.00000E+00
 0.00000E+00 0.00000E+00 0.00000E+00 0.00000E+00 0.00000E+00 0.00000E+00 0.00000E+00 0.00000E+00
 0.00000E+00 0.00000E+00 0.00000E+00 0.00000E+00 0.00000E+00 0.00000E+00 0.00000E+00 0.00000E+00
 0.00000E+00 0.00000E+00 0.00000E+00 0.00000E+00 0.00000E+00 0.00000E+00 0.00000E+00 0.00000E+00
 0.00000E+00 0.00000E+00 0.00000E+00 0.00000E+00 0.00000E+00 0.00000E+00 0.00000E+00 0.00000E+00
 0.00000E+00 0.00000E+00 0.00000E+00 0.00000E+00 0.00000E+00 0.00000E+00 0.00000E+00 0.00000E+00
 0.00000E+00 0.00000E+00 0.00000E+00 0.00000E+00 0.00000E+00 0.00000E+00 0.00000E+00 0.00000E+00
 0.00000E+00 0.00000E+00 0.00000E+00 0.00000E+00 0.00000E+00 0.00000E+00 0.00000E+00 0.00000E+00
 0.00000E+00 0.00000E+00 0.00000E+00 0.00000E+00 0.00000E+00 0.00000E+00 0.00000E+00 0.00000E+00
 0.00000E+00 0.00000E+00 0.00000E+00 0.00000E+00 0.00000E+00 0.00000E+00 0.00000E+00 0.00000E+00
 0.00000E+00 0.00000E+00 0.00000E+00 0.00000E+00 0.00000E+00 0.00000E+00 0.00000E+00 0.00000E+00
 0.00000E+00 0.00000E+00 0.00000E+00 0.00000E+00 0.00000E+00 0.00000E+00 0.00000E+00 0.00000E+00
 0.00000E+00 0.00000E+00 0.00000E+00 0.00000E+00 0.00000E+00 0.00000E+00 0.00000E+00 0.00000E+00
 0.00000E+00 0.00000E+00 0.00000E+00 0.00000E+00 0.00000E+00 0.00000E+00 0.00000E+00 0.00000E+00
 0.00000E+00 0.00000E+00 0.00000E+00 0.00000E+00 0.00000E+00 0.00000E+00 0.00000E+00 0.00000E+00
 0.00000E+00 0.00000E+00 0.00000E+00 0.00000E+00 0.00000E+00 0.00000E+00 0.00000E+00 0.00000E+00
 0.00000E+00 0.00000E+00 0.00000E+00 0.00000E+00 0.00000E+00 0.00000E+00 0.00000E+00 0.00000E+00
 0.00000E+00 0.00000E+00 0.00000E+00 0.00000E+00 0.00000E+00 0.00000E+00 0.00000E+00 0.00000E+00
 0.00000E+00 0.00000E+00 0.00000E+00 0.00000E+00 0.00000E+00 0.00000E+00 0.00000E+00 0.00000E+00
 0.00000E+00 0.00000E+00 0.00000E+00 0.00000E+00 0.00000E+00 0.00000E+00 0.00000E+00 0.00000E+00
 0.00000E+00 0.00000E+00 0.00000E+00 0.00000E+00 0.00000E+00 0.00000E+00 0.00000E+00 0.00000E+00
 0.00000E+00 0.00000E+00 0.00000E+00 0.00000E+00 0.00000E+00 0.00000E+00 0.00000E+00 0.00000E+00
 0.00000E+00 0.00000E+00 0.00000E+00 0.00000E+00 0.00000E+00 0.00000E+00 0.00000E+00 0.00000E+00
 0.00000E+00 0.00000E+00 0.00000E+00 0.00000E+00 0.00000E+00 0.00000E+00 0.00000E+00 0.00000E+00
 0.00000E+00 0.00000E+00 0.00000E+00 0.00000E+00 0.00000E+00 0.00000E+00 0.00000E+00 0.00000E+00
 1.86605E-05 1.86605E-05 1.86605E-05 1.86605E-05 1.86605E-05 1.86605E-05 1.86605E-05 1.86605E-05
 1.86605E-05 1.86605E-05 1.86605E-05 1.86605E-05 1.86605E-05 1.86605E-05 1.86605E-05 1.86605E-05
 1.82889E-05 1.75150E-05 1.65451E-05 1.53327E-05 1.40645E-05 1.28265E-05 1.15833E-05 1.03892E-05
 1.00000E-05 1.00000E-05 1.00000E-05 1.00000E-05 1.00000E-05 1.00000E-05 1.00000E-05 1.00000E-05
 1.00000E-05 1.00000E-05 1.00000E-05 1.00000E-05 1.00000E-05 1.00000E-05 1.00000E-05 1.00000E-05
 1.00000E-05 1.00000E-05 1.00000E-05 1.00000E-05 1.00000E-05 1.00000E-05 1.00000E-05 1.00000E-05
 1.00000E-05 1.00000E-05 1.00000E-05 1.00000E-05 1.00000E-05 1.00000E-05 1.00000E-05 1.00000E-05
 1.00000E-05 1.00000E-05 1.00000E-05 1.00000E-05 1.00000E-05 1.00000E-05 1.00000E-05 1.00000E-05
 1.00000E-05 1.00000E-05 1.00000E-05 1.00000E-05 1.00000E-05 1.00000E-05 1.00000E-05 1.00000E-05
 1.00000E-05 1.00000E-05 1.00000E-05 1.00000E-05 1.00000E-05 1.00000E-05 1.00000E-05 1.00000E-05
 1.00000E-05 1.00000E-05 1.00000E-05 1.00000E-05 1.00000E-05 1.00000E-05 1.00000E-05 1.00000E-05
 1.00000E-05 1.00000E-05 1.00000E-05 1.00000E-05 1.00000E-05 1.00000E-05 1.00000E-05 1.00000E-05
 1.00000E-05 1.00000E-05 1.00000E-05 1.00000E-05 0.00000E+00 0.00000E+00 0.00000E+00 0.00000E+00
 0.00000E+00 0.00000E+00 0.00000E+00 0.00000E+00 0.00000E+00 0.00000E+00 0.00000E+00 0.00000E+00
 0.00000E+00 0.00000E+00 0.00000E+00 0.00000E+00 0.00000E+00 0.00000E+00 0.00000E+00 0.00000E+00
 0.00000E+00 0.00000E+00 0.00000E+00 0.00000E+00 0.00000E+00 0.00000E+00 0.00000E+00 0.00000E+00
 0.00000E+00 0.00000E+00 0.00000E+00 0.00000E+00 0.00000E+00 0.00000E+00 0.00000E+00 0.00000E+00
 0.00000E+00 0.00000E+00 0.00000E+00 0.00000E+00 0.00000E+00 0.00000E+00 0.00000E+00 0.00000E+00
 0.00000E+00 0.00000E+00 0.00000E+00 0.00000E+00 0.00000E+00 0.00000E+00 0.00000E+00 0.00000E+00
 0.00000E+00 0.00000E+00 0.00000E+00 0.00000E+00 0.00000E+00 0.00000E+00 0.00000E+00 0.00000E+00
 0.00000E+00 0.00000E+00 0.00000E+00 0.00000E+00 0.00000E+00 0.00000E+00 0.00000E+00 0.00000E+00
 0.00000E+00 0.00000E+00 0.00000E+00 0.00000E+00 0.00000E+00 0.00000E+00 0.00000E+00 0.00000E+00
 0.00000E+00 0.00000E+00 0.00000E+00 0.00000E+00 0.00000E+00 0.00000E+00 0.00000E+00 0.00000E+00
 0.00000E+00 0.00000E+00 0.00000E+00 0.00000E+00 0.00000E+00 0.00000E+00 0.00000E+00 0.00000E+00
 0.00000E+00 0.00000E+00 0.00000E+00 0.00000E+00 0.00000E+00 0.00000E+00 0.00000E+00 0.00000E+00
 0.00000E+00 0.00000E+00 0.00000E+00 0.00000E+00 0.00000E+00 0.00000E+00 0.00000E+00 0.00000E+00
 0.00000E+00 0.00000E+00 0.00000E+00 0.00000E+00 0.00000E+00 0.00000E+00 0.00000E+00 0.00000E+00
 0.00000E+00 0.00000E+00 0.00000E+00 0.00000E+00 0.00000E+00 0.00000E+00 0.00000E+00 0.00000E+00
 0.00000E+00 0.00000E+00 0.00000E+00 0.00000E+00 0.00000E+00 0.00000E+00 0.00000E+00 0.00000E+00
 0.00000E+00 0.00000E+00 0.00000E+00 0.00000E+00 0.00000E+00 0.00000E+00 0.00000E+00 0.00000E+00
 0.00000E+00 0.00000E+00 0.00000E+00 0.00000E+00 0.00000E+00 0.00000E+00 0.00000E+00 0.00000E+00
 0.00000E+00 0.00000E+00 0.00000E+00 0.00000E+00 0.00000E+00 0.00000E+00 0.00000E+00 0.00000E+00
 0.00000E+00 0.00000E+00 0.00000E+00 0.00000E+00 0.00000E+00 0.00000E+00 0.00000E+00 0.00000E+00
 0.00000E+00 0.00000E+00 0.00000E+00 0.00000E+00 0.00000E+00 0.00000E+00 0.00000E+00 0.00000E+00
 0.00000E+00 0.00000E+00 0.00000E+00 0.00000E+00 0.00000E+00 0.00000E+00 0.00000E+00 0.00000E+00
 0.00000E+00 0.00000E+00 0.00000E+00 0.00000E+00 0.00000E+00 0.00000E+00 0.00000E+00 0.00000E+00
 0.00000E+00 0.00000E+00 0.00000E+00 0.00000E+00 0.00000E+00 0.00000E+00 0.00000E+00 0.00000E+00
 0.00000E+00 0.00000E+00 0.00000E+00 0.00000E+00
