 2.01252E-10 1.59572E-16 1.12717E-02 6.80694E-14 1.44405E-11 1.55229E-09 1.56574E-08 3.20154E-20
 7.38551E-07 2.01459E-06 1.07608E-07 1.21898E-09 8.36390E-12 1.84678E-07 3.85531E-12 8.64843E-12
 2.92571E-14 7.16980E-11 2.53699E-13 4.60631E-15 2.94282E-17 1.33539E-22 6.28362E-10 2.34488E-13
 8.45071E-18 1.57345E-14 9.22925E-12 3.75904E-13 1.91061E-12 7.05506E-18 1.46841E-19 2.67549E-11
 2.21691E-12 1.04525E-13 2.07705E-10 2.24307E-16 7.24779E-03 8.21921E-14 1.45481E-11 1.58475E-09
 1.89502E-08 3.56397E-20 7.39047E-07 2.00763E-06 9.59190E-08 1.20072E-09 8.10425E-12 1.84629E-07
 4.83832E-12 1.00001E-11 3.96000E-14 1.09206E-10 6.53052E-13 5.43354E-15 6.26801E-17 3.59095E-22
 6.14385E-10 2.67389E-13 1.21397E-17 1.91579E-14 1.33064E-11 4.84857E-13 1.95242E-12 7.71390E-18
 2.30094E-19 4.58044E-11 4.38180E-12 1.22445E-13 2.04664E-10 3.25859E-16 4.50531E-03 9.82257E-14
 1.43842E-11 1.53829E-09 2.37070E-08 3.94580E-20 7.39617E-07 2.00163E-06 8.59089E-08 1.10198E-09
 7.59075E-12 1.84576E-07 6.06927E-12 1.16963E-11 5.28379E-14 1.56959E-10 1.73584E-12 6.71743E-15
 1.46410E-16 1.08231E-21 6.02156E-10 3.06024E-13 1.68910E-17 2.43182E-14 1.79604E-11 6.14183E-13
 2.02224E-12 8.21494E-18 3.46920E-19 6.20742E-11 6.78486E-12 1.34663E-13 1.91707E-10 4.71702E-16
 2.58914E-03 1.12293E-13 1.36684E-11 1.38367E-09 2.95914E-08 4.20987E-20 7.40195E-07 1.99655E-06
 7.73876E-08 9.27192E-10 6.64131E-12 1.84517E-07 7.71239E-12 1.36348E-11 6.81016E-14 2.04755E-10
 4.57049E-12 8.05858E-15 3.57553E-16 3.32936E-21 5.91680E-10 3.40160E-13 2.25311E-17 3.06937E-14
 2.22547E-11 7.71768E-13 2.14743E-12 8.53518E-18 5.14382E-19 7.68112E-11 9.11392E-12 1.49110E-13
 1.77926E-10 6.93165E-16 1.73405E-03 1.34725E-13 1.33506E-11 1.18582E-09 3.61681E-08 4.83274E-20
 7.40723E-07 1.99226E-06 7.00994E-08 7.48678E-10 6.09751E-12 1.84452E-07 9.69419E-12 1.60115E-11
 8.87254E-14 2.47529E-10 9.38559E-12 9.73426E-15 7.56885E-16 8.69821E-21 5.82807E-10 3.88092E-13
 3.01497E-17 3.98820E-14 2.59938E-11 9.55362E-13 2.31328E-12 9.50018E-18 7.69088E-19 9.08302E-11
 1.14725E-11 1.66428E-13 1.55922E-10 9.78252E-16 1.04249E-03 1.51061E-13 1.23237E-11 9.60177E-10
 4.31791E-08 5.17732E-20 7.41190E-07 1.98877E-06 6.39740E-08 5.68055E-10 5.14154E-12 1.84379E-07
 1.19151E-11 1.76623E-11 1.06506E-13 2.78178E-10 2.00134E-11 1.05946E-14 1.51075E-15 2.38606E-20
 5.75610E-10 4.09633E-13 3.81054E-17 4.92802E-14 2.90603E-11 1.09175E-12 2.60367E-12 1.05063E-17
 1.16505E-18 1.05206E-10 1.33695E-11 1.91393E-13 1.24541E-10 1.32402E-15 5.55143E-04 1.53583E-13
 1.06628E-11 7.35261E-10 5.02930E-08 5.02814E-20 7.41578E-07 1.98602E-06 5.89235E-08 4.08241E-10
 4.03854E-12 1.84298E-07 1.32093E-11 1.68312E-11 1.05597E-13 2.92702E-10 3.80625E-11 1.01229E-14
 2.57815E-15 7.51855E-20 5.70015E-10 4.08002E-13 4.46530E-17 6.00535E-14 3.15149E-11 1.11326E-12
 3.07252E-12 1.12864E-17 1.74553E-18 1.20030E-10 1.43098E-11 2.27313E-13 9.41880E-11 1.76218E-15
 2.85627E-04 1.49633E-13 8.95635E-12 5.37842E-10 5.74641E-08 4.72826E-20 7.41874E-07 1.98381E-06
 5.47723E-08 2.80376E-10 3.07236E-12 1.84207E-07 1.40563E-11 1.50752E-11 9.59999E-14 2.96811E-10
 5.58758E-11 9.14650E-15 4.03360E-15 2.37284E-19 5.65711E-10 3.87860E-13 5.03480E-17 7.17706E-14
 3.35628E-11 1.05558E-12 3.64327E-12 1.18564E-17 2.53906E-18 1.33096E-10 1.43361E-11 2.68269E-13
 7.08992E-11 2.32317E-15 1.41567E-04 1.49513E-13 7.34998E-12 3.76268E-10 6.48085E-08 4.60107E-20
 7.42079E-07 1.98196E-06 5.13452E-08 1.79726E-10 2.20593E-12 1.84106E-07 1.65163E-11 1.46446E-11
 9.84179E-14 2.98484E-10 6.53371E-11 8.41931E-15 7.37451E-15 6.70463E-19 5.62369E-10 3.36066E-13
 5.80278E-17 7.95636E-14 3.53984E-11 9.96513E-13 4.07984E-12 1.21877E-17 3.61077E-18 1.39845E-10
 1.37852E-11 2.96298E-13 5.01537E-11 2.78155E-15 3.84767E-05 1.52993E-13 5.23109E-12 2.46125E-10
 7.26724E-08 4.36458E-20 7.42208E-07 1.98027E-06 4.84117E-08 1.00031E-10 1.18221E-12 1.83988E-07
 2.35873E-11 1.54773E-11 1.32897E-13 3.01423E-10 6.27944E-11 8.15264E-15 2.37891E-14 3.17184E-18
 5.59631E-10 2.45854E-13 7.42591E-17 7.76138E-14 3.72335E-11 9.77335E-13 3.95993E-12 1.13412E-17
 5.64095E-18 1.33810E-10 1.27639E-11 2.79477E-13 3.06549E-11 3.15447E-15 5.42904E-06 1.64073E-13
 3.18706E-12 1.38951E-10 8.34967E-08 4.12738E-20 7.42272E-07 1.97806E-06 4.52601E-08 4.35106E-11
 4.72425E-13 1.83803E-07 3.72576E-11 1.64056E-11 2.18149E-13 3.07998E-10 4.73333E-11 8.81521E-15
 6.77383E-14 1.78083E-17 5.56548E-10 1.62441E-13 1.07670E-16 7.36705E-14 3.97619E-11 1.00367E-12
 1.84996E-12 5.30143E-18 6.26217E-18 9.67232E-11 1.03158E-11 1.41346E-13 2.19690E-11 5.42642E-15
 3.69665E-06 1.53922E-13 2.30989E-12 6.30079E-11 1.04259E-07 4.04433E-20 7.42214E-07 1.97363E-06
 4.11568E-08 1.66105E-11 3.38878E-13 1.83387E-07 4.64466E-11 2.00876E-11 1.98615E-13 3.31365E-10
 3.65244E-11 7.65002E-15 7.87885E-14 1.70773E-17 5.51252E-10 1.09300E-13 1.15892E-16 8.13441E-14
 4.50858E-11 1.01978E-12 7.04554E-13 1.55456E-18 2.37889E-18 6.31942E-11 5.83636E-12 5.44968E-14
 1.68660E-11 1.06397E-14 3.71652E-06 1.40923E-13 1.74077E-12 2.42288E-11 1.48485E-07 3.73530E-20
 7.41796E-07 1.96384E-06 3.56885E-08 6.61107E-12 2.66103E-13 1.82391E-07 5.37289E-11 2.66951E-11
 1.62873E-13 3.82654E-10 3.15874E-11 7.69506E-15 9.31298E-14 2.48295E-17 5.41186E-10 9.48173E-14
 1.27759E-16 1.11137E-13 5.47873E-11 1.36569E-12 2.01234E-13 2.94410E-19 7.71803E-19 3.51481E-11
 2.44431E-12 1.51487E-14 1.46625E-11 2.32022E-14 3.75675E-06 1.42711E-13 1.54558E-12 1.18492E-11
 2.35265E-07 3.64944E-20 7.40516E-07 1.94419E-06 2.92115E-08 3.93428E-12 2.45577E-13 1.80269E-07
 5.94247E-11 3.87695E-11 1.40667E-13 4.89291E-10 3.35187E-11 1.07225E-14 1.61753E-13 6.62013E-17
 5.23424E-10 1.32153E-13 1.66403E-16 2.06182E-13 7.10687E-11 2.70679E-12 4.16132E-14 4.00549E-20
 3.02996E-19 1.61293E-11 8.91581E-13 2.86295E-15 1.40290E-11 5.14668E-14 3.82485E-06 1.58435E-13
 1.59009E-12 9.25749E-12 3.79108E-07 3.80459E-20 7.37752E-07 1.91121E-06 2.29358E-08 3.35951E-12
 2.47970E-13 1.76546E-07 6.61201E-11 5.85166E-11 1.33443E-13 6.72449E-10 4.13906E-11 1.88258E-14
 3.65687E-13 2.24331E-16 4.96831E-10 2.41901E-13 2.43564E-16 4.32444E-13 9.37267E-11 6.29407E-12
 6.51986E-15 4.41647E-21 1.60232E-19 6.25694E-12 3.05031E-13 3.77915E-16 1.40915E-11 1.08856E-13
 3.92213E-06 1.84696E-13 1.79326E-12 9.69608E-12 5.82211E-07 4.20647E-20 7.33053E-07 1.86447E-06
 1.79590E-08 3.36623E-12 2.55877E-13 1.71077E-07 7.56328E-11 8.71959E-11 1.36093E-13 9.32535E-10
 5.43520E-11 3.45782E-14 8.49906E-13 6.90620E-16 4.62891E-10 4.64716E-13 3.67296E-16 8.66938E-13
 1.19488E-10 1.37971E-11 8.47004E-16 4.42293E-22 9.61319E-20 2.18868E-12 9.99247E-14 3.86346E-17
 1.71822E-11 2.37871E-13 4.04976E-06 2.37815E-13 2.62911E-12 1.51267E-11 8.47501E-07 5.72591E-20
 7.25988E-07 1.80356E-06 1.45019E-08 5.21202E-12 3.68883E-13 1.63738E-07 7.88428E-11 1.24457E-10
 1.30430E-13 1.26994E-09 7.97747E-11 6.64154E-14 1.90655E-12 1.70173E-15 4.22746E-10 1.11479E-12
 5.32683E-16 1.81246E-12 1.44330E-10 2.74794E-11 9.18626E-17 4.22319E-23 4.75910E-20 7.12899E-13
 3.17866E-14 3.19697E-18 1.80672E-11 4.52644E-13 4.20277E-06 2.95329E-13 3.27691E-12 1.98243E-11
 1.17590E-06 7.33659E-20 7.16383E-07 1.73109E-06 1.22670E-08 5.87548E-12 3.92168E-13 1.54741E-07
 9.18468E-11 1.72069E-10 1.43712E-13 1.65908E-09 1.03507E-10 1.10154E-13 3.67683E-12 3.94528E-15
 3.79634E-10 2.04475E-12 7.77868E-16 3.13177E-12 1.64420E-10 4.82186E-11 8.91703E-18 3.71996E-24
 2.71994E-20 2.22661E-13 9.93097E-15 2.35076E-19 2.12874E-11 8.74551E-13 4.37609E-06 3.92538E-13
 4.71746E-12 3.13612E-11 1.56455E-06 1.11000E-19 7.04283E-07 1.64959E-06 1.09673E-08 8.40439E-12
 5.16565E-13 1.44370E-07 1.00021E-10 2.27395E-10 1.51057E-13 2.08112E-09 1.36670E-10 1.77787E-13
 6.40829E-12 7.35358E-15 3.35602E-10 4.11719E-12 1.08272E-15 5.42612E-12 1.76225E-10 7.60366E-11
 7.77773E-19 3.25510E-25 1.36961E-20 6.83689E-14 3.15189E-15 1.58758E-20 2.30563E-11 1.54751E-12
 4.56273E-06 5.18230E-13 6.22693E-12 4.48983E-11 2.02018E-06 1.62581E-19 6.89906E-07 1.56248E-06
 1.01442E-08 9.98028E-12 5.73811E-13 1.33028E-07 1.15877E-10 2.91919E-10 1.75255E-13 2.50636E-09
 1.65924E-10 2.56621E-13 9.85263E-12 1.35911E-14 2.92982E-10 7.12223E-12 1.50557E-15 8.35270E-12
 1.78879E-10 1.10016E-10 6.23395E-20 2.72211E-26 7.59540E-21 2.06908E-14 1.04536E-15 1.02155E-21
 2.52707E-11 2.66420E-12 4.75419E-06 7.03492E-13 8.37026E-12 6.58239E-11 2.53228E-06 2.50548E-19
 6.73820E-07 1.47377E-06 9.62996E-09 1.19403E-11 6.45495E-13 1.21281E-07 1.35147E-10 3.66133E-10
 2.09869E-13 2.90415E-09 1.95019E-10 3.47518E-13 1.37524E-11 2.22844E-14 2.53553E-10 1.18433E-11
 2.05447E-15 1.21535E-11 1.73397E-10 1.46339E-10 4.65763E-21 2.25973E-27 4.23304E-21 6.28834E-15
 3.98773E-16 6.39065E-23 2.87007E-11 4.57094E-12 4.94758E-06 9.83700E-13 1.16863E-11 1.00561E-10
 3.09360E-06 4.14990E-19 6.56251E-07 1.38478E-06 9.33018E-09 1.50181E-11 7.67534E-13 1.09379E-07
 1.57209E-10 4.55426E-10 2.53394E-13 3.25594E-09 2.26145E-10 4.53160E-13 1.79483E-11 3.13412E-14
 2.17560E-10 1.93027E-11 2.74609E-15 1.70181E-11 1.62596E-10 1.80734E-10 3.20203E-22 1.82785E-28
 2.28294E-21 1.92787E-15 2.82189E-16 3.80869E-24 3.26664E-11 7.69745E-12 5.14091E-06 1.39540E-12
 1.62949E-11 1.51584E-10 3.69710E-06 7.14417E-19 6.37372E-07 1.29644E-06 9.14370E-09 1.84028E-11
 9.03604E-13 9.75330E-08 1.86865E-10 5.66068E-10 3.16333E-13 3.54545E-09 2.55584E-10 5.68021E-13
 2.21400E-11 3.95713E-14 1.85091E-10 2.97803E-11 3.65166E-15 2.26365E-11 1.49347E-10 2.10276E-10
 1.99966E-23 1.40312E-29 1.22578E-21 5.95816E-16 4.56815E-16 2.13328E-25 3.70662E-11 1.27301E-11
 5.33228E-06 2.00026E-12 2.25378E-11 2.22019E-10 4.32556E-06 1.27708E-18 6.17386E-07 1.20961E-06
 9.01153E-09 2.17030E-11 1.04763E-12 8.59682E-08 2.27294E-10 7.03580E-10 4.07832E-13 3.75890E-09
 2.80383E-10 6.89853E-13 2.59555E-11 4.57795E-14 1.56168E-10 4.35860E-11 4.87555E-15 2.88413E-11
 1.36034E-10 2.32418E-10 1.12275E-24 1.01939E-30 6.59180E-22 1.87161E-16 8.65289E-16 1.12197E-26
 4.17552E-11 2.06909E-11 5.52106E-06 2.88978E-12 3.07716E-11 3.12755E-10 4.95459E-06 2.37782E-18
 5.96397E-07 1.12456E-06 8.89918E-09 2.45448E-11 1.19616E-12 7.48427E-08 2.81975E-10 8.71099E-10
 5.40120E-13 3.88885E-09 2.96635E-10 8.16393E-13 2.88789E-11 4.97600E-14 1.30583E-10 6.09471E-11
 6.59146E-15 3.56206E-11 1.24229E-10 2.45583E-10 5.58986E-26 7.82494E-32 3.65302E-22 6.16521E-17
 9.90573E-16 6.18222E-28 4.65450E-11 3.30844E-11 5.70723E-06 4.20085E-12 4.13304E-11 4.20504E-10
 5.55219E-06 4.63302E-18 5.74458E-07 1.04125E-06 8.78618E-09 2.66401E-11 1.34984E-12 6.42867E-08
 3.54547E-10 1.06707E-09 7.29094E-13 3.93382E-09 3.00215E-10 9.43697E-13 3.02839E-11 5.20272E-14
 1.08061E-10 8.21030E-11 9.08334E-15 4.31735E-11 1.14755E-10 2.48783E-10 2.43364E-27 1.41843E-32
 2.33377E-22 2.38962E-17 1.02809E-15 7.95229E-29 5.11657E-11 5.20957E-11 5.89117E-06 6.13726E-12
 5.44258E-11 5.36017E-10 6.08240E-06 9.46809E-18 5.51590E-07 9.59488E-07 8.65815E-09 2.77791E-11
 1.51063E-12 5.44067E-08 4.48781E-10 1.28344E-09 9.95384E-13 3.89744E-09 2.88269E-10 1.06463E-12
 2.96554E-11 5.33331E-14 8.83098E-11 1.07192E-10 1.28120E-14 5.18538E-11 1.07866E-10 2.41563E-10
 9.18851E-29 1.23371E-32 2.14794E-22 1.36483E-17 1.03808E-15 4.87724E-29 5.53068E-11 8.08695E-11
 6.07162E-06 8.99268E-12 6.99738E-11 6.42961E-10 6.50634E-06 2.02426E-17 5.28044E-07 8.79783E-07
 8.50528E-09 2.78357E-11 1.68063E-12 4.53782E-08 5.68480E-10 1.50504E-09 1.36351E-12 3.78469E-09
 2.60642E-10 1.16857E-12 2.68798E-11 5.41555E-14 7.12222E-11 1.35768E-10 1.85251E-14 6.20661E-11
 1.03572E-10 2.24063E-10 3.78088E-30 2.16472E-32 3.01234E-22 1.21733E-17 1.03929E-15 5.98102E-29
 5.86055E-11 1.23952E-10 6.24782E-06 1.31871E-11 8.74720E-11 7.21540E-10 6.79478E-06 4.49541E-17
 5.04050E-07 8.02400E-07 8.31742E-09 2.67780E-11 1.85908E-12 3.73099E-08 7.17175E-10 1.71075E-09
 1.86211E-12 3.60307E-09 2.20702E-10 1.24406E-12 2.24395E-11 5.47455E-14 5.66183E-11 1.66478E-10
 2.74230E-14 7.41812E-11 1.01603E-10 1.97713E-10 1.52772E-30 4.63373E-32 5.13233E-22 1.35298E-17
 1.03765E-15 8.83808E-29 6.07257E-11 1.88109E-10 6.42074E-06 1.93163E-11 1.06042E-10 7.55386E-10
 6.93052E-06 1.02848E-16 4.79639E-07 7.26822E-07 8.08343E-09 2.47176E-11 2.04381E-12 3.01895E-08
 8.97518E-10 1.87732E-09 2.52039E-12 3.36028E-09 1.74483E-10 1.28286E-12 1.72429E-11 5.50165E-14
 4.41794E-11 1.96974E-10 4.14463E-14 8.85140E-11 1.01585E-10 1.65238E-10 2.49627E-30 1.00132E-31
 8.95479E-22 1.58193E-17 1.03507E-15 1.29974E-28 6.14990E-11 2.83275E-10 6.58834E-06 2.82089E-11
 1.24448E-10 7.37066E-10 6.90527E-06 2.40309E-16 4.55313E-07 6.53818E-07 7.80045E-09 2.19089E-11
 2.23268E-12 2.40834E-08 1.11104E-09 1.98196E-09 3.36541E-12 3.06422E-09 1.28559E-10 1.27993E-12
 1.22107E-11 5.47002E-14 3.38073E-11 2.23886E-10 6.37617E-14 1.05200E-10 1.03272E-10 1.30216E-10
 4.01429E-30 2.05669E-31 1.51041E-21 1.83799E-17 1.03220E-15 1.78820E-28 6.09511E-11 4.24192E-10
 6.74787E-06 4.10147E-11 1.41385E-10 6.72066E-10 6.72014E-06 5.69408E-16 4.31748E-07 5.84417E-07
 7.47649E-09 1.86956E-11 2.42442E-12 1.90108E-08 1.35800E-09 2.00755E-09 4.41963E-12 2.72526E-09
 8.82590E-11 1.23523E-12 7.98936E-12 5.34800E-14 2.53860E-11 2.43631E-10 9.96507E-14 1.24177E-10
 1.06631E-10 9.64380E-11 5.95413E-30 3.96410E-31 2.43096E-21 2.09489E-17 1.02930E-15 2.26847E-28
 5.91609E-11 6.31687E-10 6.89900E-06 5.93284E-11 1.55616E-10 5.74811E-10 6.36481E-06 1.35952E-15
 4.09334E-07 5.18563E-07 7.13285E-09 1.53700E-11 2.61135E-12 1.48618E-08 1.63911E-09 1.94447E-09
 5.70521E-12 2.35273E-09 5.63862E-11 1.14989E-12 4.82257E-12 5.10820E-14 1.86395E-11 2.53129E-10
 1.58609E-13 1.45137E-10 1.12314E-10 6.69066E-11 8.21756E-30 7.22697E-31 3.74847E-21 2.34952E-17
 1.02641E-15 2.66658E-28 5.81052E-11 9.53407E-10 7.04059E-06 8.50281E-11 1.67384E-10 4.61618E-10
 5.76855E-06 3.33473E-15 3.88655E-07 4.56518E-07 6.84851E-09 1.25639E-11 2.89878E-12 1.15278E-08
 1.95433E-09 1.81594E-09 7.02333E-12 1.93382E-09 3.34813E-11 1.03548E-12 2.66905E-12 4.38412E-14
 1.33347E-11 2.47283E-10 2.61772E-13 1.68608E-10 1.24136E-10 4.25950E-11 1.10433E-29 1.29609E-30
 5.37395E-21 2.63519E-17 1.02319E-15 2.96166E-28 5.65267E-11 1.43450E-09 7.17006E-06 1.20418E-10
 1.75644E-10 3.55051E-10 5.02333E-06 8.15720E-15 3.70619E-07 3.99084E-07 6.58610E-09 1.00744E-11
 3.21095E-12 8.89896E-09 2.29578E-09 1.60466E-09 8.39755E-12 1.51081E-09 1.84837E-11 8.84980E-13
 1.33553E-12 3.51918E-14 9.29676E-12 2.28291E-10 4.42176E-13 1.91622E-10 1.41522E-10 2.49816E-11
 1.44150E-29 2.26979E-30 7.40628E-21 2.94830E-17 1.01967E-15 3.11648E-28 5.43097E-11 2.14171E-09
 7.28437E-06 1.66318E-10 1.81576E-10 2.70778E-10 4.22918E-06 1.94640E-14 3.56317E-07 3.47232E-07
 6.35066E-09 8.05465E-12 3.51889E-12 6.86366E-09 2.63894E-09 1.33460E-09 9.61274E-12 1.10871E-09
 9.65972E-12 7.13159E-13 6.01268E-13 2.62663E-14 6.34647E-12 1.99832E-10 7.50020E-13 2.10515E-10
 1.65194E-10 1.34569E-11 1.89163E-29 3.94645E-30 1.00100E-20 3.32682E-17 1.01549E-15 3.19558E-28
 5.16846E-11 3.14209E-09 7.38058E-06 2.19159E-10 1.87121E-10 2.12829E-10 3.48823E-06 4.37582E-14
 3.46858E-07 3.01886E-07 6.18739E-09 6.60502E-12 3.80314E-12 5.31649E-09 2.94034E-09 1.05075E-09
 1.02097E-11 7.54116E-10 4.94086E-12 5.40204E-13 2.44824E-13 1.78855E-14 4.28873E-12 1.66541E-10
 1.23681E-12 2.21101E-10 1.96193E-10 6.67592E-12 2.60676E-29 6.94572E-30 1.35376E-20 3.85822E-17
 1.00976E-15 3.34147E-28 4.88164E-11 4.48669E-09 7.45805E-06 2.72395E-10 1.93858E-10 1.76220E-10
 2.86761E-06 9.04650E-14 3.43022E-07 2.62969E-07 6.13193E-09 5.66487E-12 4.05681E-12 4.14336E-09
 3.15278E-09 7.92665E-10 9.87594E-12 4.75409E-10 2.54570E-12 3.86985E-13 9.19383E-14 1.10569E-14
 2.89546E-12 1.33272E-10 1.92370E-12 2.20895E-10 2.33898E-10 3.09091E-12 3.84011E-29 1.24212E-29
 1.85849E-20 4.65025E-17 1.00141E-15 3.67440E-28 4.58329E-11 6.22059E-09 7.51722E-06 3.21211E-10
 2.02238E-10 1.53212E-10 2.37792E-06 1.72163E-13 3.45387E-07 2.29962E-07 6.19830E-09 5.08361E-12
 4.28777E-12 3.25077E-09 3.25854E-09 5.81289E-10 8.76532E-12 2.82068E-10 1.33677E-12 2.66271E-13
 3.27894E-14 6.26380E-15 1.96708E-12 1.03199E-10 2.79117E-12 2.10473E-10 2.76122E-10 1.36077E-12
 5.94561E-29 2.22852E-29 2.59416E-20 5.80678E-17 9.89392E-16 4.24942E-28 4.28471E-11 8.39270E-09
 7.55879E-06 3.64193E-10 2.11933E-10 1.37878E-10 1.99754E-06 3.05981E-13 3.54307E-07 2.02361E-07
 6.38874E-09 4.71959E-12 4.50454E-12 2.57271E-09 3.27447E-09 4.20068E-10 7.29779E-12 1.61011E-10
 7.16352E-13 1.78990E-13 1.14329E-14 3.29879E-15 1.35545E-12 7.77181E-11 3.79210E-12 1.92397E-10
 3.20007E-10 5.80093E-13 9.35715E-29 3.93159E-29 3.65131E-20 7.41265E-17 9.72872E-16 5.07326E-28
 3.99021E-11 1.10539E-08 7.58423E-06 4.01884E-10 2.22447E-10 1.26686E-10 1.69750E-06 5.15642E-13
 3.70033E-07 1.79308E-07 6.70424E-09 4.47328E-12 4.70873E-12 2.05337E-09 3.22877E-09 3.02178E-10
 5.82025E-12 8.99990E-11 3.90821E-13 1.18920E-13 3.97083E-15 1.63179E-15 9.50126E-13 5.70975E-11
 4.86692E-12 1.69748E-10 3.62881E-10 2.42501E-13 1.45525E-28 6.71543E-29 5.12830E-20 9.54225E-17
 9.51098E-16 6.13683E-28 3.70087E-11 1.42528E-08 7.59488E-06 4.35527E-10 2.33479E-10 1.17840E-10
 1.45485E-06 8.33894E-13 3.92842E-07 1.59979E-07 7.15047E-09 4.28511E-12 4.89749E-12 1.65133E-09
 3.14631E-09 2.17887E-10 4.51793E-12 4.98955E-11 2.16711E-13 7.86572E-14 1.38926E-15 7.65101E-16
 6.77854E-13 4.10710E-11 5.95364E-12 1.45351E-10 4.02570E-10 1.00336E-13 2.19476E-28 1.09928E-28
 7.12165E-20 1.22438E-16 9.23588E-16 7.42177E-28 3.41794E-11 1.80218E-08 7.59184E-06 4.66595E-10
 2.45006E-10 1.10598E-10 1.25445E-06 1.30472E-12 4.22761E-07 1.43837E-07 7.73436E-09 4.12261E-12
 5.06368E-12 1.33971E-09 3.04596E-09 1.58284E-10 3.45812E-12 2.77529E-11 1.22290E-13 5.20709E-14
 4.94262E-16 3.45533E-16 4.93549E-13 2.91114E-11 6.99691E-12 1.21490E-10 4.37529E-10 4.15107E-14
 3.17128E-28 1.71216E-28 9.71250E-20 1.54920E-16 8.90597E-16 8.90220E-28 3.15076E-11 2.24002E-08
 7.57631E-06 4.96458E-10 2.57224E-10 1.04533E-10 1.08438E-06 1.99024E-12 4.59588E-07 1.30409E-07
 8.46434E-09 3.97735E-12 5.21891E-12 1.09835E-09 2.93982E-09 1.16227E-10 2.62801E-12 1.55889E-11
 7.02083E-14 3.45908E-14 1.79400E-16 1.50434E-16 3.67751E-13 2.03988E-11 7.95633E-12 9.95088E-11
 4.67357E-10 1.72336E-14 4.37200E-28 2.53391E-28 1.29067E-19 1.91926E-16 8.53074E-16 1.05489E-27
 2.89852E-11 2.73896E-08 7.54919E-06 5.26505E-10 2.70512E-10 9.95604E-11 9.37305E-07 2.97336E-12
 5.03584E-07 1.19099E-07 9.35131E-09 3.84069E-12 5.36000E-12 9.08761E-10 2.83250E-09 8.63857E-11
 1.99330E-12 8.87611E-12 4.10274E-14 2.30868E-14 6.65029E-17 6.37130E-17 2.79849E-13 1.42094E-11
 8.80530E-12 8.02016E-11 4.92047E-10 7.21178E-15 5.77672E-28 3.58221E-28 1.67142E-19 2.32483E-16
 8.11991E-16 1.23996E-27 2.66244E-11 3.29654E-08 7.51092E-06 5.58211E-10 2.85437E-10 9.57131E-11
 8.08227E-07 4.36747E-12 5.55227E-07 1.09429E-07 1.04080E-08 3.71011E-12 5.48640E-12 7.57509E-10
 2.72567E-09 6.50341E-11 1.51408E-12 5.13560E-12 2.44135E-14 1.54903E-14 2.51771E-17 2.64119E-17
 2.16875E-13 9.88806E-12 9.53171E-12 6.38222E-11 5.12035E-10 3.05114E-15 7.37479E-28 4.87582E-28
 2.11185E-19 2.75493E-16 7.68443E-16 1.45354E-27 2.44859E-11 3.90892E-08 7.46227E-06 5.93237E-10
 3.02759E-10 9.30955E-11 6.93768E-07 6.33284E-12 6.14289E-07 1.01152E-07 1.16326E-08 3.59048E-12
 5.60847E-12 6.36745E-10 2.62135E-09 4.96495E-11 1.15487E-12 3.03200E-12 1.48109E-14 1.04600E-14
 9.74916E-18 1.07298E-17 1.71317E-13 6.90142E-12 1.01370E-11 5.02753E-11 5.27958E-10 1.30820E-15
 9.16411E-28 6.43250E-28 2.60053E-19 3.19206E-16 7.24187E-16 1.70304E-27 2.25525E-11 4.56600E-08
 7.40349E-06 6.33508E-10 3.23384E-10 9.20619E-11 5.92900E-07 9.08119E-12 6.81074E-07 9.39873E-08
 1.30282E-08 3.47599E-12 5.71429E-12 5.39245E-10 2.51927E-09 3.84772E-11 8.88355E-13 1.83792E-12
 9.20043E-15 7.12396E-15 3.87969E-18 4.36498E-18 1.37755E-13 4.87520E-12 1.06454E-11 3.94158E-11
 5.40319E-10 5.73516E-16 1.11983E-27 8.29433E-28 3.13859E-19 3.62382E-16 6.80463E-16 2.00692E-27
 2.05233E-11 5.20258E-08 7.33450E-06 6.81411E-10 3.47845E-10 9.39653E-11 5.12778E-07 1.26665E-11
 7.56098E-07 8.77018E-08 1.46053E-08 3.31369E-12 5.60861E-12 4.59502E-10 2.41856E-09 3.03708E-11
 7.08418E-13 1.17692E-12 6.06236E-15 4.96365E-15 1.65878E-18 2.20123E-18 1.12592E-13 3.67029E-12
 1.11704E-11 3.16920E-11 5.48698E-10 2.76178E-16 1.36556E-27 1.05353E-27 3.89005E-19 4.04075E-16
 6.38196E-16 2.47415E-27 1.86291E-11 5.82755E-08 7.25604E-06 7.38024E-10 3.76900E-10 9.82791E-11
 4.45025E-07 1.74021E-11 8.38938E-07 8.21558E-08 1.64166E-08 3.13511E-12 5.39284E-12 3.94202E-10
 2.32024E-09 2.44208E-11 5.77666E-13 7.89594E-13 4.17949E-15 3.52365E-15 7.50909E-19 1.24805E-18
 9.35606E-14 2.88000E-12 1.17209E-11 2.58554E-11 5.54743E-10 1.41799E-16 1.66745E-27 1.32650E-27
 4.86177E-19 4.43607E-16 5.98067E-16 3.14617E-27 1.70232E-11 6.46068E-08 7.16865E-06 8.04449E-10
 4.11562E-10 1.04384E-10 3.83250E-07 2.38362E-11 9.29395E-07 7.72012E-08 1.85513E-08 2.97043E-12
 5.17875E-12 3.40423E-10 2.22470E-09 2.00086E-11 4.73854E-13 5.45756E-13 2.95704E-15 2.53257E-15
 3.51293E-19 7.02139E-19 7.89686E-14 2.28434E-12 1.22442E-11 2.10408E-11 5.59594E-10 7.44443E-17
 2.04165E-27 1.66412E-27 5.99064E-19 4.80802E-16 5.60258E-16 4.03827E-27 1.56510E-11 7.09737E-08
 7.07326E-06 8.82077E-10 4.52579E-10 1.12510E-10 3.27713E-07 3.25692E-11 1.02676E-06 7.27442E-08
 2.10985E-08 2.81431E-12 4.96484E-12 2.96093E-10 2.13248E-09 1.67397E-11 3.90963E-13 3.89012E-13
 2.15021E-15 1.84790E-15 1.70453E-19 3.92447E-19 6.77108E-14 1.83052E-12 1.27484E-11 1.70918E-11
 5.63453E-10 4.00246E-17 2.50911E-27 2.08307E-27 7.28991E-19 5.15315E-16 5.25117E-16 5.21794E-27
 1.42334E-11 7.67303E-08 6.97156E-06 9.71485E-10 4.99175E-10 1.23984E-10 2.83829E-07 4.36036E-11
 1.12954E-06 6.87347E-08 2.41428E-08 2.62457E-12 4.59459E-12 2.59752E-10 2.04446E-09 1.43745E-11
 3.32343E-13 2.93310E-13 1.65550E-15 1.39371E-15 9.01884E-20 2.61607E-19 5.90526E-14 1.54736E-12
 1.33547E-11 1.42535E-11 5.65926E-10 2.35946E-17 3.09906E-27 2.59685E-27 9.15259E-19 5.46632E-16
 4.93123E-16 7.02791E-27 1.28110E-11 8.21078E-08 6.86464E-06 1.07345E-09 5.51681E-10 1.38766E-10
 2.48036E-07 5.76367E-11 1.23685E-06 6.50897E-08 2.78364E-08 2.41509E-12 4.13926E-12 2.29899E-10
 1.96102E-09 1.26572E-11 2.88378E-13 2.32262E-13 1.33268E-15 1.08311E-15 5.15227E-20 1.91471E-19
 5.23502E-14 1.35535E-12 1.40395E-11 1.20844E-11 5.67560E-10 1.49102E-17 3.83197E-27 3.22348E-27
 1.17423E-18 5.74849E-16 4.64163E-16 9.75687E-27 1.15156E-11 8.76685E-08 6.75237E-06 1.18931E-09
 6.11393E-10 1.56201E-10 2.15979E-07 7.63141E-11 1.34901E-06 6.17000E-08 3.24201E-08 2.21258E-12
 3.71294E-12 2.05068E-10 1.88181E-09 1.13776E-11 2.50508E-13 1.88868E-13 1.09454E-15 8.56441E-16
 3.06054E-20 1.33473E-19 4.70642E-14 1.18585E-12 1.47076E-11 1.01918E-11 5.68909E-10 9.56895E-18
 4.72692E-27 3.98863E-27 1.49700E-18 6.00491E-16 4.37716E-16 1.35792E-26 1.03350E-11 9.35048E-08
 6.63430E-06 1.31990E-09 6.78627E-10 1.76407E-10 1.87581E-07 1.01208E-10 1.46658E-06 5.84761E-08
 3.81977E-08 2.01751E-12 3.31272E-12 1.84139E-10 1.80635E-09 1.04139E-11 2.17590E-13 1.56544E-13
 9.13695E-16 6.87709E-16 1.87656E-20 8.84923E-20 4.28176E-14 1.03236E-12 1.53364E-11 8.54026E-12
 5.70038E-10 6.19875E-18 5.81023E-27 4.91768E-27 1.89911E-18 6.23960E-16 4.13360E-16 1.89176E-26
 9.28908E-12 9.97430E-08 6.51141E-06 1.46671E-09 7.54015E-10 1.99684E-10 1.62659E-07 1.34538E-10
 1.58868E-06 5.53862E-08 4.54626E-08 1.83039E-12 2.93915E-12 1.66506E-10 1.73515E-09 9.68182E-12
 1.88979E-13 1.31861E-13 7.73443E-16 5.59767E-16 1.18273E-20 5.59800E-20 3.93909E-14 8.93196E-13
 1.59196E-11 7.10965E-12 5.70977E-10 4.04135E-18 7.10889E-27 6.03720E-27 2.39786E-18 6.45277E-16
 3.91060E-16 2.63393E-26 8.44657E-12 1.06456E-07 6.38498E-06 1.63275E-09 8.38966E-10 2.26698E-10
 1.40859E-07 1.79426E-10 1.71411E-06 5.24131E-08 5.45172E-08 1.65261E-12 2.59298E-12 1.51690E-10
 1.66879E-09 9.12763E-12 1.64273E-13 1.12788E-13 6.63305E-16 4.61184E-16 7.64107E-21 3.39696E-20
 3.66208E-14 7.68357E-13 1.64541E-11 5.88062E-12 5.71747E-10 2.64773E-18 8.66757E-27 7.38640E-27
 3.01288E-18 6.64414E-16 3.70823E-16 3.66280E-26 7.94027E-12 1.13601E-07 6.25419E-06 1.82382E-09
 9.36360E-10 2.59062E-10 1.21708E-07 2.40323E-10 1.84373E-06 4.95007E-08 6.58384E-08 1.48412E-12
 2.27228E-12 1.39078E-10 1.60666E-09 8.72080E-12 1.43123E-13 9.80149E-14 5.76668E-16 3.84175E-16
 5.04831E-21 1.98789E-20 3.43426E-14 6.58243E-13 1.69339E-11 4.83215E-12 5.72376E-10 1.74152E-18
 1.05877E-26 9.03927E-27 3.76706E-18 6.81652E-16 3.52344E-16 5.09237E-26 8.00156E-12 1.20999E-07
 6.11861E-06 2.05017E-09 1.05137E-09 2.99626E-10 1.04725E-07 3.23732E-10 1.97800E-06 4.66134E-08
 7.99485E-08 1.32564E-12 1.97601E-12 1.28248E-10 1.54848E-09 8.45771E-12 1.25335E-13 8.68832E-14
 5.10115E-16 3.23723E-16 3.41621E-21 1.12761E-20 3.24450E-14 5.63421E-13 1.73544E-11 3.94430E-12
 5.72886E-10 1.15176E-18 1.30620E-26 1.11280E-26 4.68321E-18 6.97151E-16 3.35434E-16 7.09031E-26
 8.95376E-12 1.28361E-07 5.97926E-06 2.32747E-09 1.19185E-09 3.52650E-10 8.95316E-08 4.39292E-10
 2.11590E-06 4.37576E-08 9.72468E-08 1.17849E-12 1.70479E-12 1.18976E-10 1.49459E-09 8.35270E-12
 1.10753E-13 7.91072E-14 4.61744E-16 2.76426E-16 2.37982E-21 6.22797E-21 3.08643E-14 4.83842E-13
 1.77118E-11 3.19823E-12 5.73301E-10 7.68662E-19 1.64100E-26 1.38708E-26 5.77884E-18 7.10887E-16
 3.20103E-16 9.90093E-26 1.11447E-11 1.35434E-07 5.83637E-06 2.67597E-09 1.36771E-09 4.24521E-10
 7.59297E-08 6.01390E-10 2.25719E-06 4.09310E-08 1.18196E-07 1.04062E-12 1.45828E-12 1.11016E-10
 1.44493E-09 8.41542E-12 9.90427E-14 7.45659E-14 4.29508E-16 2.39450E-16 1.71357E-21 3.36002E-21
 2.95416E-14 4.18245E-13 1.79995E-11 2.57576E-12 5.73647E-10 5.18760E-19 2.11197E-26 1.75950E-26
 7.06163E-18 7.22962E-16 3.06240E-16 1.38681E-25 1.48241E-11 1.42305E-07 5.68982E-06 3.11517E-09
 1.58777E-09 5.25116E-10 6.39897E-08 8.31318E-10 2.40194E-06 3.81348E-08 1.43282E-07 9.01902E-13
 1.22908E-12 1.04152E-10 1.39932E-09 8.62449E-12 8.98684E-14 7.38337E-14 4.14148E-16 2.10180E-16
 1.29862E-21 1.78108E-21 2.84300E-14 3.67729E-13 1.82054E-11 2.06141E-12 5.73950E-10 3.58011E-19
 2.78451E-26 2.26980E-26 8.53542E-18 7.33513E-16 2.93704E-16 1.94490E-25 1.98452E-11 1.43041E-07
 5.54269E-06 3.64625E-09 1.82580E-09 6.71767E-10 5.99618E-08 1.05174E-09 2.54713E-06 3.54361E-08
 1.72346E-07 7.40963E-13 8.44079E-13 9.83326E-11 1.35800E-09 9.35077E-12 9.36948E-14 8.02791E-14
 4.58716E-16 2.10387E-16 1.28837E-21 1.32096E-21 2.75134E-14 3.76115E-13 1.80632E-11 1.77841E-12
 5.74310E-10 3.19439E-19 3.74970E-26 2.95801E-26 1.21368E-17 7.40512E-16 2.82588E-16 3.17742E-25
 2.71770E-11 1.52486E-07 5.39307E-06 4.35727E-09 2.17831E-09 8.28408E-10 4.81664E-08 1.54833E-09
 2.69443E-06 3.28151E-08 2.06404E-07 6.47897E-13 7.44560E-13 9.33458E-11 1.32267E-09 9.66458E-12
 8.29449E-14 7.79777E-14 4.30830E-16 1.80270E-16 9.22517E-22 5.92562E-22 2.67336E-14 3.12523E-13
 1.82085E-11 1.35797E-12 5.74590E-10 2.02193E-19 5.07655E-26 3.94332E-26 1.33306E-17 7.49024E-16
 2.72359E-16 4.16343E-25 3.58718E-11 1.63686E-07 5.23622E-06 5.20726E-09 2.59386E-09 1.01170E-09
 3.86174E-08 2.29686E-09 2.84843E-06 3.02157E-08 2.46792E-07 5.73183E-13 6.64857E-13 8.89164E-11
 1.29088E-09 9.88920E-12 7.29735E-14 7.34187E-14 3.93889E-16 1.52957E-16 6.24882E-22 2.59419E-22
 2.60517E-14 2.53079E-13 1.83634E-11 1.03389E-12 5.74757E-10 1.21839E-19 6.82329E-26 5.23362E-26
 1.44238E-17 7.57058E-16 2.62685E-16 5.36406E-25 4.51379E-11 1.74190E-07 5.07346E-06 6.17260E-09
 3.03701E-09 1.23312E-09 3.28430E-08 3.27001E-09 3.00780E-06 2.76906E-08 2.93489E-07 4.92232E-13
 5.39216E-13 8.49995E-11 1.26192E-09 1.01621E-11 6.77239E-14 7.00547E-14 3.72124E-16 1.36168E-16
 4.59296E-22 1.31986E-22 2.54650E-14 2.15933E-13 1.83529E-11 8.14760E-13 5.74959E-10 7.99420E-20
 9.00924E-26 6.84435E-26 1.63907E-17 7.63554E-16 2.53653E-16 7.13613E-25 5.48724E-11 1.89434E-07
 4.90571E-06 7.26993E-09 3.53019E-09 1.46980E-09 2.75160E-08 4.77418E-09 3.17142E-06 2.52828E-08
 3.46667E-07 4.18507E-13 4.50108E-13 8.15477E-11 1.23597E-09 1.01015E-11 6.07978E-14 6.46488E-14
 3.34005E-16 1.16248E-16 3.15569E-22 6.29180E-23 2.49629E-14 1.78082E-13 1.84369E-11 6.32585E-13
 5.75028E-10 4.95680E-20 1.15899E-25 8.82183E-26 1.79735E-17 7.69805E-16 2.45229E-16 9.09677E-25
 6.44901E-11 2.07218E-07 4.73344E-06 8.47449E-09 4.03974E-09 1.71889E-09 2.36568E-08 6.87723E-09
 3.33878E-06 2.30179E-08 4.06498E-07 3.49192E-13 3.62381E-13 7.84980E-11 1.21232E-09 9.87498E-12
 5.50671E-14 5.84114E-14 2.94281E-16 9.95762E-17 2.14787E-22 3.14007E-23 2.45349E-14 1.47243E-13
 1.84855E-11 4.96580E-13 5.75075E-10 3.08276E-20 1.45328E-25 1.11893E-25 1.98205E-17 7.75195E-16
 2.37376E-16 1.14802E-24 7.38861E-11 2.30652E-07 4.55755E-06 9.77013E-09 4.55891E-09 1.95674E-09
 2.02900E-08 1.00055E-08 3.50874E-06 2.09217E-08 4.73033E-07 2.87716E-13 2.94078E-13 7.58052E-11
 1.19074E-09 9.32768E-12 4.87156E-14 5.08308E-14 2.47029E-16 8.23694E-17 1.37479E-22 1.52328E-23
 2.41712E-14 1.18715E-13 1.86113E-11 3.87625E-13 5.75012E-10 1.83644E-20 1.77164E-25 1.39680E-25
 2.15925E-17 7.80095E-16 2.30062E-16 1.41160E-24 8.27149E-11 2.57967E-07 4.37940E-06 1.11445E-08
 5.06301E-09 2.17284E-09 1.78371E-08 1.43484E-08 3.67987E-06 1.90115E-08 5.46120E-07 2.33372E-13
 2.30347E-13 7.34280E-11 1.17064E-09 8.66169E-12 4.34001E-14 4.30125E-14 2.02657E-16 6.81829E-17
 8.64604E-23 7.71443E-24 2.38631E-14 9.56325E-14 1.87180E-11 3.05389E-13 5.74933E-10 1.09265E-20
 2.10673E-25 1.72316E-25 2.36241E-17 7.84183E-16 2.23271E-16 1.71545E-24 9.13503E-11 2.96457E-07
 4.19973E-06 1.25342E-08 5.53296E-09 2.32354E-09 1.53503E-08 2.10813E-08 3.85089E-06 1.72940E-08
 6.25827E-07 1.88531E-13 1.87596E-13 7.13266E-11 1.15193E-09 7.62876E-12 3.68198E-14 3.44974E-14
 1.53999E-16 5.27629E-17 4.88931E-23 3.62260E-24 2.36013E-14 7.33955E-14 1.90262E-11 2.37078E-13
 5.74632E-10 6.01031E-21 2.42536E-25 2.09440E-25 2.56478E-17 7.87768E-16 2.16959E-16 2.03570E-24
 9.93145E-11 3.44274E-07 4.01278E-06 1.39020E-08 5.93632E-09 2.41373E-09 1.34342E-08 3.07113E-08
 4.02709E-06 1.57052E-08 7.15495E-07 1.49901E-13 1.49138E-13 6.93868E-11 1.13313E-09 6.53284E-12
 3.09884E-14 2.65414E-14 1.12148E-16 4.01490E-17 2.61320E-23 1.72522E-24 2.33696E-14 5.52808E-14
 1.93800E-11 1.84640E-13 5.74258E-10 3.19908E-21 2.72342E-25 2.51967E-25 2.80763E-17 7.90664E-16
 2.10865E-16 2.39142E-24 1.06641E-10 4.08700E-07 3.81154E-06 1.51387E-08 6.23592E-09 2.42775E-09
 1.17646E-08 4.50373E-08 4.21430E-06 1.41884E-08 8.20088E-07 1.16232E-13 1.17492E-13 6.75124E-11
 1.11307E-09 5.33660E-12 2.52546E-14 1.93435E-14 7.65674E-17 2.91530E-17 1.27876E-23 7.93555E-25
 2.31545E-14 4.00462E-14 1.98486E-11 1.42509E-13 5.73742E-10 1.59823E-21 2.98001E-25 2.99742E-25
 3.10454E-17 7.92946E-16 2.04731E-16 2.77843E-24 1.12916E-10 4.91508E-07 3.59690E-06 1.62175E-08
 6.42618E-09 2.37396E-09 1.04988E-08 6.55707E-08 4.41070E-06 1.27506E-08 9.41697E-07 8.74807E-14
 8.91158E-14 6.56903E-11 1.09106E-09 4.22949E-12 2.03535E-14 1.34752E-14 5.00281E-17 2.08015E-17
 5.90674E-24 3.66802E-25 2.29535E-14 2.83449E-14 2.03533E-11 1.09661E-13 5.73160E-10 7.69298E-22
 3.19823E-25 3.54805E-25 3.47509E-17 7.94401E-16 1.98551E-16 3.20579E-24 1.18006E-10 6.03990E-07
 3.37116E-06 1.70355E-08 6.48481E-09 2.25332E-09 9.32616E-09 9.61259E-08 4.61205E-06 1.14041E-08
 1.08208E-06 6.38465E-14 6.64920E-14 6.39193E-11 1.06670E-09 3.19600E-12 1.58455E-14 8.95132E-15
 3.08020E-17 1.41510E-17 2.52151E-24 1.62095E-25 2.27646E-14 1.93155E-14 2.10041E-11 8.32316E-14
 5.72403E-10 3.48602E-22 3.38538E-25 4.18797E-25 3.93646E-17 7.94810E-16 1.92349E-16 3.66539E-24
 1.20062E-10 7.27976E-07 3.13726E-06 1.83999E-08 6.66676E-09 2.10445E-09 8.19163E-09 1.41546E-07
 4.81227E-06 1.01569E-08 1.24282E-06 4.50887E-14 4.76631E-14 6.21981E-11 1.03931E-09 2.44426E-12
 1.27410E-14 5.80583E-15 1.88778E-17 9.71160E-18 1.05138E-24 7.47296E-26 2.25863E-14 1.34038E-14
 2.18107E-11 6.41118E-14 5.71456E-10 1.57993E-22 3.65793E-25 5.20092E-25 4.35877E-17 7.95417E-16
 1.86154E-16 4.17483E-24 1.20386E-10 9.14820E-07 2.89190E-06 2.07300E-08 7.03189E-09 1.87162E-09
 7.10453E-09 2.27636E-07 5.00134E-06 9.01289E-09 1.42694E-06 3.02589E-14 3.27096E-14 6.05258E-11
 1.00849E-09 1.76331E-12 1.03191E-14 3.56909E-15 1.08044E-17 6.39241E-18 4.05169E-25 3.26761E-26
 2.24173E-14 8.91344E-15 2.30081E-11 4.87015E-14 5.70086E-10 6.63184E-23 3.83568E-25 6.87940E-25
 4.75868E-17 7.96014E-16 1.79977E-16 4.81376E-24 1.27995E-10 1.84901E-06 2.62126E-06 1.71329E-08
 5.81785E-09 1.39452E-09 9.27014E-09 4.31964E-07 5.15812E-06 7.97251E-09 1.63934E-06 1.85705E-14
 1.75610E-14 5.89008E-11 9.73873E-10 7.90653E-13 6.34706E-15 1.84862E-15 4.38438E-18 3.63803E-18
 1.22220E-25 9.47489E-27 2.22578E-14 3.85589E-15 2.45307E-11 2.91357E-14 5.68363E-10 1.87488E-23
 2.82006E-25 6.77332E-25 6.93212E-17 7.78600E-16 1.73822E-16 5.79558E-24 1.32394E-10 7.13523E-06
 2.33175E-06 7.13872E-09 2.64678E-09 8.16408E-10 2.13063E-08 7.96278E-07 5.25537E-06 7.03374E-09
 1.87716E-06 1.08975E-14 8.88053E-15 5.73222E-11 9.34259E-10 1.53105E-13 2.07746E-15 8.41948E-16
 1.21424E-18 1.11930E-18 2.81105E-26 2.39073E-27 2.21036E-14 7.20274E-16 2.89124E-11 1.66634E-14
 5.63733E-10 3.19665E-24 1.07011E-25 2.99656E-25 1.52380E-16 6.99520E-16 1.67726E-16 5.77687E-24
 1.08939E-10 2.31876E-05 2.05395E-06 3.22736E-09 1.12632E-09 4.48140E-10 4.58575E-08 1.21537E-06
 5.30790E-06 6.19191E-09 2.12772E-06 6.34777E-15 5.65848E-15 5.57886E-11 8.89955E-10 3.00261E-14
 6.82639E-16 3.77822E-16 3.16364E-19 2.54029E-19 6.16122E-27 1.13204E-27 2.19485E-14 8.75883E-17
 3.76213E-11 1.34217E-14 5.54720E-10 3.80099E-25 3.19080E-26 1.03518E-25 2.68196E-16 5.87299E-16
 1.61741E-16 4.32104E-24 7.51919E-11 5.74748E-05 1.79868E-06 1.79690E-09 5.31853E-10 2.41869E-10
 7.79021E-08 1.63393E-06 5.33534E-06 5.44175E-09 2.38595E-06 3.69250E-15 4.22391E-15 5.42992E-11
 8.42682E-10 8.70131E-15 2.59182E-16 1.69430E-16 8.21251E-20 6.98901E-20 1.34616E-27 6.51132E-28
 2.17901E-14 1.23641E-17 4.94549E-11 1.18522E-14 5.42527E-10 3.36620E-26 8.63976E-27 3.70573E-26
 3.76852E-16 4.81848E-16 1.55878E-16 2.86543E-24 4.99897E-11 1.17249E-04 1.56907E-06 1.17686E-09
 2.79536E-10 1.29633E-10 1.18819E-07 2.02547E-06 5.34930E-06 4.77645E-09 2.64987E-06 2.14767E-15
 3.44592E-15 5.28528E-11 7.93945E-10 4.08342E-15 1.17959E-16 7.58903E-17 2.13385E-20 2.98791E-20
 2.93723E-28 4.30826E-28 2.16274E-14 2.84272E-18 6.31149E-11 1.09971E-14 5.28445E-10 3.26507E-27
 2.24348E-27 1.46099E-26 4.66149E-16 3.95335E-16 1.50132E-16 1.86236E-24 3.33473E-11 2.10969E-04
 1.36528E-06 8.26886E-10 1.55683E-10 6.92639E-11 1.58357E-07 2.37950E-06 5.35566E-06 4.18953E-09
 2.91861E-06 1.25096E-15 2.97483E-15 5.14488E-11 7.44989E-10 2.58555E-15 5.65673E-17 3.40408E-17
 5.57904E-21 1.65310E-20 6.43775E-29 2.59740E-28 2.14594E-14 8.03600E-19 7.77419E-11 9.90988E-15
 5.13323E-10 5.99818E-28 5.67401E-28 6.08270E-27 5.34090E-16 3.29707E-16 1.44498E-16 1.18820E-24
 2.37112E-11 3.46219E-04 1.18551E-06 6.15235E-10 9.15274E-11 3.68869E-11 2.00108E-07 2.69330E-06
 5.35773E-06 3.67250E-09 3.19244E-06 7.28976E-16 2.66907E-15 5.00829E-11 6.96648E-10 1.89621E-15
 2.88943E-17 1.52554E-17 1.46388E-21 1.05723E-20 1.41320E-29 1.58579E-28 2.12850E-14 2.68361E-19
 9.27551E-11 8.94015E-15 4.97729E-10 2.03196E-28 1.41803E-28 2.70632E-27 5.86089E-16 2.79491E-16
 1.38952E-16 7.66490E-25 1.79779E-11 5.30049E-04 1.02835E-06 4.72316E-10 5.60507E-11 1.96349E-11
 2.41124E-07 2.96695E-06 5.35735E-06 3.21996E-09 3.47058E-06 4.25822E-16 2.46423E-15 4.87575E-11
 6.49829E-10 1.46749E-15 1.52796E-17 6.84532E-18 3.86735E-22 7.12164E-21 3.11722E-30 9.57637E-29
 2.11034E-14 1.00139E-19 1.07730E-10 7.99868E-15 4.82073E-10 8.54423E-29 3.55137E-29 1.27407E-27
 6.25990E-16 2.40759E-16 1.33498E-16 5.01319E-25 1.34604E-11 7.70110E-04 8.91157E-07 3.59441E-10
 3.50425E-11 1.04455E-11 2.61744E-07 3.20395E-06 5.35537E-06 2.82389E-09 3.75433E-06 2.49405E-16
 2.32419E-15 4.74667E-11 6.05050E-10 1.13674E-15 7.69429E-18 3.08018E-18 1.03224E-22 4.65330E-21
 6.94191E-31 4.92283E-29 2.09128E-14 3.66769E-20 1.22475E-10 6.79380E-15 4.66526E-10 3.31408E-29
 8.82625E-30 6.20780E-28 6.55928E-16 2.11299E-16 1.28105E-16 3.28398E-25 1.03555E-11 1.07130E-03
 7.71215E-07 2.75667E-10 2.25326E-11 5.54286E-12 2.73520E-07 3.40832E-06 5.35213E-06 2.47642E-09
 4.04544E-06 1.46174E-16 2.22593E-15 4.62034E-11 5.62583E-10 8.85797E-16 3.87384E-18 1.38586E-18
 2.77763E-23 3.05466E-21 1.55790E-31 2.45290E-29 2.07111E-14 1.42380E-20 1.36872E-10 5.70330E-15
 4.51183E-10 1.31942E-29 2.18007E-30 3.16730E-28 6.79956E-16 1.86968E-16 1.22736E-16 2.18892E-25
 8.21878E-12 1.43560E-03 6.66736E-07 2.12084E-10 1.48614E-11 2.93675E-12 2.76170E-07 3.58334E-06
 5.34788E-06 2.17258E-09 4.34418E-06 8.57667E-17 2.15531E-15 4.49678E-11 5.22884E-10 6.91740E-16
 1.95508E-18 6.23737E-19 7.55712E-24 2.00789E-21 3.53712E-32 1.19411E-29 2.04967E-14 5.81780E-21
 1.50767E-10 4.73344E-15 4.36174E-10 5.38871E-30 5.38825E-31 1.68960E-28 7.00125E-16 1.65607E-16
 1.17383E-16 1.48651E-25 6.70092E-12 1.86278E-03 5.76069E-07 1.63083E-10 1.00275E-11 1.55556E-12
 2.70125E-07 3.73228E-06 5.34272E-06 1.90777E-09 4.65089E-06 5.04237E-17 2.10283E-15 4.37603E-11
 4.86351E-10 5.41018E-16 9.86560E-19 2.81103E-19 2.08787E-24 1.32110E-21 8.17385E-33 5.67290E-30
 2.02679E-14 2.48147E-21 1.64031E-10 3.88202E-15 4.21600E-10 2.24493E-30 1.34336E-31 9.38920E-29
 7.17268E-16 1.46262E-16 1.12034E-16 1.02754E-25 5.39777E-12 2.35139E-03 4.97518E-07 1.23681E-10
 6.86954E-12 8.23586E-13 2.49215E-07 3.85833E-06 5.33646E-06 1.67726E-09 4.96670E-06 2.97179E-17
 2.06194E-15 4.25788E-11 4.53264E-10 4.20624E-16 4.82305E-19 1.27009E-19 5.88083E-25 8.51570E-22
 1.93364E-33 2.46596E-30 2.00223E-14 1.04886E-21 1.76582E-10 3.08901E-15 4.07508E-10 8.81502E-31
 3.36529E-32 5.38081E-29 7.31266E-16 1.28924E-16 1.06671E-16 7.17669E-26 4.30693E-12 2.89783E-03
 4.29436E-07 9.27739E-11 4.77669E-12 4.35087E-13 2.19216E-07 3.96419E-06 5.32858E-06 1.47642E-09
 5.29342E-06 1.75359E-17 2.02786E-15 4.14197E-11 4.23663E-10 3.26131E-16 2.29930E-19 5.74596E-20
 1.69118E-25 5.41619E-22 4.69436E-34 9.96822E-31 1.97571E-14 4.42183E-22 1.88355E-10 2.39966E-15
 3.93927E-10 3.30971E-31 8.45368E-33 3.17387E-29 7.42318E-16 1.13250E-16 1.01266E-16 5.06565E-26
 3.61466E-12 3.49257E-03 3.70731E-07 7.01584E-11 3.39958E-12 2.29739E-13 1.93692E-07 4.05194E-06
 5.31884E-06 1.30220E-09 5.63098E-06 1.03598E-17 1.99736E-15 4.02854E-11 3.97506E-10 2.56117E-16
 1.12841E-19 2.60100E-20 4.99994E-26 3.54013E-22 1.18200E-34 4.19267E-31 1.94702E-14 2.00459E-22
 1.99201E-10 1.87906E-15 3.80964E-10 1.35468E-31 2.18978E-33 1.94334E-29 7.51007E-16 9.85133E-17
 9.58192E-17 3.64741E-26 3.05863E-12 4.12297E-03 3.20515E-07 5.26681E-11 2.45620E-12 1.21463E-13
 1.65362E-07 4.12354E-06 5.30705E-06 1.15218E-09 5.97887E-06 6.13648E-18 1.96824E-15 3.91798E-11
 3.74879E-10 2.01580E-16 5.50749E-20 1.18047E-20 1.53135E-26 2.30625E-22 3.11428E-35 1.69519E-31
 1.91596E-14 9.17876E-23 2.08966E-10 1.44665E-15 3.68734E-10 5.47538E-32 5.93942E-34 1.22374E-29
 7.56806E-16 8.50856E-17 9.03353E-17 2.65560E-26 2.64547E-12 4.77338E-03 2.77907E-07 3.94456E-11
 1.80493E-12 6.43757E-14 1.38361E-07 4.18037E-06 5.29269E-06 1.02390E-09 6.33682E-06 3.64583E-18
 1.93886E-15 3.81052E-11 3.55664E-10 1.59798E-16 2.70271E-20 5.37127E-21 4.89160E-27 1.51519E-22
 8.65263E-36 6.74494E-32 1.88230E-14 4.32169E-23 2.17505E-10 1.10408E-15 3.57336E-10 2.25439E-32
 1.72743E-34 7.93425E-30 7.59617E-16 7.29082E-17 8.48158E-17 1.95870E-26 2.37909E-12 5.42247E-03
 2.42275E-07 2.96108E-11 1.35193E-12 3.43183E-14 1.14880E-07 4.22362E-06 5.27550E-06 9.15701E-10
 6.70321E-06 2.17758E-18 1.90803E-15 3.70668E-11 3.39750E-10 1.28164E-16 1.35318E-20 2.45317E-21
 1.64594E-27 1.01471E-22 2.56450E-36 2.71562E-32 1.84583E-14 2.13049E-23 2.24640E-10 8.41427E-16
 3.46900E-10 9.77514E-33 5.55892E-35 5.30767E-30 7.59350E-16 6.19256E-17 7.92764E-17 1.46659E-26
 2.16516E-12 6.04526E-03 2.13085E-07 2.20841E-11 1.02722E-12 1.84806E-14 9.23438E-08 4.25399E-06
 5.25496E-06 8.26143E-10 7.07627E-06 1.31440E-18 1.87482E-15 3.60690E-11 3.27115E-10 1.03306E-16
 6.75212E-21 1.12788E-21 5.84846E-28 6.79206E-23 8.07609E-37 1.04943E-32 1.80637E-14 1.05822E-23
 2.30208E-10 6.30548E-16 3.37542E-10 4.18614E-33 1.99055E-35 3.64499E-30 7.55552E-16 5.24419E-17
 7.37332E-17 1.10876E-26 2.02656E-12 6.61187E-03 1.89947E-07 1.64508E-11 7.94173E-13 1.01800E-14
 7.27360E-08 4.27150E-06 5.23029E-06 7.54203E-10 7.45354E-06 8.12614E-19 1.83854E-15 3.51167E-11
 3.17629E-10 8.40773E-17 3.39693E-21 5.26002E-22 2.20132E-28 4.59563E-23 2.69579E-37 3.98249E-33
 1.76372E-14 5.40083E-24 2.34037E-10 4.68108E-16 3.29382E-10 1.82786E-33 7.96380E-36 2.57826E-30
 7.48091E-16 4.44568E-17 6.82104E-17 8.48749E-27 1.93448E-12 7.08739E-03 1.72656E-07 1.22116E-11
 6.23928E-13 5.97111E-15 5.54792E-08 4.27564E-06 5.20050E-06 6.99338E-10 7.83186E-06 5.33633E-19
 1.79862E-15 3.42155E-11 3.11189E-10 6.88715E-17 1.71012E-21 2.57638E-22 8.85398E-29 3.11389E-23
 9.50443E-38 1.45151E-33 1.71778E-14 2.78894E-24 2.35950E-10 3.41981E-16 3.22548E-10 7.91302E-34
 3.55294E-36 1.87729E-30 7.36676E-16 3.81494E-17 6.27405E-17 6.56630E-27 1.91657E-12 7.43162E-03
 1.61213E-07 9.13673E-12 5.00229E-13 4.17258E-15 4.16333E-08 4.26531E-06 5.16446E-06 6.61532E-10
 8.20694E-06 4.03534E-19 1.75470E-15 3.33724E-11 3.07620E-10 5.70122E-17 9.01234E-22 1.51952E-22
 4.24371E-29 2.13519E-23 3.92198E-38 5.35810E-34 1.66850E-14 1.50082E-24 2.35768E-10 2.48959E-16
 3.17180E-10 3.55604E-34 1.92794E-36 1.41471E-30 7.21027E-16 3.37341E-17 5.73697E-17 5.15264E-27
 2.85150E+02 2.78650E+02 2.72150E+02 2.65660E+02 2.61170E+02 2.55680E+02 2.49190E+02 2.42700E+02
 2.36210E+02 2.25000E+02 2.10000E+02 2.10000E+02 2.10000E+02 2.10000E+02 2.10000E+02 2.10000E+02
 2.14000E+02 2.14000E+02 2.16650E+02 2.16650E+02 2.16650E+02 2.17580E+02 2.18570E+02 2.19570E+02
 2.20560E+02 2.21550E+02 2.22540E+02 2.23540E+02 2.24530E+02 2.25520E+02 2.26510E+02 2.27500E+02
 2.28490E+02 2.30970E+02 2.33740E+02 2.36510E+02 2.39280E+02 2.42050E+02 2.44820E+02 2.47580E+02
 2.50350E+02 2.53140E+02 2.55880E+02 2.58640E+02 2.61400E+02 2.64160E+02 2.66960E+02 2.69680E+02
 2.70650E+02 2.70650E+02 2.70650E+02 2.70650E+02 2.69030E+02 2.66270E+02 2.63520E+02 2.60770E+02
 2.58020E+02 2.55270E+02 2.52520E+02 2.49770E+02 2.47020E+02 2.44270E+02 2.41530E+02 2.30780E+02
 2.30500E+02 2.30500E+02 2.27000E+02 2.25100E+02 2.22000E+02 2.19600E+02 2.16000E+02 2.14300E+02
 2.12000E+02 2.10300E+02 2.08000E+02 2.06400E+02 2.04000E+02 2.02500E+02 2.00000E+02 1.98600E+02
 1.96000E+02 1.94700E+02 1.92000E+02 1.90800E+02 1.89000E+02 1.86900E+02 1.86900E+02 1.86900E+02
 1.86900E+02 1.86900E+02 1.88000E+02 1.90000E+02 1.91000E+02 1.92500E+02 1.94000E+02 1.95000E+02
 1.96500E+02 1.98000E+02 2.00000E+02 2.02000E+02 1.00000E+05 1.00000E+05 1.00000E+05 1.00000E+05
 1.00000E+05 1.00000E+05 1.00000E+05 1.00000E+05 1.00000E+05 8.94400E+04 4.89900E+04 2.25800E+04
 1.16600E+04 6.81200E+03 5.16500E+03 4.29000E+03 3.95000E+03 3.90000E+03 3.99900E+03 4.34300E+03
 4.84400E+03 5.43900E+03 6.18700E+03 7.03600E+03 7.98400E+03 8.98600E+03 1.00300E+04 1.12800E+04
 1.24900E+04 1.36300E+04 1.51300E+04 1.66900E+04 1.81800E+04 1.99800E+04 2.19800E+04 2.44500E+04
 2.74600E+04 3.04600E+04 3.39400E+04 3.79500E+04 4.19500E+04 4.64300E+04 5.19100E+04 5.84000E+04
 6.44500E+04 7.13600E+04 7.99000E+04 8.79100E+04 9.68700E+04 1.06900E+05 1.17800E+05 1.31800E+05
 1.48300E+05 1.65800E+05 1.83300E+05 2.01800E+05 2.25600E+05 2.52200E+05 2.77200E+05 3.07000E+05
 3.42100E+05 3.79500E+05 4.21900E+05 4.71700E+05 5.17400E+05 5.67400E+05 6.22400E+05 6.82600E+05
 7.48700E+05 8.21200E+05 9.00700E+05 9.87900E+05 1.00000E+06 1.00000E+06 1.00000E+06 1.00000E+06
 1.00000E+06 1.00000E+06 1.00000E+06 1.00000E+06 1.00000E+06 1.00000E+06 1.00000E+06 1.00000E+06
 1.00000E+06 1.00000E+06 1.00000E+06 1.00000E+06 1.00000E+06 1.00000E+06 1.00000E+06 1.00000E+06
 1.00000E+06 1.00000E+06 1.00000E+06 1.00000E+06 1.00000E+06 1.00000E+06 1.00000E+06 1.00000E+06
 2.42726E+19 2.20565E+19 1.99983E+19 1.80893E+19 1.62054E+19 1.45438E+19 1.30713E+19 1.17153E+19
 1.04693E+19 9.50869E+18 8.73780E+18 7.45349E+18 6.35827E+18 5.42426E+18 4.62768E+18 3.94827E+18
 3.31077E+18 2.83338E+18 2.39758E+18 2.05597E+18 1.76312E+18 1.50609E+18 1.28713E+18 1.10079E+18
 9.42181E+17 8.07024E+17 6.91766E+17 5.93378E+17 5.09376E+17 4.37580E+17 3.76171E+17 3.23608E+17
 2.78585E+17 2.38556E+17 2.04390E+17 1.75445E+17 1.50873E+17 1.29974E+17 1.12164E+17 9.69637E+16
 8.39588E+16 7.28111E+16 6.32563E+16 5.50359E+16 4.79566E+16 4.18499E+16 3.65689E+16 3.20095E+16
 2.82273E+16 2.49880E+16 2.21212E+16 1.95841E+16 1.74367E+16 1.55768E+16 1.38990E+16 1.23875E+16
 1.10274E+16 9.80480E+15 8.70701E+15 7.72240E+15 6.84032E+15 6.05102E+15 5.34539E+15 4.86794E+15
 4.22708E+15 3.66598E+15 3.22500E+15 2.81288E+15 2.46297E+15 2.14631E+15 1.87722E+15 1.62483E+15
 1.40849E+15 1.21590E+15 1.05124E+15 9.04610E+14 7.80371E+14 6.69305E+14 5.76055E+14 4.92370E+14
 4.22758E+14 3.60051E+14 3.08377E+14 2.61658E+14 2.22442E+14 1.89098E+14 1.58819E+14 1.33396E+14
 1.12048E+14 9.41220E+13 7.86457E+13 6.55018E+13 5.49237E+13 4.59891E+13 3.85631E+13 3.24577E+13
 2.72808E+13 2.29610E+13 1.93069E+13 1.62632E+13 8.52435E-11 1.03777E-10 1.42892E-10 1.92054E-10
 2.46348E-10 3.01621E-10 3.54069E-10 4.01109E-10 4.41113E-10 4.74446E-10 5.06621E-10 5.42613E-10
 5.66632E-10 5.70605E-10 5.52861E-10 5.18463E-10 4.73363E-10 4.24449E-10 3.76589E-10 3.33095E-10
 2.95820E-10 2.64354E-10 2.37949E-10 2.15886E-10 1.97230E-10 1.80497E-10 1.64622E-10 1.49618E-10
 1.35441E-10 1.21916E-10 1.09112E-10 9.71289E-11 8.58834E-11 7.53770E-11 6.56777E-11 5.68514E-11
 4.89623E-11 4.19469E-11 3.57258E-11 3.02691E-11 2.54963E-11 2.13334E-11 1.77590E-11 1.47393E-11
 1.21839E-11 1.00171E-11 8.20374E-12 6.68963E-12 5.42402E-12 4.37502E-12 3.50264E-12 2.79829E-12
 2.23413E-12 1.77991E-12 1.41091E-12 1.11119E-12 8.72305E-13 6.82287E-13 5.29240E-13 4.07661E-13
 3.12152E-13 2.37179E-13 1.78816E-13 1.34046E-13 9.89789E-14 7.19188E-14 5.14871E-14 3.62258E-14
 2.50345E-14 1.69542E-14 1.12401E-14 7.26938E-15 4.40519E-15 2.45601E-15 1.24202E-15 5.59303E-16
 2.19806E-16 7.34213E-17 2.02524E-17 4.44027E-18 7.42259E-19 8.95237E-20 7.33591E-21 3.76806E-22
 1.10903E-23 1.67419E-25 1.12625E-27 2.89019E-30 2.34996E-33 4.84468E-37 1.92506E-41 1.07104E-46
 5.93396E-53 2.10879E-60 2.89046E-69 9.71249E-80 4.22005E-92 1.00000-100 1.00000-100 1.00000-100
 2.97895E+01 2.58865E+01 2.63371E+01 2.71853E+01 2.86434E+01 2.94402E+01 2.92586E+01 2.84933E+01
 2.69775E+01 2.54846E+01 2.44185E+01 2.07759E+01 1.81939E+01 1.53824E+01 1.25510E+01 9.92046E+00
 7.63740E+00 6.56970E+00 5.63921E+00 5.29036E+00 5.12970E+00 5.01960E+00 5.07067E+00 5.25567E+00
 5.31013E+00 4.11755E+00 3.18461E+00 2.46015E+00 1.89444E+00 1.45350E+00 1.10975E+00 8.43812E-01
 6.37903E-01 4.73475E-01 3.48672E-01 2.55856E-01 1.87164E-01 1.36353E-01 9.88890E-02 7.14807E-02
 5.14312E-02 3.68961E-02 2.66835E-02 1.92684E-02 1.38790E-02 9.95765E-03 7.12600E-03 5.08630E-03
 3.63675E-03 2.59677E-03 1.84046E-03 1.30172E-03 9.25324E-04 6.58563E-04 4.65803E-04 3.26960E-04
 2.28488E-04 1.58901E-04 1.09457E-04 7.47780E-05 5.07183E-05 3.40900E-05 2.27043E-05 1.56041E-05
 9.97471E-06 6.26259E-06 3.98493E-06 2.45488E-06 1.49840E-06 8.89068E-07 5.20811E-07 2.92319E-07
 1.54337E-07 7.44643E-08 3.27183E-08 1.27031E-08 4.32734E-09 1.24130E-09 2.96022E-10 5.54929E-11
 7.99766E-12 8.21288E-13 5.78951E-14 2.52167E-15 6.31844E-17 8.12812E-19 4.57239E-21 9.81264E-24
 6.67198E-27 1.14972E-30 3.78035E-35 1.72741E-40 7.94886E-47 2.33579E-54 2.64769E-63 7.48821E-74
 2.73466E-86 5.45396E-95 4.58601E-95 3.86304E-95 0.00000E+00 0.00000E+00 0.00000E+00 0.00000E+00
 0.00000E+00 0.00000E+00 0.00000E+00 0.00000E+00 0.00000E+00 0.00000E+00 0.00000E+00 0.00000E+00
 0.00000E+00 0.00000E+00 0.00000E+00 0.00000E+00 0.00000E+00 0.00000E+00 0.00000E+00 0.00000E+00
 0.00000E+00 0.00000E+00 0.00000E+00 0.00000E+00 0.00000E+00 0.00000E+00 0.00000E+00 0.00000E+00
 0.00000E+00 0.00000E+00 0.00000E+00 0.00000E+00 0.00000E+00 0.00000E+00 0.00000E+00 0.00000E+00
 0.00000E+00 0.00000E+00 0.00000E+00 0.00000E+00 0.00000E+00 0.00000E+00 0.00000E+00 0.00000E+00
 0.00000E+00 0.00000E+00 0.00000E+00 0.00000E+00 0.00000E+00 0.00000E+00 0.00000E+00 0.00000E+00
 0.00000E+00 0.00000E+00 0.00000E+00 0.00000E+00 0.00000E+00 0.00000E+00 0.00000E+00 0.00000E+00
 0.00000E+00 0.00000E+00 0.00000E+00 0.00000E+00 0.00000E+00 0.00000E+00 0.00000E+00 0.00000E+00
 0.00000E+00 0.00000E+00 0.00000E+00 0.00000E+00 0.00000E+00 0.00000E+00 0.00000E+00 0.00000E+00
 0.00000E+00 0.00000E+00 0.00000E+00 0.00000E+00 0.00000E+00 0.00000E+00 0.00000E+00 0.00000E+00
 0.00000E+00 0.00000E+00 0.00000E+00 0.00000E+00 0.00000E+00 0.00000E+00 0.00000E+00 0.00000E+00
 0.00000E+00 0.00000E+00 0.00000E+00 0.00000E+00 0.00000E+00 0.00000E+00 0.00000E+00 0.00000E+00
 0.00000E+00 0.00000E+00 0.00000E+00 0.00000E+00 0.00000E+00 0.00000E+00 0.00000E+00 0.00000E+00
 0.00000E+00 0.00000E+00 0.00000E+00 0.00000E+00 0.00000E+00 0.00000E+00 0.00000E+00 0.00000E+00
 0.00000E+00 0.00000E+00 0.00000E+00 0.00000E+00 0.00000E+00 0.00000E+00 0.00000E+00 0.00000E+00
 0.00000E+00 0.00000E+00 0.00000E+00 0.00000E+00 0.00000E+00 0.00000E+00 0.00000E+00 0.00000E+00
 0.00000E+00 0.00000E+00 0.00000E+00 0.00000E+00 0.00000E+00 0.00000E+00 0.00000E+00 0.00000E+00
 0.00000E+00 0.00000E+00 0.00000E+00 0.00000E+00 0.00000E+00 0.00000E+00 0.00000E+00 0.00000E+00
 0.00000E+00 0.00000E+00 0.00000E+00 0.00000E+00 0.00000E+00 0.00000E+00 0.00000E+00 0.00000E+00
 0.00000E+00 0.00000E+00 0.00000E+00 0.00000E+00 0.00000E+00 0.00000E+00 0.00000E+00 0.00000E+00
 0.00000E+00 0.00000E+00 0.00000E+00 0.00000E+00 0.00000E+00 0.00000E+00 0.00000E+00 0.00000E+00
 0.00000E+00 0.00000E+00 0.00000E+00 0.00000E+00 0.00000E+00 0.00000E+00 0.00000E+00 0.00000E+00
 0.00000E+00 0.00000E+00 0.00000E+00 0.00000E+00 0.00000E+00 0.00000E+00 0.00000E+00 0.00000E+00
 0.00000E+00 0.00000E+00 0.00000E+00 0.00000E+00 0.00000E+00 0.00000E+00 0.00000E+00 0.00000E+00
 0.00000E+00 0.00000E+00 0.00000E+00 0.00000E+00 7.34775E-04 8.03450E-04 8.82892E-04 9.71730E-04
 1.05500E-03 1.14845E-03 1.25778E-03 1.37991E-03 1.52267E-03 1.70340E-03 1.93321E-03 2.19676E-03
 2.47084E-03 2.79599E-03 3.17895E-03 3.63166E-03 4.11808E-03 4.51781E-03 4.93531E-03 5.26444E-03
 5.58017E-03 5.91902E-03 6.23944E-03 6.54877E-03 6.95907E-03 8.10016E-03 9.42572E-03 1.09579E-02
 1.27344E-02 1.47855E-02 1.71583E-02 1.98982E-02 2.30621E-02 2.67756E-02 3.10608E-02 3.59618E-02
 4.15731E-02 4.80031E-02 5.53577E-02 6.37461E-02 7.33180E-02 8.41382E-02 9.59586E-02 1.09296E-01
 1.24325E-01 1.41239E-01 1.60257E-01 1.81600E-01 2.05335E-01 2.31938E-01 2.61979E-01 2.95903E-01
 3.33908E-01 3.76843E-01 4.25861E-01 4.81900E-01 5.46061E-01 6.19628E-01 7.04112E-01 8.01283E-01
 9.13225E-01 1.04239E+00 1.19169E+00 1.35932E+00 1.56914E+00 1.81210E+00 2.08011E+00 2.39974E+00
 2.76658E+00 3.20052E+00 3.70217E+00 4.30540E+00 5.00887E+00 5.84248E+00 6.81794E+00 7.97807E+00
 9.33943E+00 1.09653E+01 1.28794E+01 1.51756E+01 1.78877E+01 2.11519E+01 2.50172E+01 2.96881E+01
 3.52566E+01 4.19333E+01 5.00160E+01 5.96533E+01 7.11468E+01 8.48686E+01 1.01333E+02 1.20993E+02
 1.44060E+02 1.71527E+02 2.04080E+02 2.41164E+02 2.84646E+02 3.35542E+02 3.94936E+02 4.64103E+02
 0.00000E+00 0.00000E+00 0.00000E+00 0.00000E+00 0.00000E+00 0.00000E+00 0.00000E+00 0.00000E+00
 0.00000E+00 0.00000E+00 0.00000E+00 0.00000E+00 0.00000E+00 0.00000E+00 0.00000E+00 0.00000E+00
 0.00000E+00 0.00000E+00 0.00000E+00 0.00000E+00 0.00000E+00 0.00000E+00 0.00000E+00 0.00000E+00
 0.00000E+00 0.00000E+00 0.00000E+00 0.00000E+00 0.00000E+00 0.00000E+00 0.00000E+00 0.00000E+00
 0.00000E+00 0.00000E+00 0.00000E+00 0.00000E+00 0.00000E+00 0.00000E+00 0.00000E+00 0.00000E+00
 0.00000E+00 0.00000E+00 0.00000E+00 0.00000E+00 0.00000E+00 0.00000E+00 0.00000E+00 0.00000E+00
 0.00000E+00 0.00000E+00 0.00000E+00 0.00000E+00 0.00000E+00 0.00000E+00 0.00000E+00 0.00000E+00
 0.00000E+00 0.00000E+00 0.00000E+00 0.00000E+00 0.00000E+00 0.00000E+00 0.00000E+00 0.00000E+00
 0.00000E+00 0.00000E+00 0.00000E+00 0.00000E+00 0.00000E+00 0.00000E+00 0.00000E+00 0.00000E+00
 0.00000E+00 0.00000E+00 0.00000E+00 0.00000E+00 0.00000E+00 0.00000E+00 0.00000E+00 0.00000E+00
 0.00000E+00 0.00000E+00 0.00000E+00 0.00000E+00 0.00000E+00 0.00000E+00 0.00000E+00 0.00000E+00
 0.00000E+00 0.00000E+00 0.00000E+00 0.00000E+00 0.00000E+00 0.00000E+00 0.00000E+00 0.00000E+00
 0.00000E+00 0.00000E+00 0.00000E+00 0.00000E+00 0.00000E+00 0.00000E+00 0.00000E+00 0.00000E+00
 0.00000E+00 0.00000E+00 0.00000E+00 0.00000E+00 0.00000E+00 0.00000E+00 0.00000E+00 0.00000E+00
 0.00000E+00 0.00000E+00 0.00000E+00 0.00000E+00 0.00000E+00 0.00000E+00 0.00000E+00 0.00000E+00
 0.00000E+00 0.00000E+00 0.00000E+00 0.00000E+00 0.00000E+00 0.00000E+00 0.00000E+00 0.00000E+00
 0.00000E+00 0.00000E+00 0.00000E+00 0.00000E+00 0.00000E+00 0.00000E+00 0.00000E+00 0.00000E+00
 0.00000E+00 0.00000E+00 0.00000E+00 0.00000E+00 0.00000E+00 0.00000E+00 0.00000E+00 0.00000E+00
 0.00000E+00 0.00000E+00 0.00000E+00 0.00000E+00 0.00000E+00 0.00000E+00 0.00000E+00 0.00000E+00
 0.00000E+00 0.00000E+00 0.00000E+00 0.00000E+00 0.00000E+00 0.00000E+00 0.00000E+00 0.00000E+00
 0.00000E+00 0.00000E+00 0.00000E+00 0.00000E+00 0.00000E+00 0.00000E+00 0.00000E+00 0.00000E+00
 0.00000E+00 0.00000E+00 0.00000E+00 0.00000E+00 0.00000E+00 0.00000E+00 0.00000E+00 0.00000E+00
 0.00000E+00 0.00000E+00 0.00000E+00 0.00000E+00 0.00000E+00 0.00000E+00 0.00000E+00 0.00000E+00
 0.00000E+00 0.00000E+00 0.00000E+00 0.00000E+00 0.00000E+00 0.00000E+00 0.00000E+00 0.00000E+00
 0.00000E+00 0.00000E+00 0.00000E+00 0.00000E+00 0.00000E+00 0.00000E+00 0.00000E+00 0.00000E+00
 1.90422E-05 1.90422E-05 1.90422E-05 1.90422E-05 1.90422E-05 1.90422E-05 1.90422E-05 1.90422E-05
 1.90422E-05 1.90422E-05 1.90422E-05 1.90422E-05 1.90422E-05 1.90422E-05 1.90422E-05 1.90422E-05
 1.86504E-05 1.79005E-05 1.69476E-05 1.57528E-05 1.45032E-05 1.32897E-05 1.20842E-05 1.09317E-05
 1.00000E-05 1.00000E-05 1.00000E-05 1.00000E-05 1.00000E-05 1.00000E-05 1.00000E-05 1.00000E-05
 1.00000E-05 1.00000E-05 1.00000E-05 1.00000E-05 1.00000E-05 1.00000E-05 1.00000E-05 1.00000E-05
 1.00000E-05 1.00000E-05 1.00000E-05 1.00000E-05 1.00000E-05 1.00000E-05 1.00000E-05 1.00000E-05
 1.00000E-05 1.00000E-05 1.00000E-05 1.00000E-05 1.00000E-05 1.00000E-05 1.00000E-05 1.00000E-05
 1.00000E-05 1.00000E-05 1.00000E-05 1.00000E-05 1.00000E-05 1.00000E-05 1.00000E-05 1.00000E-05
 1.00000E-05 1.00000E-05 1.00000E-05 1.00000E-05 1.00000E-05 1.00000E-05 1.00000E-05 1.00000E-05
 1.00000E-05 1.00000E-05 1.00000E-05 1.00000E-05 1.00000E-05 1.00000E-05 1.00000E-05 1.00000E-05
 1.00000E-05 1.00000E-05 1.00000E-05 1.00000E-05 1.00000E-05 1.00000E-05 1.00000E-05 1.00000E-05
 1.00000E-05 1.00000E-05 1.00000E-05 1.00000E-05 1.00000E-05 1.00000E-05 1.00000E-05 1.00000E-05
 1.00000E-05 1.00000E-05 1.00000E-05 1.00000E-05 0.00000E+00 0.00000E+00 0.00000E+00 0.00000E+00
 0.00000E+00 0.00000E+00 0.00000E+00 0.00000E+00 0.00000E+00 0.00000E+00 0.00000E+00 0.00000E+00
 0.00000E+00 0.00000E+00 0.00000E+00 0.00000E+00 0.00000E+00 0.00000E+00 0.00000E+00 0.00000E+00
 0.00000E+00 0.00000E+00 0.00000E+00 0.00000E+00 0.00000E+00 0.00000E+00 0.00000E+00 0.00000E+00
 0.00000E+00 0.00000E+00 0.00000E+00 0.00000E+00 0.00000E+00 0.00000E+00 0.00000E+00 0.00000E+00
 0.00000E+00 0.00000E+00 0.00000E+00 0.00000E+00 0.00000E+00 0.00000E+00 0.00000E+00 0.00000E+00
 0.00000E+00 0.00000E+00 0.00000E+00 0.00000E+00 0.00000E+00 0.00000E+00 0.00000E+00 0.00000E+00
 0.00000E+00 0.00000E+00 0.00000E+00 0.00000E+00 0.00000E+00 0.00000E+00 0.00000E+00 0.00000E+00
 0.00000E+00 0.00000E+00 0.00000E+00 0.00000E+00 0.00000E+00 0.00000E+00 0.00000E+00 0.00000E+00
 0.00000E+00 0.00000E+00 0.00000E+00 0.00000E+00 0.00000E+00 0.00000E+00 0.00000E+00 0.00000E+00
 0.00000E+00 0.00000E+00 0.00000E+00 0.00000E+00 0.00000E+00 0.00000E+00 0.00000E+00 0.00000E+00
 0.00000E+00 0.00000E+00 0.00000E+00 0.00000E+00 0.00000E+00 0.00000E+00 0.00000E+00 0.00000E+00
 0.00000E+00 0.00000E+00 0.00000E+00 0.00000E+00 0.00000E+00 0.00000E+00 0.00000E+00 0.00000E+00
 0.00000E+00 0.00000E+00 0.00000E+00 0.00000E+00 0.00000E+00 0.00000E+00 0.00000E+00 0.00000E+00
 0.00000E+00 0.00000E+00 0.00000E+00 0.00000E+00 0.00000E+00 0.00000E+00 0.00000E+00 0.00000E+00
 0.00000E+00 0.00000E+00 0.00000E+00 0.00000E+00 0.00000E+00 0.00000E+00 0.00000E+00 0.00000E+00
 0.00000E+00 0.00000E+00 0.00000E+00 0.00000E+00 0.00000E+00 0.00000E+00 0.00000E+00 0.00000E+00
 0.00000E+00 0.00000E+00 0.00000E+00 0.00000E+00 0.00000E+00 0.00000E+00 0.00000E+00 0.00000E+00
 0.00000E+00 0.00000E+00 0.00000E+00 0.00000E+00 0.00000E+00 0.00000E+00 0.00000E+00 0.00000E+00
 0.00000E+00 0.00000E+00 0.00000E+00 0.00000E+00 0.00000E+00 0.00000E+00 0.00000E+00 0.00000E+00
 0.00000E+00 0.00000E+00 0.00000E+00 0.00000E+00 0.00000E+00 0.00000E+00 0.00000E+00 0.00000E+00
 0.00000E+00 0.00000E+00 0.00000E+00 0.00000E+00 0.00000E+00 0.00000E+00 0.00000E+00 0.00000E+00
 0.00000E+00 0.00000E+00 0.00000E+00 0.00000E+00 0.00000E+00 0.00000E+00 0.00000E+00 0.00000E+00
 0.00000E+00 0.00000E+00 0.00000E+00 0.00000E+00 0.00000E+00 0.00000E+00 0.00000E+00 0.00000E+00
 0.00000E+00 0.00000E+00 0.00000E+00 0.00000E+00 0.00000E+00 0.00000E+00 0.00000E+00 0.00000E+00
 0.00000E+00 0.00000E+00 0.00000E+00 0.00000E+00
