 1.26762E-10 1.54426E-15 1.12654E-02 6.54155E-14 1.43622E-11 1.45012E-09 3.98826E-09 8.35741E-19
 4.59760E-07 1.46382E-06 9.00420E-08 1.12285E-09 7.59033E-12 7.86965E-09 1.33110E-12 1.74265E-12
 9.71573E-15 1.27579E-11 5.08675E-14 4.29251E-16 5.52922E-19 8.19382E-23 4.70223E-10 1.64679E-13
 9.40223E-18 1.23217E-14 8.71324E-12 5.34970E-14 1.81883E-12 3.57275E-17 5.57219E-18 2.38089E-11
 2.00605E-12 1.34547E-13 1.37490E-10 2.67590E-15 7.24393E-03 8.93630E-14 1.52634E-11 1.53282E-09
 5.89623E-09 1.02277E-18 4.60164E-07 1.45634E-06 7.78462E-08 1.22376E-09 8.64110E-12 7.82161E-09
 1.47074E-12 1.95192E-12 1.31197E-14 1.95696E-11 1.33908E-13 6.78305E-16 1.52832E-18 2.95195E-22
 4.55349E-10 2.28772E-13 1.56491E-17 1.73553E-14 1.31469E-11 7.81626E-14 1.72129E-12 3.29468E-17
 1.21157E-17 3.89715E-11 4.18069E-12 1.43337E-13 1.44663E-10 5.08740E-15 4.50306E-03 1.22220E-13
 1.60311E-11 1.55662E-09 9.58744E-09 1.25220E-18 4.60604E-07 1.44942E-06 6.71125E-08 1.29590E-09
 9.90044E-12 7.76926E-09 1.57031E-12 2.19058E-12 1.70818E-14 2.82249E-11 3.62744E-13 1.14323E-15
 4.66986E-18 1.63406E-21 4.41538E-10 3.75804E-13 2.62701E-17 2.98384E-14 1.86637E-11 1.28626E-13
 1.58725E-12 2.68370E-17 2.34418E-17 4.96512E-11 6.81770E-12 1.35423E-13 1.44288E-10 9.60527E-15
 2.58796E-03 1.54815E-13 1.61132E-11 1.46839E-09 1.55322E-08 1.42968E-18 4.61055E-07 1.44319E-06
 5.79084E-08 1.27602E-09 1.05981E-11 7.71232E-09 1.71521E-12 2.47993E-12 2.10095E-14 3.67326E-11
 9.77705E-13 1.80926E-15 1.46081E-17 1.10679E-20 4.29077E-10 6.52534E-13 4.09981E-17 5.58514E-14
 2.40804E-11 2.28781E-13 1.49584E-12 2.06659E-17 4.28982E-17 5.73443E-11 9.47293E-12 1.26951E-13
 1.40761E-10 1.79730E-14 1.73336E-03 2.04933E-13 1.66088E-11 1.32669E-09 2.40894E-08 1.74842E-18
 4.61481E-07 1.43763E-06 5.00827E-08 1.21326E-09 1.18188E-11 7.65028E-09 1.85644E-12 2.85960E-12
 2.60550E-14 4.41317E-11 2.06057E-12 2.80840E-15 3.90112E-17 6.58999E-20 4.18029E-10 1.17862E-12
 6.28215E-17 1.09492E-13 2.88966E-11 4.09690E-13 1.42909E-12 1.73811E-17 7.47806E-17 6.32161E-11
 1.22570E-11 1.19306E-13 1.29467E-10 3.18258E-14 1.04215E-03 2.47532E-13 1.63033E-11 1.14652E-09
 3.59692E-08 1.96190E-18 4.61892E-07 1.43287E-06 4.36447E-08 1.07977E-09 1.18881E-11 7.58281E-09
 2.00511E-12 3.17300E-12 2.96758E-14 4.87831E-11 4.55298E-12 3.89238E-15 9.96847E-17 3.89825E-19
 4.08684E-10 1.92667E-12 8.67659E-17 1.98564E-13 3.27053E-11 6.72794E-13 1.44793E-12 1.47893E-17
 1.33716E-16 6.90517E-11 1.46244E-11 1.16690E-13 1.10519E-10 5.31359E-14 5.55010E-04 2.71324E-13
 1.51282E-11 9.48594E-10 5.14977E-08 2.01145E-18 4.62275E-07 1.42892E-06 3.85039E-08 8.96785E-10
 1.08119E-11 7.51011E-09 2.03400E-12 3.17035E-12 2.90891E-14 4.96803E-11 8.89830E-12 4.73512E-15
 2.26818E-16 2.33611E-18 4.01128E-10 2.82333E-12 1.08642E-16 3.33542E-13 3.54633E-11 9.71165E-13
 1.56673E-12 1.28904E-17 2.49911E-16 7.57723E-11 1.61977E-11 1.19152E-13 9.00526E-11 8.51241E-14
 2.85591E-04 2.87055E-13 1.37325E-11 7.58840E-10 7.05702E-08 2.01835E-18 4.62608E-07 1.42562E-06
 3.44652E-08 7.02834E-10 9.29347E-12 7.43253E-09 2.11375E-12 3.16646E-12 2.80896E-14 4.80777E-11
 1.33585E-11 5.47675E-15 5.05349E-16 1.23271E-17 3.95146E-10 3.74135E-12 1.28887E-16 5.15333E-13
 3.74403E-11 1.30409E-12 1.74467E-12 1.18026E-17 4.71168E-16 8.25702E-11 1.69276E-11 1.22687E-13
 7.09050E-11 1.31311E-13 1.41570E-04 2.97886E-13 1.22735E-11 5.86377E-10 9.28136E-08 2.01268E-18
 4.62880E-07 1.42281E-06 3.13649E-08 5.13247E-10 7.45935E-12 7.35064E-09 2.50882E-12 3.51042E-12
 3.02411E-14 4.55765E-11 1.63875E-11 6.42305E-15 1.33572E-15 5.44376E-17 3.90461E-10 4.39865E-12
 1.48097E-16 7.14479E-13 3.90570E-11 1.74220E-12 1.92257E-12 1.11036E-17 8.67061E-16 8.70500E-11
 1.64590E-11 1.22554E-13 5.09976E-11 1.79761E-13 3.84849E-05 2.56762E-13 9.21064E-12 4.18331E-10
 1.18642E-07 1.57403E-18 4.63099E-07 1.42022E-06 2.89838E-08 3.23186E-10 4.48625E-12 7.26144E-09
 3.64961E-12 4.20118E-12 3.51503E-14 4.25107E-11 1.75299E-11 7.68717E-15 5.57649E-15 4.22858E-16
 3.86639E-10 4.35522E-12 1.70623E-16 8.99472E-13 4.09139E-11 2.45154E-12 1.95116E-12 8.88817E-18
 1.72007E-15 8.43966E-11 1.38676E-11 1.08136E-13 3.22443E-11 2.33047E-13 5.43159E-06 2.29194E-13
 6.23266E-12 2.65172E-10 1.55289E-07 1.18240E-18 4.63285E-07 1.41670E-06 2.65431E-08 1.65429E-10
 2.15493E-12 7.13518E-09 5.81366E-12 5.11143E-12 4.85832E-14 3.93330E-11 1.58666E-11 1.03035E-14
 1.88321E-14 3.68964E-15 3.82103E-10 4.18240E-12 2.22907E-16 1.11801E-12 4.34638E-11 3.71285E-12
 5.98845E-13 2.30763E-18 2.59809E-15 5.50060E-11 9.28478E-12 3.12992E-14 2.33419E-11 4.64066E-13
 3.64256E-06 2.57462E-13 5.55446E-12 1.57212E-10 2.22850E-07 1.32936E-18 4.63441E-07 1.40936E-06
 2.31440E-08 9.32261E-11 1.92892E-12 6.88736E-09 6.59922E-12 6.59818E-12 4.83235E-14 3.75287E-11
 1.40807E-11 1.55182E-14 3.41306E-14 7.87328E-15 3.73582E-10 5.19043E-12 2.80627E-16 1.85105E-12
 4.81454E-11 5.80104E-12 1.12974E-13 3.82499E-19 1.80304E-15 2.95044E-11 4.82283E-12 4.49577E-15
 2.21727E-11 1.00395E-12 3.46890E-06 3.35723E-13 5.77773E-12 1.12620E-10 3.46304E-07 1.65736E-18
 4.63479E-07 1.39286E-06 1.85373E-08 8.32033E-11 2.44196E-12 6.38587E-09 5.91369E-12 7.63879E-12
 4.38456E-14 3.65853E-11 1.19980E-11 2.71134E-14 5.69868E-14 2.68126E-14 3.56405E-10 9.53794E-12
 3.94506E-16 3.89122E-12 5.45749E-11 1.01205E-11 1.02686E-14 3.10275E-20 8.17276E-16 1.08881E-11
 1.87548E-12 2.88999E-16 2.46655E-11 2.15812E-12 3.09469E-06 4.71433E-13 6.61500E-12 1.05889E-10
 5.30805E-07 2.16198E-18 4.63044E-07 1.35996E-06 1.38396E-08 9.97029E-11 3.48464E-12 5.52293E-09
 4.86620E-12 8.23321E-12 3.91840E-14 3.53925E-11 9.96547E-12 4.60055E-14 8.41401E-14 9.59857E-14
 3.26217E-10 1.98401E-11 6.25510E-16 8.42290E-12 6.32122E-11 1.66939E-11 4.41192E-16 1.26818E-21
 2.27989E-16 2.51767E-12 5.01031E-13 8.87996E-18 2.71077E-11 4.30275E-12 2.42928E-06 6.42595E-13
 7.61666E-12 1.05432E-10 7.44881E-07 2.91635E-18 4.61492E-07 1.30624E-06 1.06605E-08 1.11675E-10
 4.47734E-12 4.35796E-09 4.43939E-12 9.05185E-12 3.75358E-14 3.32347E-11 8.44957E-12 6.89622E-14
 1.08484E-13 2.51033E-13 2.83857E-10 3.55453E-11 1.07086E-15 1.56630E-11 7.53672E-11 2.36344E-11
 1.03970E-17 3.10875E-23 4.49684E-17 3.94334E-13 8.97512E-14 1.58272E-19 2.17100E-11 6.39638E-12
 1.45905E-06 8.42333E-13 7.22390E-12 9.01838E-11 9.53101E-07 3.45527E-18 4.58281E-07 1.23472E-06
 8.91767E-09 8.12242E-11 3.68903E-12 3.13801E-09 4.72692E-12 8.97321E-12 4.71983E-14 2.95303E-11
 5.89249E-12 1.00547E-13 1.25930E-13 7.83307E-13 2.36456E-10 5.67887E-11 1.90923E-15 2.55553E-11
 8.15885E-11 3.25999E-11 1.51924E-19 5.39701E-25 8.89200E-18 4.27331E-14 1.21707E-14 2.11614E-21
 2.43630E-11 1.07895E-11 1.63981E-06 1.33885E-12 9.57776E-12 1.07993E-10 1.05810E-06 6.86898E-18
 4.53138E-07 1.14667E-06 8.47055E-09 8.47010E-11 4.38988E-12 2.06919E-09 5.29841E-12 9.90729E-12
 6.36476E-14 2.99632E-11 5.06703E-12 1.15750E-13 1.11317E-13 1.10476E-12 1.86667E-10 8.76073E-11
 3.51837E-15 3.61948E-11 8.94103E-11 3.24458E-11 1.45530E-21 7.65871E-27 1.07372E-18 3.42439E-15
 1.30295E-15 1.98146E-23 2.64453E-11 1.70505E-11 1.84822E-06 2.16942E-12 1.25197E-11 1.23814E-10
 1.06345E-06 1.47723E-17 4.45973E-07 1.04577E-06 8.46418E-09 8.04699E-11 4.92000E-12 1.25656E-09
 6.39612E-12 1.08672E-11 9.38177E-14 3.11480E-11 4.18464E-12 1.22022E-13 8.69002E-14 1.28585E-12
 1.39221E-10 1.21433E-10 6.53053E-15 4.69166E-11 9.61214E-11 2.82451E-11 9.67029E-24 9.14851E-29
 1.03900E-19 2.08969E-16 1.10622E-16 1.50094E-25 2.73749E-11 2.59079E-11 2.07263E-06 3.54188E-12
 1.57655E-11 1.29578E-10 9.88823E-07 3.26836E-17 4.37159E-07 9.37633E-07 8.37366E-09 6.91451E-11
 5.26379E-12 7.15903E-10 7.82006E-12 1.14475E-11 1.40523E-13 3.21236E-11 3.16878E-12 1.18285E-13
 5.91678E-14 1.31931E-12 9.81382E-11 1.52728E-10 1.22028E-14 5.74958E-11 1.01841E-10 2.16357E-11
 4.76459E-26 1.68288E-30 8.07830E-21 1.01081E-17 7.69020E-18 1.68644E-27 2.71823E-11 3.84142E-11
 2.29917E-06 5.77931E-12 1.88910E-11 1.22067E-10 8.55122E-07 7.33402E-17 4.27569E-07 8.28783E-07
 8.03305E-09 5.42262E-11 5.44012E-12 3.94613E-10 9.31123E-12 1.13031E-11 2.04045E-13 3.20462E-11
 2.13813E-12 1.05348E-13 3.47416E-14 1.23559E-12 6.56769E-11 1.75239E-10 2.32385E-14 6.77825E-11
 1.08627E-10 1.46429E-11 1.87221E-28 8.55399E-32 5.18436E-22 4.05810E-19 4.60360E-19 5.03339E-29
 2.62203E-11 5.61374E-11 2.51412E-06 9.35370E-12 2.14461E-11 1.04042E-10 6.83086E-07 1.67024E-16
 4.18426E-07 7.25481E-07 7.49812E-09 3.93091E-11 5.47476E-12 2.19015E-10 1.06377E-11 1.03805E-11
 2.80920E-13 3.04591E-11 1.27633E-12 8.68413E-14 1.77515E-14 1.06641E-12 4.21608E-11 1.83729E-10
 4.59868E-14 7.73698E-11 1.20125E-10 8.86928E-12 6.67462E-31 5.64997E-33 2.87627E-23 1.42863E-20
 2.88007E-20 1.85393E-30 2.47260E-11 8.01471E-11 2.70975E-06 1.46063E-11 2.32800E-11 8.39922E-11
 5.07421E-07 3.76950E-16 4.10885E-07 6.31001E-07 6.96212E-09 2.72504E-11 5.35893E-12 1.25923E-10
 1.17044E-11 8.99941E-12 3.58148E-13 2.72486E-11 7.03364E-13 6.72924E-14 8.19883E-15 8.38906E-13
 2.62001E-11 1.76981E-10 9.29992E-14 8.50914E-11 1.39414E-10 4.94595E-12 4.43532E-33 4.12644E-34
 1.65716E-24 5.40005E-22 7.62992E-21 7.39892E-32 2.29114E-11 1.10156E-10 2.88108E-06 2.12929E-11
 2.49319E-11 6.99869E-11 3.69052E-07 8.06395E-16 4.05984E-07 5.47317E-07 6.61726E-09 1.93026E-11
 5.11932E-12 7.61394E-11 1.25421E-11 7.57132E-12 4.13845E-13 2.28684E-11 3.89736E-13 4.97335E-14
 3.60059E-15 5.97878E-13 1.59773E-11 1.60860E-10 1.78630E-13 8.93305E-11 1.64196E-10 2.63610E-12
 7.45466E-34 1.60914E-34 4.88481E-25 1.11884E-22 8.05744E-21 1.66397E-32 2.10268E-11 1.46515E-10
 3.02617E-06 2.90788E-11 2.70643E-11 6.29042E-11 2.76145E-07 1.62200E-15 4.04431E-07 4.75052E-07
 6.49061E-09 1.45060E-11 4.82454E-12 4.85261E-11 1.31527E-11 6.25935E-12 4.37188E-13 1.82083E-11
 2.26365E-13 3.55036E-14 1.54632E-15 3.97049E-13 9.69746E-12 1.43089E-10 3.12530E-13 9.00366E-11
 1.89038E-10 1.37723E-12 9.77334E-34 2.62504E-34 5.81422E-25 1.01328E-22 8.06604E-21 1.71248E-32
 1.92080E-11 1.90239E-10 3.14624E-06 3.80008E-11 3.00027E-11 6.05717E-11 2.14738E-07 3.11322E-15
 4.06602E-07 4.13408E-07 6.52457E-09 1.15263E-11 4.51576E-12 3.23542E-11 1.35049E-11 5.09353E-12
 4.31620E-13 1.39493E-11 1.37166E-13 2.47674E-14 6.55335E-16 2.54093E-13 5.90995E-12 1.27316E-10
 5.02535E-13 8.82864E-11 2.11082E-10 7.12656E-13 1.53033E-33 4.77462E-34 7.54213E-25 1.06603E-22
 8.05866E-21 2.11876E-32 1.75025E-11 2.41997E-10 3.24378E-06 4.83433E-11 3.39224E-11 6.14263E-11
 1.71904E-07 5.77440E-15 4.12720E-07 3.61022E-07 6.66906E-09 9.54772E-12 4.20783E-12 2.23154E-11
 1.35928E-11 4.08687E-12 4.05720E-13 1.03989E-11 8.56206E-14 1.70331E-14 2.75232E-16 1.59479E-13
 3.63244E-12 1.14159E-10 7.58187E-13 8.49709E-11 2.30083E-10 3.66422E-13 2.47660E-33 8.60865E-34
 9.54445E-25 1.14587E-22 8.04846E-21 2.73549E-32 1.59162E-11 3.02032E-10 3.32156E-06 6.05262E-11
 3.89996E-11 6.47558E-11 1.40069E-07 1.04342E-14 4.23005E-07 3.16394E-07 6.89554E-09 8.13865E-12
 3.90377E-12 1.57390E-11 1.34445E-11 3.24402E-12 3.68094E-13 7.60958E-12 5.45755E-14 1.16253E-14
 1.15047E-16 9.86936E-14 2.25351E-12 1.03196E-10 1.09085E-12 8.05888E-11 2.46747E-10 1.87364E-13
 4.08352E-33 1.53361E-33 1.17818E-24 1.24357E-22 8.03635E-21 3.60569E-32 1.44545E-11 3.70452E-10
 3.38148E-06 7.50587E-11 4.54409E-11 7.03154E-11 1.15211E-07 1.84686E-14 4.37624E-07 2.78499E-07
 7.19229E-09 7.07300E-12 3.60619E-12 1.12735E-11 1.31309E-11 2.56108E-12 3.26053E-13 5.51008E-12
 3.53908E-14 7.92560E-15 4.82165E-17 6.00929E-14 1.41568E-12 9.37073E-11 1.51151E-12 7.53531E-11
 2.62030E-10 9.53656E-14 6.80009E-33 2.69785E-33 1.42263E-24 1.35665E-22 8.02257E-21 4.79372E-32
 1.31061E-11 4.47167E-10 3.42545E-06 9.25040E-11 5.34821E-11 7.80899E-11 9.51068E-08 3.21232E-14
 4.56813E-07 2.46255E-07 7.55897E-09 6.22101E-12 3.31483E-12 8.15643E-12 1.27182E-11 2.02125E-12
 2.84199E-13 3.97143E-12 2.33096E-14 5.42372E-15 2.03934E-17 3.58115E-14 9.02074E-13 8.50224E-11
 2.02823E-12 6.93755E-11 2.76756E-10 4.83266E-14 1.13552E-32 4.68174E-33 1.68623E-24 1.48540E-22
 8.00708E-21 6.38313E-32 1.18427E-11 5.31818E-10 3.45537E-06 1.13440E-10 6.33755E-11 8.81708E-11
 7.84669E-08 5.49830E-14 4.81140E-07 2.18415E-07 8.00535E-09 5.50050E-12 3.02597E-12 5.91952E-12
 1.22436E-11 1.60084E-12 2.44657E-13 2.85899E-12 1.55738E-14 3.73518E-15 8.73737E-18 2.07647E-14
 5.80925E-13 7.66397E-11 2.64373E-12 6.27781E-11 2.91466E-10 2.43661E-14 1.89102E-32 8.00761E-33
 1.97128E-24 1.63298E-22 7.98952E-21 8.48687E-32 1.06607E-11 6.24344E-10 3.47212E-06 1.38413E-10
 7.53633E-11 1.00653E-10 6.45733E-08 9.26958E-14 5.10947E-07 1.94366E-07 8.54787E-09 4.87012E-12
 2.74219E-12 4.30444E-12 1.17558E-11 1.27902E-12 2.08752E-13 2.06440E-12 1.05688E-14 2.59724E-15
 3.81745E-18 1.16306E-14 3.79006E-13 6.81806E-11 3.34960E-12 5.56846E-11 3.06514E-10 1.22312E-14
 3.12329E-32 1.34745E-32 2.28539E-24 1.80501E-22 7.96931E-21 1.12582E-31 9.56029E-12 7.24970E-10
 3.47650E-06 1.67895E-10 8.96615E-11 1.15593E-10 5.29597E-08 1.53997E-13 5.46443E-07 1.73605E-07
 9.20557E-09 4.30744E-12 2.46729E-12 3.14011E-12 1.12891E-11 1.03638E-12 1.76914E-13 1.50135E-12
 7.30175E-15 1.82893E-15 1.71290E-18 6.25420E-15 2.51642E-13 5.95064E-11 4.12493E-12 4.83010E-11
 3.21909E-10 6.12238E-15 5.09284E-32 2.22709E-32 2.64262E-24 2.00941E-22 7.94565E-21 1.49165E-31
 8.52699E-12 8.34169E-10 3.46928E-06 2.02255E-10 1.06444E-10 1.32987E-10 4.32776E-08 2.52150E-13
 5.88378E-07 1.55364E-07 1.00014E-08 3.79407E-12 2.20147E-12 2.29260E-12 1.08492E-11 8.54942E-13
 1.48875E-13 1.10251E-12 5.14361E-15 1.30584E-15 7.92604E-19 3.21896E-15 1.69797E-13 5.07435E-11
 4.94012E-12 4.09303E-11 3.37286E-10 3.06114E-15 8.17713E-32 3.61410E-32 3.06517E-24 2.25722E-22
 7.91737E-21 1.97932E-31 7.55636E-12 9.53184E-10 3.45094E-06 2.41735E-10 1.25827E-10 1.52732E-10
 3.52612E-08 4.07139E-13 6.37341E-07 1.39103E-07 1.09583E-08 3.32177E-12 1.94702E-12 1.67470E-12
 1.04442E-11 7.20406E-13 1.24407E-13 8.19484E-13 3.70040E-15 9.46246E-16 3.79700E-19 1.58456E-15
 1.16507E-13 4.21683E-11 5.75939E-12 3.38854E-11 3.52112E-10 1.53267E-15 1.29042E-31 5.75778E-32
 3.58317E-24 2.56205E-22 7.88307E-21 2.63818E-31 6.65032E-12 1.08404E-09 3.42199E-06 2.86474E-10
 1.47871E-10 1.74636E-10 2.86765E-08 6.48875E-13 6.93603E-07 1.24431E-07 1.21001E-08 2.88777E-12
 1.70691E-12 1.22591E-12 1.00819E-11 6.21196E-13 1.03291E-13 6.17353E-13 2.72033E-15 6.95820E-16
 1.88629E-19 7.47279E-16 8.14817E-14 3.41207E-11 6.54723E-12 2.74381E-11 3.65823E-10 7.70171E-16
 1.99970E-31 9.00943E-32 4.23556E-24 2.94022E-22 7.84107E-21 3.54157E-31 5.81675E-12 1.22942E-09
 3.38305E-06 3.36569E-10 1.72622E-10 1.98481E-10 2.33045E-08 1.02204E-12 7.57273E-07 1.10992E-07
 1.34628E-08 2.49022E-12 1.48297E-12 9.00984E-13 9.76611E-12 5.47873E-13 8.52642E-14 4.71135E-13
 2.04096E-15 5.18389E-16 9.69810E-20 3.38922E-16 5.81993E-14 2.69080E-11 7.27496E-12 2.17766E-11
 3.77959E-10 3.88810E-16 3.04360E-31 1.38607E-31 5.07103E-24 3.41074E-22 7.78943E-21 4.79742E-31
 5.09489E-12 1.39219E-09 3.33499E-06 3.92321E-10 2.00237E-10 2.24229E-10 1.89387E-08 1.59395E-12
 8.28014E-07 9.85238E-08 1.51180E-08 2.12795E-12 1.27606E-12 6.67127E-13 9.49816E-12 4.93275E-13
 7.00740E-14 3.63842E-13 1.55945E-15 3.90590E-16 5.14270E-20 1.48526E-16 4.25740E-14 2.07339E-11
 7.92300E-12 1.69826E-11 3.88261E-10 1.97209E-16 4.55338E-31 2.09892E-31 6.14094E-24 3.99125E-22
 7.72636E-21 6.55671E-31 4.60160E-12 1.57413E-09 3.27820E-06 4.54771E-10 2.31309E-10 2.52545E-10
 1.53841E-08 2.46841E-12 9.06156E-07 8.66722E-08 1.72509E-08 1.79609E-12 1.08380E-12 4.97805E-13
 9.27097E-12 4.52388E-13 5.74514E-14 2.84305E-13 1.21182E-15 2.97636E-16 2.80681E-20 6.31359E-17
 3.18495E-14 1.56740E-11 8.47903E-12 1.30403E-11 3.96683E-10 1.00434E-16 6.71803E-31 3.13629E-31
 7.48673E-24 4.69463E-22 7.65054E-21 9.02456E-31 4.60638E-12 1.77352E-09 3.21268E-06 5.26816E-10
 2.67492E-10 2.85722E-10 1.24620E-08 3.81310E-12 9.92235E-07 7.51530E-08 2.02604E-08 1.48998E-12
 9.03177E-13 3.74126E-13 9.07502E-12 4.22846E-13 4.71869E-14 2.25841E-13 9.60438E-16 2.30736E-16
 1.58676E-20 2.60596E-17 2.42957E-14 1.16909E-11 8.93122E-12 9.86495E-12 4.03360E-10 5.13922E-17
 9.84730E-31 4.64739E-31 9.10185E-24 5.51883E-22 7.56213E-21 1.24587E-30 5.51331E-12 1.98323E-09
 3.13875E-06 6.14514E-10 3.12220E-10 3.28602E-10 1.00249E-08 5.91375E-12 1.08605E-06 6.39056E-08
 2.48168E-08 1.20927E-12 7.33768E-13 2.83664E-13 8.90183E-12 4.04625E-13 3.90935E-14 1.84373E-13
 7.82841E-16 1.84416E-16 9.45635E-21 1.04283E-17 1.88765E-14 8.66809E-12 9.26729E-12 7.34705E-12
 4.08534E-10 2.65143E-17 1.45065E-30 6.88182E-31 1.08817E-23 6.43683E-22 7.46396E-21 1.71498E-30
 7.60565E-12 2.19403E-09 3.05595E-06 7.27047E-10 3.70714E-10 3.88532E-10 7.98116E-09 9.27255E-12
 1.18802E-06 5.29495E-08 3.18479E-08 9.55614E-13 5.77426E-13 2.16916E-13 8.74216E-12 3.98200E-13
 3.28789E-14 1.56327E-13 6.61628E-16 1.54063E-16 6.04751E-21 4.04783E-18 1.48912E-14 6.43926E-12
 9.48696E-12 5.38838E-12 4.12467E-10 1.38531E-17 2.17548E-30 1.02775E-30 1.26555E-23 7.41704E-22
 7.35934E-21 2.34537E-30 1.06704E-11 2.40464E-09 2.96337E-06 8.74374E-10 4.48714E-10 4.73570E-10
 6.29607E-09 1.47683E-11 1.29864E-06 4.24731E-08 4.23703E-08 7.32925E-13 4.38613E-13 1.67202E-13
 8.59082E-12 4.02440E-13 2.81183E-14 1.37724E-13 5.79478E-16 1.34944E-16 4.15520E-21 1.53621E-18
 1.18932E-14 4.82033E-12 9.61458E-12 3.90734E-12 4.15402E-10 7.34630E-18 3.33543E-30 1.55354E-30
 1.43023E-23 8.44988E-22 7.24930E-21 3.18673E-30 1.39272E-11 2.62931E-09 2.86089E-06 1.06367E-09
 5.50316E-10 5.89224E-10 4.95518E-09 2.38892E-11 1.41719E-06 3.28931E-08 5.71948E-08 5.45700E-13
 3.22325E-13 1.30201E-13 8.44902E-12 4.13489E-13 2.43385E-14 1.24351E-13 5.18963E-16 1.22241E-16
 2.99456E-21 5.79389E-19 9.61959E-15 3.64228E-12 9.69256E-12 2.82439E-12 4.17545E-10 3.94637E-18
 5.17365E-30 2.36072E-30 1.58548E-23 9.55901E-22 7.13146E-21 4.31171E-30 1.64432E-11 2.89441E-09
 2.74888E-06 1.29716E-09 6.76213E-10 7.35249E-10 3.92557E-09 3.90443E-11 1.54252E-06 2.46242E-08
 7.67761E-08 3.95124E-13 2.30397E-13 1.02728E-13 8.32089E-12 4.25459E-13 2.11439E-14 1.12574E-13
 4.65380E-16 1.11662E-16 2.17374E-21 2.21491E-19 7.89251E-15 2.77378E-12 9.76208E-12 2.05535E-12
 4.19071E-10 2.13691E-18 7.96360E-30 3.55983E-30 1.75006E-23 1.07991E-21 7.00020E-21 5.82617E-30
 1.75732E-11 3.23036E-09 2.62639E-06 1.57196E-09 8.23138E-10 9.04298E-10 3.15186E-09 6.39633E-11
 1.67524E-06 1.78238E-08 1.01474E-07 2.77771E-13 1.60524E-13 8.20704E-14 8.20891E-12 4.32219E-13
 1.82822E-14 1.00060E-13 4.09550E-16 1.00179E-16 1.52574E-21 8.73308E-20 6.56374E-15 2.12351E-12
 9.85233E-12 1.51900E-12 4.20123E-10 1.16007E-18 1.19537E-29 5.26646E-30 1.95211E-23 1.22520E-21
 6.84703E-21 7.88569E-30 1.71825E-11 3.66735E-09 2.49245E-06 1.88174E-09 9.84555E-10 1.08264E-09
 2.57283E-09 1.04222E-10 1.81634E-06 1.24871E-08 1.31641E-07 1.89201E-13 1.09106E-13 6.63026E-14
 8.11363E-12 4.29212E-13 1.56424E-14 8.60561E-14 3.48685E-16 8.65697E-17 1.00518E-21 3.59189E-20
 5.52868E-15 1.63047E-12 9.98189E-12 1.14659E-12 4.20812E-10 6.28723E-19 1.72913E-29 7.58676E-30
 2.22119E-23 1.40013E-21 6.66322E-21 1.07014E-29 1.56476E-11 4.23557E-09 2.34845E-06 2.21925E-09
 1.15220E-09 1.25269E-09 2.13508E-09 1.67986E-10 1.96464E-06 8.53214E-09 1.67400E-07 1.25432E-13
 7.28091E-14 5.42546E-14 8.03447E-12 4.14466E-13 1.32092E-14 7.11095E-14 2.85001E-16 7.13411E-17
 6.12187E-22 1.54747E-20 4.72502E-15 1.25322E-12 1.01637E-11 8.85755E-13 4.21217E-10 3.39226E-19
 2.39161E-29 1.05880E-29 2.58180E-23 1.60940E-21 6.44388E-21 1.45186E-29 1.34734E-11 4.97082E-09
 2.19488E-06 2.57563E-09 1.31717E-09 1.39717E-09 1.79884E-09 2.67075E-10 2.12016E-06 5.71774E-09
 2.09434E-07 8.12194E-14 4.79005E-14 4.49409E-14 7.96767E-12 3.88191E-13 1.09921E-14 5.62646E-14
 2.22876E-16 5.58019E-17 3.42171E-22 6.96499E-21 4.09682E-15 9.61596E-13 1.04044E-11 6.99369E-13
 4.21401E-10 1.81518E-19 3.15350E-29 1.42857E-29 3.06211E-23 1.85663E-21 6.18510E-21 1.96369E-29
 1.10983E-11 5.91953E-09 2.03174E-06 2.94000E-09 1.47080E-09 1.50212E-09 1.53621E-09 4.18498E-10
 2.28344E-06 3.77104E-09 2.59429E-07 5.14866E-14 3.11301E-14 3.76217E-14 7.90775E-12 3.52283E-13
 9.00300E-15 4.25577E-14 1.66603E-16 4.13488E-17 1.74995E-22 3.24968E-21 3.60016E-15 7.33696E-13
 1.07050E-11 5.62210E-13 4.21408E-10 9.58504E-20 3.96250E-29 1.86256E-29 3.69698E-23 2.14384E-21
 5.88444E-21 2.64140E-29 8.85995E-12 7.14173E-09 1.86084E-06 3.30060E-09 1.60593E-09 1.55902E-09
 1.32740E-09 6.46842E-10 2.45315E-06 2.46318E-09 3.20265E-07 3.21380E-14 2.00829E-14 3.18297E-14
 7.84971E-12 3.09810E-13 7.25331E-15 3.07776E-14 1.19153E-16 2.90553E-17 8.20180E-23 1.55511E-21
 3.20660E-15 5.54342E-13 1.10627E-11 4.57686E-13 4.21273E-10 4.97006E-20 4.74573E-29 2.34576E-29
 4.52333E-23 2.46756E-21 5.54503E-21 3.52143E-29 6.92883E-12 8.72073E-09 1.68416E-06 3.64348E-09
 1.71686E-09 1.56529E-09 1.15905E-09 9.87953E-10 2.62772E-06 1.60114E-09 3.97377E-07 1.98456E-14
 1.29054E-14 2.72096E-14 7.78873E-12 2.64121E-13 5.74331E-15 2.12795E-14 8.16328E-17 1.93920E-17
 3.53064E-23 7.53990E-22 2.89350E-15 4.12728E-13 1.14696E-11 3.75020E-13 4.21025E-10 2.51598E-20
 5.42468E-29 2.85536E-29 5.58812E-23 2.82118E-21 5.17302E-21 4.64221E-29 5.36904E-12 1.07762E-08
 1.50519E-06 3.95447E-09 1.79973E-09 1.52325E-09 1.02218E-09 1.49528E-09 2.80397E-06 1.04268E-09
 4.99349E-07 1.21991E-14 8.30281E-15 2.35233E-14 7.72158E-12 2.18346E-13 4.46742E-15 1.40689E-14
 5.36333E-17 1.23332E-17 1.40184E-23 3.65862E-22 2.64502E-15 3.01357E-13 1.19173E-11 3.07385E-13
 4.20687E-10 1.23641E-20 5.92480E-29 3.36152E-29 6.94421E-23 3.19252E-21 4.78012E-21 6.03723E-29
 4.17076E-12 1.34960E-08 1.32838E-06 4.22013E-09 1.85195E-09 1.43829E-09 9.11370E-10 2.25142E-09
 2.97770E-06 6.85687E-10 6.38639E-07 7.51434E-15 5.38015E-15 2.05960E-14 7.64661E-12 1.74932E-13
 3.41310E-15 8.89519E-15 3.37841E-17 7.51138E-18 5.16210E-24 1.75519E-22 2.44895E-15 2.14685E-13
 1.24011E-11 2.50492E-13 4.20275E-10 5.86137E-21 6.18614E-29 3.83017E-29 8.65390E-23 3.56575E-21
 4.38165E-21 7.73082E-29 3.27205E-12 1.72160E-08 1.15638E-06 4.42339E-09 1.87015E-09 1.31608E-09
 8.24864E-10 3.38983E-09 3.14635E-06 4.57034E-10 8.33604E-07 4.64196E-15 3.51415E-15 1.82629E-14
 7.56209E-12 1.35366E-13 2.55777E-15 5.35850E-15 2.03205E-17 4.39822E-18 1.76568E-24 8.20103E-23
 2.29343E-15 1.47991E-13 1.29188E-11 2.01427E-13 4.19796E-10 2.65220E-21 6.16842E-29 4.22516E-29
 1.08194E-22 3.92835E-21 3.98909E-21 9.74823E-29 2.60222E-12 2.25765E-08 9.90627E-07 4.54064E-09
 1.84902E-09 1.16157E-09 7.63769E-10 5.13683E-09 3.30848E-06 3.08656E-10 1.10969E-06 2.85890E-15
 2.30174E-15 1.63857E-14 7.46597E-12 1.00431E-13 1.87412E-15 3.04841E-15 1.15612E-17 2.48598E-18
 5.59614E-25 3.65595E-23 2.16837E-15 9.73965E-14 1.34714E-11 1.58185E-13 4.19257E-10 1.12591E-21
 5.85119E-29 4.50825E-29 1.36178E-22 4.27141E-21 3.60951E-21 1.21180E-28 2.10464E-12 3.08158E-08
 8.33029E-07 4.54184E-09 1.78177E-09 9.80450E-10 7.30851E-10 7.88861E-09 3.46206E-06 2.10955E-10
 1.49771E-06 1.73547E-15 1.49685E-15 1.48665E-14 7.35647E-12 7.06324E-14 1.33550E-15 1.61568E-15
 6.12925E-18 1.36731E-18 1.63936E-25 1.51489E-23 2.06640E-15 6.00478E-14 1.40647E-11 1.19738E-13
 4.18653E-10 4.38019E-22 5.24859E-29 4.64934E-29 1.73509E-22 4.58601E-21 3.24875E-21 1.48643E-28
 1.74247E-12 4.43359E-08 6.87805E-07 4.39589E-09 1.66288E-09 7.83131E-10 7.29492E-10 1.23401E-08
 3.60261E-06 1.46319E-10 2.02441E-06 1.02396E-15 9.54140E-16 1.36486E-14 7.23356E-12 4.64671E-14
 9.19077E-16 7.87161E-16 2.97497E-18 7.44220E-19 4.46193E-26 5.68411E-24 1.98307E-15 3.39587E-14
 1.47061E-11 8.62114E-14 4.17980E-10 1.52445E-22 4.43142E-29 4.64828E-29 2.25234E-22 4.85871E-21
 2.91524E-21 1.79929E-28 1.48455E-12 6.79136E-08 5.59151E-07 4.07445E-09 1.49178E-09 5.86553E-10
 7.63975E-10 1.96816E-08 3.72542E-06 1.03354E-10 2.70561E-06 5.76234E-16 5.83650E-16 1.26855E-14
 7.09781E-12 2.82389E-14 6.04772E-16 3.48917E-16 1.30039E-18 4.09091E-19 1.13938E-26 1.89636E-24
 1.91482E-15 1.72867E-14 1.53935E-11 5.84925E-14 4.17241E-10 4.65859E-23 3.52265E-29 4.54498E-29
 3.00476E-22 5.07409E-21 2.61532E-21 2.15171E-28 1.28215E-12 1.09843E-07 4.48427E-07 3.65057E-09
 1.29934E-09 4.12955E-10 8.27301E-10 3.21815E-08 3.82792E-06 7.41896E-11 3.55194E-06 3.01639E-16
 3.32276E-16 1.19245E-14 6.94760E-12 1.59410E-14 3.83819E-16 1.41400E-16 5.14261E-19 2.30472E-19
 2.76772E-27 5.80697E-25 1.85771E-15 8.03098E-15 1.62078E-11 3.80197E-14 4.16355E-10 1.26706E-23
 2.70342E-29 4.49751E-29 4.08356E-22 5.22371E-21 2.34823E-21 2.54550E-28 1.10016E-12 2.03845E-07
 3.54252E-07 3.24355E-09 1.11695E-09 2.65828E-10 9.69105E-10 5.97265E-08 3.90644E-06 5.40373E-11
 4.56120E-06 1.40411E-16 1.63297E-16 1.13281E-14 6.78350E-12 7.81050E-15 2.39597E-16 5.09817E-17
 1.74234E-19 1.30550E-19 6.03207E-28 1.61159E-25 1.80907E-15 3.29769E-15 1.76899E-11 2.35195E-14
 4.14784E-10 2.87529E-24 1.95107E-29 4.62290E-29 5.66869E-22 5.29092E-21 2.11256E-21 3.03668E-28
 9.72599E-13 9.36371E-07 2.70501E-07 1.41841E-09 5.30407E-10 1.10023E-10 2.42167E-09 1.34637E-07
 3.95177E-06 4.00101E-11 5.71479E-06 5.48026E-17 5.86297E-17 1.08724E-14 6.60868E-12 1.45558E-15
 7.61010E-17 1.25352E-17 2.65633E-20 4.75417E-20 6.99712E-29 2.97554E-26 1.76748E-15 4.77973E-16
 2.23214E-11 1.17457E-14 4.10052E-10 2.81409E-25 5.33170E-30 2.25291E-29 1.32822E-21 4.72418E-21
 1.90769E-21 3.36677E-28 5.56704E-13 5.00738E-06 2.03202E-07 4.55402E-10 1.59036E-10 3.82446E-11
 7.50089E-09 2.32612E-07 3.96867E-06 3.01137E-11 6.89775E-06 2.12137E-17 3.01529E-17 1.05296E-14
 6.42049E-12 2.40400E-16 1.77471E-17 3.02608E-18 3.36222E-21 1.05746E-20 6.97267E-30 1.42887E-26
 1.73076E-15 3.23743E-17 3.47636E-11 9.73355E-15 3.97490E-10 1.72732E-26 7.48323E-31 4.34156E-30
 2.70190E-21 3.51390E-21 1.73400E-21 2.04869E-28 2.42501E-13 1.53591E-05 1.52965E-07 2.28749E-10
 6.18341E-11 1.34142E-11 1.50932E-08 3.18519E-07 3.97426E-06 2.30256E-11 8.05555E-06 8.48392E-18
 1.98622E-17 1.02668E-14 6.22629E-12 1.30644E-16 6.08118E-18 7.76461E-19 4.73109E-22 5.44025E-21
 8.06912E-31 9.21573E-27 1.69782E-15 3.48931E-18 5.06029E-11 9.22329E-15 3.81523E-10 1.79052E-27
 9.39394E-32 9.42079E-31 3.38955E-21 2.96285E-21 1.58738E-21 9.98626E-29 1.10006E-13 3.42102E-05
 1.16218E-07 1.45402E-10 2.89340E-11 4.85735E-12 2.37676E-08 3.86988E-07 3.97521E-06 1.79003E-11
 9.17551E-06 3.54819E-18 1.50169E-17 1.00562E-14 6.03175E-12 1.03963E-16 2.67219E-18 2.13594E-19
 7.89256E-23 3.80947E-21 1.30850E-31 5.83039E-27 1.66832E-15 6.72780E-19 6.70416E-11 8.62785E-15
 3.64950E-10 4.82356E-28 1.16041E-32 2.50402E-31 3.53064E-21 2.93548E-21 1.46364E-21 4.86612E-29
 5.72075E-14 6.33353E-05 8.92110E-08 1.03229E-10 1.51820E-11 1.81425E-12 3.24618E-08 4.40322E-07
 3.97415E-06 1.41238E-11 1.02654E-05 1.55023E-18 1.24157E-17 9.87567E-15 5.83869E-12 8.67728E-17
 1.32159E-18 6.28226E-20 1.61765E-23 2.74298E-21 3.37460E-32 3.52485E-27 1.64168E-15 1.74588E-19
 8.30917E-11 7.88619E-15 3.48759E-10 1.74569E-28 1.45107E-33 7.94644E-32 3.47154E-21 3.08981E-21
 1.35799E-21 2.51026E-29 3.34363E-14 1.04199E-04 6.91085E-08 7.73161E-11 8.60698E-12 6.94997E-13
 4.03650E-08 4.81946E-07 3.97214E-06 1.12828E-11 1.13372E-05 7.03705E-19 1.09173E-17 9.71006E-15
 5.64752E-12 7.24251E-17 6.91195E-19 1.96392E-20 4.08545E-24 1.96108E-21 1.20763E-32 2.04643E-27
 1.61739E-15 5.40134E-20 9.84763E-11 7.06328E-15 3.33223E-10 6.89491E-29 1.86970E-34 2.93294E-32
 3.39261E-21 3.24927E-21 1.26640E-21 1.39067E-29 2.13908E-14 1.57532E-04 5.40599E-08 5.94637E-11
 5.17438E-12 2.73297E-13 4.67701E-08 5.14503E-07 3.96969E-06 9.12286E-12 1.23928E-05 3.31683E-19
 1.00258E-17 9.55169E-15 5.46002E-12 6.01793E-17 3.71608E-19 6.52876E-21 1.23326E-24 1.39142E-21
 4.93018E-33 1.14598E-27 1.59522E-15 1.89232E-20 1.13017E-10 6.21234E-15 3.18521E-10 2.87141E-29
 2.57084E-35 1.23526E-32 3.36032E-21 3.34962E-21 1.18656E-21 8.28058E-30 1.46965E-14 2.23544E-04
 4.27191E-08 4.63063E-11 3.25769E-12 1.10479E-13 5.12453E-08 5.40140E-07 3.96705E-06 7.46426E-12
 1.34336E-05 1.62176E-19 9.48523E-18 9.39694E-15 5.27759E-12 4.98292E-17 2.02428E-19 2.30674E-21
 4.23264E-25 9.82237E-22 2.09210E-33 6.21098E-28 1.57495E-15 7.27188E-21 1.26636E-10 5.37465E-15
 3.04730E-10 1.24271E-29 3.96663E-36 5.81565E-33 3.39040E-21 3.37700E-21 1.11659E-21 5.25983E-30
 1.07039E-14 3.02003E-04 3.41132E-08 3.62354E-11 2.12892E-12 4.59893E-14 5.36300E-08 5.60501E-07
 3.96434E-06 6.17901E-12 1.44609E-05 8.21663E-20 9.15341E-18 9.24484E-15 5.10141E-12 4.11683E-17
 1.10876E-19 8.64343E-22 1.58188E-25 6.91253E-22 8.96513E-34 3.26640E-28 1.55639E-15 2.99972E-21
 1.39299E-10 4.57977E-15 2.91882E-10 5.53618E-30 7.28995E-37 3.00304E-33 3.48082E-21 3.33489E-21
 1.05499E-21 3.52894E-30 8.18934E-15 3.92300E-04 2.75415E-08 2.83714E-11 1.43477E-12 1.97526E-14
 5.39926E-08 5.76817E-07 3.96164E-06 5.17520E-12 1.54753E-05 4.30964E-20 8.94743E-18 9.09597E-15
 4.93247E-12 3.39721E-17 6.08126E-20 3.42239E-22 6.25960E-26 4.85637E-22 3.85175E-34 1.67029E-28
 1.53937E-15 1.30813E-21 1.50994E-10 3.84743E-15 2.79991E-10 2.52146E-30 1.66379E-37 1.67302E-33
 3.62428E-21 3.23180E-21 1.00060E-21 2.47630E-30 6.53836E-15 4.93546E-04 2.24969E-08 2.21725E-11
 9.92267E-13 8.77657E-15 5.25734E-08 5.90001E-07 3.95896E-06 4.38616E-12 1.64774E-05 2.34000E-20
 8.81772E-18 8.95159E-15 4.77165E-12 2.80212E-17 3.33238E-20 1.42604E-22 2.58068E-26 3.40915E-22
 1.65775E-34 8.31946E-29 1.52372E-15 5.96313E-22 1.61724E-10 3.18939E-15 2.69051E-10 1.16820E-30
 4.69090E-38 9.91511E-34 3.81122E-21 3.07822E-21 9.52435E-22 1.80089E-30 5.42087E-15 6.04636E-04
 1.86123E-08 1.72723E-11 7.01486E-13 4.06178E-15 4.97233E-08 6.00731E-07 3.95634E-06 3.76321E-12
 1.74673E-05 1.31966E-20 8.73420E-18 8.81311E-15 4.61963E-12 2.31153E-17 1.82385E-20 6.25279E-23
 1.10201E-26 2.39294E-22 7.17465E-35 4.04589E-29 1.50930E-15 2.81799E-22 1.71507E-10 2.61121E-15
 2.59044E-10 5.48633E-31 1.56826E-38 6.17382E-34 4.02862E-21 2.88796E-21 9.09727E-22 1.34576E-30
 4.59422E-15 7.29138E-04 1.55004E-08 1.33968E-11 5.02317E-13 1.92758E-15 4.61199E-08 6.09855E-07
 3.95366E-06 3.25074E-12 1.84848E-05 7.61967E-21 8.67626E-18 8.67642E-15 4.47118E-12 1.90555E-17
 9.93399E-21 2.82564E-23 4.78206E-27 1.67834E-22 3.09447E-35 1.92764E-29 1.49543E-15 1.35647E-22
 1.80728E-10 2.11639E-15 2.49575E-10 2.58831E-31 5.79173E-39 3.94958E-34 4.26293E-21 2.67608E-21
 8.70291E-22 1.01971E-30 3.92299E-15 8.72986E-04 1.28976E-08 1.03392E-11 3.61638E-13 9.16809E-16
 4.22791E-08 6.17996E-07 3.95081E-06 2.80967E-12 1.95789E-05 4.41966E-21 8.63197E-18 8.53656E-15
 4.32050E-12 1.56796E-17 5.36600E-21 1.28270E-23 2.06847E-27 1.17493E-22 1.31520E-35 9.02326E-30
 1.48143E-15 6.55813E-23 1.89766E-10 1.70149E-15 2.40247E-10 1.21721E-31 2.23171E-39 2.55163E-34
 4.50492E-21 2.45282E-21 8.32159E-22 7.75800E-31 3.37028E-15 1.03816E-03 1.07130E-08 7.94082E-12
 2.61749E-13 4.35993E-16 3.83225E-08 6.25333E-07 3.94774E-06 2.42795E-12 2.07616E-05 2.56941E-21
 8.59551E-18 8.39362E-15 4.16753E-12 1.28768E-17 2.87832E-21 5.82680E-24 8.92833E-28 8.20894E-23
 5.53093E-36 4.15816E-30 1.46717E-15 3.18448E-23 1.98625E-10 1.35743E-15 2.31049E-10 5.70661E-32
 8.83132E-40 1.66218E-34 4.74701E-21 2.22557E-21 7.95053E-22 5.91689E-31 2.91401E-15 1.22587E-03
 8.88365E-09 6.07026E-12 1.90567E-13 2.07481E-16 3.43367E-08 6.31973E-07 3.94443E-06 2.09776E-12
 2.20389E-05 1.49761E-21 8.56307E-18 8.24830E-15 4.01290E-12 1.05549E-17 1.53404E-21 2.64739E-24
 3.85637E-28 5.72439E-23 2.30955E-36 1.88759E-30 1.45259E-15 1.55464E-23 2.07258E-10 1.07478E-15
 2.22020E-10 2.66867E-32 3.57305E-40 1.09224E-34 4.98407E-21 1.99915E-21 7.58923E-22 4.52293E-31
 2.53594E-15 1.43716E-03 7.35502E-09 4.61951E-12 1.39597E-13 9.88894E-17 3.04128E-08 6.38002E-07
 3.94086E-06 1.81221E-12 2.34161E-05 8.75429E-22 8.53193E-18 8.10097E-15 3.85694E-12 8.63488E-18
 8.12494E-22 1.20257E-24 1.66953E-28 3.98402E-23 9.59156E-37 8.44465E-31 1.43763E-15 7.63485E-24
 2.15622E-10 8.44771E-16 2.13194E-10 1.24520E-32 1.47590E-40 7.24133E-35 5.21183E-21 1.77745E-21
 7.23708E-22 3.46461E-31 2.22132E-15 1.67284E-03 6.07988E-09 3.50062E-12 1.02903E-13 4.72487E-17
 2.66341E-08 6.43488E-07 3.93698E-06 1.56528E-12 2.48976E-05 5.13364E-22 8.50006E-18 7.95175E-15
 3.69964E-12 7.04949E-18 4.27710E-22 5.45962E-25 7.25248E-29 2.76696E-23 3.96499E-37 3.72557E-31
 1.42220E-15 3.77341E-24 2.23680E-10 6.59333E-16 2.04596E-10 5.79797E-33 6.22226E-41 4.84389E-35
 5.42617E-21 1.56417E-21 6.89338E-22 2.65892E-31 1.96056E-15 1.93336E-03 5.01749E-09 2.64346E-12
 7.63342E-14 2.26538E-17 2.30792E-08 6.48479E-07 3.93276E-06 1.35170E-12 2.64866E-05 3.02034E-22
 8.46586E-18 7.80053E-15 3.54055E-12 5.74156E-18 2.24065E-22 2.47659E-25 3.16778E-29 1.91711E-23
 1.63557E-37 1.62466E-31 1.40623E-15 1.87847E-24 2.31398E-10 5.11403E-16 1.96249E-10 2.69605E-33
 2.68271E-41 3.26898E-35 5.62272E-21 1.36321E-21 6.55735E-22 2.04386E-31 1.82616E-15 2.21778E-03
 4.13563E-09 2.01430E-12 5.73669E-14 1.09541E-17 2.04476E-08 6.53017E-07 3.92829E-06 1.16741E-12
 2.81787E-05 1.78576E-22 8.42807E-18 7.64743E-15 3.37932E-12 4.71188E-18 1.21109E-22 1.12637E-25
 1.42148E-29 1.36132E-23 6.98626E-38 7.55053E-32 1.38966E-15 9.92092E-25 2.38721E-10 4.02345E-16
 1.88196E-10 1.37021E-33 1.22814E-41 2.23968E-35 5.79517E-21 1.18030E-21 6.22905E-22 1.58311E-31
 1.78855E-15 2.52409E-03 3.40883E-09 1.54220E-12 4.36104E-14 5.36990E-18 1.83908E-08 6.57194E-07
 3.92379E-06 1.00936E-12 2.99619E-05 1.06473E-22 8.38562E-18 7.49265E-15 3.21764E-12 3.88738E-18
 6.71277E-23 5.15789E-26 6.59708E-30 9.85217E-24 3.11759E-38 3.69118E-32 1.37246E-15 5.50890E-25
 2.45580E-10 3.19325E-16 1.80489E-10 7.50087E-34 5.98971E-42 1.55734E-35 5.94403E-21 1.01426E-21
 5.90915E-22 1.23440E-31 1.70237E-15 2.85185E-03 2.81087E-09 1.16082E-12 3.31169E-14 2.66344E-18
 1.58274E-08 6.61100E-07 3.91928E-06 8.73871E-13 3.18328E-05 6.40348E-23 8.33733E-18 7.33526E-15
 3.05818E-12 3.16406E-18 3.57373E-23 2.36922E-26 3.05943E-30 6.90892E-24 1.36497E-38 1.65573E-32
 1.35448E-15 2.92746E-25 2.51962E-10 2.46510E-16 1.73123E-10 3.75342E-34 2.93161E-42 1.08712E-35
 6.07397E-21 8.59677E-22 5.59643E-22 9.57868E-32 1.70885E-15 3.19951E-03 2.31948E-09 8.78261E-13
 2.54461E-14 1.33865E-18 1.38906E-08 6.64785E-07 3.91485E-06 7.57755E-13 3.37837E-05 3.88942E-23
 8.28203E-18 7.17464E-15 2.90186E-12 2.59514E-18 1.94517E-23 1.09339E-26 1.44670E-30 4.96367E-24
 6.11121E-39 7.80273E-33 1.33557E-15 1.64406E-25 2.57849E-10 1.92279E-16 1.66094E-10 2.04348E-34
 1.49450E-42 7.70480E-36 6.17957E-21 7.21204E-22 5.28965E-22 7.48794E-32 1.65405E-15 3.56580E-03
 1.91639E-09 6.53233E-13 1.95023E-14 6.80582E-19 1.16179E-08 6.68314E-07 3.91056E-06 6.58313E-13
 3.58066E-05 2.38466E-23 8.21839E-18 7.00998E-15 2.75216E-12 2.09908E-18 1.01294E-23 5.04933E-27
 6.75278E-31 3.44364E-24 2.64070E-39 3.33912E-33 1.31557E-15 8.75866E-26 2.63226E-10 1.45583E-16
 1.59392E-10 1.00361E-34 7.55518E-43 5.47519E-36 6.26309E-21 5.95583E-22 4.98749E-22 5.81645E-32
 1.64501E-15 3.94919E-03 1.58545E-09 4.86100E-13 1.50611E-14 3.49773E-19 9.74206E-09 6.71696E-07
 3.90637E-06 5.73021E-13 3.78942E-05 1.47565E-23 8.14502E-18 6.84057E-15 2.60999E-12 1.70357E-18
 5.30228E-24 2.33297E-27 3.16153E-31 2.41313E-24 1.13787E-39 1.44187E-33 1.29424E-15 4.78778E-26
 2.68085E-10 1.10262E-16 1.52994E-10 5.09950E-35 3.88358E-43 3.93502E-36 6.32053E-21 4.85794E-22
 4.68828E-22 4.53307E-32 1.66370E-15 4.34669E-03 1.31477E-09 3.61155E-13 1.16986E-14 1.81962E-19
 8.13058E-09 6.75004E-07 3.90257E-06 5.00096E-13 4.00292E-05 9.22453E-24 8.06049E-18 6.66634E-15
 2.47812E-12 1.38516E-18 2.78230E-24 1.08004E-27 1.48728E-31 1.69825E-24 4.90872E-40 6.21135E-34
 1.27141E-15 2.65466E-26 2.72391E-10 8.31534E-17 1.46906E-10 2.63387E-35 2.02750E-43 2.85657E-36
 6.35132E-21 3.91257E-22 4.39136E-22 3.53818E-32 1.58406E-15 4.75781E-03 1.09294E-09 2.64070E-13
 9.03586E-15 9.55926E-20 6.38681E-09 6.78214E-07 3.89889E-06 4.37573E-13 4.22071E-05 5.80157E-24
 7.96297E-18 6.48635E-15 2.35946E-12 1.10971E-18 1.38296E-24 4.98517E-28 6.79493E-32 1.14386E-24
 1.99971E-40 2.35401E-34 1.24678E-15 1.36275E-26 2.76136E-10 6.04965E-17 1.41092E-10 1.18094E-35
 1.03311E-43 2.07428E-36 6.35653E-21 3.09459E-22 4.09479E-22 2.73509E-32 1.51048E-15 5.18141E-03
 9.10582E-10 1.93582E-13 7.01291E-15 5.06379E-20 4.97598E-09 6.81228E-07 3.89491E-06 3.83785E-13
 4.44215E-05 3.66545E-24 7.85071E-18 6.30012E-15 2.25332E-12 8.91748E-19 6.86335E-25 2.29407E-28
 3.06517E-32 7.72719E-25 7.94278E-41 8.74587E-35 1.22006E-15 7.02315E-27 2.79307E-10 4.37774E-17
 1.35526E-10 5.28425E-36 5.24349E-44 1.51957E-36 6.33377E-21 2.41420E-22 3.79727E-22 2.11516E-32
 1.44889E-15 5.61494E-03 7.60856E-10 1.42895E-13 5.46828E-15 2.70699E-20 3.85230E-09 6.84033E-07
 3.89055E-06 3.37565E-13 4.66556E-05 2.32669E-24 7.72209E-18 6.10794E-15 2.15967E-12 7.19171E-19
 3.43774E-25 1.05501E-28 1.37841E-32 5.23812E-25 3.12517E-41 3.22243E-35 1.19104E-15 3.64046E-27
 2.81864E-10 3.15618E-17 1.30204E-10 2.37393E-36 2.67550E-44 1.12311E-36 6.28261E-21 1.86248E-22
 3.49882E-22 1.63596E-32 1.39482E-15 6.05614E-03 6.38093E-10 1.06627E-13 4.28278E-15 1.46205E-20
 2.96365E-09 6.86623E-07 3.88575E-06 2.97903E-13 4.88922E-05 1.48370E-24 7.57557E-18 5.91015E-15
 2.07854E-12 5.82413E-19 1.74603E-25 4.86122E-29 6.20470E-33 3.56512E-25 1.22627E-41 1.17743E-35
 1.15952E-15 1.89643E-27 2.83767E-10 2.26648E-17 1.25125E-10 1.07036E-36 1.37596E-44 8.37462E-37
 6.20348E-21 1.42242E-22 3.19996E-22 1.26515E-32 1.30436E-15 6.50421E-03 5.37337E-10 8.05567E-14
 3.35126E-15 7.97855E-21 2.21051E-09 6.88908E-07 3.88000E-06 2.63831E-13 5.11202E-05 9.48554E-25
 7.40953E-18 5.70679E-15 2.00991E-12 4.70005E-19 8.83255E-26 2.24632E-29 2.76040E-33 2.38335E-25
 4.69685E-42 4.03767E-36 1.12528E-15 9.52855E-28 2.84980E-10 1.59874E-17 1.20277E-10 4.51849E-37
 7.04098E-45 6.27469E-37 6.09711E-21 1.07389E-22 2.90131E-22 9.73001E-33 1.19439E-15 6.95873E-03
 4.54427E-10 6.24386E-14 2.62286E-15 4.39659E-21 1.61061E-09 6.90681E-07 3.87225E-06 2.34484E-13
 5.33299E-05 6.07189E-25 7.22275E-18 5.49809E-15 1.95222E-12 3.78815E-19 4.52085E-26 1.04197E-29
 1.21267E-33 1.57447E-25 1.75367E-42 1.31542E-36 1.08817E-15 4.66245E-28 2.85473E-10 1.11290E-17
 1.15649E-10 1.81371E-37 3.58329E-45 4.72749E-37 5.96399E-21 8.02724E-23 2.60434E-22 7.44894E-33
 1.12720E-15 7.41751E-03 3.86344E-10 5.04219E-14 2.07138E-15 2.45142E-21 1.19862E-09 6.91862E-07
 3.86208E-06 2.09267E-13 5.55001E-05 3.90147E-25 7.01509E-18 5.28531E-15 1.90323E-12 3.09308E-19
 2.46292E-26 4.87375E-30 5.38737E-34 1.06911E-25 6.63874E-43 4.48893E-37 1.04825E-15 2.38257E-28
 2.85208E-10 7.84047E-18 1.11254E-10 7.79730E-38 1.85298E-45 3.60358E-37 5.80530E-21 5.97241E-23
 2.31234E-22 5.72619E-33 1.05988E-15 7.88014E-03 3.30504E-10 4.26664E-14 1.63777E-15 1.38509E-21
 8.81223E-10 6.92421E-07 3.84914E-06 1.87618E-13 5.76147E-05 2.51761E-25 6.78635E-18 5.06927E-15
 1.86202E-12 2.52725E-19 1.40358E-26 2.30639E-30 2.40603E-34 7.22361E-26 2.52130E-43 1.50386E-37
 1.00556E-15 1.20430E-28 2.84153E-10 5.48603E-18 1.07094E-10 3.29048E-38 9.67829E-46 2.76371E-37
 5.62256E-21 4.42219E-23 2.02840E-22 4.38498E-33 1.00350E-15 8.34632E-03 2.84771E-10 3.80737E-14
 1.29916E-15 7.94414E-22 6.47382E-10 6.92217E-07 3.83259E-06 1.69043E-13 5.96587E-05 1.63416E-25
 6.53732E-18 4.85114E-15 1.82730E-12 2.07399E-19 8.47563E-27 1.10799E-30 1.08378E-34 4.90774E-26
 9.65690E-44 5.03713E-38 9.60306E-16 6.12125E-29 2.82290E-10 3.83546E-18 1.03176E-10 1.39819E-38
 5.11834E-46 2.13475E-37 5.41775E-21 3.26357E-23 1.75627E-22 3.35168E-33 9.66990E-16 8.81589E-03
 2.47465E-10 3.57315E-14 1.03581E-15 4.64257E-22 4.80555E-10 6.91201E-07 3.81198E-06 1.53139E-13
 6.16159E-05 1.07090E-25 6.26959E-18 4.63230E-15 1.79804E-12 1.71512E-19 5.46273E-27 5.42970E-31
 4.95721E-35 3.38469E-26 3.77316E-44 1.72937E-38 9.12816E-16 3.18040E-29 2.79613E-10 2.69560E-18
 9.95077E-11 6.15633E-39 2.75398E-46 1.66171E-37 5.19339E-21 2.40562E-23 1.49990E-22 2.56162E-33
 9.28621E-16 9.29038E-03 2.17142E-10 3.52841E-14 8.25552E-16 2.78209E-22 3.52805E-10 6.89258E-07
 3.78646E-06 1.39519E-13 6.34771E-05 7.12381E-26 5.98486E-18 4.41377E-15 1.77356E-12 1.41769E-19
 3.69109E-27 2.72801E-31 2.28427E-35 2.31995E-26 1.48363E-44 5.81662E-39 8.63423E-16 1.63044E-29
 2.76124E-10 1.88096E-18 9.60882E-11 2.65498E-39 1.49857E-46 1.29873E-37 4.95191E-21 1.77318E-23
 1.26242E-22 1.94670E-33 8.95811E-16 9.77077E-03 1.92677E-10 3.62496E-14 6.59064E-16 1.73810E-22
 2.58970E-10 6.86199E-07 3.75483E-06 1.27862E-13 6.52326E-05 4.87700E-26 5.68612E-18 4.19707E-15
 1.75306E-12 1.17572E-19 2.60704E-27 1.42225E-31 1.06442E-35 1.59691E-26 5.89214E-45 1.95219E-39
 8.12656E-16 8.37537E-30 2.71849E-10 1.31066E-18 9.29211E-11 1.14821E-39 8.29151E-47 1.01968E-37
 4.69663E-21 1.31471E-23 1.04692E-22 1.47400E-33 8.66340E-16 1.02590E-02 1.73141E-10 3.85689E-14
 5.25466E-16 1.17551E-22 1.88548E-10 6.81795E-07 3.71564E-06 1.17872E-13 6.68771E-05 3.53113E-26
 5.37653E-18 3.98351E-15 1.73584E-12 9.74306E-20 1.90280E-27 7.95219E-32 5.09067E-36 1.09262E-26
 2.38263E-45 6.44512E-40 7.61058E-16 4.25154E-30 2.66823E-10 9.08488E-19 9.00046E-11 4.88433E-40
 4.77291E-47 8.02522E-38 4.43090E-21 9.93698E-24 8.55383E-23 1.10871E-33 8.71191E-16 1.07554E-02
 1.57912E-10 4.09424E-14 4.23208E-16 9.23628E-23 1.44318E-10 6.76068E-07 3.66877E-06 1.09362E-13
 6.83983E-05 2.83468E-26 5.06095E-18 3.77527E-15 1.72121E-12 8.21917E-20 1.47027E-27 5.22484E-32
 2.79748E-36 7.80936E-27 1.11157E-45 2.41305E-40 7.09424E-16 2.34346E-30 2.61119E-10 6.49230E-19
 8.73469E-11 2.37843E-40 3.19806E-47 6.35911E-38 4.15931E-21 7.90782E-24 6.89425E-23 8.38218E-34
 2.85150E+02 2.78650E+02 2.72150E+02 2.65660E+02 2.61170E+02 2.55680E+02 2.49190E+02 2.42700E+02
 2.36210E+02 2.25000E+02 2.10000E+02 2.10000E+02 2.10000E+02 2.10000E+02 2.10000E+02 2.00000E+02
 2.00000E+02 2.00000E+02 2.00000E+02 2.00000E+02 2.00000E+02 2.00000E+02 2.00000E+02 2.00000E+02
 2.00000E+02 2.00000E+02 2.00000E+02 2.00000E+02 2.00000E+02 2.00000E+02 2.00000E+02 2.00000E+02
 2.00000E+02 2.00000E+02 2.00000E+02 2.00000E+02 2.00000E+02 2.00000E+02 2.00000E+02 2.00000E+02
 2.00000E+02 2.00000E+02 2.00000E+02 2.00000E+02 2.00000E+02 2.00000E+02 2.00000E+02 2.00000E+02
 2.00000E+02 2.00000E+02 2.00000E+02 2.00000E+02 2.00000E+02 2.00000E+02 2.00000E+02 2.00000E+02
 2.00000E+02 2.00000E+02 2.00000E+02 2.00000E+02 2.00000E+02 2.00000E+02 2.00000E+02 2.00000E+02
 2.00000E+02 2.00000E+02 2.00000E+02 2.00000E+02 2.00000E+02 2.00000E+02 2.00000E+02 2.00000E+02
 2.00000E+02 2.00000E+02 2.00000E+02 2.00000E+02 2.00000E+02 2.00000E+02 2.00000E+02 1.98600E+02
 1.96000E+02 1.94700E+02 1.92000E+02 1.90800E+02 1.89000E+02 1.86900E+02 1.86900E+02 1.86900E+02
 1.86900E+02 1.86900E+02 1.88000E+02 1.90000E+02 1.91000E+02 1.92500E+02 1.94000E+02 1.95000E+02
 1.96500E+02 1.98000E+02 2.00000E+02 2.00000E+02 1.00000E+05 1.00000E+05 1.00000E+05 1.00000E+05
 1.00000E+05 1.00000E+05 1.00000E+05 1.00000E+05 1.00000E+05 8.94400E+04 4.89900E+04 2.25800E+04
 1.16600E+04 6.81200E+03 5.16500E+03 4.29000E+03 3.95000E+03 3.90000E+03 3.99900E+03 4.34300E+03
 4.84400E+03 5.43900E+03 6.18700E+03 7.03600E+03 7.98400E+03 8.98600E+03 1.00300E+04 1.12800E+04
 1.24900E+04 1.36300E+04 1.51300E+04 1.66900E+04 1.81800E+04 1.99800E+04 2.19800E+04 2.44500E+04
 2.74600E+04 3.04600E+04 3.39400E+04 3.79500E+04 4.19500E+04 4.64300E+04 5.19100E+04 5.84000E+04
 6.44500E+04 7.13600E+04 7.99000E+04 8.79100E+04 9.68700E+04 1.06900E+05 1.17800E+05 1.31800E+05
 1.48300E+05 1.65800E+05 1.83300E+05 2.01800E+05 2.25600E+05 2.52200E+05 2.77200E+05 3.07000E+05
 3.42100E+05 3.79500E+05 4.21900E+05 4.71700E+05 5.17400E+05 5.67400E+05 6.22400E+05 6.82600E+05
 7.48700E+05 8.21200E+05 9.00700E+05 9.87900E+05 1.00000E+06 1.00000E+06 1.00000E+06 1.00000E+06
 1.00000E+06 1.00000E+06 1.00000E+06 1.00000E+06 1.00000E+06 1.00000E+06 1.00000E+06 1.00000E+06
 1.00000E+06 1.00000E+06 1.00000E+06 1.00000E+06 1.00000E+06 1.00000E+06 1.00000E+06 1.00000E+06
 1.00000E+06 1.00000E+06 1.00000E+06 1.00000E+06 1.00000E+06 1.00000E+06 1.00000E+06 1.00000E+06
 2.42862E+19 2.20939E+19 2.00555E+19 1.81626E+19 1.62909E+19 1.46386E+19 1.31732E+19 1.18220E+19
 1.05787E+19 9.62141E+18 8.85436E+18 7.56441E+18 6.46271E+18 5.52173E+18 4.71800E+18 4.21682E+18
 3.57517E+18 3.03131E+18 2.57031E+18 2.17954E+18 1.84827E+18 1.56743E+18 1.32934E+18 1.12746E+18
 9.56298E+17 8.11159E+17 6.88084E+17 5.83712E+17 4.95198E+17 4.20127E+17 3.56456E+17 3.02449E+17
 2.56638E+17 2.17777E+17 1.84810E+17 1.56842E+17 1.33113E+17 1.12980E+17 9.58966E+16 8.14007E+16
 6.90995E+16 5.86603E+16 4.98007E+16 4.22814E+16 3.58992E+16 3.04819E+16 2.58835E+16 2.19798E+16
 1.86659E+16 1.58524E+16 1.34637E+16 1.14355E+16 9.71329E+15 8.25089E+15 7.00903E+15 5.95438E+15
 5.05868E+15 4.29794E+15 3.65178E+15 3.10293E+15 2.63670E+15 2.24064E+15 1.90416E+15 1.61830E+15
 1.37542E+15 1.16905E+15 9.93698E+14 8.44689E+14 7.18061E+14 6.10447E+14 5.18986E+14 4.41251E+14
 3.75178E+14 3.19015E+14 2.71273E+14 2.30688E+14 1.96184E+14 1.66850E+14 1.41908E+14 1.21483E+14
 1.04473E+14 8.91191E+13 7.64523E+13 6.49756E+13 5.53284E+13 4.71126E+13 3.96349E+13 3.33458E+13
 2.80562E+13 2.36069E+13 1.97581E+13 1.64831E+13 1.38438E+13 1.16106E+13 9.75146E+12 8.22074E+12
 6.92052E+12 5.83387E+12 4.91313E+12 4.18309E+12 8.94163E-11 1.09383E-10 1.51784E-10 2.05543E-10
 2.65324E-10 3.26398E-10 3.84213E-10 4.35059E-10 4.75859E-10 5.06189E-10 5.31672E-10 5.58847E-10
 5.72577E-10 5.65894E-10 5.41072E-10 5.04665E-10 4.60980E-10 4.14561E-10 3.69187E-10 3.27699E-10
 2.91746E-10 2.61112E-10 2.35217E-10 2.13440E-10 1.94732E-10 1.77616E-10 1.61219E-10 1.45577E-10
 1.30673E-10 1.16351E-10 1.02721E-10 8.99279E-11 7.79155E-11 6.67366E-11 5.65028E-11 4.72962E-11
 3.91878E-11 3.21139E-11 2.59909E-11 2.07768E-11 1.63767E-11 1.27001E-11 9.69373E-12 7.29276E-12
 5.39310E-12 3.90600E-12 2.77364E-12 1.92654E-12 1.30280E-12 8.56555E-13 5.41450E-13 3.33795E-13
 2.00985E-13 1.17655E-13 6.64283E-14 3.59936E-14 1.88530E-14 9.52758E-15 4.57953E-15 2.09794E-15
 9.17511E-16 3.80444E-16 1.49365E-16 5.56558E-17 1.92369E-17 6.12814E-18 1.78788E-18 4.76429E-19
 1.15352E-19 2.52019E-20 4.93184E-21 8.57691E-22 1.12377E-22 1.02952E-23 6.19304E-25 2.27200E-26
 4.66067E-28 4.82749E-30 2.23959E-32 4.02255E-35 2.33277E-38 3.52495E-42 1.06531E-46 4.72090E-52
 2.10507E-58 5.95620E-66 6.34714E-75 1.37400E-85 2.90218E-98 1.00000-100 1.00000-100 1.00000-100
 1.00000-100 1.00000-100 1.00000-100 1.00000-100 1.00000-100 1.00000-100 1.00000-100 1.00000-100
 3.21881E+01 2.81999E+01 2.89870E+01 3.01374E+01 3.20089E+01 3.30890E+01 3.30270E+01 3.21742E+01
 3.03445E+01 2.83790E+01 2.67892E+01 2.23570E+01 1.91271E+01 1.57305E+01 1.24035E+01 1.12049E+01
 9.07851E+00 7.76909E+00 6.86205E+00 6.38996E+00 6.15093E+00 6.05166E+00 6.15843E+00 6.44748E+00
 6.14362E+00 4.69974E+00 3.58055E+00 2.71303E+00 2.04311E+00 1.52709E+00 1.13305E+00 8.33580E-01
 6.06904E-01 4.36986E-01 3.11064E-01 2.18914E-01 1.52651E-01 1.05402E-01 7.18755E-02 4.84100E-02
 3.21491E-02 2.10045E-02 1.35063E-02 8.57133E-03 5.34651E-03 3.26595E-03 1.95821E-03 1.14833E-03
 6.55555E-04 3.64124E-04 1.94422E-04 1.01224E-04 5.14641E-05 2.54335E-05 1.21200E-05 5.54262E-06
 2.45234E-06 1.04672E-06 4.24880E-07 1.64267E-07 6.05706E-08 2.11658E-08 7.00418E-09 2.20041E-09
 6.41426E-10 1.72158E-10 4.22838E-11 9.55910E-12 1.96747E-12 3.65429E-13 6.07977E-14 8.98957E-15
 1.00147E-15 7.80131E-17 3.99055E-18 1.24496E-19 2.17187E-21 1.91324E-23 7.54917E-26 1.16075E-28
 5.78893E-32 7.46185E-36 1.93459E-40 7.28614E-46 2.76653E-52 6.66544E-60 5.97556E-69 1.08831E-79
 1.93408E-92 5.60740E-95 4.69317E-95 3.91525E-95 3.28833E-95 2.75788E-95 2.31628E-95 1.95269E-95
 1.64384E-95 1.38573E-95 1.16702E-95 9.93616E-96 0.00000E+00 0.00000E+00 0.00000E+00 0.00000E+00
 0.00000E+00 0.00000E+00 0.00000E+00 0.00000E+00 0.00000E+00 0.00000E+00 0.00000E+00 0.00000E+00
 0.00000E+00 0.00000E+00 0.00000E+00 0.00000E+00 0.00000E+00 0.00000E+00 0.00000E+00 0.00000E+00
 0.00000E+00 0.00000E+00 0.00000E+00 0.00000E+00 0.00000E+00 0.00000E+00 0.00000E+00 0.00000E+00
 0.00000E+00 0.00000E+00 0.00000E+00 0.00000E+00 0.00000E+00 0.00000E+00 0.00000E+00 0.00000E+00
 0.00000E+00 0.00000E+00 0.00000E+00 0.00000E+00 0.00000E+00 0.00000E+00 0.00000E+00 0.00000E+00
 0.00000E+00 0.00000E+00 0.00000E+00 0.00000E+00 0.00000E+00 0.00000E+00 0.00000E+00 0.00000E+00
 0.00000E+00 0.00000E+00 0.00000E+00 0.00000E+00 0.00000E+00 0.00000E+00 0.00000E+00 0.00000E+00
 0.00000E+00 0.00000E+00 0.00000E+00 0.00000E+00 0.00000E+00 0.00000E+00 0.00000E+00 0.00000E+00
 0.00000E+00 0.00000E+00 0.00000E+00 0.00000E+00 0.00000E+00 0.00000E+00 0.00000E+00 0.00000E+00
 0.00000E+00 0.00000E+00 0.00000E+00 0.00000E+00 0.00000E+00 0.00000E+00 0.00000E+00 0.00000E+00
 0.00000E+00 0.00000E+00 0.00000E+00 0.00000E+00 0.00000E+00 0.00000E+00 0.00000E+00 0.00000E+00
 0.00000E+00 0.00000E+00 0.00000E+00 0.00000E+00 0.00000E+00 0.00000E+00 0.00000E+00 0.00000E+00
 0.00000E+00 0.00000E+00 0.00000E+00 0.00000E+00 0.00000E+00 0.00000E+00 0.00000E+00 0.00000E+00
 0.00000E+00 0.00000E+00 0.00000E+00 0.00000E+00 0.00000E+00 0.00000E+00 0.00000E+00 0.00000E+00
 0.00000E+00 0.00000E+00 0.00000E+00 0.00000E+00 0.00000E+00 0.00000E+00 0.00000E+00 0.00000E+00
 0.00000E+00 0.00000E+00 0.00000E+00 0.00000E+00 0.00000E+00 0.00000E+00 0.00000E+00 0.00000E+00
 0.00000E+00 0.00000E+00 0.00000E+00 0.00000E+00 0.00000E+00 0.00000E+00 0.00000E+00 0.00000E+00
 0.00000E+00 0.00000E+00 0.00000E+00 0.00000E+00 0.00000E+00 0.00000E+00 0.00000E+00 0.00000E+00
 0.00000E+00 0.00000E+00 0.00000E+00 0.00000E+00 0.00000E+00 0.00000E+00 0.00000E+00 0.00000E+00
 0.00000E+00 0.00000E+00 0.00000E+00 0.00000E+00 0.00000E+00 0.00000E+00 0.00000E+00 0.00000E+00
 0.00000E+00 0.00000E+00 0.00000E+00 0.00000E+00 0.00000E+00 0.00000E+00 0.00000E+00 0.00000E+00
 0.00000E+00 0.00000E+00 0.00000E+00 0.00000E+00 0.00000E+00 0.00000E+00 0.00000E+00 0.00000E+00
 0.00000E+00 0.00000E+00 0.00000E+00 0.00000E+00 0.00000E+00 0.00000E+00 0.00000E+00 0.00000E+00
 0.00000E+00 0.00000E+00 0.00000E+00 0.00000E+00 0.00000E+00 0.00000E+00 0.00000E+00 0.00000E+00
 0.00000E+00 0.00000E+00 0.00000E+00 0.00000E+00 7.22806E-04 7.89915E-04 8.67517E-04 9.54783E-04
 1.03609E-03 1.12740E-03 1.23393E-03 1.35304E-03 1.49178E-03 1.66756E-03 1.89058E-03 2.14712E-03
 2.41651E-03 2.74038E-03 3.13548E-03 3.50873E-03 3.95440E-03 4.36321E-03 4.76731E-03 5.12985E-03
 5.48624E-03 5.85583E-03 6.21064E-03 6.55583E-03 7.17260E-03 8.46298E-03 9.98751E-03 1.17924E-02
 1.39292E-02 1.64544E-02 1.94338E-02 2.29578E-02 2.71256E-02 3.20500E-02 3.78703E-02 4.47522E-02
 5.28690E-02 6.24343E-02 7.37339E-02 8.70821E-02 1.02851E-01 1.21479E-01 1.43487E-01 1.69397E-01
 1.99994E-01 2.36123E-01 2.78656E-01 3.28863E-01 3.88125E-01 4.57927E-01 5.40309E-01 6.37547E-01
 7.52325E-01 8.87819E-01 1.04780E+00 1.23660E+00 1.45889E+00 1.72121E+00 2.03075E+00 2.39656E+00
 2.82933E+00 3.34084E+00 3.94452E+00 4.65667E+00 5.49663E+00 6.49071E+00 7.66710E+00 9.02715E+00
 1.06190E+01 1.24910E+01 1.46923E+01 1.72806E+01 2.03238E+01 2.39018E+01 2.81083E+01 3.30535E+01
 3.88667E+01 4.57000E+01 5.37320E+01 6.32213E+01 7.45262E+01 8.79753E+01 1.04069E+02 1.23268E+02
 1.46232E+02 1.73806E+02 2.06597E+02 2.45561E+02 2.91859E+02 3.46866E+02 4.11826E+02 4.88094E+02
 5.77913E+02 6.83385E+02 8.07051E+02 9.52183E+02 1.12208E+03 1.32062E+03 1.55197E+03 1.82282E+03
 0.00000E+00 0.00000E+00 0.00000E+00 0.00000E+00 0.00000E+00 0.00000E+00 0.00000E+00 0.00000E+00
 0.00000E+00 0.00000E+00 0.00000E+00 0.00000E+00 0.00000E+00 0.00000E+00 0.00000E+00 0.00000E+00
 0.00000E+00 0.00000E+00 0.00000E+00 0.00000E+00 0.00000E+00 0.00000E+00 0.00000E+00 0.00000E+00
 0.00000E+00 0.00000E+00 0.00000E+00 0.00000E+00 0.00000E+00 0.00000E+00 0.00000E+00 0.00000E+00
 0.00000E+00 0.00000E+00 0.00000E+00 0.00000E+00 0.00000E+00 0.00000E+00 0.00000E+00 0.00000E+00
 0.00000E+00 0.00000E+00 0.00000E+00 0.00000E+00 0.00000E+00 0.00000E+00 0.00000E+00 0.00000E+00
 0.00000E+00 0.00000E+00 0.00000E+00 0.00000E+00 0.00000E+00 0.00000E+00 0.00000E+00 0.00000E+00
 0.00000E+00 0.00000E+00 0.00000E+00 0.00000E+00 0.00000E+00 0.00000E+00 0.00000E+00 0.00000E+00
 0.00000E+00 0.00000E+00 0.00000E+00 0.00000E+00 0.00000E+00 0.00000E+00 0.00000E+00 0.00000E+00
 0.00000E+00 0.00000E+00 0.00000E+00 0.00000E+00 0.00000E+00 0.00000E+00 0.00000E+00 0.00000E+00
 0.00000E+00 0.00000E+00 0.00000E+00 0.00000E+00 0.00000E+00 0.00000E+00 0.00000E+00 0.00000E+00
 0.00000E+00 0.00000E+00 0.00000E+00 0.00000E+00 0.00000E+00 0.00000E+00 0.00000E+00 0.00000E+00
 0.00000E+00 0.00000E+00 0.00000E+00 0.00000E+00 0.00000E+00 0.00000E+00 0.00000E+00 0.00000E+00
 0.00000E+00 0.00000E+00 0.00000E+00 0.00000E+00 0.00000E+00 0.00000E+00 0.00000E+00 0.00000E+00
 0.00000E+00 0.00000E+00 0.00000E+00 0.00000E+00 0.00000E+00 0.00000E+00 0.00000E+00 0.00000E+00
 0.00000E+00 0.00000E+00 0.00000E+00 0.00000E+00 0.00000E+00 0.00000E+00 0.00000E+00 0.00000E+00
 0.00000E+00 0.00000E+00 0.00000E+00 0.00000E+00 0.00000E+00 0.00000E+00 0.00000E+00 0.00000E+00
 0.00000E+00 0.00000E+00 0.00000E+00 0.00000E+00 0.00000E+00 0.00000E+00 0.00000E+00 0.00000E+00
 0.00000E+00 0.00000E+00 0.00000E+00 0.00000E+00 0.00000E+00 0.00000E+00 0.00000E+00 0.00000E+00
 0.00000E+00 0.00000E+00 0.00000E+00 0.00000E+00 0.00000E+00 0.00000E+00 0.00000E+00 0.00000E+00
 0.00000E+00 0.00000E+00 0.00000E+00 0.00000E+00 0.00000E+00 0.00000E+00 0.00000E+00 0.00000E+00
 0.00000E+00 0.00000E+00 0.00000E+00 0.00000E+00 0.00000E+00 0.00000E+00 0.00000E+00 0.00000E+00
 0.00000E+00 0.00000E+00 0.00000E+00 0.00000E+00 0.00000E+00 0.00000E+00 0.00000E+00 0.00000E+00
 0.00000E+00 0.00000E+00 0.00000E+00 0.00000E+00 0.00000E+00 0.00000E+00 0.00000E+00 0.00000E+00
 0.00000E+00 0.00000E+00 0.00000E+00 0.00000E+00 0.00000E+00 0.00000E+00 0.00000E+00 0.00000E+00
 1.88585E-05 1.88585E-05 1.88585E-05 1.88585E-05 1.88585E-05 1.88585E-05 1.88585E-05 1.88585E-05
 1.88585E-05 1.88585E-05 1.88585E-05 1.88585E-05 1.88585E-05 1.88585E-05 1.88585E-05 1.88585E-05
 1.85443E-05 1.78156E-05 1.68783E-05 1.56883E-05 1.44314E-05 1.32001E-05 1.19602E-05 1.07576E-05
 1.00000E-05 1.00000E-05 1.00000E-05 1.00000E-05 1.00000E-05 1.00000E-05 1.00000E-05 1.00000E-05
 1.00000E-05 1.00000E-05 1.00000E-05 1.00000E-05 1.00000E-05 1.00000E-05 1.00000E-05 1.00000E-05
 1.00000E-05 1.00000E-05 1.00000E-05 1.00000E-05 1.00000E-05 1.00000E-05 1.00000E-05 1.00000E-05
 1.00000E-05 1.00000E-05 1.00000E-05 1.00000E-05 1.00000E-05 1.00000E-05 1.00000E-05 1.00000E-05
 1.00000E-05 1.00000E-05 1.00000E-05 1.00000E-05 1.00000E-05 1.00000E-05 1.00000E-05 1.00000E-05
 1.00000E-05 1.00000E-05 1.00000E-05 1.00000E-05 1.00000E-05 1.00000E-05 1.00000E-05 1.00000E-05
 1.00000E-05 1.00000E-05 1.00000E-05 1.00000E-05 1.00000E-05 1.00000E-05 1.00000E-05 1.00000E-05
 1.00000E-05 1.00000E-05 1.00000E-05 1.00000E-05 1.00000E-05 1.00000E-05 1.00000E-05 1.00000E-05
 1.00000E-05 1.00000E-05 1.00000E-05 1.00000E-05 1.00000E-05 1.00000E-05 1.00000E-05 1.00000E-05
 1.00000E-05 1.00000E-05 1.00000E-05 1.00000E-05 0.00000E+00 0.00000E+00 0.00000E+00 0.00000E+00
 0.00000E+00 0.00000E+00 0.00000E+00 0.00000E+00 0.00000E+00 0.00000E+00 0.00000E+00 0.00000E+00
 0.00000E+00 0.00000E+00 0.00000E+00 0.00000E+00 0.00000E+00 0.00000E+00 0.00000E+00 0.00000E+00
 0.00000E+00 0.00000E+00 0.00000E+00 0.00000E+00 0.00000E+00 0.00000E+00 0.00000E+00 0.00000E+00
 0.00000E+00 0.00000E+00 0.00000E+00 0.00000E+00 0.00000E+00 0.00000E+00 0.00000E+00 0.00000E+00
 0.00000E+00 0.00000E+00 0.00000E+00 0.00000E+00 0.00000E+00 0.00000E+00 0.00000E+00 0.00000E+00
 0.00000E+00 0.00000E+00 0.00000E+00 0.00000E+00 0.00000E+00 0.00000E+00 0.00000E+00 0.00000E+00
 0.00000E+00 0.00000E+00 0.00000E+00 0.00000E+00 0.00000E+00 0.00000E+00 0.00000E+00 0.00000E+00
 0.00000E+00 0.00000E+00 0.00000E+00 0.00000E+00 0.00000E+00 0.00000E+00 0.00000E+00 0.00000E+00
 0.00000E+00 0.00000E+00 0.00000E+00 0.00000E+00 0.00000E+00 0.00000E+00 0.00000E+00 0.00000E+00
 0.00000E+00 0.00000E+00 0.00000E+00 0.00000E+00 0.00000E+00 0.00000E+00 0.00000E+00 0.00000E+00
 0.00000E+00 0.00000E+00 0.00000E+00 0.00000E+00 0.00000E+00 0.00000E+00 0.00000E+00 0.00000E+00
 0.00000E+00 0.00000E+00 0.00000E+00 0.00000E+00 0.00000E+00 0.00000E+00 0.00000E+00 0.00000E+00
 0.00000E+00 0.00000E+00 0.00000E+00 0.00000E+00 0.00000E+00 0.00000E+00 0.00000E+00 0.00000E+00
 0.00000E+00 0.00000E+00 0.00000E+00 0.00000E+00 0.00000E+00 0.00000E+00 0.00000E+00 0.00000E+00
 0.00000E+00 0.00000E+00 0.00000E+00 0.00000E+00 0.00000E+00 0.00000E+00 0.00000E+00 0.00000E+00
 0.00000E+00 0.00000E+00 0.00000E+00 0.00000E+00 0.00000E+00 0.00000E+00 0.00000E+00 0.00000E+00
 0.00000E+00 0.00000E+00 0.00000E+00 0.00000E+00 0.00000E+00 0.00000E+00 0.00000E+00 0.00000E+00
 0.00000E+00 0.00000E+00 0.00000E+00 0.00000E+00 0.00000E+00 0.00000E+00 0.00000E+00 0.00000E+00
 0.00000E+00 0.00000E+00 0.00000E+00 0.00000E+00 0.00000E+00 0.00000E+00 0.00000E+00 0.00000E+00
 0.00000E+00 0.00000E+00 0.00000E+00 0.00000E+00 0.00000E+00 0.00000E+00 0.00000E+00 0.00000E+00
 0.00000E+00 0.00000E+00 0.00000E+00 0.00000E+00 0.00000E+00 0.00000E+00 0.00000E+00 0.00000E+00
 0.00000E+00 0.00000E+00 0.00000E+00 0.00000E+00 0.00000E+00 0.00000E+00 0.00000E+00 0.00000E+00
 0.00000E+00 0.00000E+00 0.00000E+00 0.00000E+00 0.00000E+00 0.00000E+00 0.00000E+00 0.00000E+00
 0.00000E+00 0.00000E+00 0.00000E+00 0.00000E+00 0.00000E+00 0.00000E+00 0.00000E+00 0.00000E+00
 0.00000E+00 0.00000E+00 0.00000E+00 0.00000E+00
