 3.44927E-11 8.85982E-15 1.12652E-02 3.95186E-13 1.99791E-11 7.55460E-10 1.40454E-10 4.20259E-17
 4.59155E-09 1.32049E-07 2.38169E-08 1.78192E-10 3.61356E-12 6.12177E-10 1.04180E-12 1.15616E-12
 4.61140E-14 9.84858E-12 4.66742E-14 7.95119E-16 6.78519E-19 5.31992E-23 7.66727E-11 1.30714E-13
 2.51577E-16 9.92860E-15 9.39596E-12 6.68882E-15 3.86215E-13 1.00710E-15 1.50737E-15 8.08363E-12
 3.79313E-12 2.41634E-14 3.64659E-11 2.02639E-14 7.24381E-03 7.52391E-13 2.12622E-11 6.19557E-10
 2.46405E-10 5.24862E-17 4.87068E-09 1.24009E-07 1.39394E-08 1.62902E-10 4.81647E-12 5.66727E-10
 1.24295E-12 1.35873E-12 9.35612E-14 1.49146E-11 1.27048E-13 2.16320E-15 3.38002E-18 4.33210E-22
 6.17816E-11 2.61777E-13 7.08085E-16 2.10251E-14 1.42786E-11 1.21907E-14 2.42159E-13 8.54270E-16
 3.14115E-15 8.83572E-12 7.30507E-12 1.84472E-14 3.48760E-11 4.48156E-14 4.50299E-03 1.33126E-12
 2.13794E-11 4.45719E-10 4.30065E-10 6.05042E-17 5.08145E-09 1.16118E-07 7.66824E-09 1.22896E-10
 5.44894E-12 5.20899E-10 1.54337E-12 1.56633E-12 1.83209E-13 2.12453E-11 3.19757E-13 5.26015E-15
 1.52319E-17 6.27471E-21 4.83508E-11 6.44824E-13 1.85392E-15 5.84751E-14 2.00072E-11 2.90799E-14
 1.46554E-13 6.16058E-16 4.32703E-15 7.22574E-12 1.03575E-11 1.26495E-14 3.05861E-11 9.74094E-14
 2.58793E-03 2.15495E-12 2.05134E-11 3.00082E-10 7.51327E-10 6.71002E-17 5.22929E-09 1.08659E-07
 4.19130E-09 7.93406E-11 5.26817E-12 4.75579E-10 1.95746E-12 1.75403E-12 3.33974E-13 2.74908E-11
 6.80275E-13 1.08174E-14 6.05560E-17 1.04667E-19 3.68997E-11 1.60425E-12 4.13175E-15 1.71794E-13
 2.47675E-11 7.23644E-14 9.92845E-14 4.38544E-16 5.26955E-15 5.57921E-12 1.25630E-11 9.28889E-15
 2.67548E-11 1.90028E-13 1.73334E-03 3.36984E-12 2.08696E-11 2.20101E-10 1.15195E-09 8.90715E-17
 5.33122E-09 1.01856E-07 2.46104E-09 5.14248E-11 4.88957E-12 4.31376E-10 2.34717E-12 1.92901E-12
 5.42208E-13 3.33464E-11 9.75227E-13 1.93475E-14 1.74679E-16 9.12295E-19 2.75961E-11 3.38049E-12
 7.99548E-15 4.07590E-13 2.77522E-11 1.43411E-13 7.66291E-14 3.58845E-16 5.94111E-15 4.44129E-12
 1.44008E-11 7.22993E-15 2.23947E-11 3.70476E-13 1.04214E-03 4.77919E-12 2.10313E-11 1.74403E-10
 1.80932E-09 1.23923E-16 5.40915E-09 9.60163E-08 1.64768E-09 3.36038E-11 4.20545E-12 3.88882E-10
 2.80184E-12 2.13187E-12 8.01562E-13 3.80173E-11 1.21106E-12 3.03464E-14 4.84828E-16 6.89294E-18
 2.05413E-11 6.26387E-12 1.29829E-14 8.35933E-13 2.82574E-11 2.55827E-13 6.51452E-14 2.89052E-16
 7.05911E-15 3.83212E-12 1.61355E-11 6.13261E-15 1.80284E-11 7.07778E-13 5.55006E-04 6.12676E-12
 2.05466E-11 1.44214E-10 2.84411E-09 1.66591E-16 5.48227E-09 9.13406E-08 1.25600E-09 2.23244E-11
 3.42383E-12 3.48923E-10 3.37259E-12 2.37209E-12 1.08947E-12 4.08295E-11 1.25714E-12 4.19363E-14
 1.27746E-15 4.48871E-17 1.55392E-11 9.93713E-12 1.78671E-14 1.46648E-12 2.65960E-11 4.06820E-13
 6.08816E-14 2.33525E-16 9.05310E-15 3.62696E-12 1.78940E-11 5.62103E-15 1.44193E-11 1.28531E-12
 2.85590E-04 7.33989E-12 1.96508E-11 1.21723E-10 4.24686E-09 2.15572E-16 5.56227E-09 8.78165E-08
 1.07398E-09 1.52808E-11 2.75068E-12 3.12273E-10 4.07465E-12 2.63476E-12 1.38411E-12 4.17741E-11
 1.15658E-12 5.21139E-14 2.82505E-15 2.22947E-16 1.21683E-11 1.34555E-11 2.21107E-14 2.20905E-12
 2.40587E-11 5.61718E-13 6.12881E-14 1.99730E-16 1.21717E-14 3.69975E-12 1.96305E-11 5.40670E-15
 1.14876E-11 2.26864E-12 1.41570E-04 8.52882E-12 1.87104E-11 1.04163E-10 6.13772E-09 2.81019E-16
 5.65467E-09 8.53306E-08 1.03920E-09 1.06588E-11 2.19621E-12 2.79673E-10 4.89528E-12 2.90570E-12
 1.68962E-12 4.13314E-11 1.02079E-12 6.10474E-14 5.14328E-15 9.09644E-16 1.00299E-11 1.63262E-11
 2.57507E-14 2.98343E-12 2.14550E-11 6.98504E-13 6.43256E-14 1.77826E-16 1.65956E-14 3.94851E-12
 2.07973E-11 5.23650E-15 7.80100E-12 3.86355E-12 3.84852E-05 7.65047E-12 1.32601E-11 6.80834E-11
 9.30477E-09 2.32080E-16 5.76721E-09 8.36799E-08 1.18882E-09 6.14577E-12 1.43510E-12 2.50620E-10
 7.17239E-12 3.45190E-12 2.05635E-12 3.79485E-11 8.80469E-13 6.46081E-14 8.82014E-15 6.77542E-15
 8.79362E-12 1.63248E-11 2.82775E-14 3.99151E-12 2.07553E-11 1.02459E-12 7.74896E-14 1.47467E-16
 2.88028E-14 4.61305E-12 1.88722E-11 5.42790E-15 4.52174E-12 6.13383E-12 5.43167E-06 4.71799E-12
 6.14592E-12 2.78951E-11 1.40051E-08 1.19341E-16 5.93386E-09 8.21255E-08 1.69922E-09 2.55619E-12
 6.93383E-13 2.18755E-10 1.24460E-11 4.47417E-12 2.14466E-12 2.98790E-11 6.84339E-13 6.36077E-14
 1.18205E-14 3.37401E-14 7.87184E-12 1.13117E-11 3.24927E-14 5.07272E-12 2.45130E-11 1.68291E-12
 1.52717E-15 1.70041E-18 6.25025E-15 5.77759E-13 6.15934E-12 8.50400E-17 4.32893E-12 1.02624E-11
 3.64147E-06 5.43130E-12 6.27443E-12 2.26868E-11 1.57385E-08 2.11713E-16 6.26982E-09 7.94057E-08
 2.34894E-09 2.09252E-12 6.72567E-13 1.74649E-10 1.47411E-11 4.60241E-12 2.27870E-12 2.63364E-11
 5.51324E-13 5.86111E-14 9.12743E-15 2.88023E-14 6.57188E-12 1.02349E-11 4.11692E-14 5.46801E-12
 2.68617E-11 1.31679E-12 1.54514E-17 1.80552E-20 5.76740E-16 4.71836E-14 1.14701E-12 6.72422E-19
 4.17066E-12 1.35800E-11 3.46825E-06 7.03121E-12 7.47004E-12 2.49865E-11 1.40056E-08 3.99366E-16
 7.00437E-09 7.44103E-08 2.88785E-09 1.98921E-12 6.91283E-13 1.18497E-10 1.53658E-11 4.25978E-12
 2.38758E-12 2.33457E-11 4.38572E-13 5.03764E-14 5.84458E-15 2.28777E-14 4.77541E-12 1.05567E-11
 5.77446E-14 5.70540E-12 2.85208E-11 8.90059E-13 7.09611E-20 1.15681E-22 3.14151E-17 2.32756E-15
 1.12848E-13 2.89235E-21 3.85116E-12 1.66310E-11 3.09340E-06 8.63548E-12 8.63633E-12 2.66832E-11
 1.16700E-08 6.80835E-16 8.47235E-09 6.66991E-08 3.42720E-09 1.84224E-12 6.79975E-13 6.54787E-11
 1.52760E-11 3.73024E-12 2.25497E-12 1.89775E-11 3.31031E-13 3.92287E-14 3.22933E-15 1.75550E-14
 2.90551E-12 1.04859E-11 8.10079E-14 5.85174E-12 3.06281E-11 5.64033E-13 1.71309E-22 4.16622E-25
 1.35713E-18 9.00212E-17 6.34293E-15 7.21463E-24 3.40355E-12 2.07221E-11 2.42582E-06 9.84359E-12
 9.44517E-12 2.62716E-11 1.00256E-08 1.07892E-15 1.09882E-08 5.74092E-08 4.20179E-09 1.64124E-12
 6.39350E-13 3.05109E-11 1.44161E-11 3.05315E-12 1.86885E-12 1.36628E-11 2.30535E-13 2.74644E-14
 1.51105E-15 1.33489E-14 1.53340E-12 9.84680E-12 1.08867E-13 5.96959E-12 3.27298E-11 3.35476E-13
 2.77016E-25 1.80923E-27 5.65231E-20 3.29472E-18 2.41830E-16 2.86034E-26 2.09222E-12 2.50429E-11
 1.45409E-06 9.51112E-12 8.68444E-12 2.36743E-11 1.04848E-08 1.29888E-15 1.46667E-08 4.86122E-08
 5.49832E-09 1.13261E-12 4.13676E-13 1.35648E-11 1.23397E-11 2.41538E-12 1.39273E-12 9.20342E-12
 1.56610E-13 2.16369E-14 8.32076E-16 1.66131E-14 8.05200E-13 1.05297E-11 1.37583E-13 6.62382E-12
 3.21524E-11 2.67729E-13 4.64214E-28 3.60494E-29 2.49221E-21 1.12383E-19 7.23361E-18 6.44777E-28
 1.77760E-12 2.90637E-11 1.46606E-06 1.20450E-11 1.05895E-11 2.74278E-11 8.39271E-09 2.21033E-15
 1.95786E-08 4.00713E-08 5.98848E-09 1.01387E-12 3.81280E-13 6.25047E-12 9.91420E-12 1.73808E-12
 1.07266E-12 6.36851E-12 1.01044E-13 1.37705E-14 3.11421E-16 1.15054E-14 3.91151E-13 1.05909E-11
 1.86929E-13 6.51737E-12 3.27046E-11 1.34418E-13 5.49633E-30 1.75098E-30 7.48106E-23 3.26575E-21
 1.96886E-19 2.23596E-29 1.47421E-12 3.31876E-11 1.47484E-06 1.51755E-11 1.28454E-11 3.16957E-11
 6.67544E-09 3.69859E-15 2.59334E-08 3.23726E-08 6.40177E-09 8.63586E-13 3.34176E-13 3.15700E-12
 7.90329E-12 1.24094E-12 8.11928E-13 4.36941E-12 6.45490E-14 8.65844E-15 1.14656E-16 7.48576E-15
 1.79642E-13 1.02835E-11 2.48943E-13 6.20510E-12 3.35496E-11 6.50951E-14 3.11399E-31 1.08840E-31
 2.79444E-24 1.20655E-22 7.91189E-21 9.81883E-31 1.19962E-12 3.75851E-11 1.47960E-06 1.90445E-11
 1.55532E-11 3.66364E-11 5.30606E-09 6.14747E-15 3.39085E-08 2.58559E-08 6.80725E-09 7.08154E-13
 2.81425E-13 1.77136E-12 6.35650E-12 8.96499E-13 6.15008E-13 3.03050E-12 4.16906E-14 5.52457E-15
 4.34646E-17 4.53488E-15 7.98657E-14 9.62469E-12 3.22575E-13 5.69342E-12 3.47845E-11 3.08657E-14
 2.67832E-31 9.61586E-32 1.50026E-24 6.51753E-23 5.44556E-21 6.18155E-31 9.64902E-13 4.22330E-11
 1.48004E-06 2.38127E-11 1.88311E-11 4.24401E-11 4.20881E-09 1.01713E-14 4.36197E-08 2.06157E-08
 7.23080E-09 5.66961E-13 2.30633E-13 1.07794E-12 5.21275E-12 6.65646E-13 4.71360E-13 2.15710E-12
 2.76661E-14 3.64647E-15 1.75437E-17 2.53299E-15 3.52009E-14 8.65636E-12 4.04120E-13 5.01169E-12
 3.64161E-11 1.44774E-14 4.39503E-31 1.59026E-31 1.53401E-24 6.76915E-23 5.44198E-21 7.38416E-31
 7.73847E-13 4.70918E-11 1.47630E-06 2.96575E-11 2.28201E-11 4.93216E-11 3.32737E-09 1.67677E-14
 5.50878E-08 1.65696E-08 7.69919E-09 4.49488E-13 1.86358E-13 6.90106E-13 4.38256E-12 5.14143E-13
 3.67539E-13 1.59358E-12 1.90969E-14 2.52494E-15 7.73070E-18 1.29891E-15 1.57645E-14 7.47240E-12
 4.87728E-13 4.22450E-12 3.83312E-11 6.78206E-15 7.15034E-31 2.59618E-31 1.57760E-24 7.12209E-23
 5.43730E-21 8.83208E-31 6.21906E-13 5.21628E-11 1.46870E-06 3.67677E-11 2.76768E-11 5.75044E-11
 2.62185E-09 2.75556E-14 6.84860E-08 1.34805E-08 8.24330E-09 3.56070E-13 1.49759E-13 4.53555E-13
 3.77142E-12 4.14829E-13 2.90993E-13 1.22550E-12 1.37647E-14 1.84168E-15 3.74627E-18 6.14100E-16
 7.25113E-15 6.20342E-12 5.67369E-13 3.41793E-12 4.03385E-11 3.19190E-15 1.14487E-30 4.15583E-31
 1.62563E-24 7.53743E-23 5.43194E-21 1.05337E-30 5.02930E-13 5.75662E-11 1.45749E-06 4.53371E-11
 3.35544E-11 6.71711E-11 2.06353E-09 4.51670E-14 8.40124E-08 1.11247E-08 8.89585E-09 2.83660E-13
 1.20530E-13 3.02414E-13 3.31428E-12 3.49391E-13 2.33273E-13 9.79102E-13 1.03425E-14 1.41141E-15
 1.98851E-18 2.70608E-16 3.44841E-15 4.97316E-12 6.38330E-13 2.66914E-12 4.22507E-11 1.51587E-15
 1.80152E-30 6.52029E-31 1.68529E-24 8.03313E-23 5.42572E-21 1.25720E-30 4.10667E-13 6.35634E-11
 1.44283E-06 5.55537E-11 4.05820E-11 7.84145E-11 1.62814E-09 7.38619E-14 1.01867E-07 9.31869E-09
 9.68971E-09 2.28244E-13 9.77022E-14 2.03843E-13 2.96887E-12 3.05657E-13 1.88891E-13 8.07449E-13
 8.04783E-15 1.12706E-15 1.14004E-18 1.12948E-16 1.70379E-15 3.87272E-12 6.98242E-13 2.02835E-12
 4.39329E-11 7.28385E-16 2.77645E-30 1.00094E-30 1.76410E-24 8.63050E-23 5.41841E-21 1.50642E-30
 3.39084E-13 7.05349E-11 1.42473E-06 6.75850E-11 4.88458E-11 9.11932E-11 1.29296E-09 1.20459E-13
 1.22352E-07 7.91306E-09 1.06570E-08 1.85785E-13 8.00196E-14 1.38793E-13 2.70568E-12 2.75400E-13
 1.54106E-13 6.80537E-13 6.41929E-15 9.25995E-16 6.90816E-19 4.55036E-17 8.75203E-16 2.94976E-12
 7.47123E-13 1.51430E-12 4.53204E-11 3.54351E-16 4.17472E-30 1.50053E-30 1.87034E-24 9.35485E-23
 5.40976E-21 1.81794E-30 2.83074E-13 7.89465E-11 1.40301E-06 8.15666E-11 5.83740E-11 1.05302E-10
 1.03685E-09 1.95700E-13 1.45858E-07 6.79578E-09 1.18277E-08 1.52894E-13 6.62859E-14 9.54799E-14
 2.50420E-12 2.53215E-13 1.26380E-13 5.79986E-13 5.19199E-15 7.72271E-16 4.32275E-19 1.80282E-17
 4.66782E-16 2.21286E-12 7.86639E-13 1.12112E-12 4.64097E-11 1.74509E-16 6.10564E-30 2.19417E-30
 2.01352E-24 1.02364E-22 5.39945E-21 2.21603E-30 2.38525E-13 8.93310E-11 1.37732E-06 9.75907E-11
 6.91307E-11 1.20374E-10 8.41368E-10 3.16227E-13 1.72892E-07 5.88390E-09 1.32307E-08 1.26922E-13
 5.54826E-14 6.63406E-14 2.34936E-12 2.35603E-13 1.03942E-13 4.95054E-13 4.21738E-15 6.45876E-16
 2.73535E-19 7.13839E-18 2.57609E-16 1.64501E-12 8.19157E-13 8.29805E-13 4.72346E-11 8.69584E-17
 8.67302E-30 3.12982E-30 2.20520E-24 1.13120E-22 5.38707E-21 2.73517E-30 2.02536E-13 1.02290E-10
 1.34745E-06 1.15716E-10 8.10211E-11 1.35906E-10 6.91400E-10 5.07441E-13 2.03795E-07 5.12365E-09
 1.48908E-08 1.06035E-13 4.68655E-14 4.66350E-14 2.23113E-12 2.20496E-13 8.56075E-14 4.20305E-13
 3.41675E-15 5.36904E-16 1.72382E-19 2.86006E-18 1.47226E-16 1.21771E-12 8.47114E-13 6.17851E-13
 4.78441E-11 4.38466E-17 1.19661E-29 4.36010E-30 2.45943E-24 1.26256E-22 5.37219E-21 3.42296E-30
 1.72783E-13 1.18518E-10 1.31302E-06 1.35952E-10 9.38988E-11 1.51308E-10 5.75237E-10 8.07603E-13
 2.39018E-07 4.47199E-09 1.68349E-08 8.88248E-14 3.98280E-14 3.31866E-14 2.14080E-12 2.06548E-13
 7.04761E-14 3.53005E-13 2.74626E-15 4.40575E-16 1.06897E-19 1.16922E-18 8.70950E-17 9.00659E-13
 8.72548E-13 4.64717E-13 4.82868E-11 2.23540E-17 1.60581E-29 5.94457E-30 2.79483E-24 1.42322E-22
 5.35421E-21 4.34571E-30 1.47497E-13 1.38850E-10 1.27317E-06 1.58215E-10 1.07578E-10 1.65976E-10
 4.84141E-10 1.27363E-12 2.79482E-07 3.88979E-09 1.91118E-08 7.41663E-14 3.38537E-14 2.38359E-14
 2.06995E-12 1.92818E-13 5.78330E-14 2.91854E-13 2.18062E-15 3.54728E-16 6.45434E-20 4.89836E-19
 5.30014E-17 6.66839E-13 8.96724E-13 3.53862E-13 4.86051E-11 1.14974E-17 2.10201E-29 7.95622E-30
 3.23877E-24 1.62089E-22 5.33231E-21 5.59968E-30 1.26866E-13 1.64266E-10 1.22757E-06 1.82399E-10
 1.21914E-10 1.79497E-10 4.11616E-10 1.99063E-12 3.25580E-07 3.35536E-09 2.18052E-08 6.14262E-14
 2.86277E-14 1.73012E-14 2.01331E-12 1.79020E-13 4.72352E-14 2.37041E-13 1.70830E-15 2.79515E-16
 3.77701E-20 2.10428E-19 3.31928E-17 4.94693E-13 9.20188E-13 2.72868E-13 4.88325E-11 5.95566E-18
 2.69464E-29 1.04904E-29 3.82652E-24 1.86475E-22 5.30553E-21 7.32178E-30 1.14828E-13 1.95955E-10
 1.17610E-06 2.08475E-10 1.36993E-10 1.92077E-10 3.52970E-10 3.09096E-12 3.77446E-07 2.85381E-09
 2.51238E-08 5.02177E-14 2.39268E-14 1.27343E-14 1.96635E-12 1.65309E-13 3.83665E-14 1.89257E-13
 1.32315E-15 2.15756E-16 2.14457E-20 9.23795E-20 2.14396E-17 3.67960E-13 9.42195E-13 2.12716E-13
 4.89949E-11 3.10189E-18 3.40349E-29 1.36841E-29 4.60011E-24 2.16487E-22 5.27283E-21 9.71046E-30
 1.21230E-13 2.35558E-10 1.11795E-06 2.36647E-10 1.53433E-10 2.05115E-10 3.05063E-10 4.79812E-12
 4.35932E-07 2.36881E-09 2.96065E-08 4.02167E-14 1.95439E-14 9.52218E-15 1.92354E-12 1.52117E-13
 3.09702E-14 1.49057E-13 1.01956E-15 1.63916E-16 1.18964E-20 4.11407E-20 1.42194E-17 2.74806E-13
 9.59937E-13 1.67023E-13 4.91134E-11 1.62146E-18 4.27497E-29 1.77505E-29 5.60434E-24 2.53165E-22
 5.23309E-21 1.30664E-29 1.59682E-13 2.85536E-10 1.05261E-06 2.67844E-10 1.72703E-10 2.21577E-10
 2.65878E-10 7.52840E-12 5.01538E-07 1.89696E-09 3.63239E-08 3.13121E-14 1.54083E-14 7.29034E-15
 1.88083E-12 1.40200E-13 2.48960E-14 1.16799E-13 7.90386E-16 1.24002E-16 6.55783E-21 1.84356E-20
 9.65897E-18 2.06884E-13 9.69506E-13 1.31558E-13 4.92044E-11 8.51470E-19 5.39651E-29 2.30003E-29
 6.86111E-24 2.97034E-22 5.18576E-21 1.78199E-29 2.34703E-13 3.49963E-10 9.80091E-07 3.03913E-10
 1.96885E-10 2.45213E-10 2.34259E-10 1.20869E-11 5.74239E-07 1.44961E-09 4.69696E-08 2.35180E-14
 1.15959E-14 5.79496E-15 1.83635E-12 1.30039E-13 2.00192E-14 9.19363E-14 6.22495E-16 9.47124E-17
 3.66139E-21 8.29311E-21 6.71564E-18 1.57989E-13 9.68774E-13 1.03826E-13 4.92787E-11 4.50729E-19
 6.88705E-29 2.97988E-29 8.35188E-24 3.47904E-22 5.13105E-21 2.45425E-29 3.27034E-13 4.35722E-10
 9.00675E-07 3.46983E-10 2.27546E-10 2.78230E-10 2.09571E-10 1.99773E-11 6.53705E-07 1.04800E-09
 6.36869E-08 1.68831E-14 8.27002E-15 4.85621E-15 1.79053E-12 1.21158E-13 1.61663E-14 7.28170E-14
 4.96807E-16 7.33986E-17 2.07802E-21 3.77391E-21 4.77880E-18 1.22929E-13 9.60638E-13 8.24171E-14
 4.93402E-11 2.40971E-19 8.83073E-29 3.83948E-29 1.00512E-23 4.05677E-22 5.06909E-21 3.39434E-29
 3.99561E-13 5.53554E-10 8.15347E-07 3.98250E-10 2.64300E-10 3.18608E-10 1.91141E-10 3.38203E-11
 7.38921E-07 7.15385E-10 8.87299E-08 1.15003E-14 5.59194E-15 4.33138E-15 1.74570E-12 1.12158E-13
 1.31156E-14 5.73874E-14 3.94311E-16 5.70825E-17 1.17366E-21 1.75764E-21 3.48881E-18 9.71617E-14
 9.52641E-13 6.61868E-14 4.93868E-11 1.29452E-19 1.11738E-28 4.87175E-29 1.20102E-23 4.71805E-22
 4.99839E-21 4.68960E-29 4.22749E-13 7.19074E-10 7.24544E-07 4.56057E-10 3.04319E-10 3.59725E-10
 1.78016E-10 5.78845E-11 8.29443E-07 4.61282E-10 1.25109E-07 7.39525E-15 3.59357E-15 4.09394E-15
 1.70330E-12 1.01500E-13 1.06197E-14 4.40145E-14 3.03297E-16 4.34138E-17 6.32883E-22 8.38028E-22
 2.61354E-18 7.69606E-14 9.50635E-13 5.37813E-14 4.94178E-11 6.87767E-20 1.37384E-28 6.05500E-29
 1.44946E-23 5.51901E-22 4.91307E-21 6.49001E-29 3.94295E-13 9.54120E-10 6.28928E-07 5.14566E-10
 3.43547E-10 3.93865E-10 1.69032E-10 9.89000E-11 9.24629E-07 2.82016E-10 1.79158E-07 4.50508E-15
 2.20462E-15 4.04170E-15 1.66303E-12 8.85720E-14 8.47439E-15 3.20651E-14 2.21967E-16 3.13518E-17
 3.12195E-22 4.01327E-22 2.00985E-18 5.98624E-14 9.53316E-13 4.37975E-14 4.94385E-11 3.53171E-20
 1.64218E-28 7.41485E-29 1.81163E-23 6.57771E-22 4.80070E-21 9.12203E-29 3.35335E-13 1.29005E-09
 5.30532E-07 5.63305E-10 3.78827E-10 4.17261E-10 1.63132E-10 1.67803E-10 1.02249E-06 1.65282E-10
 2.67216E-07 2.64878E-15 1.30497E-15 4.09614E-15 1.62329E-12 7.40076E-14 6.55737E-15 2.17427E-14
 1.53975E-16 2.10160E-17 1.36793E-22 1.86207E-22 1.59111E-18 4.47504E-14 9.50345E-13 3.51066E-14
 4.94613E-11 1.71013E-20 1.94355E-28 9.09101E-29 2.40582E-23 8.08835E-22 4.64069E-21 1.33106E-28
 2.69485E-13 1.77831E-09 4.31398E-07 5.86832E-10 4.08536E-10 4.30851E-10 1.59921E-10 2.83733E-10
 1.12102E-06 9.37470E-11 4.32592E-07 1.53972E-15 7.52262E-16 4.20182E-15 1.58149E-12 5.89625E-14
 4.81814E-15 1.34294E-14 1.01651E-16 1.28898E-17 5.22599E-23 7.95694E-23 1.29687E-18 3.13832E-14
 9.23945E-13 2.70043E-14 4.95050E-11 7.58357E-21 2.33252E-28 1.13514E-28 3.47041E-23 1.03321E-21
 4.40255E-21 2.06419E-28 2.11097E-13 2.51601E-09 3.34444E-07 5.70255E-10 4.29514E-10 4.31672E-10
 1.60025E-10 4.81063E-10 1.21734E-06 5.18748E-11 7.75998E-07 9.00569E-16 4.26425E-16 4.32557E-15
 1.53553E-12 4.43255E-14 3.29054E-15 7.33935E-15 6.32264E-17 7.26349E-18 1.72934E-23 2.96877E-23
 1.08643E-18 2.00217E-14 8.63294E-13 1.94078E-14 4.95801E-11 2.96803E-21 2.83162E-28 1.44235E-28
 5.47182E-23 1.35786E-21 4.05463E-21 3.41231E-28 1.64624E-13 3.70877E-09 2.44847E-07 5.11586E-10
 4.31044E-10 4.00570E-10 1.65609E-10 8.13763E-10 1.30632E-06 2.83442E-11 1.48317E-06 5.27095E-16
 2.41657E-16 4.45056E-15 1.48482E-12 3.06651E-14 2.06598E-15 3.42815E-15 3.52002E-17 3.91588E-18
 5.03104E-24 9.40612E-24 9.33589E-19 1.11940E-14 7.85360E-13 1.28518E-14 4.96687E-11 9.86081E-22
 3.26006E-28 1.79879E-28 9.24530E-23 1.78095E-21 3.59049E-21 5.77035E-28 1.28331E-13 5.83362E-09
 1.68607E-07 4.25112E-10 3.96900E-10 3.15778E-10 1.81525E-10 1.34443E-09 1.38198E-06 1.54965E-11
 2.80576E-06 2.97466E-16 1.39376E-16 4.57176E-15 1.42915E-12 1.88615E-14 1.19588E-15 1.32794E-15
 1.60914E-17 2.14506E-18 1.31935E-24 2.58102E-24 8.20192E-19 5.29804E-15 7.28112E-13 7.91909E-15
 4.97319E-11 2.71203E-22 3.16839E-28 2.06479E-28 1.62326E-22 2.25062E-21 3.04763E-21 9.30181E-28
 9.84611E-14 1.00451E-08 1.09359E-07 3.29828E-10 3.22783E-10 1.95392E-10 2.16763E-10 2.12402E-09
 1.44067E-06 8.51639E-12 4.99275E-06 1.52559E-16 8.17274E-17 4.69236E-15 1.36761E-12 1.00158E-14
 6.42556E-16 4.18401E-16 5.58585E-18 1.21109E-18 3.07507E-25 6.65757E-25 7.32656E-19 2.10616E-15
 7.24168E-13 4.73140E-15 4.97370E-11 6.23038E-23 2.32738E-28 2.04722E-28 2.90408E-22 2.67990E-21
 2.48697E-21 1.34945E-27 7.23736E-14 1.90833E-08 6.75450E-08 2.42481E-10 2.28789E-10 9.24343E-11
 2.85073E-10 3.19543E-09 1.48184E-06 4.70977E-12 8.18586E-06 6.66443E-17 4.70611E-17 4.81751E-15
 1.29997E-12 4.54647E-15 3.24928E-16 1.07852E-16 1.43007E-18 6.68550E-19 6.00655E-26 1.92618E-25
 6.62364E-19 7.42193E-16 8.00991E-13 2.99522E-15 4.96577E-11 1.28332E-23 1.22112E-28 1.68443E-28
 5.17630E-22 2.96879E-21 1.96757E-21 1.70066E-27 4.99526E-14 3.90163E-08 4.06777E-08 1.72911E-10
 1.44944E-10 3.50470E-11 4.03124E-10 4.63479E-09 1.50789E-06 2.64122E-12 1.23159E-05 2.40042E-17
 2.52141E-17 4.94933E-15 1.22809E-12 1.82418E-15 1.58375E-16 2.39613E-17 2.85449E-19 3.40779E-19
 9.62457E-27 7.48556E-26 6.04857E-19 2.53263E-16 9.90842E-13 2.19847E-15 4.94632E-11 2.65144E-24
 4.69882E-29 1.15136E-28 8.82096E-22 3.03689E-21 1.53178E-21 1.83273E-27 3.19399E-14 8.28632E-08
 2.43029E-08 1.21052E-10 8.56871E-11 1.14880E-11 5.90876E-10 6.58796E-09 1.52319E-06 1.50528E-12
 1.72244E-05 7.31571E-18 1.23501E-17 5.08886E-15 1.15347E-12 7.08355E-16 7.53383E-17 4.99191E-18
 5.03958E-20 1.62256E-19 1.38531E-27 3.95203E-26 5.56763E-19 8.60966E-17 1.33770E-12 1.88068E-15
 4.91106E-11 5.97853E-25 1.41985E-29 6.70323E-29 1.38068E-21 2.87859E-21 1.18832E-21 1.69386E-27
 1.86611E-14 1.80053E-07 1.45021E-08 8.31279E-11 4.85614E-11 3.42212E-12 8.82347E-10 9.28909E-09
 1.53154E-06 8.70511E-13 2.27446E-05 1.99741E-18 5.76463E-18 5.23544E-15 1.07692E-12 3.08752E-16
 3.49406E-17 1.09630E-18 9.26343E-21 8.05134E-20 2.25670E-28 2.56517E-26 5.15686E-19 2.81341E-17
 1.91831E-12 1.78346E-15 4.85235E-11 1.59512E-25 3.47333E-30 3.32412E-29 1.92394E-21 2.59340E-21
 9.27120E-22 1.33663E-27 9.78780E-15 4.05043E-07 8.64862E-09 5.46272E-11 2.58425E-11 9.20316E-13
 1.36400E-09 1.28328E-08 1.53552E-06 5.11812E-13 2.86754E-05 5.13030E-19 2.74798E-18 5.38345E-15
 9.99606E-13 1.73861E-16 1.54237E-17 2.84343E-19 2.00957E-21 4.76556E-20 5.47778E-29 1.84789E-26
 4.80330E-19 8.12475E-18 2.83333E-12 1.78152E-15 4.76013E-11 5.35877E-26 6.39541E-31 1.29757E-29
 2.33592E-21 2.37149E-21 7.33971E-22 8.63141E-28 4.62132E-15 8.96115E-07 5.14222E-09 3.48215E-11
 1.30990E-11 2.28113E-13 2.10477E-09 1.67188E-08 1.53697E-06 3.06002E-13 3.48496E-05 1.30619E-19
 1.42927E-18 5.51847E-15 9.22583E-13 1.25612E-16 6.56746E-18 9.05854E-20 5.27624E-22 3.33173E-20
 2.02046E-29 1.32454E-26 4.49694E-19 2.09054E-18 4.07030E-12 1.77490E-15 4.63568E-11 2.12340E-26
 9.10044E-32 4.03319E-30 2.44541E-21 2.39964E-21 5.93231E-22 4.57849E-28 2.10796E-15 1.79285E-06
 3.06502E-09 2.29745E-11 6.82256E-12 5.64819E-14 3.00250E-09 2.03535E-08 1.53712E-06 1.86542E-13
 4.11040E-05 3.51190E-20 8.32928E-19 5.61741E-15 8.47630E-13 9.95434E-17 2.87862E-18 3.34154E-20
 1.56906E-22 2.40010E-20 8.57305E-30 8.80294E-27 4.23196E-19 5.53759E-19 5.48523E-12 1.70242E-15
 4.49339E-11 8.63227E-27 1.22707E-32 1.21726E-30 2.32567E-21 2.61774E-21 4.91697E-22 2.26745E-28
 1.00036E-15 3.19223E-06 1.84808E-09 1.59949E-11 3.78029E-12 1.48660E-14 3.88087E-09 2.35356E-08
 1.53664E-06 1.16482E-13 4.73029E-05 1.04866E-20 5.45420E-19 5.66261E-15 7.76600E-13 7.95057E-17
 1.32720E-18 1.33600E-20 5.02596E-23 1.68642E-20 3.59892E-30 5.40304E-27 4.00427E-19 1.63527E-19
 6.96825E-12 1.56906E-15 4.34427E-11 3.47141E-27 1.84174E-33 4.09147E-31 2.16235E-21 2.85093E-21
 4.18521E-22 1.16801E-28 5.06931E-16 5.17693E-06 1.13162E-09 1.15909E-11 2.21977E-12 4.25576E-15
 4.62131E-09 2.63124E-08 1.53585E-06 7.45357E-14 5.34096E-05 3.55919E-21 3.97523E-19 5.65014E-15
 7.10144E-13 6.30111E-17 6.35792E-19 5.57168E-21 1.69560E-23 1.15791E-20 1.46379E-30 3.12076E-27
 3.80791E-19 5.37875E-20 8.48630E-12 1.40279E-15 4.19160E-11 1.39709E-27 3.27378E-34 1.57154E-31
 2.03928E-21 3.02438E-21 3.64655E-22 6.46772E-29 2.72960E-16 7.85631E-06 7.02965E-10 8.60476E-12
 1.36201E-12 1.32104E-15 5.18263E-09 2.87882E-08 1.53493E-06 4.87225E-14 5.94535E-05 1.37244E-21
 3.17119E-19 5.58557E-15 6.48071E-13 4.95524E-17 3.11453E-19 2.37318E-21 5.93517E-24 7.83056E-21
 5.80312E-31 1.72497E-27 3.63658E-19 1.92050E-20 1.00442E-11 1.22684E-15 4.03490E-11 5.66362E-28
 6.83777E-35 6.75194E-32 1.96712E-21 3.13405E-21 3.23455E-22 3.82790E-29 1.54339E-16 1.13831E-05
 4.42044E-10 6.47366E-12 8.62314E-13 4.38755E-16 5.56733E-09 3.10431E-08 1.53394E-06 3.24249E-14
 6.54625E-05 5.92321E-22 2.71676E-19 5.47831E-15 5.90134E-13 3.87296E-17 1.54299E-19 1.02035E-21
 2.13130E-24 5.24270E-21 2.25715E-31 9.21824E-28 3.48555E-19 7.26270E-21 1.16504E-11 1.05499E-15
 3.87332E-11 2.31177E-28 1.62214E-35 3.15586E-32 1.93718E-21 3.19295E-21 2.90575E-22 2.38655E-29
 9.12802E-17 1.59151E-05 2.82079E-10 4.90393E-12 5.59378E-13 1.54523E-16 5.78006E-09 3.31044E-08
 1.53294E-06 2.19980E-14 7.13873E-05 2.81183E-22 2.45619E-19 5.33994E-15 5.36727E-13 3.01534E-17
 7.68908E-20 4.41197E-22 7.81839E-25 3.48851E-21 8.67345E-32 4.78038E-28 3.35282E-19 2.86705E-21
 1.32900E-11 8.93630E-16 3.70834E-11 9.49928E-29 4.26169E-36 1.57794E-32 1.94277E-21 3.21027E-21
 2.63510E-22 1.55258E-29 5.64150E-17 2.16086E-05 1.83346E-10 3.72529E-12 3.70210E-13 5.73164E-17
 5.83043E-09 3.49818E-08 1.53197E-06 1.52515E-14 7.71679E-05 1.44038E-22 2.30601E-19 5.18195E-15
 4.88174E-13 2.34344E-17 3.84374E-20 1.91749E-22 2.92532E-25 2.31376E-21 3.31230E-32 2.40980E-28
 3.23677E-19 1.17078E-21 1.49383E-11 7.46235E-16 3.54244E-11 3.92959E-29 1.21881E-36 8.34670E-33
 1.97931E-21 3.19225E-21 2.40648E-22 1.04685E-29 3.61362E-17 2.86991E-05 1.21067E-10 2.83059E-12
 2.48692E-13 2.20846E-17 5.75024E-09 3.67049E-08 1.53103E-06 1.07725E-14 8.28371E-05 7.77843E-23
 2.21799E-19 5.01163E-15 4.43925E-13 1.81866E-17 1.92174E-20 8.34077E-23 1.11004E-25 1.53102E-21
 1.25809E-32 1.18505E-28 3.13423E-19 4.89567E-22 1.65911E-11 6.15446E-16 3.37603E-11 1.63189E-29
 3.71278E-37 4.60541E-33 2.04070E-21 3.14629E-21 2.20651E-22 7.25035E-30 2.38810E-17 3.74130E-05
 8.10720E-11 2.14821E-12 1.69198E-13 8.76418E-18 5.56081E-09 3.82876E-08 1.53013E-06 7.73465E-15
 8.84018E-05 4.35763E-23 2.16576E-19 4.83454E-15 4.03652E-13 1.41004E-17 9.59621E-21 3.62435E-23
 4.26221E-26 1.01147E-21 4.75853E-33 5.69649E-29 3.04299E-19 2.08710E-22 1.82362E-11 5.01816E-16
 3.21030E-11 6.79838E-30 1.19168E-37 2.63337E-33 2.12455E-21 3.07552E-21 2.02738E-22 5.13544E-30
 1.63213E-17 4.78523E-05 5.51902E-11 1.62707E-12 1.16693E-13 3.58492E-18 5.26937E-09 3.97228E-08
 1.52928E-06 5.65345E-15 9.38033E-05 2.51565E-23 2.13470E-19 4.65643E-15 3.67457E-13 1.09378E-17
 4.78896E-21 1.57751E-23 1.66107E-26 6.68218E-22 1.79968E-33 2.67747E-29 2.96220E-19 9.08534E-23
 1.98438E-11 4.04551E-16 3.04827E-11 2.84850E-30 4.04018E-38 1.56243E-33 2.23224E-21 2.97891E-21
 1.86596E-22 3.72132E-30 1.15318E-17 6.00848E-05 3.82104E-11 1.22924E-12 8.15858E-14 1.50964E-18
 4.89452E-09 4.10136E-08 1.52849E-06 4.20544E-15 9.90166E-05 1.48785E-23 2.11596E-19 4.48071E-15
 3.35145E-13 8.49648E-18 2.38888E-21 6.88060E-24 6.57548E-27 4.41903E-22 6.81919E-34 1.23203E-29
 2.89057E-19 4.03892E-23 2.13949E-11 3.22663E-16 2.89180E-11 1.20210E-30 1.44622E-38 9.60766E-34
 2.36399E-21 2.85651E-21 1.71972E-22 2.75531E-30 8.41467E-18 7.41078E-05 2.68968E-11 9.26104E-13
 5.78229E-14 6.53526E-19 4.45845E-09 4.21662E-08 1.52775E-06 3.18112E-15 1.04028E-04 8.97706E-24
 2.10436E-19 4.30950E-15 3.06438E-13 6.61418E-18 1.19145E-21 3.00720E-24 2.64470E-27 2.92766E-22
 2.59220E-34 5.55844E-30 2.82687E-19 1.83407E-23 2.28767E-11 2.54803E-16 2.74220E-11 5.11576E-31
 5.46007E-39 6.11427E-34 2.51957E-21 2.70871E-21 1.58694E-22 2.08130E-30 6.34990E-18 8.97431E-05
 1.92807E-11 6.95786E-13 4.15780E-14 2.91645E-19 3.98087E-09 4.31827E-08 1.52707E-06 2.44871E-15
 1.08800E-04 5.52336E-24 2.09693E-19 4.14510E-15 2.81185E-13 5.16572E-18 5.94884E-22 1.32098E-24
 1.08372E-27 1.94540E-22 9.91763E-35 2.46171E-30 2.77034E-19 8.52319E-24 2.42719E-11 1.99329E-16
 2.60119E-11 2.20062E-31 2.17925E-39 4.02810E-34 2.69834E-21 2.53621E-21 1.46720E-22 1.60276E-30
 4.93999E-18 1.06870E-04 1.40523E-11 5.21354E-13 3.03025E-14 1.33862E-19 3.48943E-09 4.40774E-08
 1.52644E-06 1.91457E-15 1.13349E-04 3.45507E-24 2.09184E-19 3.98762E-15 2.58956E-13 4.04840E-18
 2.97365E-22 5.82747E-25 4.51828E-28 1.29686E-22 3.81857E-35 1.07238E-30 2.71972E-19 4.04760E-24
 2.55813E-11 1.54636E-16 2.46867E-11 9.56746E-32 9.15056E-40 2.73602E-34 2.89683E-21 2.34260E-21
 1.35908E-22 1.25403E-30 3.94589E-18 1.25372E-04 1.03851E-11 3.89696E-13 2.23569E-14 6.29384E-20
 3.00803E-09 4.48659E-08 1.52584E-06 1.51659E-15 1.17704E-04 2.18949E-24 2.08805E-19 3.83653E-15
 2.39316E-13 3.18333E-18 1.48789E-22 2.57637E-25 1.91219E-28 8.67232E-23 1.47808E-35 4.60411E-31
 2.67389E-19 1.96050E-24 2.68109E-11 1.19092E-16 2.34401E-11 4.20107E-32 4.01603E-40 1.90761E-34
 3.11040E-21 2.13259E-21 1.26116E-22 9.93426E-31 3.23435E-18 1.44927E-04 7.78235E-12 2.90681E-13
 1.66985E-14 3.03399E-20 2.55110E-09 4.55554E-08 1.52528E-06 1.21674E-15 1.21851E-04 1.40550E-24
 2.08498E-19 3.69262E-15 2.22052E-13 2.51284E-18 7.46015E-23 1.14387E-25 8.22477E-29 5.82074E-23
 5.76295E-36 1.95085E-31 2.63231E-19 9.68886E-25 2.79564E-11 9.11061E-17 2.22766E-11 1.86490E-32
 1.83982E-40 1.36329E-34 3.33399E-21 1.91131E-21 1.17306E-22 7.95328E-31 2.71842E-18 1.65183E-04
 5.91381E-12 2.16461E-13 1.26222E-14 1.50014E-20 2.13008E-09 4.61537E-08 1.52475E-06 9.88453E-16
 1.25780E-04 9.13738E-25 2.08228E-19 3.55647E-15 2.06941E-13 1.99213E-18 3.75131E-23 5.10810E-26
 3.59681E-29 3.92289E-23 2.26589E-36 8.16748E-32 2.59451E-19 4.88395E-25 2.90158E-11 6.92719E-17
 2.11978E-11 8.37268E-33 8.77766E-41 9.96763E-35 3.56143E-21 1.68494E-21 1.09430E-22 6.42191E-31
 2.34062E-18 1.85781E-04 4.55750E-12 1.60998E-13 9.65036E-15 7.60742E-21 1.75266E-09 4.66695E-08
 1.52424E-06 8.12971E-16 1.29485E-04 6.01406E-25 2.07974E-19 3.42843E-15 1.93758E-13 1.58658E-18
 1.89318E-23 2.29722E-26 1.59907E-29 2.65543E-23 8.99083E-37 3.38248E-32 2.56008E-19 2.50903E-25
 2.99894E-11 5.23788E-17 2.02035E-11 3.80183E-33 4.34812E-41 7.44027E-35 3.78586E-21 1.46043E-21
 1.02426E-22 5.21931E-31 2.06264E-18 2.06383E-04 3.56311E-12 1.19666E-13 7.45758E-15 3.95560E-21
 1.42264E-09 4.71113E-08 1.52375E-06 6.76952E-16 1.32964E-04 4.00666E-25 2.07723E-19 3.30876E-15
 1.82285E-13 1.26957E-18 9.59561E-24 1.04173E-26 7.22463E-30 1.80560E-23 3.60199E-37 1.38718E-32
 2.52865E-19 1.31215E-25 3.08788E-11 3.94070E-17 1.92921E-11 1.74546E-33 2.22910E-41 5.65865E-35
 4.00040E-21 1.24468E-21 9.62233E-23 4.26193E-31 1.85872E-18 2.26687E-04 2.82782E-12 8.89414E-14
 5.82036E-15 2.10921E-21 1.14048E-09 4.74874E-08 1.52328E-06 5.70792E-16 1.36218E-04 2.70300E-25
 2.07467E-19 3.19752E-15 1.72315E-13 1.02072E-18 4.88772E-24 4.77171E-27 3.31579E-30 1.23328E-23
 1.45755E-37 5.63932E-33 2.49988E-19 6.97637E-26 3.16866E-11 2.95139E-17 1.84607E-11 8.09799E-34
 1.17896E-41 4.37710E-35 4.19881E-21 1.04403E-21 9.07494E-23 3.49125E-31 1.71104E-18 2.46441E-04
 2.28083E-12 6.61582E-14 4.58390E-15 1.15723E-21 9.04158E-10 4.78060E-08 1.52281E-06 4.87536E-16
 1.39251E-04 1.85123E-25 2.07201E-19 3.09469E-15 1.63657E-13 8.24469E-19 2.50607E-24 2.22076E-27
 1.54910E-30 8.46077E-24 5.97324E-38 2.27648E-33 2.47348E-19 3.76631E-26 3.24162E-11 2.20184E-17
 1.77058E-11 3.79548E-34 6.42558E-42 3.43801E-35 4.37527E-21 8.64327E-22 8.59303E-23 2.86513E-31
 1.59449E-18 2.66214E-04 1.85660E-12 4.92717E-14 3.63019E-15 6.44680E-22 7.11570E-10 4.80849E-08
 1.52232E-06 4.19475E-16 1.42185E-04 1.27624E-25 2.06911E-19 2.99630E-15 1.55837E-13 6.67653E-19
 1.28917E-24 1.03778E-27 7.28864E-31 5.81791E-24 2.45462E-38 9.13145E-34 2.44821E-19 2.05128E-26
 3.30979E-11 1.63788E-17 1.69960E-11 1.78760E-34 3.56001E-42 2.72523E-35 4.52842E-21 7.06806E-22
 8.15237E-23 2.34844E-31 1.49045E-18 2.86734E-04 1.51249E-12 3.67568E-14 2.88183E-15 3.58365E-22
 5.57755E-10 4.83384E-08 1.52179E-06 3.61244E-16 1.45145E-04 8.76045E-26 2.06575E-19 2.89828E-15
 1.48437E-13 5.40827E-19 6.63130E-25 4.78836E-28 3.41290E-31 4.00103E-24 1.00027E-38 3.64204E-34
 2.42282E-19 1.12049E-26 3.37607E-11 1.21583E-17 1.63006E-11 8.41596E-35 1.97750E-42 2.16877E-35
 4.65878E-21 5.70644E-22 7.73116E-23 1.91798E-31 1.39559E-18 3.07993E-04 1.23191E-12 2.75003E-14
 2.29293E-15 1.98650E-22 4.35663E-10 4.85685E-08 1.52120E-06 3.11132E-16 1.48141E-04 5.99015E-26
 2.06185E-19 2.80049E-15 1.41376E-13 4.38044E-19 3.41878E-25 2.18558E-28 1.59488E-31 2.75066E-24
 4.05600E-39 1.44736E-34 2.39708E-19 6.13935E-27 3.44055E-11 9.01020E-18 1.56176E-11 3.96145E-35
 1.10258E-42 1.73371E-35 4.76598E-21 4.55971E-22 7.32637E-23 1.56116E-31 1.30898E-18 3.29882E-04
 1.00328E-12 2.06631E-14 1.82876E-15 1.09977E-22 3.39113E-10 4.87753E-08 1.52054E-06 2.68010E-16
 1.51168E-04 4.08698E-26 2.05731E-19 2.70332E-15 1.34609E-13 3.54675E-19 1.76942E-25 9.90547E-29
 7.45608E-32 1.88992E-24 1.64041E-39 5.73416E-35 2.37089E-19 3.37551E-27 3.50293E-11 6.66678E-18
 1.49491E-11 1.86434E-35 6.18422E-43 1.39398E-35 4.85134E-21 3.61224E-22 6.93731E-23 1.26742E-31
 1.22975E-18 3.52306E-04 8.17025E-13 1.56192E-14 1.46211E-15 6.08835E-23 2.63059E-10 4.89587E-08
 1.51979E-06 2.30901E-16 1.54217E-04 2.78616E-26 2.05200E-19 2.60710E-15 1.28081E-13 2.86973E-19
 9.20640E-26 4.47111E-29 3.49004E-32 1.29724E-24 6.62035E-40 2.26516E-35 2.34414E-19 1.86253E-27
 3.56298E-11 4.92546E-18 1.42964E-11 8.76899E-36 3.49428E-43 1.12853E-35 4.91696E-21 2.84041E-22
 6.56310E-23 1.02703E-31 1.15735E-18 3.75184E-04 6.65288E-13 1.19036E-14 1.17178E-15 3.37402E-23
 2.03391E-10 4.91186E-08 1.51894E-06 1.98954E-16 1.57283E-04 1.90047E-26 2.04582E-19 2.51211E-15
 1.21729E-13 2.31917E-19 4.82377E-26 2.01538E-29 1.63594E-32 8.89062E-25 2.66531E-40 8.92340E-36
 2.31673E-19 1.03130E-27 3.62050E-11 3.63377E-18 1.36603E-11 4.11971E-36 1.99106E-43 9.20611E-36
 4.96500E-21 2.21922E-22 6.20275E-23 8.31130E-32 1.09444E-18 3.98450E-04 5.41597E-13 9.17392E-15
 9.41262E-16 1.87457E-23 1.56823E-10 4.92544E-08 1.51797E-06 1.71435E-16 1.60359E-04 1.30035E-26
 2.03861E-19 2.41858E-15 1.15483E-13 1.87074E-19 2.55245E-26 9.10035E-30 7.69143E-33 6.07943E-25
 1.07184E-40 3.51043E-36 2.28850E-19 5.73297E-28 3.67527E-11 2.67814E-18 1.30413E-11 1.93409E-36
 1.14633E-43 7.57100E-36 4.99740E-21 1.72558E-22 5.85517E-23 6.71983E-32 1.07493E-18 4.21975E-04
 4.40951E-13 7.15411E-15 7.62627E-16 1.05121E-23 1.24334E-10 4.93673E-08 1.51690E-06 1.47779E-16
 1.63430E-04 8.99936E-27 2.03023E-19 2.32694E-15 1.09279E-13 1.52081E-19 1.39949E-26 4.16131E-30
 3.72780E-33 4.26045E-25 4.50153E-41 1.48130E-36 2.25939E-19 3.35626E-28 3.72696E-11 2.00751E-18
 1.24416E-11 9.81091E-37 6.77040E-44 6.29758E-36 5.01544E-21 1.34282E-22 5.52019E-23 5.46418E-32
 1.08830E-18 4.45592E-04 3.59493E-13 5.62635E-15 6.22091E-16 5.97636E-24 1.00740E-10 4.94634E-08
 1.51581E-06 1.27559E-16 1.66471E-04 6.31981E-27 2.02051E-19 2.23783E-15 1.03169E-13 1.24307E-19
 7.90472E-27 1.94165E-30 1.86850E-33 3.04262E-25 1.98631E-41 6.62197E-37 2.22935E-19 2.05142E-28
 3.77493E-11 1.52314E-18 1.18659E-11 5.30664E-37 4.09528E-44 5.29381E-36 5.02124E-21 1.04543E-22
 5.19831E-23 4.46240E-32 1.07979E-18 4.69304E-04 2.93573E-13 4.49760E-15 5.04652E-16 3.42182E-24
 7.88518E-11 4.95479E-08 1.51472E-06 1.10279E-16 1.69477E-04 4.46103E-27 2.00925E-19 2.15123E-15
 9.72570E-14 1.00258E-19 4.41821E-27 9.16531E-31 9.22950E-34 2.10415E-25 8.49663E-42 2.74490E-37
 2.19816E-19 1.19832E-28 3.81881E-11 1.13119E-18 1.13155E-11 2.65643E-37 2.47560E-44 4.47472E-36
 5.01683E-21 8.07158E-23 4.88809E-23 3.61680E-32 1.09443E-18 4.93099E-04 2.40197E-13 3.64153E-15
 4.12380E-16 1.97906E-24 6.33306E-11 4.96239E-08 1.51366E-06 9.55093E-17 1.72442E-04 3.17741E-27
 1.99620E-19 2.06715E-15 9.15561E-14 8.15061E-20 2.55377E-27 4.41304E-31 4.64254E-34 1.49067E-25
 3.73680E-42 1.20475E-37 2.16560E-19 7.33028E-29 3.85833E-11 8.51248E-19 1.07908E-11 1.41379E-37
 1.51531E-44 3.82026E-36 5.00227E-21 6.21336E-23 4.58816E-23 2.94691E-32 1.08221E-18 5.17011E-04
 1.96990E-13 3.03945E-15 3.34663E-16 1.14772E-24 4.89016E-11 4.96957E-08 1.51264E-06 8.28913E-17
 1.75363E-04 2.25952E-27 1.98107E-19 1.98554E-15 8.61946E-14 6.53662E-20 1.47460E-27 2.15095E-31
 2.27572E-34 1.01900E-25 1.56921E-42 4.84307E-38 2.13137E-19 4.24693E-29 3.89316E-11 6.25180E-19
 1.02920E-11 6.89651E-38 9.22300E-45 3.27811E-36 4.97827E-21 4.73226E-23 4.29711E-23 2.38006E-32
 1.07472E-18 5.41107E-04 1.61929E-13 2.60506E-15 2.72492E-16 6.68070E-25 3.81030E-11 4.97639E-08
 1.51165E-06 7.20914E-17 1.78238E-04 1.60820E-27 1.96356E-19 1.90619E-15 8.11834E-14 5.26225E-20
 8.81126E-28 1.06919E-31 1.11620E-34 7.03395E-26 6.58967E-43 1.97930E-38 2.09512E-19 2.50410E-29
 3.92308E-11 4.60695E-19 9.81808E-12 3.41965E-38 5.63499E-45 2.83396E-36 4.94446E-21 3.58326E-23
 4.01319E-23 1.92476E-32 1.06379E-18 5.65396E-04 1.33546E-13 2.30370E-15 2.22180E-16 3.90242E-25
 2.97506E-11 4.98348E-08 1.51079E-06 6.28744E-17 1.81057E-04 1.14338E-27 1.94333E-19 1.82918E-15
 7.66077E-14 4.24669E-20 5.46028E-28 5.45059E-32 5.48695E-35 4.87464E-26 2.77857E-43 8.12411E-39
 2.05658E-19 1.48706E-29 3.94765E-11 3.39121E-19 9.36962E-12 1.70531E-38 3.45432E-45 2.46537E-36
 4.90066E-21 2.69682E-23 3.73572E-23 1.55548E-32 1.01834E-18 5.90048E-04 1.10495E-13 2.15848E-15
 1.79400E-16 2.26659E-25 2.20280E-11 4.99063E-08 1.50997E-06 5.49846E-17 1.83825E-04 8.01751E-28
 1.91995E-19 1.75414E-15 7.25612E-14 3.37838E-20 3.43287E-28 2.82453E-32 2.58488E-35 3.22884E-26
 1.09214E-43 2.95033E-39 2.01526E-19 8.16048E-30 3.96661E-11 2.41790E-19 8.94464E-12 7.57953E-39
 2.09368E-45 2.15236E-36 4.84648E-21 2.00165E-23 3.46277E-23 1.24209E-32 9.65909E-19 6.15231E-04
 9.16932E-14 2.10815E-15 1.44975E-16 1.31008E-25 1.62729E-11 4.99721E-08 1.50900E-06 4.82060E-17
 1.86549E-04 5.56187E-28 1.89302E-19 1.68072E-15 6.89941E-14 2.69732E-20 2.25137E-28 1.49896E-32
 1.19886E-35 2.14339E-26 4.18904E-44 1.05731E-39 1.97071E-19 4.45427E-30 3.97970E-11 1.71905E-19
 8.54093E-12 3.31049E-39 1.26518E-45 1.88721E-36 4.78105E-21 1.47359E-23 3.19296E-23 9.90195E-33
 9.12653E-19 6.41044E-04 7.63587E-14 2.13616E-15 1.17230E-16 7.55064E-26 1.20127E-11 5.00324E-08
 1.50786E-06 4.23874E-17 1.89219E-04 3.82667E-28 1.86213E-19 1.60890E-15 6.58853E-14 2.16223E-20
 1.53869E-28 8.19582E-33 5.53826E-36 1.42636E-26 1.59666E-44 3.77498E-40 1.92259E-19 2.42719E-30
 3.98646E-11 1.22026E-19 8.15828E-12 1.44071E-39 7.64865E-46 1.66002E-36 4.70373E-21 1.07926E-23
 2.92619E-23 7.87739E-33 8.58413E-19 6.67612E-04 6.38576E-14 2.23088E-15 9.48345E-17 4.34525E-26
 8.86059E-12 5.00877E-08 1.50651E-06 3.73990E-17 1.91827E-04 2.61282E-28 1.82693E-19 1.53866E-15
 6.32217E-14 1.74113E-20 1.08945E-28 4.62480E-33 2.55757E-36 9.51845E-27 6.08481E-45 1.34221E-40
 1.87058E-19 1.31867E-30 3.98642E-11 8.64525E-20 7.79652E-12 6.25050E-40 4.62719E-46 1.46317E-36
 4.61386E-21 7.87097E-24 2.66270E-23 6.25077E-33 7.96659E-19 6.95148E-04 5.36473E-14 2.42596E-15
 7.63539E-17 2.49202E-26 6.37055E-12 5.01318E-08 1.50476E-06 3.31168E-17 1.94371E-04 1.76323E-28
 1.78702E-19 1.46982E-15 6.09922E-14 1.39713E-20 7.88898E-29 2.67372E-33 1.15914E-36 6.22459E-27
 2.24949E-45 4.49104E-41 1.81434E-19 6.87716E-31 3.97913E-11 6.02819E-20 7.45471E-12 2.57670E-40
 2.78452E-46 1.29024E-36 4.51072E-21 5.69984E-24 2.40278E-23 4.92017E-33 7.32706E-19 7.23881E-04
 4.52800E-14 2.72371E-15 6.12605E-17 1.42427E-26 4.49621E-12 5.01503E-08 1.50218E-06 2.94305E-17
 1.96850E-04 1.17614E-28 1.74211E-19 1.40223E-15 5.91349E-14 1.11947E-20 5.82538E-29 1.57674E-33
 5.15505E-37 4.01186E-27 8.05767E-46 1.43185E-41 1.75362E-19 3.47077E-31 3.96419E-11 4.15464E-20
 7.13186E-12 1.01712E-40 1.66577E-46 1.13669E-36 4.39377E-21 4.10402E-24 2.14737E-23 3.84522E-33
 6.78020E-19 7.53937E-04 3.84327E-14 3.03899E-15 4.94161E-17 8.15716E-27 3.25620E-12 5.01382E-08
 1.49862E-06 2.62644E-17 1.99250E-04 7.81218E-29 1.69217E-19 1.33610E-15 5.75688E-14 9.08825E-21
 4.40190E-29 9.53264E-34 2.32436E-37 2.65468E-27 2.94832E-46 4.80743E-42 1.68853E-19 1.80422E-31
 3.94126E-11 2.90231E-20 6.82857E-12 4.16479E-41 9.98993E-47 9.99647E-37 4.26308E-21 2.95808E-24
 1.89895E-23 3.00951E-33 6.27704E-19 7.85549E-04 3.28331E-14 3.44201E-15 3.97692E-17 4.68835E-27
 2.33940E-12 5.00934E-08 1.49393E-06 2.35471E-17 2.01561E-04 5.16734E-29 1.63715E-19 1.27147E-15
 5.62598E-14 7.38008E-21 3.36321E-29 5.86964E-34 1.05006E-37 1.74304E-27 1.08038E-46 1.58601E-42
 1.61914E-19 9.24992E-32 3.90999E-11 2.01591E-20 6.54497E-12 1.69164E-41 5.98192E-47 8.76343E-37
 4.11873E-21 2.13101E-24 1.65974E-23 2.33999E-33 5.82957E-19 8.18930E-04 2.82582E-14 3.90950E-15
 3.20032E-17 2.71155E-27 1.68631E-12 5.00060E-08 1.48780E-06 2.12162E-17 2.03773E-04 3.41209E-29
 1.57723E-19 1.20849E-15 5.51638E-14 6.01689E-21 2.59346E-29 3.67117E-34 4.77083E-38 1.14793E-27
 3.98756E-47 5.24512E-43 1.54578E-19 4.73213E-32 3.87022E-11 1.40081E-20 6.28119E-12 6.88870E-42
 3.57715E-47 7.64980E-37 3.96137E-21 1.53620E-24 1.43247E-23 1.81110E-33 5.44604E-19 8.54295E-04
 2.45341E-14 4.40436E-15 2.58034E-17 1.58540E-27 1.23302E-12 4.98723E-08 1.48003E-06 1.92210E-17
 2.05875E-04 2.25880E-29 1.51279E-19 1.14735E-15 5.42448E-14 4.94190E-21 2.01639E-29 2.33107E-34
 2.19834E-38 7.65942E-28 1.50380E-47 1.78409E-43 1.46897E-19 2.45110E-32 3.82191E-11 9.79832E-21
 6.03764E-12 2.86628E-42 2.13963E-47 6.64363E-37 3.79215E-21 1.11005E-24 1.22000E-23 1.39787E-33
 5.10038E-19 8.91958E-04 2.15127E-14 5.00156E-15 2.07357E-17 9.42327E-28 8.94719E-13 4.96838E-08
 1.47030E-06 1.75124E-17 2.07862E-04 1.50438E-29 1.44425E-19 1.08815E-15 5.34809E-14 4.05391E-21
 1.57150E-29 1.49531E-34 1.01465E-38 5.06211E-28 5.67483E-48 5.94925E-44 1.38923E-19 1.25084E-32
 3.76510E-11 6.81115E-21 5.81406E-12 1.18071E-42 1.27611E-47 5.73393E-37 3.61229E-21 8.03307E-25
 1.02452E-23 1.07006E-33 4.80148E-19 9.32162E-04 1.90792E-14 5.66605E-15 1.66454E-17 5.78485E-28
 6.51323E-13 4.94268E-08 1.45814E-06 1.60502E-17 2.09729E-04 1.02089E-29 1.37230E-19 1.03110E-15
 5.28455E-14 3.33423E-21 1.22794E-29 9.72754E-35 4.70820E-39 3.35041E-28 2.15234E-48 1.98500E-44
 1.30740E-19 6.35296E-33 3.70011E-11 4.73391E-21 5.61048E-12 4.86209E-43 7.62271E-48 4.91433E-37
 3.42379E-21 5.84732E-25 8.48182E-24 8.14154E-34 4.55896E-19 9.75211E-04 1.71392E-14 6.45165E-15
 1.33113E-17 3.81037E-28 4.71497E-13 4.90847E-08 1.44300E-06 1.47973E-17 2.11474E-04 7.25840E-30
 1.29773E-19 9.76338E-16 5.23156E-14 2.73744E-21 9.60563E-30 6.52345E-35 2.21701E-39 2.19641E-28
 8.22022E-49 6.51563E-45 1.22435E-19 3.20203E-33 3.62735E-11 3.27474E-21 5.42656E-12 1.99514E-43
 4.65271E-48 4.17892E-37 3.22877E-21 4.33172E-25 6.92238E-24 6.13991E-34 4.41795E-19 1.02121E-03
 1.56300E-14 7.06877E-15 1.07303E-17 2.91961E-28 3.59468E-13 4.86591E-08 1.42482E-06 1.37302E-17
 2.13086E-04 5.72381E-30 1.22169E-19 9.24243E-16 5.18689E-14 2.28977E-21 7.67724E-30 4.78682E-35
 1.18681E-39 1.50704E-28 3.61084E-49 2.42905E-45 1.14134E-19 1.79007E-33 3.54772E-11 2.33830E-21
 5.26251E-12 9.30403E-44 3.19608E-48 3.52770E-37 3.03038E-21 3.38773E-25 5.57716E-24 4.64528E-34
 2.85150E+02 2.78650E+02 2.72150E+02 2.65660E+02 2.61170E+02 2.55680E+02 2.49190E+02 2.42700E+02
 2.36210E+02 2.25000E+02 2.10000E+02 2.10000E+02 2.10000E+02 2.10000E+02 2.10000E+02 2.00000E+02
 2.00000E+02 2.00000E+02 2.00000E+02 2.00000E+02 2.00000E+02 2.00000E+02 2.00000E+02 2.00000E+02
 2.00000E+02 2.00000E+02 2.00000E+02 2.00000E+02 2.00000E+02 2.00000E+02 2.00000E+02 2.00000E+02
 2.00000E+02 2.00000E+02 2.00000E+02 2.00000E+02 2.00000E+02 2.00000E+02 2.00000E+02 2.00000E+02
 2.00000E+02 2.00000E+02 2.00000E+02 2.00000E+02 2.00000E+02 2.00000E+02 2.00000E+02 2.00000E+02
 2.00000E+02 2.00000E+02 2.00000E+02 2.00000E+02 2.00000E+02 2.00000E+02 2.00000E+02 2.00000E+02
 2.00000E+02 2.00000E+02 2.00000E+02 2.00000E+02 2.00000E+02 2.00000E+02 2.00000E+02 2.00000E+02
 2.00000E+02 2.00000E+02 2.00000E+02 2.00000E+02 2.00000E+02 2.00000E+02 2.00000E+02 2.00000E+02
 2.00000E+02 2.00000E+02 2.00000E+02 2.00000E+02 2.00000E+02 2.00000E+02 2.00000E+02 1.98600E+02
 1.96000E+02 1.94700E+02 1.92000E+02 1.90800E+02 1.89000E+02 1.86900E+02 1.86900E+02 1.86900E+02
 1.86900E+02 1.86900E+02 1.88000E+02 1.90000E+02 1.91000E+02 1.92500E+02 1.94000E+02 1.95000E+02
 1.96500E+02 1.98000E+02 2.00000E+02 2.00000E+02 1.00000E+05 1.00000E+05 1.00000E+05 1.00000E+05
 1.00000E+05 1.00000E+05 1.00000E+05 1.00000E+05 1.00000E+05 8.94400E+04 4.89900E+04 2.25800E+04
 1.16600E+04 6.81200E+03 5.16500E+03 4.29000E+03 3.95000E+03 3.90000E+03 3.99900E+03 4.34300E+03
 4.84400E+03 5.43900E+03 6.18700E+03 7.03600E+03 7.98400E+03 8.98600E+03 1.00300E+04 1.12800E+04
 1.24900E+04 1.36300E+04 1.51300E+04 1.66900E+04 1.81800E+04 1.99800E+04 2.19800E+04 2.44500E+04
 2.74600E+04 3.04600E+04 3.39400E+04 3.79500E+04 4.19500E+04 4.64300E+04 5.19100E+04 5.84000E+04
 6.44500E+04 7.13600E+04 7.99000E+04 8.79100E+04 9.68700E+04 1.06900E+05 1.17800E+05 1.31800E+05
 1.48300E+05 1.65800E+05 1.83300E+05 2.01800E+05 2.25600E+05 2.52200E+05 2.77200E+05 3.07000E+05
 3.42100E+05 3.79500E+05 4.21900E+05 4.71700E+05 5.17400E+05 5.67400E+05 6.22400E+05 6.82600E+05
 7.48700E+05 8.21200E+05 9.00700E+05 9.87900E+05 1.00000E+06 1.00000E+06 1.00000E+06 1.00000E+06
 1.00000E+06 1.00000E+06 1.00000E+06 1.00000E+06 1.00000E+06 1.00000E+06 1.00000E+06 1.00000E+06
 1.00000E+06 1.00000E+06 1.00000E+06 1.00000E+06 1.00000E+06 1.00000E+06 1.00000E+06 1.00000E+06
 1.00000E+06 1.00000E+06 1.00000E+06 1.00000E+06 1.00000E+06 1.00000E+06 1.00000E+06 1.00000E+06
 2.42866E+19 2.20950E+19 2.00572E+19 1.81648E+19 1.62935E+19 1.46414E+19 1.31762E+19 1.18252E+19
 1.05820E+19 9.62480E+18 8.85787E+18 7.56776E+18 6.46586E+18 5.52468E+18 4.72073E+18 4.21945E+18
 3.57757E+18 3.03349E+18 2.57229E+18 2.18132E+18 1.84987E+18 1.56886E+18 1.33061E+18 1.12860E+18
 9.57305E+17 8.12052E+17 6.88874E+17 5.84411E+17 4.95814E+17 4.20670E+17 3.56933E+17 3.02868E+17
 2.57006E+17 2.18100E+17 1.85093E+17 1.57089E+17 1.33329E+17 1.13168E+17 9.60613E+16 8.15444E+16
 6.92247E+16 5.87694E+16 4.98957E+16 4.23640E+16 3.59711E+16 3.05444E+16 2.59377E+16 2.20270E+16
 1.87068E+16 1.58879E+16 1.34944E+16 1.14621E+16 9.73641E+15 8.27092E+15 7.02637E+15 5.96939E+15
 5.07167E+15 4.30918E+15 3.66151E+15 3.11134E+15 2.64397E+15 2.24692E+15 1.90959E+15 1.62299E+15
 1.37947E+15 1.17255E+15 9.96719E+14 8.47297E+14 7.20311E+14 6.12388E+14 5.20661E+14 4.42696E+14
 3.76425E+14 3.20090E+14 2.72200E+14 2.31487E+14 1.96873E+14 1.67443E+14 1.42420E+14 1.21927E+14
 1.04860E+14 8.94530E+13 7.67424E+13 6.52254E+13 5.55437E+13 4.72983E+13 3.97932E+13 3.34807E+13
 2.81710E+13 2.37047E+13 1.98409E+13 1.65530E+13 1.39032E+13 1.16610E+13 9.79426E+12 8.25721E+12
 6.95155E+12 5.86031E+12 4.93562E+12 4.20243E+12 1.15543E-10 1.39331E-10 1.88209E-10 2.47591E-10
 3.11698E-10 3.76629E-10 4.38431E-10 4.92809E-10 5.34668E-10 5.59999E-10 5.66494E-10 5.68656E-10
 5.61909E-10 5.46234E-10 5.20235E-10 4.85278E-10 4.43731E-10 3.99543E-10 3.56261E-10 3.16604E-10
 2.82178E-10 2.52805E-10 2.27954E-10 2.07045E-10 1.88835E-10 1.71927E-10 1.55758E-10 1.40364E-10
 1.25726E-10 1.11694E-10 9.83701E-11 8.58969E-11 7.42205E-11 6.33874E-11 5.35004E-11 4.46333E-11
 3.68500E-11 3.00825E-11 2.42450E-11 1.92937E-11 1.51333E-11 1.16731E-11 8.85768E-12 6.62007E-12
 4.85879E-12 3.48869E-12 2.45298E-12 1.68434E-12 1.12371E-12 7.27191E-13 4.50792E-13 2.72096E-13
 1.60448E-13 9.20047E-14 5.08927E-14 2.70223E-14 1.38761E-14 6.87911E-15 3.24520E-15 1.46060E-15
 6.28634E-16 2.57056E-16 9.97657E-17 3.68477E-17 1.26599E-17 4.02419E-18 1.17723E-18 3.14986E-19
 7.66023E-20 1.68168E-20 3.30826E-21 5.78631E-22 7.63257E-23 7.04875E-24 4.28093E-25 1.58853E-26
 3.30323E-28 3.47733E-30 1.64465E-32 3.02268E-35 1.80172E-38 2.81337E-42 8.84371E-47 4.10847E-52
 1.93886E-58 5.87345E-66 6.79490E-75 1.62380E-85 3.86307E-98 1.00000-100 1.00000-100 1.00000-100
 1.00000-100 1.00000-100 1.00000-100 1.00000-100 1.00000-100 1.00000-100 1.00000-100 1.00000-100
 4.29439E+01 3.70910E+01 3.71169E+01 3.74879E+01 3.88331E+01 3.94309E+01 3.89230E+01 3.76405E+01
 3.52146E+01 3.24282E+01 2.94838E+01 2.34985E+01 1.93901E+01 1.56854E+01 1.23192E+01 1.11277E+01
 8.99987E+00 7.69072E+00 6.78757E+00 6.32010E+00 6.08829E+00 6.00106E+00 6.12493E+00 6.43779E+00
 5.62635E+00 4.29914E+00 3.26871E+00 2.47265E+00 1.85983E+00 1.38730E+00 1.02694E+00 7.54585E-01
 5.48553E-01 3.94052E-01 2.79660E-01 1.96118E-01 1.36287E-01 9.36028E-02 6.35170E-02 4.25488E-02
 2.81000E-02 1.82422E-02 1.16378E-02 7.30469E-03 4.50304E-03 2.71723E-03 1.60435E-03 9.23970E-04
 5.17001E-04 2.80659E-04 1.45657E-04 7.40816E-05 3.71069E-05 1.80753E-05 8.49392E-06 3.83155E-06
 1.67163E-06 7.04123E-07 2.82243E-07 1.07944E-07 3.94799E-08 1.37195E-08 4.52526E-09 1.42052E-09
 4.14826E-10 1.12081E-10 2.78713E-11 6.33940E-12 1.31064E-12 2.44621E-13 4.09145E-14 6.08456E-15
 6.82450E-16 5.35928E-17 2.76788E-18 8.73462E-20 1.54471E-21 1.38304E-23 5.56371E-26 8.75413E-29
 4.48762E-32 5.97784E-36 1.61210E-40 6.36530E-46 2.55802E-52 6.59874E-60 6.42263E-69 1.29136E-79
 2.58498E-92 5.63063E-95 4.71285E-95 3.93186E-95 3.30244E-95 2.76985E-95 2.32645E-95 1.96135E-95
 1.65122E-95 1.39201E-95 1.17237E-95 9.98211E-96 0.00000E+00 0.00000E+00 0.00000E+00 0.00000E+00
 0.00000E+00 0.00000E+00 0.00000E+00 0.00000E+00 0.00000E+00 0.00000E+00 0.00000E+00 0.00000E+00
 0.00000E+00 0.00000E+00 0.00000E+00 0.00000E+00 0.00000E+00 0.00000E+00 0.00000E+00 0.00000E+00
 0.00000E+00 0.00000E+00 0.00000E+00 0.00000E+00 0.00000E+00 0.00000E+00 0.00000E+00 0.00000E+00
 0.00000E+00 0.00000E+00 0.00000E+00 0.00000E+00 0.00000E+00 0.00000E+00 0.00000E+00 0.00000E+00
 0.00000E+00 0.00000E+00 0.00000E+00 0.00000E+00 0.00000E+00 0.00000E+00 0.00000E+00 0.00000E+00
 0.00000E+00 0.00000E+00 0.00000E+00 0.00000E+00 0.00000E+00 0.00000E+00 0.00000E+00 0.00000E+00
 0.00000E+00 0.00000E+00 0.00000E+00 0.00000E+00 0.00000E+00 0.00000E+00 0.00000E+00 0.00000E+00
 0.00000E+00 0.00000E+00 0.00000E+00 0.00000E+00 0.00000E+00 0.00000E+00 0.00000E+00 0.00000E+00
 0.00000E+00 0.00000E+00 0.00000E+00 0.00000E+00 0.00000E+00 0.00000E+00 0.00000E+00 0.00000E+00
 0.00000E+00 0.00000E+00 0.00000E+00 0.00000E+00 0.00000E+00 0.00000E+00 0.00000E+00 0.00000E+00
 0.00000E+00 0.00000E+00 0.00000E+00 0.00000E+00 0.00000E+00 0.00000E+00 0.00000E+00 0.00000E+00
 0.00000E+00 0.00000E+00 0.00000E+00 0.00000E+00 0.00000E+00 0.00000E+00 0.00000E+00 0.00000E+00
 0.00000E+00 0.00000E+00 0.00000E+00 0.00000E+00 0.00000E+00 0.00000E+00 0.00000E+00 0.00000E+00
 0.00000E+00 0.00000E+00 0.00000E+00 0.00000E+00 0.00000E+00 0.00000E+00 0.00000E+00 0.00000E+00
 0.00000E+00 0.00000E+00 0.00000E+00 0.00000E+00 0.00000E+00 0.00000E+00 0.00000E+00 0.00000E+00
 0.00000E+00 0.00000E+00 0.00000E+00 0.00000E+00 0.00000E+00 0.00000E+00 0.00000E+00 0.00000E+00
 0.00000E+00 0.00000E+00 0.00000E+00 0.00000E+00 0.00000E+00 0.00000E+00 0.00000E+00 0.00000E+00
 0.00000E+00 0.00000E+00 0.00000E+00 0.00000E+00 0.00000E+00 0.00000E+00 0.00000E+00 0.00000E+00
 0.00000E+00 0.00000E+00 0.00000E+00 0.00000E+00 0.00000E+00 0.00000E+00 0.00000E+00 0.00000E+00
 0.00000E+00 0.00000E+00 0.00000E+00 0.00000E+00 0.00000E+00 0.00000E+00 0.00000E+00 0.00000E+00
 0.00000E+00 0.00000E+00 0.00000E+00 0.00000E+00 0.00000E+00 0.00000E+00 0.00000E+00 0.00000E+00
 0.00000E+00 0.00000E+00 0.00000E+00 0.00000E+00 0.00000E+00 0.00000E+00 0.00000E+00 0.00000E+00
 0.00000E+00 0.00000E+00 0.00000E+00 0.00000E+00 0.00000E+00 0.00000E+00 0.00000E+00 0.00000E+00
 0.00000E+00 0.00000E+00 0.00000E+00 0.00000E+00 0.00000E+00 0.00000E+00 0.00000E+00 0.00000E+00
 0.00000E+00 0.00000E+00 0.00000E+00 0.00000E+00 7.10043E-04 7.76160E-04 8.52640E-04 9.38696E-04
 1.01897E-03 1.10915E-03 1.21437E-03 1.33205E-03 1.46913E-03 1.64272E-03 1.86284E-03 2.11656E-03
 2.38305E-03 2.70340E-03 3.09419E-03 3.46342E-03 3.90636E-03 4.31430E-03 4.71811E-03 5.08065E-03
 5.43614E-03 5.80280E-03 6.15244E-03 6.48998E-03 7.31357E-03 8.62825E-03 1.01841E-02 1.20244E-02
 1.42000E-02 1.67746E-02 1.98131E-02 2.33962E-02 2.76338E-02 3.26462E-02 3.85765E-02 4.55940E-02
 5.38649E-02 6.36513E-02 7.51971E-02 8.88477E-02 1.04970E-01 1.24043E-01 1.46644E-01 1.73443E-01
 2.05134E-01 2.42564E-01 2.86920E-01 3.39559E-01 4.01869E-01 4.75583E-01 5.63300E-01 6.65392E-01
 7.83302E-01 9.22063E-01 1.08536E+00 1.27751E+00 1.50361E+00 1.76964E+00 2.08264E+00 2.45088E+00
 2.88408E+00 3.39370E+00 3.99316E+00 4.69828E+00 5.52764E+00 6.50308E+00 7.65026E+00 8.99937E+00
 1.05859E+01 1.24514E+01 1.46450E+01 1.72242E+01 2.02565E+01 2.38216E+01 2.80127E+01 3.29394E+01
 3.87308E+01 4.55381E+01 5.35391E+01 6.29914E+01 7.42516E+01 8.76470E+01 1.03676E+02 1.22796E+02
 1.45665E+02 1.73123E+02 2.05775E+02 2.44573E+02 2.90669E+02 3.45435E+02 4.10107E+02 4.86032E+02
 5.75443E+02 6.80432E+02 8.03525E+02 9.47977E+02 1.11707E+03 1.31467E+03 1.54489E+03 1.81443E+03
 0.00000E+00 0.00000E+00 0.00000E+00 0.00000E+00 0.00000E+00 0.00000E+00 0.00000E+00 0.00000E+00
 0.00000E+00 0.00000E+00 0.00000E+00 0.00000E+00 0.00000E+00 0.00000E+00 0.00000E+00 0.00000E+00
 0.00000E+00 0.00000E+00 0.00000E+00 0.00000E+00 0.00000E+00 0.00000E+00 0.00000E+00 0.00000E+00
 0.00000E+00 0.00000E+00 0.00000E+00 0.00000E+00 0.00000E+00 0.00000E+00 0.00000E+00 0.00000E+00
 0.00000E+00 0.00000E+00 0.00000E+00 0.00000E+00 0.00000E+00 0.00000E+00 0.00000E+00 0.00000E+00
 0.00000E+00 0.00000E+00 0.00000E+00 0.00000E+00 0.00000E+00 0.00000E+00 0.00000E+00 0.00000E+00
 0.00000E+00 0.00000E+00 0.00000E+00 0.00000E+00 0.00000E+00 0.00000E+00 0.00000E+00 0.00000E+00
 0.00000E+00 0.00000E+00 0.00000E+00 0.00000E+00 0.00000E+00 0.00000E+00 0.00000E+00 0.00000E+00
 0.00000E+00 0.00000E+00 0.00000E+00 0.00000E+00 0.00000E+00 0.00000E+00 0.00000E+00 0.00000E+00
 0.00000E+00 0.00000E+00 0.00000E+00 0.00000E+00 0.00000E+00 0.00000E+00 0.00000E+00 0.00000E+00
 0.00000E+00 0.00000E+00 0.00000E+00 0.00000E+00 0.00000E+00 0.00000E+00 0.00000E+00 0.00000E+00
 0.00000E+00 0.00000E+00 0.00000E+00 0.00000E+00 0.00000E+00 0.00000E+00 0.00000E+00 0.00000E+00
 0.00000E+00 0.00000E+00 0.00000E+00 0.00000E+00 0.00000E+00 0.00000E+00 0.00000E+00 0.00000E+00
 0.00000E+00 0.00000E+00 0.00000E+00 0.00000E+00 0.00000E+00 0.00000E+00 0.00000E+00 0.00000E+00
 0.00000E+00 0.00000E+00 0.00000E+00 0.00000E+00 0.00000E+00 0.00000E+00 0.00000E+00 0.00000E+00
 0.00000E+00 0.00000E+00 0.00000E+00 0.00000E+00 0.00000E+00 0.00000E+00 0.00000E+00 0.00000E+00
 0.00000E+00 0.00000E+00 0.00000E+00 0.00000E+00 0.00000E+00 0.00000E+00 0.00000E+00 0.00000E+00
 0.00000E+00 0.00000E+00 0.00000E+00 0.00000E+00 0.00000E+00 0.00000E+00 0.00000E+00 0.00000E+00
 0.00000E+00 0.00000E+00 0.00000E+00 0.00000E+00 0.00000E+00 0.00000E+00 0.00000E+00 0.00000E+00
 0.00000E+00 0.00000E+00 0.00000E+00 0.00000E+00 0.00000E+00 0.00000E+00 0.00000E+00 0.00000E+00
 0.00000E+00 0.00000E+00 0.00000E+00 0.00000E+00 0.00000E+00 0.00000E+00 0.00000E+00 0.00000E+00
 0.00000E+00 0.00000E+00 0.00000E+00 0.00000E+00 0.00000E+00 0.00000E+00 0.00000E+00 0.00000E+00
 0.00000E+00 0.00000E+00 0.00000E+00 0.00000E+00 0.00000E+00 0.00000E+00 0.00000E+00 0.00000E+00
 0.00000E+00 0.00000E+00 0.00000E+00 0.00000E+00 0.00000E+00 0.00000E+00 0.00000E+00 0.00000E+00
 0.00000E+00 0.00000E+00 0.00000E+00 0.00000E+00 0.00000E+00 0.00000E+00 0.00000E+00 0.00000E+00
 1.86587E-05 1.86587E-05 1.86587E-05 1.86587E-05 1.86587E-05 1.86587E-05 1.86587E-05 1.86587E-05
 1.86587E-05 1.86587E-05 1.86587E-05 1.86587E-05 1.86587E-05 1.86587E-05 1.86587E-05 1.86587E-05
 1.82945E-05 1.75273E-05 1.65668E-05 1.53647E-05 1.41029E-05 1.28756E-05 1.16448E-05 1.04544E-05
 1.00000E-05 1.00000E-05 1.00000E-05 1.00000E-05 1.00000E-05 1.00000E-05 1.00000E-05 1.00000E-05
 1.00000E-05 1.00000E-05 1.00000E-05 1.00000E-05 1.00000E-05 1.00000E-05 1.00000E-05 1.00000E-05
 1.00000E-05 1.00000E-05 1.00000E-05 1.00000E-05 1.00000E-05 1.00000E-05 1.00000E-05 1.00000E-05
 1.00000E-05 1.00000E-05 1.00000E-05 1.00000E-05 1.00000E-05 1.00000E-05 1.00000E-05 1.00000E-05
 1.00000E-05 1.00000E-05 1.00000E-05 1.00000E-05 1.00000E-05 1.00000E-05 1.00000E-05 1.00000E-05
 1.00000E-05 1.00000E-05 1.00000E-05 1.00000E-05 1.00000E-05 1.00000E-05 1.00000E-05 1.00000E-05
 1.00000E-05 1.00000E-05 1.00000E-05 1.00000E-05 1.00000E-05 1.00000E-05 1.00000E-05 1.00000E-05
 1.00000E-05 1.00000E-05 1.00000E-05 1.00000E-05 1.00000E-05 1.00000E-05 1.00000E-05 1.00000E-05
 1.00000E-05 1.00000E-05 1.00000E-05 1.00000E-05 1.00000E-05 1.00000E-05 1.00000E-05 1.00000E-05
 1.00000E-05 1.00000E-05 1.00000E-05 1.00000E-05 0.00000E+00 0.00000E+00 0.00000E+00 0.00000E+00
 0.00000E+00 0.00000E+00 0.00000E+00 0.00000E+00 0.00000E+00 0.00000E+00 0.00000E+00 0.00000E+00
 0.00000E+00 0.00000E+00 0.00000E+00 0.00000E+00 0.00000E+00 0.00000E+00 0.00000E+00 0.00000E+00
 0.00000E+00 0.00000E+00 0.00000E+00 0.00000E+00 0.00000E+00 0.00000E+00 0.00000E+00 0.00000E+00
 0.00000E+00 0.00000E+00 0.00000E+00 0.00000E+00 0.00000E+00 0.00000E+00 0.00000E+00 0.00000E+00
 0.00000E+00 0.00000E+00 0.00000E+00 0.00000E+00 0.00000E+00 0.00000E+00 0.00000E+00 0.00000E+00
 0.00000E+00 0.00000E+00 0.00000E+00 0.00000E+00 0.00000E+00 0.00000E+00 0.00000E+00 0.00000E+00
 0.00000E+00 0.00000E+00 0.00000E+00 0.00000E+00 0.00000E+00 0.00000E+00 0.00000E+00 0.00000E+00
 0.00000E+00 0.00000E+00 0.00000E+00 0.00000E+00 0.00000E+00 0.00000E+00 0.00000E+00 0.00000E+00
 0.00000E+00 0.00000E+00 0.00000E+00 0.00000E+00 0.00000E+00 0.00000E+00 0.00000E+00 0.00000E+00
 0.00000E+00 0.00000E+00 0.00000E+00 0.00000E+00 0.00000E+00 0.00000E+00 0.00000E+00 0.00000E+00
 0.00000E+00 0.00000E+00 0.00000E+00 0.00000E+00 0.00000E+00 0.00000E+00 0.00000E+00 0.00000E+00
 0.00000E+00 0.00000E+00 0.00000E+00 0.00000E+00 0.00000E+00 0.00000E+00 0.00000E+00 0.00000E+00
 0.00000E+00 0.00000E+00 0.00000E+00 0.00000E+00 0.00000E+00 0.00000E+00 0.00000E+00 0.00000E+00
 0.00000E+00 0.00000E+00 0.00000E+00 0.00000E+00 0.00000E+00 0.00000E+00 0.00000E+00 0.00000E+00
 0.00000E+00 0.00000E+00 0.00000E+00 0.00000E+00 0.00000E+00 0.00000E+00 0.00000E+00 0.00000E+00
 0.00000E+00 0.00000E+00 0.00000E+00 0.00000E+00 0.00000E+00 0.00000E+00 0.00000E+00 0.00000E+00
 0.00000E+00 0.00000E+00 0.00000E+00 0.00000E+00 0.00000E+00 0.00000E+00 0.00000E+00 0.00000E+00
 0.00000E+00 0.00000E+00 0.00000E+00 0.00000E+00 0.00000E+00 0.00000E+00 0.00000E+00 0.00000E+00
 0.00000E+00 0.00000E+00 0.00000E+00 0.00000E+00 0.00000E+00 0.00000E+00 0.00000E+00 0.00000E+00
 0.00000E+00 0.00000E+00 0.00000E+00 0.00000E+00 0.00000E+00 0.00000E+00 0.00000E+00 0.00000E+00
 0.00000E+00 0.00000E+00 0.00000E+00 0.00000E+00 0.00000E+00 0.00000E+00 0.00000E+00 0.00000E+00
 0.00000E+00 0.00000E+00 0.00000E+00 0.00000E+00 0.00000E+00 0.00000E+00 0.00000E+00 0.00000E+00
 0.00000E+00 0.00000E+00 0.00000E+00 0.00000E+00 0.00000E+00 0.00000E+00 0.00000E+00 0.00000E+00
 0.00000E+00 0.00000E+00 0.00000E+00 0.00000E+00 0.00000E+00 0.00000E+00 0.00000E+00 0.00000E+00
 0.00000E+00 0.00000E+00 0.00000E+00 0.00000E+00
