 1.85630E-10 3.49653E-16 1.12671E-02 5.46527E-14 1.43909E-11 1.62112E-09 1.00104E-08 9.79375E-20
 8.58147E-07 2.32727E-06 1.22032E-07 1.30238E-09 8.13346E-12 8.06696E-08 2.91672E-12 5.25438E-12
 1.77816E-14 3.47620E-11 1.53680E-13 1.90830E-15 7.41005E-18 9.42743E-23 7.35162E-10 1.90360E-13
 6.74198E-18 1.32178E-14 9.11926E-12 1.84076E-13 2.36119E-12 1.32142E-17 4.65494E-19 2.92102E-11
 1.98591E-12 1.51215E-13 1.93515E-10 5.07175E-16 7.24500E-03 6.71842E-14 1.47685E-11 1.69305E-09
 1.24947E-08 1.12046E-19 8.58630E-07 2.32019E-06 1.10079E-07 1.32669E-09 8.10094E-12 8.06213E-08
 3.56425E-12 6.02836E-12 2.38884E-14 5.29530E-11 4.00208E-13 2.30720E-15 1.60516E-17 2.37437E-22
 7.21001E-10 2.14351E-13 9.67471E-18 1.55687E-14 1.32538E-11 2.30419E-13 2.39241E-12 1.39100E-17
 7.58273E-19 5.06376E-11 4.00769E-12 1.75776E-13 1.93318E-10 7.69522E-16 4.50369E-03 8.16926E-14
 1.49063E-11 1.69558E-09 1.63248E-08 1.27267E-19 8.59184E-07 2.31397E-06 9.96509E-08 1.27924E-09
 7.89550E-12 8.05680E-08 4.32020E-12 6.96866E-12 3.13766E-14 7.59428E-11 1.07450E-12 2.93507E-15
 3.81314E-17 7.06671E-22 7.08454E-10 2.48824E-13 1.35720E-17 1.96299E-14 1.80768E-11 2.87678E-13
 2.44854E-12 1.40054E-17 1.15888E-18 6.92904E-11 6.33069E-12 1.88115E-13 1.83384E-10 1.16643E-15
 2.58829E-03 9.42662E-14 1.44845E-11 1.57955E-09 2.13479E-08 1.38140E-19 8.59748E-07 2.30859E-06
 9.06489E-08 1.14071E-09 7.22822E-12 8.05093E-08 5.29690E-12 8.01881E-12 3.94385E-14 9.85606E-11
 2.86036E-12 3.61948E-15 9.44868E-17 2.24810E-21 6.97580E-10 2.87551E-13 1.81703E-17 2.51851E-14
 2.26190E-11 3.63868E-13 2.57208E-12 1.36410E-17 1.72598E-18 8.63262E-11 8.62038E-12 2.02295E-13
 1.71504E-10 1.79300E-15 1.73355E-03 1.13437E-13 1.44102E-11 1.40451E-09 2.73179E-08 1.60192E-19
 8.60261E-07 2.30395E-06 8.28659E-08 9.79930E-10 6.93934E-12 8.04441E-08 6.44266E-12 9.33434E-12
 4.99341E-14 1.18194E-10 5.94408E-12 4.48490E-15 2.03358E-16 6.37707E-21 6.88253E-10 3.48308E-13
 2.44333E-17 3.40842E-14 2.66636E-11 4.63922E-13 2.75376E-12 1.42503E-17 2.59335E-18 1.02535E-10
 1.09292E-11 2.20422E-13 1.50982E-10 2.64817E-15 1.04224E-03 1.26883E-13 1.36312E-11 1.18666E-09
 3.41670E-08 1.72360E-19 8.60712E-07 2.30004E-06 7.62616E-08 7.96346E-10 6.14597E-12 8.03716E-08
 7.55671E-12 1.00985E-11 5.71482E-14 1.31158E-10 1.27964E-11 4.96640E-15 4.04902E-16 1.96684E-20
 6.80552E-10 3.99405E-13 3.08171E-17 4.46383E-14 3.00514E-11 5.50090E-13 3.08068E-12 1.47592E-17
 3.94726E-18 1.18884E-10 1.27556E-11 2.47833E-13 1.21190E-10 3.75574E-15 5.55047E-04 1.29137E-13
 1.22016E-11 9.55830E-10 4.17444E-08 1.68539E-19 8.61080E-07 2.29679E-06 7.07577E-08 6.17070E-10
 5.10146E-12 8.02910E-08 7.81379E-12 9.26833E-12 5.29893E-14 1.35656E-10 2.44910E-11 4.77189E-15
 6.68828E-16 7.21344E-20 6.74396E-10 4.43820E-13 3.59583E-17 5.86610E-14 3.28284E-11 5.82966E-13
 3.59557E-12 1.48606E-17 6.00038E-18 1.35245E-10 1.36556E-11 2.86503E-13 9.21099E-11 5.24343E-15
 2.85601E-04 1.26649E-13 1.06938E-11 7.43455E-10 5.00867E-08 1.60237E-19 8.61349E-07 2.29402E-06
 6.61792E-08 4.60868E-10 4.13601E-12 8.02016E-08 7.64170E-12 7.91593E-12 4.46337E-14 1.34922E-10
 3.63579E-11 4.33250E-15 1.00139E-15 2.75714E-19 6.69474E-10 4.84210E-13 4.04788E-17 7.71222E-14
 3.52250E-11 5.80875E-13 4.20372E-12 1.46889E-17 9.04267E-18 1.49267E-10 1.36902E-11 3.27779E-13
 6.94410E-11 7.25032E-15 1.41569E-04 1.26196E-13 9.27898E-12 5.63254E-10 5.93277E-08 1.56117E-19
 8.61523E-07 2.29153E-06 6.23532E-08 3.26917E-10 3.21335E-12 8.01021E-08 8.21470E-12 7.33325E-12
 4.17998E-14 1.33140E-10 4.37982E-11 4.04001E-15 1.76399E-15 9.86336E-19 6.65457E-10 4.98858E-13
 4.63503E-17 9.61657E-14 3.74758E-11 5.90356E-13 4.65788E-12 1.41557E-17 1.35675E-17 1.56416E-10
 1.31236E-11 3.51658E-13 5.00718E-11 9.11108E-15 3.84827E-05 1.25831E-13 7.35943E-12 4.12877E-10
 6.99474E-08 1.45218E-19 8.61613E-07 2.28908E-06 5.90201E-08 2.08778E-10 1.96310E-12 7.99862E-08
 1.06256E-11 7.41900E-12 4.99243E-14 1.32356E-10 4.51868E-11 4.00969E-15 5.63222E-15 6.33008E-18
 6.61939E-10 4.71211E-13 5.81566E-17 1.09308E-13 3.98560E-11 6.48991E-13 4.51043E-12 1.22089E-17
 2.29027E-17 1.50136E-10 1.20796E-11 3.25650E-13 3.30425E-11 1.09861E-14 5.43089E-06 1.39333E-13
 5.43588E-12 2.78594E-10 8.56099E-08 1.42165E-19 8.61607E-07 2.28568E-06 5.52738E-08 1.10780E-10
 9.71289E-13 7.98066E-08 1.56930E-11 7.99001E-12 7.92296E-14 1.34003E-10 3.91398E-11 4.79180E-15
 1.75581E-14 5.24311E-17 6.57617E-10 4.60205E-13 8.68188E-17 1.27249E-13 4.33271E-11 8.21332E-13
 2.22542E-12 5.86716E-18 3.45351E-17 1.11209E-10 1.01055E-11 1.71425E-13 2.47079E-11 2.07104E-14
 3.66924E-06 1.45615E-13 4.53009E-12 1.61408E-10 1.17330E-07 1.53606E-19 8.61358E-07 2.27856E-06
 4.99611E-08 5.68308E-11 8.17847E-13 7.94081E-08 1.86784E-11 9.96289E-12 7.68504E-14 1.43243E-10
 3.37536E-11 5.20433E-15 2.52923E-14 9.35318E-17 6.49567E-10 4.89537E-13 1.08460E-16 1.91694E-13
 5.09418E-11 1.16066E-12 8.53335E-13 1.75221E-18 2.39130E-17 7.28726E-11 6.24302E-12 6.25650E-14
 2.07581E-11 4.50192E-14 3.70235E-06 1.53488E-13 3.92842E-12 8.88471E-11 1.85518E-07 1.59288E-19
 8.60431E-07 2.26244E-06 4.23121E-08 3.57692E-11 8.19709E-13 7.84671E-08 1.93602E-11 1.28734E-11
 6.51498E-14 1.63098E-10 3.06724E-11 7.47323E-15 4.13344E-14 3.24070E-16 6.33243E-10 7.58571E-13
 1.48704E-16 4.04096E-13 6.55970E-11 2.34402E-12 2.22846E-13 3.13284E-19 1.59474E-17 3.86746E-11
 2.89380E-12 1.40054E-14 2.10761E-11 1.05103E-13 3.77002E-06 1.88174E-13 3.99818E-12 6.50544E-11
 3.15012E-07 1.79088E-19 8.57976E-07 2.22967E-06 3.28051E-08 3.55178E-11 1.05645E-12 7.65035E-08
 1.80608E-11 1.68804E-11 5.75780E-14 2.00617E-10 3.08147E-11 1.61013E-14 9.94007E-14 2.15726E-15
 6.03248E-10 1.91795E-12 2.46986E-16 1.18508E-12 8.93847E-11 6.59972E-12 3.57881E-14 3.71914E-20
 9.27643E-18 1.53651E-11 1.12529E-12 1.76867E-15 2.36695E-11 2.37295E-13 3.88469E-06 2.55582E-13
 4.57388E-12 6.50512E-11 5.16840E-07 2.12274E-19 8.52944E-07 2.17456E-06 2.36812E-08 4.42108E-11
 1.47804E-12 7.31444E-08 1.69185E-11 2.21907E-11 5.63824E-14 2.57499E-10 3.31663E-11 3.92341E-14
 2.67994E-13 1.39377E-14 5.57720E-10 5.38628E-12 4.30748E-16 3.43434E-12 1.17405E-10 1.83526E-11
 3.58825E-15 3.14746E-21 4.28673E-18 4.53329E-12 3.64980E-13 1.35950E-16 2.65971E-11 4.93829E-13
 4.04742E-06 3.50121E-13 5.50647E-12 7.47101E-11 7.80440E-07 2.58130E-19 8.44543E-07 2.09696E-06
 1.70664E-08 5.43736E-11 1.91716E-12 6.83671E-08 1.71425E-11 2.94194E-11 5.99885E-14 3.27650E-10
 3.74428E-11 8.24830E-14 6.24586E-13 5.56090E-14 5.00394E-10 1.25513E-11 6.98288E-16 7.84344E-12
 1.40882E-10 4.05228E-11 2.51842E-16 2.04869E-22 1.64232E-18 1.07433E-12 9.69654E-14 7.36423E-18
 3.28596E-11 1.04197E-12 4.25838E-06 4.77726E-13 7.40073E-12 9.82298E-11 1.09440E-06 3.65743E-19
 8.31980E-07 1.99716E-06 1.32826E-08 7.58206E-11 2.76209E-12 6.22181E-08 1.76747E-11 4.02181E-11
 6.04040E-14 4.07304E-10 4.61883E-11 1.42812E-13 1.19276E-12 1.13428E-13 4.34963E-10 2.50307E-11
 1.00648E-15 1.48868E-11 1.57429E-10 6.97384E-11 1.35055E-17 1.08136E-23 4.79340E-19 2.25136E-13
 2.14419E-14 2.99447E-19 3.55787E-11 1.90244E-12 4.50741E-06 6.49402E-13 9.38705E-12 1.25938E-10
 1.45107E-06 5.15602E-19 8.15043E-07 1.88038E-06 1.12370E-08 8.33027E-11 3.05010E-12 5.50648E-08
 2.07466E-11 5.40206E-11 7.35744E-14 4.87906E-10 5.47376E-11 2.18492E-13 2.01174E-12 2.12245E-13
 3.67931E-10 4.18756E-11 1.45701E-15 2.31430E-11 1.63128E-10 1.05735E-10 5.77343E-19 4.91300E-25
 1.48677E-19 4.22449E-14 4.43548E-15 1.04167E-20 4.09145E-11 3.51131E-12 4.78431E-06 8.89072E-13
 1.26543E-11 1.71066E-10 1.83207E-06 8.30883E-19 7.93903E-07 1.75163E-06 1.03548E-08 9.78374E-11
 3.62132E-12 4.73474E-08 2.47326E-11 7.36283E-11 8.74085E-14 5.63613E-10 6.65973E-11 2.96631E-13
 2.94808E-12 2.63153E-13 3.03464E-10 6.41140E-11 2.01455E-15 3.26867E-11 1.63493E-10 1.37906E-10
 2.07373E-20 1.97967E-26 4.03015E-20 7.62740E-15 8.78028E-16 3.08163E-22 4.34344E-11 5.93881E-12
 5.07625E-06 1.23144E-12 1.64656E-11 2.26223E-10 2.23924E-06 1.31880E-18 7.69165E-07 1.61707E-06
 9.78382E-09 1.00571E-10 3.75795E-12 3.95669E-08 3.11806E-11 9.70085E-11 1.16043E-13 6.27045E-10
 7.62946E-11 3.76257E-13 3.91151E-12 3.38967E-13 2.45147E-10 9.09903E-11 2.80664E-15 4.21186E-11
 1.55708E-10 1.67490E-10 6.30530E-22 7.17907E-28 1.14552E-20 1.31191E-15 1.97423E-16 8.26171E-24
 4.58692E-11 9.77359E-12 5.36878E-06 1.72854E-12 2.15296E-11 2.97509E-10 2.64586E-06 2.19430E-18
 7.42029E-07 1.48335E-06 9.39998E-09 1.01072E-10 3.86544E-12 3.22658E-08 4.00052E-11 1.25326E-10
 1.58434E-13 6.74377E-10 8.40638E-11 4.46969E-13 4.65665E-12 3.89474E-13 1.95103E-10 1.22767E-10
 3.90198E-15 5.14886E-11 1.45117E-10 1.86812E-10 1.66943E-23 2.40033E-29 3.19240E-21 2.22015E-16
 8.04619E-17 2.01481E-25 4.93582E-11 1.59839E-11 5.65679E-06 2.45357E-12 2.84376E-11 3.86544E-10
 3.02127E-06 3.92806E-18 7.13133E-07 1.35272E-06 9.19599E-09 1.02686E-10 4.10526E-12 2.56923E-08
 5.15287E-11 1.59595E-10 2.15516E-13 7.04885E-10 8.92419E-11 5.04339E-13 5.01230E-12 3.91123E-13
 1.52989E-10 1.59126E-10 5.46401E-15 6.11391E-11 1.35937E-10 1.92023E-10 3.87116E-25 7.77248E-31
 8.70842E-22 3.82294E-17 1.21089E-16 4.65433E-27 5.27380E-11 2.55991E-11 5.93662E-06 3.51988E-12
 3.71514E-11 4.83601E-10 3.34313E-06 7.40920E-18 6.83071E-07 1.22670E-06 9.06589E-09 1.01813E-10
 4.36695E-12 1.99905E-08 6.65488E-11 1.97501E-10 2.96322E-13 7.19454E-10 8.92480E-11 5.47266E-13
 4.90265E-12 3.74748E-13 1.18161E-10 1.99179E-10 7.78135E-15 7.11615E-11 1.28207E-10 1.84462E-10
 7.84604E-27 4.02278E-32 2.68707E-22 7.54484E-18 1.51743E-16 1.68894E-28 5.56987E-11 4.02367E-11
 6.20492E-06 5.09829E-12 4.76345E-11 5.74018E-10 3.58674E-06 1.46919E-17 6.52509E-07 1.10667E-06
 8.94873E-09 9.78914E-11 4.65455E-12 1.52307E-08 8.56247E-11 2.36016E-10 4.09266E-13 7.19171E-10
 8.32139E-11 5.73924E-13 4.36010E-12 3.49885E-13 8.98955E-11 2.41193E-10 1.13158E-14 8.19087E-11
 1.22235E-10 1.65909E-10 1.39768E-28 1.44804E-32 1.46233E-22 2.66559E-18 1.56589E-16 4.19959E-29
 5.79185E-11 6.22240E-11 6.46023E-06 7.44468E-12 5.95182E-11 6.38275E-10 3.73058E-06 3.05103E-17
 6.21988E-07 9.93103E-07 8.80242E-09 9.07257E-11 4.96688E-12 1.13837E-08 1.09193E-10 2.70903E-10
 5.64440E-13 7.04786E-10 7.17443E-11 5.82873E-13 3.52836E-12 3.22202E-13 6.72788E-11 2.82155E-10
 1.68540E-14 9.37524E-11 1.18251E-10 1.39679E-10 2.90388E-30 2.14288E-32 1.77128E-22 2.13258E-18
 1.57086E-16 4.23873E-29 5.91155E-11 9.49001E-11 6.70186E-06 1.09366E-11 7.20196E-11 6.58001E-10
 3.75862E-06 6.59806E-17 5.92020E-07 8.86072E-07 8.59519E-09 8.05945E-11 5.29733E-12 8.36274E-09
 1.37442E-10 2.97352E-10 7.72516E-13 6.76282E-10 5.68274E-11 5.73575E-13 2.60244E-12 2.94561E-13
 4.94237E-11 3.17967E-10 2.57946E-14 1.07117E-10 1.16553E-10 1.10030E-10 1.21685E-30 4.29780E-32
 2.85033E-22 2.31283E-18 1.56869E-16 5.68941E-29 5.90724E-11 1.42914E-10 6.92955E-06 1.61200E-11
 8.39855E-11 6.24736E-10 3.66290E-06 1.47431E-16 5.63137E-07 7.85450E-07 8.30444E-09 6.82645E-11
 5.62719E-12 6.04837E-09 1.70215E-10 3.10982E-10 1.04340E-12 6.33427E-10 4.11740E-11 5.46713E-13
 1.75371E-12 2.68618E-13 3.55197E-11 3.44328E-10 4.07174E-14 1.22472E-10 1.17558E-10 8.11779E-11
 1.82262E-30 8.49781E-32 4.60268E-22 2.57384E-18 1.56569E-16 7.36958E-29 5.78085E-11 2.12670E-10
 7.14096E-06 2.37581E-11 9.41392E-11 5.45567E-10 3.44419E-06 3.37422E-16 5.36215E-07 6.91956E-07
 7.92775E-09 5.50214E-11 5.93546E-12 4.32765E-09 2.07098E-10 3.09305E-10 1.38391E-12 5.76780E-10
 2.72701E-11 5.04344E-13 1.08343E-12 2.44481E-13 2.49558E-11 3.57556E-10 6.65487E-14 1.40223E-10
 1.22037E-10 5.62365E-11 2.55034E-30 1.57219E-31 7.08054E-22 2.79548E-18 1.56308E-16 8.72402E-29
 5.55032E-11 3.12989E-10 7.33449E-06 3.49393E-11 1.01509E-10 4.40776E-10 3.10962E-06 7.85240E-16
 5.12138E-07 6.05933E-07 7.47796E-09 4.22487E-11 6.20011E-12 3.07724E-09 2.47448E-10 2.91973E-10
 1.79906E-12 5.08423E-10 1.65317E-11 4.49320E-13 6.14544E-13 2.21267E-13 1.71242E-11 3.55670E-10
 1.13113E-13 1.60424E-10 1.31073E-10 3.66484E-11 3.26610E-30 2.72543E-31 1.03349E-21 2.95115E-18
 1.56111E-16 9.40904E-29 5.24168E-11 4.56139E-10 7.51030E-06 5.11240E-11 1.05690E-10 3.33612E-10
 2.67117E-06 1.84596E-15 4.91693E-07 5.26865E-07 6.98423E-09 3.10493E-11 6.40012E-12 2.17573E-09
 2.90385E-10 2.60840E-10 2.28587E-12 4.30665E-10 9.19818E-12 3.84648E-13 3.18833E-13 1.96330E-13
 1.14224E-11 3.38050E-10 2.00928E-13 1.82344E-10 1.46600E-10 2.24169E-11 3.92410E-30 4.51499E-31
 1.44022E-21 3.04675E-18 1.55972E-16 9.36043E-29 4.88546E-11 6.55710E-10 7.66522E-06 7.32629E-11
 1.07034E-10 2.43646E-10 2.17592E-06 4.28069E-15 4.76231E-07 4.55649E-07 6.51596E-09 2.22363E-11
 6.50361E-12 1.53738E-09 3.34448E-10 2.21123E-10 2.79255E-12 3.46114E-10 4.79680E-12 3.13999E-13
 1.51170E-13 1.66205E-13 7.43126E-12 3.05646E-10 3.68384E-13 2.03352E-10 1.71366E-10 1.28600E-11
 4.63673E-30 7.37300E-31 1.94875E-21 3.13445E-18 1.55838E-16 8.91688E-29 4.50944E-11 9.19227E-10
 7.79596E-06 9.98243E-11 1.07101E-10 1.81192E-10 1.71170E-06 9.34799E-15 4.67180E-07 3.93208E-07
 6.16523E-09 1.61598E-11 6.49182E-12 1.09238E-09 3.75393E-10 1.79824E-10 3.16260E-12 2.59906E-10
 2.46137E-12 2.41732E-13 6.58394E-14 1.29908E-13 4.76523E-12 2.63449E-10 6.64653E-13 2.18612E-10
 2.06583E-10 6.95404E-12 5.74709E-30 1.22505E-30 2.62785E-21 3.31456E-18 1.55609E-16 8.80267E-29
 4.13352E-11 1.24962E-09 7.90241E-06 1.27410E-10 1.07898E-10 1.43388E-10 1.34264E-06 1.87025E-14
 4.65631E-07 3.39038E-07 5.99590E-09 1.23756E-11 6.39497E-12 7.80854E-10 4.06026E-10 1.41436E-10
 3.23491E-12 1.81140E-10 1.29253E-12 1.74389E-13 2.65034E-14 9.24734E-14 3.03180E-12 2.19224E-10
 1.12116E-12 2.24144E-10 2.49946E-10 3.56523E-12 7.77945E-30 2.09875E-30 3.60777E-21 3.68531E-18
 1.55187E-16 9.17980E-29 3.91656E-11 1.68387E-09 7.98496E-06 1.53458E-10 1.10734E-10 1.19738E-10
 1.06203E-06 3.54367E-14 4.72507E-07 2.92469E-07 6.08921E-09 1.03451E-11 6.52426E-12 5.61833E-10
 4.24040E-10 1.08152E-10 2.93780E-12 1.15321E-10 6.88025E-13 1.16267E-13 9.58768E-15 5.55649E-14
 1.92208E-12 1.72979E-10 1.75303E-12 2.18338E-10 3.04370E-10 1.67477E-12 1.16960E-29 3.76717E-30
 4.91134E-21 4.37587E-18 1.54442E-16 1.05725E-28 3.72284E-11 2.23340E-09 8.04358E-06 1.78033E-10
 1.15641E-10 1.05481E-10 8.63396E-07 6.37387E-14 4.88771E-07 2.53034E-07 6.34345E-09 9.13404E-12
 6.69306E-12 4.07219E-10 4.25310E-10 7.98936E-11 2.46218E-12 6.89140E-11 3.69847E-13 7.39180E-14
 3.24639E-15 3.05297E-14 1.22213E-12 1.33276E-10 2.52248E-12 2.03564E-10 3.59692E-10 7.42145E-13
 1.83559E-29 6.74370E-30 6.70706E-21 5.37596E-18 1.53384E-16 1.28067E-28 3.52989E-11 2.91761E-09
 8.07859E-06 2.02071E-10 1.22488E-10 9.68757E-11 7.19773E-07 1.10299E-13 5.15182E-07 2.20207E-07
 6.69520E-09 8.34076E-12 6.85511E-12 2.97672E-10 4.12011E-10 5.73521E-11 1.95620E-12 3.95190E-11
 1.99891E-13 4.57749E-14 1.05834E-15 1.58687E-14 7.84884E-13 1.01455E-10 3.39457E-12 1.83528E-10
 4.11503E-10 3.16014E-13 2.89241E-29 1.17471E-29 9.11297E-21 6.67054E-18 1.52028E-16 1.58458E-28
 3.34695E-11 3.75737E-09 8.09073E-06 2.26616E-10 1.31226E-10 9.19140E-11 6.10495E-07 1.85603E-13
 5.52140E-07 1.93437E-07 7.08013E-09 7.78267E-12 7.01482E-12 2.19903E-10 3.88612E-10 4.03972E-11
 1.50019E-12 2.21790E-11 1.08626E-13 2.79848E-14 3.39003E-16 7.91431E-15 5.14070E-13 7.67529E-11
 4.34549E-12 1.61340E-10 4.57849E-10 1.31159E-13 4.43940E-29 1.95220E-29 1.20835E-20 8.16060E-18
 1.50475E-16 1.95029E-28 2.85166E-11 4.51203E-09 8.08127E-06 2.53174E-10 1.40939E-10 9.41308E-11
 5.43527E-07 2.81178E-13 5.99834E-07 1.72030E-07 7.32242E-09 6.84161E-12 6.31405E-12 1.64345E-10
 3.56676E-10 2.90126E-11 1.22132E-12 1.38388E-11 6.57714E-14 1.84281E-14 1.29282E-16 5.81417E-15
 3.47768E-13 6.69035E-11 5.38268E-12 1.48112E-10 4.80064E-10 6.64645E-14 6.31499E-29 2.94099E-29
 1.76199E-20 9.47582E-18 1.49092E-16 2.48917E-28 2.46186E-11 5.38346E-09 8.05348E-06 2.82590E-10
 1.52885E-10 9.82416E-11 4.83592E-07 4.24283E-13 6.57348E-07 1.54818E-07 7.64046E-09 6.11004E-12
 5.73275E-12 1.24430E-10 3.24822E-10 2.08250E-11 9.78677E-13 8.65627E-12 4.01494E-14 1.20374E-14
 4.91502E-17 3.95336E-15 2.43215E-13 5.78686E-11 6.52506E-12 1.33663E-10 5.02487E-10 3.31647E-14
 8.89164E-29 4.34032E-29 2.50715E-20 1.08739E-17 1.47624E-16 3.23562E-28 2.13696E-11 6.34321E-09
 8.01000E-06 3.15910E-10 1.67348E-10 1.04509E-10 4.28814E-07 6.34402E-13 7.23960E-07 1.40853E-07
 8.06098E-09 5.49209E-12 5.19335E-12 9.54839E-11 2.94602E-10 1.50476E-11 7.80572E-13 5.46617E-12
 2.49108E-14 7.85604E-15 1.88579E-17 2.55290E-15 1.75889E-13 4.99152E-11 7.73611E-12 1.18700E-10
 5.24220E-10 1.64884E-14 1.24531E-28 6.31454E-29 3.52250E-20 1.23744E-17 1.46048E-16 4.32023E-28
 1.81908E-11 7.29957E-09 7.95274E-06 3.54492E-10 1.84524E-10 1.14411E-10 3.81355E-07 9.26076E-13
 7.99344E-07 1.29339E-07 8.56771E-09 4.87565E-12 4.56070E-12 7.41893E-11 2.66552E-10 1.11012E-11
 6.33392E-13 3.59765E-12 1.61424E-14 5.24991E-15 7.69158E-18 1.67316E-15 1.31369E-13 4.42596E-11
 8.99721E-12 1.05146E-10 5.42165E-10 8.59630E-15 1.73200E-28 9.03912E-29 5.01880E-20 1.39231E-17
 1.44419E-16 6.03056E-28 1.54789E-11 8.29389E-09 7.88324E-06 3.99890E-10 2.05334E-10 1.27557E-10
 3.36329E-07 1.34519E-12 8.83253E-07 1.19624E-07 9.19415E-09 4.31883E-12 3.97223E-12 5.82991E-11
 2.41509E-10 8.34954E-12 5.15877E-13 2.42723E-12 1.07386E-14 3.54898E-15 3.24164E-18 1.04460E-15
 1.00993E-13 3.91575E-11 1.02771E-11 9.16729E-11 5.59438E-10 4.51263E-15 2.42080E-28 1.29161E-28
 7.07612E-20 1.56040E-17 1.42649E-16 8.65900E-28 1.31432E-11 9.29852E-09 7.80321E-06 4.53638E-10
 2.30436E-10 1.44497E-10 2.93570E-07 1.94394E-12 9.74832E-07 1.11283E-07 9.95921E-09 3.80817E-12
 3.42411E-12 4.63768E-11 2.19839E-10 6.44986E-12 4.23177E-13 1.68630E-12 7.37572E-15 2.44341E-15
 1.42850E-18 6.23052E-16 7.98060E-14 3.44668E-11 1.15232E-11 7.85361E-11 5.75986E-10 2.39475E-15
 3.41559E-28 1.85232E-28 9.88387E-20 1.74783E-17 1.40676E-16 1.27288E-27 1.13972E-11 1.03855E-08
 7.71428E-06 5.17540E-10 2.61153E-10 1.64340E-10 2.50640E-07 2.83982E-12 1.07314E-06 1.03988E-07
 1.08896E-08 3.38800E-12 3.00187E-12 3.73931E-11 2.01688E-10 5.11190E-12 3.44227E-13 1.18496E-12
 5.14341E-15 1.69082E-15 6.38609E-19 3.38792E-16 6.47143E-14 2.93063E-11 1.27058E-11 6.53525E-11
 5.93106E-10 1.23695E-15 4.87905E-28 2.68028E-28 1.33197E-19 1.96335E-17 1.38415E-16 1.86122E-27
 9.84630E-12 1.14631E-08 7.61642E-06 5.92623E-10 2.97505E-10 1.88782E-10 2.11860E-07 4.12259E-12
 1.17883E-06 9.74041E-08 1.19957E-08 2.99456E-12 2.60542E-12 3.04979E-11 1.86425E-10 4.20460E-12
 2.82464E-13 8.63601E-13 3.73173E-15 1.20512E-15 3.04214E-19 1.78022E-16 5.36536E-14 2.47189E-11
 1.37805E-11 5.35234E-11 6.08403E-10 6.52609E-16 6.99868E-28 3.88147E-28 1.77473E-19 2.20482E-17
 1.35883E-16 2.73839E-27 8.46309E-12 1.25506E-08 7.50928E-06 6.79948E-10 3.39903E-10 2.18290E-10
 1.77789E-07 5.95763E-12 1.29270E-06 9.12785E-08 1.33227E-08 2.62712E-12 2.24010E-12 2.51165E-11
 1.73614E-10 3.58606E-12 2.33436E-13 6.52523E-13 2.81073E-15 8.85947E-16 1.54675E-19 9.06699E-17
 4.53324E-14 2.06427E-11 1.47305E-11 4.31991E-11 6.21804E-10 3.51787E-16 1.00247E-27 5.60251E-28
 2.33411E-19 2.47362E-17 1.33063E-16 4.02394E-27 7.24165E-12 1.36818E-08 7.39395E-06 7.80411E-10
 3.88659E-10 2.53110E-10 1.48558E-07 8.58589E-12 1.41393E-06 8.54951E-08 1.49380E-08 2.28900E-12
 1.91071E-12 2.09113E-11 1.63034E-10 3.16261E-12 1.94128E-13 5.09291E-13 2.18838E-15 6.71163E-16
 8.36287E-20 4.48585E-17 3.90068E-14 1.70301E-11 1.55432E-11 3.43950E-11 6.33356E-10 1.93280E-16
 1.42443E-27 8.01952E-28 3.02401E-19 2.76815E-17 1.29970E-16 5.86616E-27 6.18541E-12 1.48972E-08
 7.27029E-06 8.94968E-10 4.44110E-10 2.93560E-10 1.23908E-07 1.23614E-11 1.54293E-06 7.99069E-08
 1.69773E-08 1.98029E-12 1.61744E-12 1.75890E-11 1.54331E-10 2.86854E-12 1.62206E-13 4.07957E-13
 1.74976E-15 5.21854E-16 4.76126E-20 2.16029E-17 3.40998E-14 1.38608E-11 1.62138E-11 2.70432E-11
 6.43153E-10 1.07689E-16 2.00013E-27 1.13505E-27 3.85760E-19 3.08837E-17 1.26604E-16 8.45221E-27
 5.34312E-12 1.62313E-08 7.13734E-06 1.02549E-09 5.07048E-10 3.40488E-10 1.03299E-07 1.78121E-11
 1.68090E-06 7.43679E-08 1.96826E-08 1.69938E-12 1.35779E-12 1.49240E-11 1.47157E-10 2.66154E-12
 1.36069E-13 3.33520E-13 1.42856E-15 4.14628E-16 2.82540E-20 1.01464E-17 3.01965E-14 1.11325E-11
 1.67440E-11 2.10186E-11 6.51319E-10 6.05482E-17 2.77463E-27 1.58798E-27 4.84450E-19 3.43453E-17
 1.22959E-16 1.20175E-26 4.87472E-12 1.76895E-08 6.99518E-06 1.17659E-09 5.79643E-10 3.95838E-10
 8.60028E-08 2.57385E-11 1.82788E-06 6.88076E-08 2.34219E-08 1.44671E-12 1.12911E-12 1.27741E-11
 1.41276E-10 2.52081E-12 1.14777E-13 2.77764E-13 1.18913E-15 3.36022E-16 1.73884E-20 4.65378E-18
 2.70408E-14 8.84407E-12 1.71381E-11 1.61600E-11 6.58012E-10 3.42850E-17 3.81888E-27 2.20269E-27
 5.97670E-19 3.80285E-17 1.19075E-16 1.68468E-26 5.20395E-12 1.93508E-08 6.84327E-06 1.35995E-09
 6.69131E-10 4.60931E-10 7.02103E-08 3.79358E-11 1.98453E-06 6.31583E-08 2.87545E-08 1.24149E-12
 9.58913E-13 1.10242E-11 1.36470E-10 2.42739E-12 9.59553E-14 2.32132E-13 9.93267E-16 2.72062E-16
 1.06354E-20 1.99518E-18 2.44373E-14 6.82262E-12 1.74745E-11 1.21908E-11 6.63604E-10 1.88599E-17
 5.28388E-27 3.06288E-27 7.13130E-19 4.19169E-17 1.14980E-16 2.31063E-26 6.64216E-12 2.10075E-08
 6.68196E-06 1.59070E-09 7.81738E-10 5.46938E-10 5.68268E-08 5.62610E-11 2.15047E-06 5.74262E-08
 3.63376E-08 1.05639E-12 8.04422E-13 9.59586E-12 1.32509E-10 2.40104E-12 8.14717E-14 2.00459E-13
 8.56248E-16 2.26485E-16 6.82555E-21 8.40389E-19 2.22711E-14 5.27921E-12 1.76988E-11 9.12177E-12
 6.67927E-10 1.05377E-17 7.42265E-27 4.29533E-27 8.30680E-19 4.58704E-17 1.10814E-16 3.13537E-26
 9.59869E-12 2.25746E-08 6.51268E-06 1.89227E-09 9.28745E-10 6.65655E-10 4.54759E-08 8.42103E-11
 2.32414E-06 5.16901E-08 4.68434E-08 8.91004E-13 6.66360E-13 8.43395E-12 1.29232E-10 2.44559E-12
 7.05600E-14 1.80418E-13 7.65767E-16 1.95103E-16 4.64753E-21 3.48691E-19 2.04681E-14 4.12571E-12
 1.78311E-11 6.77759E-12 6.71225E-10 6.01198E-18 1.06803E-26 6.12009E-27 9.39524E-19 4.97792E-17
 1.06699E-16 4.20522E-26 1.41780E-11 2.40507E-08 6.33516E-06 2.28907E-09 1.12151E-09 8.29094E-10
 3.60311E-08 1.27415E-10 2.50569E-06 4.60079E-08 6.09828E-08 7.45194E-13 5.45693E-13 7.48241E-12
 1.26473E-10 2.55292E-12 6.22669E-14 1.68394E-13 7.06554E-16 1.73831E-16 3.34077E-21 1.43009E-19
 1.89553E-14 3.25861E-12 1.78978E-11 5.00947E-12 6.73724E-10 3.49154E-18 1.57151E-26 8.85884E-27
 1.03204E-18 5.36198E-17 1.02666E-16 5.57180E-26 2.00238E-11 2.55633E-08 6.14753E-06 2.79969E-09
 1.36778E-09 1.04602E-09 2.84356E-08 1.94852E-10 2.69680E-06 4.04260E-08 7.95314E-08 6.17518E-13
 4.42377E-13 6.69170E-12 1.24095E-10 2.69779E-12 5.56192E-14 1.60293E-13 6.61834E-16 1.58738E-16
 2.48278E-21 5.83070E-20 1.76694E-14 2.58945E-12 1.79338E-11 3.69398E-12 6.75599E-10 2.04456E-18
 2.33259E-26 1.29020E-26 1.10805E-18 5.74289E-17 9.86777E-17 7.29102E-26 2.64169E-11 2.73205E-08
 5.94790E-06 3.43283E-09 1.66935E-09 1.31877E-09 2.25229E-08 3.00586E-10 2.89912E-06 3.50223E-08
 1.03280E-07 5.06164E-13 3.55322E-13 6.02598E-12 1.22011E-10 2.84329E-12 4.98369E-14 1.52371E-13
 6.16990E-16 1.46311E-16 1.85211E-21 2.37962E-20 1.65663E-14 2.05675E-12 1.79730E-11 2.72717E-12
 6.76982E-10 1.19342E-18 3.42760E-26 1.86385E-26 1.17392E-18 6.12487E-17 9.46840E-17 9.42396E-26
 3.25677E-11 2.95357E-08 5.73704E-06 4.18799E-09 2.02200E-09 1.64037E-09 1.80082E-08 4.66244E-10
 3.11161E-06 2.99509E-08 1.32753E-07 4.10283E-13 2.83279E-13 5.46568E-12 1.20186E-10 2.95222E-12
 4.44510E-14 1.42082E-13 5.63062E-16 1.33865E-16 1.34845E-21 9.78966E-21 1.56253E-14 1.62473E-12
 1.80428E-11 2.02281E-12 6.77967E-10 6.88605E-19 4.90252E-26 2.63688E-26 1.23784E-18 6.50676E-17
 9.06888E-17 1.20332E-25 3.78627E-11 3.23966E-08 5.51657E-06 5.05789E-09 2.41651E-09 1.99462E-09
 1.45750E-08 7.24545E-10 3.33247E-06 2.53508E-08 1.68333E-07 3.29084E-13 2.24615E-13 4.99537E-12
 1.18593E-10 2.99563E-12 3.92621E-14 1.28457E-13 4.97596E-16 1.19858E-16 9.37962E-22 4.08354E-21
 1.48297E-14 1.27317E-12 1.81627E-11 1.51175E-12 6.78624E-10 3.90967E-19 6.75228E-26 3.62526E-26
 1.30737E-18 6.88530E-17 8.67178E-17 1.51855E-25 4.18893E-11 3.60829E-08 5.28490E-06 6.02981E-09
 2.83953E-09 2.35946E-09 1.19473E-08 1.12441E-09 3.56315E-06 2.12510E-08 2.10989E-07 2.60824E-13
 1.77035E-13 4.59547E-12 1.17186E-10 2.95597E-12 3.42316E-14 1.11771E-13 4.23017E-16 1.03868E-16
 6.13592E-22 1.73355E-21 1.41521E-14 9.88143E-13 1.83468E-11 1.14060E-12 6.79006E-10 2.17683E-19
 8.92099E-26 4.83083E-26 1.38968E-18 7.26169E-17 8.27507E-17 1.89634E-25 4.44977E-11 4.07894E-08
 5.04148E-06 7.08848E-09 3.27529E-09 2.70429E-09 9.91004E-09 1.73865E-09 3.80416E-06 1.76676E-08
 2.61881E-07 2.04520E-13 1.38783E-13 4.25243E-12 1.15922E-10 2.82936E-12 2.94124E-14 9.30385E-14
 3.44484E-16 8.64010E-17 3.72869E-22 7.50656E-22 1.35726E-14 7.58684E-13 1.86123E-11 8.69838E-13
 6.79145E-10 1.18578E-19 1.13002E-25 6.24070E-26 1.49011E-18 7.63451E-17 7.87955E-17 2.34495E-25
 4.59211E-11 4.70270E-08 4.78833E-06 8.23378E-09 3.71897E-09 2.97674E-09 8.16670E-09 2.71416E-09
 4.05348E-06 1.46154E-08 3.22079E-07 1.61581E-13 1.12553E-13 3.95840E-12 1.14794E-10 2.60183E-12
 2.44570E-14 7.28674E-14 2.62657E-16 6.66833E-17 1.99402E-22 3.21729E-22 1.30791E-14 5.67134E-13
 1.91073E-11 6.69770E-13 6.78940E-10 6.13384E-20 1.37498E-25 7.85147E-26 1.61251E-18 7.99823E-17
 7.49039E-17 2.88048E-25 4.62181E-11 5.49001E-08 4.52661E-06 9.43049E-09 4.13921E-09 3.16779E-09
 6.79669E-09 4.20625E-09 4.30997E-06 1.20573E-08 3.93081E-07 1.26618E-13 9.10581E-14 3.70496E-12
 1.13731E-10 2.31407E-12 2.00552E-14 5.44935E-14 1.91181E-16 4.91706E-17 9.81714E-23 1.41634E-22
 1.26594E-14 4.20094E-13 1.97286E-11 5.22881E-13 6.78505E-10 3.10223E-20 1.60653E-25 9.60647E-26
 1.76113E-18 8.34696E-17 7.11306E-17 3.50057E-25 4.56696E-11 6.48740E-08 4.25817E-06 1.06568E-08
 4.51751E-09 3.26351E-09 5.70793E-09 6.47534E-09 4.57180E-06 9.94142E-09 4.76734E-07 9.81268E-14
 7.34229E-14 3.48552E-12 1.12689E-10 1.98949E-12 1.62282E-14 3.90586E-14 1.32932E-16 3.47478E-17
 4.48869E-23 6.38437E-23 1.23029E-14 3.08420E-13 2.04893E-11 4.13046E-13 6.77852E-10 1.53579E-20
 1.80725E-25 1.14678E-25 1.93997E-18 8.67572E-17 6.75207E-17 4.20755E-25 4.46051E-11 7.76063E-08
 3.98673E-06 1.18875E-08 4.83679E-09 3.25662E-09 4.83438E-09 9.91429E-09 4.83526E-06 8.21734E-09
 5.74716E-07 7.52180E-14 5.90269E-14 3.29566E-12 1.11635E-10 1.65256E-12 1.29615E-14 2.69030E-14
 8.83071E-17 2.36073E-17 1.91735E-23 2.92931E-23 1.20021E-14 2.23987E-13 2.14046E-11 3.29133E-13
 6.76984E-10 7.42881E-21 1.96324E-25 1.34052E-25 2.15387E-18 8.97903E-17 6.41245E-17 5.00086E-25
 4.32610E-11 9.40773E-08 3.71366E-06 1.30856E-08 5.08051E-09 3.14898E-09 4.12961E-09 1.51195E-08
 5.09879E-06 6.81498E-09 6.89843E-07 5.68900E-14 4.71852E-14 3.12987E-12 1.10526E-10 1.32475E-12
 1.02112E-14 1.78063E-14 5.59863E-17 1.54456E-17 7.66623E-24 1.35603E-23 1.17470E-14 1.60195E-13
 2.24869E-11 2.63397E-13 6.75904E-10 3.49264E-21 2.06659E-25 1.54048E-25 2.41149E-18 9.25571E-17
 6.09438E-17 5.88073E-25 4.18120E-11 1.15737E-07 3.44000E-06 1.41998E-08 5.23404E-09 2.95087E-09
 3.55894E-09 2.29998E-08 5.36099E-06 5.67034E-09 8.25669E-07 4.22719E-14 3.73213E-14 2.98333E-12
 1.09320E-10 1.02349E-12 7.92280E-15 1.13092E-14 3.38227E-17 9.74639E-18 2.87127E-24 6.26387E-24
 1.15289E-14 1.12150E-13 2.37439E-11 2.10534E-13 6.74611E-10 1.58518E-21 2.11591E-25 1.74809E-25
 2.72614E-18 9.50558E-17 5.79651E-17 6.84912E-25 4.04249E-11 1.44677E-07 3.16985E-06 1.51665E-08
 5.28674E-09 2.68365E-09 3.09420E-09 3.49322E-08 5.61721E-06 4.73974E-09 9.84693E-07 3.07530E-14
 2.90631E-14 2.85355E-12 1.07994E-10 7.61519E-13 6.04465E-15 6.90512E-15 1.94739E-17 5.95557E-18
 1.01320E-24 2.85477E-24 1.13426E-14 7.64774E-14 2.51804E-11 1.67098E-13 6.73106E-10 6.91438E-22
 2.11810E-25 1.96872E-25 3.11581E-18 9.72574E-17 5.51989E-17 7.90793E-25 3.90581E-11 1.83311E-07
 2.90756E-06 1.59563E-08 5.24408E-09 2.38182E-09 2.70307E-09 5.29577E-08 5.86216E-06 3.98483E-09
 1.16895E-06 2.18175E-14 2.21567E-14 2.73839E-12 1.06529E-10 5.47252E-13 4.54138E-15 4.08074E-15
 1.07382E-17 3.55183E-18 3.40471E-25 1.27972E-24 1.11834E-14 5.09737E-14 2.68441E-11 1.31465E-13
 6.71346E-10 2.90538E-22 2.10037E-25 2.21982E-25 3.59428E-18 9.91444E-17 5.26481E-17 9.05028E-25
 3.69680E-11 2.28322E-07 2.65689E-06 1.71495E-08 5.24667E-09 2.09246E-09 2.29509E-09 8.07314E-08
 6.08997E-06 3.37301E-09 1.37991E-06 1.50076E-14 1.65520E-14 2.63605E-12 1.04907E-10 3.90673E-13
 3.48489E-15 2.38485E-15 5.82825E-18 2.11911E-18 1.12322E-25 5.98377E-25 1.10473E-14 3.47390E-14
 2.90181E-11 1.05730E-13 6.69045E-10 1.22289E-22 2.14387E-25 2.61724E-25 4.04351E-18 1.00837E-16
 5.03100E-17 1.01912E-24 3.36598E-11 2.77917E-07 2.41401E-06 2.12274E-08 5.71006E-09 1.80585E-09
 1.83408E-09 1.38434E-07 6.29291E-06 2.87733E-09 1.62053E-06 9.72135E-15 1.19187E-14 2.54498E-12
 1.03131E-10 2.76634E-13 3.00039E-15 1.37974E-15 3.09545E-18 1.30214E-18 3.71381E-26 3.14454E-25
 1.09313E-14 2.48048E-14 3.21445E-11 9.08068E-14 6.65762E-10 5.18764E-23 2.25585E-25 3.55055E-25
 4.10588E-18 1.02702E-16 4.81741E-17 1.12969E-24 3.72164E-11 8.14474E-07 2.14652E-06 1.59126E-08
 4.46619E-09 1.25294E-09 2.88817E-09 3.45583E-07 6.45049E-06 2.47590E-09 1.90340E-06 5.45410E-15
 5.50592E-15 2.46385E-12 1.01303E-10 9.19696E-14 1.62809E-15 6.31112E-16 1.00989E-18 6.24777E-19
 1.18329E-26 4.54063E-26 1.08349E-14 8.11377E-15 3.38619E-11 3.75569E-14 6.63921E-10 1.09630E-23
 1.45368E-25 3.13708E-25 6.96103E-18 1.01582E-16 4.62182E-17 1.49413E-24 3.99878E-11 5.71478E-06
 1.87496E-06 3.99138E-09 1.44587E-09 6.78996E-10 1.02950E-08 7.27476E-07 6.52817E-06 2.15102E-09
 2.21144E-06 3.08629E-15 2.46699E-15 2.39152E-12 9.92427E-11 1.06279E-14 3.50789E-16 2.70855E-16
 2.49064E-19 1.39062E-19 3.55568E-27 5.11989E-27 1.07524E-14 8.71344E-16 3.97172E-11 1.41005E-14
 6.57888E-10 1.43967E-24 4.17554E-26 9.17096E-26 2.28014E-17 8.72806E-17 4.44463E-17 1.57439E-24
 2.84618E-11 2.11052E-05 1.63322E-06 1.59622E-09 5.47464E-10 3.63075E-10 2.28544E-08 1.11983E-06
 6.56461E-06 1.87803E-09 2.52363E-06 1.77688E-15 1.57491E-15 2.32439E-12 9.69200E-11 2.04487E-15
 9.42309E-17 1.19260E-16 6.31553E-20 2.86378E-20 8.49980E-28 1.67387E-27 1.06736E-14 5.36744E-17
 5.18235E-11 1.05031E-14 6.45554E-10 1.22877E-25 1.01212E-26 2.57985E-26 4.10448E-17 7.04372E-17
 4.27972E-17 1.07150E-24 1.62894E-11 5.31475E-05 1.41623E-06 8.77671E-10 2.52719E-10 1.92379E-10
 3.79472E-08 1.49611E-06 6.58248E-06 1.63865E-09 2.84887E-06 1.02484E-15 1.19209E-15 2.25915E-12
 9.43328E-11 8.19761E-16 3.42021E-17 5.26577E-17 1.61531E-20 1.04327E-20 1.83083E-28 8.46038E-28
 1.05939E-14 4.67591E-18 6.74348E-11 8.94113E-15 6.29674E-10 7.00142E-27 2.23094E-27 8.47943E-27
 5.52232E-17 5.75870E-17 4.11930E-17 6.65082E-25 9.04128E-12 1.08002E-04 1.22341E-06 5.68157E-10
 1.31529E-10 1.00915E-10 5.38811E-08 1.84170E-06 6.59058E-06 1.42811E-09 3.18852E-06 5.91091E-16
 9.89849E-16 2.19535E-12 9.15103E-11 5.30343E-16 1.50615E-17 2.32360E-17 4.14655E-21 5.89534E-21
 3.94689E-29 4.69711E-28 1.05126E-14 9.04825E-19 8.49912E-11 7.85884E-15 6.11801E-10 4.33427E-28
 4.58995E-28 3.13391E-27 6.47882E-17 4.92818E-17 3.96230E-17 4.05981E-25 5.37925E-12 1.91662E-04
 1.05362E-06 4.02429E-10 7.40097E-11 5.23782E-11 6.94344E-08 2.15099E-06 6.59316E-06 1.24337E-09
 3.54321E-06 3.40991E-16 8.70144E-16 2.13295E-12 8.84906E-11 4.09783E-16 7.35887E-18 1.02470E-17
 1.06809E-21 3.92541E-21 8.51274E-30 2.65302E-28 1.04293E-14 2.49753E-19 1.03582E-10 6.95071E-15
 5.92841E-10 7.95244E-29 8.94967E-29 1.27118E-27 7.09741E-17 4.42811E-17 3.80860E-17 2.50212E-25
 3.47305E-12 3.09850E-04 9.04961E-07 3.00175E-10 4.40024E-11 2.68874E-11 8.36717E-08 2.42365E-06
 6.59240E-06 1.08157E-09 3.91412E-06 1.96766E-16 7.94313E-16 2.07191E-12 8.53066E-11 3.32514E-16
 3.80146E-18 4.51634E-18 2.76228E-22 2.72876E-21 1.84114E-30 1.49393E-28 1.03439E-14 8.09329E-20
 1.22674E-10 6.13450E-15 5.73316E-10 2.84391E-29 1.67187E-29 5.57767E-28 7.51386E-17 4.12202E-17
 3.65803E-17 1.57477E-25 2.39188E-12 4.67828E-04 7.75288E-07 2.30778E-10 2.72706E-11 1.36517E-11
 9.58722E-08 2.66168E-06 6.58947E-06 9.40048E-10 4.30277E-06 1.13559E-16 7.44065E-16 2.01218E-12
 8.19850E-11 2.72635E-16 2.02444E-18 1.98940E-18 7.18243E-23 1.91117E-21 3.98654E-31 8.32755E-29
 1.02560E-14 2.91680E-20 1.41926E-10 5.38545E-15 5.53557E-10 1.15938E-29 3.02510E-30 2.62064E-28
 7.82848E-17 3.90887E-17 3.51041E-17 1.01677E-25 1.73204E-12 6.70292E-04 6.62461E-07 1.80604E-10
 1.74642E-11 6.86042E-12 1.05553E-07 2.86815E-06 6.58500E-06 8.16350E-10 4.71102E-06 6.55041E-17
 7.09587E-16 1.95370E-12 7.85458E-11 2.23436E-16 1.09696E-18 8.75152E-19 1.88118E-23 1.33584E-21
 8.68059E-32 4.58866E-29 1.01654E-14 1.13763E-20 1.61099E-10 4.69706E-15 5.33793E-10 4.95195E-30
 5.37930E-31 1.30741E-28 8.10448E-17 3.72470E-17 3.36551E-17 6.74072E-26 1.36492E-12 9.20524E-04
 5.64753E-07 1.45074E-10 1.15672E-11 3.42766E-12 1.16649E-07 3.04591E-06 6.57946E-06 7.08582E-10
 5.13960E-06 3.77557E-17 6.85206E-16 1.89660E-12 7.50128E-11 1.84385E-16 6.23982E-19 3.84080E-19
 4.98154E-24 9.55448E-22 1.90114E-32 2.71333E-29 1.00719E-14 4.99125E-21 1.79941E-10 4.16850E-15
 5.14260E-10 2.39380E-30 9.83401E-32 6.92765E-29 8.37905E-17 3.53119E-17 3.22352E-17 4.61579E-26
 1.16025E-12 1.22101E-03 4.80815E-07 1.18531E-10 7.87253E-12 1.71447E-12 1.29089E-07 3.19768E-06
 6.57330E-06 6.15322E-10 5.58803E-06 2.17933E-17 6.67662E-16 1.84116E-12 7.14315E-11 1.52749E-16
 3.68363E-19 1.68551E-19 1.34877E-24 6.95125E-22 4.25963E-33 1.69296E-29 9.97564E-15 2.40759E-21
 1.98185E-10 3.73937E-15 4.95213E-10 1.28059E-30 1.96251E-32 3.86029E-29 8.66140E-17 3.31769E-17
 3.08495E-17 3.24724E-26 9.77614E-13 1.57607E-03 4.08884E-07 9.52588E-11 5.41248E-12 8.59171E-13
 1.34197E-07 3.32697E-06 6.56664E-06 5.34701E-10 6.05885E-06 1.26087E-17 6.54805E-16 1.78730E-12
 6.78421E-11 1.24619E-16 2.08983E-19 7.40969E-20 3.77490E-25 4.88995E-22 9.89790E-34 9.54593E-30
 9.87604E-15 1.13808E-21 2.15726E-10 3.23813E-15 4.76738E-10 6.33067E-31 4.36298E-33 2.21357E-29
 8.95088E-17 3.08390E-17 2.94945E-17 2.30711E-26 8.81996E-13 1.98835E-03 3.47350E-07 7.74699E-11
 3.79907E-12 4.32899E-13 1.41367E-07 3.43689E-06 6.55964E-06 4.65024E-10 6.55450E-06 7.30858E-18
 6.45012E-16 1.73493E-12 6.42725E-11 1.02283E-16 1.21882E-19 3.25841E-20 1.10754E-25 3.51769E-22
 2.45370E-34 5.67746E-30 9.77249E-15 5.83909E-22 2.32480E-10 2.83905E-15 4.58895E-10 3.45936E-31
 1.14620E-33 1.31518E-29 9.24419E-17 2.83213E-17 2.81665E-17 1.67243E-26 7.75791E-13 2.46137E-03
 2.94858E-07 6.15494E-11 2.67798E-12 2.19275E-13 1.39638E-07 3.53032E-06 6.55237E-06 4.04878E-10
 7.07774E-06 4.24986E-18 6.37234E-16 1.68396E-12 6.07745E-11 8.26234E-17 6.75422E-20 1.43699E-20
 3.43751E-26 2.43848E-22 6.64379E-35 3.00528E-30 9.66420E-15 2.86793E-22 2.48393E-10 2.39209E-15
 4.41714E-10 1.70506E-31 3.45430E-34 7.94603E-30 9.53782E-17 2.56462E-17 2.68614E-17 1.21634E-26
 7.08368E-13 2.99784E-03 2.50076E-07 4.88863E-11 1.91281E-12 1.11749E-13 1.37256E-07 3.60980E-06
 6.54479E-06 3.52866E-10 7.63221E-06 2.47630E-18 6.30628E-16 1.63420E-12 5.73752E-11 6.68339E-17
 3.75345E-20 6.34223E-21 1.13849E-26 1.70385E-22 2.00301E-35 1.59787E-30 9.55013E-15 1.46431E-22
 2.63448E-10 2.01107E-15 4.25178E-10 8.74716E-32 1.18599E-34 4.91423E-30 9.82149E-17 2.29050E-17
 2.55724E-17 8.94632E-27 6.64663E-13 3.59822E-03 2.12071E-07 3.86097E-11 1.38083E-12 5.74453E-14
 1.33104E-07 3.67755E-06 6.53721E-06 3.08043E-10 8.21901E-06 1.44857E-18 6.24623E-16 1.58566E-12
 5.41313E-11 5.40434E-17 2.07877E-20 2.80774E-21 4.04028E-27 1.19299E-22 6.74489E-36 8.39353E-31
 9.42947E-15 7.64935E-23 2.77567E-10 1.67566E-15 4.09332E-10 4.57184E-32 4.50602E-35 3.09804E-30
 1.00869E-16 2.01641E-17 2.42974E-17 6.63270E-27 5.88238E-13 4.26656E-03 1.79801E-07 2.95732E-11
 9.95009E-13 2.96967E-14 1.19532E-07 3.73552E-06 6.52932E-06 2.69320E-10 8.84287E-06 8.50880E-19
 6.18768E-16 1.53807E-12 5.10913E-11 4.29472E-17 1.07300E-20 1.24880E-21 1.49446E-27 7.97445E-23
 2.37324E-36 3.77857E-31 9.30067E-15 3.68950E-23 2.90770E-10 1.32946E-15 3.94109E-10 2.05119E-32
 1.75042E-35 1.96294E-30 1.03294E-16 1.74532E-17 2.30272E-17 4.89433E-27 5.24559E-13 5.00518E-03
 1.52346E-07 2.24988E-11 7.22945E-13 1.54161E-14 1.05583E-07 3.78510E-06 6.52063E-06 2.35740E-10
 9.50847E-06 5.00979E-19 6.12689E-16 1.49113E-12 4.82691E-11 3.41565E-17 5.46685E-21 5.56654E-22
 5.70987E-28 5.33449E-23 8.58511E-37 1.65004E-31 9.16206E-15 1.79321E-23 3.03068E-10 1.04336E-15
 3.79451E-10 9.17776E-33 6.95702E-36 1.25998E-30 1.05359E-16 1.48860E-17 2.17533E-17 3.62717E-27
 4.72939E-13 5.81243E-03 1.29064E-07 1.70171E-11 5.29566E-13 8.04505E-15 9.18471E-08 3.82758E-06
 6.51106E-06 2.06665E-10 1.02169E-05 2.95823E-19 6.06113E-16 1.44478E-12 4.56926E-11 2.72150E-17
 2.77198E-21 2.48839E-22 2.24163E-28 3.57491E-23 3.16557E-37 7.05991E-32 9.01231E-15 8.78860E-24
 3.14389E-10 8.10775E-16 3.65376E-10 4.11356E-33 2.83331E-36 8.18702E-31 1.06979E-16 1.25275E-17
 2.04723E-17 2.69778E-27 4.30425E-13 6.68540E-03 1.09393E-07 1.27953E-11 3.91016E-13 4.22547E-15
 7.86986E-08 3.86409E-06 6.50055E-06 1.81541E-10 1.09686E-05 1.75359E-19 5.98817E-16 1.39898E-12
 4.33873E-11 2.17490E-17 1.40051E-21 1.11699E-22 8.99780E-29 2.40280E-23 1.18235E-37 2.95899E-32
 8.85001E-15 4.33945E-24 3.24661E-10 6.23734E-16 3.51900E-10 1.84738E-33 1.18094E-36 5.38204E-31
 1.08098E-16 1.04103E-17 1.91821E-17 2.01279E-27 3.80471E-13 7.62185E-03 9.27984E-08 9.47726E-12
 2.89483E-13 2.23152E-15 6.46509E-08 3.89530E-06 6.48851E-06 1.59832E-10 1.17654E-05 1.04398E-19
 5.90600E-16 1.35357E-12 4.13725E-11 1.73107E-17 6.86032E-22 5.04185E-23 3.63369E-29 1.58577E-23
 4.35823E-38 1.14415E-32 8.67342E-15 2.06573E-24 3.33834E-10 4.67383E-16 3.39007E-10 7.71651E-34
 4.91897E-37 3.55910E-31 1.08684E-16 8.54247E-18 1.78790E-17 1.49821E-27 3.28969E-13 8.61827E-03
 7.87944E-08 6.94650E-12 2.15158E-13 1.18312E-15 5.13742E-08 3.92120E-06 6.47373E-06 1.41039E-10
 1.26095E-05 6.23630E-20 5.81283E-16 1.30839E-12 3.96356E-11 1.37636E-17 3.28413E-22 2.28672E-23
 1.46672E-29 1.03460E-23 1.57531E-38 4.14450E-33 8.48076E-15 9.58713E-25 3.41856E-10 3.43205E-16
 3.26680E-10 3.05375E-34 2.03571E-37 2.36907E-31 1.08704E-16 6.93350E-18 1.65606E-17 1.11375E-27
 2.96451E-13 9.66299E-03 6.70330E-08 5.12954E-12 1.62055E-13 6.31422E-16 4.14510E-08 3.94200E-06
 6.45573E-06 1.24832E-10 1.34970E-05 3.74013E-20 5.70740E-16 1.26350E-12 3.81445E-11 1.10949E-17
 1.61838E-22 1.04219E-23 6.02103E-30 6.94458E-24 5.77608E-39 1.56469E-33 8.27108E-15 4.67924E-25
 3.48611E-10 2.54368E-16 3.14978E-10 1.30507E-34 8.67149E-38 1.60216E-31 1.08144E-16 5.58105E-18
 1.52320E-17 8.34542E-28 2.66373E-13 1.07422E-02 5.72124E-08 3.77164E-12 1.22796E-13 3.39710E-16
 3.27232E-08 3.95802E-06 6.43415E-06 1.10919E-10 1.44233E-05 2.25528E-20 5.58854E-16 1.21895E-12
 3.68890E-11 8.96202E-18 7.95337E-23 4.78299E-24 2.50257E-30 4.64576E-24 2.12991E-39 5.72935E-34
 8.04342E-15 2.26758E-25 3.53990E-10 1.86137E-16 3.03945E-10 5.46048E-35 3.76534E-38 1.09362E-31
 1.07012E-16 4.45816E-18 1.38997E-17 6.25748E-28 2.42358E-13 1.18386E-02 4.90606E-08 2.77660E-12
 9.38629E-14 1.84540E-16 2.55928E-08 3.96888E-06 6.40801E-06 9.90300E-11 1.53823E-05 1.36867E-20
 5.45540E-16 1.17480E-12 3.58441E-11 7.28303E-18 3.93931E-23 2.21168E-24 1.05592E-30 3.13105E-24
 7.93742E-40 2.07885E-34 7.79716E-15 1.11269E-25 3.57896E-10 1.35501E-16 2.93622E-10 2.30921E-35
 1.67613E-38 7.55621E-32 1.05324E-16 3.53720E-18 1.25724E-17 4.70767E-28 2.27047E-13 1.29285E-02
 4.23644E-08 2.05831E-12 7.25626E-14 1.01604E-16 2.00579E-08 3.97447E-06 6.37683E-06 8.89584E-11
 1.63635E-05 8.38503E-21 5.30756E-16 1.13120E-12 3.49875E-11 5.97529E-18 1.99506E-23 1.03236E-24
 4.55423E-31 2.14651E-24 3.02459E-40 7.67910E-35 7.53235E-15 5.63472E-26 3.60227E-10 9.88148E-17
 2.84067E-10 1.01974E-35 7.74153E-39 5.30064E-32 1.03106E-16 2.79069E-18 1.12629E-17 3.56272E-28
 2.13024E-13 1.39863E-02 3.69365E-08 1.52970E-12 5.64697E-14 5.69791E-17 1.53868E-08 3.97429E-06
 6.33964E-06 8.05114E-11 1.73563E-05 5.21709E-21 5.14473E-16 1.08825E-12 3.43066E-11 4.91066E-18
 1.01273E-23 4.88123E-25 1.99489E-31 1.46610E-24 1.16407E-40 2.75045E-35 7.24917E-15 2.84018E-26
 3.60902E-10 7.11984E-17 2.75311E-10 4.41366E-36 3.66872E-39 3.76029E-32 1.00382E-16 2.19475E-18
 9.98411E-18 2.69932E-28 2.03099E-13 1.49816E-02 3.26296E-08 1.14940E-12 4.43644E-14 3.30310E-17
 1.16848E-08 3.96731E-06 6.29502E-06 7.35332E-11 1.83470E-05 3.34495E-21 4.96728E-16 1.04611E-12
 3.37820E-11 4.05796E-18 5.22332E-24 2.36076E-25 8.90110E-32 1.00810E-24 4.53758E-41 9.75484E-36
 6.94873E-15 1.45219E-26 3.59860E-10 5.10351E-17 2.67394E-10 1.93062E-36 1.79323E-39 2.70611E-32
 9.71848E-17 1.72958E-18 8.75207E-18 2.05313E-28 1.94729E-13 1.58820E-02 2.93290E-08 8.77957E-13
 3.51122E-14 2.06126E-17 8.69247E-09 3.95226E-06 6.24116E-06 6.78945E-11 1.93211E-05 2.28562E-21
 4.77591E-16 1.00496E-12 3.33959E-11 3.35827E-18 2.73602E-24 1.21145E-25 4.09141E-32 6.90767E-25
 1.79775E-41 3.35927E-36 6.63259E-15 7.41503E-27 3.57056E-10 3.61872E-17 2.60347E-10 8.29809E-37
 9.13115E-40 1.97274E-32 9.35498E-17 1.38293E-18 7.58262E-18 1.56417E-28 1.90678E-13 1.66523E-02
 2.69564E-08 6.95099E-13 2.80742E-14 1.52147E-17 6.44937E-09 3.92761E-06 6.17609E-06 6.35013E-11
 2.02619E-05 1.77465E-21 4.57212E-16 9.65027E-13 3.31272E-11 2.79330E-18 1.53518E-24 7.44351E-26
 2.14989E-32 4.76467E-25 8.03051E-42 1.18930E-36 6.30350E-15 3.89094E-27 3.52475E-10 2.57338E-17
 2.54205E-10 3.67074E-37 5.37342E-40 1.46130E-32 8.95169E-17 1.15236E-18 6.49257E-18 1.19673E-28
 2.85150E+02 2.78650E+02 2.72150E+02 2.65660E+02 2.61170E+02 2.55680E+02 2.49190E+02 2.42700E+02
 2.36210E+02 2.25000E+02 2.10000E+02 2.10000E+02 2.10000E+02 2.10000E+02 2.10000E+02 2.10000E+02
 2.14000E+02 2.14000E+02 2.16650E+02 2.16650E+02 2.16650E+02 2.17580E+02 2.18570E+02 2.19570E+02
 2.20560E+02 2.21550E+02 2.22540E+02 2.23540E+02 2.24530E+02 2.25520E+02 2.26510E+02 2.27500E+02
 2.28490E+02 2.30970E+02 2.33740E+02 2.36510E+02 2.39280E+02 2.37000E+02 2.35000E+02 2.33000E+02
 2.30000E+02 2.27000E+02 2.24000E+02 2.22000E+02 2.20000E+02 2.18000E+02 2.16000E+02 2.14000E+02
 2.12000E+02 2.10000E+02 2.09000E+02 2.08000E+02 2.07000E+02 2.06000E+02 2.05000E+02 2.04000E+02
 2.03000E+02 2.02000E+02 2.01000E+02 2.00000E+02 2.00000E+02 2.00000E+02 2.00000E+02 2.00000E+02
 2.00000E+02 2.00000E+02 2.00000E+02 2.00000E+02 2.00000E+02 2.00000E+02 2.00000E+02 2.00000E+02
 2.00000E+02 2.00000E+02 2.00000E+02 2.00000E+02 2.00000E+02 2.00000E+02 2.00000E+02 1.98600E+02
 1.96000E+02 1.94700E+02 1.92000E+02 1.90800E+02 1.89000E+02 1.86900E+02 1.86900E+02 1.86900E+02
 1.86900E+02 1.86900E+02 1.88000E+02 1.90000E+02 1.91000E+02 1.92500E+02 1.94000E+02 1.95000E+02
 1.96500E+02 1.98000E+02 2.00000E+02 2.02000E+02 1.00000E+05 1.00000E+05 1.00000E+05 1.00000E+05
 1.00000E+05 1.00000E+05 1.00000E+05 1.00000E+05 1.00000E+05 8.94400E+04 4.89900E+04 2.25800E+04
 1.16600E+04 6.81200E+03 5.16500E+03 4.29000E+03 3.95000E+03 3.90000E+03 3.99900E+03 4.34300E+03
 4.84400E+03 5.43900E+03 6.18700E+03 7.03600E+03 7.98400E+03 8.98600E+03 1.00300E+04 1.12800E+04
 1.24900E+04 1.36300E+04 1.51300E+04 1.66900E+04 1.81800E+04 1.99800E+04 2.19800E+04 2.44500E+04
 2.74600E+04 3.04600E+04 3.39400E+04 3.79500E+04 4.19500E+04 4.64300E+04 5.19100E+04 5.84000E+04
 6.44500E+04 7.13600E+04 7.99000E+04 8.79100E+04 9.68700E+04 1.06900E+05 1.17800E+05 1.31800E+05
 1.48300E+05 1.65800E+05 1.83300E+05 2.01800E+05 2.25600E+05 2.52200E+05 2.77200E+05 3.07000E+05
 3.42100E+05 3.79500E+05 4.21900E+05 4.71700E+05 5.17400E+05 5.67400E+05 6.22400E+05 6.82600E+05
 7.48700E+05 8.21200E+05 9.00700E+05 9.87900E+05 1.00000E+06 1.00000E+06 1.00000E+06 1.00000E+06
 1.00000E+06 1.00000E+06 1.00000E+06 1.00000E+06 1.00000E+06 1.00000E+06 1.00000E+06 1.00000E+06
 1.00000E+06 1.00000E+06 1.00000E+06 1.00000E+06 1.00000E+06 1.00000E+06 1.00000E+06 1.00000E+06
 1.00000E+06 1.00000E+06 1.00000E+06 1.00000E+06 1.00000E+06 1.00000E+06 1.00000E+06 1.00000E+06
 2.42824E+19 2.20835E+19 2.00395E+19 1.81422E+19 1.62671E+19 1.46121E+19 1.31447E+19 1.17922E+19
 1.05482E+19 9.58990E+18 8.82176E+18 7.53337E+18 6.43347E+18 5.49443E+18 4.69268E+18 4.00812E+18
 3.36461E+18 2.88255E+18 2.44179E+18 2.09610E+18 1.79945E+18 1.53875E+18 1.31642E+18 1.12702E+18
 9.65639E+17 8.27976E+17 7.10459E+17 6.10038E+17 5.24214E+17 4.50785E+17 3.87916E+17 3.34049E+17
 2.87862E+17 2.46745E+17 2.11615E+17 1.81823E+17 1.56508E+17 1.37632E+17 1.20754E+17 1.05832E+17
 9.30270E+16 8.16366E+16 7.15197E+16 6.22866E+16 5.41802E+16 4.70710E+16 4.08436E+16 3.53950E+16
 3.06335E+16 2.64776E+16 2.27538E+16 1.95405E+16 1.67695E+16 1.43815E+16 1.23249E+16 1.05550E+16
 9.03285E+15 7.72464E+15 6.60110E+15 5.63684E+15 4.78779E+15 4.06683E+15 3.45461E+15 2.93470E+15
 2.49316E+15 2.11816E+15 1.79966E+15 1.52912E+15 1.29933E+15 1.10412E+15 9.38282E+14 7.97396E+14
 6.77699E+14 5.75998E+14 4.89585E+14 4.16156E+14 3.53758E+14 3.00731E+14 2.55666E+14 2.18772E+14
 1.88056E+14 1.60347E+14 1.37494E+14 1.16801E+14 9.94138E+13 8.46127E+13 7.11499E+13 5.98325E+13
 5.03179E+13 4.23186E+13 3.54026E+13 2.95209E+13 2.47827E+13 2.07756E+13 1.74411E+13 1.46968E+13
 1.23668E+13 1.04204E+13 8.77198E+12 7.39734E+12 8.09411E-11 9.87309E-11 1.36363E-10 1.83820E-10
 2.36360E-10 2.89972E-10 3.41034E-10 3.87117E-10 4.26691E-10 4.60298E-10 4.94212E-10 5.34693E-10
 5.65010E-10 5.73493E-10 5.56751E-10 5.21685E-10 4.75950E-10 4.26810E-10 3.78957E-10 3.35544E-10
 2.98346E-10 2.66926E-10 2.40533E-10 2.18449E-10 1.99889E-10 1.83373E-10 1.67683E-10 1.52826E-10
 1.38759E-10 1.25309E-10 1.12543E-10 1.00563E-10 8.92854E-11 7.87139E-11 6.89184E-11 5.99672E-11
 5.19302E-11 4.47790E-11 3.84390E-11 3.28564E-11 2.79417E-11 2.36135E-11 1.98394E-11 1.65837E-11
 1.37672E-11 1.13267E-11 9.24248E-12 7.46997E-12 5.96447E-12 4.70153E-12 3.62961E-12 2.76908E-12
 2.08945E-12 1.55539E-12 1.13725E-12 8.14508E-13 5.73590E-13 3.96707E-13 2.67351E-13 1.75746E-13
 1.12733E-13 7.03134E-14 4.26142E-14 2.51272E-14 1.42394E-14 7.73108E-15 4.00931E-15 1.97931E-15
 9.26940E-16 4.10181E-16 1.70770E-16 6.65810E-17 2.22253E-17 6.09494E-18 1.32543E-18 2.19267E-19
 2.62766E-20 2.15322E-21 1.12721E-22 3.50029E-24 5.88203E-26 4.71477E-28 1.58029E-30 1.84215E-33
 6.11960E-37 4.52917E-41 5.39989E-46 7.31027E-52 7.40913E-59 3.42348E-67 3.77393E-77 5.50863E-89
 1.00000-100 1.00000-100 1.00000-100 1.00000-100 1.00000-100 1.00000-100 1.00000-100 1.00000-100
 2.76370E+01 2.41207E+01 2.46609E+01 2.55250E+01 2.69921E+01 2.78188E+01 2.77302E+01 2.70747E+01
 2.57212E+01 2.43880E+01 2.35228E+01 2.02165E+01 1.79436E+01 1.53182E+01 1.25517E+01 9.93879E+00
 7.65876E+00 6.59427E+00 5.66305E+00 5.31367E+00 5.14966E+00 5.03257E+00 5.07123E+00 5.23809E+00
 5.55800E+00 4.32625E+00 3.35813E+00 2.60088E+00 2.01074E+00 1.54765E+00 1.18683E+00 9.06019E-01
 6.88292E-01 5.13569E-01 3.80320E-01 2.80604E-01 2.06557E-01 1.57332E-01 1.18887E-01 8.93694E-02
 6.72402E-02 5.02408E-02 3.72543E-02 2.72197E-02 1.97244E-02 1.41503E-02 1.00540E-02 7.06660E-03
 4.90052E-03 3.34996E-03 2.22194E-03 1.45533E-03 9.42089E-04 6.01186E-04 3.76534E-04 2.30870E-04
 1.39077E-04 8.22166E-05 4.73211E-05 2.65450E-05 1.43982E-05 7.59354E-06 3.89132E-06 1.94005E-06
 9.29548E-07 4.26694E-07 1.87081E-07 7.81344E-08 3.09656E-08 1.15956E-08 4.08423E-09 1.34692E-09
 3.80123E-10 8.81191E-11 1.61944E-11 2.26414E-12 2.29315E-13 1.58819E-14 7.02729E-16 1.86753E-17
 2.71135E-19 1.85240E-21 5.35470E-24 5.29896E-27 1.50126E-30 9.48863E-35 9.45992E-40 1.07099E-45
 9.07838E-53 3.50862E-61 3.19190E-71 3.86284E-83 5.88668E-95 4.93486E-95 4.14281E-95 3.49095E-95
 2.93751E-95 2.47518E-95 2.08362E-95 1.75710E-95 0.00000E+00 0.00000E+00 0.00000E+00 0.00000E+00
 0.00000E+00 0.00000E+00 0.00000E+00 0.00000E+00 0.00000E+00 0.00000E+00 0.00000E+00 0.00000E+00
 0.00000E+00 0.00000E+00 0.00000E+00 0.00000E+00 0.00000E+00 0.00000E+00 0.00000E+00 0.00000E+00
 0.00000E+00 0.00000E+00 0.00000E+00 0.00000E+00 0.00000E+00 0.00000E+00 0.00000E+00 0.00000E+00
 0.00000E+00 0.00000E+00 0.00000E+00 0.00000E+00 0.00000E+00 0.00000E+00 0.00000E+00 0.00000E+00
 0.00000E+00 0.00000E+00 0.00000E+00 0.00000E+00 0.00000E+00 0.00000E+00 0.00000E+00 0.00000E+00
 0.00000E+00 0.00000E+00 0.00000E+00 0.00000E+00 0.00000E+00 0.00000E+00 0.00000E+00 0.00000E+00
 0.00000E+00 0.00000E+00 0.00000E+00 0.00000E+00 0.00000E+00 0.00000E+00 0.00000E+00 0.00000E+00
 0.00000E+00 0.00000E+00 0.00000E+00 0.00000E+00 0.00000E+00 0.00000E+00 0.00000E+00 0.00000E+00
 0.00000E+00 0.00000E+00 0.00000E+00 0.00000E+00 0.00000E+00 0.00000E+00 0.00000E+00 0.00000E+00
 0.00000E+00 0.00000E+00 0.00000E+00 0.00000E+00 0.00000E+00 0.00000E+00 0.00000E+00 0.00000E+00
 0.00000E+00 0.00000E+00 0.00000E+00 0.00000E+00 0.00000E+00 0.00000E+00 0.00000E+00 0.00000E+00
 0.00000E+00 0.00000E+00 0.00000E+00 0.00000E+00 0.00000E+00 0.00000E+00 0.00000E+00 0.00000E+00
 0.00000E+00 0.00000E+00 0.00000E+00 0.00000E+00 0.00000E+00 0.00000E+00 0.00000E+00 0.00000E+00
 0.00000E+00 0.00000E+00 0.00000E+00 0.00000E+00 0.00000E+00 0.00000E+00 0.00000E+00 0.00000E+00
 0.00000E+00 0.00000E+00 0.00000E+00 0.00000E+00 0.00000E+00 0.00000E+00 0.00000E+00 0.00000E+00
 0.00000E+00 0.00000E+00 0.00000E+00 0.00000E+00 0.00000E+00 0.00000E+00 0.00000E+00 0.00000E+00
 0.00000E+00 0.00000E+00 0.00000E+00 0.00000E+00 0.00000E+00 0.00000E+00 0.00000E+00 0.00000E+00
 0.00000E+00 0.00000E+00 0.00000E+00 0.00000E+00 0.00000E+00 0.00000E+00 0.00000E+00 0.00000E+00
 0.00000E+00 0.00000E+00 0.00000E+00 0.00000E+00 0.00000E+00 0.00000E+00 0.00000E+00 0.00000E+00
 0.00000E+00 0.00000E+00 0.00000E+00 0.00000E+00 0.00000E+00 0.00000E+00 0.00000E+00 0.00000E+00
 0.00000E+00 0.00000E+00 0.00000E+00 0.00000E+00 0.00000E+00 0.00000E+00 0.00000E+00 0.00000E+00
 0.00000E+00 0.00000E+00 0.00000E+00 0.00000E+00 0.00000E+00 0.00000E+00 0.00000E+00 0.00000E+00
 0.00000E+00 0.00000E+00 0.00000E+00 0.00000E+00 0.00000E+00 0.00000E+00 0.00000E+00 0.00000E+00
 0.00000E+00 0.00000E+00 0.00000E+00 0.00000E+00 0.00000E+00 0.00000E+00 0.00000E+00 0.00000E+00
 0.00000E+00 0.00000E+00 0.00000E+00 0.00000E+00 7.44446E-04 8.13386E-04 8.93072E-04 9.82484E-04
 1.06576E-03 1.15923E-03 1.26836E-03 1.39027E-03 1.53236E-03 1.71254E-03 1.94139E-03 2.20340E-03
 2.47398E-03 2.79447E-03 3.17095E-03 3.61499E-03 4.09131E-03 4.48180E-03 4.89031E-03 5.21206E-03
 5.52179E-03 5.85580E-03 6.17424E-03 6.48400E-03 6.77381E-03 7.87472E-03 9.15342E-03 1.06348E-02
 1.23459E-02 1.43252E-02 1.66075E-02 1.92455E-02 2.22844E-02 2.58481E-02 2.99571E-02 3.46593E-02
 4.00309E-02 4.58100E-02 5.25232E-02 6.02918E-02 6.92084E-02 7.95695E-02 9.16703E-02 1.05979E-01
 1.22696E-01 1.42239E-01 1.65138E-01 1.92001E-01 2.23559E-01 2.60712E-01 3.04822E-01 3.56662E-01
 4.17634E-01 4.89402E-01 5.73944E-01 6.73569E-01 7.91111E-01 9.29904E-01 1.09393E+00 1.28794E+00
 1.51899E+00 1.79145E+00 2.11277E+00 2.49169E+00 2.93852E+00 3.46547E+00 4.08685E+00 4.81827E+00
 5.67976E+00 6.69516E+00 7.89269E+00 9.30499E+00 1.09719E+01 1.29377E+01 1.52572E+01 1.79920E+01
 2.12161E+01 2.50171E+01 2.94980E+01 3.47207E+01 4.08612E+01 4.82637E+01 5.69826E+01 6.75443E+01
 8.00978E+01 9.51130E+01 1.13371E+02 1.35126E+02 1.61047E+02 1.91927E+02 2.29284E+02 2.72528E+02
 3.22825E+02 3.81915E+02 4.51229E+02 5.32611E+02 6.27919E+02 7.39352E+02 8.69246E+02 1.02034E+03
 0.00000E+00 0.00000E+00 0.00000E+00 0.00000E+00 0.00000E+00 0.00000E+00 0.00000E+00 0.00000E+00
 0.00000E+00 0.00000E+00 0.00000E+00 0.00000E+00 0.00000E+00 0.00000E+00 0.00000E+00 0.00000E+00
 0.00000E+00 0.00000E+00 0.00000E+00 0.00000E+00 0.00000E+00 0.00000E+00 0.00000E+00 0.00000E+00
 0.00000E+00 0.00000E+00 0.00000E+00 0.00000E+00 0.00000E+00 0.00000E+00 0.00000E+00 0.00000E+00
 0.00000E+00 0.00000E+00 0.00000E+00 0.00000E+00 0.00000E+00 0.00000E+00 0.00000E+00 0.00000E+00
 0.00000E+00 0.00000E+00 0.00000E+00 0.00000E+00 0.00000E+00 0.00000E+00 0.00000E+00 0.00000E+00
 0.00000E+00 0.00000E+00 0.00000E+00 0.00000E+00 0.00000E+00 0.00000E+00 0.00000E+00 0.00000E+00
 0.00000E+00 0.00000E+00 0.00000E+00 0.00000E+00 0.00000E+00 0.00000E+00 0.00000E+00 0.00000E+00
 0.00000E+00 0.00000E+00 0.00000E+00 0.00000E+00 0.00000E+00 0.00000E+00 0.00000E+00 0.00000E+00
 0.00000E+00 0.00000E+00 0.00000E+00 0.00000E+00 0.00000E+00 0.00000E+00 0.00000E+00 0.00000E+00
 0.00000E+00 0.00000E+00 0.00000E+00 0.00000E+00 0.00000E+00 0.00000E+00 0.00000E+00 0.00000E+00
 0.00000E+00 0.00000E+00 0.00000E+00 0.00000E+00 0.00000E+00 0.00000E+00 0.00000E+00 0.00000E+00
 0.00000E+00 0.00000E+00 0.00000E+00 0.00000E+00 0.00000E+00 0.00000E+00 0.00000E+00 0.00000E+00
 0.00000E+00 0.00000E+00 0.00000E+00 0.00000E+00 0.00000E+00 0.00000E+00 0.00000E+00 0.00000E+00
 0.00000E+00 0.00000E+00 0.00000E+00 0.00000E+00 0.00000E+00 0.00000E+00 0.00000E+00 0.00000E+00
 0.00000E+00 0.00000E+00 0.00000E+00 0.00000E+00 0.00000E+00 0.00000E+00 0.00000E+00 0.00000E+00
 0.00000E+00 0.00000E+00 0.00000E+00 0.00000E+00 0.00000E+00 0.00000E+00 0.00000E+00 0.00000E+00
 0.00000E+00 0.00000E+00 0.00000E+00 0.00000E+00 0.00000E+00 0.00000E+00 0.00000E+00 0.00000E+00
 0.00000E+00 0.00000E+00 0.00000E+00 0.00000E+00 0.00000E+00 0.00000E+00 0.00000E+00 0.00000E+00
 0.00000E+00 0.00000E+00 0.00000E+00 0.00000E+00 0.00000E+00 0.00000E+00 0.00000E+00 0.00000E+00
 0.00000E+00 0.00000E+00 0.00000E+00 0.00000E+00 0.00000E+00 0.00000E+00 0.00000E+00 0.00000E+00
 0.00000E+00 0.00000E+00 0.00000E+00 0.00000E+00 0.00000E+00 0.00000E+00 0.00000E+00 0.00000E+00
 0.00000E+00 0.00000E+00 0.00000E+00 0.00000E+00 0.00000E+00 0.00000E+00 0.00000E+00 0.00000E+00
 0.00000E+00 0.00000E+00 0.00000E+00 0.00000E+00 0.00000E+00 0.00000E+00 0.00000E+00 0.00000E+00
 0.00000E+00 0.00000E+00 0.00000E+00 0.00000E+00 0.00000E+00 0.00000E+00 0.00000E+00 0.00000E+00
 1.91927E-05 1.91927E-05 1.91927E-05 1.91927E-05 1.91927E-05 1.91927E-05 1.91927E-05 1.91927E-05
 1.91927E-05 1.91927E-05 1.91927E-05 1.91927E-05 1.91927E-05 1.91927E-05 1.91927E-05 1.91927E-05
 1.87992E-05 1.80536E-05 1.71005E-05 1.59104E-05 1.46644E-05 1.34563E-05 1.22510E-05 1.11018E-05
 1.00007E-05 1.00000E-05 1.00000E-05 1.00000E-05 1.00000E-05 1.00000E-05 1.00000E-05 1.00000E-05
 1.00000E-05 1.00000E-05 1.00000E-05 1.00000E-05 1.00000E-05 1.00000E-05 1.00000E-05 1.00000E-05
 1.00000E-05 1.00000E-05 1.00000E-05 1.00000E-05 1.00000E-05 1.00000E-05 1.00000E-05 1.00000E-05
 1.00000E-05 1.00000E-05 1.00000E-05 1.00000E-05 1.00000E-05 1.00000E-05 1.00000E-05 1.00000E-05
 1.00000E-05 1.00000E-05 1.00000E-05 1.00000E-05 1.00000E-05 1.00000E-05 1.00000E-05 1.00000E-05
 1.00000E-05 1.00000E-05 1.00000E-05 1.00000E-05 1.00000E-05 1.00000E-05 1.00000E-05 1.00000E-05
 1.00000E-05 1.00000E-05 1.00000E-05 1.00000E-05 1.00000E-05 1.00000E-05 1.00000E-05 1.00000E-05
 1.00000E-05 1.00000E-05 1.00000E-05 1.00000E-05 1.00000E-05 1.00000E-05 1.00000E-05 1.00000E-05
 1.00000E-05 1.00000E-05 1.00000E-05 1.00000E-05 1.00000E-05 1.00000E-05 1.00000E-05 1.00000E-05
 1.00000E-05 1.00000E-05 1.00000E-05 1.00000E-05 0.00000E+00 0.00000E+00 0.00000E+00 0.00000E+00
 0.00000E+00 0.00000E+00 0.00000E+00 0.00000E+00 0.00000E+00 0.00000E+00 0.00000E+00 0.00000E+00
 0.00000E+00 0.00000E+00 0.00000E+00 0.00000E+00 0.00000E+00 0.00000E+00 0.00000E+00 0.00000E+00
 0.00000E+00 0.00000E+00 0.00000E+00 0.00000E+00 0.00000E+00 0.00000E+00 0.00000E+00 0.00000E+00
 0.00000E+00 0.00000E+00 0.00000E+00 0.00000E+00 0.00000E+00 0.00000E+00 0.00000E+00 0.00000E+00
 0.00000E+00 0.00000E+00 0.00000E+00 0.00000E+00 0.00000E+00 0.00000E+00 0.00000E+00 0.00000E+00
 0.00000E+00 0.00000E+00 0.00000E+00 0.00000E+00 0.00000E+00 0.00000E+00 0.00000E+00 0.00000E+00
 0.00000E+00 0.00000E+00 0.00000E+00 0.00000E+00 0.00000E+00 0.00000E+00 0.00000E+00 0.00000E+00
 0.00000E+00 0.00000E+00 0.00000E+00 0.00000E+00 0.00000E+00 0.00000E+00 0.00000E+00 0.00000E+00
 0.00000E+00 0.00000E+00 0.00000E+00 0.00000E+00 0.00000E+00 0.00000E+00 0.00000E+00 0.00000E+00
 0.00000E+00 0.00000E+00 0.00000E+00 0.00000E+00 0.00000E+00 0.00000E+00 0.00000E+00 0.00000E+00
 0.00000E+00 0.00000E+00 0.00000E+00 0.00000E+00 0.00000E+00 0.00000E+00 0.00000E+00 0.00000E+00
 0.00000E+00 0.00000E+00 0.00000E+00 0.00000E+00 0.00000E+00 0.00000E+00 0.00000E+00 0.00000E+00
 0.00000E+00 0.00000E+00 0.00000E+00 0.00000E+00 0.00000E+00 0.00000E+00 0.00000E+00 0.00000E+00
 0.00000E+00 0.00000E+00 0.00000E+00 0.00000E+00 0.00000E+00 0.00000E+00 0.00000E+00 0.00000E+00
 0.00000E+00 0.00000E+00 0.00000E+00 0.00000E+00 0.00000E+00 0.00000E+00 0.00000E+00 0.00000E+00
 0.00000E+00 0.00000E+00 0.00000E+00 0.00000E+00 0.00000E+00 0.00000E+00 0.00000E+00 0.00000E+00
 0.00000E+00 0.00000E+00 0.00000E+00 0.00000E+00 0.00000E+00 0.00000E+00 0.00000E+00 0.00000E+00
 0.00000E+00 0.00000E+00 0.00000E+00 0.00000E+00 0.00000E+00 0.00000E+00 0.00000E+00 0.00000E+00
 0.00000E+00 0.00000E+00 0.00000E+00 0.00000E+00 0.00000E+00 0.00000E+00 0.00000E+00 0.00000E+00
 0.00000E+00 0.00000E+00 0.00000E+00 0.00000E+00 0.00000E+00 0.00000E+00 0.00000E+00 0.00000E+00
 0.00000E+00 0.00000E+00 0.00000E+00 0.00000E+00 0.00000E+00 0.00000E+00 0.00000E+00 0.00000E+00
 0.00000E+00 0.00000E+00 0.00000E+00 0.00000E+00 0.00000E+00 0.00000E+00 0.00000E+00 0.00000E+00
 0.00000E+00 0.00000E+00 0.00000E+00 0.00000E+00 0.00000E+00 0.00000E+00 0.00000E+00 0.00000E+00
 0.00000E+00 0.00000E+00 0.00000E+00 0.00000E+00 0.00000E+00 0.00000E+00 0.00000E+00 0.00000E+00
 0.00000E+00 0.00000E+00 0.00000E+00 0.00000E+00
