 2.02567E-10 6.70716E-17 1.12846E-02 8.95133E-14 1.47661E-11 1.47438E-09 1.97644E-08 1.15336E-20
 5.50000E-07 1.60000E-06 9.00000E-08 1.08128E-09 8.38132E-12 3.00000E-07 4.71648E-12 1.20750E-11
 4.69891E-14 1.29134E-10 3.61730E-13 8.33604E-15 7.42665E-17 2.01406E-22 5.00000E-10 2.95438E-13
 1.16921E-17 1.93346E-14 9.32039E-12 6.53124E-13 1.45276E-12 3.84602E-18 5.08068E-20 2.34500E-11
 2.51042E-12 5.62824E-14 2.07680E-10 9.38850E-17 7.25575E-03 1.08037E-13 1.46912E-11 1.46955E-09
 2.37188E-08 1.26269E-20 5.50479E-07 1.59310E-06 7.86099E-08 1.03320E-09 8.02156E-12 2.99952E-07
 6.01414E-12 1.40692E-11 6.43606E-14 1.96908E-10 9.24212E-13 1.00918E-14 1.63574E-16 6.01175E-22
 4.86154E-10 3.48897E-13 1.71914E-17 2.48314E-14 1.33649E-11 8.79204E-13 1.48648E-12 4.37333E-18
 7.75083E-20 3.92718E-11 4.88205E-12 6.67314E-14 2.02605E-10 1.35331E-16 4.50994E-03 1.29278E-13
 1.43261E-11 1.38043E-09 2.93097E-08 1.37926E-20 5.51020E-07 1.58721E-06 6.90896E-08 9.06640E-10
 7.34294E-12 2.99898E-07 7.70344E-12 1.66459E-11 8.74745E-14 2.83944E-10 2.44314E-12 1.27943E-14
 3.96327E-16 1.92971E-21 4.74152E-10 4.05934E-13 2.42822E-17 3.25673E-14 1.78805E-11 1.15397E-12
 1.54190E-12 4.89076E-18 1.16619E-19 5.22474E-11 7.45260E-12 7.57722E-14 1.87826E-10 1.94167E-16
 2.59157E-03 1.48368E-13 1.33754E-11 1.19558E-09 3.60898E-08 1.45783E-20 5.51559E-07 1.58230E-06
 6.11760E-08 7.22441E-10 6.22844E-12 2.99839E-07 1.00165E-11 1.96647E-11 1.15366E-13 3.72468E-10
 6.37541E-12 1.56297E-14 9.98726E-16 6.08397E-21 4.63992E-10 4.48560E-13 3.28045E-17 4.16652E-14
 2.19369E-11 1.47897E-12 1.64037E-12 5.34673E-18 1.73650E-19 6.38111E-11 9.92185E-12 8.67492E-14
 1.72933E-10 2.82780E-16 1.73548E-03 1.79053E-13 1.28648E-11 9.83722E-10 4.35026E-08 1.66407E-20
 5.52047E-07 1.57825E-06 5.45718E-08 5.50726E-10 5.54467E-12 2.99773E-07 1.28266E-11 2.32902E-11
 1.53431E-13 4.53848E-10 1.29135E-11 1.90901E-14 2.15604E-15 1.56524E-20 4.55523E-10 4.99373E-13
 4.40976E-17 5.37908E-14 2.53445E-11 1.83136E-12 1.76516E-12 6.23375E-18 2.60600E-19 7.49289E-11
 1.24555E-11 9.95176E-14 1.50766E-10 3.95427E-16 1.04319E-03 2.01804E-13 1.15671E-11 7.56981E-10
 5.11969E-08 1.77644E-20 5.52480E-07 1.57506E-06 4.91813E-08 3.89326E-10 4.47983E-12 2.99700E-07
 1.63299E-11 2.62760E-11 1.90994E-13 5.16023E-10 2.70443E-11 2.10487E-14 4.45962E-15 4.06167E-20
 4.48830E-10 4.98904E-13 5.60024E-17 6.47285E-14 2.80421E-11 2.07875E-12 1.99625E-12 7.21472E-18
 3.98657E-19 8.69901E-11 1.45682E-11 1.17695E-13 1.20272E-10 5.29761E-16 5.55414E-04 2.05391E-13
 9.56666E-12 5.41644E-10 5.87170E-08 1.71882E-20 5.52841E-07 1.57269E-06 4.49012E-08 2.55391E-10
 3.30087E-12 2.99618E-07 1.93776E-11 2.63484E-11 2.02037E-13 5.51380E-10 5.01756E-11 2.04773E-14
 8.15631E-15 1.14450E-19 4.43848E-10 4.49283E-13 6.60739E-17 7.46903E-14 3.01290E-11 2.09989E-12
 2.39706E-12 8.13761E-18 6.09105E-19 1.00564E-10 1.57212E-11 1.44881E-13 9.10800E-11 6.96362E-16
 2.85697E-04 1.99613E-13 7.50620E-12 3.61865E-10 6.59003E-08 1.61147E-20 5.53118E-07 1.57093E-06
 4.15540E-08 1.55962E-10 2.29109E-12 2.99526E-07 2.28043E-11 2.55211E-11 2.01729E-13 5.68451E-10
 7.09376E-11 1.86730E-14 1.39261E-14 2.98965E-19 4.40265E-10 3.63519E-13 7.48588E-17 8.13216E-14
 3.17864E-11 1.94500E-12 2.92699E-12 9.03262E-18 9.12060E-19 1.13951E-10 1.58851E-11 1.78849E-13
 6.78949E-11 9.03912E-16 1.41558E-04 1.97421E-13 5.51596E-12 2.24059E-10 7.27527E-08 1.55766E-20
 5.53311E-07 1.56960E-06 3.89728E-08 8.60138E-11 1.43857E-12 2.99424E-07 3.01915E-11 2.71174E-11
 2.29487E-13 5.79237E-10 7.78349E-11 1.67711E-14 2.68410E-14 6.32154E-19 4.37747E-10 2.45132E-13
 8.55374E-17 7.81110E-14 3.31630E-11 1.72153E-12 3.41525E-12 9.84939E-18 1.34033E-18 1.23060E-10
 1.52197E-11 2.08456E-13 4.39043E-11 1.06094E-15 3.84587E-05 1.82210E-13 3.02522E-12 1.24913E-10
 7.94790E-08 1.34625E-20 5.53431E-07 1.56854E-06 3.69803E-08 4.00815E-11 5.86667E-13 2.99303E-07
 4.85564E-11 3.07806E-11 3.13063E-13 5.86938E-10 6.65050E-11 1.39563E-14 7.65935E-14 1.83993E-18
 4.35978E-10 1.11825E-13 1.01170E-16 5.99309E-14 3.44357E-11 1.44092E-12 3.53009E-12 9.03778E-18
 2.00529E-18 1.21931E-10 1.33275E-11 2.09281E-13 2.14826E-11 1.16712E-15 5.42353E-06 1.44323E-13
 1.21431E-12 5.89493E-11 8.80521E-08 9.61707E-21 5.53499E-07 1.56727E-06 3.51195E-08 1.52433E-11
 1.55084E-13 2.99115E-07 8.06309E-11 3.24108E-11 3.97962E-13 5.92546E-10 4.27659E-11 1.03580E-14
 1.56551E-13 4.98356E-18 4.34292E-10 3.48792E-14 1.14337E-16 3.96708E-14 3.60326E-11 1.07042E-12
 1.78382E-12 3.48934E-18 1.73755E-18 9.26003E-11 9.16027E-12 1.14281E-13 1.29523E-11 1.91833E-15
 3.77881E-06 1.10275E-13 6.73536E-13 2.07977E-11 1.04329E-07 7.92488E-21 5.53506E-07 1.56476E-06
 3.28912E-08 4.55788E-12 8.48149E-14 2.98689E-07 1.08783E-10 4.21198E-11 3.17511E-13 6.26163E-10
 2.83626E-11 6.86169E-15 1.48088E-13 2.10757E-18 4.31585E-10 1.14899E-14 9.44001E-17 2.91261E-14
 3.90919E-11 7.50761E-13 8.20109E-13 1.07962E-18 6.15552E-19 6.72163E-11 4.56047E-12 5.45783E-14
 8.56900E-12 3.56304E-15 3.78992E-06 8.62843E-14 4.00380E-13 4.95940E-12 1.39751E-07 6.56569E-21
 5.53344E-07 1.55921E-06 2.99549E-08 1.00521E-12 4.99937E-14 2.97664E-07 1.43886E-10 6.19394E-11
 2.52884E-13 7.14076E-10 2.13992E-11 5.52645E-15 1.52960E-13 1.23997E-18 4.26512E-10 4.90740E-15
 8.11307E-17 2.54105E-14 4.42318E-11 6.91746E-13 3.18142E-13 2.60248E-19 1.87688E-19 4.44932E-11
 1.84228E-12 2.17472E-14 6.75646E-12 7.47093E-15 3.81271E-06 7.90752E-14 3.02836E-13 1.01258E-12
 2.11416E-07 6.19177E-21 5.52783E-07 1.54790E-06 2.62721E-08 2.26357E-13 3.61936E-14 2.95472E-07
 1.84584E-10 1.01052E-10 2.27851E-13 9.22322E-10 2.14332E-11 6.70300E-15 2.57924E-13 1.53355E-18
 4.17391E-10 3.93868E-15 8.76358E-17 3.22107E-14 5.29937E-11 1.03996E-12 9.92739E-14 5.25530E-20
 5.48894E-20 2.60714E-11 7.50653E-13 6.72384E-15 6.17204E-12 1.63514E-14 3.85182E-06 8.30450E-14
 2.91020E-13 3.92035E-13 3.33933E-07 6.54600E-21 5.51537E-07 1.52863E-06 2.23075E-08 1.03670E-13
 3.12876E-14 2.91604E-07 2.29483E-10 1.67764E-10 2.27048E-13 1.30853E-09 2.71463E-11 1.09210E-14
 5.93938E-13 3.19543E-18 4.03275E-10 5.27593E-15 1.14676E-16 5.31280E-14 6.60368E-11 2.08139E-12
 2.53266E-14 9.37421E-21 1.68755E-20 1.36454E-11 3.23916E-13 1.58062E-15 6.18245E-12 3.47418E-14
 3.90844E-06 9.51576E-14 3.31203E-13 3.67991E-13 5.12043E-07 7.52543E-21 5.49397E-07 1.50087E-06
 1.86888E-08 9.17672E-14 3.04275E-14 2.85881E-07 2.78258E-10 2.64372E-10 2.39731E-13 1.88737E-09
 3.81894E-11 1.93349E-14 1.41222E-12 8.07193E-18 3.84542E-10 9.26994E-15 1.66321E-16 9.67561E-14
 8.24261E-11 4.36399E-12 5.57811E-15 1.59309E-21 7.60347E-21 6.62410E-12 1.43827E-13 2.97345E-16
 7.76826E-12 7.69642E-14 3.98369E-06 1.24007E-13 5.31762E-13 6.63536E-13 7.51413E-07 1.06102E-20
 5.46155E-07 1.46418E-06 1.56988E-08 1.51699E-13 4.36803E-14 2.78137E-07 3.02198E-10 3.94955E-10
 2.40592E-13 2.68402E-09 6.36460E-11 4.08952E-14 3.62812E-12 1.95684E-17 3.61487E-10 2.41095E-14
 2.45465E-16 2.00816E-13 1.00723E-10 8.98493E-12 1.04654E-15 2.66653E-22 5.12030E-21 3.02701E-12
 6.45488E-14 4.56934E-17 8.33934E-12 1.48319E-13 4.07513E-06 1.53081E-13 6.93814E-13 9.63907E-13
 1.05052E-06 1.36219E-20 5.41701E-07 1.41984E-06 1.34377E-08 1.83873E-13 4.67951E-14 2.68552E-07
 3.56522E-10 5.54804E-10 2.65141E-13 3.62697E-09 8.89559E-11 6.72293E-14 7.07426E-12 4.73904E-17
 3.35656E-10 4.73632E-14 3.67677E-16 3.55621E-13 1.18978E-10 1.63604E-11 1.79883E-16 4.10598E-23
 5.24529E-21 1.34062E-12 2.83054E-14 6.18619E-18 1.01215E-11 2.89870E-13 4.18004E-06 2.03513E-13
 1.08509E-12 1.78618E-12 1.40762E-06 2.03401E-20 5.36027E-07 1.36923E-06 1.18552E-08 2.94774E-13
 6.32468E-14 2.57372E-07 3.90770E-10 7.39888E-10 2.78655E-13 4.70613E-09 1.29749E-10 1.17312E-13
 1.34320E-11 9.90177E-17 3.08149E-10 1.09607E-13 5.36465E-16 6.53046E-13 1.34942E-10 2.75172E-11
 2.83463E-17 6.42979E-24 4.82898E-21 5.85405E-13 1.26221E-14 7.72146E-19 1.12142E-11 5.16424E-13
 4.29454E-06 2.64229E-13 1.48401E-12 2.78896E-12 1.82329E-06 2.90164E-20 5.29195E-07 1.31430E-06
 1.07644E-08 3.81770E-13 7.18913E-14 2.44970E-07 4.50598E-10 9.43723E-10 3.14390E-13 5.84598E-09
 1.66404E-10 1.69980E-13 2.07005E-11 2.09186E-16 2.80329E-10 2.10366E-13 7.86131E-16 1.07745E-12
 1.47362E-10 4.23625E-11 4.23503E-18 9.75055E-25 4.74837E-21 2.54285E-13 5.72414E-15 9.23224E-20
 1.26079E-11 8.93634E-13 4.41359E-06 3.52213E-13 2.06762E-12 4.50183E-12 2.29112E-06 4.34486E-20
 5.21441E-07 1.25751E-06 1.00483E-08 5.10039E-13 8.40538E-14 2.31891E-07 5.14752E-10 1.15718E-09
 3.59737E-13 6.99497E-09 2.04837E-10 2.33236E-13 2.88574E-11 4.14126E-16 2.53411E-10 3.99274E-13
 1.14100E-15 1.72661E-12 1.55022E-10 6.07483E-11 6.10342E-19 1.51245E-25 4.51647E-21 1.11638E-13
 2.73401E-15 1.09627E-20 1.47874E-11 1.54383E-12 4.53555E-06 4.87678E-13 3.07193E-12 7.97988E-12
 2.81467E-06 7.00224E-20 5.12839E-07 1.19965E-06 9.59608E-09 7.56257E-13 1.07042E-13 2.18334E-07
 5.72016E-10 1.37950E-09 4.08145E-13 8.12711E-09 2.50582E-10 3.20253E-13 3.84617E-11 7.57422E-16
 2.27674E-10 7.91302E-13 1.62760E-15 2.76109E-12 1.57582E-10 8.24617E-11 8.35866E-20 2.36601E-26
 4.00945E-21 4.95360E-14 1.51560E-15 1.27654E-21 1.74771E-11 2.62754E-12 4.65930E-06 6.89177E-13
 4.61590E-12 1.43842E-11 3.40078E-06 1.16958E-19 5.03430E-07 1.14126E-06 9.30655E-09 1.13554E-12
 1.38352E-13 2.04439E-07 6.34409E-10 1.61715E-09 4.70504E-13 9.20848E-09 2.98484E-10 4.26996E-13
 4.85102E-11 1.30641E-15 2.03297E-10 1.54165E-12 2.29329E-15 4.29720E-12 1.55347E-10 1.06744E-10
 1.07299E-20 3.61120E-27 3.45070E-21 2.21328E-14 1.22145E-15 1.43334E-22 2.07138E-11 4.41617E-12
 4.78378E-06 9.90636E-13 6.95501E-12 2.58175E-11 4.05355E-06 2.01449E-19 4.93263E-07 1.08288E-06
 9.10949E-09 1.68665E-12 1.79371E-13 1.90353E-07 7.07635E-10 1.88162E-09 5.54155E-13 1.02040E-08
 3.46261E-10 5.54886E-13 5.85645E-11 2.10865E-15 1.80439E-10 2.91271E-12 3.19194E-15 6.47144E-12
 1.49058E-10 1.32297E-10 1.27513E-21 5.27931E-28 2.89605E-21 9.93639E-15 1.74986E-15 1.52931E-23
 2.45117E-11 7.34498E-12 4.90877E-06 1.44327E-12 1.04300E-11 4.53878E-11 4.77564E-06 3.57404E-19
 4.82331E-07 1.02462E-06 8.95697E-09 2.43512E-12 2.30925E-13 1.76140E-07 7.99302E-10 2.19033E-09
 6.69501E-13 1.10805E-08 3.91487E-10 7.05570E-13 6.83462E-11 3.16405E-15 1.59094E-10 5.27668E-12
 4.39630E-15 9.39278E-12 1.39841E-10 1.57518E-10 1.37949E-22 7.23285E-29 2.37369E-21 4.46518E-15
 3.47490E-15 1.52011E-24 2.88649E-11 1.21056E-11 5.03444E-06 2.12547E-12 1.54807E-11 7.71400E-11
 5.56361E-06 6.55616E-19 4.70592E-07 9.66408E-07 8.81805E-09 3.37490E-12 2.93259E-13 1.61833E-07
 9.18913E-10 2.56422E-09 8.31738E-13 1.18041E-08 4.31257E-10 8.80772E-13 7.75429E-11 4.40001E-15
 1.39199E-10 9.10081E-12 6.01471E-15 1.31250E-11 1.29021E-10 1.80614E-10 1.33341E-23 9.10211E-30
 1.89959E-21 2.00328E-15 5.93527E-15 1.38052E-25 3.37095E-11 1.97750E-11 5.16128E-06 3.15681E-12
 2.26277E-11 1.25362E-10 6.40455E-06 1.25176E-18 4.57974E-07 9.08044E-07 8.67277E-09 4.44922E-12
 3.65631E-13 1.47442E-07 1.07843E-09 3.02416E-09 1.06351E-12 1.23412E-08 4.61718E-10 1.08052E-12
 8.55063E-11 5.69289E-15 1.20660E-10 1.48956E-11 8.22285E-15 1.76938E-11 1.17923E-10 1.99818E-10
 1.12789E-24 1.04774E-30 1.48774E-21 8.98475E-16 7.03823E-15 1.14048E-26 3.88980E-11 3.19736E-11
 5.28867E-06 4.71615E-12 3.24051E-11 1.92621E-10 7.26523E-06 2.50455E-18 4.44519E-07 8.49818E-07
 8.50959E-09 5.54371E-12 4.46559E-13 1.33127E-07 1.29223E-09 3.58291E-09 1.39624E-12 1.26546E-08
 4.77553E-10 1.29974E-12 9.09099E-11 6.91746E-15 1.03556E-10 2.31254E-11 1.13220E-14 2.31316E-11
 1.07824E-10 2.13276E-10 8.25799E-26 1.29964E-31 1.16667E-21 4.12449E-16 7.52220E-15 1.00754E-27
 4.41542E-11 5.10902E-11 5.41633E-06 7.06611E-12 4.52433E-11 2.77315E-10 8.10143E-06 5.26777E-18
 4.30256E-07 7.91859E-07 8.32090E-09 6.50496E-12 5.33572E-13 1.19025E-07 1.57707E-09 4.23958E-09
 1.87295E-12 1.27208E-08 4.73760E-10 1.52657E-12 9.21253E-11 8.02372E-15 8.79026E-11 3.41454E-11
 1.58212E-14 2.95499E-11 9.96297E-11 2.19601E-10 5.18038E-27 4.01421E-32 9.73782E-22 2.06150E-16
 7.72629E-15 2.19421E-28 4.91164E-11 8.06975E-11 5.54523E-06 1.05867E-11 6.13981E-11 3.72431E-10
 8.86647E-06 1.16307E-17 4.15086E-07 7.33713E-07 8.10099E-09 7.19235E-12 6.24243E-13 1.05154E-07
 1.95125E-09 4.97804E-09 2.54772E-12 1.25334E-08 4.48194E-10 1.74602E-12 8.81014E-11 9.02625E-15
 7.35650E-11 4.81879E-11 2.25557E-14 3.72006E-11 9.37861E-11 2.17996E-10 2.74645E-28 4.11022E-32
 9.62913E-22 1.25164E-16 7.80492E-15 1.57673E-28 5.33952E-11 1.25904E-10 5.67413E-06 1.58121E-11
 8.06993E-11 4.64135E-10 9.50071E-06 2.67333E-17 3.99192E-07 6.75921E-07 7.85179E-09 7.50315E-12
 7.16125E-13 9.17816E-08 2.43481E-09 5.75351E-09 3.48566E-12 1.20910E-08 4.01537E-10 1.93462E-12
 7.85932E-11 9.96384E-15 6.06545E-11 6.51372E-11 3.29149E-14 4.64309E-11 9.05626E-11 2.07848E-10
 1.39627E-29 6.69847E-32 1.23682E-21 1.01390E-16 7.82618E-15 1.78914E-28 5.66545E-11 1.94002E-10
 5.80109E-06 2.34682E-11 1.02424E-10 5.35080E-10 9.94933E-06 6.31578E-17 3.82893E-07 6.19291E-07
 7.58365E-09 7.40382E-12 8.06807E-13 7.92236E-08 3.04893E-09 6.49849E-09 4.75816E-12 1.14059E-08
 3.38905E-10 2.06772E-12 6.48984E-11 1.08456E-14 4.92895E-11 8.42759E-11 4.91459E-14 5.76032E-11
 9.00114E-11 1.89343E-10 3.42995E-30 1.34346E-31 1.95763E-21 1.04115E-16 7.82082E-15 2.47139E-28
 5.85934E-11 2.94975E-10 5.92598E-06 3.45050E-11 1.25063E-10 5.69523E-10 1.01599E-05 1.51099E-16
 3.66333E-07 5.63806E-07 7.31582E-09 6.90961E-12 8.90637E-13 6.75832E-08 3.82238E-09 7.13807E-09
 6.44554E-12 1.04963E-08 2.68491E-10 2.12300E-12 4.94433E-11 1.16159E-14 3.93765E-11 1.03879E-10
 7.50004E-14 7.09666E-11 9.22523E-11 1.63927E-10 5.15326E-30 2.89113E-31 3.38528E-21 1.20304E-16
 7.80183E-15 3.61876E-28 6.06716E-11 4.51846E-10 6.04802E-06 4.99484E-11 1.49328E-10 5.67410E-10
 1.00219E-05 3.70868E-16 3.49784E-07 5.09713E-07 7.10177E-09 6.36072E-12 1.00429E-12 5.69885E-08
 4.75506E-09 7.69381E-09 8.31169E-12 9.30963E-09 2.01626E-10 2.15827E-12 3.55228E-11 1.12738E-14
 3.08517E-11 1.21391E-10 1.16468E-13 8.72968E-11 9.83857E-11 1.32342E-10 9.01428E-30 6.35583E-31
 5.66411E-21 1.45926E-16 7.77323E-15 5.27168E-28 6.16591E-11 6.84680E-10 6.16536E-06 7.09254E-11
 1.71676E-10 5.27397E-10 9.63547E-06 8.98968E-16 3.33715E-07 4.57671E-07 6.91085E-09 5.63561E-12
 1.11786E-12 4.75659E-08 5.86280E-09 8.00792E-09 1.03968E-11 7.97314E-09 1.42473E-10 2.10638E-12
 2.36402E-11 1.03761E-14 2.37017E-11 1.33606E-10 1.81650E-13 1.05685E-10 1.06950E-10 1.00171E-10
 1.49680E-29 1.33952E-30 9.17190E-21 1.78742E-16 7.73727E-15 7.27408E-28 6.15021E-11 1.02933E-09
 6.27571E-06 9.88826E-11 1.91629E-10 4.66995E-10 9.10853E-06 2.14244E-15 3.18716E-07 4.08497E-07
 6.72307E-09 4.87247E-12 1.23170E-12 3.93938E-08 7.11292E-09 8.00129E-09 1.26068E-11 6.59843E-09
 9.53926E-11 1.97591E-12 1.46258E-11 9.12073E-15 1.78791E-11 1.39461E-10 2.80029E-13 1.25165E-10
 1.16366E-10 7.10593E-11 2.34156E-29 2.67341E-30 1.43150E-20 2.17858E-16 7.69486E-15 9.42009E-28
 6.05653E-11 1.54576E-09 6.37660E-06 1.35774E-10 2.09831E-10 4.01957E-10 8.49983E-06 5.05033E-15
 3.05451E-07 3.63082E-07 6.53838E-09 4.18446E-12 1.35639E-12 3.24960E-08 8.45900E-09 7.65459E-09
 1.48074E-11 5.27303E-09 6.08773E-11 1.79160E-12 8.45276E-12 7.61661E-15 1.32914E-11 1.38885E-10
 4.24088E-13 1.44598E-10 1.25830E-10 4.71041E-11 3.49654E-29 5.08379E-30 2.15100E-20 2.63197E-16
 7.64611E-15 1.14917E-27 5.90778E-11 2.32923E-09 6.46708E-06 1.84103E-10 2.27051E-10 3.41165E-10
 7.83272E-06 1.18363E-14 2.94420E-07 3.21622E-07 6.36055E-09 3.60563E-12 1.49958E-12 2.67468E-08
 9.85315E-09 6.98779E-09 1.68789E-11 4.05661E-09 3.70988E-11 1.57184E-12 4.55248E-12 6.02445E-15
 9.75071E-12 1.32456E-10 6.32593E-13 1.62697E-10 1.35455E-10 2.90684E-11 5.07362E-29 9.33377E-30
 3.13137E-20 3.16089E-16 7.58968E-15 1.33337E-27 5.71480E-11 3.52531E-09 6.54651E-06 2.46042E-10
 2.44166E-10 2.89375E-10 7.12473E-06 2.75251E-14 2.86137E-07 2.84160E-07 6.19824E-09 3.14089E-12
 1.66421E-12 2.19907E-08 1.12318E-08 6.06524E-09 1.86200E-11 2.98362E-09 2.16519E-11 1.33164E-12
 2.27013E-12 4.49714E-15 7.06841E-12 1.21197E-10 9.32870E-13 1.77959E-10 1.46207E-10 1.66243E-11
 7.30427E-29 1.67946E-29 4.45958E-20 3.79840E-16 7.52226E-15 1.49320E-27 5.48551E-11 5.33591E-09
 6.61373E-06 3.21433E-10 2.62209E-10 2.49031E-10 6.40776E-06 6.26666E-14 2.81223E-07 2.50972E-07
 6.06875E-09 2.79134E-12 1.84822E-12 1.81067E-08 1.24981E-08 4.99973E-09 1.96691E-11 2.08022E-09
 1.22138E-11 1.08672E-12 1.04420E-12 3.15276E-15 5.09030E-12 1.06503E-10 1.35772E-12 1.88603E-10
 1.59574E-10 8.79303E-12 1.06384E-28 2.99367E-29 6.27413E-20 4.59781E-16 7.43855E-15 1.64368E-27
 5.22255E-11 8.00151E-09 6.66836E-06 4.06203E-10 2.81958E-10 2.19892E-10 5.71339E-06 1.36842E-13
 2.80251E-07 2.21943E-07 5.99176E-09 2.54904E-12 2.04484E-12 1.49437E-08 1.35313E-08 3.92833E-09
 1.96166E-11 1.36549E-09 6.74531E-12 8.53084E-13 4.43856E-13 2.06060E-15 3.65784E-12 8.99275E-11
 1.93744E-12 1.92946E-10 1.77071E-10 4.31360E-12 1.58791E-28 5.31271E-29 8.78607E-20 5.63715E-16
 7.33071E-15 1.81215E-27 4.92782E-11 1.17569E-08 6.71029E-06 4.93466E-10 3.03363E-10 1.99537E-10
 5.06209E-06 2.81532E-13 2.83802E-07 1.96830E-07 5.98540E-09 2.39440E-12 2.24592E-12 1.23663E-08
 1.42374E-08 2.96813E-09 1.83322E-11 8.44708E-10 3.69036E-12 6.44859E-13 1.76121E-13 1.24979E-15
 2.63423E-12 7.29872E-11 2.68857E-12 1.89961E-10 1.99533E-10 1.98217E-12 2.42150E-28 9.34137E-29
 1.22765E-19 7.00094E-16 7.19029E-15 2.02045E-27 4.60673E-11 1.67787E-08 6.73929E-06 5.76642E-10
 3.25522E-10 1.84891E-10 4.46567E-06 5.40849E-13 2.92356E-07 1.75526E-07 6.06500E-09 2.30086E-12
 2.44312E-12 1.02826E-08 1.45997E-08 2.18358E-09 1.61269E-11 4.98209E-10 2.01893E-12 4.71480E-13
 6.64772E-14 7.07465E-16 1.91525E-12 5.70510E-11 3.60157E-12 1.79764E-10 2.26521E-10 8.67781E-13
 3.69859E-28 1.60342E-28 1.70680E-19 8.74207E-16 7.01204E-15 2.27000E-27 4.27657E-11 2.31977E-08
 6.75568E-06 6.51312E-10 3.47208E-10 1.73118E-10 3.92370E-06 9.72508E-13 3.06161E-07 1.57784E-07
 6.24570E-09 2.24693E-12 2.63790E-12 8.61171E-09 1.46708E-08 1.58478E-09 1.34758E-11 2.84282E-10
 1.10981E-12 3.35838E-13 2.43471E-14 3.72514E-16 1.41628E-12 4.29780E-11 4.63849E-12 1.63627E-10
 2.56629E-10 3.67239E-13 5.52375E-28 2.64491E-28 2.33810E-19 1.08662E-15 6.79542E-15 2.54165E-27
 3.94098E-11 3.10942E-08 6.76035E-06 7.15818E-10 3.67472E-10 1.62553E-10 3.43808E-06 1.64840E-12
 3.25508E-07 1.43015E-07 6.54002E-09 2.21250E-12 2.82693E-12 7.26092E-09 1.45218E-08 1.14578E-09
 1.08271E-11 1.58991E-10 6.14702E-13 2.34678E-13 8.79486E-15 1.83930E-16 1.06713E-12 3.13282E-11
 5.73314E-12 1.43681E-10 2.87631E-10 1.52248E-13 7.92502E-28 4.14979E-28 3.14300E-19 1.33566E-15
 6.54210E-15 2.81391E-27 3.60512E-11 4.05532E-08 6.75402E-06 7.70534E-10 3.85887E-10 1.52396E-10
 3.00813E-06 2.66007E-12 3.50744E-07 1.30668E-07 6.96489E-09 2.18553E-12 3.01013E-12 6.15673E-09
 1.42185E-08 8.30354E-10 8.45367E-12 8.80084E-11 3.43383E-13 1.61867E-13 3.16962E-15 8.58778E-17
 8.19360E-13 2.22045E-11 6.80993E-12 1.22237E-10 3.17400E-10 6.24073E-14 1.08125E-27 6.16344E-28
 4.13463E-19 1.61661E-15 6.25678E-15 3.06795E-27 3.27962E-11 5.17175E-08 6.73743E-06 8.17019E-10
 4.02509E-10 1.42421E-10 2.63053E-06 4.13065E-12 3.81827E-07 1.20427E-07 7.53652E-09 2.16235E-12
 3.19503E-12 5.25640E-09 1.38191E-08 6.05610E-10 6.46955E-12 4.86691E-11 1.93540E-13 1.10799E-13
 1.14962E-15 3.81516E-17 6.43087E-13 1.53818E-11 7.80801E-12 1.01276E-10 3.44341E-10 2.54558E-14
 1.39467E-27 8.64654E-28 5.30008E-19 1.91821E-15 5.95077E-15 3.28629E-27 2.96559E-11 6.47516E-08
 6.71120E-06 8.57861E-10 4.17889E-10 1.33114E-10 2.30495E-06 6.22416E-12 4.18920E-07 1.11895E-07
 8.27359E-09 2.13743E-12 3.37947E-12 4.51594E-09 1.33576E-08 4.45099E-10 4.89751E-12 2.71095E-11
 1.10296E-13 7.55714E-14 4.22345E-16 1.65430E-17 5.15955E-13 1.05213E-11 8.69469E-12 8.23370E-11
 3.67342E-10 1.04309E-14 1.70511E-27 1.14964E-27 6.64631E-19 2.23063E-15 5.63388E-15 3.47954E-27
 2.64444E-11 7.90072E-08 6.67574E-06 8.98999E-10 4.33658E-10 1.26828E-10 2.05797E-06 9.02529E-12
 4.62283E-07 1.04731E-07 9.20128E-09 2.08206E-12 3.45600E-12 3.90015E-09 1.28537E-08 3.29052E-10
 3.79555E-12 1.56119E-11 6.54722E-14 5.17130E-14 1.62270E-16 8.53375E-18 4.22877E-13 7.46330E-12
 9.45961E-12 6.72386E-11 3.84780E-10 4.56454E-15 2.00634E-27 1.45921E-27 8.54175E-19 2.54521E-15
 5.31474E-15 3.78217E-27 2.34802E-11 9.48304E-08 6.63184E-06 9.40829E-10 4.49993E-10 1.22318E-10
 1.85581E-06 1.27842E-11 5.11609E-07 9.87058E-08 1.03968E-08 2.01416E-12 3.47549E-12 3.38825E-09
 1.23277E-08 2.44632E-10 2.97533E-12 9.23818E-12 3.99281E-14 3.54823E-14 6.43697E-17 4.82287E-18
 3.54191E-13 5.40985E-12 1.01434E-11 5.50198E-11 3.98390E-10 2.08278E-15 2.29007E-27 1.78793E-27
 1.10435E-18 2.85452E-15 5.00079E-15 4.22474E-27 2.08862E-11 1.12826E-07 6.58022E-06 9.82326E-10
 4.66695E-10 1.18196E-10 1.67089E-06 1.79128E-11 5.66687E-07 9.35893E-08 1.19668E-08 1.94994E-12
 3.49973E-12 2.96086E-09 1.17913E-08 1.82896E-10 2.32101E-12 5.52589E-12 2.45284E-14 2.43225E-14
 2.57764E-17 2.67379E-18 3.02798E-13 3.90815E-12 1.07453E-11 4.46569E-11 4.09655E-10 9.55016E-16
 2.54458E-27 2.13238E-27 1.40408E-18 3.15462E-15 4.69597E-15 4.79791E-27 1.86179E-11 1.33192E-07
 6.52178E-06 1.02508E-09 4.84402E-10 1.14746E-10 1.50160E-06 2.48967E-11 6.26969E-07 8.92175E-08
 1.40104E-08 1.88779E-12 3.52799E-12 2.60414E-09 1.12546E-08 1.37579E-10 1.80607E-12 3.34166E-12
 1.51902E-14 1.66757E-14 1.04187E-17 1.46043E-18 2.64057E-13 2.82275E-12 1.12771E-11 3.60321E-11
 4.18825E-10 4.40608E-16 2.77076E-27 2.48908E-27 1.75859E-18 3.44040E-15 4.40543E-15 5.54768E-27
 1.65838E-11 1.54452E-07 6.45791E-06 1.07407E-09 5.04634E-10 1.13911E-10 1.36865E-06 3.38522E-11
 6.91398E-07 8.54788E-08 1.66080E-08 1.80856E-12 3.45443E-12 2.30834E-09 1.07278E-08 1.04191E-10
 1.44517E-12 2.09410E-12 9.76987E-15 1.15529E-14 4.41478E-18 9.30508E-19 2.34889E-13 2.13864E-12
 1.17859E-11 2.95791E-11 4.25436E-10 2.18106E-16 3.01011E-27 2.86682E-27 2.26954E-18 3.70582E-15
 4.13517E-15 6.78925E-27 1.48011E-11 1.76701E-07 6.38959E-06 1.13007E-09 5.27868E-10 1.15266E-10
 1.25764E-06 4.53799E-11 7.59295E-07 8.22408E-08 1.98843E-08 1.72084E-12 3.31328E-12 2.06278E-09
 1.02165E-08 7.94884E-11 1.17975E-12 1.35643E-12 6.46871E-15 8.08116E-15 1.94845E-18 6.43047E-19
 2.12735E-13 1.68153E-12 1.22987E-11 2.45884E-11 4.30348E-10 1.14012E-16 3.27477E-27 3.27701E-27
 2.99102E-18 3.94971E-15 3.88627E-15 8.72261E-27 1.32607E-11 2.00970E-07 6.31696E-06 1.19254E-09
 5.54458E-10 1.17715E-10 1.14955E-06 6.07828E-11 8.30755E-07 7.93622E-08 2.40233E-08 1.63740E-12
 3.17525E-12 1.85656E-09 9.72015E-09 6.11406E-11 9.63075E-13 8.93065E-13 4.32433E-15 5.67295E-15
 8.72253E-19 4.24280E-19 1.95552E-13 1.32863E-12 1.27958E-11 2.03660E-11 4.34398E-10 6.01174E-17
 3.55996E-27 3.73100E-27 3.91459E-18 4.17469E-15 3.65610E-15 1.14194E-26 1.19161E-11 2.27011E-07
 6.23988E-06 1.26342E-09 5.85428E-10 1.21383E-10 1.04382E-06 8.13620E-11 9.06071E-07 7.67333E-08
 2.92367E-08 1.55773E-12 3.03499E-12 1.68119E-09 9.23705E-09 4.75090E-11 7.86683E-13 5.95916E-13
 2.92425E-15 4.00275E-15 3.96015E-19 2.67195E-19 1.81946E-13 1.05457E-12 1.32603E-11 1.67872E-11
 4.37754E-10 3.19519E-17 3.88759E-27 4.25155E-27 5.09799E-18 4.38305E-15 3.44227E-15 1.51912E-26
 1.07355E-11 2.54614E-07 6.15913E-06 1.34544E-09 6.22115E-10 1.26607E-10 9.40938E-07 1.08960E-10
 9.84623E-07 7.43013E-08 3.56917E-08 1.48095E-12 2.88974E-12 1.53220E-09 8.77165E-09 3.74157E-11
 6.44055E-13 4.04428E-13 2.00981E-15 2.84748E-15 1.83466E-19 1.61394E-19 1.71100E-13 8.42213E-13
 1.36948E-11 1.37738E-11 4.40511E-10 1.71747E-17 4.28160E-27 4.86417E-27 6.61082E-18 4.57419E-15
 3.24532E-15 2.04762E-26 9.69328E-12 2.83552E-07 6.07560E-06 1.44158E-09 6.65978E-10 1.33749E-10
 8.41714E-07 1.46132E-10 1.06561E-06 7.20301E-08 4.35306E-08 1.40624E-12 2.73761E-12 1.40604E-09
 8.32863E-09 2.99759E-11 5.29296E-13 2.80556E-13 1.41090E-15 2.04970E-15 8.73834E-20 9.40728E-20
 1.62425E-13 6.77560E-13 1.41014E-11 1.12515E-11 4.42754E-10 9.37122E-18 4.76902E-27 5.60055E-27
 8.54002E-18 4.74747E-15 3.06583E-15 2.79058E-26 8.76094E-12 3.13595E-07 5.98885E-06 1.55486E-09
 7.18488E-10 1.43225E-10 7.47038E-07 1.96399E-10 1.14956E-06 6.98577E-08 5.30212E-08 1.33218E-12
 2.57713E-12 1.29786E-09 7.90497E-09 2.44981E-11 4.36715E-13 1.99260E-13 1.01445E-15 1.49707E-15
 4.29671E-20 5.31629E-20 1.55358E-13 5.48888E-13 1.44734E-11 9.14585E-12 4.44577E-10 5.19768E-18
 5.38421E-27 6.50283E-27 1.10003E-17 4.90519E-15 2.90133E-15 3.84076E-26 7.91728E-12 3.44638E-07
 5.89860E-06 1.68821E-09 7.81041E-10 1.55477E-10 6.57992E-07 2.64654E-10 1.23677E-06 6.77415E-08
 6.44470E-08 1.25747E-12 2.40812E-12 1.20433E-09 7.49951E-09 2.04702E-11 3.61720E-13 1.45150E-13
 7.48588E-16 1.11221E-15 2.19030E-20 2.92517E-20 1.49523E-13 4.47235E-13 1.48047E-11 7.39454E-12
 4.46057E-10 2.93328E-18 6.16337E-27 7.61859E-27 1.41353E-17 5.04875E-15 2.75025E-15 5.33116E-26
 7.15178E-12 3.76828E-07 5.80557E-06 1.84429E-09 8.54820E-10 1.70957E-10 5.75699E-07 3.57736E-10
 1.32658E-06 6.56702E-08 7.79865E-08 1.18119E-12 2.23203E-12 1.12373E-09 7.11564E-09 1.75139E-11
 3.00776E-13 1.08767E-13 5.67682E-16 8.42073E-16 1.16252E-20 1.57318E-20 1.44701E-13 3.65927E-13
 1.50932E-11 5.94565E-12 4.47256E-10 1.68564E-18 7.13878E-27 8.99638E-27 1.81200E-17 5.17782E-15
 2.61276E-15 7.44837E-26 6.46130E-12 4.10575E-07 5.70994E-06 2.02550E-09 9.40819E-10 1.90551E-10
 5.00992E-07 4.85272E-10 1.41887E-06 6.36241E-08 9.38847E-08 1.10142E-12 2.05067E-12 1.05410E-09
 6.75392E-09 1.53342E-11 2.50929E-13 8.40653E-14 4.42096E-16 6.49781E-16 6.42673E-21 8.29119E-21
 1.40691E-13 3.00020E-13 1.53355E-11 4.75313E-12 4.48228E-10 9.84886E-19 8.34754E-27 1.06889E-26
 2.31735E-17 5.29305E-15 2.48800E-15 1.04549E-25 5.84771E-12 4.47207E-07 5.61162E-06 2.23275E-09
 1.03891E-09 2.16535E-10 4.35174E-07 6.61283E-10 1.51371E-06 6.15839E-08 1.12429E-07 1.01310E-12
 1.85750E-12 9.93710E-10 6.41400E-09 1.36868E-11 2.10291E-13 6.78862E-14 3.56057E-16 5.09904E-16
 3.74261E-21 4.30647E-21 1.37332E-13 2.47894E-13 1.55306E-11 3.78007E-12 4.49011E-10 5.89169E-19
 9.85686E-27 1.27225E-26 2.95926E-17 5.39521E-15 2.37487E-15 1.47173E-25 5.35031E-12 4.60944E-07
 5.51266E-06 2.47596E-09 1.14129E-09 2.55165E-10 4.15760E-07 8.19320E-10 1.60922E-06 5.95758E-08
 1.33477E-07 9.13305E-13 1.44992E-12 9.42215E-10 6.10143E-09 1.29952E-11 2.02460E-13 6.07985E-14
 3.33260E-16 4.54467E-16 2.87414E-21 3.13065E-21 1.34556E-13 2.44364E-13 1.54026E-11 3.24217E-12
 4.49633E-10 4.75119E-19 1.20168E-26 1.54424E-26 4.86943E-17 5.47191E-15 2.27449E-15 2.65596E-25
 5.58571E-12 5.09979E-07 5.41165E-06 2.76857E-09 1.28251E-09 2.90417E-10 3.45049E-07 1.17654E-09
 1.70666E-06 5.75582E-08 1.57742E-07 8.34208E-13 1.34097E-12 8.97850E-10 5.82657E-09 1.19709E-11
 1.63697E-13 5.01541E-14 2.69057E-16 3.55919E-16 1.68725E-21 1.37539E-21 1.32179E-13 1.89094E-13
 1.55673E-11 2.45731E-12 4.50259E-10 2.66120E-19 1.43843E-26 1.86865E-26 5.71860E-17 5.54946E-15
 2.18377E-15 3.50283E-25 6.90882E-12 5.60328E-07 5.30521E-06 3.12405E-09 1.45599E-09 3.34735E-10
 2.82308E-07 1.69794E-09 1.80925E-06 5.54579E-08 1.86267E-07 7.62958E-13 1.24197E-12 8.58239E-10
 5.57477E-09 1.12786E-11 1.32595E-13 4.13483E-14 2.19040E-16 2.82601E-16 9.77068E-22 5.80824E-22
 1.30070E-13 1.44210E-13 1.56505E-11 1.84253E-12 4.50784E-10 1.45148E-19 1.76548E-26 2.30232E-26
 6.62199E-17 5.61986E-15 2.09946E-15 4.60293E-25 9.99724E-12 5.97933E-07 5.19399E-06 3.57290E-09
 1.66615E-09 3.99475E-10 2.40127E-07 2.36176E-09 1.91635E-06 5.32868E-08 2.19183E-07 6.91505E-13
 1.06988E-12 8.23033E-10 5.34364E-09 1.11270E-11 1.15728E-13 3.62164E-14 1.95069E-16 2.41401E-16
 6.50715E-22 2.83026E-22 1.28212E-13 1.19818E-13 1.55425E-11 1.42543E-12 4.51278E-10 9.06761E-20
 2.26143E-26 2.91697E-26 8.47259E-17 5.67375E-15 2.02197E-15 6.73672E-25 1.58370E-11 6.41407E-07
 5.07824E-06 4.14517E-09 1.93782E-09 4.85778E-10 1.98157E-07 3.39011E-09 2.02760E-06 5.10549E-08
 2.56775E-07 6.22778E-13 9.31849E-13 7.91856E-10 5.13540E-09 1.11278E-11 9.98514E-14 3.26488E-14
 1.76481E-16 2.04612E-16 4.38639E-22 1.26870E-22 1.26573E-13 9.77072E-14 1.54278E-11 1.07589E-12
 4.51707E-10 5.53326E-20 2.99137E-26 3.78158E-26 1.02327E-16 5.72171E-15 1.95112E-15 9.46133E-25
 2.53356E-11 6.79533E-07 4.95775E-06 4.88724E-09 2.28359E-09 6.02098E-10 1.64841E-07 4.85219E-09
 2.14310E-06 4.87685E-08 2.99395E-07 5.57006E-13 7.87246E-13 7.64180E-10 4.94778E-09 1.14653E-11
 8.92928E-14 3.05871E-14 1.67081E-16 1.79685E-16 3.15508E-22 5.88778E-23 1.25125E-13 8.21578E-14
 1.52210E-11 8.16683E-13 4.52127E-10 3.53485E-20 4.09895E-26 5.05866E-26 1.25846E-16 5.75743E-15
 1.88635E-15 1.37104E-24 3.91296E-11 7.24049E-07 4.83255E-06 5.81404E-09 2.71284E-09 7.48139E-10
 1.35329E-07 7.08417E-09 2.26260E-06 4.64463E-08 3.47314E-07 4.94425E-13 6.65118E-13 7.39629E-10
 4.78040E-09 1.18434E-11 7.96886E-14 2.89961E-14 1.58724E-16 1.56699E-16 2.27075E-22 2.61525E-23
 1.23844E-13 6.83200E-14 1.50097E-11 6.11464E-13 4.52493E-10 2.21963E-20 5.70808E-26 6.88479E-26
 1.49428E-16 5.78719E-15 1.82723E-15 1.93396E-24 5.73640E-11 7.70185E-07 4.70289E-06 6.96351E-09
 3.22891E-09 9.22859E-10 1.13113E-07 1.03151E-08 2.38567E-06 4.41148E-08 4.00659E-07 4.35211E-13
 5.46770E-13 7.17858E-10 4.63123E-09 1.23188E-11 7.29611E-14 2.75956E-14 1.52139E-16 1.39291E-16
 1.67344E-22 1.20903E-23 1.22715E-13 5.76717E-14 1.47647E-11 4.61609E-13 4.52830E-10 1.42385E-20
 7.97605E-26 9.53570E-26 1.78319E-16 5.80615E-15 1.77333E-15 2.74681E-24 7.96806E-11 8.42977E-07
 4.56864E-06 8.25813E-09 3.80354E-09 1.10489E-09 9.28241E-08 1.54847E-08 2.51196E-06 4.18011E-08
 4.59653E-07 3.79875E-13 4.61597E-13 6.98528E-10 4.49897E-09 1.22777E-11 6.40236E-14 2.52441E-14
 1.36860E-16 1.17209E-16 1.12789E-22 5.10913E-24 1.21716E-13 4.60448E-14 1.46350E-11 3.40615E-13
 4.53020E-10 8.41263E-21 1.08397E-25 1.30163E-25 2.01699E-16 5.82565E-15 1.72410E-15 3.66016E-24
 1.05492E-10 9.34784E-07 4.42455E-06 9.69945E-09 4.41595E-09 1.28924E-09 7.76511E-08 2.32020E-08
 2.64611E-06 3.94421E-08 5.26937E-07 3.26810E-13 3.83155E-13 6.80608E-10 4.37532E-09 1.19079E-11
 5.60426E-14 2.22878E-14 1.18307E-16 9.73888E-17 7.25014E-23 2.19307E-24 1.20796E-13 3.61500E-14
 1.45426E-11 2.52592E-13 4.53131E-10 4.81991E-21 1.43979E-25 1.76686E-25 2.27970E-16 5.83930E-15
 1.67721E-15 4.80326E-24 1.34216E-10 1.06241E-06 4.26398E-06 1.11873E-08 5.01968E-09 1.45862E-09
 6.52172E-08 3.50826E-08 2.79362E-06 3.69675E-08 6.06357E-07 2.74601E-13 3.15809E-13 6.63223E-10
 4.25332E-09 1.09843E-11 4.75703E-14 1.86628E-14 9.56349E-17 7.73350E-17 4.26676E-23 9.10215E-25
 1.19911E-13 2.72139E-14 1.45292E-11 1.85718E-13 4.53128E-10 2.58211E-21 1.85922E-25 2.36038E-25
 2.54840E-16 5.85112E-15 1.63051E-15 6.10425E-24 1.64484E-10 1.22690E-06 4.08601E-06 1.26884E-08
 5.58450E-09 1.59789E-09 5.59693E-08 5.27323E-08 2.95434E-06 3.44032E-08 6.99549E-07 2.24559E-13
 2.52925E-13 6.46255E-10 4.13031E-09 9.74842E-12 3.99453E-14 1.48713E-14 7.32590E-17 6.00841E-17
 2.35628E-23 3.84591E-25 1.19054E-13 2.00325E-14 1.45597E-11 1.37129E-13 4.53045E-10 1.33074E-21
 2.33744E-25 3.12977E-25 2.86863E-16 5.85653E-15 1.58380E-15 7.64545E-24 1.95146E-10 1.45712E-06
 3.89104E-06 1.39999E-08 6.03109E-09 1.68362E-09 4.81803E-08 7.95981E-08 3.12607E-06 3.17939E-08
 8.07762E-07 1.78132E-13 1.99802E-13 6.29700E-10 4.00459E-09 8.13414E-12 3.21674E-14 1.11603E-14
 5.19219E-17 4.41226E-17 1.17997E-23 1.56193E-25 1.18222E-13 1.40341E-14 1.46873E-11 1.00104E-13
 4.52834E-10 6.37720E-22 2.84620E-25 4.06782E-25 3.23557E-16 5.85574E-15 1.53715E-15 9.31451E-24
 2.23662E-10 1.73161E-06 3.68075E-06 1.53986E-08 6.46379E-09 1.72423E-09 4.18990E-08 1.19246E-07
 3.30486E-06 2.91858E-08 9.31958E-07 1.37189E-13 1.52455E-13 6.13551E-10 3.87368E-09 6.68065E-12
 2.60191E-14 8.05180E-15 3.56461E-17 3.21970E-17 5.65392E-24 6.52810E-26 1.17413E-13 9.79537E-15
 1.48790E-11 7.36135E-14 4.52526E-10 2.99676E-22 3.44691E-25 5.38883E-25 3.65701E-16 5.84763E-15
 1.49064E-15 1.12855E-23 2.48036E-10 2.07854E-06 3.45550E-06 1.70707E-08 6.95473E-09 1.69785E-09
 3.55143E-08 1.83029E-07 3.48428E-06 2.66229E-08 1.07332E-06 1.01951E-13 1.13951E-13 5.97803E-10
 3.73535E-09 5.32424E-12 2.07314E-14 5.53925E-15 2.33120E-17 2.25716E-17 2.52457E-24 2.61409E-26
 1.16621E-13 6.66880E-15 1.52622E-11 5.35698E-14 4.51993E-10 1.33741E-22 4.11143E-25 7.36588E-25
 4.07431E-16 5.83773E-15 1.44432E-15 1.35336E-23 2.68362E-10 2.68571E-06 3.21248E-06 1.88702E-08
 7.40012E-09 1.54878E-09 3.22442E-08 2.98689E-07 3.65296E-06 2.41440E-08 1.23326E-06 7.19308E-14
 7.91725E-14 5.82445E-10 3.58688E-09 3.90626E-12 1.64963E-14 3.53279E-15 1.39025E-17 1.54599E-17
 1.03354E-24 1.06830E-26 1.15845E-13 4.31026E-15 1.59568E-11 3.90009E-14 4.51113E-10 5.53620E-23
 4.47108E-25 1.01474E-24 4.64564E-16 5.80984E-15 1.39825E-15 1.64284E-23 2.90303E-10 5.27544E-06
 2.94326E-06 1.50105E-08 5.79372E-09 1.13551E-09 4.08722E-08 5.31922E-07 3.78972E-06 2.17813E-08
 1.41369E-06 4.66009E-14 4.91070E-14 5.67471E-10 3.42567E-09 1.66316E-12 9.46552E-15 1.84452E-15
 5.45606E-18 7.61752E-18 3.00702E-25 3.74075E-27 1.15081E-13 1.77580E-15 1.76031E-11 2.64827E-14
 4.49244E-10 1.53196E-23 3.12106E-25 9.29331E-25 6.67993E-16 5.63267E-15 1.35241E-15 1.84811E-23
 2.87681E-10 1.49414E-05 2.65827E-06 8.18719E-09 3.04669E-09 6.83626E-10 7.58099E-08 8.89796E-07
 3.87847E-06 1.95585E-08 1.61161E-06 2.86043E-14 3.14184E-14 5.52868E-10 3.24914E-09 3.97241E-13
 3.87413E-15 8.61025E-16 1.57586E-18 2.27997E-18 6.99518E-26 1.57969E-27 1.14315E-13 4.06533E-16
 2.14092E-11 1.97251E-14 4.45167E-10 2.77973E-24 1.30968E-25 4.69553E-25 1.15298E-15 5.17054E-15
 1.30694E-15 1.67527E-23 2.39709E-10 4.05187E-05 2.37727E-06 4.39173E-09 1.43667E-09 3.82124E-10
 1.35913E-07 1.30689E-06 3.92887E-06 1.74926E-08 1.82145E-06 1.71537E-14 2.30981E-14 5.38631E-10
 3.06137E-09 8.73472E-14 1.46057E-15 3.93516E-16 4.20761E-19 5.19631E-19 1.55222E-26 8.14931E-28
 1.13527E-13 6.70781E-17 2.78778E-11 1.65607E-14 4.38374E-10 3.50425E-25 4.33315E-26 1.82936E-25
 1.79497E-15 4.54778E-15 1.26192E-15 1.22901E-23 1.78574E-10 9.17813E-05 2.11170E-06 2.72881E-09
 7.25856E-10 2.08791E-10 2.21516E-07 1.73127E-06 3.95670E-06 1.55926E-08 2.03955E-06 1.01918E-14
 1.85389E-14 5.24748E-10 2.86922E-09 2.61307E-14 6.27871E-16 1.79076E-16 1.10825E-19 1.46717E-19
 3.41873E-27 5.14817E-28 1.12709E-13 1.32331E-17 3.63593E-11 1.50942E-14 4.29509E-10 3.66093E-26
 1.30643E-26 7.32356E-26 2.45108E-15 3.90714E-15 1.21736E-15 8.47621E-24 1.25324E-10 1.80750E-04
 1.86682E-06 1.84595E-09 3.87061E-10 1.13125E-10 3.12438E-07 2.13651E-06 3.97157E-06 1.38628E-08
 2.26395E-06 6.03058E-15 1.56165E-14 5.11217E-10 2.67836E-09 1.12497E-14 2.86133E-16 8.15383E-17
 2.92577E-20 5.59046E-20 7.55227E-28 3.05974E-28 1.11852E-13 3.21190E-18 4.61902E-11 1.35606E-14
 4.19226E-10 4.28188E-27 3.73957E-27 3.01889E-26 3.03329E-15 3.33629E-15 1.17319E-15 5.59255E-24
 8.99998E-11 3.18716E-04 1.64421E-06 1.33995E-09 2.19084E-10 6.09821E-11 4.11663E-07 2.50904E-06
 3.97928E-06 1.22974E-08 2.49379E-06 3.55958E-15 1.35849E-14 4.97997E-10 2.49219E-09 6.61175E-15
 1.40639E-16 3.70825E-17 7.74046E-21 2.87697E-20 1.66926E-28 1.85356E-28 1.10949E-13 9.55183E-19
 5.67779E-11 1.22301E-14 4.08106E-10 8.82853E-28 1.04005E-27 1.32779E-26 3.54404E-15 2.83239E-15
 1.12922E-15 3.69811E-24 6.79254E-11 5.16622E-04 1.44479E-06 1.01127E-09 1.29887E-10 3.28328E-11
 5.11276E-07 2.84233E-06 3.98302E-06 1.08953E-08 2.72750E-06 2.10235E-15 1.21192E-14 4.85112E-10
 2.31413E-09 4.59112E-15 7.21992E-17 1.68821E-17 2.05910E-21 1.73958E-20 3.70112E-29 1.10973E-28
 1.09992E-13 3.25187E-19 6.76795E-11 1.09322E-14 3.96579E-10 2.94237E-28 2.85817E-28 6.16973E-27
 3.97623E-15 2.40191E-15 1.08544E-15 2.45969E-24 5.07582E-11 7.85952E-04 1.26721E-06 7.60407E-10
 7.89751E-11 1.76644E-11 5.68040E-07 3.13626E-06 3.98445E-06 9.64384E-09 2.96529E-06 1.24322E-15
 1.10365E-14 4.72505E-10 2.14590E-09 3.37255E-15 3.55142E-17 7.70519E-18 5.52562E-22 1.07648E-20
 8.26496E-30 5.65847E-29 1.08971E-13 1.10581E-19 7.86645E-11 9.27917E-15 3.84855E-10 1.02433E-28
 7.71825E-29 2.94877E-27 4.30760E-15 2.06646E-15 1.04159E-15 1.62014E-24 3.89695E-11 1.13418E-03
 1.10944E-06 5.77292E-10 4.96104E-11 9.48099E-12 6.03167E-07 3.39273E-06 3.98438E-06 8.52774E-09
 3.20775E-06 7.35095E-16 1.02309E-14 4.60108E-10 1.98811E-09 2.55250E-15 1.75102E-17 3.51597E-18
 1.49172E-22 6.84839E-21 1.85268E-30 2.78905E-29 1.07872E-13 4.03397E-20 8.95638E-11 7.77364E-15
 3.73083E-10 3.79706E-29 2.05295E-29 1.47550E-27 4.57329E-15 1.79004E-15 9.97363E-16 1.08048E-24
 3.08941E-11 1.56570E-03 9.70186E-07 4.39898E-10 3.20714E-11 5.08190E-12 6.15555E-07 3.61399E-06
 3.98335E-06 7.53816E-09 3.45428E-06 4.34955E-16 9.62972E-15 4.47919E-10 1.84203E-09 1.95693E-15
 8.66445E-18 1.60478E-18 4.05913E-23 4.40766E-21 4.17498E-31 1.33949E-29 1.06684E-13 1.56296E-20
 1.00207E-10 6.42965E-15 3.61411E-10 1.46905E-29 5.41552E-30 7.71877E-28 4.78987E-15 1.55510E-15
 9.52659E-16 7.31560E-25 2.51715E-11 2.08287E-03 8.47985E-07 3.34971E-10 2.12517E-11 2.72402E-12
 6.06398E-07 3.80311E-06 3.98162E-06 6.66569E-09 3.70439E-06 2.57827E-16 9.17747E-15 4.35936E-10
 1.70870E-09 1.51045E-15 4.28848E-18 7.33452E-19 1.11663E-23 2.85362E-21 9.48162E-32 6.26207E-30
 1.05395E-13 6.35602E-21 1.10457E-10 5.24832E-15 3.49948E-10 5.84835E-30 1.43028E-30 4.19966E-28
 4.96347E-15 1.35445E-15 9.07381E-16 5.02319E-25 2.02783E-11 2.68746E-03 7.41056E-07 2.51580E-10
 1.43102E-11 1.46017E-12 5.62642E-07 3.96358E-06 3.97913E-06 5.89878E-09 3.95831E-06 1.53193E-16
 8.83119E-15 4.24130E-10 1.58878E-09 1.16263E-15 2.05763E-18 3.36088E-19 3.11503E-24 1.81549E-21
 2.17760E-32 2.67611E-30 1.03991E-13 2.57027E-21 1.20224E-10 4.15440E-15 3.38755E-10 2.20808E-30
 3.93202E-31 2.34749E-28 5.08939E-15 1.19162E-15 8.61354E-16 3.46825E-25 1.61786E-11 3.37893E-03
 6.47519E-07 1.86869E-10 9.78312E-12 7.81517E-13 4.97400E-07 4.09860E-06 3.97546E-06 5.22510E-09
 4.21677E-06 9.11437E-17 8.55667E-15 4.12458E-10 1.48209E-09 8.94169E-16 9.63049E-19 1.54233E-19
 8.81763E-25 1.14176E-21 5.06079E-33 1.06251E-30 1.02452E-13 1.03841E-21 1.29431E-10 3.20883E-15
 3.27874E-10 7.99614E-31 1.90265E-31 1.34619E-28 5.17576E-15 1.05716E-15 8.14370E-16 2.41127E-25
 1.35536E-11 4.14902E-03 5.66137E-07 1.39812E-10 6.84607E-12 4.18372E-13 4.41152E-07 4.21082E-06
 3.97046E-06 4.63679E-09 4.47914E-06 5.43133E-17 8.32868E-15 4.00937E-10 1.38823E-09 6.97015E-16
 4.63705E-19 7.08515E-20 2.54295E-25 7.38414E-22 1.19376E-33 4.37628E-31 1.00768E-13 4.51069E-22
 1.37939E-10 2.49470E-15 3.17410E-10 3.15570E-31 4.71131E-31 8.00675E-29 5.24022E-15 9.32145E-16
 7.66458E-16 1.70838E-25 1.14457E-11 4.98490E-03 4.95861E-07 1.03830E-10 4.86381E-12 2.24422E-13
 3.77975E-07 4.30294E-06 3.96400E-06 4.12706E-09 4.74456E-06 3.24670E-17 8.12927E-15 3.89592E-10
 1.30733E-09 5.45014E-16 2.22114E-19 3.26483E-20 7.51978E-26 4.76386E-22 2.87829E-34 1.73105E-31
 9.89233E-14 1.98026E-22 1.45611E-10 1.90577E-15 3.07463E-10 1.23205E-31 2.13286E-30 4.89189E-29
 5.27691E-15 8.21217E-16 7.17698E-16 1.22221E-25 9.87390E-12 5.86780E-03 4.35629E-07 7.69107E-11
 3.51556E-12 1.20796E-13 3.17227E-07 4.37690E-06 3.95568E-06 3.68877E-09 5.01257E-06 1.94809E-17
 7.94469E-15 3.78438E-10 1.23886E-09 4.29474E-16 1.06981E-19 1.50929E-20 2.29290E-26 3.10130E-22
 7.13864E-35 6.72818E-32 9.69058E-14 8.94400E-23 1.52319E-10 1.44212E-15 2.98123E-10 4.90329E-32
 1.01413E-29 3.07689E-29 5.28823E-15 7.20770E-16 6.68184E-16 8.85307E-26 8.85031E-12 6.76941E-03
 3.84688E-07 5.70847E-11 2.59160E-12 6.54773E-14 2.63965E-07 4.43447E-06 3.94531E-06 3.31677E-09
 5.28193E-06 1.17633E-17 7.76515E-15 3.67520E-10 1.18236E-09 3.42540E-16 5.25690E-20 7.00991E-21
 7.27509E-27 2.05880E-22 1.84157E-35 2.64121E-32 9.47057E-14 4.23297E-23 1.57915E-10 1.08870E-15
 2.89499E-10 2.05601E-32 4.79928E-29 1.99887E-29 5.27580E-15 6.28167E-16 6.18161E-16 6.51095E-26
 8.02619E-12 7.65438E-03 3.42382E-07 4.21001E-11 1.93977E-12 3.59139E-14 2.12513E-07 4.47687E-06
 3.93253E-06 3.00637E-09 5.55169E-06 7.18828E-18 7.58350E-15 3.56871E-10 1.13770E-09 2.74732E-16
 2.57596E-20 3.28128E-21 2.41653E-27 1.36689E-22 4.98439E-36 9.94591E-33 9.23129E-14 2.02217E-23
 1.62266E-10 8.07826E-16 2.81687E-10 8.52895E-33 5.27254E-30 1.33414E-29 5.23402E-15 5.48091E-16
 5.67899E-16 4.83475E-26 7.48098E-12 8.47801E-03 3.08231E-07 3.10090E-11 1.47918E-12 2.02055E-14
 1.67466E-07 4.50446E-06 3.91674E-06 2.75396E-09 5.82068E-06 4.50757E-18 7.39447E-15 3.46538E-10
 1.10438E-09 2.22587E-16 1.27301E-20 1.56108E-21 8.46443E-28 9.17783E-23 1.42867E-36 3.67352E-33
 8.97219E-14 9.94746E-24 1.65234E-10 5.93445E-16 2.74785E-10 3.61204E-33 4.23648E-31 9.19116E-30
 5.16305E-15 4.79712E-16 5.17784E-16 3.63677E-26 7.10671E-12 9.18649E-03 2.81959E-07 2.27597E-11
 1.14808E-12 1.21450E-14 1.27648E-07 4.51700E-06 3.89717E-06 2.55716E-09 6.08755E-06 3.00598E-18
 7.19434E-15 3.36570E-10 1.08199E-09 1.81605E-16 6.29912E-21 7.82263E-22 3.17600E-28 6.17440E-23
 4.38737E-37 1.30258E-33 8.69312E-14 4.96643E-24 1.66687E-10 4.28859E-16 2.68892E-10 1.51978E-33
-2.37634E-31 6.53549E-30 5.06081E-15 4.24691E-16 4.68287E-16 2.76680E-26 7.00109E-12 9.71622E-03
 2.63531E-07 1.68390E-11 9.11255E-13 8.67371E-15 9.56138E-08 4.51355E-06 3.87296E-06 2.41507E-09
 6.35033E-06 2.29833E-18 6.98082E-15 3.27037E-10 1.06988E-09 1.49799E-16 3.27100E-21 4.70686E-22
 1.44214E-28 4.20547E-23 1.62733E-37 4.68278E-34 8.39479E-14 2.59567E-24 1.66496E-10 3.08837E-16
 2.64113E-10 6.65842E-34-8.48462E-32 4.82832E-30 4.92733E-15 3.83128E-16 4.20010E-16 2.13815E-26
 2.85150E+02 2.78650E+02 2.72150E+02 2.65660E+02 2.61170E+02 2.55680E+02 2.49190E+02 2.42700E+02
 2.36210E+02 2.25000E+02 2.10000E+02 2.10000E+02 2.10000E+02 2.10000E+02 2.10000E+02 2.10000E+02
 2.14000E+02 2.14000E+02 2.16650E+02 2.16650E+02 2.16650E+02 2.17580E+02 2.18570E+02 2.19570E+02
 2.20560E+02 2.21550E+02 2.22540E+02 2.23540E+02 2.24530E+02 2.25520E+02 2.26510E+02 2.27500E+02
 2.28490E+02 2.30970E+02 2.33740E+02 2.36510E+02 2.39280E+02 2.42050E+02 2.44820E+02 2.47580E+02
 2.50350E+02 2.53140E+02 2.55880E+02 2.58640E+02 2.61400E+02 2.64160E+02 2.66960E+02 2.69680E+02
 2.70650E+02 2.70650E+02 2.70650E+02 2.70650E+02 2.69030E+02 2.66270E+02 2.63520E+02 2.60770E+02
 2.58020E+02 2.55270E+02 2.52520E+02 2.49770E+02 2.47020E+02 2.44270E+02 2.41530E+02 2.30780E+02
 2.30500E+02 2.30500E+02 2.27000E+02 2.25100E+02 2.22000E+02 2.19600E+02 2.16000E+02 2.14300E+02
 2.12000E+02 2.10300E+02 2.08000E+02 2.06400E+02 2.04000E+02 2.02500E+02 2.00000E+02 1.98600E+02
 1.96000E+02 1.94700E+02 1.92000E+02 1.90800E+02 1.89000E+02 1.86900E+02 1.86900E+02 1.86900E+02
 1.86900E+02 1.86900E+02 1.88000E+02 1.90000E+02 1.91000E+02 1.92500E+02 1.94000E+02 1.95000E+02
 1.96500E+02 1.98000E+02 2.00000E+02 2.02000E+02 1.00000E+05 1.00000E+05 1.00000E+05 1.00000E+05
 1.00000E+05 1.00000E+05 1.00000E+05 1.00000E+05 1.00000E+05 8.94400E+04 4.89900E+04 2.25800E+04
 1.16600E+04 6.81200E+03 5.16500E+03 4.29000E+03 3.95000E+03 3.90000E+03 3.99900E+03 4.34300E+03
 4.84400E+03 5.43900E+03 6.18700E+03 7.03600E+03 7.98400E+03 8.98600E+03 1.00300E+04 1.12800E+04
 1.24900E+04 1.36300E+04 1.51300E+04 1.66900E+04 1.81800E+04 1.99800E+04 2.19800E+04 2.44500E+04
 2.74600E+04 3.04600E+04 3.39400E+04 3.79500E+04 4.19500E+04 4.64300E+04 5.19100E+04 5.84000E+04
 6.44500E+04 7.13600E+04 7.99000E+04 8.79100E+04 9.68700E+04 1.06900E+05 1.17800E+05 1.31800E+05
 1.48300E+05 1.65800E+05 1.83300E+05 2.01800E+05 2.25600E+05 2.52200E+05 2.77200E+05 3.07000E+05
 3.42100E+05 3.79500E+05 4.21900E+05 4.71700E+05 5.17400E+05 5.67400E+05 6.22400E+05 6.82600E+05
 7.48700E+05 8.21200E+05 9.00700E+05 9.87900E+05 1.00000E+06 1.00000E+06 1.00000E+06 1.00000E+06
 1.00000E+06 1.00000E+06 1.00000E+06 1.00000E+06 1.00000E+06 1.00000E+06 1.00000E+06 1.00000E+06
 1.00000E+06 1.00000E+06 1.00000E+06 1.00000E+06 1.00000E+06 1.00000E+06 1.00000E+06 1.00000E+06
 1.00000E+06 1.00000E+06 1.00000E+06 1.00000E+06 1.00000E+06 1.00000E+06 1.00000E+06 1.00000E+06
 2.42447E+19 2.19796E+19 1.98808E+19 1.79390E+19 1.60306E+19 1.43502E+19 1.28636E+19 1.14983E+19
 1.02472E+19 9.28044E+18 8.50227E+18 7.22989E+18 6.14824E+18 5.22867E+18 4.44687E+18 3.78215E+18
 3.16166E+18 2.69747E+18 2.27562E+18 1.94549E+18 1.66333E+18 1.41656E+18 1.20698E+18 1.02916E+18
 8.78250E+17 7.50038E+17 6.41025E+17 5.48241E+17 4.69256E+17 4.01944E+17 3.44538E+17 2.95542E+17
 2.53695E+17 2.16625E+17 1.85079E+17 1.58428E+17 1.35866E+17 1.16728E+17 1.00464E+17 8.66192E+16
 7.48055E+16 6.47053E+16 5.60704E+16 4.86605E+16 4.22951E+16 3.68181E+16 3.20933E+16 2.80238E+16
 2.46531E+16 2.17716E+16 1.92276E+16 1.69815E+16 1.50831E+16 1.34416E+16 1.19644E+16 1.06369E+16
 9.44538E+15 8.37697E+15 7.42006E+15 6.56401E+15 5.79910E+15 5.11643E+15 4.50775E+15 4.09388E+15
 3.54495E+15 3.06578E+15 2.68938E+15 2.33901E+15 2.04213E+15 1.77437E+15 1.54732E+15 1.33526E+15
 1.15398E+15 9.93152E+14 8.56007E+14 7.34321E+14 6.31482E+14 5.39891E+14 4.63186E+14 3.94620E+14
 3.37723E+14 2.86683E+14 2.44722E+14 2.06950E+14 1.75338E+14 1.48546E+14 1.24332E+14 1.04071E+14
 8.71159E+13 7.29275E+13 6.07277E+13 5.04069E+13 4.21244E+13 3.51541E+13 2.93800E+13 2.46471E+13
 2.06482E+13 1.73223E+13 1.45188E+13 1.21910E+13 9.14566E-11 1.11145E-10 1.52617E-10 2.04562E-10
 2.61709E-10 3.19538E-10 3.73764E-10 4.21257E-10 4.59863E-10 4.89581E-10 5.15195E-10 5.42930E-10
 5.60963E-10 5.64008E-10 5.48655E-10 5.16796E-10 4.72954E-10 4.24033E-10 3.75474E-10 3.31075E-10
 2.92972E-10 2.60845E-10 2.33963E-10 2.11593E-10 1.92412E-10 1.74898E-10 1.58350E-10 1.42782E-10
 1.28149E-10 1.14275E-10 1.01229E-10 8.91144E-11 7.78437E-11 6.74154E-11 5.78936E-11 4.93347E-11
 4.17858E-11 3.51681E-11 2.93901E-11 2.44061E-11 2.01243E-11 1.64647E-11 1.33898E-11 1.08466E-11
 8.74164E-12 6.99803E-12 5.57441E-12 4.41596E-12 3.47357E-12 2.71440E-12 2.10165E-12 1.62226E-12
 1.25050E-12 9.60945E-13 7.33649E-13 5.55539E-13 4.18786E-13 3.14128E-13 2.33165E-13 1.71518E-13
 1.25188E-13 9.04661E-14 6.47177E-14 4.59124E-14 3.19620E-14 2.18164E-14 1.46031E-14 9.56205E-15
 6.12011E-15 3.81754E-15 2.31734E-15 1.36287E-15 7.39133E-16 3.61283E-16 1.56310E-16 5.84700E-17
 1.84290E-17 4.73123E-18 9.53371E-19 1.43549E-19 1.53019E-20 1.07496E-21 4.60079E-23 1.07993E-24
 1.23558E-26 5.95450E-29 1.00417E-31 4.82167E-35 5.15100E-39 9.09619E-44 1.84107E-49 2.77957E-56
 1.97502E-64 3.67609E-74 8.73284E-86 1.40751E-99 1.00000-100 1.00000-100 1.00000-100 1.00000-100
 3.35132E+01 2.88719E+01 2.91436E+01 3.00163E+01 3.14355E+01 3.21528E+01 3.17392E+01 3.07000E+01
 2.87614E+01 2.68365E+01 2.52582E+01 2.11481E+01 1.82556E+01 1.53546E+01 1.25269E+01 9.90234E+00
 7.60633E+00 6.53031E+00 5.59700E+00 5.24921E+00 5.09667E+00 5.00522E+00 5.08930E+00 5.32452E+00
 4.79015E+00 3.67685E+00 2.81778E+00 2.15268E+00 1.64004E+00 1.24286E+00 9.36881E-01 7.02596E-01
 5.23166E-01 3.82035E-01 2.76592E-01 1.99326E-01 1.42964E-01 1.02027E-01 7.24121E-02 5.11675E-02
 3.59399E-02 2.53055E-02 1.78332E-02 1.25369E-02 8.78224E-03 6.12010E-03 4.24946E-03 2.93950E-03
 2.03409E-03 1.40374E-03 9.59860E-04 6.54364E-04 4.48018E-04 3.06811E-04 2.08497E-04 1.40363E-04
 9.39578E-05 6.25051E-05 4.10953E-05 2.67424E-05 1.72443E-05 1.09945E-05 6.92955E-06 4.47484E-06
 2.69133E-06 1.58871E-06 9.38838E-07 5.36837E-07 3.02807E-07 1.65040E-07 8.82809E-08 4.49342E-08
 2.11728E-08 8.93092E-09 3.34775E-09 1.07663E-09 2.93313E-10 6.44797E-11 1.12021E-11 1.43811E-12
 1.31777E-13 7.85806E-15 2.88421E-16 5.72247E-18 5.55573E-20 2.27403E-22 3.19615E-25 1.27915E-28
 1.13906E-32 1.67597E-37 2.79827E-43 3.45853E-50 2.03450E-58 3.12399E-68 6.10567E-80 8.24022E-94
 4.90461E-95 4.11460E-95 3.44868E-95 2.89576E-95 0.00000E+00 0.00000E+00 0.00000E+00 0.00000E+00
 0.00000E+00 0.00000E+00 0.00000E+00 0.00000E+00 0.00000E+00 0.00000E+00 0.00000E+00 0.00000E+00
 0.00000E+00 0.00000E+00 0.00000E+00 0.00000E+00 0.00000E+00 0.00000E+00 0.00000E+00 0.00000E+00
 0.00000E+00 0.00000E+00 0.00000E+00 0.00000E+00 0.00000E+00 0.00000E+00 0.00000E+00 0.00000E+00
 0.00000E+00 0.00000E+00 0.00000E+00 0.00000E+00 0.00000E+00 0.00000E+00 0.00000E+00 0.00000E+00
 0.00000E+00 0.00000E+00 0.00000E+00 0.00000E+00 0.00000E+00 0.00000E+00 0.00000E+00 0.00000E+00
 0.00000E+00 0.00000E+00 0.00000E+00 0.00000E+00 0.00000E+00 0.00000E+00 0.00000E+00 0.00000E+00
 0.00000E+00 0.00000E+00 0.00000E+00 0.00000E+00 0.00000E+00 0.00000E+00 0.00000E+00 0.00000E+00
 0.00000E+00 0.00000E+00 0.00000E+00 0.00000E+00 0.00000E+00 0.00000E+00 0.00000E+00 0.00000E+00
 0.00000E+00 0.00000E+00 0.00000E+00 0.00000E+00 0.00000E+00 0.00000E+00 0.00000E+00 0.00000E+00
 0.00000E+00 0.00000E+00 0.00000E+00 0.00000E+00 0.00000E+00 0.00000E+00 0.00000E+00 0.00000E+00
 0.00000E+00 0.00000E+00 0.00000E+00 0.00000E+00 0.00000E+00 0.00000E+00 0.00000E+00 0.00000E+00
 0.00000E+00 0.00000E+00 0.00000E+00 0.00000E+00 0.00000E+00 0.00000E+00 0.00000E+00 0.00000E+00
 0.00000E+00 0.00000E+00 0.00000E+00 0.00000E+00 0.00000E+00 0.00000E+00 0.00000E+00 0.00000E+00
 0.00000E+00 0.00000E+00 0.00000E+00 0.00000E+00 0.00000E+00 0.00000E+00 0.00000E+00 0.00000E+00
 0.00000E+00 0.00000E+00 0.00000E+00 0.00000E+00 0.00000E+00 0.00000E+00 0.00000E+00 0.00000E+00
 0.00000E+00 0.00000E+00 0.00000E+00 0.00000E+00 0.00000E+00 0.00000E+00 0.00000E+00 0.00000E+00
 0.00000E+00 0.00000E+00 0.00000E+00 0.00000E+00 0.00000E+00 0.00000E+00 0.00000E+00 0.00000E+00
 0.00000E+00 0.00000E+00 0.00000E+00 0.00000E+00 0.00000E+00 0.00000E+00 0.00000E+00 0.00000E+00
 0.00000E+00 0.00000E+00 0.00000E+00 0.00000E+00 0.00000E+00 0.00000E+00 0.00000E+00 0.00000E+00
 0.00000E+00 0.00000E+00 0.00000E+00 0.00000E+00 0.00000E+00 0.00000E+00 0.00000E+00 0.00000E+00
 0.00000E+00 0.00000E+00 0.00000E+00 0.00000E+00 0.00000E+00 0.00000E+00 0.00000E+00 0.00000E+00
 0.00000E+00 0.00000E+00 0.00000E+00 0.00000E+00 0.00000E+00 0.00000E+00 0.00000E+00 0.00000E+00
 0.00000E+00 0.00000E+00 0.00000E+00 0.00000E+00 0.00000E+00 0.00000E+00 0.00000E+00 0.00000E+00
 0.00000E+00 0.00000E+00 0.00000E+00 0.00000E+00 0.00000E+00 0.00000E+00 0.00000E+00 0.00000E+00
 0.00000E+00 0.00000E+00 0.00000E+00 0.00000E+00 7.15391E-04 7.83902E-04 8.63315E-04 9.51278E-04
 1.03515E-03 1.12922E-03 1.23994E-03 1.36357E-03 1.50922E-03 1.69295E-03 1.92729E-03 2.19693E-03
 2.48208E-03 2.82127E-03 3.22256E-03 3.69869E-03 4.21558E-03 4.64262E-03 5.08721E-03 5.43772E-03
 5.77105E-03 6.12371E-03 6.45042E-03 6.75918E-03 7.47831E-03 8.73325E-03 1.01897E-02 1.18838E-02
 1.38481E-02 1.61276E-02 1.87690E-02 2.18292E-02 2.53758E-02 2.95496E-02 3.43732E-02 3.99046E-02
 4.62661E-02 5.35731E-02 6.19497E-02 7.15289E-02 8.24938E-02 9.46624E-02 1.08240E-01 1.23599E-01
 1.40950E-01 1.60526E-01 1.82589E-01 2.07411E-01 2.35087E-01 2.66185E-01 3.01388E-01 3.41235E-01
 3.85993E-01 4.36685E-01 4.94701E-01 5.61189E-01 6.37501E-01 7.25221E-01 8.26212E-01 9.42667E-01
 1.07717E+00 1.23278E+00 1.41311E+00 1.61934E+00 1.87396E+00 2.16683E+00 2.49847E+00 2.89036E+00
 3.34087E+00 3.87584E+00 4.49617E+00 5.24401E+00 6.11873E+00 7.15816E+00 8.37819E+00 9.83329E+00
 1.15459E+01 1.35974E+01 1.60194E+01 1.89333E+01 2.23870E+01 2.65570E+01 3.15122E+01 3.75192E+01
 4.47053E+01 5.33515E+01 6.38516E+01 7.64138E+01 9.14427E+01 1.09443E+02 1.31104E+02 1.57061E+02
 1.87624E+02 2.24046E+02 2.67658E+02 3.17589E+02 3.76079E+02 4.44766E+02 5.25182E+02 6.19129E+02
 0.00000E+00 0.00000E+00 0.00000E+00 0.00000E+00 0.00000E+00 0.00000E+00 0.00000E+00 0.00000E+00
 0.00000E+00 0.00000E+00 0.00000E+00 0.00000E+00 0.00000E+00 0.00000E+00 0.00000E+00 0.00000E+00
 0.00000E+00 0.00000E+00 0.00000E+00 0.00000E+00 0.00000E+00 0.00000E+00 0.00000E+00 0.00000E+00
 0.00000E+00 0.00000E+00 0.00000E+00 0.00000E+00 0.00000E+00 0.00000E+00 0.00000E+00 0.00000E+00
 0.00000E+00 0.00000E+00 0.00000E+00 0.00000E+00 0.00000E+00 0.00000E+00 0.00000E+00 0.00000E+00
 0.00000E+00 0.00000E+00 0.00000E+00 0.00000E+00 0.00000E+00 0.00000E+00 0.00000E+00 0.00000E+00
 0.00000E+00 0.00000E+00 0.00000E+00 0.00000E+00 0.00000E+00 0.00000E+00 0.00000E+00 0.00000E+00
 0.00000E+00 0.00000E+00 0.00000E+00 0.00000E+00 0.00000E+00 0.00000E+00 0.00000E+00 0.00000E+00
 0.00000E+00 0.00000E+00 0.00000E+00 0.00000E+00 0.00000E+00 0.00000E+00 0.00000E+00 0.00000E+00
 0.00000E+00 0.00000E+00 0.00000E+00 0.00000E+00 0.00000E+00 0.00000E+00 0.00000E+00 0.00000E+00
 0.00000E+00 0.00000E+00 0.00000E+00 0.00000E+00 0.00000E+00 0.00000E+00 0.00000E+00 0.00000E+00
 0.00000E+00 0.00000E+00 0.00000E+00 0.00000E+00 0.00000E+00 0.00000E+00 0.00000E+00 0.00000E+00
 0.00000E+00 0.00000E+00 0.00000E+00 0.00000E+00 0.00000E+00 0.00000E+00 0.00000E+00 0.00000E+00
 0.00000E+00 0.00000E+00 0.00000E+00 0.00000E+00 0.00000E+00 0.00000E+00 0.00000E+00 0.00000E+00
 0.00000E+00 0.00000E+00 0.00000E+00 0.00000E+00 0.00000E+00 0.00000E+00 0.00000E+00 0.00000E+00
 0.00000E+00 0.00000E+00 0.00000E+00 0.00000E+00 0.00000E+00 0.00000E+00 0.00000E+00 0.00000E+00
 0.00000E+00 0.00000E+00 0.00000E+00 0.00000E+00 0.00000E+00 0.00000E+00 0.00000E+00 0.00000E+00
 0.00000E+00 0.00000E+00 0.00000E+00 0.00000E+00 0.00000E+00 0.00000E+00 0.00000E+00 0.00000E+00
 0.00000E+00 0.00000E+00 0.00000E+00 0.00000E+00 0.00000E+00 0.00000E+00 0.00000E+00 0.00000E+00
 0.00000E+00 0.00000E+00 0.00000E+00 0.00000E+00 0.00000E+00 0.00000E+00 0.00000E+00 0.00000E+00
 0.00000E+00 0.00000E+00 0.00000E+00 0.00000E+00 0.00000E+00 0.00000E+00 0.00000E+00 0.00000E+00
 0.00000E+00 0.00000E+00 0.00000E+00 0.00000E+00 0.00000E+00 0.00000E+00 0.00000E+00 0.00000E+00
 0.00000E+00 0.00000E+00 0.00000E+00 0.00000E+00 0.00000E+00 0.00000E+00 0.00000E+00 0.00000E+00
 0.00000E+00 0.00000E+00 0.00000E+00 0.00000E+00 0.00000E+00 0.00000E+00 0.00000E+00 0.00000E+00
 0.00000E+00 0.00000E+00 0.00000E+00 0.00000E+00 0.00000E+00 0.00000E+00 0.00000E+00 0.00000E+00
 1.87363E-05 1.87363E-05 1.87363E-05 1.87363E-05 1.87363E-05 1.87363E-05 1.87363E-05 1.87363E-05
 1.87363E-05 1.87363E-05 1.87363E-05 1.87363E-05 1.87363E-05 1.87363E-05 1.87363E-05 1.87363E-05
 1.83566E-05 1.76097E-05 1.66475E-05 1.54402E-05 1.41733E-05 1.29400E-05 1.17195E-05 1.05452E-05
 1.00000E-05 1.00000E-05 1.00000E-05 1.00000E-05 1.00000E-05 1.00000E-05 1.00000E-05 1.00000E-05
 1.00000E-05 1.00000E-05 1.00000E-05 1.00000E-05 1.00000E-05 1.00000E-05 1.00000E-05 1.00000E-05
 1.00000E-05 1.00000E-05 1.00000E-05 1.00000E-05 1.00000E-05 1.00000E-05 1.00000E-05 1.00000E-05
 1.00000E-05 1.00000E-05 1.00000E-05 1.00000E-05 1.00000E-05 1.00000E-05 1.00000E-05 1.00000E-05
 1.00000E-05 1.00000E-05 1.00000E-05 1.00000E-05 1.00000E-05 1.00000E-05 1.00000E-05 1.00000E-05
 1.00000E-05 1.00000E-05 1.00000E-05 1.00000E-05 1.00000E-05 1.00000E-05 1.00000E-05 1.00000E-05
 1.00000E-05 1.00000E-05 1.00000E-05 1.00000E-05 1.00000E-05 1.00000E-05 1.00000E-05 1.00000E-05
 1.00000E-05 1.00000E-05 1.00000E-05 1.00000E-05 1.00000E-05 1.00000E-05 1.00000E-05 1.00000E-05
 1.00000E-05 1.00000E-05 1.00000E-05 1.00000E-05 1.00000E-05 1.00000E-05 1.00000E-05 1.00000E-05
 1.00000E-05 1.00000E-05 1.00000E-05 1.00000E-05 0.00000E+00 0.00000E+00 0.00000E+00 0.00000E+00
 0.00000E+00 0.00000E+00 0.00000E+00 0.00000E+00 0.00000E+00 0.00000E+00 0.00000E+00 0.00000E+00
 0.00000E+00 0.00000E+00 0.00000E+00 0.00000E+00 0.00000E+00 0.00000E+00 0.00000E+00 0.00000E+00
 0.00000E+00 0.00000E+00 0.00000E+00 0.00000E+00 0.00000E+00 0.00000E+00 0.00000E+00 0.00000E+00
 0.00000E+00 0.00000E+00 0.00000E+00 0.00000E+00 0.00000E+00 0.00000E+00 0.00000E+00 0.00000E+00
 0.00000E+00 0.00000E+00 0.00000E+00 0.00000E+00 0.00000E+00 0.00000E+00 0.00000E+00 0.00000E+00
 0.00000E+00 0.00000E+00 0.00000E+00 0.00000E+00 0.00000E+00 0.00000E+00 0.00000E+00 0.00000E+00
 0.00000E+00 0.00000E+00 0.00000E+00 0.00000E+00 0.00000E+00 0.00000E+00 0.00000E+00 0.00000E+00
 0.00000E+00 0.00000E+00 0.00000E+00 0.00000E+00 0.00000E+00 0.00000E+00 0.00000E+00 0.00000E+00
 0.00000E+00 0.00000E+00 0.00000E+00 0.00000E+00 0.00000E+00 0.00000E+00 0.00000E+00 0.00000E+00
 0.00000E+00 0.00000E+00 0.00000E+00 0.00000E+00 0.00000E+00 0.00000E+00 0.00000E+00 0.00000E+00
 0.00000E+00 0.00000E+00 0.00000E+00 0.00000E+00 0.00000E+00 0.00000E+00 0.00000E+00 0.00000E+00
 0.00000E+00 0.00000E+00 0.00000E+00 0.00000E+00 0.00000E+00 0.00000E+00 0.00000E+00 0.00000E+00
 0.00000E+00 0.00000E+00 0.00000E+00 0.00000E+00 0.00000E+00 0.00000E+00 0.00000E+00 0.00000E+00
 0.00000E+00 0.00000E+00 0.00000E+00 0.00000E+00 0.00000E+00 0.00000E+00 0.00000E+00 0.00000E+00
 0.00000E+00 0.00000E+00 0.00000E+00 0.00000E+00 0.00000E+00 0.00000E+00 0.00000E+00 0.00000E+00
 0.00000E+00 0.00000E+00 0.00000E+00 0.00000E+00 0.00000E+00 0.00000E+00 0.00000E+00 0.00000E+00
 0.00000E+00 0.00000E+00 0.00000E+00 0.00000E+00 0.00000E+00 0.00000E+00 0.00000E+00 0.00000E+00
 0.00000E+00 0.00000E+00 0.00000E+00 0.00000E+00 0.00000E+00 0.00000E+00 0.00000E+00 0.00000E+00
 0.00000E+00 0.00000E+00 0.00000E+00 0.00000E+00 0.00000E+00 0.00000E+00 0.00000E+00 0.00000E+00
 0.00000E+00 0.00000E+00 0.00000E+00 0.00000E+00 0.00000E+00 0.00000E+00 0.00000E+00 0.00000E+00
 0.00000E+00 0.00000E+00 0.00000E+00 0.00000E+00 0.00000E+00 0.00000E+00 0.00000E+00 0.00000E+00
 0.00000E+00 0.00000E+00 0.00000E+00 0.00000E+00 0.00000E+00 0.00000E+00 0.00000E+00 0.00000E+00
 0.00000E+00 0.00000E+00 0.00000E+00 0.00000E+00 0.00000E+00 0.00000E+00 0.00000E+00 0.00000E+00
 0.00000E+00 0.00000E+00 0.00000E+00 0.00000E+00 0.00000E+00 0.00000E+00 0.00000E+00 0.00000E+00
 0.00000E+00 0.00000E+00 0.00000E+00 0.00000E+00
