 1.75664E-10 3.64347E-17 1.37068E-02 5.29191E-14 1.13575E-11 1.16049E-09 1.46396E-08 7.00736E-21
 5.50000E-07 1.60000E-06 9.00000E-08 9.35330E-10 6.79920E-12 3.00000E-07 3.27812E-12 9.62837E-12
 1.87352E-14 6.54147E-11 1.47767E-13 5.92552E-15 3.40787E-15 2.10000E-01 2.52321E-12 4.47787E-18
 4.76209E-20 3.13144E-11 1.98576E-12 7.92081E-14 3.00000E-04 1.83066E-10 5.05085E-17 8.90558E-03
 6.33544E-14 1.15077E-11 1.21232E-09 1.73734E-08 7.87836E-21 5.50300E-07 1.59567E-06 8.18197E-08
 9.33859E-10 6.49818E-12 2.99957E-07 4.16158E-12 1.10905E-11 2.53710E-14 9.99800E-11 3.73711E-13
 6.45136E-15 6.56782E-15 2.10005E-01 2.59487E-12 5.15765E-18 7.27021E-20 5.49700E-11 3.97233E-12
 9.83907E-14 3.03337E-04 1.81510E-10 7.20996E-17 5.65232E-03 7.55806E-14 1.14749E-11 1.20860E-09
 2.12248E-08 8.86662E-21 5.50665E-07 1.59198E-06 7.47126E-08 8.69478E-10 6.03278E-12 2.99910E-07
 5.27855E-12 1.29306E-11 3.40890E-14 1.44432E-10 9.78824E-13 7.44500E-15 1.38839E-14 2.10009E-01
 2.70777E-12 5.89677E-18 1.09535E-19 7.63196E-11 6.25037E-12 1.14198E-13 3.06608E-04 1.71764E-10
 1.03033E-16 3.35188E-03 8.74590E-14 1.10327E-11 1.11103E-09 2.59670E-08 9.74446E-21 5.51051E-07
 1.58889E-06 6.85875E-08 7.32764E-10 5.22884E-12 2.99859E-07 6.90772E-12 1.53635E-11 4.56657E-14
 1.89429E-10 2.62024E-12 8.59815E-15 3.11191E-14 2.10013E-01 2.89713E-12 6.64978E-18 1.64827E-19
 9.64125E-11 8.52676E-12 1.33325E-13 3.09771E-04 1.55555E-10 1.44931E-16 1.89723E-03 9.93701E-14
 1.02523E-11 9.51774E-10 3.12591E-08 1.05836E-20 5.51420E-07 1.58636E-06 6.33457E-08 5.67675E-10
 4.27704E-12 2.99801E-07 9.14466E-12 1.80953E-11 6.05329E-14 2.29053E-10 6.98762E-12 9.56990E-15
 6.48955E-14 2.10017E-01 3.18650E-12 7.57968E-18 2.52643E-19 1.16046E-10 1.06782E-11 1.57257E-13
 3.12776E-04 1.33491E-10 1.99122E-16 1.04276E-03 1.09745E-13 9.20522E-12 7.69236E-10 3.67125E-08
 1.12564E-20 5.51748E-07 1.58431E-06 5.89133E-08 4.13781E-10 3.36873E-12 2.99738E-07 1.16045E-11
 1.99302E-11 7.44847E-14 2.57756E-10 1.71554E-11 9.95568E-15 1.09026E-13 2.10021E-01 3.61509E-12
 8.73914E-18 3.92077E-19 1.35744E-10 1.24638E-11 1.87750E-13 3.15557E-04 1.06612E-10 2.67028E-16
 5.55202E-04 1.13223E-13 7.95839E-12 5.93376E-10 4.20389E-08 1.12995E-20 5.52019E-07 1.58268E-06
 5.52325E-08 2.90792E-10 2.59327E-12 2.99667E-07 1.32362E-11 1.92198E-11 7.67585E-14 2.72644E-10
 3.42327E-11 9.46442E-15 1.37671E-13 2.10025E-01 4.22495E-12 9.81706E-18 5.90610E-19 1.55318E-10
 1.34430E-11 2.26357E-13 3.18036E-04 8.06857E-11 3.51907E-16 2.85599E-04 1.10491E-13 6.66290E-12
 4.41043E-10 4.72004E-08 1.08527E-20 5.52232E-07 1.58136E-06 5.22090E-08 1.98514E-10 1.94105E-12
 2.99588E-07 1.42373E-11 1.70868E-11 7.03535E-14 2.77911E-10 5.29578E-11 8.58028E-15 1.43470E-13
 2.10027E-01 4.93801E-12 1.05422E-17 8.48559E-19 1.72524E-10 1.35052E-11 2.68270E-13 3.20112E-04
 6.11772E-11 4.59306E-16 1.41515E-04 1.10202E-13 5.45384E-12 3.18803E-10 5.22951E-08 1.07599E-20
 5.52388E-07 1.58023E-06 4.97274E-08 1.30701E-10 1.38334E-12 2.99499E-07 1.65987E-11 1.61707E-11
 7.10816E-14 2.80893E-10 6.52514E-11 8.07218E-15 1.44058E-13 2.10029E-01 5.46085E-12 1.10235E-17
 1.19063E-18 1.82529E-10 1.30229E-11 2.97317E-13 3.21664E-04 4.77412E-11 5.98883E-16 6.73967E-05
 1.17542E-13 4.36819E-12 2.24775E-10 5.76370E-08 1.14928E-20 5.52497E-07 1.57917E-06 4.76025E-08
 8.24029E-11 9.31876E-13 2.99394E-07 2.19455E-11 1.71523E-11 8.65694E-14 2.86278E-10 6.73913E-11
 8.20354E-15 1.50280E-13 2.10031E-01 5.29579E-12 1.08336E-17 1.58514E-18 1.78670E-10 1.21150E-11
 2.87240E-13 3.22586E-04 3.60043E-11 8.03271E-16 3.07016E-05 1.26094E-13 3.27826E-12 1.42599E-10
 6.50960E-08 1.23199E-20 5.52581E-07 1.57776E-06 4.52716E-08 4.53519E-11 5.79730E-13 2.99225E-07
 3.04325E-11 1.92035E-11 1.10795E-13 2.98779E-10 6.04096E-11 8.67948E-15 1.63219E-13 2.10031E-01
 2.83126E-12 5.80439E-18 1.28279E-18 1.40597E-10 9.79060E-12 1.72346E-13 3.22590E-04 2.40126E-11
 1.17044E-15 1.21824E-05 1.20870E-13 1.89607E-12 6.66759E-11 7.94993E-08 1.16146E-20 5.52625E-07
 1.57505E-06 4.20402E-08 1.76297E-11 2.73777E-13 2.98844E-07 4.81220E-11 2.54579E-11 1.43787E-13
 3.35801E-10 4.77171E-11 8.72041E-15 1.92559E-13 2.10031E-01 1.22914E-12 2.13225E-18 7.27295E-19
 1.00397E-10 6.28062E-12 7.88048E-14 3.22595E-04 1.67543E-11 2.20364E-15 9.82554E-06 1.01606E-13
 1.13921E-12 2.21511E-11 1.09124E-07 1.01392E-20 5.52513E-07 1.56932E-06 3.77831E-08 5.36638E-12
 1.63513E-13 2.97945E-07 6.63727E-11 3.86382E-11 1.29437E-13 4.25989E-10 3.96830E-11 7.96046E-15
 2.31937E-13 2.10030E-01 4.34432E-13 5.00174E-19 2.17916E-19 6.44736E-11 2.86897E-12 2.96075E-14
 3.22604E-04 1.27947E-11 4.63918E-15 9.84817E-06 9.10194E-14 7.68607E-13 6.16099E-12 1.67104E-07
 9.14751E-21 5.52002E-07 1.55796E-06 3.25732E-08 1.60243E-12 1.08981E-13 2.96032E-07 8.91055E-11
 6.58215E-11 1.20079E-13 6.16907E-10 3.93056E-11 9.59438E-15 3.97539E-13 2.10030E-01 1.23519E-13
 9.01703E-20 5.59557E-20 3.66656E-11 1.15536E-12 8.76004E-15 3.22618E-04 1.12135E-11 1.00900E-14
 9.88631E-06 9.35185E-14 6.45787E-13 2.36730E-12 2.64427E-07 9.21114E-21 5.50788E-07 1.53896E-06
 2.70591E-08 7.08342E-13 8.56832E-14 2.92671E-07 1.16684E-10 1.14864E-10 1.24124E-13 9.52065E-10
 4.68597E-11 1.48997E-14 8.94453E-13 2.10029E-01 2.88155E-14 1.44963E-20 1.39878E-20 1.86734E-11
 4.77697E-13 2.01191E-15 3.22637E-04 1.06910E-11 2.12296E-14 9.94073E-06 1.04725E-13 6.47048E-13
 1.66147E-12 4.04836E-07 1.00141E-20 5.48649E-07 1.51204E-06 2.20506E-08 4.89902E-13 7.54912E-14
 2.87723E-07 1.48516E-10 1.89709E-10 1.35384E-13 1.44253E-09 6.11231E-11 2.49077E-14 2.04919E-12
 2.10027E-01 5.85174E-15 2.23459E-21 4.09951E-21 8.85969E-12 2.03218E-13 3.76860E-16 3.22662E-04
 1.06959E-11 4.26819E-14 1.00115E-05 1.23527E-13 7.32262E-13 1.70251E-12 5.92232E-07 1.15138E-20
 5.45407E-07 1.47722E-06 1.78746E-08 4.37319E-13 7.18587E-14 2.81113E-07 1.83994E-10 2.92200E-10
 1.50805E-13 2.08951E-09 8.21000E-11 4.10821E-14 4.31654E-12 2.10026E-01 1.06418E-15 3.35286E-22
 2.19051E-21 3.99469E-12 8.68217E-14 5.98112E-17 3.22691E-04 1.10881E-11 8.18096E-14 1.00963E-05
 1.51795E-13 9.01999E-13 2.12340E-12 8.25794E-07 1.40355E-20 5.41033E-07 1.43574E-06 1.46476E-08
 4.54691E-13 7.29805E-14 2.73020E-07 2.21985E-10 4.18361E-10 1.69796E-13 2.86868E-09 1.09338E-10
 6.43650E-14 8.02016E-12 2.10024E-01 1.79211E-16 5.05187E-23 2.09300E-21 1.75397E-12 3.75832E-14
 8.49749E-18 3.22724E-04 1.18111E-11 1.50755E-13 1.01927E-05 1.92943E-13 1.17733E-12 2.98415E-12
 1.10656E-06 1.81372E-20 5.35547E-07 1.38884E-06 1.22626E-08 5.24288E-13 7.81985E-14 2.63637E-07
 2.61631E-10 5.62804E-10 1.92504E-13 3.75516E-09 1.42204E-10 9.54141E-14 1.32178E-11 2.10021E-01
 2.83296E-17 7.66147E-24 2.27044E-21 7.58142E-13 1.65300E-14 1.11864E-18 3.22759E-04 1.28594E-11
 2.68820E-13 1.02972E-05 2.52688E-13 1.60105E-12 4.55185E-12 1.43390E-06 2.48295E-20 5.29068E-07
 1.33818E-06 1.05681E-08 6.52063E-13 8.76805E-14 2.53273E-07 3.02289E-10 7.18137E-10 2.19732E-13
 4.71412E-09 1.79217E-10 1.34227E-13 1.95442E-11 2.10018E-01 4.25514E-18 1.17462E-24 2.37855E-21
 3.25909E-13 7.43542E-15 1.40539E-19 3.22796E-04 1.42613E-11 4.66107E-13 1.04060E-05 3.40112E-13
 2.24416E-12 7.41891E-12 1.80511E-06 3.59166E-20 5.21801E-07 1.28570E-06 9.41070E-09 8.63685E-13
 1.02178E-13 2.42310E-07 3.43698E-10 8.76379E-10 2.52901E-13 5.70565E-09 2.18390E-10 1.80187E-13
 2.62921E-11 2.10015E-01 6.14635E-19 1.83219E-25 2.37455E-21 1.40998E-13 3.45814E-15 1.72661E-20
 3.22833E-04 1.66468E-11 8.07262E-13 1.05175E-05 4.77296E-13 3.39613E-12 1.35012E-11 2.22358E-06
 5.65250E-20 5.13826E-07 1.23211E-06 8.64448E-09 1.30097E-12 1.32351E-13 2.30901E-07 3.76542E-10
 1.03107E-09 2.86957E-13 6.71707E-09 2.64427E-10 2.43509E-13 3.37939E-11 2.10012E-01 8.39815E-20
 2.87212E-26 2.17332E-21 6.13370E-14 1.68171E-15 2.05552E-21 3.22870E-04 1.95810E-11 1.37776E-12
 1.06308E-05 6.81649E-13 5.20485E-12 2.50178E-11 2.69557E-06 9.25088E-20 5.05188E-07 1.17791E-06
 8.14273E-09 1.99571E-12 1.74780E-13 2.19148E-07 4.10158E-10 1.18928E-09 3.28591E-13 7.72294E-09
 3.11308E-10 3.21452E-13 4.13222E-11 2.10008E-01 1.07446E-20 4.36401E-27 1.89929E-21 2.67668E-14
 9.02709E-16 2.33482E-22 3.22907E-04 2.30542E-11 2.32298E-12 1.07449E-05 9.85816E-13 7.99250E-12
 4.59987E-11 3.22630E-06 1.56084E-19 4.95941E-07 1.12358E-06 7.81493E-09 3.03342E-12 2.32059E-13
 2.07156E-07 4.47775E-10 1.35828E-09 3.81366E-13 8.69986E-09 3.56415E-10 4.16223E-13 4.86763E-11
 2.10005E-01 1.27752E-21 6.33015E-28 1.59981E-21 1.17125E-14 6.80837E-16 2.50530E-23 3.22943E-04
 2.70175E-11 3.87944E-12 1.08595E-05 1.43637E-12 1.21897E-11 8.24351E-11 3.82234E-06 2.70029E-19
 4.86086E-07 1.06922E-06 7.59662E-09 4.48505E-12 3.06142E-13 1.94955E-07 4.93256E-10 1.54932E-09
 4.49652E-13 9.62719E-09 3.97721E-10 5.30964E-13 5.58675E-11 2.10001E-01 1.39690E-22 8.61263E-29
 1.30600E-21 5.12816E-15 9.69528E-16 2.50360E-24 3.22979E-04 3.14003E-11 6.43174E-12 1.09749E-05
 2.10020E-12 1.83445E-11 1.42100E-10 4.48898E-06 4.78910E-19 4.75595E-07 1.01476E-06 7.44436E-09
 6.36753E-12 3.97920E-13 1.82541E-07 5.51384E-10 1.77733E-09 5.39570E-13 1.04826E-08 4.33703E-10
 6.69875E-13 6.29960E-11 2.09997E-01 1.38888E-23 1.08268E-29 1.03628E-21 2.24188E-15 1.92058E-15
 2.29869E-25 3.23013E-04 3.60929E-11 1.05979E-11 1.10915E-05 3.07309E-12 2.70865E-11 2.33162E-10
 5.22770E-06 8.74308E-19 4.64416E-07 9.59961E-07 7.32887E-09 8.59158E-12 5.05940E-13 1.69884E-07
 6.28710E-10 2.06087E-09 6.60706E-13 1.12403E-08 4.62869E-10 8.37204E-13 7.00531E-11 2.09993E-01
 1.23913E-24 1.25226E-30 8.00478E-22 9.76484E-16 3.18514E-15 1.93163E-26 3.23048E-04 4.09596E-11
 1.73414E-11 1.12087E-05 4.49199E-12 3.90334E-11 3.60472E-10 6.02448E-06 1.65498E-18 4.52595E-07
 9.05063E-07 7.23076E-09 1.09256E-11 6.26196E-13 1.57075E-07 7.34182E-10 2.41917E-09 8.27453E-13
 1.18623E-08 4.82620E-10 1.03454E-12 7.65571E-11 2.09988E-01 9.87274E-26 1.47708E-31 6.07799E-22
 4.27191E-16 3.73343E-15 1.64329E-27 3.23082E-04 4.58099E-11 2.81323E-11 1.13266E-05 6.55703E-12
 5.46790E-11 5.21504E-10 6.85295E-06 3.27270E-18 4.40163E-07 8.50126E-07 7.13470E-09 1.30256E-11
 7.52169E-13 1.44183E-07 8.79681E-10 2.86968E-09 1.06209E-12 1.23130E-08 4.89631E-10 1.25884E-12
 8.15434E-11 2.09984E-01 6.97425E-27 3.24084E-32 4.63378E-22 1.91549E-16 3.96796E-15 2.57061E-28
 3.23114E-04 5.04349E-11 4.52294E-11 1.14460E-05 9.56884E-12 7.43867E-11 7.04718E-10 7.67768E-06
 6.80381E-18 4.27034E-07 7.94633E-07 7.02764E-09 1.45614E-11 8.77963E-13 1.31164E-07 1.07986E-09
 3.42522E-09 1.39663E-12 1.25674E-08 4.80892E-10 1.50358E-12 8.38190E-11 2.09979E-01 4.29364E-28
 2.21485E-32 3.70971E-22 9.21943E-17 4.06611E-15 1.24635E-28 3.23146E-04 5.45810E-11 7.18883E-11
 1.15662E-05 1.39741E-11 9.80779E-11 8.85405E-10 8.43487E-06 1.48619E-17 4.13359E-07 7.39002E-07
 6.90139E-09 1.52667E-11 9.98336E-13 1.18216E-07 1.35356E-09 4.07906E-09 1.87735E-12 1.25973E-08
 4.52835E-10 1.74948E-12 8.18023E-11 2.09974E-01 2.38416E-29 2.51948E-32 3.48059E-22 5.32399E-17
 4.10377E-15 9.99522E-29 3.23177E-04 5.79678E-11 1.12697E-10 1.16854E-05 2.04229E-11 1.25006E-10
 1.02945E-09 9.04781E-06 3.38401E-17 3.99400E-07 6.83919E-07 6.75484E-09 1.50250E-11 1.10907E-12
 1.05611E-07 1.72432E-09 4.80009E-09 2.56791E-12 1.23858E-08 4.04584E-10 1.96694E-12 7.46161E-11
 2.09969E-01 2.40092E-30 3.83995E-32 4.26358E-22 4.11788E-17 4.11447E-15 1.06142E-28 3.23206E-04
 6.02820E-11 1.73884E-10 1.18038E-05 2.98337E-11 1.53377E-10 1.10267E-09 9.43810E-06 7.92607E-17
 3.85267E-07 6.29286E-07 6.59866E-09 1.38614E-11 1.20247E-12 9.34484E-08 2.22590E-09 5.54030E-09
 3.55950E-12 1.19272E-08 3.40050E-10 2.12174E-12 6.30000E-11 2.09965E-01 2.13148E-30 7.31146E-32
 6.60418E-22 4.14133E-17 4.11279E-15 1.38884E-28 3.23233E-04 6.32301E-11 2.70009E-10 1.19208E-05
 4.32512E-11 1.83952E-10 1.09975E-09 9.49372E-06 1.93374E-16 3.71190E-07 5.75290E-07 6.47817E-09
 1.25469E-11 1.33367E-12 8.18829E-08 2.87667E-09 6.31787E-09 4.77683E-12 1.11485E-08 2.71092E-10
 2.26788E-12 5.02407E-11 2.09960E-01 3.58682E-30 1.57036E-31 1.08995E-21 4.81837E-17 4.10448E-15
 1.99394E-28 3.23257E-04 6.51770E-11 4.12724E-10 1.20345E-05 6.20106E-11 2.11464E-10 1.01000E-09
 9.25264E-06 4.70566E-16 3.57593E-07 5.22577E-07 6.35792E-09 1.07618E-11 1.45248E-12 7.11136E-08
 3.72536E-09 6.98997E-09 6.33808E-12 1.01213E-08 2.02131E-10 2.31451E-12 3.69400E-11 2.09956E-01
 5.97283E-30 3.35686E-31 1.80584E-21 5.87773E-17 4.09226E-15 2.80913E-28 3.23279E-04 6.58404E-11
 6.21449E-10 1.21427E-05 8.77379E-11 2.34206E-10 8.67798E-10 8.80092E-06 1.12914E-15 3.45033E-07
 4.72016E-07 6.21567E-09 8.83678E-12 1.55416E-12 6.13259E-08 4.79129E-09 7.44389E-09 8.26954E-12
 8.91740E-09 1.41531E-10 2.24971E-12 2.50279E-11 2.09951E-01 9.32131E-30 6.83788E-31 2.90593E-21
 7.20420E-17 4.07729E-15 3.73356E-28 3.23296E-04 6.55436E-11 9.28267E-10 1.22426E-05 1.22458E-10
 2.52686E-10 7.13996E-10 8.21838E-06 2.67502E-15 3.34158E-07 4.24609E-07 6.05399E-09 7.10421E-12
 1.65187E-12 5.26685E-08 6.07224E-09 7.60402E-09 1.05232E-11 7.60873E-09 9.38710E-11 2.09712E-12
 1.57342E-11 2.09947E-01 1.37070E-29 1.32102E-30 4.49133E-21 8.75768E-17 4.05999E-15 4.65693E-28
 3.23309E-04 6.45630E-11 1.38455E-09 1.23331E-05 1.68811E-10 2.68251E-10 5.74219E-10 7.55908E-06
 6.28497E-15 3.25496E-07 3.80671E-07 5.88170E-09 5.68761E-12 1.75717E-12 4.51103E-08 7.55073E-09
 7.42680E-09 1.30204E-11 6.26732E-09 5.93316E-11 1.88354E-12 9.20264E-12 2.09943E-01 1.93621E-29
 2.44682E-30 6.68980E-21 1.05618E-16 4.04012E-15 5.49561E-28 3.23318E-04 6.30859E-11 2.07205E-09
 1.24132E-05 2.29757E-10 2.82590E-10 4.59769E-10 6.85962E-06 1.46817E-14 3.19613E-07 3.40353E-07
 5.70920E-09 4.59416E-12 1.87799E-12 3.85651E-08 9.18554E-09 6.90894E-09 1.56125E-11 4.95571E-09
 3.59053E-11 1.63261E-12 4.99513E-12 2.09939E-01 2.69083E-29 4.41539E-30 9.69124E-21 1.27086E-16
 4.01675E-15 6.21965E-28 3.23321E-04 6.12522E-11 3.11345E-09 1.24813E-05 3.07008E-10 2.97563E-10
 3.73733E-10 6.15849E-06 3.38846E-14 3.17186E-07 3.04071E-07 5.55069E-09 3.79367E-12 2.01743E-12
 3.29738E-08 1.08896E-08 6.10334E-09 1.79734E-11 3.73227E-09 2.09812E-11 1.36547E-12 2.50788E-12
 2.09934E-01 3.77090E-29 7.87565E-30 1.38031E-20 1.53675E-16 3.98820E-15 6.86952E-28 3.23319E-04
 5.91215E-11 4.67179E-09 1.25368E-05 3.98584E-10 3.14817E-10 3.13810E-10 5.48972E-06 7.59785E-14
 3.18906E-07 2.71846E-07 5.42049E-09 3.23961E-12 2.17192E-12 2.82143E-08 1.25196E-08 5.12220E-09
 1.95566E-11 2.65322E-09 1.19908E-11 1.10102E-12 1.16311E-12 2.09929E-01 5.44967E-29 1.40393E-29
 1.95332E-20 1.88260E-16 3.95159E-15 7.56344E-28 3.23312E-04 5.67163E-11 6.93151E-09 1.25789E-05
 4.98209E-10 3.35195E-10 2.74563E-10 4.87447E-06 1.62254E-13 3.25526E-07 2.43573E-07 5.33171E-09
 2.87938E-12 2.33530E-12 2.41640E-08 1.39056E-08 4.10496E-09 1.98514E-11 1.77292E-09 6.79023E-12
 8.56260E-13 5.00900E-13 2.09924E-01 8.19362E-29 2.50579E-29 2.76371E-20 2.34491E-16 3.90326E-15
 8.43266E-28 3.23299E-04 5.40488E-11 1.00576E-08 1.26070E-05 5.97824E-10 3.58206E-10 2.49479E-10
 4.31852E-06 3.25140E-13 3.37700E-07 2.19300E-07 5.29565E-09 2.65783E-12 2.50048E-12 2.07485E-08
 1.49268E-08 3.17127E-09 1.87724E-11 1.12025E-09 3.84666E-12 6.44258E-13 2.03190E-13 2.09919E-01
 1.26591E-28 4.43078E-29 3.90930E-20 2.95495E-16 3.84009E-15 9.53857E-28 3.23281E-04 5.12817E-11
 1.41720E-08 1.26210E-05 6.90254E-10 3.82272E-10 2.32403E-10 3.81143E-06 6.08678E-13 3.55841E-07
 1.98902E-07 5.32390E-09 2.53050E-12 2.66974E-12 1.78961E-08 1.55561E-08 2.39175E-09 1.66312E-11
 6.77180E-10 2.18884E-12 4.71787E-13 7.90642E-14 2.09913E-01 1.96252E-28 7.64309E-29 5.47677E-20
 3.73040E-16 3.76036E-15 1.08472E-27 3.23257E-04 4.84068E-11 1.93222E-08 1.26215E-05 7.71062E-10
 4.05584E-10 2.19142E-10 3.34803E-06 1.06632E-12 3.80439E-07 1.81815E-07 5.42194E-09 2.45809E-12
 2.83846E-12 1.54983E-08 1.58370E-08 1.78123E-09 1.39695E-11 3.96595E-10 1.25347E-12 3.38228E-13
 3.00203E-14 2.09907E-01 2.98363E-28 1.26923E-28 7.55841E-20 4.67988E-16 3.66317E-15 1.22780E-27
 3.23230E-04 4.54495E-11 2.55214E-08 1.26091E-05 8.38846E-10 4.26967E-10 2.07335E-10 2.92816E-06
 1.76170E-12 4.12032E-07 1.67478E-07 5.59506E-09 2.41646E-12 3.00601E-12 1.34636E-08 1.58437E-08
 1.32161E-09 1.12642E-11 2.27575E-10 7.22953E-13 2.38881E-13 1.12844E-14 2.09901E-01 4.37157E-28
 2.00993E-28 1.02274E-19 5.79702E-16 3.54916E-15 1.37098E-27 3.23197E-04 4.25165E-11 3.28169E-08
 1.25845E-05 8.94734E-10 4.46114E-10 1.95972E-10 2.55366E-06 2.77656E-12 4.50644E-07 1.55568E-07
 5.84524E-09 2.39533E-12 3.18087E-12 1.17440E-08 1.56568E-08 9.83076E-10 8.81759E-12 1.29485E-10
 4.20127E-13 1.67285E-13 4.25179E-15 2.09895E-01 6.09127E-28 3.01248E-28 1.34818E-19 7.04345E-16
 3.42219E-15 1.49749E-27 3.23161E-04 3.95681E-11 4.12911E-08 1.25482E-05 9.41882E-10 4.63537E-10
 1.85365E-10 2.22899E-06 4.21930E-12 4.96532E-07 1.45653E-07 6.16731E-09 2.38323E-12 3.36149E-12
 1.02804E-08 1.53362E-08 7.35138E-10 6.78208E-12 7.38120E-11 2.46442E-13 1.16698E-13 1.61962E-15
 2.09888E-01 8.04099E-28 4.26861E-28 1.73581E-19 8.37952E-16 3.28623E-15 1.60062E-27 3.23122E-04
 3.60548E-11 5.04891E-08 1.25007E-05 9.87438E-10 4.80943E-10 1.78439E-10 1.98058E-06 6.14019E-12
 5.50054E-07 1.37351E-07 6.55208E-09 2.33501E-12 3.43054E-12 9.02255E-09 1.49230E-08 5.51494E-10
 5.31740E-12 4.32013E-11 1.50002E-13 8.13892E-14 6.41361E-16 2.09881E-01 1.01341E-27 5.73438E-28
 2.28536E-19 9.76574E-16 3.14520E-15 1.72281E-27 3.23079E-04 3.25762E-11 6.06372E-08 1.24430E-05
 1.03233E-09 4.98655E-10 1.73648E-10 1.77727E-06 8.70320E-12 6.10840E-07 1.30401E-07 7.03935E-09
 2.27264E-12 3.44286E-12 7.94292E-09 1.44518E-08 4.15584E-10 4.20480E-12 2.58932E-11 9.36246E-14
 5.68488E-14 2.61757E-16 2.09874E-01 1.22927E-27 7.38547E-28 3.01986E-19 1.11657E-15 3.00276E-15
 1.87372E-27 3.23034E-04 2.94924E-11 7.21327E-08 1.23758E-05 1.07555E-09 5.16436E-10 1.69176E-10
 1.59297E-06 1.21791E-11 6.78628E-07 1.24532E-07 7.68428E-09 2.21861E-12 3.46664E-12 7.01292E-09
 1.39442E-08 3.14899E-10 3.30191E-12 1.56804E-11 5.88311E-14 3.96882E-14 1.07983E-16 2.09867E-01
 1.44237E-27 9.20249E-28 3.91566E-19 1.25567E-15 2.86117E-15 2.05126E-27 3.22986E-04 2.67529E-11
 8.51181E-08 1.23003E-05 1.11904E-09 5.34970E-10 1.65413E-10 1.42610E-06 1.68863E-11 7.52742E-07
 1.19552E-07 8.52815E-09 2.16940E-12 3.50144E-12 6.21252E-09 1.34174E-08 2.40061E-10 2.58263E-12
 9.59890E-12 3.72404E-14 2.77189E-14 4.50072E-17 2.09859E-01 1.64691E-27 1.11512E-27 4.99093E-19
 1.39096E-15 2.72338E-15 2.27446E-27 3.22936E-04 2.40604E-11 9.85995E-08 1.22182E-05 1.16855E-09
 5.55914E-10 1.64991E-10 1.29492E-06 2.28765E-11 8.31878E-07 1.15329E-07 9.59906E-09 2.09314E-12
 3.42855E-12 5.52851E-09 1.28870E-08 1.84168E-10 2.07534E-12 6.07352E-12 2.44277E-14 1.95205E-14
 1.96088E-17 2.09851E-01 1.85810E-27 1.32418E-27 6.54076E-19 1.51898E-15 2.59283E-15 2.65769E-27
 3.22884E-04 2.15545E-11 1.12662E-07 1.21308E-05 1.22495E-09 5.79816E-10 1.67418E-10 1.18581E-06
 3.05355E-11 9.15199E-07 1.11705E-07 1.09554E-08 2.00182E-12 3.28493E-12 4.94328E-09 1.23625E-08
 1.42355E-10 1.70033E-12 3.96802E-12 1.64687E-14 1.38696E-14 8.89374E-18 2.09844E-01 2.08290E-27
 1.55197E-27 8.73714E-19 1.63864E-15 2.47061E-15 3.26973E-27 3.22831E-04 1.93771E-11 1.28022E-07
 1.20381E-05 1.28751E-09 6.06996E-10 1.71254E-10 1.08104E-06 4.07192E-11 1.00282E-06 1.08512E-07
 1.26832E-08 1.91666E-12 3.15089E-12 4.43640E-09 1.18454E-08 1.11006E-10 1.39237E-12 2.63801E-12
 1.12047E-14 9.89788E-15 4.10052E-18 2.09836E-01 2.32073E-27 1.80385E-27 1.15732E-18 1.75074E-15
 2.35589E-15 4.13476E-27 3.22777E-04 1.74753E-11 1.44505E-07 1.19400E-05 1.35833E-09 6.38545E-10
 1.76697E-10 9.79511E-07 5.42523E-11 1.09510E-06 1.05621E-07 1.48754E-08 1.83813E-12 3.02180E-12
 3.99150E-09 1.13358E-08 8.75047E-11 1.14057E-12 1.77880E-12 7.70799E-15 7.10320E-15 1.92004E-18
 2.09828E-01 2.58593E-27 2.09093E-27 1.52355E-18 1.85607E-15 2.24783E-15 5.36068E-27 3.22720E-04
 1.58082E-11 1.61956E-07 1.18374E-05 1.44056E-09 6.76024E-10 1.84299E-10 8.81340E-07 7.23123E-11
 1.19129E-06 1.02969E-07 1.76039E-08 1.76551E-12 2.89499E-12 3.60095E-09 1.08395E-08 6.99613E-11
 9.36435E-13 1.22083E-12 5.38825E-15 5.14136E-15 9.18454E-19 2.09819E-01 2.89583E-27 2.42664E-27
 1.99487E-18 1.95401E-15 2.14706E-15 7.09742E-27 3.22662E-04 1.43422E-11 1.80174E-07 1.17315E-05
 1.53796E-09 7.21277E-10 1.94727E-10 7.86900E-07 9.65380E-11 1.29042E-06 1.00512E-07 2.09291E-08
 1.69801E-12 2.76811E-12 3.25881E-09 1.03628E-08 5.69509E-11 7.72109E-13 8.57464E-13 3.84871E-15
 3.76672E-15 4.52263E-19 2.09811E-01 3.27276E-27 2.82930E-27 2.59930E-18 2.04395E-15 2.05415E-15
 9.56209E-27 3.22602E-04 1.30398E-11 1.98890E-07 1.16215E-05 1.65461E-09 7.76340E-10 2.08818E-10
 6.96633E-07 1.29182E-10 1.39316E-06 9.81786E-08 2.49640E-08 1.63411E-12 2.63890E-12 2.95487E-09
 9.90315E-09 4.73556E-11 6.39824E-13 6.17700E-13 2.81924E-15 2.80150E-15 2.30279E-19 2.09802E-01
 3.74873E-27 3.32580E-27 3.37398E-18 2.12684E-15 1.96810E-15 1.30797E-26 3.22540E-04 1.18702E-11
 2.17871E-07 1.15072E-05 1.79488E-09 8.43362E-10 2.27541E-10 6.11329E-07 1.73379E-10 1.49990E-06
 9.59207E-08 2.98299E-08 1.57205E-12 2.50563E-12 2.68219E-09 9.46019E-09 4.03397E-11 5.33140E-13
 4.57669E-13 2.12464E-15 2.12116E-15 1.21847E-19 2.09793E-01 4.36198E-27 3.94947E-27 4.36539E-18
 2.20325E-15 1.88827E-15 1.81254E-26 3.22475E-04 1.08107E-11 2.37038E-07 1.13894E-05 1.96308E-09
 9.24381E-10 2.51931E-10 5.32059E-07 2.33529E-10 1.60988E-06 9.37239E-08 3.56056E-08 1.50958E-12
 2.36736E-12 2.43796E-09 9.03826E-09 3.52732E-11 4.46912E-13 3.50233E-13 1.65117E-15 1.63867E-15
 6.73568E-20 2.09784E-01 5.15217E-27 4.73770E-27 5.62967E-18 2.27288E-15 1.81493E-15 2.53788E-26
 3.22408E-04 9.82914E-12 2.56521E-07 1.12683E-05 2.16316E-09 1.02116E-09 2.83585E-10 4.59824E-07
 3.15822E-10 1.72297E-06 9.15658E-08 4.24021E-08 1.44186E-12 2.22337E-12 2.21834E-09 8.63868E-09
 3.16466E-11 3.76703E-13 2.77772E-13 1.32318E-15 1.29195E-15 3.89515E-20 2.09775E-01 6.16492E-27
 5.73282E-27 7.23667E-18 2.33596E-15 1.74777E-15 3.58108E-26 3.22338E-04 8.83154E-12 2.77279E-07
 1.11436E-05 2.39758E-09 1.13422E-09 3.25690E-10 3.96438E-07 4.29614E-10 1.83931E-06 8.94241E-08
 5.03531E-08 1.35700E-12 2.06310E-12 2.01973E-09 8.26174E-09 2.90019E-11 3.19652E-13 2.30804E-13
 1.10119E-15 1.03730E-15 2.38869E-20 2.09765E-01 7.46082E-27 6.95998E-27 9.27952E-18 2.39285E-15
 1.68631E-15 5.07942E-26 3.22265E-04 7.53524E-12 2.82735E-07 1.10180E-05 2.66832E-09 1.25028E-09
 3.85220E-10 3.74415E-07 5.28562E-10 1.95663E-06 8.73247E-08 5.94144E-08 1.23727E-12 1.60239E-12
 1.84294E-09 7.91359E-09 2.83060E-11 3.11012E-13 2.09557E-13 1.05143E-15 9.42818E-16 1.88796E-20
 2.09756E-01 9.23885E-27 8.59145E-27 1.52976E-17 2.43932E-15 1.63129E-15 9.19616E-26 3.22190E-04
 7.08215E-12 3.11001E-07 1.08897E-05 2.99486E-09 1.41022E-09 4.41032E-10 3.09150E-07 7.57443E-10
 2.07650E-06 8.52200E-08 6.99243E-08 1.16762E-12 1.54154E-12 1.68285E-09 7.60649E-09 2.66218E-11
 2.54023E-13 1.77448E-13 8.72463E-16 7.52075E-16 1.16422E-20 2.09746E-01 1.12348E-26 1.05344E-26
 1.80155E-17 2.48418E-15 1.58112E-15 1.21961E-25 3.22111E-04 7.23632E-12 3.40297E-07 1.07543E-05
 3.37689E-09 1.59909E-09 5.07877E-10 2.52051E-07 1.08738E-09 2.20298E-06 8.30307E-08 8.23614E-08
 1.10975E-12 1.49348E-12 1.53265E-09 7.32422E-09 2.54260E-11 2.06920E-13 1.49119E-13 7.21945E-16
 6.03998E-16 6.97756E-21 2.09735E-01 1.38369E-26 1.30441E-26 2.09240E-17 2.52561E-15 1.53408E-15
 1.60450E-25 3.22027E-04 8.25457E-12 3.62839E-07 1.06125E-05 3.83169E-09 1.81341E-09 5.99646E-10
 2.14252E-07 1.49778E-09 2.33538E-06 8.07646E-08 9.68183E-08 1.04013E-12 1.33194E-12 1.39251E-09
 7.06464E-09 2.51578E-11 1.80342E-13 1.30706E-13 6.39972E-16 5.16672E-16 4.66311E-21 2.09724E-01
 1.74558E-26 1.63635E-26 2.68428E-17 2.56047E-15 1.49047E-15 2.33206E-25 3.21937E-04 1.11839E-11
 3.89776E-07 1.04647E-05 4.39787E-09 2.08372E-09 7.19636E-10 1.77226E-07 2.12726E-09 2.47343E-06
 7.84238E-08 1.13465E-07 9.70383E-13 1.21312E-12 1.26208E-09 6.83082E-09 2.50732E-11 1.54902E-13
 1.17154E-13 5.72520E-16 4.36525E-16 3.13705E-21 2.09712E-01 2.25593E-26 2.08419E-26 3.25303E-17
 2.59204E-15 1.45028E-15 3.24592E-25 3.21841E-04 1.70743E-11 4.12735E-07 1.03102E-05 5.12796E-09
 2.42537E-09 8.82376E-10 1.47495E-07 3.00631E-09 2.61744E-06 7.60039E-08 1.32510E-07 8.99134E-13
 1.06989E-12 1.14050E-09 6.62032E-09 2.57412E-11 1.37848E-13 1.08914E-13 5.34693E-16 3.81483E-16
 2.23780E-21 2.09700E-01 3.01985E-26 2.73055E-26 4.01380E-17 2.61838E-15 1.41327E-15 4.66001E-25
 3.21739E-04 2.71422E-11 4.36673E-07 1.01490E-05 6.07689E-09 2.86788E-09 1.09544E-09 1.20442E-07
 4.33987E-09 2.76744E-06 7.35113E-08 1.54135E-07 8.29441E-13 9.47305E-13 1.02735E-09 6.43312E-09
 2.67838E-11 1.23258E-13 1.03645E-13 5.08475E-16 3.33422E-16 1.62395E-21 2.09687E-01 4.16277E-26
 3.67437E-26 4.77154E-17 2.64161E-15 1.37925E-15 6.54979E-25 3.21629E-04 4.21924E-11 4.57489E-07
 9.98095E-06 7.31270E-09 3.42787E-09 1.36650E-09 9.93185E-08 6.25536E-09 2.92335E-06 7.09603E-08
 1.78468E-07 7.60620E-13 8.13187E-13 9.22407E-10 6.26709E-09 2.84366E-11 1.14038E-13 1.00512E-13
 4.95966E-16 2.99411E-16 1.22508E-21 2.09673E-01 5.84816E-26 5.08003E-26 5.67646E-17 2.66042E-15
 1.34803E-15 9.31243E-25 3.21512E-04 6.26259E-11 4.88127E-07 9.80552E-06 8.84245E-09 4.11554E-09
 1.68071E-09 7.96879E-08 9.34372E-09 3.08536E-06 6.83671E-08 2.05686E-07 6.95914E-13 7.22114E-13
 8.25327E-10 6.12148E-09 2.95083E-11 1.02546E-13 9.59987E-14 4.67078E-16 2.58155E-16 8.75311E-22
 2.09658E-01 8.16327E-26 7.05540E-26 6.35117E-17 2.67884E-15 1.31934E-15 1.25108E-24 3.21387E-04
 8.82705E-11 5.24200E-07 9.61496E-06 1.06933E-08 4.91450E-09 2.04003E-09 6.47386E-08 1.39760E-08
 3.26040E-06 6.56474E-08 2.37111E-07 6.30451E-13 6.30175E-13 7.32327E-10 5.98725E-09 3.01462E-11
 9.29227E-14 9.00883E-14 4.30006E-16 2.21504E-16 6.07494E-22 2.09642E-01 1.12730E-25 9.80711E-26
 7.04292E-17 2.69555E-15 1.29183E-15 1.65684E-24 3.21247E-04 1.18936E-10 5.73632E-07 9.39914E-06
 1.28335E-08 5.79891E-09 2.43068E-09 5.25262E-08 2.11890E-08 3.45725E-06 6.27032E-08 2.74684E-07
 5.61571E-13 5.49567E-13 6.40080E-10 5.85740E-09 2.96026E-11 8.25516E-14 8.16280E-14 3.76519E-16
 1.83092E-16 3.93710E-22 2.09624E-01 1.52880E-25 1.34909E-25 7.65711E-17 2.71256E-15 1.26424E-15
 2.12596E-24 3.21084E-04 1.53396E-10 6.35972E-07 9.15486E-06 1.52392E-08 6.72520E-09 2.82705E-09
 4.34104E-08 3.20103E-08 3.67820E-06 5.95474E-08 3.19376E-07 4.89144E-13 4.66522E-13 5.49328E-10
 5.72905E-09 2.80713E-11 7.30810E-14 7.11796E-14 3.14870E-16 1.48449E-16 2.41418E-22 2.09602E-01
 2.02163E-25 1.83487E-25 8.31881E-17 2.72861E-15 1.23640E-15 2.67930E-24 3.20893E-04 1.90832E-10
 7.23531E-07 8.88028E-06 1.77495E-08 7.61255E-09 3.18024E-09 3.59222E-08 4.87900E-08 3.92361E-06
 5.62211E-08 3.72034E-07 4.15513E-13 3.94134E-13 4.61523E-10 5.60061E-09 2.51111E-11 6.25606E-14
 5.89190E-14 2.45034E-16 1.14125E-16 1.35385E-22 2.09577E-01 2.58378E-25 2.44309E-25 9.00430E-17
 2.74384E-15 1.20833E-15 3.28383E-24 3.20669E-04 2.29526E-10 8.33640E-07 8.57508E-06 2.03594E-08
 8.42988E-09 3.46877E-09 3.03836E-08 7.36562E-08 4.19226E-06 5.27754E-08 4.33436E-07 3.43068E-13
 3.21079E-13 3.78249E-10 5.46884E-09 2.16442E-11 5.32465E-14 4.65998E-14 1.81061E-16 8.60277E-17
 7.13879E-23 2.09547E-01 3.21346E-25 3.21889E-25 9.82646E-17 2.75693E-15 1.18007E-15 3.97001E-24
 3.20408E-04 2.68475E-10 9.86451E-07 8.23937E-06 2.27825E-08 9.07090E-09 3.65573E-09 2.55575E-08
 1.11907E-07 4.48104E-06 4.92660E-08 5.04453E-07 2.74992E-13 2.59435E-13 3.00942E-10 5.33143E-09
 1.75097E-11 4.34327E-14 3.49770E-14 1.24220E-16 6.09652E-17 3.43263E-23 2.09513E-01 3.89677E-25
 4.16476E-25 1.07982E-16 2.76759E-15 1.15161E-15 4.69634E-24 3.20102E-04 3.02342E-10 1.15068E-06
 7.87554E-06 2.57760E-08 9.78025E-09 3.77634E-09 2.14825E-08 1.68304E-07 4.78412E-06 4.57496E-08
 5.85823E-07 2.13986E-13 2.01863E-13 2.30784E-10 5.18423E-09 1.41556E-11 3.62290E-14 2.55165E-14
 8.36333E-17 4.32559E-17 1.58896E-23 2.09472E-01 4.76181E-25 5.54505E-25 1.17369E-16 2.77743E-15
 1.12298E-15 5.50721E-24 3.19745E-04 3.27806E-10 1.32082E-06 7.48159E-06 3.07483E-08 1.09117E-08
 3.78598E-09 1.69436E-08 2.64059E-07 5.09132E-06 4.22800E-08 6.78708E-07 1.60390E-13 1.55882E-13
 1.68423E-10 5.02422E-09 1.13216E-11 3.08918E-14 1.80123E-14 5.45054E-17 2.95055E-17 6.94378E-24
 2.09424E-01 5.83683E-25 7.94333E-25 1.22130E-16 2.79054E-15 1.09416E-15 6.40197E-24 3.19328E-04
 3.56047E-10 1.74178E-06 7.04193E-06 3.68601E-08 1.20365E-08 3.48919E-09 1.48981E-08 4.72290E-07
 5.38108E-06 3.89048E-08 7.85194E-07 1.12442E-13 1.07029E-13 1.14348E-10 4.84825E-09 7.81566E-12
 2.64328E-14 1.17481E-14 3.13778E-17 1.94820E-17 2.74777E-24 2.09368E-01 6.34108E-25 1.13821E-24
 1.31809E-16 2.79713E-15 1.06513E-15 7.63577E-24 3.18841E-04 4.31095E-10 5.17481E-06 6.52206E-06
 2.22803E-08 7.72000E-09 2.46358E-09 2.49946E-08 9.84259E-07 5.60327E-06 3.56644E-08 9.08374E-07
 7.22702E-14 5.58687E-14 7.04040E-11 4.65273E-09 2.22128E-12 1.19320E-14 6.26614E-15 1.11728E-17
 8.20227E-18 8.05194E-25 2.09301E-01 3.69107E-25 8.28842E-25 2.45540E-16 2.69782E-15 1.03582E-15
 9.09808E-24 3.18270E-04 4.53027E-10 2.07742E-05 5.96981E-06 8.87043E-09 3.16472E-09 1.51069E-09
 6.03908E-08 1.73102E-06 5.73175E-06 3.25890E-08 1.04285E-06 4.57513E-14 3.26776E-14 3.96865E-11
 4.43218E-09 3.65293E-13 3.67291E-15 3.19280E-15 3.44166E-18 1.82672E-18 2.14499E-25 2.09215E-01
 1.35978E-25 3.08446E-25 5.31848E-16 2.42380E-15 1.00632E-15 8.06072E-24 3.17608E-04 3.74750E-10
 6.19311E-05 5.42825E-06 4.34972E-09 1.37226E-09 9.00424E-10 1.14274E-07 2.55129E-06 5.80152E-06
 2.97019E-08 1.18321E-06 2.89013E-14 2.30261E-14 2.11701E-11 4.19722E-09 7.29646E-14 1.22356E-15
 1.62332E-15 1.05618E-18 3.61347E-19 5.68183E-26 2.09103E-01 4.32036E-26 1.07664E-25 8.74413E-16
 2.09133E-15 9.76619E-16 5.74433E-24 3.16846E-04 2.71269E-10 1.42405E-04 4.91378E-06 2.63095E-09
 6.77099E-10 5.32473E-10 1.81824E-07 3.36704E-06 5.84017E-06 2.70105E-08 1.32744E-06 1.82536E-14
 1.79242E-14 1.09624E-11 3.95802E-09 2.24450E-14 4.95574E-16 8.24453E-16 3.25472E-19 1.00530E-19
 1.50417E-26 2.08955E-01 1.29002E-26 4.16617E-26 1.19803E-15 1.77554E-15 9.46598E-16 3.88448E-24
 3.15969E-04 1.90950E-10 2.76972E-04 4.43557E-06 1.79598E-09 3.64656E-10 3.14196E-10 2.58633E-07
 4.13751E-06 5.86195E-06 2.45297E-08 1.47391E-06 1.15532E-14 1.47976E-14 5.64517E-12 3.72224E-09
 1.05137E-14 2.29812E-16 4.19184E-16 1.00828E-19 4.14633E-20 3.99068E-27 2.08760E-01 3.74432E-27
 1.74790E-26 1.47782E-15 1.50102E-15 9.16216E-16 2.58243E-24 3.14958E-04 1.32359E-10 4.82216E-04
 3.99527E-06 1.28136E-09 2.06040E-10 1.85098E-10 3.19534E-07 4.84646E-06 5.87439E-06 2.22523E-08
 1.62235E-06 7.33004E-15 1.27094E-14 2.94900E-12 3.49385E-09 6.45027E-15 1.07865E-16 2.13586E-16
 3.14550E-20 2.15298E-20 1.06454E-27 2.08505E-01 1.05909E-27 7.64796E-27 1.69964E-15 1.28163E-15
 8.85252E-16 1.67998E-24 3.13787E-04 9.50152E-11 7.72191E-04 3.59175E-06 9.51304E-10 1.22110E-10
 1.08662E-10 3.71311E-07 5.48759E-06 5.88163E-06 2.01653E-08 1.77284E-06 4.65427E-15 1.12471E-14
 1.57609E-12 3.27489E-09 4.57098E-15 5.24084E-17 1.08785E-16 9.83866E-21 1.28553E-20 2.84423E-28
 2.08181E-01 2.93224E-28 3.54357E-27 1.87629E-15 1.10414E-15 8.53455E-16 1.10076E-24 3.12427E-04
 7.14515E-11 1.15908E-03 3.22497E-06 7.22659E-10 7.51842E-11 6.36005E-11 4.10904E-07 6.05858E-06
 5.88596E-06 1.82654E-08 1.92475E-06 2.95887E-15 1.01989E-14 8.68655E-13 3.06786E-09 3.44060E-15
 2.60776E-17 5.54071E-17 3.08543E-21 8.13435E-21 7.61399E-29 2.07776E-01 7.99744E-29 1.72940E-27
 2.01752E-15 9.58314E-16 8.20711E-16 7.30145E-25 3.10846E-04 5.58914E-11 1.65381E-03 2.89392E-06
 5.55531E-10 4.77232E-11 3.71466E-11 4.36711E-07 6.56103E-06 5.88866E-06 1.65468E-08 2.07755E-06
 1.88480E-15 9.43621E-15 4.96706E-13 2.87471E-09 2.65446E-15 1.31436E-17 2.82485E-17 9.70900E-22
 5.26887E-21 2.04412E-29 2.07278E-01 2.16029E-29 8.81857E-28 2.12926E-15 8.37638E-16 7.86904E-16
 4.90286E-25 3.09010E-04 4.36093E-11 2.26763E-03 2.59624E-06 4.24005E-10 3.08816E-11 2.16389E-11
 4.35086E-07 6.99941E-06 5.89016E-06 1.49981E-08 2.23119E-06 1.20343E-15 8.87279E-15 2.96015E-13
 2.69672E-09 2.05449E-15 6.46081E-18 1.44301E-17 3.07066E-22 3.37297E-21 5.51450E-30 2.06677E-01
 5.73799E-30 4.62966E-28 2.21215E-15 7.40875E-16 7.51858E-16 3.30565E-25 3.06875E-04 3.38579E-11
 3.01083E-03 2.32887E-06 3.21231E-10 2.03195E-11 1.25487E-11 4.11677E-07 7.37880E-06 5.89024E-06
 1.36043E-08 2.38595E-06 7.69329E-16 8.44598E-15 1.83869E-13 2.53424E-09 1.59107E-15 3.10642E-18
 7.37670E-18 9.74984E-23 2.13733E-21 1.49341E-30 2.05960E-01 1.48503E-30 2.49543E-28 2.27213E-15
 6.61401E-16 7.15380E-16 2.24178E-25 3.04392E-04 2.76828E-11 3.88770E-03 2.09021E-06 2.46228E-10
 1.36896E-11 7.25490E-12 3.91147E-07 7.70334E-06 5.88887E-06 1.23582E-08 2.54134E-06 4.92472E-16
 8.11159E-15 1.18883E-13 2.38780E-09 1.24875E-15 1.54131E-18 3.77236E-18 3.10447E-23 1.39255E-21
 4.05364E-31 2.05119E-01 3.79872E-31 1.39473E-28 2.31911E-15 5.88662E-16 6.77452E-16 1.54786E-25
 3.01518E-04 2.28456E-11 4.90123E-03 1.87892E-06 1.87460E-10 9.35256E-12 4.18713E-12 3.58702E-07
 7.97798E-06 5.88608E-06 1.12538E-08 2.69678E-06 3.16102E-16 7.83922E-15 8.00875E-14 2.25834E-09
 9.81914E-16 7.60338E-19 1.93322E-18 9.94037E-24 9.04018E-22 1.10604E-31 2.04145E-01 9.61166E-32
 7.98634E-29 2.35141E-15 5.23675E-16 6.38104E-16 1.07731E-25 2.98205E-04 1.92437E-11 6.05190E-03
 1.69333E-06 1.42375E-10 6.48379E-12 2.41538E-12 3.22528E-07 8.20666E-06 5.88141E-06 1.02827E-08
 2.85199E-06 2.03605E-16 7.60584E-15 5.61853E-14 2.14604E-09 7.77038E-16 3.76726E-19 9.92906E-19
 3.20115E-24 5.91436E-22 3.03349E-32 2.03032E-01 2.42025E-32 4.68407E-29 2.37068E-15 4.64178E-16
 5.97390E-16 7.57102E-26 2.94403E-04 1.68041E-11 7.33383E-03 1.53250E-06 1.08325E-10 4.56644E-12
 1.39780E-12 2.88254E-07 8.39303E-06 5.87475E-06 9.43991E-09 3.00633E-06 1.31992E-16 7.39531E-15
 4.10987E-14 2.05123E-09 6.21585E-16 1.90158E-19 5.11899E-19 1.03817E-24 3.94113E-22 8.37088E-33
 2.01777E-01 6.16126E-33 2.81570E-29 2.37782E-15 4.08770E-16 5.55501E-16 5.38144E-26 2.90066E-04
 1.47642E-11 8.73897E-03 1.39556E-06 8.16774E-11 3.24742E-12 8.15539E-13 2.49776E-07 8.54003E-06
 5.86572E-06 8.72031E-09 3.15937E-06 8.66688E-17 7.19606E-15 3.14552E-14 1.97443E-09 4.99409E-16
 9.53789E-20 2.65911E-19 3.39915E-25 2.62383E-22 2.32962E-33 2.00377E-01 1.59193E-33 1.72050E-29
 2.37001E-15 3.59774E-16 5.12667E-16 3.84107E-26 2.85149E-04 1.32316E-11 1.02541E-02 1.28194E-06
 6.13245E-11 2.33565E-12 4.86628E-13 2.12761E-07 8.64884E-06 5.85356E-06 8.11984E-09 3.31068E-06
 5.84724E-17 6.99970E-15 2.53221E-14 1.91576E-09 4.04992E-16 4.80724E-20 1.40643E-19 1.12738E-25
 1.76559E-22 6.55255E-34 1.98837E-01 4.22711E-34 1.06911E-29 2.34700E-15 3.17126E-16 4.69234E-16
 2.75699E-26 2.79614E-04 1.19468E-11 1.18618E-02 1.19152E-06 4.56663E-11 1.69353E-12 3.08930E-13
 1.76279E-07 8.71954E-06 5.83734E-06 7.63620E-09 3.45982E-06 4.18416E-17 6.80032E-15 2.15965E-14
 1.87537E-09 3.30597E-16 2.41410E-20 7.86133E-20 3.86962E-26 1.19034E-22 1.89193E-34 1.97159E-01
 1.17335E-34 6.72323E-30 2.30734E-15 2.82049E-16 4.25645E-16 1.98196E-26 2.73428E-04 1.10734E-11
 1.35383E-02 1.12472E-06 3.40389E-11 1.24018E-12 2.29448E-13 1.44566E-07 8.75072E-06 5.81595E-06
 7.26933E-09 3.60614E-06 3.36403E-17 6.59406E-15 1.96428E-14 1.85306E-09 2.72878E-16 1.26346E-20
 5.18765E-20 1.61156E-26 8.12997E-23 6.53443E-35 1.95357E-01 3.99769E-35 4.28047E-30 2.25038E-15
 2.55234E-16 3.82481E-16 1.42863E-26 2.66582E-04 2.88150E+02 2.81650E+02 2.75150E+02 2.68660E+02
 2.62170E+02 2.55680E+02 2.49190E+02 2.42700E+02 2.36210E+02 2.29730E+02 2.23250E+02 2.16770E+02
 2.16650E+02 2.16650E+02 2.16650E+02 2.16650E+02 2.16650E+02 2.16650E+02 2.16650E+02 2.16650E+02
 2.16650E+02 2.17580E+02 2.18570E+02 2.19570E+02 2.20560E+02 2.21550E+02 2.22540E+02 2.23540E+02
 2.24530E+02 2.25520E+02 2.26510E+02 2.27500E+02 2.28490E+02 2.30970E+02 2.33740E+02 2.36510E+02
 2.39280E+02 2.42050E+02 2.44820E+02 2.47580E+02 2.50350E+02 2.53140E+02 2.55880E+02 2.58640E+02
 2.61400E+02 2.64160E+02 2.66960E+02 2.69680E+02 2.70650E+02 2.70650E+02 2.70650E+02 2.70650E+02
 2.69030E+02 2.66270E+02 2.63520E+02 2.60770E+02 2.58020E+02 2.55270E+02 2.52520E+02 2.49770E+02
 2.47020E+02 2.44270E+02 2.41530E+02 2.30780E+02 2.30500E+02 2.30500E+02 2.27000E+02 2.25100E+02
 2.22000E+02 2.19600E+02 2.16000E+02 2.14300E+02 2.12000E+02 2.10300E+02 2.08000E+02 2.06400E+02
 2.04000E+02 2.02500E+02 2.00000E+02 1.98600E+02 1.96000E+02 1.94700E+02 1.92000E+02 1.90800E+02
 1.89000E+02 1.86900E+02 1.86900E+02 1.86900E+02 1.86900E+02 1.86900E+02 1.88000E+02 1.90000E+02
 1.91000E+02 1.92500E+02 1.94000E+02 1.95000E+02 1.96500E+02 1.98000E+02 2.00000E+02 2.02000E+02
 1.00000E+05 1.00000E+05 1.00000E+05 1.00000E+05 1.00000E+05 1.00000E+05 1.00000E+05 1.00000E+05
 1.00000E+05 8.94400E+04 4.89900E+04 2.25800E+04 1.16600E+04 6.81200E+03 5.16500E+03 4.29000E+03
 3.95000E+03 3.90000E+03 3.99900E+03 4.34300E+03 4.84400E+03 5.43900E+03 6.18700E+03 7.03600E+03
 7.98400E+03 8.98600E+03 1.00300E+04 1.12800E+04 1.24900E+04 1.36300E+04 1.51300E+04 1.66900E+04
 1.81800E+04 1.99800E+04 2.19800E+04 2.44500E+04 2.74600E+04 3.04600E+04 3.39400E+04 3.79500E+04
 4.19500E+04 4.64300E+04 5.19100E+04 5.84000E+04 6.44500E+04 7.13600E+04 7.99000E+04 8.79100E+04
 9.68700E+04 1.06900E+05 1.17800E+05 1.31800E+05 1.48300E+05 1.65800E+05 1.83300E+05 2.01800E+05
 2.25600E+05 2.52200E+05 2.77200E+05 3.07000E+05 3.42100E+05 3.79500E+05 4.21900E+05 4.71700E+05
 5.17400E+05 5.67400E+05 6.22400E+05 6.82600E+05 7.48700E+05 8.21200E+05 9.00700E+05 9.87900E+05
 1.00000E+06 1.00000E+06 1.00000E+06 1.00000E+06 1.00000E+06 1.00000E+06 1.00000E+06 1.00000E+06
 1.00000E+06 1.00000E+06 1.00000E+06 1.00000E+06 1.00000E+06 1.00000E+06 1.00000E+06 1.00000E+06
 1.00000E+06 1.00000E+06 1.00000E+06 1.00000E+06 1.00000E+06 1.00000E+06 1.00000E+06 1.00000E+06
 1.00000E+06 1.00000E+06 1.00000E+06 1.00000E+06 2.40071E+19 2.17868E+19 1.97278E+19 1.78211E+19
 1.60594E+19 1.44347E+19 1.29394E+19 1.15661E+19 1.03076E+19 9.15669E+18 8.10714E+18 7.15254E+18
 6.11645E+18 5.22758E+18 4.46810E+18 3.81915E+18 3.26462E+18 2.79074E+18 2.38576E+18 2.03965E+18
 1.74384E+18 1.48513E+18 1.26540E+18 1.07898E+18 9.20766E+17 7.86349E+17 6.72059E+17 5.74785E+17
 4.91977E+17 4.21407E+17 3.61221E+17 3.09854E+17 2.65981E+17 2.27116E+17 1.94043E+17 1.66101E+17
 1.42447E+17 1.22383E+17 1.05331E+17 9.08160E+16 7.84301E+16 6.78407E+16 5.87876E+16 5.10188E+16
 4.43451E+16 3.86027E+16 3.36490E+16 2.93823E+16 2.58483E+16 2.28272E+16 2.01599E+16 1.78050E+16
 1.58146E+16 1.40935E+16 1.25447E+16 1.11530E+16 9.90365E+15 8.78345E+15 7.78015E+15 6.88260E+15
 6.08059E+15 5.36482E+15 4.72662E+15 4.29268E+15 3.71713E+15 3.21470E+15 2.82005E+15 2.45267E+15
 2.14138E+15 1.86063E+15 1.62255E+15 1.40020E+15 1.21011E+15 1.04147E+15 8.97662E+14 7.70064E+14
 6.62227E+14 5.66185E+14 4.85751E+14 4.13851E+14 3.54188E+14 3.00665E+14 2.56663E+14 2.17053E+14
 1.83904E+14 1.55808E+14 1.30416E+14 1.09169E+14 9.13903E+13 7.65121E+13 6.37191E+13 5.28964E+13
 4.42114E+13 3.69023E+13 3.08474E+13 2.58845E+13 2.16910E+13 1.82030E+13 1.52626E+13 1.28209E+13
 7.94660E-11 9.68893E-11 1.33775E-10 1.80324E-10 2.31666E-10 2.83936E-10 3.33797E-10 3.78818E-10
 4.17441E-10 4.50355E-10 4.84127E-10 5.26362E-10 5.58634E-10 5.71487E-10 5.61196E-10 5.31042E-10
 4.87311E-10 4.37908E-10 3.88716E-10 3.43671E-10 3.04842E-10 2.71974E-10 2.44367E-10 2.21303E-10
 2.01623E-10 1.83777E-10 1.66857E-10 1.50882E-10 1.35809E-10 1.21460E-10 1.07918E-10 9.52964E-11
 8.35112E-11 7.25685E-11 6.25414E-11 5.34923E-11 4.54788E-11 3.84279E-11 3.22480E-11 2.68951E-11
 2.22766E-11 1.83059E-11 1.49436E-11 1.21466E-11 9.82371E-12 7.89271E-12 6.31035E-12 5.01793E-12
 3.96251E-12 3.10893E-12 2.41712E-12 1.87362E-12 1.45036E-12 1.11930E-12 8.58302E-13 6.52871E-13
 4.94421E-13 3.72599E-13 2.77908E-13 2.05455E-13 1.50728E-13 1.09500E-13 7.87622E-14 5.63331E-14
 3.95540E-14 2.72273E-14 1.83991E-14 1.21682E-14 7.86897E-15 4.96233E-15 3.04717E-15 1.81423E-15
 9.97885E-16 4.95865E-16 2.18681E-16 8.36522E-17 2.70612E-17 7.16373E-18 1.49632E-18 2.35138E-19
 2.63738E-20 1.96895E-21 9.07231E-23 2.32570E-24 2.95870E-26 1.62116E-28 3.18255E-31 1.82914E-34
 2.42375E-38 5.56252E-43 1.55916E-48 3.54411E-55 4.14523E-63 1.41242E-72 7.31625E-84 2.73363E-97
 1.00000-100 1.00000-100 1.00000-100 1.00000-100 2.78391E+01 2.40408E+01 2.47298E+01 2.58568E+01
 2.71924E+01 2.79215E+01 2.76973E+01 2.69602E+01 2.54947E+01 2.36567E+01 2.19456E+01 2.02707E+01
 1.76545E+01 1.51701E+01 1.25455E+01 1.00051E+01 8.14146E+00 6.99453E+00 6.20460E+00 5.80555E+00
 5.61759E+00 5.49144E+00 5.54952E+00 5.76486E+00 5.46089E+00 4.19777E+00 3.21819E+00 2.45898E+00
 1.87194E+00 1.41970E+00 1.07084E+00 8.04313E-01 6.00054E-01 4.39506E-01 3.19161E-01 2.30429E-01
 1.65901E-01 1.18928E-01 8.47621E-02 6.01498E-02 4.24519E-02 2.97702E-02 2.08671E-02 1.47200E-02
 1.03477E-02 7.23712E-03 5.04368E-03 3.50214E-03 2.43291E-03 1.68572E-03 1.15747E-03 7.92403E-04
 5.44825E-04 3.74705E-04 2.55755E-04 1.72958E-04 1.16309E-04 7.77371E-05 5.13584E-05 3.35885E-05
 2.17702E-05 1.39537E-05 8.84282E-06 5.86226E-06 3.55542E-06 2.10846E-06 1.26284E-06 7.29037E-07
 4.15142E-07 2.28757E-07 1.23778E-07 6.37852E-08 3.04773E-08 1.30690E-08 4.99126E-09 1.64122E-09
 4.58673E-10 1.03975E-10 1.87184E-11 2.50886E-12 2.42003E-13 1.53421E-14 6.07024E-16 1.31554E-17
 1.42098E-19 6.61837E-22 1.08200E-24 5.17904E-28 5.71987E-32 1.09466E-36 2.53617E-42 4.73231E-49
 4.58664E-57 1.29012E-66 5.52436E-78 1.71648E-91 5.19312E-95 4.32380E-95 3.62536E-95 3.04538E-95
 0.00000E+00 0.00000E+00 0.00000E+00 0.00000E+00 0.00000E+00 0.00000E+00 0.00000E+00 0.00000E+00
 0.00000E+00 0.00000E+00 0.00000E+00 0.00000E+00 0.00000E+00 0.00000E+00 0.00000E+00 0.00000E+00
 0.00000E+00 0.00000E+00 0.00000E+00 0.00000E+00 0.00000E+00 0.00000E+00 0.00000E+00 0.00000E+00
 0.00000E+00 0.00000E+00 0.00000E+00 0.00000E+00 0.00000E+00 0.00000E+00 0.00000E+00 0.00000E+00
 0.00000E+00 0.00000E+00 0.00000E+00 0.00000E+00 0.00000E+00 0.00000E+00 0.00000E+00 0.00000E+00
 0.00000E+00 0.00000E+00 0.00000E+00 0.00000E+00 0.00000E+00 0.00000E+00 0.00000E+00 0.00000E+00
 0.00000E+00 0.00000E+00 0.00000E+00 0.00000E+00 0.00000E+00 0.00000E+00 0.00000E+00 0.00000E+00
 0.00000E+00 0.00000E+00 0.00000E+00 0.00000E+00 0.00000E+00 0.00000E+00 0.00000E+00 0.00000E+00
 0.00000E+00 0.00000E+00 0.00000E+00 0.00000E+00 0.00000E+00 0.00000E+00 0.00000E+00 0.00000E+00
 0.00000E+00 0.00000E+00 0.00000E+00 0.00000E+00 0.00000E+00 0.00000E+00 0.00000E+00 0.00000E+00
 0.00000E+00 0.00000E+00 0.00000E+00 0.00000E+00 0.00000E+00 0.00000E+00 0.00000E+00 0.00000E+00
 0.00000E+00 0.00000E+00 0.00000E+00 0.00000E+00 0.00000E+00 0.00000E+00 0.00000E+00 0.00000E+00
 0.00000E+00 0.00000E+00 0.00000E+00 0.00000E+00 0.00000E+00 0.00000E+00 0.00000E+00 0.00000E+00
 0.00000E+00 0.00000E+00 0.00000E+00 0.00000E+00 0.00000E+00 0.00000E+00 0.00000E+00 0.00000E+00
 0.00000E+00 0.00000E+00 0.00000E+00 0.00000E+00 0.00000E+00 0.00000E+00 0.00000E+00 0.00000E+00
 0.00000E+00 0.00000E+00 0.00000E+00 0.00000E+00 0.00000E+00 0.00000E+00 0.00000E+00 0.00000E+00
 0.00000E+00 0.00000E+00 0.00000E+00 0.00000E+00 0.00000E+00 0.00000E+00 0.00000E+00 0.00000E+00
 0.00000E+00 0.00000E+00 0.00000E+00 0.00000E+00 0.00000E+00 0.00000E+00 0.00000E+00 0.00000E+00
 0.00000E+00 0.00000E+00 0.00000E+00 0.00000E+00 0.00000E+00 0.00000E+00 0.00000E+00 0.00000E+00
 0.00000E+00 0.00000E+00 0.00000E+00 0.00000E+00 0.00000E+00 0.00000E+00 0.00000E+00 0.00000E+00
 0.00000E+00 0.00000E+00 0.00000E+00 0.00000E+00 0.00000E+00 0.00000E+00 0.00000E+00 0.00000E+00
 0.00000E+00 0.00000E+00 0.00000E+00 0.00000E+00 0.00000E+00 0.00000E+00 0.00000E+00 0.00000E+00
 0.00000E+00 0.00000E+00 0.00000E+00 0.00000E+00 0.00000E+00 0.00000E+00 0.00000E+00 0.00000E+00
 0.00000E+00 0.00000E+00 0.00000E+00 0.00000E+00 0.00000E+00 0.00000E+00 0.00000E+00 0.00000E+00
 0.00000E+00 0.00000E+00 0.00000E+00 0.00000E+00 0.00000E+00 0.00000E+00 0.00000E+00 0.00000E+00
 7.47848E-04 8.19237E-04 8.99230E-04 9.87719E-04 1.07900E-03 1.17910E-03 1.29400E-03 1.42241E-03
 1.57343E-03 1.75098E-03 1.96018E-03 2.22134E-03 2.51988E-03 2.85350E-03 3.24611E-03 3.70954E-03
 4.17545E-03 4.59030E-03 4.98908E-03 5.33547E-03 5.66819E-03 6.02299E-03 6.35740E-03 6.67779E-03
 7.26247E-03 8.48335E-03 9.90527E-03 1.15619E-02 1.34899E-02 1.57215E-02 1.83116E-02 2.13079E-02
 2.47804E-02 2.88575E-02 3.35723E-02 3.90004E-02 4.52140E-02 5.23396E-02 6.05179E-02 6.98723E-02
 8.05678E-02 9.27767E-02 1.06493E-01 1.21603E-01 1.38672E-01 1.57930E-01 1.79635E-01 2.04054E-01
 2.31280E-01 2.61873E-01 2.96504E-01 3.35703E-01 3.79733E-01 4.29601E-01 4.86672E-01 5.52078E-01
 6.27147E-01 7.13438E-01 8.12784E-01 9.27339E-01 1.05965E+00 1.21272E+00 1.39011E+00 1.58091E+00
 1.82960E+00 2.11895E+00 2.43929E+00 2.82240E+00 3.26356E+00 3.78617E+00 4.39237E+00 5.12279E+00
 5.97776E+00 6.99334E+00 8.18690E+00 9.60946E+00 1.12857E+01 1.32907E+01 1.56602E+01 1.85059E+01
 2.18780E+01 2.59487E+01 3.07745E+01 3.66379E+01 4.36444E+01 5.20678E+01 6.23322E+01 7.46159E+01
 8.92887E+01 1.06822E+02 1.27848E+02 1.52970E+02 1.82640E+02 2.17999E+02 2.59862E+02 3.09181E+02
 3.68042E+02 4.36569E+02 5.15314E+02 6.07244E+02 0.00000E+00 0.00000E+00 0.00000E+00 0.00000E+00
 0.00000E+00 0.00000E+00 0.00000E+00 0.00000E+00 0.00000E+00 0.00000E+00 0.00000E+00 0.00000E+00
 0.00000E+00 0.00000E+00 0.00000E+00 0.00000E+00 0.00000E+00 0.00000E+00 0.00000E+00 0.00000E+00
 0.00000E+00 0.00000E+00 0.00000E+00 0.00000E+00 0.00000E+00 0.00000E+00 0.00000E+00 0.00000E+00
 0.00000E+00 0.00000E+00 0.00000E+00 0.00000E+00 0.00000E+00 0.00000E+00 0.00000E+00 0.00000E+00
 0.00000E+00 0.00000E+00 0.00000E+00 0.00000E+00 0.00000E+00 0.00000E+00 0.00000E+00 0.00000E+00
 0.00000E+00 0.00000E+00 0.00000E+00 0.00000E+00 0.00000E+00 0.00000E+00 0.00000E+00 0.00000E+00
 0.00000E+00 0.00000E+00 0.00000E+00 0.00000E+00 0.00000E+00 0.00000E+00 0.00000E+00 0.00000E+00
 0.00000E+00 0.00000E+00 0.00000E+00 0.00000E+00 0.00000E+00 0.00000E+00 0.00000E+00 0.00000E+00
 0.00000E+00 0.00000E+00 0.00000E+00 0.00000E+00 0.00000E+00 0.00000E+00 0.00000E+00 0.00000E+00
 0.00000E+00 0.00000E+00 0.00000E+00 0.00000E+00 0.00000E+00 0.00000E+00 0.00000E+00 0.00000E+00
 0.00000E+00 0.00000E+00 0.00000E+00 0.00000E+00 0.00000E+00 0.00000E+00 0.00000E+00 0.00000E+00
 0.00000E+00 0.00000E+00 0.00000E+00 0.00000E+00 0.00000E+00 0.00000E+00 0.00000E+00 0.00000E+00
 0.00000E+00 0.00000E+00 0.00000E+00 0.00000E+00 0.00000E+00 0.00000E+00 0.00000E+00 0.00000E+00
 0.00000E+00 0.00000E+00 0.00000E+00 0.00000E+00 0.00000E+00 0.00000E+00 0.00000E+00 0.00000E+00
 0.00000E+00 0.00000E+00 0.00000E+00 0.00000E+00 0.00000E+00 0.00000E+00 0.00000E+00 0.00000E+00
 0.00000E+00 0.00000E+00 0.00000E+00 0.00000E+00 0.00000E+00 0.00000E+00 0.00000E+00 0.00000E+00
 0.00000E+00 0.00000E+00 0.00000E+00 0.00000E+00 0.00000E+00 0.00000E+00 0.00000E+00 0.00000E+00
 0.00000E+00 0.00000E+00 0.00000E+00 0.00000E+00 0.00000E+00 0.00000E+00 0.00000E+00 0.00000E+00
 0.00000E+00 0.00000E+00 0.00000E+00 0.00000E+00 0.00000E+00 0.00000E+00 0.00000E+00 0.00000E+00
 0.00000E+00 0.00000E+00 0.00000E+00 0.00000E+00 0.00000E+00 0.00000E+00 0.00000E+00 0.00000E+00
 0.00000E+00 0.00000E+00 0.00000E+00 0.00000E+00 0.00000E+00 0.00000E+00 0.00000E+00 0.00000E+00
 0.00000E+00 0.00000E+00 0.00000E+00 0.00000E+00 0.00000E+00 0.00000E+00 0.00000E+00 0.00000E+00
 0.00000E+00 0.00000E+00 0.00000E+00 0.00000E+00 0.00000E+00 0.00000E+00 0.00000E+00 0.00000E+00
 0.00000E+00 0.00000E+00 0.00000E+00 0.00000E+00 0.00000E+00 0.00000E+00 0.00000E+00 0.00000E+00
 0.00000E+00 0.00000E+00 0.00000E+00 0.00000E+00 1.89302E-05 1.89302E-05 1.89302E-05 1.89302E-05
 1.89302E-05 1.89302E-05 1.89302E-05 1.89302E-05 1.89302E-05 1.89302E-05 1.89302E-05 1.89302E-05
 1.89302E-05 1.89302E-05 1.89302E-05 1.89302E-05 1.86145E-05 1.78554E-05 1.68848E-05 1.56657E-05
 1.43896E-05 1.31513E-05 1.19188E-05 1.07373E-05 1.00000E-05 1.00000E-05 1.00000E-05 1.00000E-05
 1.00000E-05 1.00000E-05 1.00000E-05 1.00000E-05 1.00000E-05 1.00000E-05 1.00000E-05 1.00000E-05
 1.00000E-05 1.00000E-05 1.00000E-05 1.00000E-05 1.00000E-05 1.00000E-05 1.00000E-05 1.00000E-05
 1.00000E-05 1.00000E-05 1.00000E-05 1.00000E-05 1.00000E-05 1.00000E-05 1.00000E-05 1.00000E-05
 1.00000E-05 1.00000E-05 1.00000E-05 1.00000E-05 1.00000E-05 1.00000E-05 1.00000E-05 1.00000E-05
 1.00000E-05 1.00000E-05 1.00000E-05 1.00000E-05 1.00000E-05 1.00000E-05 1.00000E-05 1.00000E-05
 1.00000E-05 1.00000E-05 1.00000E-05 1.00000E-05 1.00000E-05 1.00000E-05 1.00000E-05 1.00000E-05
 1.00000E-05 1.00000E-05 1.00000E-05 1.00000E-05 1.00000E-05 1.00000E-05 1.00000E-05 1.00000E-05
 1.00000E-05 1.00000E-05 1.00000E-05 1.00000E-05 1.00000E-05 1.00000E-05 1.00000E-05 1.00000E-05
 1.00000E-05 1.00000E-05 1.00000E-05 1.00000E-05 1.00000E-05 1.00000E-05 1.00000E-05 1.00000E-05
 0.00000E+00 0.00000E+00 0.00000E+00 0.00000E+00 0.00000E+00 0.00000E+00 0.00000E+00 0.00000E+00
 0.00000E+00 0.00000E+00 0.00000E+00 0.00000E+00 0.00000E+00 0.00000E+00 0.00000E+00 0.00000E+00
 0.00000E+00 0.00000E+00 0.00000E+00 0.00000E+00 0.00000E+00 0.00000E+00 0.00000E+00 0.00000E+00
 0.00000E+00 0.00000E+00 0.00000E+00 0.00000E+00 0.00000E+00 0.00000E+00 0.00000E+00 0.00000E+00
 0.00000E+00 0.00000E+00 0.00000E+00 0.00000E+00 0.00000E+00 0.00000E+00 0.00000E+00 0.00000E+00
 0.00000E+00 0.00000E+00 0.00000E+00 0.00000E+00 0.00000E+00 0.00000E+00 0.00000E+00 0.00000E+00
 0.00000E+00 0.00000E+00 0.00000E+00 0.00000E+00 0.00000E+00 0.00000E+00 0.00000E+00 0.00000E+00
 0.00000E+00 0.00000E+00 0.00000E+00 0.00000E+00 0.00000E+00 0.00000E+00 0.00000E+00 0.00000E+00
 0.00000E+00 0.00000E+00 0.00000E+00 0.00000E+00 0.00000E+00 0.00000E+00 0.00000E+00 0.00000E+00
 0.00000E+00 0.00000E+00 0.00000E+00 0.00000E+00 0.00000E+00 0.00000E+00 0.00000E+00 0.00000E+00
 0.00000E+00 0.00000E+00 0.00000E+00 0.00000E+00 0.00000E+00 0.00000E+00 0.00000E+00 0.00000E+00
 0.00000E+00 0.00000E+00 0.00000E+00 0.00000E+00 0.00000E+00 0.00000E+00 0.00000E+00 0.00000E+00
 0.00000E+00 0.00000E+00 0.00000E+00 0.00000E+00 0.00000E+00 0.00000E+00 0.00000E+00 0.00000E+00
 0.00000E+00 0.00000E+00 0.00000E+00 0.00000E+00 0.00000E+00 0.00000E+00 0.00000E+00 0.00000E+00
 0.00000E+00 0.00000E+00 0.00000E+00 0.00000E+00 0.00000E+00 0.00000E+00 0.00000E+00 0.00000E+00
 0.00000E+00 0.00000E+00 0.00000E+00 0.00000E+00 0.00000E+00 0.00000E+00 0.00000E+00 0.00000E+00
 0.00000E+00 0.00000E+00 0.00000E+00 0.00000E+00 0.00000E+00 0.00000E+00 0.00000E+00 0.00000E+00
 0.00000E+00 0.00000E+00 0.00000E+00 0.00000E+00 0.00000E+00 0.00000E+00 0.00000E+00 0.00000E+00
 0.00000E+00 0.00000E+00 0.00000E+00 0.00000E+00 0.00000E+00 0.00000E+00 0.00000E+00 0.00000E+00
 0.00000E+00 0.00000E+00 0.00000E+00 0.00000E+00 0.00000E+00 0.00000E+00 0.00000E+00 0.00000E+00
 0.00000E+00 0.00000E+00 0.00000E+00 0.00000E+00 0.00000E+00 0.00000E+00 0.00000E+00 0.00000E+00
 0.00000E+00 0.00000E+00 0.00000E+00 0.00000E+00 0.00000E+00 0.00000E+00 0.00000E+00 0.00000E+00
 0.00000E+00 0.00000E+00 0.00000E+00 0.00000E+00 0.00000E+00 0.00000E+00 0.00000E+00 0.00000E+00
 0.00000E+00 0.00000E+00 0.00000E+00 0.00000E+00 0.00000E+00 0.00000E+00 0.00000E+00 0.00000E+00
 0.00000E+00 0.00000E+00 0.00000E+00 0.00000E+00 0.00000E+00 0.00000E+00 0.00000E+00 0.00000E+00
