 1.97589E-10 2.08047E-16 1.12717E-02 5.54978E-14 1.26393E-11 1.24221E-09 2.13669E-08 2.00771E-20
 7.99978E-07 2.15523E-06 1.14067E-07 7.19106E-10 6.97283E-12 1.89413E-07 4.44089E-12 1.15068E-11
 1.81627E-14 7.14521E-11 2.95468E-13 6.48947E-15 3.84512E-17 2.04360E-22 6.70917E-10 2.56244E-13
 8.50684E-18 1.94647E-14 9.60875E-12 4.59318E-13 2.39404E-12 6.04421E-18 1.41103E-19 3.19392E-11
 2.07182E-12 6.44673E-14 1.98353E-10 2.86536E-16 7.24779E-03 6.50860E-14 1.24711E-11 1.24954E-09
 2.51846E-08 2.18689E-20 8.00425E-07 2.14976E-06 1.03848E-07 6.72367E-10 6.49026E-12 1.89365E-07
 5.74891E-12 1.33897E-11 2.47988E-14 1.08636E-10 7.49748E-13 7.04582E-15 7.93897E-17 5.00027E-22
 6.56645E-10 2.73983E-13 1.17926E-17 2.26069E-14 1.37742E-11 5.80001E-13 2.48307E-12 6.58754E-18
 2.15381E-19 5.66827E-11 4.07375E-12 7.14033E-14 1.88939E-10 4.03954E-16 4.50531E-03 7.59526E-14
 1.20455E-11 1.18662E-09 3.03781E-08 2.37823E-20 8.00902E-07 2.14512E-06 9.50014E-08 5.76222E-10
 5.79647E-12 1.89312E-07 7.40560E-12 1.56492E-11 3.34162E-14 1.55827E-10 1.94626E-12 7.88883E-15
 1.74081E-16 1.31741E-21 6.44282E-10 2.86884E-13 1.58030E-17 2.68300E-14 1.84810E-11 7.03014E-13
 2.62218E-12 7.12342E-18 3.24492E-19 7.98308E-11 6.29735E-12 7.66158E-14 1.70863E-10 5.67500E-16
 2.58914E-03 8.54464E-14 1.11607E-11 1.03920E-09 3.65504E-08 2.50813E-20 8.01355E-07 2.14124E-06
 8.73919E-08 4.51185E-10 4.84018E-12 1.89253E-07 9.58388E-12 1.81303E-11 4.34831E-14 2.02845E-10
 4.97641E-12 8.64447E-15 3.96823E-16 3.50754E-21 6.33796E-10 2.89504E-13 2.04971E-17 3.15049E-14
 2.27810E-11 8.36055E-13 2.83511E-12 7.58840E-18 4.85810E-19 1.02511E-10 8.46939E-12 8.33094E-14
 1.54969E-10 8.11646E-16 1.73405E-03 1.01148E-13 1.06739E-11 8.65189E-10 4.32661E-08 2.86359E-20
 8.01744E-07 2.13801E-06 8.08535E-08 3.40853E-10 4.24535E-12 1.89189E-07 1.22239E-11 2.11534E-11
 5.71415E-14 2.44568E-10 9.97816E-12 9.71095E-15 7.87913E-16 7.89800E-21 6.25019E-10 3.00262E-13
 2.67154E-17 3.80045E-14 2.64777E-11 9.77606E-13 3.11516E-12 8.68924E-18 7.34046E-19 1.25450E-10
 1.06681E-11 9.22541E-14 1.32206E-10 1.12113E-15 1.04249E-03 1.11849E-13 9.59766E-12 6.76892E-10
 5.02437E-08 3.04445E-20 8.02070E-07 2.13541E-06 7.53762E-08 2.42772E-10 3.42948E-12 1.89116E-07
 1.52220E-11 2.31829E-11 6.90825E-14 2.74159E-10 2.08670E-11 9.85658E-15 1.48413E-15 1.87460E-20
 6.18019E-10 2.87324E-13 3.30215E-17 4.36835E-14 2.94408E-11 1.05561E-12 3.56788E-12 9.84594E-18
 1.12361E-18 1.49569E-10 1.23570E-11 1.05048E-13 1.01816E-10 1.49359E-15 5.55143E-04 1.11192E-13
 8.04340E-12 4.97690E-10 5.71751E-08 2.90482E-20 8.02324E-07 2.13340E-06 7.09278E-08 1.64969E-10
 2.58029E-12 1.89036E-07 1.71281E-11 2.20052E-11 6.85412E-14 2.87738E-10 3.98394E-11 8.73107E-15
 2.38689E-15 5.09242E-20 6.12711E-10 2.57544E-13 3.76616E-17 4.94326E-14 3.17167E-11 1.01500E-12
 4.26713E-12 1.06807E-17 1.68622E-18 1.74600E-10 1.29817E-11 1.23057E-13 7.32647E-11 1.96370E-15
 2.85627E-04 1.04040E-13 6.49760E-12 3.47338E-10 6.40440E-08 2.63753E-20 8.02503E-07 2.13179E-06
 6.73668E-08 1.07887E-10 1.87541E-12 1.88946E-07 1.82594E-11 1.93828E-11 6.04853E-14 2.90432E-10
 5.97930E-11 7.24212E-15 3.43011E-15 1.38382E-19 6.08760E-10 2.18600E-13 4.07257E-17 5.48350E-14
 3.35208E-11 8.95741E-13 5.12238E-12 1.10953E-17 2.41588E-18 1.97698E-10 1.25763E-11 1.43430E-13
 5.16865E-11 2.56523E-15 1.41567E-04 9.81770E-14 5.05608E-12 2.30491E-10 7.10070E-08 2.43816E-20
 8.02614E-07 2.13044E-06 6.45188E-08 6.54737E-11 1.27097E-12 1.88846E-07 2.12071E-11 1.82651E-11
 5.84189E-14 2.90055E-10 7.15948E-11 6.04598E-15 5.55002E-15 3.31143E-19 6.05794E-10 1.65618E-13
 4.43298E-17 5.59888E-14 3.50777E-11 7.70177E-13 5.82375E-12 1.11018E-17 3.34356E-18 2.13329E-10
 1.15759E-11 1.57048E-13 3.29998E-11 3.07093E-15 3.84767E-05 9.15424E-14 3.26519E-12 1.42663E-10
 7.84703E-08 2.10509E-20 8.02671E-07 2.12918E-06 6.21577E-08 3.37256E-11 6.07592E-13 1.88729E-07
 3.00739E-11 1.86048E-11 7.20414E-14 2.90699E-10 7.01315E-11 4.95721E-15 1.49187E-14 1.23465E-18
 6.03433E-10 9.90744E-14 5.26095E-17 4.87710E-14 3.66215E-11 6.67141E-13 5.83638E-12 9.85355E-18
 5.05920E-18 2.14233E-10 1.02018E-11 1.46515E-13 1.75395E-11 3.50862E-15 5.42904E-06 8.61037E-14
 1.76856E-12 7.62251E-11 8.89801E-08 1.74041E-20 8.02678E-07 2.12748E-06 5.96592E-08 1.35125E-11
 2.06236E-13 1.88546E-07 4.75381E-11 1.90101E-11 1.04858E-13 2.94836E-10 5.39064E-11 4.25469E-15
 3.55311E-14 4.85793E-18 6.00794E-10 5.05940E-14 6.89409E-17 4.01095E-14 3.87948E-11 5.88578E-13
 3.49628E-12 5.24875E-18 6.23201E-18 1.81387E-10 8.11242E-12 8.31619E-14 1.18169E-11 5.98389E-15
 3.69632E-06 7.68208E-14 1.20066E-12 3.14349E-11 1.10123E-07 1.67226E-20 8.02589E-07 2.12391E-06
 5.62276E-08 4.61758E-12 1.38150E-13 1.88134E-07 6.12451E-11 2.45660E-11 9.49006E-14 3.13292E-10
 4.11402E-11 3.55889E-15 4.16828E-14 3.48738E-18 5.96167E-10 2.73376E-14 6.77917E-17 3.83330E-14
 4.34857E-11 5.48765E-13 1.83132E-12 2.02835E-18 3.09620E-18 1.45871E-10 5.04810E-12 4.35556E-14
 8.92451E-12 1.17464E-14 3.71279E-06 6.92603E-14 8.78313E-13 1.00052E-11 1.56990E-07 1.58371E-20
 8.02246E-07 2.11577E-06 5.11629E-08 1.59416E-12 1.04950E-13 1.87146E-07 7.29769E-11 3.44766E-11
 8.00119E-14 3.57120E-10 3.48191E-11 3.76811E-15 5.44582E-14 4.30589E-18 5.87067E-10 2.11203E-14
 7.14724E-17 4.83179E-14 5.24018E-11 7.25394E-13 7.70961E-13 5.57148E-19 1.50853E-18 1.06459E-10
 2.64245E-12 1.81168E-14 8.06107E-12 2.58860E-14 3.74688E-06 7.25211E-14 8.01548E-13 3.96161E-12
 2.51365E-07 1.67350E-20 8.01334E-07 2.09898E-06 4.42940E-08 9.19666E-13 1.00972E-13 1.85042E-07
 8.10601E-11 5.14928E-11 7.28666E-14 4.54106E-10 3.70519E-11 5.96968E-15 1.10080E-13 1.19648E-17
 5.70435E-10 3.08708E-14 9.48924E-17 9.15874E-14 6.81646E-11 1.53417E-12 2.44541E-13 1.19110E-19
 9.40191E-19 6.80640E-11 1.37392E-12 5.45260E-15 8.25823E-12 5.81172E-14 3.80553E-06 8.50812E-14
 8.65214E-13 3.04232E-12 4.10009E-07 1.91177E-20 7.99483E-07 2.07025E-06 3.65800E-08 8.68444E-13
 1.11490E-13 1.81347E-07 8.85672E-11 7.77083E-11 7.29515E-14 6.25692E-10 4.61346E-11 1.18819E-14
 2.80364E-13 4.75801E-17 5.44791E-10 6.42585E-14 1.46433E-16 2.08263E-13 9.12582E-11 3.92158E-12
 5.90042E-14 2.11420E-20 7.53119E-19 3.82311E-11 7.15806E-13 1.18160E-15 8.89112E-12 1.24012E-13
 3.89035E-06 1.04208E-13 1.01108E-12 3.37065E-12 6.35305E-07 2.25167E-20 7.96431E-07 2.02890E-06
 2.94704E-08 9.67264E-13 1.26056E-13 1.75915E-07 9.91140E-11 1.14545E-10 7.78583E-14 8.71442E-10
 6.02701E-11 2.38525E-14 7.01171E-13 1.72663E-16 5.11328E-10 1.38963E-13 2.33058E-16 4.53644E-13
 1.18944E-10 9.35982E-12 1.16464E-14 3.35466E-21 6.69553E-19 1.96601E-11 3.59556E-13 1.99276E-16
 1.15804E-11 2.70950E-13 4.00273E-06 1.39177E-13 1.50041E-12 5.38855E-12 9.29894E-07 3.13526E-20
 7.91900E-07 1.97433E-06 2.36578E-08 1.59144E-12 1.94009E-13 1.68616E-07 1.02433E-10 1.64266E-10
 7.83958E-14 1.19027E-09 8.68615E-11 5.07021E-14 1.71255E-12 4.77684E-16 4.71106E-10 3.54614E-13
 3.49768E-16 9.96588E-13 1.47815E-10 1.99278E-11 1.89900E-15 4.97416E-22 4.90991E-19 9.46098E-12
 1.74722E-13 2.73219E-17 1.27916E-11 5.15735E-13 4.13871E-06 1.76140E-13 1.88334E-12 7.17850E-12
 1.29052E-06 3.96652E-20 7.85762E-07 1.90864E-06 1.93697E-08 1.87212E-12 2.16907E-13 1.59655E-07
 1.18801E-10 2.26038E-10 8.92536E-14 1.55570E-09 1.11304E-10 8.68561E-14 3.37424E-12 1.19500E-15
 4.27278E-10 6.81452E-13 5.28785E-16 1.79110E-12 1.73829E-10 3.65886E-11 2.74762E-16 6.67512E-23
 4.21993E-19 4.38497E-12 8.18271E-14 3.21382E-18 1.57823E-11 9.89725E-13 4.29397E-06 2.36970E-13
 2.70736E-12 1.13652E-11 1.71159E-06 5.86174E-20 7.78008E-07 1.83398E-06 1.64752E-08 2.72728E-12
 2.94700E-13 1.49306E-07 1.30158E-10 3.00751E-10 9.74167E-14 1.94761E-09 1.45141E-10 1.47038E-13
 6.10212E-12 2.34526E-15 3.81984E-10 1.40020E-12 7.56356E-16 3.16962E-12 1.93654E-10 5.99218E-11
 3.55287E-17 8.83106E-24 3.18971E-19 1.99283E-12 3.84471E-14 3.43230E-19 1.77799E-11 1.73898E-12
 4.46247E-06 3.12784E-13 3.53869E-12 1.60739E-11 2.19419E-06 8.36961E-20 7.68730E-07 1.75338E-06
 1.45907E-08 3.24011E-12 3.33370E-13 1.37964E-07 1.52992E-10 3.88315E-10 1.16580E-13 2.33431E-09
 1.74901E-10 2.14883E-13 9.47324E-12 4.44221E-15 3.37636E-10 2.43366E-12 1.08601E-15 4.94700E-12
 2.05889E-10 8.91769E-11 4.21678E-18 1.10968E-24 2.67614E-19 8.95700E-13 1.82056E-14 3.41621E-20
 2.02508E-11 2.96573E-12 4.63656E-06 4.22436E-13 4.68216E-12 2.30748E-11 2.72425E-06 1.26734E-19
 7.58249E-07 1.67053E-06 1.34592E-08 3.82550E-12 3.78279E-13 1.26187E-07 1.82205E-10 4.91794E-10
 1.44087E-13 2.68191E-09 2.04448E-10 2.94009E-13 1.33667E-11 7.41022E-15 2.96157E-10 4.02867E-12
 1.53523E-15 7.27135E-12 2.10617E-10 1.21955E-10 4.66280E-19 1.38471E-25 2.25925E-19 4.04895E-13
 8.89172E-15 3.27965E-21 2.39066E-11 5.02707E-12 4.81364E-06 5.87484E-13 6.41797E-12 3.44242E-11
 3.29220E-06 2.08149E-19 7.46669E-07 1.58671E-06 1.28543E-08 4.70751E-12 4.50952E-13 1.14221E-07
 2.17063E-10 6.20073E-10 1.79892E-13 2.96646E-09 2.36016E-10 3.91149E-13 1.78022E-11 1.06744E-14
 2.57874E-10 6.53330E-12 2.13229E-15 1.03005E-11 2.09676E-10 1.55584E-10 4.73364E-20 1.68691E-26
 1.84059E-19 1.84515E-13 4.56685E-15 2.99273E-22 2.83034E-11 8.35282E-12 4.99190E-06 8.28442E-13
 8.76746E-12 5.06094E-11 3.88791E-06 3.56640E-19 7.34057E-07 1.50279E-06 1.25820E-08 5.62081E-12
 5.31006E-13 1.02273E-07 2.64327E-10 7.81198E-10 2.31879E-13 3.16805E-09 2.65361E-10 5.00148E-13
 2.23953E-11 1.39192E-14 2.22937E-10 1.00575E-11 2.95705E-15 1.39177E-11 2.05311E-10 1.87676E-10
 4.34622E-21 1.94770E-27 1.48756E-19 8.46744E-14 2.66958E-15 2.55304E-23 3.34379E-11 1.36176E-11
 5.16961E-06 1.18082E-12 1.18728E-11 7.23736E-11 4.49251E-06 6.33610E-19 7.20504E-07 1.41961E-06
 1.25102E-08 6.46451E-12 6.16364E-13 9.05658E-08 3.28316E-10 9.81091E-10 3.07321E-13 3.27253E-09
 2.88685E-10 6.17821E-13 2.66187E-11 1.68432E-14 1.91431E-10 1.47872E-11 4.12717E-15 1.81279E-11
 1.99728E-10 2.15752E-10 3.56406E-22 2.10422E-28 1.19012E-19 3.91567E-14 2.19879E-15 2.01657E-24
 3.92400E-11 2.18105E-11 5.34620E-06 1.69589E-12 1.58767E-11 9.98294E-11 5.08309E-06 1.16424E-18
 7.06033E-07 1.33742E-06 1.25507E-08 7.16434E-12 7.06952E-13 7.92597E-08 4.13200E-10 1.22033E-09
 4.15023E-13 3.27613E-09 3.01415E-10 7.39621E-13 2.97233E-11 1.94544E-14 1.63196E-10 2.09713E-11
 5.83628E-15 2.30697E-11 1.94801E-10 2.37708E-10 2.57193E-23 2.20143E-29 9.39489E-20 1.82418E-14
 3.03289E-15 1.52840E-25 4.55713E-11 3.43762E-11 5.52171E-06 2.44669E-12 2.09049E-11 1.31967E-10
 5.63361E-06 2.21298E-18 6.90637E-07 1.25623E-06 1.26479E-08 7.68124E-12 8.05200E-13 6.84858E-08
 5.22442E-10 1.49133E-09 5.64597E-13 3.18491E-09 2.99592E-10 8.59123E-13 3.09138E-11 2.19887E-14
 1.37995E-10 2.89700E-11 8.40126E-15 2.90572E-11 1.91956E-10 2.51681E-10 1.61203E-24 3.38266E-30
 7.32103E-20 8.59079E-15 5.78448E-15 1.68437E-26 5.21981E-11 5.34114E-11 5.69654E-06 3.53460E-12
 2.70158E-11 1.66201E-10 6.11854E-06 4.35254E-18 6.74286E-07 1.17582E-06 1.27673E-08 7.99404E-12
 9.14129E-13 5.83523E-08 6.58598E-10 1.77759E-09 7.65664E-13 3.01247E-09 2.81612E-10 9.67709E-13
 2.97099E-11 2.47630E-14 1.15565E-10 3.92112E-11 1.23375E-14 3.65555E-11 1.92148E-10 2.56086E-10
 8.68621E-26 1.71974E-30 5.70383E-20 4.14949E-15 1.02231E-14 6.08832E-27 5.88161E-11 8.19526E-11
 5.86959E-06 5.09495E-12 3.41397E-11 1.98187E-10 6.51258E-06 8.84640E-18 6.57112E-07 1.09667E-06
 1.28860E-08 8.09336E-12 1.03695E-12 4.90393E-08 8.22842E-10 2.05452E-09 1.02541E-12 2.77582E-09
 2.49134E-10 1.05522E-12 2.62337E-11 2.79873E-14 9.58402E-11 5.20088E-11 1.84694E-14 4.61206E-11
 1.95907E-10 2.49589E-10 4.07267E-27 1.62268E-30 4.62603E-20 2.14314E-15 1.22263E-14 4.05414E-27
 6.50481E-11 1.24430E-10 6.04027E-06 7.30716E-12 4.20460E-11 2.22848E-10 6.79956E-06 1.85148E-17
 6.39241E-07 1.01901E-06 1.29861E-08 7.97550E-12 1.17550E-12 4.06600E-08 1.01479E-09 2.29331E-09
 1.34778E-12 2.49471E-09 2.06944E-10 1.11207E-12 2.12495E-11 3.17300E-14 7.86654E-11 6.73486E-11
 2.80782E-14 5.83086E-11 2.03155E-10 2.31880E-10 2.02512E-28 1.81374E-30 4.19314E-20 1.27059E-15
 1.30952E-14 3.67621E-27 7.05090E-11 1.87510E-10 6.20972E-06 1.04130E-11 5.04048E-11 2.36147E-10
 6.97216E-06 3.97633E-17 6.20649E-07 9.42258E-07 1.30510E-08 7.65555E-12 1.33153E-12 3.32048E-08
 1.23177E-09 2.46677E-09 1.73131E-12 2.18804E-09 1.61362E-10 1.13251E-12 1.58218E-11 3.57524E-14
 6.37090E-11 8.46771E-11 4.30848E-14 7.35603E-11 2.13279E-10 2.04017E-10 4.84982E-29 2.39290E-30
 4.53944E-20 9.24540E-16 1.34374E-14 2.88870E-27 7.48994E-11 2.81086E-10 6.37622E-06 1.47417E-11
 5.88033E-11 2.36069E-10 7.02685E-06 8.72725E-17 6.01664E-07 8.67097E-07 1.30649E-08 7.16411E-12
 1.50703E-12 2.67500E-08 1.46901E-09 2.55170E-09 2.16990E-12 1.87364E-09 1.18133E-10 1.11338E-12
 1.08525E-11 3.94382E-14 5.08971E-11 1.02583E-10 6.62559E-14 9.19149E-11 2.25165E-10 1.68561E-10
 5.27694E-29 3.72625E-30 5.89524E-20 8.29013E-16 1.35288E-14 3.07220E-27 7.80334E-11 4.19974E-10
 6.53734E-06 2.07493E-11 6.68227E-11 2.23326E-10 6.96415E-06 1.95050E-16 5.82765E-07 7.94503E-07
 1.30185E-08 6.54051E-12 1.70355E-12 2.13283E-08 1.72068E-09 2.53479E-09 2.65513E-12 1.56684E-09
 8.12682E-11 1.05582E-12 6.87496E-12 4.18470E-14 4.01461E-11 1.18823E-10 1.01479E-13 1.12764E-10
 2.37584E-10 1.29675E-10 7.02301E-29 6.38260E-30 8.55967E-20 8.53162E-16 1.35002E-14 3.54707E-27
 7.97079E-11 6.25269E-10 6.69304E-06 2.90624E-11 7.40344E-11 2.00581E-10 6.77268E-06 4.41818E-16
 5.64217E-07 7.24338E-07 1.29185E-08 5.81254E-12 1.91632E-12 1.68387E-08 1.98234E-09 2.41310E-09
 3.17964E-12 1.27649E-09 5.25003E-11 9.62851E-13 4.01688E-12 4.19827E-14 3.11793E-11 1.30605E-10
 1.54478E-13 1.34685E-10 2.50273E-10 9.21121E-11 9.55183E-29 1.12290E-29 1.29399E-19 9.37104E-16
 1.34117E-14 4.14538E-27 8.15943E-11 9.44098E-10 6.84250E-06 4.05050E-11 8.10668E-11 1.72145E-10
 6.38083E-06 1.03901E-15 5.46449E-07 6.56793E-07 1.28202E-08 5.17654E-12 2.22133E-12 1.31826E-08
 2.23726E-09 2.22013E-09 3.61185E-12 9.96551E-10 3.18610E-11 8.57660E-13 2.17030E-12 3.61176E-14
 2.37772E-11 1.33976E-10 2.34606E-13 1.55862E-10 2.66475E-10 5.86153E-11 1.31665E-28 2.00321E-29
 1.87308E-19 1.05849E-15 1.32854E-14 4.77040E-27 8.24193E-11 1.42420E-09 6.98354E-06 5.61514E-11
 8.71372E-11 1.42421E-10 5.85806E-06 2.46335E-15 5.30154E-07 5.92586E-07 1.26850E-08 4.52397E-12
 2.56840E-12 1.02599E-08 2.48625E-09 1.94628E-09 4.00586E-12 7.49957E-10 1.81543E-11 7.30641E-13
 1.07308E-12 2.80533E-14 1.77975E-11 1.29112E-10 3.55578E-13 1.73191E-10 2.84583E-10 3.38413E-11
 1.77781E-28 3.50506E-29 2.63459E-19 1.20306E-15 1.31356E-14 5.27920E-27 8.21507E-11 2.14993E-09
 7.11340E-06 7.73145E-11 9.25902E-11 1.15894E-10 5.25308E-06 5.85654E-15 5.16200E-07 5.32677E-07
 1.25124E-08 3.90620E-12 2.94788E-12 7.96634E-09 2.72087E-09 1.61601E-09 4.35745E-12 5.42363E-10
 9.77008E-12 5.94025E-13 4.84128E-13 1.99180E-14 1.31010E-11 1.18014E-10 5.39299E-13 1.84384E-10
 3.05023E-10 1.77629E-11 2.37002E-28 6.01868E-29 3.61553E-19 1.36803E-15 1.29652E-14 5.62822E-27
 8.09427E-11 3.24391E-09 7.22889E-06 1.04650E-10 9.80833E-11 9.49392E-11 4.60659E-06 1.37770E-14
 5.05565E-07 4.78183E-07 1.23527E-08 3.38386E-12 3.35100E-12 6.20114E-09 2.92758E-09 1.26843E-09
 4.59421E-12 3.72361E-10 5.02586E-12 4.60502E-13 1.98732E-13 1.28175E-14 9.53962E-12 1.02714E-10
 8.15098E-13 1.87264E-10 3.29986E-10 8.45040E-12 3.19245E-28 1.02612E-28 4.86620E-19 1.56200E-15
 1.27657E-14 5.88980E-27 7.87037E-11 4.84404E-09 7.32864E-06 1.36893E-10 1.04264E-10 7.99891E-11
 3.97182E-06 3.11574E-14 4.99082E-07 4.29371E-07 1.22739E-08 2.99079E-12 3.75376E-12 4.84861E-09
 3.08234E-09 9.44866E-10 4.59411E-12 2.39575E-10 2.52133E-12 3.40126E-13 7.44653E-14 7.43310E-15
 6.90544E-12 8.53975E-11 1.20726E-12 1.80733E-10 3.60806E-10 3.66229E-12 4.43542E-28 1.75023E-28
 6.47887E-19 1.80317E-15 1.25187E-14 6.21656E-27 7.54096E-11 7.07261E-09 7.41193E-06 1.71108E-10
 1.11492E-10 6.99724E-11 3.39575E-06 6.60261E-14 4.97526E-07 3.86203E-07 1.23328E-08 2.72476E-12
 4.13337E-12 3.81122E-09 3.16450E-09 6.76463E-10 4.29332E-12 1.44422E-10 1.26092E-12 2.40358E-13
 2.59137E-14 3.90663E-15 4.99546E-12 6.81379E-11 1.71821E-12 1.65916E-10 3.96411E-10 1.47426E-12
 6.36651E-28 2.97265E-28 8.57671E-19 2.11040E-15 1.22055E-14 6.73455E-27 7.12459E-11 1.00209E-08
 7.47809E-06 2.04506E-10 1.19682E-10 6.32420E-11 2.90018E-06 1.29946E-13 5.01540E-07 3.48707E-07
 1.25617E-08 2.55474E-12 4.47785E-12 3.01876E-09 3.17473E-09 4.73895E-10 3.76097E-12 8.28792E-11
 6.38841E-13 1.64168E-13 8.61993E-15 1.89425E-15 3.63884E-12 5.24943E-11 2.32457E-12 1.45851E-10
 4.33718E-10 5.67542E-13 9.25731E-28 4.94959E-28 1.12771E-18 2.49278E-15 1.18169E-14 7.47856E-27
 6.64425E-11 1.37477E-08 7.52776E-06 2.35573E-10 1.28488E-10 5.83830E-11 2.48196E-06 2.38632E-13
 5.11573E-07 3.16331E-07 1.29750E-08 2.44246E-12 4.78206E-12 2.40973E-09 3.12906E-09 3.30075E-10
 3.12846E-12 4.61823E-11 3.30266E-13 1.09578E-13 2.81331E-15 8.63858E-16 2.67933E-12 3.92866E-11
 2.98831E-12 1.23915E-10 4.69450E-10 2.14510E-13 1.33093E-27 7.96073E-28 1.46699E-18 2.95149E-15
 1.13519E-14 8.43031E-27 6.12463E-11 1.82885E-08 7.56196E-06 2.64022E-10 1.37604E-10 5.45453E-11
 2.12964E-06 4.13153E-13 5.27983E-07 2.88381E-07 1.35840E-08 2.35884E-12 5.04452E-12 1.93739E-09
 3.04739E-09 2.31109E-10 2.50853E-12 2.54229E-11 1.74658E-13 7.21732E-14 9.18454E-16 3.77364E-16
 1.99746E-12 2.87573E-11 3.67074E-12 1.02695E-10 5.01273E-10 8.11760E-14 1.85717E-27 1.22477E-27
 1.88058E-18 3.47983E-15 1.08170E-14 9.55608E-27 5.59219E-11 2.36599E-08 7.58152E-06 2.90347E-10
 1.46919E-10 5.13662E-11 1.83283E-06 6.81544E-13 5.50847E-07 2.64419E-07 1.43989E-08 2.28680E-12
 5.26310E-12 1.57103E-09 2.94750E-09 1.63707E-10 1.96771E-12 1.40288E-11 9.46714E-14 4.72921E-14
 3.04405E-16 1.61477E-16 1.51267E-12 2.07717E-11 4.34221E-12 8.37324E-11 5.28028E-10 3.12267E-14
 2.48751E-27 1.79274E-27 2.37116E-18 4.05936E-15 1.02308E-14 1.08336E-26 5.07598E-11 2.98939E-08
 7.58760E-06 3.15457E-10 1.56556E-10 4.86761E-11 1.57969E-06 1.08369E-12 5.79966E-07 2.43995E-07
 1.54308E-08 2.22131E-12 5.45345E-12 1.28727E-09 2.84136E-09 1.17693E-10 1.52380E-12 7.82647E-12
 5.25520E-14 3.09873E-14 1.02965E-16 6.78934E-17 1.16713E-12 1.48751E-11 4.98357E-12 6.74923E-11
 5.49833E-10 1.22632E-14 3.19144E-27 2.49971E-27 2.92752E-18 4.66635E-15 9.61705E-15 1.22552E-26
 4.58799E-11 3.69882E-08 7.58148E-06 3.40375E-10 1.66768E-10 4.64604E-11 1.36173E-06 1.67392E-12
 6.15456E-07 2.26391E-07 1.66998E-08 2.15787E-12 5.61659E-12 1.06448E-09 2.73385E-09 8.58741E-11
 1.17312E-12 4.43094E-12 2.98351E-14 2.03513E-14 3.55561E-17 2.83077E-17 9.16148E-13 1.06210E-11
 5.58544E-12 5.40129E-11 5.67170E-10 4.92949E-15 3.94470E-27 3.34282E-27 3.54536E-18 5.28496E-15
 8.99164E-15 1.38847E-26 4.13755E-11 4.49179E-08 7.56408E-06 3.66236E-10 1.77946E-10 4.47577E-11
 1.17221E-06 2.52821E-12 6.57584E-07 2.10992E-07 1.82355E-08 2.09508E-12 5.75445E-12 8.86850E-10
 2.62683E-09 6.35273E-11 9.02010E-13 2.54994E-12 1.72973E-14 1.34101E-14 1.25068E-17 1.17620E-17
 7.29956E-13 7.59408E-12 6.14605E-12 4.30408E-11 5.80745E-10 2.02861E-15 4.73974E-27 4.32539E-27
 4.21934E-18 5.90254E-15 8.36715E-15 1.58191E-26 3.73569E-11 5.36531E-08 7.53634E-06 3.94340E-10
 1.90622E-10 4.36355E-11 1.00607E-06 3.75651E-12 7.06036E-07 1.97513E-07 2.00544E-08 2.03524E-12
 5.87795E-12 7.45126E-10 2.52236E-09 4.76299E-11 6.95154E-13 1.49637E-12 1.02361E-14 8.87453E-15
 4.47269E-18 4.86584E-18 5.90969E-13 5.45494E-12 6.66859E-12 3.42071E-11 5.91283E-10 8.53970E-16
 5.58281E-27 5.45731E-27 4.93224E-18 6.50061E-15 7.76214E-15 1.81417E-26 3.38295E-11 6.31163E-08
 7.49889E-06 4.26043E-10 2.05376E-10 4.32555E-11 8.61516E-07 5.50840E-12 7.60923E-07 1.85575E-07
 2.21937E-08 1.97549E-12 5.97625E-12 6.30785E-10 2.42025E-09 3.61547E-11 5.39475E-13 8.98604E-13
 6.19520E-15 5.90744E-15 1.63100E-18 2.04367E-18 4.85654E-13 3.96912E-12 7.17112E-12 2.72384E-11
 5.99290E-10 3.69674E-16 6.50724E-27 6.76512E-27 5.69403E-18 7.07037E-15 7.18540E-15 2.10355E-26
 3.05758E-11 7.26644E-08 7.45206E-06 4.61687E-10 2.22142E-10 4.41553E-11 7.48978E-07 7.82624E-12
 8.22526E-07 1.74860E-07 2.47148E-08 1.88585E-12 5.85268E-12 5.37328E-10 2.31984E-09 2.76755E-11
 4.32714E-13 5.62368E-13 3.94335E-15 4.00139E-15 6.50048E-19 1.07423E-18 4.04683E-13 3.06508E-12
 7.74133E-12 2.23761E-11 6.04515E-10 1.75261E-16 7.58595E-27 8.26206E-27 6.81304E-18 7.60701E-15
 6.64137E-15 2.56311E-26 2.77057E-11 8.23773E-08 7.39672E-06 5.02489E-10 2.41571E-10 4.61335E-11
 6.54679E-07 1.09246E-11 8.90387E-07 1.65190E-07 2.77282E-08 1.78260E-12 5.60596E-12 4.60842E-10
 2.22192E-09 2.14000E-11 3.54197E-13 3.64398E-13 2.60647E-15 2.74650E-15 2.76121E-19 6.38269E-19
 3.42064E-13 2.45901E-12 8.37631E-12 1.87149E-11 6.08158E-10 8.82167E-17 8.88550E-27 1.00203E-26
 8.27894E-18 8.10556E-15 6.13508E-15 3.22185E-26 2.52784E-11 9.23719E-08 7.33354E-06 5.49932E-10
 2.64555E-10 4.89534E-11 5.68094E-07 1.51816E-11 9.64251E-07 1.56363E-07 3.13978E-08 1.68313E-12
 5.35012E-12 3.97885E-10 2.12678E-09 1.67628E-11 2.91373E-13 2.41503E-13 1.75874E-15 1.89866E-15
 1.19916E-19 3.77748E-19 2.93107E-13 1.98955E-12 9.02960E-12 1.56437E-11 6.11041E-10 4.52799E-17
 1.04892E-26 1.21585E-26 9.96454E-18 8.56617E-15 5.66650E-15 4.11619E-26 2.32185E-11 1.02545E-07
 7.26347E-06 6.05008E-10 2.91611E-10 5.27208E-11 4.89471E-07 2.10138E-11 1.04346E-06 1.48258E-07
 3.58892E-08 1.58594E-12 5.08769E-12 3.46014E-10 2.03501E-09 1.33321E-11 2.40890E-13 1.63879E-13
 1.21328E-15 1.32558E-15 5.34059E-20 2.22607E-19 2.54688E-13 1.62253E-12 9.70239E-12 1.30674E-11
 6.13297E-10 2.37226E-17 1.24882E-26 1.47790E-26 1.18911E-17 8.98711E-15 5.23737E-15 5.28373E-26
 2.12569E-11 1.12168E-07 7.18800E-06 6.66318E-10 3.21732E-10 5.79513E-11 4.27209E-07 2.83734E-11
 1.12674E-06 1.40822E-07 4.13496E-08 1.46730E-12 4.66286E-12 3.03507E-10 1.94754E-09 1.07775E-11
 2.04730E-13 1.16039E-13 8.77792E-16 9.51211E-16 2.59987E-20 1.55890E-19 2.24697E-13 1.38740E-12
 1.04905E-11 1.12047E-11 6.14584E-10 1.35148E-17 1.49740E-26 1.78951E-26 1.47302E-17 9.36449E-15
 4.85098E-15 7.08530E-26 1.93630E-11 1.21471E-07 7.10813E-06 7.34510E-10 3.55207E-10 6.46309E-11
 3.76026E-07 3.76856E-11 1.21335E-06 1.33938E-07 4.80031E-08 1.33648E-12 4.15246E-12 2.68601E-10
 1.86472E-09 8.88055E-12 1.77333E-13 8.54772E-14 6.60047E-16 7.01080E-16 1.35643E-20 1.19322E-19
 2.01174E-13 1.22419E-12 1.13756E-11 9.75986E-12 6.15277E-10 8.20937E-18 1.80196E-26 2.16005E-26
 1.87399E-17 9.70032E-15 4.50504E-15 9.81271E-26 1.76193E-11 1.31040E-07 7.02390E-06 8.11701E-10
 3.93271E-10 7.25262E-11 3.29379E-07 5.00540E-11 1.30357E-06 1.27434E-07 5.61928E-08 1.21034E-12
 3.67593E-12 2.39575E-10 1.78611E-09 7.47540E-12 1.53734E-13 6.46055E-14 5.06770E-16 5.26018E-16
 7.28735E-21 8.68222E-20 1.82407E-13 1.07781E-12 1.22757E-11 8.44924E-12 6.15800E-10 5.06890E-18
 2.17192E-26 2.60840E-26 2.37541E-17 1.00011E-14 4.19318E-15 1.36386E-25 1.60091E-11 1.40957E-07
 6.93508E-06 8.98429E-10 4.36168E-10 8.17053E-11 2.87358E-07 6.64753E-11 1.39784E-06 1.21161E-07
 6.63374E-08 1.08956E-12 3.23185E-12 2.15118E-10 1.71122E-09 6.43192E-12 1.33243E-13 4.99222E-14
 3.97023E-16 4.02152E-16 4.03744E-21 5.99558E-20 1.67176E-13 9.42791E-13 1.31638E-11 7.25766E-12
 6.16199E-10 3.17074E-18 2.61825E-26 3.14906E-26 3.00306E-17 1.02720E-14 3.90993E-15 1.89965E-25
 1.45776E-11 1.51408E-07 6.84247E-06 9.95684E-10 4.84333E-10 9.23157E-11 2.49983E-07 8.83615E-11
 1.49550E-06 1.15078E-07 7.87867E-08 9.74748E-13 2.82170E-12 1.94515E-10 1.64057E-09 5.65679E-12
 1.15465E-13 3.94305E-14 3.17462E-16 3.13474E-16 2.31486E-21 3.94002E-20 1.54773E-13 8.18387E-13
 1.40225E-11 6.18200E-12 6.16498E-10 2.00685E-18 3.15187E-26 3.79686E-26 3.78702E-17 1.05137E-14
 3.65428E-15 2.64804E-25 1.34703E-11 1.62520E-07 6.74708E-06 1.10540E-09 5.38669E-10 1.04675E-10
 2.16958E-07 1.17693E-10 1.59560E-06 1.09166E-07 9.38583E-08 8.66682E-13 2.44616E-12 1.77207E-10
 1.57471E-09 5.08398E-12 1.00142E-13 3.18607E-14 2.59225E-16 2.49127E-16 1.37627E-21 2.47522E-20
 1.44666E-13 7.05050E-13 1.48351E-11 5.21964E-12 6.16716E-10 1.28410E-18 3.79133E-26 4.57387E-26
 4.76324E-17 1.07265E-14 3.42553E-15 3.69286E-25 1.29808E-11 1.74249E-07 6.64834E-06 1.23127E-09
 6.00993E-10 1.19552E-10 1.87732E-07 1.57277E-10 1.69887E-06 1.03326E-07 1.12114E-07 7.65158E-13
 2.10289E-12 1.62476E-10 1.51305E-09 4.66794E-12 8.70397E-14 2.63539E-14 2.16357E-16 2.01725E-16
 8.48136E-22 1.49322E-20 1.36293E-13 6.03315E-13 1.55821E-11 4.36608E-12 6.16876E-10 8.29685E-19
 4.57917E-26 5.52180E-26 5.97559E-17 1.09144E-14 3.21942E-15 5.15794E-25 1.36352E-11 1.86343E-07
 6.54590E-06 1.37990E-09 6.74571E-10 1.38313E-10 1.61691E-07 2.11194E-10 1.80571E-06 9.74976E-08
 1.34132E-07 6.70334E-13 1.79014E-12 1.49828E-10 1.45530E-09 4.38451E-12 7.60235E-14 2.23981E-14
 1.85235E-16 1.66479E-16 5.42873E-22 8.68248E-21 1.29273E-13 5.13783E-13 1.62408E-11 3.61563E-12
 6.17007E-10 5.41704E-19 5.59693E-26 6.71547E-26 7.47319E-17 1.10794E-14 3.03313E-15 7.23020E-25
 1.62092E-11 1.98365E-07 6.44055E-06 1.56145E-09 7.64449E-10 1.63009E-10 1.38318E-07 2.85469E-10
 1.91533E-06 9.17000E-08 1.60252E-07 5.82869E-13 1.50790E-12 1.39001E-10 1.40184E-09 4.22550E-12
 6.69908E-14 1.96924E-14 1.63623E-16 1.40247E-16 3.62808E-22 4.87871E-21 1.23388E-13 4.36670E-13
 1.67847E-11 2.96175E-12 6.17141E-10 3.58322E-19 6.98087E-26 8.27954E-26 9.30538E-17 1.12218E-14
 2.86613E-15 1.01929E-24 2.16374E-11 2.09901E-07 6.33241E-06 1.78927E-09 8.77183E-10 1.96704E-10
 1.17337E-07 3.89078E-10 2.02760E-06 8.59338E-08 1.90887E-07 5.02032E-13 1.25595E-12 1.29706E-10
 1.35262E-09 4.18659E-12 5.97398E-14 1.80344E-14 1.49810E-16 1.20711E-16 2.54208E-22 2.65234E-21
 1.18433E-13 3.71362E-13 1.71847E-11 2.39742E-12 6.17316E-10 2.40425E-19 8.93787E-26 1.04026E-25
 1.15163E-16 1.13427E-14 2.71671E-15 1.44664E-24 3.08550E-11 2.21157E-07 6.22136E-06 2.07630E-09
 1.01882E-09 2.43858E-10 9.89280E-08 5.35540E-10 2.14258E-06 8.02051E-08 2.26464E-07 4.22866E-13
 1.03038E-12 1.21691E-10 1.30749E-09 4.25174E-12 5.40525E-14 1.73868E-14 1.43213E-16 1.05935E-16
 1.89770E-22 1.39843E-21 1.14243E-13 3.19211E-13 1.73971E-11 1.91557E-12 6.17581E-10 1.64847E-19
 1.17196E-25 1.33072E-25 1.41618E-16 1.14435E-14 2.58291E-15 2.06575E-24 4.47367E-11 2.25861E-07
 6.10968E-06 2.37996E-09 1.15821E-09 3.11154E-10 9.29570E-08 6.61722E-10 2.25794E-06 7.46544E-08
 2.66497E-07 3.29341E-13 6.65918E-13 1.14896E-10 1.26700E-09 4.50851E-12 5.56457E-14 1.82391E-14
 1.55239E-16 1.06908E-16 1.85348E-22 9.96697E-22 1.10765E-13 3.08165E-13 1.70812E-11 1.62403E-12
 6.18141E-10 1.43861E-19 1.55213E-25 1.68021E-25 2.14362E-16 1.14817E-14 2.46545E-15 3.55251E-24
 6.33903E-11 2.39605E-07 5.99573E-06 2.85548E-09 1.39232E-09 3.89161E-10 7.44355E-08 9.74749E-10
 2.37508E-06 6.92454E-08 3.11834E-07 2.80401E-13 5.73771E-13 1.09074E-10 1.23236E-09 4.73596E-12
 4.93997E-14 1.78268E-14 1.49059E-16 9.27607E-17 1.35518E-22 4.40034E-22 1.07785E-13 2.51708E-13
 1.71163E-11 1.23049E-12 6.18495E-10 9.18423E-20 2.13203E-25 2.25493E-25 2.38812E-16 1.15559E-14
 2.36011E-15 4.75773E-24 8.57540E-11 2.55103E-07 5.87574E-06 3.43250E-09 1.67529E-09 4.84714E-10
 5.93542E-08 1.44661E-09 2.49776E-06 6.38624E-08 3.64014E-07 2.43035E-13 5.00944E-13 1.03902E-10
 1.20142E-09 4.97633E-12 4.36727E-14 1.71516E-14 1.41231E-16 8.02309E-17 9.54522E-23 1.89019E-22
 1.05159E-13 2.00606E-13 1.71451E-11 9.27974E-13 6.18756E-10 5.64299E-20 2.93167E-25 3.03082E-25
 2.61617E-16 1.16236E-14 2.26266E-15 6.27157E-24 1.10905E-10 2.70760E-07 5.75054E-06 4.06286E-09
 1.97395E-09 6.02165E-10 5.02540E-08 2.04395E-09 2.62503E-06 5.86157E-08 4.22729E-07 2.02632E-13
 3.90997E-13 9.93289E-11 1.17365E-09 5.23790E-12 4.05848E-14 1.67237E-14 1.38021E-16 7.31902E-17
 7.34045E-23 9.29183E-23 1.02881E-13 1.66611E-13 1.69355E-11 7.19235E-13 6.19141E-10 3.76301E-20
 3.94754E-25 3.98064E-25 3.06916E-16 1.16604E-14 2.17330E-15 8.66818E-24 1.37411E-10 2.92236E-07
 5.62050E-06 4.80327E-09 2.32247E-09 7.35038E-10 4.18427E-08 2.97425E-09 2.75626E-06 5.35965E-08
 4.87732E-07 1.68322E-13 3.17361E-13 9.52988E-11 1.14899E-09 5.40308E-12 3.66190E-14 1.59236E-14
 1.29902E-16 6.43568E-17 5.35134E-23 4.27683E-23 1.00913E-13 1.35059E-13 1.68120E-11 5.48907E-13
 6.19396E-10 2.38642E-20 5.22234E-25 5.20602E-25 3.43662E-16 1.16978E-14 2.09159E-15 1.14202E-23
 1.64220E-10 3.17583E-07 5.48564E-06 5.60976E-09 2.69069E-09 8.82589E-10 3.57465E-08 4.25876E-09
 2.89130E-06 4.88607E-08 5.58841E-07 1.37033E-13 2.46673E-13 9.17383E-11 1.12690E-09 5.50366E-12
 3.33293E-14 1.49200E-14 1.20684E-16 5.71218E-17 3.90699E-23 2.04914E-23 9.92178E-14 1.09793E-13
 1.66243E-11 4.22425E-13 6.19660E-10 1.52276E-20 6.75527E-25 6.69966E-25 3.88247E-16 1.17201E-14
 2.01685E-15 1.49472E-23 1.90268E-10 3.49926E-07 5.34620E-06 6.50201E-09 3.08891E-09 1.03659E-09
 3.04198E-08 6.17149E-09 3.02969E-06 4.44644E-08 6.35636E-07 1.10583E-13 1.94148E-13 8.85943E-11
 1.10707E-09 5.47731E-12 2.97144E-14 1.35811E-14 1.08094E-16 4.93193E-17 2.72211E-23 9.53382E-24
 9.77616E-14 8.76652E-14 1.64968E-11 3.23062E-13 6.19830E-10 9.37280E-21 8.56095E-25 8.55201E-25
 4.29693E-16 1.17387E-14 1.94855E-15 1.89924E-23 2.14891E-10 3.87780E-07 5.20274E-06 7.44216E-09
 3.49047E-09 1.19201E-09 2.65266E-08 8.78851E-09 3.17077E-06 4.04476E-08 7.17519E-07 8.76906E-14
 1.46117E-13 8.58188E-11 1.08905E-09 5.38290E-12 2.66791E-14 1.20933E-14 9.52040E-17 4.29494E-17
 1.88678E-23 4.62069E-24 9.65138E-14 7.00676E-14 1.63261E-11 2.49160E-13 6.20010E-10 5.79350E-21
 1.06312E-24 1.07829E-24 4.77924E-16 1.17442E-14 1.88627E-15 2.38706E-23 2.37293E-10 4.37583E-07
 5.05519E-06 8.47561E-09 3.92003E-09 1.33108E-09 2.25502E-08 1.28862E-08 3.31417E-06 3.68270E-08
 8.04073E-07 6.98639E-14 1.15767E-13 8.33654E-11 1.07259E-09 5.11212E-12 2.29715E-14 1.03388E-14
 7.91568E-17 3.53480E-17 1.19765E-23 2.08932E-24 9.54408E-14 5.41977E-14 1.63471E-11 1.89866E-13
 6.19976E-10 3.35546E-21 1.29626E-24 1.36057E-24 5.18910E-16 1.17510E-14 1.82944E-15 2.91101E-23
 2.56880E-10 4.97639E-07 4.89794E-06 9.53928E-09 4.33733E-09 1.45375E-09 1.94466E-08 1.87036E-08
 3.46526E-06 3.34698E-08 8.98533E-07 5.48673E-14 8.90510E-14 8.11006E-11 1.05655E-09 4.76228E-12
 1.96920E-14 8.56727E-15 6.38363E-17 2.89136E-17 7.32052E-24 9.63327E-25 9.44790E-14 4.15111E-14
 1.63955E-11 1.45585E-13 6.19888E-10 1.90477E-21 1.55452E-24 1.70491E-24 5.65634E-16 1.17484E-14
 1.77544E-15 3.51114E-23 2.72980E-10 5.74215E-07 4.72365E-06 1.06269E-08 4.73743E-09 1.55150E-09
 1.67045E-08 2.73776E-08 3.63052E-06 3.02582E-08 1.00549E-06 4.22094E-14 6.82705E-14 7.89123E-11
 1.03996E-09 4.29414E-12 1.64739E-14 6.81488E-15 4.90783E-17 2.28317E-17 4.18144E-24 4.33914E-25
 9.35757E-14 3.10676E-14 1.65410E-11 1.11269E-13 6.19675E-10 1.03196E-21 1.83855E-24 2.13353E-24
 6.16155E-16 1.17401E-14 1.72185E-15 4.17799E-23 2.85062E-10 6.68651E-07 4.53118E-06 1.16989E-08
 5.09796E-09 1.62065E-09 1.45739E-08 3.97311E-08 3.81045E-06 2.72082E-08 1.12640E-06 3.15625E-14
 5.02560E-14 7.67850E-11 1.02234E-09 3.78997E-12 1.37114E-14 5.23595E-15 3.65274E-17 1.78993E-17
 2.29801E-24 1.99075E-25 9.27219E-14 2.30202E-14 1.67094E-11 8.53843E-14 6.19411E-10 5.47529E-22
 2.14461E-24 2.66137E-24 6.75646E-16 1.17209E-14 1.66850E-15 4.93056E-23 2.93141E-10 7.92919E-07
 4.32030E-06 1.27096E-08 5.39845E-09 1.65136E-09 1.26595E-08 5.82414E-08 4.00389E-06 2.43475E-08
 1.26235E-06 2.29918E-14 3.66984E-14 7.47174E-11 1.00341E-09 3.21184E-12 1.10813E-14 3.86006E-15
 2.57851E-17 1.34510E-17 1.17726E-24 8.85885E-26 9.19124E-14 1.66463E-14 1.69958E-11 6.50993E-14
 6.18999E-10 2.76437E-22 2.46749E-24 3.31783E-24 7.44653E-16 1.16897E-14 1.61551E-15 5.75518E-23
 2.96397E-10 9.44856E-07 4.09241E-06 1.36938E-08 5.65387E-09 1.65531E-09 1.11631E-08 8.45222E-08
 4.20837E-06 2.16937E-08 1.41437E-06 1.62440E-14 2.55631E-14 7.27081E-11 9.82664E-10 2.68415E-12
 8.97132E-15 2.76925E-15 1.77938E-17 1.01184E-17 5.86409E-25 4.04359E-26 9.11430E-14 1.20132E-14
 1.73270E-11 4.98806E-14 6.18511E-10 1.37931E-22 2.83512E-24 4.14955E-24 8.23913E-16 1.16454E-14
 1.56300E-15 6.66991E-23 2.93123E-10 1.12803E-06 3.84777E-06 1.48970E-08 5.94662E-09 1.63464E-09
 9.56097E-09 1.25121E-07 4.42001E-06 1.92568E-08 1.58387E-06 1.11519E-14 1.77529E-14 7.07559E-11
 9.59700E-10 2.19659E-12 7.18604E-15 1.93682E-15 1.19373E-17 7.32848E-18 2.77278E-25 1.81107E-26
 9.04078E-14 8.64673E-15 1.78893E-11 3.83075E-14 6.17757E-10 6.68465E-23 3.31057E-24 5.34881E-24
 8.99619E-16 1.16012E-14 1.51106E-15 7.66140E-23 2.80823E-10 1.33533E-06 3.58327E-06 1.75954E-08
 6.68157E-09 1.58895E-09 8.11318E-09 1.97866E-07 4.63185E-06 1.70383E-08 1.77271E-06 7.29912E-15
 1.15729E-14 6.88592E-11 9.33894E-10 1.86622E-12 6.24106E-15 1.33548E-15 8.15397E-18 5.56353E-18
 1.32465E-25 8.78160E-27 8.97037E-14 6.47683E-15 1.87371E-11 3.03985E-14 6.16678E-10 3.32181E-23
 3.94786E-24 7.65260E-24 9.34236E-16 1.15942E-14 1.45975E-15 8.94650E-23 2.71568E-10 2.27718E-06
 3.27202E-06 1.82226E-08 6.64260E-09 1.34071E-09 8.81290E-09 3.94574E-07 4.82643E-06 1.50349E-08
 1.98582E-06 4.28623E-15 6.09077E-15 6.70167E-11 9.05192E-10 1.07539E-12 4.63605E-15 7.79501E-16
 4.08648E-18 3.60678E-18 4.83268E-26 3.02855E-27 8.90320E-14 3.95657E-15 2.04059E-11 2.03301E-14
 6.14740E-10 1.14551E-23 3.69984E-24 9.54359E-24 1.12806E-15 1.14236E-14 1.40904E-15 1.07418E-22
 2.64890E-10 8.15371E-06 2.90567E-06 9.31945E-09 3.59492E-09 8.41288E-10 1.87505E-08 8.16188E-07
 4.96554E-06 1.32376E-08 2.22534E-06 2.37360E-15 2.40863E-15 6.52268E-11 8.72532E-10 2.34014E-13
 1.87003E-15 3.63413E-16 1.20276E-18 1.25124E-18 1.16512E-26 7.33838E-28 8.83881E-14 1.57700E-15
 2.43440E-11 1.10807E-14 6.10483E-10 2.08713E-24 1.67555E-24 5.34473E-24 2.19799E-15 1.03717E-14
 1.35898E-15 1.13064E-22 2.12330E-10 2.88980E-05 2.54963E-06 3.91179E-09 1.48841E-09 4.69672E-10
 4.11144E-08 1.32953E-06 5.04366E-06 1.16353E-08 2.47995E-06 1.35092E-15 1.34910E-15 6.34886E-11
 8.35175E-10 3.82641E-14 5.85680E-16 1.63520E-16 3.14986E-19 2.39452E-19 2.56943E-27 2.98619E-28
 8.77444E-14 5.52279E-16 3.26782E-11 8.41195E-15 6.01765E-10 2.37852E-25 5.25864E-25 1.83062E-24
 4.03973E-15 8.54298E-15 1.30982E-15 8.59612E-23 1.45594E-10 7.40234E-05 2.22612E-06 2.07571E-09
 7.08650E-10 2.55396E-10 7.34094E-08 1.83990E-06 5.08683E-06 1.02138E-08 2.74261E-06 7.80598E-16
 9.86634E-16 6.18005E-11 7.94469E-10 1.01945E-14 2.17699E-16 7.32979E-17 8.17553E-20 6.20011E-20
 5.61811E-28 1.86564E-28 8.70871E-14 2.00849E-16 4.43811E-11 7.66724E-15 5.89608E-10 1.96738E-26
 1.47473E-25 6.73464E-25 5.81056E-15 6.78045E-15 1.26163E-15 5.88493E-23 9.35030E-11 1.53052E-04
 1.93804E-06 1.26373E-09 3.70840E-10 1.37641E-10 1.07454E-07 2.31590E-06 5.11022E-06 8.95939E-09
 3.01098E-06 4.54702E-16 8.22462E-16 6.01619E-11 7.51719E-10 4.43087E-15 9.03732E-17 3.28932E-17
 2.13303E-20 2.40561E-20 1.23217E-28 1.15989E-28 8.64100E-14 7.70485E-17 5.83275E-11 7.03402E-15
 5.75130E-10 1.67145E-27 3.90882E-26 2.65919E-25 7.21543E-15 5.37886E-15 1.21435E-15 3.82358E-23
 6.26977E-11 2.73744E-04 1.68355E-06 8.53195E-10 2.11087E-10 7.37710E-11 1.43367E-07 2.74494E-06
 5.12259E-06 7.85415E-09 3.28478E-06 2.65831E-16 7.31547E-16 5.85676E-11 7.08017E-10 2.73456E-15
 4.19403E-17 1.47476E-17 5.58307E-21 1.30992E-20 2.70369E-29 7.41691E-29 8.57074E-14 3.19142E-17
 7.35303E-11 6.50000E-15 5.59302E-10 2.97124E-28 1.00799E-26 1.14654E-25 8.25289E-15 4.33889E-15
 1.16782E-15 2.48914E-23 4.52509E-11 4.43049E-04 1.46088E-06 6.12257E-10 1.27282E-10 3.94723E-11
 1.78592E-07 3.12274E-06 5.12862E-06 6.88661E-09 3.56303E-06 1.56045E-16 6.77205E-16 5.70204E-11
 6.64502E-10 1.97894E-15 2.08171E-17 6.62035E-18 1.47026E-21 8.32313E-21 5.95120E-30 4.68881E-29
 8.49761E-14 1.41958E-17 8.92759E-11 5.95382E-15 5.42822E-10 1.02996E-28 2.58115E-27 5.29745E-26
 8.99719E-15 3.58516E-15 1.12204E-15 1.63618E-23 3.27936E-11 6.68372E-04 1.26638E-06 4.45019E-10
 7.84881E-11 2.10938E-11 1.98786E-07 3.45185E-06 5.13077E-06 6.03969E-09 3.84695E-06 9.18980E-17
 6.44207E-16 5.55133E-11 6.21903E-10 1.48856E-15 1.00446E-17 2.98025E-18 3.90784E-22 5.28918E-21
 1.31947E-30 2.52267E-29 8.42087E-14 6.34508E-18 1.05182E-10 5.17477E-15 5.26051E-10 3.79417E-29
 6.51201E-28 2.53276E-26 9.51622E-15 3.04853E-15 1.07676E-15 1.06711E-23 2.46411E-11 9.54445E-04
 1.09626E-06 3.30726E-10 5.00418E-11 1.12393E-11 2.11601E-07 3.73646E-06 5.13036E-06 5.29663E-09
 4.13824E-06 5.41742E-17 6.24989E-16 5.40382E-11 5.80748E-10 1.14646E-15 4.91395E-18 1.34149E-18
 1.04557E-22 3.43459E-21 2.93742E-31 1.31089E-29 8.33964E-14 2.86584E-18 1.20974E-10 4.43615E-15
 5.09240E-10 1.48443E-29 1.56053E-28 1.27399E-26 9.89744E-15 2.64007E-15 1.03168E-15 7.07603E-24
 1.92235E-11 1.30338E-03 9.48035E-07 2.49114E-10 3.28245E-11 5.97722E-12 2.16807E-07 3.98039E-06
 5.12819E-06 4.64678E-09 4.43716E-06 3.19778E-17 6.14621E-16 5.25952E-11 5.41683E-10 8.91314E-16
 2.43404E-18 6.04030E-19 2.82263E-23 2.24870E-21 6.57870E-32 6.62978E-30 8.25331E-14 1.31139E-18
 1.36388E-10 3.75240E-15 4.92626E-10 6.03871E-30 4.11083E-30 6.71953E-27 1.01923E-14 2.30684E-15
 9.86715E-16 4.77963E-24 1.54716E-11 1.71522E-03 8.19373E-07 1.88959E-10 2.20619E-11 3.17709E-12
 2.14742E-07 4.18780E-06 5.12468E-06 4.08038E-09 4.74403E-06 1.89149E-17 6.09561E-16 5.11848E-11
 5.05264E-10 6.96096E-16 1.21413E-18 2.72340E-19 7.71629E-24 1.47786E-21 1.48707E-32 3.26131E-30
 8.16118E-14 6.06456E-19 1.51221E-10 3.13132E-15 4.76382E-10 2.52140E-30-1.70715E-28 3.69839E-27
 1.04270E-14 2.02081E-15 9.41788E-16 3.28645E-24 1.23432E-11 2.18891E-03 7.07885E-07 1.42294E-10
 1.50122E-11 1.68768E-12 2.00670E-07 4.36300E-06 5.11982E-06 3.58732E-09 5.06000E-06 1.12139E-17
 6.07278E-16 4.98046E-11 4.71897E-10 5.39777E-16 5.89673E-19 1.23104E-19 2.14358E-24 9.47535E-22
 3.40641E-33 1.46574E-30 8.06230E-14 2.75789E-19 1.65343E-10 2.53303E-15 4.60600E-10 9.96191E-31
-8.88679E-28 2.09358E-27 1.06087E-14 1.77315E-15 8.96727E-16 2.27524E-24 9.77479E-12 2.72119E-03
 6.11247E-07 1.06506E-10 1.03423E-11 8.94458E-13 1.78845E-07 4.50982E-06 5.11322E-06 3.15767E-09
 5.38685E-06 6.65487E-18 6.06056E-16 4.84502E-11 4.41744E-10 4.16836E-16 2.80254E-19 5.57170E-20
 6.05685E-25 5.97156E-22 7.91674E-34 6.11867E-31 7.95550E-14 1.22663E-19 1.78654E-10 1.99872E-15
 4.45341E-10 3.77198E-31-4.42980E-27 1.21702E-27 1.07451E-14 1.55400E-15 8.51313E-16 1.58762E-24
 8.14977E-12 3.30277E-03 5.27913E-07 8.05363E-11 7.31961E-12 4.73744E-13 1.59799E-07 4.63122E-06
 5.10471E-06 2.78496E-09 5.72453E-06 3.95381E-18 6.04788E-16 4.71247E-11 4.14889E-10 3.26751E-16
 1.37487E-19 2.52322E-20 1.75084E-25 3.88616E-22 1.87670E-34 2.64899E-31 7.83999E-14 5.54136E-20
 1.90969E-10 1.58719E-15 4.30748E-10 1.55659E-31-2.23114E-26 7.36885E-28 1.08474E-14 1.35021E-15
 8.05540E-16 1.13430E-24 6.86045E-12 3.92129E-03 4.56627E-07 6.06239E-11 5.25155E-12 2.51199E-13
 1.37957E-07 4.73004E-06 5.09414E-06 2.46399E-09 6.07253E-06 2.35504E-18 6.02729E-16 4.58325E-11
 3.91498E-10 2.56432E-16 6.72098E-20 1.14567E-20 5.21640E-26 2.51471E-22 4.57740E-35 1.10019E-31
 7.71493E-14 2.51063E-20 2.02102E-10 1.23795E-15 4.16961E-10 6.34528E-32-4.20232E-27 4.58983E-28
 1.09097E-14 1.16563E-15 7.59452E-16 8.18485E-25 5.90848E-12 4.56117E-03 3.96141E-07 4.56134E-11
 3.83306E-12 1.33504E-13 1.16654E-07 4.80841E-06 5.08102E-06 2.18955E-09 6.43058E-06 1.40694E-18
 5.99398E-16 4.45764E-11 3.71520E-10 2.02680E-16 3.30870E-20 5.21517E-21 1.61289E-26 1.64097E-22
 1.15855E-35 4.48681E-32 7.57937E-14 1.14598E-20 2.11884E-10 9.56087E-16 4.04100E-10 2.63439E-32
 2.98461E-27 2.94543E-28 1.09312E-14 9.98679E-16 7.13060E-16 5.98584E-25 5.29456E-12 5.20105E-03
 3.45555E-07 3.44359E-11 2.85695E-12 7.13551E-14 9.77585E-08 4.86815E-06 5.06511E-06 1.95803E-09
 6.79705E-06 8.45043E-19 5.94475E-16 4.33624E-11 3.54898E-10 1.62219E-16 1.66416E-20 2.38291E-21
 5.23194E-27 1.09387E-22 3.08661E-36 1.84623E-32 7.43256E-14 5.33249E-21 2.20114E-10 7.36338E-16
 3.92318E-10 1.15085E-32-9.56136E-28 1.95165E-28 1.09113E-14 8.48202E-16 6.66498E-16 4.45336E-25
 4.80535E-12 5.81585E-03 3.04113E-07 2.58785E-11 2.15717E-12 3.85208E-14 7.93033E-08 4.91053E-06
 5.04589E-06 1.76641E-09 7.17018E-06 5.12938E-19 5.87723E-16 4.21957E-11 3.41643E-10 1.30354E-16
 8.35232E-21 1.09605E-21 1.78917E-27 7.27164E-23 8.71935E-37 7.27819E-33 7.27364E-14 2.49210E-21
 2.26605E-10 5.57092E-16 3.81747E-10 4.96498E-33-4.68934E-28 1.32721E-28 1.08436E-14 7.18395E-16
 6.19901E-16 3.34170E-25 4.48833E-12 6.37547E-03 2.71258E-07 1.94530E-11 1.65783E-12 2.12709E-14
 6.29925E-08 4.93589E-06 5.02261E-06 1.61247E-09 7.54752E-06 3.18887E-19 5.78986E-16 4.10821E-11
 3.31656E-10 1.05766E-16 4.23238E-21 5.11384E-22 6.48573E-28 4.88643E-23 2.62928E-37 2.81136E-33
 7.10193E-14 1.17409E-21 2.31163E-10 4.17066E-16 3.72528E-10 2.18309E-33-1.27771E-28 9.30275E-29
 1.07264E-14 6.09189E-16 5.73473E-16 2.54039E-25 4.27859E-12 6.84476E-03 2.46695E-07 1.46015E-11
 1.29312E-12 1.25070E-14 4.84432E-08 4.94392E-06 4.99430E-06 1.49508E-09 7.92590E-06 2.10477E-19
 5.68148E-16 4.00282E-11 3.24854E-10 8.63010E-17 2.14935E-21 2.50595E-22 2.51943E-28 3.28146E-23
 8.50053E-38 1.04110E-33 6.91692E-14 5.59886E-22 2.33592E-10 3.06963E-16 3.64805E-10 9.51641E-34
-2.86358E-29 6.70670E-29 1.05555E-14 5.23058E-16 5.27488E-16 1.94996E-25 4.23581E-12 7.18321E-03
 2.30421E-07 1.10610E-11 1.02980E-12 8.75667E-15 3.66113E-08 4.93353E-06 4.95985E-06 1.41421E-09
 8.30103E-06 1.59700E-19 5.55138E-16 3.90420E-11 3.21079E-10 7.11744E-17 1.14380E-21 1.47860E-22
 1.17522E-28 2.23048E-23 3.28954E-38 3.89348E-34 6.71851E-14 2.99498E-22 2.33688E-10 2.24797E-16
 3.58736E-10 4.30265E-34-9.17200E-30 5.00898E-29 1.03274E-14 4.62794E-16 4.82335E-16 1.51932E-25
 2.85150E+02 2.78650E+02 2.72150E+02 2.65660E+02 2.61170E+02 2.55680E+02 2.49190E+02 2.42700E+02
 2.36210E+02 2.25000E+02 2.10000E+02 2.10000E+02 2.10000E+02 2.10000E+02 2.10000E+02 2.10000E+02
 2.14000E+02 2.14000E+02 2.16650E+02 2.16650E+02 2.16650E+02 2.17580E+02 2.18570E+02 2.19570E+02
 2.20560E+02 2.21550E+02 2.22540E+02 2.23540E+02 2.24530E+02 2.25520E+02 2.26510E+02 2.27500E+02
 2.28490E+02 2.30970E+02 2.33740E+02 2.36510E+02 2.39280E+02 2.42050E+02 2.44820E+02 2.47580E+02
 2.50350E+02 2.53140E+02 2.55880E+02 2.58640E+02 2.61400E+02 2.64160E+02 2.66960E+02 2.69680E+02
 2.70650E+02 2.70650E+02 2.70650E+02 2.70650E+02 2.69030E+02 2.66270E+02 2.63520E+02 2.60770E+02
 2.58020E+02 2.55270E+02 2.52520E+02 2.49770E+02 2.47020E+02 2.44270E+02 2.41530E+02 2.30780E+02
 2.30500E+02 2.30500E+02 2.27000E+02 2.25100E+02 2.22000E+02 2.19600E+02 2.16000E+02 2.14300E+02
 2.12000E+02 2.10300E+02 2.08000E+02 2.06400E+02 2.04000E+02 2.02500E+02 2.00000E+02 1.98600E+02
 1.96000E+02 1.94700E+02 1.92000E+02 1.90800E+02 1.89000E+02 1.86900E+02 1.86900E+02 1.86900E+02
 1.86900E+02 1.86900E+02 1.88000E+02 1.90000E+02 1.91000E+02 1.92500E+02 1.94000E+02 1.95000E+02
 1.96500E+02 1.98000E+02 2.00000E+02 2.02000E+02 1.00000E+05 1.00000E+05 1.00000E+05 1.00000E+05
 1.00000E+05 1.00000E+05 1.00000E+05 1.00000E+05 1.00000E+05 8.94400E+04 4.89900E+04 2.25800E+04
 1.16600E+04 6.81200E+03 5.16500E+03 4.29000E+03 3.95000E+03 3.90000E+03 3.99900E+03 4.34300E+03
 4.84400E+03 5.43900E+03 6.18700E+03 7.03600E+03 7.98400E+03 8.98600E+03 1.00300E+04 1.12800E+04
 1.24900E+04 1.36300E+04 1.51300E+04 1.66900E+04 1.81800E+04 1.99800E+04 2.19800E+04 2.44500E+04
 2.74600E+04 3.04600E+04 3.39400E+04 3.79500E+04 4.19500E+04 4.64300E+04 5.19100E+04 5.84000E+04
 6.44500E+04 7.13600E+04 7.99000E+04 8.79100E+04 9.68700E+04 1.06900E+05 1.17800E+05 1.31800E+05
 1.48300E+05 1.65800E+05 1.83300E+05 2.01800E+05 2.25600E+05 2.52200E+05 2.77200E+05 3.07000E+05
 3.42100E+05 3.79500E+05 4.21900E+05 4.71700E+05 5.17400E+05 5.67400E+05 6.22400E+05 6.82600E+05
 7.48700E+05 8.21200E+05 9.00700E+05 9.87900E+05 1.00000E+06 1.00000E+06 1.00000E+06 1.00000E+06
 1.00000E+06 1.00000E+06 1.00000E+06 1.00000E+06 1.00000E+06 1.00000E+06 1.00000E+06 1.00000E+06
 1.00000E+06 1.00000E+06 1.00000E+06 1.00000E+06 1.00000E+06 1.00000E+06 1.00000E+06 1.00000E+06
 1.00000E+06 1.00000E+06 1.00000E+06 1.00000E+06 1.00000E+06 1.00000E+06 1.00000E+06 1.00000E+06
 2.42726E+19 2.20565E+19 1.99983E+19 1.80893E+19 1.62054E+19 1.45438E+19 1.30713E+19 1.17153E+19
 1.04693E+19 9.50869E+18 8.73780E+18 7.45349E+18 6.35827E+18 5.42426E+18 4.62768E+18 3.94827E+18
 3.31077E+18 2.83338E+18 2.39758E+18 2.05597E+18 1.76312E+18 1.50609E+18 1.28713E+18 1.10079E+18
 9.42181E+17 8.07024E+17 6.91766E+17 5.93378E+17 5.09376E+17 4.37580E+17 3.76171E+17 3.23608E+17
 2.78585E+17 2.38556E+17 2.04390E+17 1.75445E+17 1.50873E+17 1.29974E+17 1.12164E+17 9.69637E+16
 8.39588E+16 7.28111E+16 6.32563E+16 5.50359E+16 4.79566E+16 4.18499E+16 3.65689E+16 3.20095E+16
 2.82273E+16 2.49880E+16 2.21212E+16 1.95841E+16 1.74367E+16 1.55768E+16 1.38990E+16 1.23875E+16
 1.10274E+16 9.80480E+15 8.70701E+15 7.72240E+15 6.84032E+15 6.05102E+15 5.34539E+15 4.86794E+15
 4.22708E+15 3.66598E+15 3.22500E+15 2.81288E+15 2.46297E+15 2.14631E+15 1.87722E+15 1.62483E+15
 1.40849E+15 1.21590E+15 1.05124E+15 9.04610E+14 7.80371E+14 6.69305E+14 5.76055E+14 4.92370E+14
 4.22758E+14 3.60051E+14 3.08377E+14 2.61658E+14 2.22442E+14 1.89098E+14 1.58819E+14 1.33396E+14
 1.12048E+14 9.41220E+13 7.86457E+13 6.55018E+13 5.49237E+13 4.59891E+13 3.85631E+13 3.24577E+13
 2.72808E+13 2.29610E+13 1.93069E+13 1.62632E+13 7.73055E-11 9.40097E-11 1.29174E-10 1.73125E-10
 2.21232E-10 2.69528E-10 3.14482E-10 3.53991E-10 3.87185E-10 4.15122E-10 4.43790E-10 4.81196E-10
 5.16906E-10 5.41441E-10 5.44714E-10 5.24923E-10 4.87408E-10 4.40943E-10 3.92784E-10 3.47861E-10
 3.08899E-10 2.75831E-10 2.48023E-10 2.24773E-10 2.05225E-10 1.87812E-10 1.71286E-10 1.55667E-10
 1.40911E-10 1.26834E-10 1.13509E-10 1.01039E-10 8.93369E-11 7.84049E-11 6.83133E-11 5.91306E-11
 5.09235E-11 4.36258E-11 3.71547E-11 3.14790E-11 2.65151E-11 2.21857E-11 1.84684E-11 1.53281E-11
 1.26706E-11 1.04172E-11 8.53146E-12 6.95686E-12 5.64070E-12 4.54979E-12 3.64256E-12 2.91007E-12
 2.32338E-12 1.85101E-12 1.46727E-12 1.15558E-12 9.07152E-13 7.09543E-13 5.50382E-13 4.23947E-13
 3.24622E-13 2.46654E-13 1.85959E-13 1.39442E-13 1.02998E-13 7.48619E-14 5.36173E-14 3.77430E-14
 2.60956E-14 1.76825E-14 1.17300E-14 7.59144E-15 4.60420E-15 2.56961E-15 1.30111E-15 5.86801E-16
 2.31039E-16 7.73464E-17 2.13904E-17 4.70505E-18 7.89529E-19 9.56517E-20 7.87870E-21 4.07144E-22
 1.20682E-23 1.83682E-25 1.24777E-27 3.23931E-30 2.67119E-33 5.61167E-37 2.28554E-41 1.31011E-46
 7.52250E-53 2.80804E-60 4.05218E-69 1.36161E-79 5.91616E-92 1.00000-100 1.00000-100 1.00000-100
 2.67575E+01 2.32262E+01 2.35814E+01 2.42718E+01 2.54775E+01 2.60564E+01 2.57392E+01 2.49060E+01
 2.34533E+01 2.20851E+01 2.11859E+01 1.82482E+01 1.64369E+01 1.44532E+01 1.22423E+01 9.94082E+00
 7.67548E+00 6.61168E+00 5.67708E+00 5.32392E+00 5.15785E+00 5.04109E+00 5.08482E+00 5.26102E+00
 5.51775E+00 4.27838E+00 3.30958E+00 2.55657E+00 1.96871E+00 1.51063E+00 1.15334E+00 8.77051E-01
 6.63029E-01 4.92125E-01 3.62411E-01 2.65966E-01 1.94562E-01 1.41748E-01 1.02808E-01 7.43180E-02
 5.34759E-02 3.83701E-02 2.77496E-02 2.00382E-02 1.44334E-02 1.03555E-02 7.41070E-03 5.28951E-03
 3.78204E-03 2.70051E-03 1.91399E-03 1.35373E-03 9.62292E-04 6.84874E-04 4.84413E-04 3.40023E-04
 2.37617E-04 1.65250E-04 1.13830E-04 7.77655E-05 5.27445E-05 3.54519E-05 2.36113E-05 1.62718E-05
 1.04071E-05 6.53369E-06 4.16270E-06 2.56618E-06 1.56684E-06 9.30394E-07 5.45466E-07 3.06440E-07
 1.61966E-07 7.82468E-08 3.44299E-08 1.33901E-08 4.57064E-09 1.31426E-09 3.14213E-10 5.91144E-11
 8.55212E-12 8.82119E-13 6.24994E-14 2.73857E-15 6.90997E-17 8.96139E-19 5.09043E-21 1.10512E-23
 7.62142E-27 1.33909E-30 4.51531E-35 2.12583E-40 1.01381E-46 3.13206E-54 3.73465E-63 1.04993E-73
 3.83431E-86 5.45396E-95 4.58601E-95 3.86304E-95 0.00000E+00 0.00000E+00 0.00000E+00 0.00000E+00
 0.00000E+00 0.00000E+00 0.00000E+00 0.00000E+00 0.00000E+00 0.00000E+00 0.00000E+00 0.00000E+00
 0.00000E+00 0.00000E+00 0.00000E+00 0.00000E+00 0.00000E+00 0.00000E+00 0.00000E+00 0.00000E+00
 0.00000E+00 0.00000E+00 0.00000E+00 0.00000E+00 0.00000E+00 0.00000E+00 0.00000E+00 0.00000E+00
 0.00000E+00 0.00000E+00 0.00000E+00 0.00000E+00 0.00000E+00 0.00000E+00 0.00000E+00 0.00000E+00
 0.00000E+00 0.00000E+00 0.00000E+00 0.00000E+00 0.00000E+00 0.00000E+00 0.00000E+00 0.00000E+00
 0.00000E+00 0.00000E+00 0.00000E+00 0.00000E+00 0.00000E+00 0.00000E+00 0.00000E+00 0.00000E+00
 0.00000E+00 0.00000E+00 0.00000E+00 0.00000E+00 0.00000E+00 0.00000E+00 0.00000E+00 0.00000E+00
 0.00000E+00 0.00000E+00 0.00000E+00 0.00000E+00 0.00000E+00 0.00000E+00 0.00000E+00 0.00000E+00
 0.00000E+00 0.00000E+00 0.00000E+00 0.00000E+00 0.00000E+00 0.00000E+00 0.00000E+00 0.00000E+00
 0.00000E+00 0.00000E+00 0.00000E+00 0.00000E+00 0.00000E+00 0.00000E+00 0.00000E+00 0.00000E+00
 0.00000E+00 0.00000E+00 0.00000E+00 0.00000E+00 0.00000E+00 0.00000E+00 0.00000E+00 0.00000E+00
 0.00000E+00 0.00000E+00 0.00000E+00 0.00000E+00 0.00000E+00 0.00000E+00 0.00000E+00 0.00000E+00
 0.00000E+00 0.00000E+00 0.00000E+00 0.00000E+00 0.00000E+00 0.00000E+00 0.00000E+00 0.00000E+00
 0.00000E+00 0.00000E+00 0.00000E+00 0.00000E+00 0.00000E+00 0.00000E+00 0.00000E+00 0.00000E+00
 0.00000E+00 0.00000E+00 0.00000E+00 0.00000E+00 0.00000E+00 0.00000E+00 0.00000E+00 0.00000E+00
 0.00000E+00 0.00000E+00 0.00000E+00 0.00000E+00 0.00000E+00 0.00000E+00 0.00000E+00 0.00000E+00
 0.00000E+00 0.00000E+00 0.00000E+00 0.00000E+00 0.00000E+00 0.00000E+00 0.00000E+00 0.00000E+00
 0.00000E+00 0.00000E+00 0.00000E+00 0.00000E+00 0.00000E+00 0.00000E+00 0.00000E+00 0.00000E+00
 0.00000E+00 0.00000E+00 0.00000E+00 0.00000E+00 0.00000E+00 0.00000E+00 0.00000E+00 0.00000E+00
 0.00000E+00 0.00000E+00 0.00000E+00 0.00000E+00 0.00000E+00 0.00000E+00 0.00000E+00 0.00000E+00
 0.00000E+00 0.00000E+00 0.00000E+00 0.00000E+00 0.00000E+00 0.00000E+00 0.00000E+00 0.00000E+00
 0.00000E+00 0.00000E+00 0.00000E+00 0.00000E+00 0.00000E+00 0.00000E+00 0.00000E+00 0.00000E+00
 0.00000E+00 0.00000E+00 0.00000E+00 0.00000E+00 0.00000E+00 0.00000E+00 0.00000E+00 0.00000E+00
 0.00000E+00 0.00000E+00 0.00000E+00 0.00000E+00 0.00000E+00 0.00000E+00 0.00000E+00 0.00000E+00
 0.00000E+00 0.00000E+00 0.00000E+00 0.00000E+00 7.38727E-04 8.07705E-04 8.87488E-04 9.76696E-04
 1.06028E-03 1.15406E-03 1.26380E-03 1.38635E-03 1.52960E-03 1.71099E-03 1.94166E-03 2.20604E-03
 2.48103E-03 2.80730E-03 3.19171E-03 3.64624E-03 4.15621E-03 4.57143E-03 4.99935E-03 5.33471E-03
 5.65508E-03 5.99850E-03 6.32340E-03 6.63773E-03 6.96273E-03 8.10453E-03 9.43003E-03 1.09629E-02
 1.27400E-02 1.47912E-02 1.71648E-02 1.99047E-02 2.30693E-02 2.67836E-02 3.10695E-02 3.59699E-02
 4.15817E-02 4.80118E-02 5.53658E-02 6.37534E-02 7.33241E-02 8.41382E-02 9.59586E-02 1.09296E-01
 1.24325E-01 1.41239E-01 1.60257E-01 1.81600E-01 2.05335E-01 2.31938E-01 2.61979E-01 2.95903E-01
 3.33908E-01 3.76843E-01 4.25861E-01 4.81900E-01 5.46061E-01 6.19628E-01 7.04112E-01 8.01283E-01
 9.13225E-01 1.04239E+00 1.19169E+00 1.35793E+00 1.56740E+00 1.81036E+00 2.07741E+00 2.39642E+00
 2.76295E+00 3.19604E+00 3.69670E+00 4.29864E+00 5.00053E+00 5.83213E+00 6.80539E+00 7.96287E+00
 9.32099E+00 1.09429E+01 1.28535E+01 1.51431E+01 1.78495E+01 2.11072E+01 2.49655E+01 2.96275E+01
 3.51859E+01 4.18512E+01 4.99185E+01 5.95375E+01 7.10059E+01 8.46801E+01 1.01086E+02 1.20694E+02
 1.43703E+02 1.71035E+02 2.03565E+02 2.41164E+02 2.84646E+02 3.35542E+02 3.94936E+02 4.64103E+02
 0.00000E+00 0.00000E+00 0.00000E+00 0.00000E+00 0.00000E+00 0.00000E+00 0.00000E+00 0.00000E+00
 0.00000E+00 0.00000E+00 0.00000E+00 0.00000E+00 0.00000E+00 0.00000E+00 0.00000E+00 0.00000E+00
 0.00000E+00 0.00000E+00 0.00000E+00 0.00000E+00 0.00000E+00 0.00000E+00 0.00000E+00 0.00000E+00
 0.00000E+00 0.00000E+00 0.00000E+00 0.00000E+00 0.00000E+00 0.00000E+00 0.00000E+00 0.00000E+00
 0.00000E+00 0.00000E+00 0.00000E+00 0.00000E+00 0.00000E+00 0.00000E+00 0.00000E+00 0.00000E+00
 0.00000E+00 0.00000E+00 0.00000E+00 0.00000E+00 0.00000E+00 0.00000E+00 0.00000E+00 0.00000E+00
 0.00000E+00 0.00000E+00 0.00000E+00 0.00000E+00 0.00000E+00 0.00000E+00 0.00000E+00 0.00000E+00
 0.00000E+00 0.00000E+00 0.00000E+00 0.00000E+00 0.00000E+00 0.00000E+00 0.00000E+00 0.00000E+00
 0.00000E+00 0.00000E+00 0.00000E+00 0.00000E+00 0.00000E+00 0.00000E+00 0.00000E+00 0.00000E+00
 0.00000E+00 0.00000E+00 0.00000E+00 0.00000E+00 0.00000E+00 0.00000E+00 0.00000E+00 0.00000E+00
 0.00000E+00 0.00000E+00 0.00000E+00 0.00000E+00 0.00000E+00 0.00000E+00 0.00000E+00 0.00000E+00
 0.00000E+00 0.00000E+00 0.00000E+00 0.00000E+00 0.00000E+00 0.00000E+00 0.00000E+00 0.00000E+00
 0.00000E+00 0.00000E+00 0.00000E+00 0.00000E+00 0.00000E+00 0.00000E+00 0.00000E+00 0.00000E+00
 0.00000E+00 0.00000E+00 0.00000E+00 0.00000E+00 0.00000E+00 0.00000E+00 0.00000E+00 0.00000E+00
 0.00000E+00 0.00000E+00 0.00000E+00 0.00000E+00 0.00000E+00 0.00000E+00 0.00000E+00 0.00000E+00
 0.00000E+00 0.00000E+00 0.00000E+00 0.00000E+00 0.00000E+00 0.00000E+00 0.00000E+00 0.00000E+00
 0.00000E+00 0.00000E+00 0.00000E+00 0.00000E+00 0.00000E+00 0.00000E+00 0.00000E+00 0.00000E+00
 0.00000E+00 0.00000E+00 0.00000E+00 0.00000E+00 0.00000E+00 0.00000E+00 0.00000E+00 0.00000E+00
 0.00000E+00 0.00000E+00 0.00000E+00 0.00000E+00 0.00000E+00 0.00000E+00 0.00000E+00 0.00000E+00
 0.00000E+00 0.00000E+00 0.00000E+00 0.00000E+00 0.00000E+00 0.00000E+00 0.00000E+00 0.00000E+00
 0.00000E+00 0.00000E+00 0.00000E+00 0.00000E+00 0.00000E+00 0.00000E+00 0.00000E+00 0.00000E+00
 0.00000E+00 0.00000E+00 0.00000E+00 0.00000E+00 0.00000E+00 0.00000E+00 0.00000E+00 0.00000E+00
 0.00000E+00 0.00000E+00 0.00000E+00 0.00000E+00 0.00000E+00 0.00000E+00 0.00000E+00 0.00000E+00
 0.00000E+00 0.00000E+00 0.00000E+00 0.00000E+00 0.00000E+00 0.00000E+00 0.00000E+00 0.00000E+00
 0.00000E+00 0.00000E+00 0.00000E+00 0.00000E+00 0.00000E+00 0.00000E+00 0.00000E+00 0.00000E+00
 1.91032E-05 1.91032E-05 1.91032E-05 1.91032E-05 1.91032E-05 1.91032E-05 1.91032E-05 1.91032E-05
 1.91032E-05 1.91032E-05 1.91032E-05 1.91032E-05 1.91032E-05 1.91032E-05 1.91032E-05 1.91032E-05
 1.87963E-05 1.80851E-05 1.71422E-05 1.59418E-05 1.46801E-05 1.34532E-05 1.22358E-05 1.10710E-05
 1.00000E-05 1.00000E-05 1.00000E-05 1.00000E-05 1.00000E-05 1.00000E-05 1.00000E-05 1.00000E-05
 1.00000E-05 1.00000E-05 1.00000E-05 1.00000E-05 1.00000E-05 1.00000E-05 1.00000E-05 1.00000E-05
 1.00000E-05 1.00000E-05 1.00000E-05 1.00000E-05 1.00000E-05 1.00000E-05 1.00000E-05 1.00000E-05
 1.00000E-05 1.00000E-05 1.00000E-05 1.00000E-05 1.00000E-05 1.00000E-05 1.00000E-05 1.00000E-05
 1.00000E-05 1.00000E-05 1.00000E-05 1.00000E-05 1.00000E-05 1.00000E-05 1.00000E-05 1.00000E-05
 1.00000E-05 1.00000E-05 1.00000E-05 1.00000E-05 1.00000E-05 1.00000E-05 1.00000E-05 1.00000E-05
 1.00000E-05 1.00000E-05 1.00000E-05 1.00000E-05 1.00000E-05 1.00000E-05 1.00000E-05 1.00000E-05
 1.00000E-05 1.00000E-05 1.00000E-05 1.00000E-05 1.00000E-05 1.00000E-05 1.00000E-05 1.00000E-05
 1.00000E-05 1.00000E-05 1.00000E-05 1.00000E-05 1.00000E-05 1.00000E-05 1.00000E-05 1.00000E-05
 1.00000E-05 1.00000E-05 1.00000E-05 1.00000E-05 0.00000E+00 0.00000E+00 0.00000E+00 0.00000E+00
 0.00000E+00 0.00000E+00 0.00000E+00 0.00000E+00 0.00000E+00 0.00000E+00 0.00000E+00 0.00000E+00
 0.00000E+00 0.00000E+00 0.00000E+00 0.00000E+00 0.00000E+00 0.00000E+00 0.00000E+00 0.00000E+00
 0.00000E+00 0.00000E+00 0.00000E+00 0.00000E+00 0.00000E+00 0.00000E+00 0.00000E+00 0.00000E+00
 0.00000E+00 0.00000E+00 0.00000E+00 0.00000E+00 0.00000E+00 0.00000E+00 0.00000E+00 0.00000E+00
 0.00000E+00 0.00000E+00 0.00000E+00 0.00000E+00 0.00000E+00 0.00000E+00 0.00000E+00 0.00000E+00
 0.00000E+00 0.00000E+00 0.00000E+00 0.00000E+00 0.00000E+00 0.00000E+00 0.00000E+00 0.00000E+00
 0.00000E+00 0.00000E+00 0.00000E+00 0.00000E+00 0.00000E+00 0.00000E+00 0.00000E+00 0.00000E+00
 0.00000E+00 0.00000E+00 0.00000E+00 0.00000E+00 0.00000E+00 0.00000E+00 0.00000E+00 0.00000E+00
 0.00000E+00 0.00000E+00 0.00000E+00 0.00000E+00 0.00000E+00 0.00000E+00 0.00000E+00 0.00000E+00
 0.00000E+00 0.00000E+00 0.00000E+00 0.00000E+00 0.00000E+00 0.00000E+00 0.00000E+00 0.00000E+00
 0.00000E+00 0.00000E+00 0.00000E+00 0.00000E+00 0.00000E+00 0.00000E+00 0.00000E+00 0.00000E+00
 0.00000E+00 0.00000E+00 0.00000E+00 0.00000E+00 0.00000E+00 0.00000E+00 0.00000E+00 0.00000E+00
 0.00000E+00 0.00000E+00 0.00000E+00 0.00000E+00 0.00000E+00 0.00000E+00 0.00000E+00 0.00000E+00
 0.00000E+00 0.00000E+00 0.00000E+00 0.00000E+00 0.00000E+00 0.00000E+00 0.00000E+00 0.00000E+00
 0.00000E+00 0.00000E+00 0.00000E+00 0.00000E+00 0.00000E+00 0.00000E+00 0.00000E+00 0.00000E+00
 0.00000E+00 0.00000E+00 0.00000E+00 0.00000E+00 0.00000E+00 0.00000E+00 0.00000E+00 0.00000E+00
 0.00000E+00 0.00000E+00 0.00000E+00 0.00000E+00 0.00000E+00 0.00000E+00 0.00000E+00 0.00000E+00
 0.00000E+00 0.00000E+00 0.00000E+00 0.00000E+00 0.00000E+00 0.00000E+00 0.00000E+00 0.00000E+00
 0.00000E+00 0.00000E+00 0.00000E+00 0.00000E+00 0.00000E+00 0.00000E+00 0.00000E+00 0.00000E+00
 0.00000E+00 0.00000E+00 0.00000E+00 0.00000E+00 0.00000E+00 0.00000E+00 0.00000E+00 0.00000E+00
 0.00000E+00 0.00000E+00 0.00000E+00 0.00000E+00 0.00000E+00 0.00000E+00 0.00000E+00 0.00000E+00
 0.00000E+00 0.00000E+00 0.00000E+00 0.00000E+00 0.00000E+00 0.00000E+00 0.00000E+00 0.00000E+00
 0.00000E+00 0.00000E+00 0.00000E+00 0.00000E+00 0.00000E+00 0.00000E+00 0.00000E+00 0.00000E+00
 0.00000E+00 0.00000E+00 0.00000E+00 0.00000E+00 0.00000E+00 0.00000E+00 0.00000E+00 0.00000E+00
 0.00000E+00 0.00000E+00 0.00000E+00 0.00000E+00
