 1.59059E-10 1.10606E-15 1.12658E-02 4.62917E-14 1.30611E-11 1.34601E-09 1.07175E-08 1.78166E-19
 7.90756E-07 2.27431E-06 1.22081E-07 8.69245E-10 7.34803E-12 3.01425E-08 2.19868E-12 3.90333E-12
 7.50498E-15 1.92282E-11 1.03631E-13 1.31103E-15 2.63655E-18 1.73105E-22 7.32196E-10 2.29609E-13
 7.48763E-18 1.79099E-14 9.45555E-12 1.34955E-13 2.82340E-12 1.51876E-17 1.36349E-18 3.36450E-11
 1.85868E-12 9.48053E-14 1.62930E-10 1.63901E-15 7.24421E-03 5.55921E-14 1.32376E-11 1.39360E-09
 1.35589E-08 1.99456E-19 7.91183E-07 2.26868E-06 1.11655E-07 8.66526E-10 7.31819E-12 3.00946E-08
 2.70316E-12 4.50995E-12 9.98104E-15 2.92238E-11 2.68493E-13 1.56348E-15 5.93783E-18 4.42259E-22
 7.17626E-10 2.57445E-13 1.04503E-17 2.12443E-14 1.37011E-11 1.74247E-13 2.88717E-12 1.52588E-17
 2.21694E-18 5.99355E-11 3.72707E-12 1.02219E-13 1.59509E-10 2.56769E-15 4.50322E-03 6.66683E-14
 1.32272E-11 1.38197E-09 1.81481E-08 2.23500E-19 7.91633E-07 2.26372E-06 1.02481E-07 8.17262E-10
 7.16520E-12 3.00420E-08 3.24186E-12 5.22257E-12 1.28877E-14 4.17874E-11 7.15239E-13 1.96761E-15
 1.45014E-17 1.38843E-21 7.04732E-10 3.03814E-13 1.43330E-17 2.75073E-14 1.86460E-11 2.28314E-13
 2.98491E-12 1.46553E-17 3.54823E-18 8.44317E-11 5.87541E-12 1.04880E-13 1.47674E-10 4.04955E-15
 2.58805E-03 7.59689E-14 1.27267E-11 1.27498E-09 2.45019E-08 2.39404E-19 7.92058E-07 2.25941E-06
 9.44969E-08 7.18342E-10 6.62402E-12 2.99841E-08 3.87666E-12 5.99145E-12 1.57233E-14 5.39949E-11
 1.88267E-12 2.43246E-15 3.69296E-17 4.83283E-21 6.93554E-10 3.63634E-13 1.88681E-17 3.69120E-14
 2.32969E-11 3.06977E-13 3.15865E-12 1.35505E-17 5.70625E-18 1.08160E-10 7.99415E-12 1.08861E-13
 1.36153E-10 6.50780E-15 1.73341E-03 9.12182E-14 1.26371E-11 1.12630E-09 3.25952E-08 2.77468E-19
 7.92419E-07 2.25564E-06 8.75562E-08 6.15575E-10 6.44321E-12 2.99202E-08 4.54402E-12 6.94278E-12
 1.92913E-14 6.43510E-11 3.89621E-12 3.07432E-15 8.19257E-17 1.53007E-20 6.83956E-10 4.64080E-13
 2.50586E-17 5.27696E-14 2.74240E-11 4.19419E-13 3.39629E-12 1.35009E-17 9.42695E-18 1.31735E-10
 1.01562E-11 1.15153E-13 1.17631E-10 1.01217E-14 1.04217E-03 1.01283E-13 1.19011E-11 9.43134E-10
 4.26329E-08 2.96529E-19 7.92713E-07 2.25240E-06 8.16711E-08 5.03364E-10 5.81237E-12 2.98494E-08
 5.10734E-12 7.47628E-12 2.11789E-14 7.07187E-11 8.38172E-12 3.48827E-15 1.69424E-16 5.36118E-20
 6.76026E-10 5.64137E-13 3.11636E-17 7.36561E-14 3.08511E-11 5.35472E-13 3.79848E-12 1.31990E-17
 1.61718E-17 1.55974E-10 1.18095E-11 1.25127E-13 9.24367E-11 1.51976E-14 5.55020E-04 1.02303E-13
 1.05619E-11 7.48313E-10 5.46731E-08 2.87576E-19 7.92930E-07 2.24964E-06 7.68049E-08 3.94852E-10
 4.92047E-12 2.97713E-08 5.04551E-12 6.83138E-12 1.87844E-14 7.20460E-11 1.62408E-11 3.40630E-15
 2.88889E-16 2.25139E-19 6.69684E-10 6.64428E-13 3.58950E-17 1.03578E-13 3.36250E-11 6.11592E-13
 4.40406E-12 1.24912E-17 2.89249E-17 1.80392E-10 1.25248E-11 1.38823E-13 6.85981E-11 2.24410E-14
 2.85594E-04 9.94907E-14 9.15187E-12 5.69990E-10 6.87666E-08 2.71044E-19 7.93064E-07 2.24720E-06
 7.28213E-08 2.99510E-10 4.06368E-12 2.96854E-08 4.67802E-12 5.76441E-12 1.50111E-14 7.00652E-11
 2.47188E-11 3.11877E-15 4.38415E-16 9.80604E-19 6.64615E-10 7.64126E-13 3.97156E-17 1.45408E-13
 3.59916E-11 6.51473E-13 5.10424E-12 1.16706E-17 5.32228E-17 2.02213E-10 1.23657E-11 1.52379E-13
 4.97916E-11 3.26520E-14 1.41570E-04 9.64495E-14 7.82512E-12 4.21031E-10 8.49396E-08 2.57089E-19
 7.93123E-07 2.24493E-06 6.95749E-08 2.15041E-10 3.19078E-12 2.95911E-08 4.76956E-12 5.25543E-12
 1.30932E-14 6.71487E-11 3.08397E-11 2.92780E-15 7.73632E-16 3.87830E-18 6.60482E-10 8.14865E-13
 4.38448E-17 1.90829E-13 3.82231E-11 6.97189E-13 5.64365E-12 1.06597E-17 9.91109E-17 2.16498E-10
 1.15044E-11 1.58093E-13 3.33246E-11 4.32230E-14 3.84844E-05 8.57738E-14 5.96987E-12 2.98839E-10
 1.03884E-07 2.12241E-19 7.93115E-07 2.24260E-06 6.68305E-08 1.36575E-10 1.90005E-12 2.94831E-08
 5.99498E-12 5.25558E-12 1.36890E-14 6.45268E-11 3.34928E-11 2.79586E-15 2.39996E-15 2.60040E-17
 6.56849E-10 7.63553E-13 5.14851E-17 2.23528E-13 4.06590E-11 7.95493E-13 5.55886E-12 8.37309E-18
 2.13782E-16 2.16353E-10 9.94032E-12 1.42079E-13 2.00897E-11 5.53448E-14 5.43141E-06 8.14933E-14
 4.26919E-12 1.94807E-10 1.32148E-07 1.76441E-19 7.93006E-07 2.23924E-06 6.37395E-08 7.12656E-11
 8.76680E-13 2.93197E-08 9.00585E-12 5.79971E-12 1.91592E-14 6.27723E-11 3.15465E-11 3.10446E-15
 7.52481E-15 1.91808E-16 6.52264E-10 7.17085E-13 7.13965E-17 2.57787E-13 4.43118E-11 1.05227E-12
 3.13908E-12 4.03766E-18 4.83153E-16 1.81506E-10 7.90511E-12 7.56514E-14 1.45353E-11 1.09410E-13
 3.66124E-06 8.61597E-14 3.50961E-12 1.07775E-10 1.89608E-07 1.96322E-19 7.92617E-07 2.23197E-06
 5.89628E-08 3.67351E-11 7.40179E-13 2.89694E-08 1.09904E-11 8.07798E-12 1.94986E-14 6.35672E-11
 2.91989E-11 4.54609E-15 1.53948E-14 3.83331E-16 6.43339E-10 7.96603E-13 9.18796E-17 4.11779E-13
 5.22818E-11 1.77226E-12 1.37435E-12 1.42526E-18 5.38271E-16 1.39985E-10 5.39695E-12 2.96908E-14
 1.34757E-11 2.46195E-13 3.69608E-06 1.02086E-13 3.17540E-12 5.91731E-11 3.09607E-07 2.33777E-19
 7.91497E-07 2.21505E-06 5.12066E-08 2.62200E-11 8.51772E-13 2.81775E-08 1.11370E-11 1.10061E-11
 1.84172E-14 6.78798E-11 2.71016E-11 9.90474E-15 3.85432E-14 1.74848E-15 6.24435E-10 1.47803E-12
 1.40709E-16 9.98451E-13 6.73307E-11 4.35280E-12 3.80164E-13 3.11765E-19 4.94784E-16 9.06916E-11
 3.29535E-12 6.62965E-15 1.61454E-11 5.72787E-13 3.76849E-06 1.47771E-13 3.46675E-12 4.73609E-11
 5.21885E-07 3.15009E-19 7.88816E-07 2.18002E-06 4.04023E-08 3.13925E-11 1.33158E-12 2.66145E-08
 9.48151E-12 1.35210E-11 1.78159E-14 7.66671E-11 2.50655E-11 2.64199E-14 1.04369E-13 1.33843E-14
 5.88686E-10 4.30016E-12 2.49098E-16 3.14959E-12 9.00204E-11 1.24079E-11 5.66595E-14 4.15379E-20
 3.38797E-16 4.47566E-11 1.86624E-12 7.69654E-16 2.04639E-11 1.23995E-12 3.89245E-06 2.26459E-13
 4.13548E-12 5.06342E-11 8.15670E-07 4.22550E-19 7.83593E-07 2.12036E-06 2.91816E-08 4.15566E-11
 2.06636E-12 2.41203E-08 8.08460E-12 1.57855E-11 1.82290E-14 8.60022E-11 2.30321E-11 6.08467E-14
 2.29700E-13 7.66599E-14 5.33824E-10 1.18685E-11 4.44100E-16 8.62244E-12 1.15072E-10 2.90363E-11
 4.65602E-15 3.45369E-21 1.73925E-16 1.64101E-11 8.48134E-13 5.11451E-17 2.50057E-11 2.40740E-12
 4.06952E-06 3.38691E-13 5.13933E-12 6.02180E-11 1.13703E-06 5.60744E-19 7.75108E-07 2.03565E-06
 2.06932E-08 4.97287E-11 2.75298E-12 2.08678E-08 7.86591E-12 1.88348E-11 2.07084E-14 9.29829E-11
 2.22069E-11 1.09132E-13 3.94439E-13 2.42938E-13 4.64972E-10 2.54696E-11 7.68789E-16 1.76266E-11
 1.38688E-10 5.13126E-11 2.38031E-16 1.99531E-22 7.39128E-17 4.76155E-12 2.98935E-13 2.25582E-18
 3.29755E-11 4.61387E-12 4.29986E-06 4.98821E-13 6.95789E-12 7.77335E-11 1.43321E-06 8.75309E-19
 7.62608E-07 1.92617E-06 1.58319E-08 6.23224E-11 3.79832E-12 1.71136E-08 8.53037E-12 2.45059E-11
 2.41975E-14 9.85673E-11 2.37170E-11 1.60409E-13 5.65459E-13 3.81890E-13 3.87650E-10 4.43665E-11
 1.28537E-15 2.91190E-11 1.64946E-10 7.16797E-11 8.24056E-18 8.52927E-24 2.47116E-17 1.18062E-12
 8.41533E-14 6.97220E-20 3.74056E-11 7.64461E-12 4.57174E-06 7.22007E-13 8.92562E-12 9.74553E-11
 1.68593E-06 1.38295E-18 7.45896E-07 1.79790E-06 1.34918E-08 6.31108E-11 4.14054E-12 1.32899E-08
 1.04133E-11 3.06649E-11 3.32557E-14 1.02140E-10 2.41686E-11 2.13156E-13 7.13368E-13 5.95580E-13
 3.10730E-10 6.87010E-11 2.15882E-15 4.16386E-11 1.86057E-10 9.01685E-11 2.03561E-19 2.81694E-25
 8.45678E-18 2.55186E-13 2.11959E-14 1.67054E-21 4.44154E-11 1.27125E-11 4.87290E-06 1.04727E-12
 1.18316E-11 1.22074E-10 1.86613E-06 2.55374E-18 7.25162E-07 1.65686E-06 1.28398E-08 6.56788E-11
 4.74536E-12 9.78046E-09 1.32955E-11 3.95713E-11 4.57422E-14 1.04361E-10 2.48042E-11 2.54891E-13
 7.86191E-13 6.38075E-13 2.39834E-10 9.54931E-11 3.57086E-15 5.45615E-11 2.08749E-10 9.85260E-11
 3.82400E-21 7.59094E-27 2.52083E-18 5.12608E-14 4.83276E-15 3.14342E-23 4.80578E-11 1.96064E-11
 5.18784E-06 1.52364E-12 1.49072E-11 1.43610E-10 1.99701E-06 4.67098E-18 7.01082E-07 1.51052E-06
 1.26863E-08 5.98449E-11 4.84161E-12 6.84820E-09 1.72470E-11 4.77588E-11 6.67825E-14 1.04876E-10
 2.31745E-11 2.88111E-13 7.67905E-13 7.59352E-13 1.79222E-10 1.26826E-10 5.86892E-15 6.82941E-11
 2.22123E-10 1.00404E-10 5.64387E-23 2.09081E-28 7.49022E-19 9.55292E-15 1.07902E-15 6.04755E-25
 5.10213E-11 2.97268E-11 5.49951E-06 2.22973E-12 1.83884E-11 1.59427E-10 2.06254E-06 8.89323E-18
 6.74964E-07 1.36677E-06 1.27283E-08 5.19242E-11 4.86216E-12 4.62161E-09 2.24410E-11 5.58365E-11
 9.80040E-14 1.04181E-10 2.02715E-11 3.05309E-13 6.64758E-13 8.27364E-13 1.30698E-10 1.58428E-10
 9.60661E-15 8.23084E-11 2.32110E-10 9.31317E-11 6.91256E-25 1.95567E-29 2.11756E-19 1.71079E-15
 2.66860E-16 3.86246E-26 5.42567E-11 4.50115E-11 5.80120E-06 3.27246E-12 2.22212E-11 1.65099E-10
 2.04457E-06 1.77859E-17 6.47626E-07 1.22857E-06 1.28531E-08 4.38721E-11 4.95712E-12 3.03008E-09
 2.91242E-11 6.35854E-11 1.41100E-13 1.01856E-10 1.65930E-11 3.02374E-13 5.09080E-13 7.89063E-13
 9.30788E-11 1.84275E-10 1.58237E-14 9.61661E-11 2.45292E-10 7.78815E-11 7.36028E-27 5.63910E-30
 5.71330E-20 3.04095E-16 1.56551E-16 7.39471E-27 5.64047E-11 6.71003E-11 6.08803E-06 4.80190E-12
 2.58402E-11 1.57158E-10 1.94990E-06 3.62480E-17 6.19902E-07 1.09797E-06 1.28686E-08 3.51507E-11
 4.99812E-12 1.94633E-09 3.71067E-11 6.87873E-11 1.98618E-13 9.71554E-11 1.24082E-11 2.81373E-13
 3.44825E-13 7.15405E-13 6.47728E-11 2.01555E-10 2.63060E-14 1.10015E-10 2.61058E-10 5.93766E-11
 9.96957E-29 2.04462E-30 1.70707E-20 6.11127E-17 2.79992E-16 1.73970E-27 5.73235E-11 9.86127E-11
 6.35581E-06 7.03340E-12 2.88675E-11 1.37712E-10 1.78930E-06 7.49614E-17 5.92719E-07 9.76577E-07
 1.26922E-08 2.67698E-11 4.98942E-12 1.23774E-09 4.59243E-11 7.00611E-11 2.70366E-13 8.96329E-11
 8.42176E-12 2.45559E-13 2.06055E-13 6.22098E-13 4.41055E-11 2.07783E-10 4.42257E-14 1.23554E-10
 2.80155E-10 4.12983E-11 1.52699E-29 1.21857E-30 8.50173E-21 2.09348E-17 3.20109E-16 6.56904E-28
 5.71419E-11 1.43334E-10 6.60275E-06 1.02844E-11 3.10819E-11 1.12252E-10 1.57626E-06 1.57560E-16
 5.66877E-07 8.64901E-07 1.23141E-08 1.94913E-11 4.93874E-12 7.86280E-10 5.49370E-11 6.68040E-11
 3.54416E-13 7.94363E-11 5.18199E-12 2.00364E-13 1.08325E-13 5.16074E-13 2.93796E-11 2.02028E-10
 7.53469E-14 1.35801E-10 3.03650E-10 2.61687E-11 1.28113E-29 1.43562E-30 8.49288E-21 1.47152E-17
 3.26254E-16 4.77254E-28 5.61224E-11 2.07154E-10 6.82804E-06 1.50001E-11 3.24665E-11 8.66605E-11
 1.32844E-06 3.37870E-16 5.43142E-07 7.62951E-07 1.17825E-08 1.36948E-11 4.85470E-12 5.02729E-10
 6.35436E-11 5.94722E-11 4.47255E-13 6.71661E-11 2.90206E-12 1.52572E-13 5.00503E-14 4.01096E-13
 1.91307E-11 1.84954E-10 1.30258E-13 1.44952E-10 3.33066E-10 1.50514E-11 1.45755E-29 2.21931E-30
 1.11522E-20 1.39174E-17 3.26972E-16 4.41247E-28 5.43095E-11 2.97488E-10 7.03122E-06 2.15525E-11
 3.32636E-11 6.55466E-11 1.07647E-06 7.31115E-16 5.22306E-07 6.70545E-07 1.12050E-08 9.48521E-12
 4.73349E-12 3.25152E-10 7.11663E-11 4.95536E-11 5.37550E-13 5.35109E-11 1.50979E-12 1.08807E-13
 2.05025E-14 2.85853E-13 1.21777E-11 1.59567E-10 2.25247E-13 1.48764E-10 3.68874E-10 7.86240E-12
 1.74402E-29 3.58161E-30 1.51066E-20 1.39563E-17 3.26849E-16 4.19045E-28 5.17590E-11 4.21453E-10
 7.21023E-06 2.98533E-11 3.40437E-11 5.10985E-11 8.58170E-07 1.55149E-15 5.05375E-07 5.88210E-07
 1.07234E-08 6.73177E-12 4.58093E-12 2.14100E-10 7.70623E-11 3.90484E-11 6.01356E-13 3.96704E-11
 7.61514E-13 7.35554E-14 7.63963E-15 1.85390E-13 7.63057E-12 1.31565E-10 3.76386E-13 1.46054E-10
 4.08218E-10 3.78251E-12 2.17330E-29 5.83849E-30 2.02644E-20 1.43626E-17 3.26355E-16 4.11565E-28
 4.86625E-11 5.85682E-10 7.36451E-06 3.94316E-11 3.53807E-11 4.25404E-11 6.90661E-07 3.15596E-15
 4.93175E-07 5.15803E-07 1.04239E-08 5.03937E-12 4.40752E-12 1.43979E-10 8.03813E-11 2.94418E-11
 6.17499E-13 2.73461E-11 3.86486E-13 4.78865E-14 2.66908E-15 1.11747E-13 4.74608E-12 1.06319E-10
 5.92486E-13 1.38081E-10 4.46275E-10 1.71730E-12 2.87320E-29 9.61423E-30 2.70185E-20 1.52495E-17
 3.25375E-16 4.33046E-28 4.52558E-11 7.96573E-10 7.49599E-06 4.98822E-11 3.75734E-11 3.79293E-11
 5.67032E-07 6.11938E-15 4.86273E-07 4.52057E-07 1.03195E-08 3.99418E-12 4.22029E-12 9.85633E-11
 8.06877E-11 2.14431E-11 5.84044E-13 1.77067E-11 2.00182E-13 3.03650E-14 8.92793E-16 6.44964E-14
 2.93701E-12 8.58940E-11 8.77363E-13 1.27250E-10 4.80072E-10 7.52253E-13 4.03292E-29 1.59718E-29
 3.60179E-20 1.67073E-17 3.23817E-16 4.92283E-28 4.17916E-11 1.05953E-09 7.60494E-06 6.10862E-11
 4.07217E-11 3.57527E-11 4.74240E-07 1.13550E-14 4.85282E-07 3.96532E-07 1.03929E-08 3.31919E-12
 4.02549E-12 6.87259E-11 7.84616E-11 1.52675E-11 5.17800E-13 1.09772E-11 1.06268E-13 1.89497E-14
 2.92012E-16 3.64575E-14 1.82024E-12 7.00187E-11 1.23430E-12 1.15430E-10 5.08969E-10 3.24240E-13
 5.92919E-29 2.66215E-29 4.80766E-20 1.87655E-17 3.21651E-16 5.97604E-28 3.84451E-11 1.37721E-09
 7.69203E-06 7.31880E-11 4.48780E-11 3.51489E-11 4.01502E-07 2.02860E-14 4.90622E-07 3.48683E-07
 1.06195E-08 2.85545E-12 3.82698E-12 4.88584E-11 7.46571E-11 1.07658E-11 4.39379E-13 6.65236E-12
 5.79642E-14 1.17459E-14 9.53004E-17 2.04447E-14 1.13756E-12 5.77409E-11 1.66791E-12 1.03690E-10
 5.33411E-10 1.39762E-13 8.99007E-29 4.42793E-29 6.41678E-20 2.14395E-17 3.18861E-16 7.62563E-28
 3.52544E-11 1.74706E-09 7.75955E-06 8.65145E-11 5.01260E-11 3.56931E-11 3.41511E-07 3.50657E-14
 5.02705E-07 3.07145E-07 1.09866E-08 2.51186E-12 3.62077E-12 3.52494E-11 7.00799E-11 7.59763E-12
 3.62867E-13 4.00438E-12 3.25330E-14 7.27338E-15 3.14678E-17 1.14522E-14 7.15563E-13 4.81638E-11
 2.18462E-12 9.25777E-11 5.54060E-10 6.09316E-14 1.39352E-28 7.34528E-29 8.56813E-20 2.48181E-17
 3.15356E-16 1.01240E-27 3.33934E-11 2.20027E-09 7.80902E-06 1.02000E-10 5.70092E-11 3.68691E-11
 2.87439E-07 6.09103E-14 5.22032E-07 2.70890E-07 1.15311E-08 2.30296E-12 3.55914E-12 2.57059E-11
 6.55307E-11 5.34430E-12 2.89722E-13 2.34535E-12 1.82464E-14 4.39085E-15 9.96911E-18 5.70891E-15
 4.51313E-13 3.88289E-11 2.76481E-12 8.01625E-11 5.75498E-10 2.51323E-14 2.22598E-28 1.23217E-28
 1.09828E-19 2.91957E-17 3.10844E-16 1.36032E-27 3.17872E-11 2.70224E-09 7.84068E-06 1.19881E-10
 6.54632E-11 3.88744E-11 2.39871E-07 1.03277E-13 5.49361E-07 2.39417E-07 1.21788E-08 2.13887E-12
 3.50524E-12 1.89062E-11 6.10455E-11 3.81243E-12 2.29004E-13 1.38714E-12 1.05183E-14 2.66208E-15
 3.22785E-18 2.77942E-15 2.85646E-13 3.13216E-11 3.41405E-12 6.87864E-11 5.93874E-10 1.04965E-14
 3.57021E-28 2.04638E-28 1.38710E-19 3.44306E-17 3.05464E-16 1.84505E-27 3.02754E-11 3.23091E-09
 7.85450E-06 1.40665E-10 7.56723E-11 4.17814E-11 1.98414E-07 1.70375E-13 5.85406E-07 2.12397E-07
 1.28869E-08 1.99718E-12 3.43588E-12 1.40147E-11 5.67713E-11 2.77805E-12 1.80892E-13 8.40661E-13
 6.28046E-15 1.63525E-15 1.08905E-18 1.34896E-15 1.82061E-13 2.54566E-11 4.13341E-12 5.87857E-11
 6.09089E-10 4.52119E-15 5.67136E-28 3.33000E-28 1.72715E-19 4.03088E-17 2.99431E-16 2.50713E-27
 2.89192E-11 3.77679E-09 7.85055E-06 1.64947E-10 8.79089E-11 4.56485E-11 1.62790E-07 2.74717E-13
 6.30628E-07 1.89587E-07 1.36151E-08 1.87381E-12 3.36213E-12 1.04852E-11 5.27862E-11 2.07341E-12
 1.43182E-13 5.25328E-13 3.88535E-15 1.02112E-15 3.84686E-19 6.50370E-16 1.17764E-13 2.08095E-11
 4.91735E-12 4.99969E-11 6.21766E-10 2.01024E-15 8.80641E-28 5.25637E-28 2.10224E-19 4.64036E-17
 2.93176E-16 3.37303E-27 2.48098E-11 4.17232E-09 7.82916E-06 1.90323E-10 1.00168E-10 5.19958E-11
 1.39467E-07 3.95896E-13 6.85408E-07 1.70653E-07 1.42621E-08 1.61584E-12 2.85877E-12 7.93130E-12
 4.89723E-11 1.65034E-12 1.22209E-13 3.77642E-13 2.75865E-15 7.15470E-16 1.76940E-19 4.87407E-16
 7.82758E-14 1.97664E-11 5.95400E-12 4.63300E-11 6.25436E-10 1.17800E-15 1.28324E-27 7.73560E-28
 2.85989E-19 5.17978E-17 2.87580E-16 4.90624E-27 2.14510E-11 4.59765E-09 7.79255E-06 2.20022E-10
 1.14684E-10 5.96894E-11 1.18903E-07 5.72410E-13 7.49092E-07 1.54823E-07 1.50159E-08 1.40216E-12
 2.44758E-12 6.06817E-12 4.56099E-11 1.33764E-12 1.04136E-13 2.77068E-13 1.99528E-15 5.07077E-16
 8.37948E-20 3.37056E-16 5.35656E-14 1.84228E-11 7.06740E-12 4.20346E-11 6.29943E-10 6.86535E-16
 1.84398E-27 1.11887E-27 3.78931E-19 5.72401E-17 2.81916E-16 7.09738E-27 1.85556E-11 5.04324E-09
 7.74254E-06 2.54257E-10 1.31495E-10 6.88907E-11 1.01087E-07 8.24809E-13 8.21202E-07 1.41436E-07
 1.59355E-08 1.21631E-12 2.09025E-12 4.69597E-12 4.26835E-11 1.10787E-12 8.89302E-14 2.07572E-13
 1.47652E-15 3.65774E-16 4.12233E-20 2.20459E-16 3.78045E-14 1.68818E-11 8.22169E-12 3.74231E-11
 6.34912E-10 4.01502E-16 2.61753E-27 1.59564E-27 4.95058E-19 6.29324E-17 2.75978E-16 1.02609E-26
 1.56275E-11 5.48579E-09 7.68041E-06 2.92400E-10 1.50014E-10 8.01770E-11 8.68603E-08 1.16476E-12
 9.01645E-07 1.29898E-07 1.70518E-08 1.03172E-12 1.72382E-12 3.67224E-12 4.01402E-11 9.44632E-13
 7.72123E-14 1.61979E-13 1.13907E-15 2.74582E-16 2.20549E-20 1.45898E-16 2.75267E-14 1.56006E-11
 9.41644E-12 3.32040E-11 6.39183E-10 2.46546E-16 3.64428E-27 2.23049E-27 6.54477E-19 6.88913E-17
 2.69726E-16 1.50558E-26 1.30863E-11 5.97065E-09 7.60726E-06 3.35556E-10 1.70928E-10 9.33593E-11
 7.46198E-08 1.64464E-12 9.90336E-07 1.19684E-07 1.84369E-08 8.69521E-13 1.41089E-12 2.89814E-12
 3.79674E-11 8.21970E-13 6.70841E-14 1.28608E-13 8.95127E-16 2.10107E-16 1.22567E-20 9.09211E-17
 2.06342E-14 1.40931E-11 1.05656E-11 2.88232E-11 6.43882E-10 1.51020E-16 5.01694E-27 3.08491E-27
 8.54016E-19 7.54150E-17 2.62866E-16 2.19513E-26 1.08872E-11 6.50734E-09 7.52458E-06 3.83957E-10
 1.94311E-10 1.08492E-10 6.41045E-08 2.32168E-12 1.08649E-06 1.10464E-07 2.01606E-08 7.27568E-13
 1.14485E-12 2.31028E-12 3.61446E-11 7.29742E-13 5.83072E-14 1.03566E-13 7.15469E-16 1.63829E-16
 7.05999E-21 5.36000E-17 1.59171E-14 1.24191E-11 1.16166E-11 2.44716E-11 6.48814E-10 9.21180E-17
 6.83069E-27 4.22501E-27 1.10016E-18 8.26509E-17 2.55245E-16 3.17058E-26 9.26441E-12 7.14067E-09
 7.43381E-06 4.39410E-10 2.21383E-10 1.24881E-10 5.43086E-08 3.33285E-12 1.18920E-06 1.01975E-07
 2.23254E-08 6.18234E-13 9.53989E-13 1.86253E-12 3.46475E-11 6.57190E-13 4.98913E-14 8.29068E-14
 5.70593E-16 1.27431E-16 4.03028E-21 2.85569E-17 1.26206E-14 1.04217E-11 1.25307E-11 2.00977E-11
 6.54226E-10 5.37350E-17 9.24512E-27 5.76341E-27 1.37156E-18 9.07099E-17 2.46773E-16 4.46130E-26
 7.88335E-12 7.84989E-09 7.33477E-06 5.00954E-10 2.51369E-10 1.43148E-10 4.60347E-08 4.77809E-12
 1.29919E-06 9.39194E-08 2.51079E-08 5.21602E-13 7.88747E-13 1.51606E-12 3.34064E-11 6.02676E-13
 4.26703E-14 6.71251E-14 4.61775E-16 1.00790E-16 2.37179E-21 1.46651E-17 1.02474E-14 8.56667E-12
 1.33125E-11 1.62356E-11 6.59115E-10 3.13190E-17 1.23333E-26 7.76378E-27 1.69020E-18 9.94131E-17
 2.37607E-16 6.20015E-26 6.83646E-12 8.64435E-09 7.22704E-06 5.69622E-10 2.84779E-10 1.63763E-10
 3.90275E-08 6.85007E-12 1.41732E-06 8.60638E-08 2.88379E-08 4.35853E-13 6.45615E-13 1.24408E-12
 3.23730E-11 5.61617E-13 3.64942E-14 5.49863E-14 3.78750E-16 8.09114E-17 1.43459E-21 7.28744E-18
 8.48910E-15 6.91927E-12 1.39552E-11 1.29219E-11 6.63385E-10 1.82391E-17 1.62417E-26 1.03368E-26
 2.05539E-18 1.08601E-16 2.27906E-16 8.50034E-26 6.39006E-12 9.51571E-09 7.11162E-06 6.48050E-10
 3.22946E-10 1.87895E-10 3.30156E-08 9.83900E-12 1.54272E-06 7.83402E-08 3.39978E-08 3.60149E-13
 5.22089E-13 1.03073E-12 3.15206E-11 5.32244E-13 3.13004E-14 4.57565E-14 3.15652E-16 6.59470E-17
 8.92911E-22 3.51024E-18 7.16805E-15 5.51259E-12 1.44487E-11 1.01394E-11 6.67030E-10 1.06297E-17
 2.12361E-26 1.36574E-26 2.45758E-18 1.17970E-16 2.17982E-16 1.14860E-25 7.01253E-12 1.04311E-08
 6.98831E-06 7.41559E-10 3.68558E-10 2.18053E-10 2.77581E-08 1.41991E-11 1.67581E-06 7.06467E-08
 4.13211E-08 2.93400E-13 4.15489E-13 8.61833E-13 3.08137E-11 5.14724E-13 2.70424E-14 3.89843E-14
 2.68979E-16 5.47158E-17 5.75161E-22 1.63901E-18 6.15135E-15 4.35402E-12 1.47800E-11 7.84307E-12
 6.70101E-10 6.21939E-18 2.79130E-26 1.80738E-26 2.87798E-18 1.27326E-16 2.08050E-16 1.53138E-25
 9.28902E-12 1.13381E-08 6.85602E-06 8.58823E-10 4.25979E-10 2.58462E-10 2.30912E-08 2.06666E-11
 1.81775E-06 6.29024E-08 5.17906E-08 2.34856E-13 3.23977E-13 7.26309E-13 3.02181E-11 5.10443E-13
 2.36608E-14 3.43384E-14 2.36275E-16 4.64301E-17 3.86930E-22 7.41764E-19 5.34675E-15 3.42941E-12
 1.49408E-11 5.98008E-12 6.72672E-10 3.66964E-18 3.74474E-26 2.42369E-26 3.28690E-18 1.36586E-16
 1.98220E-16 2.01827E-25 1.36283E-11 1.21935E-08 6.71466E-06 1.01110E-09 5.00809E-10 3.14556E-10
 1.89612E-08 3.04519E-11 1.96850E-06 5.51663E-08 6.64454E-08 1.84681E-13 2.47156E-13 6.17136E-13
 2.97100E-11 5.20451E-13 2.10424E-14 3.14157E-14 2.14886E-16 4.04609E-17 2.73426E-22 3.26286E-19
 4.69928E-15 2.70758E-12 1.49477E-11 4.50063E-12 6.74809E-10 2.19109E-18 5.17806E-26 3.31842E-26
 3.64876E-18 1.45686E-16 1.88591E-16 2.63146E-25 1.99496E-11 1.30518E-08 6.56345E-06 1.21438E-09
 6.01887E-10 3.89972E-10 1.51510E-08 4.62959E-11 2.12861E-06 4.75381E-08 8.63622E-08 1.46871E-13
 1.92986E-13 5.28535E-13 2.92710E-11 5.41604E-13 1.86876E-14 2.92407E-14 1.98116E-16 3.54052E-17
 1.93244E-22 1.35399E-19 4.16890E-15 2.10992E-12 1.49462E-11 3.33866E-12 6.76509E-10 1.28134E-18
 7.41008E-26 4.66490E-26 3.91726E-18 1.54722E-16 1.79113E-16 3.39330E-25 2.72937E-11 1.39481E-08
 6.40255E-06 1.47244E-09 7.30153E-10 4.89952E-10 1.20687E-08 7.12758E-11 2.29752E-06 4.02239E-08
 1.12342E-07 1.15267E-13 1.48398E-13 4.56544E-13 2.88860E-11 5.70685E-13 1.67552E-14 2.76962E-14
 1.85473E-16 3.15829E-17 1.40210E-22 5.59986E-20 3.73296E-15 1.65520E-12 1.49177E-11 2.47457E-12
 6.77793E-10 7.55620E-19 1.07171E-25 6.60062E-26 4.12812E-18 1.63598E-16 1.69847E-16 4.33658E-25
 3.45200E-11 1.49994E-08 6.23323E-06 1.78856E-09 8.86492E-10 6.15392E-10 9.65814E-09 1.10809E-10
 2.47350E-06 3.34799E-08 1.44765E-07 8.93899E-14 1.12844E-13 3.98317E-13 2.85487E-11 6.01095E-13
 1.50502E-14 2.62368E-14 1.73299E-16 2.84271E-17 1.02311E-22 2.33224E-20 3.37665E-15 1.30432E-12
 1.49051E-11 1.84170E-12 6.78723E-10 4.46541E-19 1.53458E-25 9.25964E-26 4.30382E-18 1.72233E-16
 1.60853E-16 5.48812E-25 4.05791E-11 1.63228E-08 6.05522E-06 2.16165E-09 1.06899E-09 7.63601E-10
 7.80749E-09 1.73143E-10 2.65653E-06 2.74511E-08 1.84030E-07 6.85253E-14 8.50288E-14 3.50933E-13
 2.82521E-11 6.26171E-13 1.34490E-14 2.44638E-14 1.59237E-16 2.55086E-17 7.34371E-23 9.85274E-21
 3.08458E-15 1.02861E-12 1.49298E-11 1.38140E-12 6.79365E-10 2.62629E-19 2.14127E-25 1.27294E-25
 4.47491E-18 1.80634E-16 1.52093E-16 6.88000E-25 4.47460E-11 1.80240E-08 5.86681E-06 2.58750E-09
 1.27344E-09 9.28705E-10 6.39172E-09 2.70575E-10 2.84820E-06 2.21839E-08 2.30789E-07 5.18554E-14
 6.34742E-14 3.11814E-13 2.79891E-11 6.40629E-13 1.18987E-14 2.22126E-14 1.42492E-16 2.25761E-17
 5.09547E-23 4.24197E-21 2.84277E-15 8.09437E-13 1.49996E-11 1.04673E-12 6.79777E-10 1.53009E-19
 2.88517E-25 1.70381E-25 4.66946E-18 1.88848E-16 1.43490E-16 8.55106E-25 4.67282E-11 2.02037E-08
 5.66639E-06 3.06022E-09 1.49415E-09 1.10235E-09 5.30063E-09 4.21184E-10 3.05003E-06 1.76835E-08
 2.85865E-07 3.86840E-14 4.69165E-14 2.79091E-13 2.77534E-11 6.41316E-13 1.03954E-14 1.95250E-14
 1.23523E-16 1.95521E-17 3.37850E-23 1.86584E-21 2.64087E-15 6.34433E-13 1.51167E-11 8.02249E-13
 6.80003E-10 8.80776E-20 3.74036E-25 2.21543E-25 4.90793E-18 1.96884E-16 1.35014E-16 1.05440E-24
 4.67308E-11 2.29693E-08 5.45512E-06 3.57414E-09 1.72483E-09 1.27417E-09 4.44812E-09 6.51466E-10
 3.26089E-06 1.39598E-08 3.49657E-07 2.85019E-14 3.44171E-14 2.51721E-13 2.75415E-11 6.27370E-13
 8.96265E-15 1.65870E-14 1.03535E-16 1.64996E-17 2.12967E-23 8.39084E-22 2.47303E-15 4.94989E-13
 1.52822E-11 6.22136E-13 6.80077E-10 5.00660E-20 4.66282E-25 2.79947E-25 5.20119E-18 2.04627E-16
 1.26768E-16 1.28972E-24 4.52427E-11 2.64505E-08 5.23501E-06 4.12440E-09 1.95920E-09 1.43336E-09
 3.77153E-09 1.00032E-09 3.47892E-06 1.09699E-08 4.22528E-07 2.08078E-14 2.51454E-14 2.28882E-13
 2.73495E-11 5.99690E-13 7.62907E-15 1.36294E-14 8.39053E-17 1.35490E-17 1.27537E-23 3.85494E-22
 2.33434E-15 3.84379E-13 1.54983E-11 4.87950E-13 6.80021E-10 2.81039E-20 5.59855E-25 3.44484E-25
 5.55550E-18 2.11944E-16 1.18880E-16 1.56449E-24 4.26876E-11 3.08224E-08 5.00484E-06 4.70529E-09
 2.19073E-09 1.57027E-09 3.22711E-09 1.52494E-09 3.70550E-06 8.59340E-09 5.06193E-07 1.50467E-14
 1.82919E-14 2.09568E-13 2.71700E-11 5.60116E-13 6.41330E-15 1.08324E-14 6.57440E-17 1.08205E-17
 7.24957E-24 1.80476E-22 2.21849E-15 2.96773E-13 1.57689E-11 3.86599E-13 6.79850E-10 1.55531E-20
 6.49623E-25 4.14074E-25 5.98038E-18 2.18825E-16 1.11349E-16 1.88283E-24 3.94842E-11 3.63081E-08
 4.76429E-06 5.31159E-09 2.41337E-09 1.67446E-09 2.78258E-09 2.30966E-09 3.94113E-06 6.72315E-09
 6.02684E-07 1.07936E-14 1.32521E-14 1.93088E-13 2.69965E-11 5.11300E-13 5.32640E-15 8.31694E-15
 4.97868E-17 8.40245E-18 3.90512E-24 8.58861E-23 2.12098E-15 2.27562E-13 1.61072E-11 3.09040E-13
 6.79564E-10 8.47061E-21 7.31597E-25 4.88006E-25 6.48424E-18 2.25236E-16 1.04197E-16 2.24851E-24
 3.60285E-11 4.33255E-08 4.51538E-06 5.97027E-09 2.63404E-09 1.72828E-09 2.36985E-09 3.53811E-09
 4.18388E-06 5.27334E-09 7.13687E-07 7.89002E-15 1.00441E-14 1.79032E-13 2.68283E-11 4.52716E-13
 4.30560E-15 6.09672E-15 3.57329E-17 6.18497E-18 1.90653E-24 4.08827E-23 2.03897E-15 1.71892E-13
 1.66964E-11 2.50746E-13 6.78988E-10 4.43879E-21 8.06707E-25 5.70750E-25 7.06315E-18 2.31107E-16
 9.75011E-17 2.67267E-24 3.25799E-11 5.21062E-08 4.25923E-06 6.65011E-09 2.83382E-09 1.73738E-09
 2.02825E-09 5.38401E-09 4.43275E-06 4.15472E-09 8.41800E-07 5.72596E-15 7.58390E-15 1.66975E-13
 2.66557E-11 3.91341E-13 3.44712E-15 4.32156E-15 2.47598E-17 4.43979E-18 8.81505E-25 1.98202E-23
 1.96986E-15 1.29061E-13 1.73976E-11 2.05352E-13 6.78269E-10 2.28702E-21 8.69815E-25 6.60027E-25
 7.73474E-18 2.36385E-16 9.12952E-17 3.14824E-24 2.93193E-11 6.31318E-08 3.99737E-06 7.34538E-09
 3.00680E-09 1.70380E-09 1.74279E-09 8.14955E-09 4.68621E-06 3.29360E-09 9.89981E-07 4.10453E-15
 5.68912E-15 1.56586E-13 2.64739E-11 3.30127E-13 2.73564E-15 2.97183E-15 1.65778E-17 3.11700E-18
 3.89262E-25 9.73499E-24 1.91158E-15 9.62063E-14 1.82210E-11 1.69264E-13 6.77402E-10 1.15809E-21
 9.20345E-25 7.58107E-25 8.51062E-18 2.41042E-16 8.55942E-17 3.67504E-24 2.63753E-11 7.71246E-08
 3.73298E-06 8.04991E-09 3.14774E-09 1.63138E-09 1.50348E-09 1.22979E-08 4.94102E-06 2.63390E-09
 1.16064E-06 2.89975E-15 4.23056E-15 1.47642E-13 2.62802E-11 2.71483E-13 2.15315E-15 1.98668E-15
 1.07208E-17 2.14537E-18 1.64913E-25 4.81360E-24 1.86261E-15 7.10401E-14 1.91855E-11 1.39964E-13
 6.76373E-10 5.74723E-22 9.58292E-25 8.68016E-25 9.40419E-18 2.45043E-16 8.04202E-17 4.25101E-24
 2.37659E-11 9.53524E-08 3.46675E-06 8.75093E-09 3.25109E-09 1.52598E-09 1.30525E-09 1.85743E-08
 5.19620E-06 2.12481E-09 1.35801E-06 2.00747E-15 3.09884E-15 1.39871E-13 2.60698E-11 2.16998E-13
 1.67999E-15 1.28896E-15 6.67708E-18 1.44938E-18 6.69819E-26 2.37101E-24 1.82123E-15 5.16981E-14
 2.03109E-11 1.15494E-13 6.75166E-10 2.77365E-22 9.83149E-25 9.92534E-25 1.04405E-17 2.48409E-16
 7.57254E-17 4.87447E-24 2.14585E-11 1.20082E-07 3.19882E-06 9.42823E-09 3.31166E-09 1.39612E-09
 1.14509E-09 2.82512E-08 5.45097E-06 1.72746E-09 1.58746E-06 1.35062E-15 2.21478E-15 1.33039E-13
 2.58378E-11 1.67734E-13 1.29811E-15 8.08919E-16 3.98577E-18 9.62197E-19 2.59855E-26 1.14621E-24
 1.78595E-15 3.68345E-14 2.16240E-11 9.43907E-14 6.73754E-10 1.28684E-22 9.95217E-25 1.13428E-24
 1.16562E-17 2.51159E-16 7.14482E-17 5.54386E-24 1.93579E-11 1.54576E-07 2.93213E-06 1.00895E-08
 3.33389E-09 1.25648E-09 1.01483E-09 4.35835E-08 5.70133E-06 1.41640E-09 1.85256E-06 8.76886E-16
 1.53180E-15 1.27024E-13 2.55813E-11 1.24981E-13 9.96482E-16 4.92633E-16 2.27987E-18 6.29527E-19
 9.65680E-27 5.40641E-25 1.75590E-15 2.57773E-14 2.31989E-11 7.61546E-14 6.72063E-10 5.71760E-23
 1.00414E-24 1.30236E-24 1.30429E-17 2.53322E-16 6.75693E-17 6.24558E-24 1.70597E-11 1.98658E-07
 2.66866E-06 1.12515E-08 3.43514E-09 1.12730E-09 8.78698E-10 7.03570E-08 5.94212E-06 1.17197E-09
 2.15674E-06 5.42097E-16 1.02486E-15 1.21718E-13 2.52957E-11 9.16829E-14 7.96387E-16 2.96231E-16
 1.27636E-18 4.10868E-19 3.49562E-27 2.68331E-25 1.73036E-15 1.85327E-14 2.53207E-11 6.31585E-14
 6.69807E-10 2.52028E-23 1.04889E-24 1.58327E-24 1.40161E-17 2.55504E-16 6.40641E-17 6.91834E-24
 1.45481E-11 2.93358E-07 2.39615E-06 1.44493E-08 3.83562E-09 9.77059E-10 7.91535E-10 1.48911E-07
 6.16445E-06 9.79091E-10 2.50716E-06 2.93889E-16 5.98533E-16 1.17033E-13 2.49879E-11 5.91997E-14
 7.12119E-16 1.69024E-16 6.42031E-19 2.69651E-19 1.16100E-27 1.23280E-25 1.70884E-15 1.28984E-14
 2.84255E-11 5.04468E-14 6.66554E-10 9.64427E-24 1.08013E-24 2.15703E-24 1.38999E-17 2.58414E-16
 6.08990E-17 7.67870E-24 1.51977E-11 1.49757E-06 2.06049E-06 7.91957E-09 2.43526E-09 6.07996E-10
 1.79823E-09 4.63325E-07 6.33664E-06 8.26303E-10 2.92433E-06 1.30684E-16 1.53311E-16 1.12890E-13
 2.46715E-11 1.23643E-14 2.94324E-16 6.86864E-17 1.65624E-19 1.23706E-19 2.44186E-28 7.90224E-27
 1.69135E-15 3.68765E-15 3.11914E-11 1.21032E-14 6.63657E-10 1.43054E-24 5.07264E-25 1.51324E-24
 2.98946E-17 2.44894E-16 5.80289E-17 1.04486E-23 1.22491E-11 9.76929E-06 1.74694E-06 1.99662E-09
 7.54722E-10 3.11221E-10 5.92785E-09 9.11895E-07 6.41925E-06 7.04833E-10 3.36673E-06 6.69508E-17
 5.58112E-17 1.09224E-13 2.42950E-11 1.36307E-15 6.16278E-17 2.73958E-17 3.74057E-20 2.11434E-20
 4.65294E-29 8.04588E-28 1.67623E-15 8.86521E-16 4.11093E-11 4.95435E-15 6.53559E-10 1.26588E-25
 1.15215E-25 3.88118E-25 8.40186E-17 1.92921E-16 5.54642E-17 9.07224E-24 7.16772E-12 3.00297E-05
 1.49008E-06 8.70696E-10 3.18200E-10 1.60728E-10 1.12178E-08 1.32705E-06 6.45951E-06 6.08037E-10
 3.80163E-06 3.66798E-17 3.33360E-17 1.05974E-13 2.38876E-11 4.04263E-16 1.78817E-17 1.14441E-17
 9.01743E-21 6.00877E-21 9.41993E-30 2.89050E-28 1.66244E-15 2.29805E-16 5.54037E-11 3.90194E-15
 6.39061E-10 7.19634E-27 2.33158E-26 1.20106E-25 1.30599E-16 1.48202E-16 5.31898E-17 5.94146E-24
 3.92622E-12 6.53314E-05 1.27518E-06 4.90909E-10 1.61833E-10 8.39236E-11 1.65332E-08 1.69648E-06
 6.48041E-06 5.27764E-10 4.24213E-06 2.07715E-17 2.50880E-17 1.02973E-13 2.34474E-11 2.38688E-16
 6.83655E-18 4.92031E-18 2.27216E-21 3.13266E-21 1.98739E-30 1.53557E-28 1.64922E-15 6.53636E-17
 7.17434E-11 3.38873E-15 6.22495E-10 3.48727E-28 4.50667E-27 4.40575E-26 1.60391E-16 1.20076E-16
 5.10910E-17 3.70992E-24 2.28397E-12 1.19311E-04 1.08864E-06 3.14399E-10 9.08770E-11 4.34594E-11
 2.15475E-08 2.02784E-06 6.49155E-06 4.58164E-10 4.70891E-06 1.18504E-17 2.10388E-17 1.00070E-13
 2.29583E-11 1.81267E-16 3.03479E-18 2.12188E-18 5.78610E-22 2.05750E-21 4.22582E-31 8.72426E-29
 1.63591E-15 2.04094E-17 8.95424E-11 3.00916E-15 6.04432E-10 3.94210E-29 8.31730E-28 1.79214E-26
 1.77515E-16 1.04500E-16 4.90623E-17 2.30533E-24 1.45564E-12 1.94668E-04 9.26713E-07 2.17484E-10
 5.44812E-11 2.22662E-11 2.59606E-08 2.32059E-06 6.49700E-06 3.97523E-10 5.20728E-06 6.77823E-18
 1.87377E-17 9.72421E-14 2.24198E-11 1.47717E-16 1.46721E-18 9.14727E-19 1.48491E-22 1.43859E-21
 9.04354E-32 5.00897E-29 1.62240E-15 7.13101E-18 1.08202E-10 2.68197E-15 5.85462E-10 1.28215E-29
 1.49570E-28 7.94246E-27 1.87063E-16 9.63777E-17 4.70887E-17 1.45626E-24 9.99238E-13 2.93693E-04
 7.86763E-07 1.57974E-10 3.41985E-11 1.12933E-11 2.96075E-08 2.57581E-06 6.49892E-06 3.44733E-10
 5.74056E-06 3.88327E-18 1.73224E-17 9.44855E-14 2.18351E-11 1.22423E-16 7.46602E-19 3.94224E-19
 3.85356E-23 1.01925E-21 1.95998E-32 2.86257E-29 1.60866E-15 2.79186E-18 1.27287E-10 2.38378E-15
 5.66015E-10 5.32544E-30 2.68781E-29 3.78634E-27 1.93032E-16 9.17005E-17 4.51671E-17 9.43222E-25
 7.23979E-13 4.18602E-04 6.66223E-07 1.18432E-10 2.22009E-11 5.67531E-12 3.24233E-08 2.79625E-06
 6.49852E-06 2.98801E-10 6.31245E-06 2.22723E-18 1.64113E-17 9.17968E-14 2.12075E-11 1.01662E-16
 3.92046E-19 1.69870E-19 1.01684E-23 7.22260E-22 4.34995E-33 1.61915E-29 1.59466E-15 1.20077E-18
 1.46501E-10 2.10745E-15 5.46378E-10 2.34859E-30 4.97885E-30 1.91923E-27 1.97801E-16 8.80774E-17
 4.32946E-17 6.27420E-25 5.46082E-13 5.71604E-04 5.62686E-07 9.06387E-11 1.47861E-11 2.82906E-12
 3.43986E-08 2.98536E-06 6.49647E-06 2.58844E-10 6.92689E-06 1.27835E-18 1.58069E-17 8.91726E-14
 2.05403E-11 8.42343E-17 2.09885E-19 7.31836E-20 2.74988E-24 5.10144E-22 1.00704E-33 9.04074E-30
 1.58036E-15 5.52086E-19 1.65630E-10 1.85092E-15 5.26753E-10 1.06999E-30 9.89253E-31 1.02381E-27
 2.02525E-16 8.43391E-17 4.14681E-17 4.27838E-25 4.25488E-13 7.54911E-04 4.73945E-07 7.03114E-11
 1.00489E-11 1.40076E-12 3.55659E-08 3.14674E-06 6.49315E-06 2.24078E-10 7.58794E-06 7.33712E-19
 1.53957E-17 8.66096E-14 1.98368E-11 6.95544E-17 1.13787E-19 3.15007E-20 7.70160E-25 3.58866E-22
 2.49712E-34 4.98363E-30 1.56572E-15 2.65950E-19 1.84511E-10 1.61410E-15 5.07294E-10 4.98257E-31
 2.20262E-31 5.69666E-28 2.07622E-16 8.00555E-17 3.96843E-17 2.98078E-25 3.56126E-13 9.70031E-04
 3.98241E-07 5.58214E-11 7.02163E-12 6.92327E-13 3.72631E-08 3.28354E-06 6.48888E-06 1.93904E-10
 8.29742E-06 4.21026E-19 1.51082E-17 8.41122E-14 1.91018E-11 5.79753E-17 6.46539E-20 1.35326E-20
 2.27783E-25 2.60015E-22 6.94646E-35 2.94044E-30 1.55072E-15 1.37453E-19 2.02951E-10 1.43080E-15
 4.88180E-10 2.58536E-31 5.85677E-32 3.31927E-28 2.13050E-16 7.52490E-17 3.79450E-17 2.13722E-25
 3.18004E-13 1.21820E-03 3.34186E-07 4.50114E-11 5.01897E-12 3.43812E-13 3.93848E-08 3.39862E-06
 6.48402E-06 1.67879E-10 9.05466E-06 2.42105E-19 1.49047E-17 8.16917E-14 1.83444E-11 4.86439E-17
 3.81189E-20 5.81564E-21 7.30477E-26 1.92805E-22 2.27111E-35 1.82686E-30 1.53538E-15 7.59216E-20
 2.20724E-10 1.28105E-15 4.69624E-10 1.46593E-31 1.89463E-32 2.00944E-28 2.18761E-16 6.99443E-17
 3.62562E-17 1.56859E-25 2.79033E-13 1.50261E-03 2.80138E-07 3.57765E-11 3.58539E-12 1.71553E-13
 3.94472E-08 3.49519E-06 6.47869E-06 1.45449E-10 9.86354E-06 1.39631E-19 1.47586E-17 7.93437E-14
 1.75719E-11 4.01045E-17 2.16152E-20 2.50487E-21 2.53710E-26 1.37506E-22 8.36417E-36 1.02724E-30
 1.51960E-15 4.16146E-20 2.37745E-10 1.10790E-15 4.51691E-10 7.62023E-32 6.81746E-33 1.23122E-28
 2.24824E-16 6.40541E-17 3.46134E-17 1.15160E-25 2.60221E-13 1.82553E-03 2.34622E-07 2.87543E-11
 2.61204E-12 8.62442E-14 4.01984E-08 3.57611E-06 6.47301E-06 1.26121E-10 1.07275E-05 8.07449E-20
 1.46473E-17 7.70635E-14 1.67907E-11 3.33690E-17 1.26098E-20 1.07967E-21 9.62346E-27 1.00982E-22
 3.44533E-36 6.08008E-31 1.50330E-15 2.35385E-20 2.53952E-10 9.69248E-16 4.34421E-10 4.34157E-32
 2.72643E-33 7.76477E-29 2.30848E-16 5.79469E-17 3.30115E-17 8.61438E-26 2.35225E-13 2.19025E-03
 1.96410E-07 2.26465E-11 1.89268E-12 4.36557E-14 3.86832E-08 3.64393E-06 6.46707E-06 1.09484E-10
 1.16507E-05 4.68735E-20 1.45564E-17 7.48468E-14 1.60117E-11 2.72461E-17 6.99905E-21 4.66923E-22
 3.84550E-27 7.09851E-23 1.44570E-36 3.20891E-31 1.48635E-15 1.28750E-20 2.69296E-10 8.15507E-16
 4.17839E-10 2.22027E-32 1.11680E-33 4.90916E-29 2.36844E-16 5.15859E-17 3.14453E-17 6.40405E-26
 2.19475E-13 2.59956E-03 1.64328E-07 1.78371E-11 1.38673E-12 2.22529E-14 3.71681E-08 3.70086E-06
 6.46083E-06 9.51396E-11 1.26386E-05 2.72881E-20 1.44731E-17 7.26844E-14 1.52420E-11 2.23050E-17
 3.89918E-21 2.02168E-22 1.60637E-27 5.04433E-23 6.19968E-37 1.69934E-31 1.46859E-15 7.04261E-21
 2.83770E-10 6.84308E-16 4.01920E-10 1.17468E-32 4.74909E-34 3.15552E-29 2.42441E-16 4.53148E-17
 2.99061E-17 4.80297E-26 2.09309E-13 3.05462E-03 1.37533E-07 1.39816E-11 1.02432E-12 1.14465E-14
 3.53454E-08 3.74885E-06 6.45458E-06 8.28159E-11 1.36927E-05 1.59615E-20 1.43888E-17 7.05766E-14
 1.44954E-11 1.82623E-17 2.16671E-21 8.78358E-23 6.92872E-28 3.59681E-23 2.68938E-37 8.88518E-32
 1.44990E-15 3.84529E-21 2.97299E-10 5.68939E-16 3.86706E-10 6.29816E-33 2.08088E-34 2.05487E-29
 2.47480E-16 3.92580E-17 2.83910E-17 3.62149E-26 1.87793E-13 3.55914E-03 1.15141E-07 1.06736E-11
 7.47793E-13 5.92502E-15 3.13161E-08 3.78948E-06 6.44806E-06 7.22036E-11 1.48210E-05 9.37845E-21
 1.42963E-17 6.85105E-14 1.37842E-11 1.46245E-17 1.12369E-21 3.83537E-23 2.94818E-28 2.42325E-23
 1.09925E-37 3.99386E-32 1.43003E-15 1.97070E-21 3.09902E-10 4.50968E-16 3.72133E-10 2.89479E-33
 8.68017E-35 1.32803E-29 2.51947E-16 3.33901E-17 2.68888E-17 2.69154E-26 1.69180E-13 4.11487E-03
 9.63845E-08 8.10352E-12 5.49226E-13 3.08103E-15 2.73546E-08 3.82384E-06 6.44077E-06 6.30302E-11
 1.60313E-05 5.52550E-21 1.41898E-17 6.64731E-14 1.31144E-11 1.17157E-17 5.75726E-22 1.67889E-23
 1.24593E-28 1.63316E-23 4.36187E-38 1.74181E-32 1.40873E-15 9.81169E-22 3.21593E-10 3.53577E-16
 3.58138E-10 1.32249E-33 2.60260E-35 8.65793E-30 2.55526E-16 2.79838E-17 2.53885E-17 2.00492E-26
 1.53709E-13 4.71979E-03 8.07191E-08 6.12411E-12 4.06025E-13 1.61096E-15 2.35713E-08 3.85297E-06
 6.43266E-06 5.51131E-11 1.73242E-05 3.26605E-21 1.40648E-17 6.44615E-14 1.24951E-11 9.39813E-18
 2.93778E-22 7.37188E-24 5.26121E-29 1.10212E-23 1.70662E-38 7.44265E-33 1.38579E-15 4.81636E-22
 3.32310E-10 2.74479E-16 3.44733E-10 6.03582E-34-4.60577E-35 5.69708E-30 2.58061E-16 2.31496E-17
 2.38860E-17 1.49687E-26 1.40697E-13 5.37000E-03 6.76770E-08 4.60766E-12 3.02251E-13 8.47861E-16
 2.00281E-08 3.87774E-06 6.42364E-06 4.82939E-11 1.86981E-05 1.93849E-21 1.39176E-17 6.24729E-14
 1.19350E-11 7.55740E-18 1.49499E-22 3.25102E-24 2.22658E-29 7.45536E-24 6.63059E-39 3.11552E-33
 1.36100E-15 2.34124E-22 3.41986E-10 2.10952E-16 3.31930E-10 2.75444E-34-3.12942E-34 3.78669E-30
 2.59477E-16 1.89103E-17 2.23781E-17 1.12041E-26 1.25076E-13 6.06121E-03 5.68301E-08 3.42613E-12
 2.24659E-13 4.48888E-16 1.63521E-08 3.89855E-06 6.41316E-06 4.24197E-11 2.01522E-05 1.15545E-21
 1.37447E-17 6.05003E-14 1.14410E-11 6.03530E-18 7.38587E-23 1.44193E-24 9.31779E-30 4.92315E-24
 2.50147E-39 1.20555E-33 1.33409E-15 1.10192E-22 3.50572E-10 1.58049E-16 3.19713E-10 1.16945E-34
-1.59310E-33 2.52166E-30 2.59756E-16 1.52293E-17 2.08600E-17 8.33675E-27 1.08810E-13 6.78740E-03
 4.78006E-08 2.52920E-12 1.67148E-13 2.38729E-16 1.29328E-08 3.91517E-06 6.40005E-06 3.73503E-11
 2.16848E-05 6.90913E-22 1.35429E-17 5.85361E-14 1.10119E-11 4.80323E-18 3.57180E-23 6.42708E-25
 3.84879E-30 3.19858E-24 9.15098E-40 4.37822E-34 1.30478E-15 5.02375E-23 3.58023E-10 1.16126E-16
 3.08057E-10 4.70658E-35-7.80659E-33 1.68632E-30 2.58839E-16 1.21063E-17 1.93282E-17 6.18069E-27
 9.85062E-14 7.53653E-03 4.03145E-08 1.88269E-12 1.26483E-13 1.27821E-16 1.03675E-08 3.92767E-06
 6.38383E-06 3.29912E-11 2.32828E-05 4.14787E-22 1.33101E-17 5.65827E-14 1.06411E-11 3.88137E-18
 1.78081E-23 2.87892E-25 1.60894E-30 2.14682E-24 3.38577E-40 1.65546E-34 1.27293E-15 2.30995E-23
 3.64233E-10 8.60729E-17 2.97011E-10 2.04093E-35-3.76056E-32 1.15091E-30 2.56688E-16 9.53954E-18
 1.77878E-17 4.63815E-27 8.89997E-14 8.29580E-03 3.41402E-08 1.40063E-12 9.61717E-14 6.90072E-17
 8.13478E-09 3.93619E-06 6.36410E-06 2.92601E-11 2.49305E-05 2.50344E-22 1.30442E-17 5.46421E-14
 1.03270E-11 3.13800E-18 8.87563E-24 1.29870E-25 6.77888E-31 1.43193E-24 1.25505E-40 6.07613E-35
 1.23837E-15 1.05945E-23 3.69102E-10 6.30188E-17 2.86613E-10 8.66941E-36-1.75962E-31 7.92595E-31
 2.53338E-16 7.44817E-18 1.62455E-17 3.48060E-27 8.14245E-14 9.05153E-03 2.90739E-08 1.04740E-12
 7.37896E-14 3.76185E-17 6.32183E-09 3.94032E-06 6.33985E-06 2.60811E-11 2.66115E-05 1.52050E-22
 1.27437E-17 5.27165E-14 1.00639E-11 2.55101E-18 4.47308E-24 5.90317E-26 2.89109E-31 9.61664E-25
 4.69008E-41 2.21082E-35 1.20101E-15 4.87429E-24 3.72538E-10 4.59083E-17 2.76898E-10 3.72030E-36
-8.00172E-31 5.45353E-31 2.48824E-16 5.76816E-18 1.47106E-17 2.62297E-27 7.66243E-14 9.78815E-03
 2.49572E-08 7.92096E-13 5.73555E-14 2.07799E-17 4.91960E-09 3.93992E-06 6.31055E-06 2.33961E-11
 2.83042E-05 9.32153E-23 1.24078E-17 5.08116E-14 9.84674E-12 2.09454E-18 2.31477E-24 2.70863E-26
 1.25903E-31 6.58045E-25 1.79095E-41 8.18606E-36 1.16085E-15 2.27534E-24 3.74445E-10 3.34977E-17
 2.67914E-10 1.66441E-36-2.14376E-31 3.92797E-31 2.43193E-16 4.43824E-18 1.31970E-17 1.99265E-27
 7.22267E-14 1.04915E-02 2.16546E-08 6.04989E-13 4.47899E-14 1.16896E-17 3.75162E-09 3.93453E-06
 6.27512E-06 2.11515E-11 2.99893E-05 5.80125E-23 1.20361E-17 4.89310E-14 9.67262E-12 1.72008E-18
 1.20782E-24 1.25879E-26 5.55534E-32 4.47346E-25 6.89111E-42 2.94195E-36 1.11789E-15 1.06376E-24
 3.74745E-10 2.41622E-17 2.59691E-10 7.29758E-37-5.81440E-32 2.81542E-31 2.36501E-16 3.39749E-18
 1.17187E-17 1.51328E-27 6.90850E-14 1.11473E-02 1.90604E-08 4.70979E-13 3.52791E-14 6.79557E-18
 2.83512E-09 3.92327E-06 6.23204E-06 1.93041E-11 3.16468E-05 3.71769E-23 1.16295E-17 4.70812E-14
 9.53683E-12 1.41962E-18 6.45078E-25 5.98055E-27 2.49128E-32 3.05981E-25 2.68028E-42 1.04751E-36
 1.07229E-15 5.00015E-25 3.73379E-10 1.73424E-17 2.52264E-10 3.22796E-37-8.88097E-33 2.04438E-31
 2.28815E-16 2.60215E-18 1.02935E-17 1.15321E-27 6.63915E-14 1.17425E-02 1.70935E-08 3.76433E-13
 2.79086E-14 4.25097E-18 2.10378E-09 3.90502E-06 6.17939E-06 1.78181E-11 3.32582E-05 2.53658E-23
 1.11896E-17 4.52684E-14 9.43511E-12 1.17174E-18 3.52916E-25 3.01207E-27 1.14665E-32 2.07999E-25
 1.05623E-42 3.62558E-37 1.02427E-15 2.38124E-25 3.70302E-10 1.23199E-17 2.45660E-10 1.40131E-37
-4.14583E-33 1.49757E-31 2.20207E-16 2.02191E-18 8.93900E-18 8.77958E-28 6.50146E-14 1.22644E-02
 1.56985E-08 3.13927E-13 2.22572E-14 3.14236E-18 1.56037E-09 3.87850E-06 6.11503E-06 1.66678E-11
 3.48047E-05 1.96628E-23 1.07199E-17 4.35022E-14 9.36225E-12 9.71653E-19 2.07621E-25 1.82150E-27
 6.00953E-33 1.42271E-25 4.68034E-43 1.28982E-37 9.74226E-16 1.28180E-25 3.65498E-10 8.77794E-18
 2.39913E-10 6.25217E-38-1.71510E-33 1.11041E-31 2.10762E-16 1.64918E-18 7.67430E-18 6.70143E-28
 2.85150E+02 2.78650E+02 2.72150E+02 2.65660E+02 2.61170E+02 2.55680E+02 2.49190E+02 2.42700E+02
 2.36210E+02 2.25000E+02 2.10000E+02 2.10000E+02 2.10000E+02 2.10000E+02 2.10000E+02 2.10000E+02
 2.14000E+02 2.14000E+02 2.16650E+02 2.16650E+02 2.16650E+02 2.17580E+02 2.18570E+02 2.19570E+02
 2.20560E+02 2.21550E+02 2.22540E+02 2.23540E+02 2.24530E+02 2.25520E+02 2.26510E+02 2.27500E+02
 2.28490E+02 2.30970E+02 2.33740E+02 2.36510E+02 2.39280E+02 2.37000E+02 2.35000E+02 2.33000E+02
 2.30000E+02 2.27000E+02 2.24000E+02 2.22000E+02 2.20000E+02 2.18000E+02 2.16000E+02 2.14000E+02
 2.12000E+02 2.10000E+02 2.09000E+02 2.08000E+02 2.07000E+02 2.06000E+02 2.05000E+02 2.04000E+02
 2.03000E+02 2.02000E+02 2.01000E+02 2.00000E+02 2.00000E+02 2.00000E+02 2.00000E+02 2.00000E+02
 2.00000E+02 2.00000E+02 2.00000E+02 2.00000E+02 2.00000E+02 2.00000E+02 2.00000E+02 2.00000E+02
 2.00000E+02 2.00000E+02 2.00000E+02 2.00000E+02 2.00000E+02 2.00000E+02 2.00000E+02 1.98600E+02
 1.96000E+02 1.94700E+02 1.92000E+02 1.90800E+02 1.89000E+02 1.86900E+02 1.86900E+02 1.86900E+02
 1.86900E+02 1.86900E+02 1.88000E+02 1.90000E+02 1.91000E+02 1.92500E+02 1.94000E+02 1.95000E+02
 1.96500E+02 1.98000E+02 2.00000E+02 2.02000E+02 1.00000E+05 1.00000E+05 1.00000E+05 1.00000E+05
 1.00000E+05 1.00000E+05 1.00000E+05 1.00000E+05 1.00000E+05 8.94400E+04 4.89900E+04 2.25800E+04
 1.16600E+04 6.81200E+03 5.16500E+03 4.29000E+03 3.95000E+03 3.90000E+03 3.99900E+03 4.34300E+03
 4.84400E+03 5.43900E+03 6.18700E+03 7.03600E+03 7.98400E+03 8.98600E+03 1.00300E+04 1.12800E+04
 1.24900E+04 1.36300E+04 1.51300E+04 1.66900E+04 1.81800E+04 1.99800E+04 2.19800E+04 2.44500E+04
 2.74600E+04 3.04600E+04 3.39400E+04 3.79500E+04 4.19500E+04 4.64300E+04 5.19100E+04 5.84000E+04
 6.44500E+04 7.13600E+04 7.99000E+04 8.79100E+04 9.68700E+04 1.06900E+05 1.17800E+05 1.31800E+05
 1.48300E+05 1.65800E+05 1.83300E+05 2.01800E+05 2.25600E+05 2.52200E+05 2.77200E+05 3.07000E+05
 3.42100E+05 3.79500E+05 4.21900E+05 4.71700E+05 5.17400E+05 5.67400E+05 6.22400E+05 6.82600E+05
 7.48700E+05 8.21200E+05 9.00700E+05 9.87900E+05 1.00000E+06 1.00000E+06 1.00000E+06 1.00000E+06
 1.00000E+06 1.00000E+06 1.00000E+06 1.00000E+06 1.00000E+06 1.00000E+06 1.00000E+06 1.00000E+06
 1.00000E+06 1.00000E+06 1.00000E+06 1.00000E+06 1.00000E+06 1.00000E+06 1.00000E+06 1.00000E+06
 1.00000E+06 1.00000E+06 1.00000E+06 1.00000E+06 1.00000E+06 1.00000E+06 1.00000E+06 1.00000E+06
 2.42852E+19 2.20912E+19 2.00513E+19 1.81573E+19 1.62847E+19 1.46317E+19 1.31658E+19 1.18142E+19
 1.05708E+19 9.61323E+18 8.84590E+18 7.55635E+18 6.45512E+18 5.51464E+18 4.71142E+18 4.02539E+18
 3.38015E+18 2.89675E+18 2.45457E+18 2.10771E+18 1.80996E+18 1.54821E+18 1.32491E+18 1.13463E+18
 9.72448E+17 8.34062E+17 7.15892E+17 6.14884E+17 5.28532E+17 4.54631E+17 3.91339E+17 3.37093E+17
 2.90568E+17 2.49136E+17 2.13725E+17 1.83687E+17 1.58157E+17 1.39120E+17 1.22093E+17 1.07036E+17
 9.41113E+16 8.26117E+16 7.23949E+16 6.30672E+16 5.48754E+16 4.76892E+16 4.13924E+16 3.58815E+16
 3.10640E+16 2.68579E+16 2.30878E+16 1.98335E+16 1.70263E+16 1.46063E+16 1.25216E+16 1.07268E+16
 9.18281E+15 7.85540E+15 6.71500E+15 5.73596E+15 4.87355E+15 4.14102E+15 3.51877E+15 2.99017E+15
 2.54111E+15 2.15960E+15 1.83546E+15 1.56005E+15 1.32603E+15 1.12717E+15 9.58185E+14 8.14574E+14
 6.92522E+14 5.88787E+14 5.00616E+14 4.25670E+14 3.61962E+14 3.07805E+14 2.61764E+14 2.24062E+14
 1.92667E+14 1.64333E+14 1.40959E+14 1.19785E+14 1.01988E+14 8.68329E+13 7.30420E+13 6.14447E+13
 5.16915E+13 4.34888E+13 3.63941E+13 3.03580E+13 2.54940E+13 2.13790E+13 1.79536E+13 1.51336E+13
 1.27386E+13 1.07372E+13 9.04153E+12 7.62708E+12 7.40707E-11 9.02783E-11 1.24512E-10 1.67534E-10
 2.14919E-10 2.62854E-10 3.07974E-10 3.48149E-10 3.82223E-10 4.11152E-10 4.41873E-10 4.84804E-10
 5.29857E-10 5.61331E-10 5.62346E-10 5.34821E-10 4.90355E-10 4.40136E-10 3.90657E-10 3.45690E-10
 3.07177E-10 2.74673E-10 2.47385E-10 2.24561E-10 2.05385E-10 1.88427E-10 1.72424E-10 1.57262E-10
 1.42899E-10 1.29158E-10 1.16107E-10 1.03851E-10 9.23036E-11 8.14703E-11 7.14225E-11 6.22311E-11
 5.39691E-11 4.66086E-11 4.00745E-11 3.43131E-11 2.92335E-11 2.47528E-11 2.08392E-11 1.74571E-11
 1.45254E-11 1.19800E-11 9.80133E-12 7.94401E-12 6.36234E-12 5.03173E-12 3.89886E-12 2.98621E-12
 2.26272E-12 1.69191E-12 1.24306E-12 8.94985E-13 6.33820E-13 4.41014E-13 2.99171E-13 1.98067E-13
 1.28029E-13 8.05191E-14 4.92382E-14 2.93131E-14 1.67867E-14 9.21915E-15 4.84118E-15 2.42294E-15
 1.15171E-15 5.17845E-16 2.19329E-16 8.71104E-17 2.97176E-17 8.36228E-18 1.87521E-18 3.21785E-19
 4.02818E-20 3.47702E-21 1.93653E-22 6.47367E-24 1.18776E-25 1.05743E-27 4.01835E-30 5.44536E-33
 2.16739E-36 1.99378E-40 3.08958E-45 5.73729E-51 8.51152E-58 6.12184E-66 1.19407E-75 3.69499E-87
 1.00000-100 1.00000-100 1.00000-100 1.00000-100 1.00000-100 1.00000-100 1.00000-100 1.00000-100
 2.46566E+01 2.15171E+01 2.19793E+01 2.27060E+01 2.39636E+01 2.46264E+01 2.44632E+01 2.37903E+01
 2.25188E+01 2.12953E+01 2.05664E+01 1.79245E+01 1.64614E+01 1.46745E+01 1.24145E+01 9.98390E+00
 7.70258E+00 6.63412E+00 5.69638E+00 5.34263E+00 5.17381E+00 5.05047E+00 5.08133E+00 5.23798E+00
 5.54487E+00 4.48318E+00 3.48278E+00 2.69931E+00 2.08870E+00 1.60911E+00 1.23524E+00 9.44044E-01
 7.18082E-01 5.36525E-01 3.97904E-01 2.94060E-01 2.16826E-01 1.65450E-01 1.25257E-01 9.43444E-02
 7.11320E-02 5.32620E-02 3.95867E-02 2.89947E-02 2.10650E-02 1.51538E-02 1.07986E-02 7.61371E-03
 5.29767E-03 3.63453E-03 2.42031E-03 1.59199E-03 1.03518E-03 6.63746E-04 4.17854E-04 2.57631E-04
 1.56119E-04 9.28761E-05 5.38247E-05 3.04177E-05 1.66306E-05 8.84652E-06 4.57548E-06 2.30380E-06
 1.11578E-06 5.18218E-07 2.30120E-07 9.74774E-08 3.92124E-08 1.49122E-08 5.34117E-09 1.79367E-09
 5.17329E-10 1.23030E-10 2.33173E-11 3.38185E-12 3.57828E-13 2.61076E-14 1.22913E-15 3.51690E-17
 5.57582E-19 4.23169E-21 1.38713E-23 1.59602E-26 5.41880E-30 4.25788E-34 5.51839E-39 8.57142E-45
 1.06372E-51 6.38696E-60 1.03225E-69 2.66446E-81 6.05563E-95 5.07819E-95 4.26455E-95 3.59472E-95
 3.02582E-95 2.55042E-95 2.14765E-95 1.81167E-95 0.00000E+00 0.00000E+00 0.00000E+00 0.00000E+00
 0.00000E+00 0.00000E+00 0.00000E+00 0.00000E+00 0.00000E+00 0.00000E+00 0.00000E+00 0.00000E+00
 0.00000E+00 0.00000E+00 0.00000E+00 0.00000E+00 0.00000E+00 0.00000E+00 0.00000E+00 0.00000E+00
 0.00000E+00 0.00000E+00 0.00000E+00 0.00000E+00 0.00000E+00 0.00000E+00 0.00000E+00 0.00000E+00
 0.00000E+00 0.00000E+00 0.00000E+00 0.00000E+00 0.00000E+00 0.00000E+00 0.00000E+00 0.00000E+00
 0.00000E+00 0.00000E+00 0.00000E+00 0.00000E+00 0.00000E+00 0.00000E+00 0.00000E+00 0.00000E+00
 0.00000E+00 0.00000E+00 0.00000E+00 0.00000E+00 0.00000E+00 0.00000E+00 0.00000E+00 0.00000E+00
 0.00000E+00 0.00000E+00 0.00000E+00 0.00000E+00 0.00000E+00 0.00000E+00 0.00000E+00 0.00000E+00
 0.00000E+00 0.00000E+00 0.00000E+00 0.00000E+00 0.00000E+00 0.00000E+00 0.00000E+00 0.00000E+00
 0.00000E+00 0.00000E+00 0.00000E+00 0.00000E+00 0.00000E+00 0.00000E+00 0.00000E+00 0.00000E+00
 0.00000E+00 0.00000E+00 0.00000E+00 0.00000E+00 0.00000E+00 0.00000E+00 0.00000E+00 0.00000E+00
 0.00000E+00 0.00000E+00 0.00000E+00 0.00000E+00 0.00000E+00 0.00000E+00 0.00000E+00 0.00000E+00
 0.00000E+00 0.00000E+00 0.00000E+00 0.00000E+00 0.00000E+00 0.00000E+00 0.00000E+00 0.00000E+00
 0.00000E+00 0.00000E+00 0.00000E+00 0.00000E+00 0.00000E+00 0.00000E+00 0.00000E+00 0.00000E+00
 0.00000E+00 0.00000E+00 0.00000E+00 0.00000E+00 0.00000E+00 0.00000E+00 0.00000E+00 0.00000E+00
 0.00000E+00 0.00000E+00 0.00000E+00 0.00000E+00 0.00000E+00 0.00000E+00 0.00000E+00 0.00000E+00
 0.00000E+00 0.00000E+00 0.00000E+00 0.00000E+00 0.00000E+00 0.00000E+00 0.00000E+00 0.00000E+00
 0.00000E+00 0.00000E+00 0.00000E+00 0.00000E+00 0.00000E+00 0.00000E+00 0.00000E+00 0.00000E+00
 0.00000E+00 0.00000E+00 0.00000E+00 0.00000E+00 0.00000E+00 0.00000E+00 0.00000E+00 0.00000E+00
 0.00000E+00 0.00000E+00 0.00000E+00 0.00000E+00 0.00000E+00 0.00000E+00 0.00000E+00 0.00000E+00
 0.00000E+00 0.00000E+00 0.00000E+00 0.00000E+00 0.00000E+00 0.00000E+00 0.00000E+00 0.00000E+00
 0.00000E+00 0.00000E+00 0.00000E+00 0.00000E+00 0.00000E+00 0.00000E+00 0.00000E+00 0.00000E+00
 0.00000E+00 0.00000E+00 0.00000E+00 0.00000E+00 0.00000E+00 0.00000E+00 0.00000E+00 0.00000E+00
 0.00000E+00 0.00000E+00 0.00000E+00 0.00000E+00 0.00000E+00 0.00000E+00 0.00000E+00 0.00000E+00
 0.00000E+00 0.00000E+00 0.00000E+00 0.00000E+00 0.00000E+00 0.00000E+00 0.00000E+00 0.00000E+00
 0.00000E+00 0.00000E+00 0.00000E+00 0.00000E+00 7.55134E-04 8.24748E-04 9.05181E-04 9.95494E-04
 1.07938E-03 1.17353E-03 1.28338E-03 1.40607E-03 1.54893E-03 1.73024E-03 1.96052E-03 2.22371E-03
 2.49492E-03 2.81600E-03 3.19304E-03 3.63743E-03 4.12034E-03 4.51219E-03 4.92044E-03 5.24128E-03
 5.55056E-03 5.88508E-03 6.20503E-03 6.51762E-03 6.81116E-03 7.81496E-03 9.08170E-03 1.05496E-02
 1.22441E-02 1.42041E-02 1.64633E-02 1.90739E-02 2.20801E-02 2.56047E-02 2.96675E-02 3.43146E-02
 3.96225E-02 4.53305E-02 5.19592E-02 5.96278E-02 6.84268E-02 7.86508E-02 9.05855E-02 1.04694E-01
 1.21173E-01 1.40430E-01 1.62990E-01 1.89445E-01 2.20516E-01 2.57083E-01 3.00486E-01 3.51481E-01
 4.11440E-01 4.81994E-01 5.65083E-01 6.62965E-01 7.78416E-01 9.14699E-01 1.07571E+00 1.26609E+00
 1.49276E+00 1.75998E+00 2.07501E+00 2.44640E+00 2.88424E+00 3.40044E+00 4.00903E+00 4.72479E+00
 5.56838E+00 6.56404E+00 7.73796E+00 9.12222E+00 1.07544E+01 1.26801E+01 1.49501E+01 1.76259E+01
 2.07799E+01 2.44972E+01 2.88786E+01 3.39833E+01 3.99826E+01 4.72140E+01 5.57273E+01 6.60386E+01
 7.82899E+01 9.29383E+01 1.10749E+02 1.31966E+02 1.57237E+02 1.87502E+02 2.23578E+02 2.65014E+02
 3.13819E+02 3.71136E+02 4.38348E+02 5.17236E+02 6.09593E+02 7.17541E+02 8.43332E+02 9.89609E+02
 0.00000E+00 0.00000E+00 0.00000E+00 0.00000E+00 0.00000E+00 0.00000E+00 0.00000E+00 0.00000E+00
 0.00000E+00 0.00000E+00 0.00000E+00 0.00000E+00 0.00000E+00 0.00000E+00 0.00000E+00 0.00000E+00
 0.00000E+00 0.00000E+00 0.00000E+00 0.00000E+00 0.00000E+00 0.00000E+00 0.00000E+00 0.00000E+00
 0.00000E+00 0.00000E+00 0.00000E+00 0.00000E+00 0.00000E+00 0.00000E+00 0.00000E+00 0.00000E+00
 0.00000E+00 0.00000E+00 0.00000E+00 0.00000E+00 0.00000E+00 0.00000E+00 0.00000E+00 0.00000E+00
 0.00000E+00 0.00000E+00 0.00000E+00 0.00000E+00 0.00000E+00 0.00000E+00 0.00000E+00 0.00000E+00
 0.00000E+00 0.00000E+00 0.00000E+00 0.00000E+00 0.00000E+00 0.00000E+00 0.00000E+00 0.00000E+00
 0.00000E+00 0.00000E+00 0.00000E+00 0.00000E+00 0.00000E+00 0.00000E+00 0.00000E+00 0.00000E+00
 0.00000E+00 0.00000E+00 0.00000E+00 0.00000E+00 0.00000E+00 0.00000E+00 0.00000E+00 0.00000E+00
 0.00000E+00 0.00000E+00 0.00000E+00 0.00000E+00 0.00000E+00 0.00000E+00 0.00000E+00 0.00000E+00
 0.00000E+00 0.00000E+00 0.00000E+00 0.00000E+00 0.00000E+00 0.00000E+00 0.00000E+00 0.00000E+00
 0.00000E+00 0.00000E+00 0.00000E+00 0.00000E+00 0.00000E+00 0.00000E+00 0.00000E+00 0.00000E+00
 0.00000E+00 0.00000E+00 0.00000E+00 0.00000E+00 0.00000E+00 0.00000E+00 0.00000E+00 0.00000E+00
 0.00000E+00 0.00000E+00 0.00000E+00 0.00000E+00 0.00000E+00 0.00000E+00 0.00000E+00 0.00000E+00
 0.00000E+00 0.00000E+00 0.00000E+00 0.00000E+00 0.00000E+00 0.00000E+00 0.00000E+00 0.00000E+00
 0.00000E+00 0.00000E+00 0.00000E+00 0.00000E+00 0.00000E+00 0.00000E+00 0.00000E+00 0.00000E+00
 0.00000E+00 0.00000E+00 0.00000E+00 0.00000E+00 0.00000E+00 0.00000E+00 0.00000E+00 0.00000E+00
 0.00000E+00 0.00000E+00 0.00000E+00 0.00000E+00 0.00000E+00 0.00000E+00 0.00000E+00 0.00000E+00
 0.00000E+00 0.00000E+00 0.00000E+00 0.00000E+00 0.00000E+00 0.00000E+00 0.00000E+00 0.00000E+00
 0.00000E+00 0.00000E+00 0.00000E+00 0.00000E+00 0.00000E+00 0.00000E+00 0.00000E+00 0.00000E+00
 0.00000E+00 0.00000E+00 0.00000E+00 0.00000E+00 0.00000E+00 0.00000E+00 0.00000E+00 0.00000E+00
 0.00000E+00 0.00000E+00 0.00000E+00 0.00000E+00 0.00000E+00 0.00000E+00 0.00000E+00 0.00000E+00
 0.00000E+00 0.00000E+00 0.00000E+00 0.00000E+00 0.00000E+00 0.00000E+00 0.00000E+00 0.00000E+00
 0.00000E+00 0.00000E+00 0.00000E+00 0.00000E+00 0.00000E+00 0.00000E+00 0.00000E+00 0.00000E+00
 0.00000E+00 0.00000E+00 0.00000E+00 0.00000E+00 0.00000E+00 0.00000E+00 0.00000E+00 0.00000E+00
 1.93567E-05 1.93567E-05 1.93567E-05 1.93567E-05 1.93567E-05 1.93567E-05 1.93567E-05 1.93567E-05
 1.93567E-05 1.93567E-05 1.93567E-05 1.93567E-05 1.93567E-05 1.93567E-05 1.93567E-05 1.93567E-05
 1.89870E-05 1.82416E-05 1.72794E-05 1.60787E-05 1.48223E-05 1.36050E-05 1.23920E-05 1.12347E-05
 1.01274E-05 1.00000E-05 1.00000E-05 1.00000E-05 1.00000E-05 1.00000E-05 1.00000E-05 1.00000E-05
 1.00000E-05 1.00000E-05 1.00000E-05 1.00000E-05 1.00000E-05 1.00000E-05 1.00000E-05 1.00000E-05
 1.00000E-05 1.00000E-05 1.00000E-05 1.00000E-05 1.00000E-05 1.00000E-05 1.00000E-05 1.00000E-05
 1.00000E-05 1.00000E-05 1.00000E-05 1.00000E-05 1.00000E-05 1.00000E-05 1.00000E-05 1.00000E-05
 1.00000E-05 1.00000E-05 1.00000E-05 1.00000E-05 1.00000E-05 1.00000E-05 1.00000E-05 1.00000E-05
 1.00000E-05 1.00000E-05 1.00000E-05 1.00000E-05 1.00000E-05 1.00000E-05 1.00000E-05 1.00000E-05
 1.00000E-05 1.00000E-05 1.00000E-05 1.00000E-05 1.00000E-05 1.00000E-05 1.00000E-05 1.00000E-05
 1.00000E-05 1.00000E-05 1.00000E-05 1.00000E-05 1.00000E-05 1.00000E-05 1.00000E-05 1.00000E-05
 1.00000E-05 1.00000E-05 1.00000E-05 1.00000E-05 1.00000E-05 1.00000E-05 1.00000E-05 1.00000E-05
 1.00000E-05 1.00000E-05 1.00000E-05 1.00000E-05 0.00000E+00 0.00000E+00 0.00000E+00 0.00000E+00
 0.00000E+00 0.00000E+00 0.00000E+00 0.00000E+00 0.00000E+00 0.00000E+00 0.00000E+00 0.00000E+00
 0.00000E+00 0.00000E+00 0.00000E+00 0.00000E+00 0.00000E+00 0.00000E+00 0.00000E+00 0.00000E+00
 0.00000E+00 0.00000E+00 0.00000E+00 0.00000E+00 0.00000E+00 0.00000E+00 0.00000E+00 0.00000E+00
 0.00000E+00 0.00000E+00 0.00000E+00 0.00000E+00 0.00000E+00 0.00000E+00 0.00000E+00 0.00000E+00
 0.00000E+00 0.00000E+00 0.00000E+00 0.00000E+00 0.00000E+00 0.00000E+00 0.00000E+00 0.00000E+00
 0.00000E+00 0.00000E+00 0.00000E+00 0.00000E+00 0.00000E+00 0.00000E+00 0.00000E+00 0.00000E+00
 0.00000E+00 0.00000E+00 0.00000E+00 0.00000E+00 0.00000E+00 0.00000E+00 0.00000E+00 0.00000E+00
 0.00000E+00 0.00000E+00 0.00000E+00 0.00000E+00 0.00000E+00 0.00000E+00 0.00000E+00 0.00000E+00
 0.00000E+00 0.00000E+00 0.00000E+00 0.00000E+00 0.00000E+00 0.00000E+00 0.00000E+00 0.00000E+00
 0.00000E+00 0.00000E+00 0.00000E+00 0.00000E+00 0.00000E+00 0.00000E+00 0.00000E+00 0.00000E+00
 0.00000E+00 0.00000E+00 0.00000E+00 0.00000E+00 0.00000E+00 0.00000E+00 0.00000E+00 0.00000E+00
 0.00000E+00 0.00000E+00 0.00000E+00 0.00000E+00 0.00000E+00 0.00000E+00 0.00000E+00 0.00000E+00
 0.00000E+00 0.00000E+00 0.00000E+00 0.00000E+00 0.00000E+00 0.00000E+00 0.00000E+00 0.00000E+00
 0.00000E+00 0.00000E+00 0.00000E+00 0.00000E+00 0.00000E+00 0.00000E+00 0.00000E+00 0.00000E+00
 0.00000E+00 0.00000E+00 0.00000E+00 0.00000E+00 0.00000E+00 0.00000E+00 0.00000E+00 0.00000E+00
 0.00000E+00 0.00000E+00 0.00000E+00 0.00000E+00 0.00000E+00 0.00000E+00 0.00000E+00 0.00000E+00
 0.00000E+00 0.00000E+00 0.00000E+00 0.00000E+00 0.00000E+00 0.00000E+00 0.00000E+00 0.00000E+00
 0.00000E+00 0.00000E+00 0.00000E+00 0.00000E+00 0.00000E+00 0.00000E+00 0.00000E+00 0.00000E+00
 0.00000E+00 0.00000E+00 0.00000E+00 0.00000E+00 0.00000E+00 0.00000E+00 0.00000E+00 0.00000E+00
 0.00000E+00 0.00000E+00 0.00000E+00 0.00000E+00 0.00000E+00 0.00000E+00 0.00000E+00 0.00000E+00
 0.00000E+00 0.00000E+00 0.00000E+00 0.00000E+00 0.00000E+00 0.00000E+00 0.00000E+00 0.00000E+00
 0.00000E+00 0.00000E+00 0.00000E+00 0.00000E+00 0.00000E+00 0.00000E+00 0.00000E+00 0.00000E+00
 0.00000E+00 0.00000E+00 0.00000E+00 0.00000E+00 0.00000E+00 0.00000E+00 0.00000E+00 0.00000E+00
 0.00000E+00 0.00000E+00 0.00000E+00 0.00000E+00 0.00000E+00 0.00000E+00 0.00000E+00 0.00000E+00
 0.00000E+00 0.00000E+00 0.00000E+00 0.00000E+00
