 3.53301E-11 1.22302E-14 1.12652E-02 2.93717E-13 1.66881E-11 6.48921E-10 2.70897E-10 2.46653E-17
 8.57941E-09 1.57430E-07 2.51962E-08 9.83096E-11 2.90235E-12 6.50690E-10 1.67156E-12 1.51662E-12
 3.63438E-14 9.85756E-12 5.12331E-14 6.03162E-16 4.70900E-19 8.02754E-23 8.66185E-11 1.40041E-13
 1.92520E-16 1.21963E-14 9.55254E-12 9.99591E-15 3.59580E-13 5.55844E-16 1.54200E-15 1.00393E-11
 3.44209E-12 1.50321E-14 3.83237E-11 2.77079E-14 7.24381E-03 5.22753E-13 1.75379E-11 5.47855E-10
 4.74346E-10 3.14143E-17 8.87047E-09 1.51063E-07 1.61655E-08 7.77300E-11 3.28659E-12 6.05456E-10
 2.09932E-12 1.82021E-12 7.30682E-14 1.48059E-11 1.41393E-13 1.51963E-15 2.32343E-18 6.48730E-22
 7.12643E-11 2.77609E-13 4.80504E-16 2.57288E-14 1.44539E-11 1.91531E-14 2.45510E-13 4.53691E-16
 3.60697E-15 1.21767E-11 6.75487E-12 1.14174E-14 3.72242E-11 6.16139E-14 4.50299E-03 8.81818E-13
 1.72117E-11 3.97042E-10 8.34742E-10 3.77271E-17 9.10049E-09 1.44843E-07 9.89380E-09 5.02665E-11
 3.22735E-12 5.59590E-10 2.71983E-12 2.11749E-12 1.43322E-13 2.09183E-11 3.57559E-13 3.52804E-15
 1.04777E-17 9.01821E-21 5.73287E-11 6.56696E-13 1.14940E-15 7.01024E-14 2.02433E-11 4.61680E-14
 1.66906E-13 3.25578E-16 5.64216E-15 1.11238E-11 9.88506E-12 8.00580E-15 3.33313E-11 1.31878E-13
 2.58793E-03 1.36393E-12 1.57227E-11 2.56154E-10 1.43562E-09 4.30113E-17 9.27423E-09 1.38979E-07
 5.96821E-09 2.87762E-11 2.85225E-12 5.13928E-10 3.57361E-12 2.37528E-12 2.60525E-13 2.67982E-11
 7.73275E-13 7.00954E-15 4.15619E-17 1.33280E-19 4.52814E-11 1.48572E-12 2.38982E-15 1.93857E-13
 2.52522E-11 1.11097E-13 1.25946E-13 2.36261E-16 7.70287E-15 9.41840E-12 1.22923E-11 6.02336E-15
 3.02412E-11 2.57671E-13 1.73334E-03 2.09636E-12 1.52150E-11 1.73127E-10 2.20141E-09 5.78933E-17
 9.40677E-09 1.33625E-07 3.70666E-09 1.72350E-11 2.56832E-12 4.69058E-10 4.32448E-12 2.59858E-12
 4.22568E-13 3.23151E-11 1.16028E-12 1.25067E-14 1.21253E-16 1.13544E-18 3.52620E-11 2.97067E-12
 4.47791E-15 4.54706E-13 2.87239E-11 2.21277E-13 1.02911E-13 1.94690E-16 9.42884E-15 7.93489E-12
 1.43537E-11 4.71289E-15 2.61244E-11 4.95082E-13 1.04214E-03 2.92337E-12 1.46576E-11 1.26068E-10
 3.38856E-09 7.95546E-17 9.51809E-09 1.29029E-07 2.49780E-09 1.07062E-11 2.17821E-12 4.25575E-10
 5.09482E-12 2.84756E-12 6.11001E-13 3.65781E-11 1.57270E-12 1.97073E-14 3.44167E-16 8.30247E-18
 2.74484E-11 5.22136E-12 7.18390E-15 9.17393E-13 3.00756E-11 3.92475E-13 9.14074E-14 1.60279E-16
 1.20314E-14 7.12323E-12 1.61937E-11 3.99979E-15 2.15218E-11 9.23558E-13 5.55006E-04 3.67408E-12
 1.38661E-11 9.77374E-11 5.14891E-09 1.04881E-16 9.62578E-09 1.25352E-07 1.88339E-09 6.90777E-12
 1.75099E-12 3.84335E-10 5.96503E-12 3.15140E-12 7.98601E-13 3.89747E-11 1.77262E-12 2.75084E-14
 9.45325E-16 5.17127E-17 2.17381E-11 7.89660E-12 9.99032E-15 1.57389E-12 2.96001E-11 6.16565E-13
 8.82876E-14 1.33963E-16 1.65421E-14 6.99064E-12 1.79503E-11 3.67849E-15 1.74907E-11 1.65000E-12
 2.85590E-04 4.33728E-12 1.29673E-11 7.83562E-11 7.45759E-09 1.33376E-16 9.74025E-09 1.22580E-07
 1.61439E-09 4.62424E-12 1.38796E-12 3.46174E-10 6.97222E-12 3.49095E-12 9.75768E-13 3.95839E-11
 1.68885E-12 3.48974E-14 2.22813E-15 2.50185E-16 1.77686E-11 1.03552E-11 1.27512E-14 2.33967E-12
 2.82613E-11 8.47210E-13 9.03703E-14 1.18186E-16 2.36475E-14 7.36066E-12 1.96193E-11 3.54970E-15
 1.40665E-11 2.87018E-12 1.41570E-04 4.98173E-12 1.21434E-11 6.38410E-11 1.04213E-08 1.70787E-16
 9.86658E-09 1.20623E-07 1.60120E-09 3.15427E-12 1.08875E-12 3.11917E-10 8.13828E-12 3.84467E-12
 1.15420E-12 3.87935E-11 1.50388E-12 4.17921E-14 4.36780E-15 9.88577E-16 1.51743E-11 1.21746E-11
 1.54646E-14 3.10939E-12 2.68317E-11 1.04165E-12 9.55264E-14 1.09023E-16 3.40491E-14 8.07497E-12
 2.05951E-11 3.46402E-15 9.39620E-12 4.70349E-12 3.84852E-05 4.36169E-12 8.42829E-12 3.93770E-11
 1.47423E-08 1.34344E-16 1.00143E-08 1.19316E-07 1.88349E-09 1.75953E-12 6.81892E-13 2.81090E-10
 1.13338E-11 4.47761E-12 1.31560E-12 3.45845E-11 1.27351E-12 4.57556E-14 8.16778E-15 6.19469E-15
 1.36236E-11 1.09429E-11 1.80872E-14 3.81899E-12 2.77751E-11 1.37257E-12 1.13088E-13 9.61150E-17
 5.85506E-14 9.25905E-12 1.81299E-11 3.68648E-15 5.08141E-12 7.26331E-12 5.43167E-06 2.60479E-12
 3.78582E-12 1.47433E-11 2.06594E-08 6.15902E-17 1.02306E-08 1.18050E-07 2.65988E-09 7.19614E-13
 3.18425E-13 2.46915E-10 1.83496E-11 5.40970E-12 1.25210E-12 2.51903E-11 9.03142E-13 4.63715E-14
 1.10613E-14 2.15543E-14 1.24139E-11 6.19518E-12 2.10120E-14 4.08842E-12 3.25282E-11 1.77012E-12
 3.05204E-15 1.72632E-18 2.28389E-14 2.14894E-12 6.66785E-12 8.75721E-17 4.89936E-12 1.28706E-11
 3.64132E-06 3.03437E-12 3.85633E-12 1.09534E-11 2.38101E-08 1.08820E-16 1.06734E-08 1.15761E-07
 3.72146E-09 5.98056E-13 3.16556E-13 1.99036E-10 2.11172E-11 5.41107E-12 1.32247E-12 2.08678E-11
 6.84838E-13 4.44164E-14 8.50630E-15 1.72537E-14 1.06428E-11 5.43436E-12 2.57594E-14 4.27890E-12
 3.53371E-11 1.30650E-12 4.15871E-17 2.47741E-20 3.88667E-15 3.24324E-13 1.44237E-12 9.55639E-19
 4.88420E-12 1.83439E-11 3.46697E-06 3.97375E-12 4.58284E-12 1.18013E-11 2.20223E-08 2.13014E-16
 1.16543E-08 1.11385E-07 4.74198E-09 5.70412E-13 3.31518E-13 1.37123E-10 2.13719E-11 4.78089E-12
 1.37905E-12 1.73694E-11 5.07724E-13 3.81609E-14 5.09923E-15 1.42375E-14 8.07716E-12 5.73340E-12
 3.61621E-14 4.57047E-12 3.77534E-11 8.60586E-13 2.55814E-19 2.07199E-22 3.64721E-16 2.59855E-14
 1.64158E-13 5.32896E-21 4.70099E-12 2.34463E-11 3.09116E-06 4.89248E-12 5.29967E-12 1.24733E-11
 1.85380E-08 3.71338E-16 1.36212E-08 1.04279E-07 5.78136E-09 5.44589E-13 3.37610E-13 7.74641E-11
 2.01804E-11 3.84044E-12 1.25892E-12 1.26694E-11 3.44376E-13 2.79783E-14 2.38729E-15 1.07966E-14
 5.24034E-12 5.67918E-12 5.02145E-14 4.68203E-12 4.08870E-11 4.98887E-13 8.20524E-22 1.03296E-24
 2.13501E-17 1.26428E-15 1.03933E-14 1.90945E-23 4.34849E-12 3.01727E-11 2.42378E-06 5.56090E-12
 5.80131E-12 1.21273E-11 1.60157E-08 5.95482E-16 1.69586E-08 9.51418E-08 7.23495E-09 5.13255E-13
 3.34554E-13 3.72126E-11 1.73476E-11 2.76611E-12 9.63466E-13 7.80940E-12 2.06406E-13 1.80380E-14
 8.89045E-16 7.75907E-15 2.99809E-12 5.20377E-12 6.57023E-14 4.66342E-12 4.38573E-11 2.54745E-13
 1.73296E-24 7.56131E-27 9.71297E-19 4.79045E-17 4.36141E-16 1.65450E-25 2.71116E-12 3.73342E-11
 1.45403E-06 5.19450E-12 5.24492E-12 1.03308E-11 1.65182E-08 6.92758E-16 2.17279E-08 8.57543E-08
 9.72164E-09 3.60952E-13 2.16871E-13 1.72482E-11 1.31822E-11 1.90308E-12 6.22958E-13 4.51308E-12
 1.21631E-13 1.32051E-14 4.00115E-16 9.49004E-15 1.69721E-12 5.46480E-12 8.50401E-14 5.18299E-12
 4.44318E-11 1.76810E-13 3.35641E-27 1.92571E-28 4.79003E-20 1.72239E-18 1.42306E-17 5.27695E-27
 2.48064E-12 4.45677E-11 1.46726E-06 6.60485E-12 6.35112E-12 1.18764E-11 1.33367E-08 1.19760E-15
 2.79842E-08 7.59070E-08 1.06993E-08 3.31881E-13 2.08135E-13 8.35025E-12 9.50619E-12 1.18985E-12
 4.40479E-13 2.67745E-12 6.64588E-14 7.25169E-15 1.10478E-16 6.59875E-15 8.94118E-13 5.46764E-12
 1.16381E-13 5.12720E-12 4.53601E-11 7.76830E-14 2.77441E-29 1.03388E-29 1.71201E-21 5.54959E-20
 4.24654E-19 2.15356E-28 2.23451E-12 5.18980E-11 1.47840E-06 8.36306E-12 7.64668E-12 1.36541E-11
 1.06625E-08 2.02374E-15 3.58762E-08 6.62613E-08 1.14412E-08 2.93367E-13 1.92095E-13 4.42645E-12
 6.84113E-12 7.43930E-13 3.08367E-13 1.59298E-12 3.62294E-14 3.89504E-15 2.99651E-17 4.36219E-15
 4.46638E-13 5.30459E-12 1.57179E-13 4.93246E-12 4.61719E-11 3.33886E-14 1.23827E-30 5.53558E-31
 5.89854E-23 1.78326E-21 1.49703E-20 8.61219E-30 1.98694E-12 5.96511E-11 1.48628E-06 1.05404E-11
 9.19914E-12 1.57546E-11 8.51156E-09 3.38811E-15 4.54876E-08 5.73606E-08 1.21466E-08 2.53232E-13
 1.72449E-13 2.58073E-12 5.04157E-12 4.78804E-13 2.19144E-13 9.75622E-13 2.03560E-14 2.13206E-15
 8.55714E-18 2.74129E-15 2.16025E-13 5.01540E-12 2.08124E-13 4.61706E-12 4.69766E-11 1.44440E-14
 2.27310E-31 1.05491E-31 7.21793E-24 2.09875E-22 5.60264E-21 1.23091E-30 1.75112E-12 6.78036E-11
 1.49022E-06 1.32212E-11 1.10794E-11 1.82693E-11 6.77732E-09 5.63646E-15 5.68189E-08 4.95532E-08
 1.28783E-08 2.15929E-13 1.52055E-13 1.61208E-12 3.85582E-12 3.22487E-13 1.60152E-13 6.24028E-13
 1.19933E-14 1.21571E-15 2.66903E-18 1.62727E-15 1.03362E-13 4.61624E-12 2.68428E-13 4.19433E-12
 4.78593E-11 6.36868E-15 3.04421E-31 1.43543E-31 6.35309E-24 1.81248E-22 5.63106E-21 1.27071E-30
 1.53645E-12 7.63367E-11 1.49003E-06 1.65021E-11 1.33669E-11 2.12904E-11 5.37936E-09 9.33234E-15
 6.97702E-08 4.29880E-08 1.36851E-08 1.83380E-13 1.32702E-13 1.04985E-12 3.07451E-12 2.29265E-13
 1.20884E-13 4.19696E-13 7.47260E-15 7.31208E-16 9.27344E-19 9.06377E-16 5.00429E-14 4.12512E-12
 3.35492E-13 3.68719E-12 4.88467E-11 2.87582E-15 4.90358E-31 2.32364E-31 6.73181E-24 1.91200E-22
 5.61957E-21 1.58361E-30 1.34488E-12 8.52722E-11 1.48586E-06 2.04873E-11 1.61500E-11 2.49145E-11
 4.25666E-09 1.53926E-14 8.44290E-08 3.75448E-08 1.46209E-08 1.55728E-13 1.15088E-13 6.98120E-13
 2.54433E-12 1.72089E-13 9.37780E-14 2.96348E-13 4.92235E-15 4.65239E-16 3.59596E-19 4.72662E-16
 2.47625E-14 3.57422E-12 4.05557E-13 3.13428E-12 4.99061E-11 1.32828E-15 7.80984E-31 3.70102E-31
 7.12947E-24 2.03664E-22 5.60550E-21 1.97607E-30 1.17643E-12 9.47759E-11 1.47796E-06 2.52846E-11
 1.95174E-11 2.92247E-11 3.36342E-09 2.53066E-14 1.00914E-07 3.30513E-08 1.57417E-08 1.32549E-13
 9.94979E-14 4.69453E-13 2.17322E-12 1.36082E-13 7.43241E-14 2.18839E-13 3.41665E-15 3.12939E-16
 1.55029E-19 2.31236E-16 1.26053E-14 3.00228E-12 4.74408E-13 2.57946E-12 5.09753E-11 6.26571E-16
 1.22247E-30 5.77395E-31 7.54866E-24 2.18180E-22 5.58930E-21 2.46671E-30 1.03011E-12 1.05210E-10
 1.46655E-06 3.10002E-11 2.35479E-11 3.42697E-11 2.66158E-09 4.14803E-14 1.19346E-07 2.93334E-08
 1.71036E-08 1.13258E-13 8.59990E-14 3.18405E-13 1.90650E-12 1.12838E-13 5.98584E-14 1.67974E-13
 2.48339E-15 2.21598E-16 7.35944E-20 1.06840E-16 6.63423E-15 2.44835E-12 5.38431E-13 2.06252E-12
 5.19867E-11 3.01366E-16 1.87624E-30 8.81913E-31 8.02814E-24 2.35316E-22 5.57037E-21 3.09045E-30
 9.03653E-13 1.17139E-10 1.45174E-06 3.77311E-11 2.82996E-11 4.00428E-11 2.11678E-09 6.77634E-14
 1.39953E-07 2.62171E-08 1.87614E-08 9.71859E-14 7.44648E-14 2.17732E-13 1.70980E-12 9.73283E-14
 4.87371E-14 1.32787E-13 1.87178E-15 1.63753E-16 3.78066E-20 4.71250E-17 3.61422E-15 1.94443E-12
 5.95477E-13 1.61113E-12 5.28861E-11 1.47367E-16 2.81548E-30 1.31784E-30 8.61286E-24 2.55816E-22
 5.54793E-21 3.89658E-30 7.94284E-13 1.31295E-10 1.43353E-06 4.55612E-11 3.38010E-11 4.64653E-11
 1.69748E-09 1.10232E-13 1.63042E-07 2.35525E-08 2.07655E-08 8.37025E-14 6.46662E-14 1.50189E-13
 1.56137E-12 8.64770E-14 3.99462E-14 1.06961E-13 1.44619E-15 1.24833E-16 2.05656E-20 2.00981E-17
 2.03623E-15 1.51005E-12 6.45007E-13 1.23747E-12 5.36442E-11 7.29959E-17 4.12003E-30 1.92554E-30
 9.35392E-24 2.80591E-22 5.52101E-21 4.95375E-30 6.98960E-13 1.48554E-10 1.41175E-06 5.45556E-11
 4.00476E-11 5.33853E-11 1.37581E-09 1.78338E-13 1.89026E-07 2.12148E-08 2.31645E-08 7.22461E-14
 5.63176E-14 1.04496E-13 1.44697E-12 7.83706E-14 3.28420E-14 8.68811E-14 1.13254E-15 9.69868E-17
 1.15851E-20 8.39322E-18 1.18292E-15 1.15178E-12 6.87708E-13 9.40526E-13 5.42555E-11 3.64900E-17
 5.87071E-30 2.75168E-30 1.03119E-23 3.10767E-22 5.48839E-21 6.35819E-30 6.15315E-13 1.69917E-10
 1.38632E-06 6.47671E-11 4.70037E-11 6.05868E-11 1.12837E-09 2.86586E-13 2.18149E-07 1.91220E-08
 2.59971E-08 6.23974E-14 4.91703E-14 7.34813E-14 1.35787E-12 7.18784E-14 2.70291E-14 7.06001E-14
 8.91051E-16 7.60402E-17 6.63920E-21 3.47026E-18 7.09171E-16 8.66406E-13 7.24973E-13 7.11297E-13
 5.47311E-11 1.83644E-17 8.14223E-30 3.84939E-30 1.15564E-23 3.47625E-22 5.44874E-21 8.24171E-30
 5.40896E-13 1.96534E-10 1.35703E-06 7.62275E-11 5.46092E-11 6.78163E-11 9.36547E-10 4.56964E-13
 2.50762E-07 1.72003E-08 2.93050E-08 5.37899E-14 4.29601E-14 5.22655E-14 1.28749E-12 6.62946E-14
 2.22239E-14 5.70360E-14 6.99499E-16 5.96796E-17 3.81576E-21 1.43265E-18 4.38556E-16 6.44982E-13
 7.58347E-13 5.37554E-13 5.50908E-11 9.28483E-18 1.10018E-29 5.28047E-30 1.31757E-23 3.92708E-22
 5.40040E-21 1.07878E-29 4.73731E-13 2.29757E-10 1.32326E-06 8.89179E-11 6.27907E-11 7.48238E-11
 7.86155E-10 7.22443E-13 2.87647E-07 1.53690E-08 3.31720E-08 4.60861E-14 3.74001E-14 3.74920E-14
 1.23025E-12 6.11724E-14 1.82084E-14 4.55709E-14 5.45141E-16 4.65781E-17 2.17410E-21 5.93629E-19
 2.78122E-16 4.76286E-13 7.88919E-13 4.07020E-13 5.53572E-11 4.70363E-18 1.45220E-29 7.12319E-30
 1.52961E-23 4.48145E-22 5.34110E-21 1.42650E-29 4.17811E-13 2.71141E-10 1.28479E-06 1.02802E-10
 7.14959E-11 8.14348E-11 6.66502E-10 1.13252E-12 3.29099E-07 1.35879E-08 3.77301E-08 3.91049E-14
 3.23110E-14 2.71525E-14 1.18305E-12 5.63401E-14 1.48495E-14 3.59363E-14 4.21071E-16 3.60425E-17
 1.22201E-21 2.47418E-19 1.80946E-16 3.49466E-13 8.17190E-13 3.09104E-13 5.55511E-11 2.38468E-18
 1.87897E-29 9.47707E-30 1.80730E-23 5.16260E-22 5.26834E-21 1.90511E-29 3.93282E-13 3.22540E-10
 1.24160E-06 1.17848E-10 8.07834E-11 8.77175E-11 5.69814E-10 1.76354E-12 3.75196E-07 1.18314E-08
 4.32920E-08 3.27441E-14 2.75569E-14 1.99051E-14 1.14360E-12 5.17882E-14 1.20483E-14 2.79862E-14
 3.22941E-16 2.76579E-17 6.78018E-22 1.03559E-19 1.21027E-16 2.55092E-13 8.42405E-13 2.35251E-13
 5.56914E-11 1.20892E-18 2.39504E-29 1.24761E-29 2.16867E-23 5.99377E-22 5.17965E-21 2.56852E-29
 4.51857E-13 3.86465E-10 1.19303E-06 1.34087E-10 9.09852E-11 9.42418E-11 4.90835E-10 2.74159E-12
 4.26671E-07 1.00607E-08 5.06628E-08 2.68980E-14 2.29831E-14 1.47702E-14 1.10933E-12 4.76044E-14
 9.72044E-15 2.15897E-14 2.47402E-16 2.11213E-17 3.73546E-22 4.32559E-20 8.28871E-17 1.85478E-13
 8.61657E-13 1.78868E-13 5.57952E-11 6.12089E-19 3.03266E-29 1.63225E-29 2.63392E-23 6.99941E-22
 5.07233E-21 3.49862E-29 6.76505E-13 4.66621E-10 1.13865E-06 1.51883E-10 1.02914E-10 1.02315E-10
 4.26142E-10 4.29597E-12 4.83941E-07 8.27311E-09 6.14284E-08 2.15437E-14 1.85411E-14 1.11418E-14
 1.07847E-12 4.39924E-14 7.81339E-15 1.66355E-14 1.91482E-16 1.62071E-17 2.07511E-22 1.78833E-20
 5.79982E-17 1.34776E-13 8.70757E-13 1.35308E-13 5.58772E-11 3.09886E-19 3.85301E-29 2.13045E-29
 3.21335E-23 8.18857E-22 4.94538E-21 4.81275E-29 1.12606E-12 5.68944E-10 1.07841E-06 1.72164E-10
 1.17883E-10 1.13882E-10 3.73637E-10 6.86909E-12 5.46979E-07 6.51488E-09 7.81496E-08 1.67150E-14
 1.43185E-14 8.62427E-15 1.04991E-12 4.11298E-14 6.28569E-15 1.29474E-14 1.51586E-16 1.26628E-17
 1.18554E-22 7.29406E-21 4.14411E-17 9.85151E-14 8.67152E-13 1.01669E-13 5.59474E-11 1.57596E-19
 4.95153E-29 2.77908E-29 3.89612E-23 9.54749E-22 4.80030E-21 6.66894E-29 1.74101E-12 7.03055E-10
 1.01240E-06 1.96306E-10 1.37295E-10 1.30827E-10 3.31970E-10 1.13068E-11 6.15525E-07 4.87142E-09
 1.04201E-07 1.24623E-14 1.05039E-14 6.93278E-15 1.02305E-12 3.89779E-14 5.08565E-15 1.02491E-14
 1.23217E-16 1.01642E-17 7.04251E-23 2.96023E-21 3.02276E-17 7.30299E-14 8.53419E-13 7.62053E-14
 5.60085E-11 8.09999E-20 6.43457E-29 3.61432E-29 4.65525E-23 1.10530E-21 4.63966E-21 9.26521E-29
 2.32286E-12 8.83407E-10 9.41169E-07 2.25622E-10 1.61874E-10 1.53790E-10 2.99791E-10 1.91424E-11
 6.88824E-07 3.44766E-09 1.43187E-07 8.86440E-15 7.31033E-15 5.85430E-15 9.97893E-13 3.72088E-14
 4.14773E-15 8.21886E-15 1.01694E-16 8.36048E-18 4.31166E-23 1.21742E-21 2.25441E-17 5.51631E-14
 8.37065E-13 5.75013E-14 5.60576E-11 4.21938E-20 8.35232E-29 4.65276E-29 5.47246E-23 1.26936E-21
 4.46484E-21 1.28254E-28 2.64718E-12 1.13001E-09 8.64690E-07 2.60325E-10 1.91099E-10 1.81349E-10
 2.75396E-10 3.29772E-11 7.66787E-07 2.30610E-09 1.99350E-07 5.97289E-15 4.82846E-15 5.20779E-15
 9.74330E-13 3.53209E-14 3.39646E-15 6.56913E-15 8.33713E-17 6.93968E-18 2.64436E-23 5.13953E-22
 1.71776E-17 4.22692E-14 8.24694E-13 4.39610E-14 5.60924E-11 2.21336E-20 1.06565E-28 5.88947E-29
 6.38538E-23 1.45103E-21 4.27135E-21 1.76471E-28 2.61665E-12 1.46861E-09 7.82956E-07 2.98931E-10
 2.23289E-10 2.10251E-10 2.56745E-10 5.69920E-11 8.49395E-07 1.46025E-09 2.79138E-07 3.80524E-15
 3.03384E-15 4.85205E-15 9.52166E-13 3.29028E-14 2.76840E-15 5.12531E-15 6.64822E-17 5.69926E-18
 1.57140E-23 2.22285E-22 1.33620E-17 3.24537E-14 8.18231E-13 3.40190E-14 5.61144E-11 1.15288E-20
 1.32204E-28 7.31408E-29 7.49775E-23 1.65856E-21 4.04991E-21 2.41862E-28 2.30687E-12 1.93193E-09
 6.96949E-07 3.38320E-10 2.56291E-10 2.36710E-10 2.41889E-10 9.77276E-11 9.35734E-07 8.83111E-10
 3.94297E-07 2.31265E-15 1.82877E-15 4.68109E-15 9.31161E-13 2.98137E-14 2.22414E-15 3.83577E-15
 5.09281E-17 4.56186E-18 8.83111E-24 9.70715E-23 1.06293E-17 2.46064E-14 8.15193E-13 2.64529E-14
 5.61284E-11 5.86894E-21 1.59079E-28 8.93038E-29 8.96030E-23 1.89969E-21 3.79127E-21 3.31410E-28
 1.86444E-12 2.56590E-09 6.07437E-07 3.73516E-10 2.88088E-10 2.57799E-10 2.29595E-10 1.65460E-10
 1.02516E-06 5.14256E-10 5.69760E-07 1.35737E-15 1.06518E-15 4.61552E-15 9.10677E-13 2.61489E-14
 1.74226E-15 2.71435E-15 3.73145E-17 3.53119E-18 4.63202E-24 4.18302E-23 8.64499E-18 1.81607E-14
 8.09686E-13 2.04328E-14 5.61416E-11 2.87286E-21 1.86477E-28 1.07721E-28 1.09919E-22 2.18020E-21
 3.48746E-21 4.56523E-28 1.41483E-12 3.44188E-09 5.15577E-07 3.98596E-10 3.16737E-10 2.71211E-10
 2.19468E-10 2.76695E-10 1.11665E-06 2.90508E-10 8.54562E-07 7.78447E-16 6.03306E-16 4.60227E-15
 8.90016E-13 2.21128E-14 1.31765E-15 1.79356E-15 2.60723E-17 2.64241E-18 2.25673E-24 1.73684E-23
 7.18197E-18 1.28777E-14 7.96182E-13 1.54921E-14 5.61603E-11 1.33104E-21 2.13690E-28 1.28809E-28
 1.38937E-22 2.49854E-21 3.13703E-21 6.33812E-28 1.03121E-12 4.67733E-09 4.24121E-07 4.09191E-10
 3.39570E-10 2.73639E-10 2.11716E-10 4.58125E-10 1.20756E-06 1.61143E-10 1.33104E-06 4.40390E-16
 3.35751E-16 4.60909E-15 8.68828E-13 1.79194E-14 9.57174E-16 1.09492E-15 1.72037E-17 1.92052E-18
 1.01958E-24 6.84475E-24 6.09585E-18 8.68098E-15 7.74812E-13 1.14430E-14 5.61846E-11 5.75755E-22
 2.38091E-28 1.52527E-28 1.80370E-22 2.83888E-21 2.75212E-21 8.81316E-28 7.35293E-13 6.47933E-09
 3.36671E-07 4.04116E-10 3.52228E-10 2.60017E-10 2.07153E-10 7.51430E-10 1.29436E-06 8.89981E-11
 2.11858E-06 2.45720E-16 1.85466E-16 4.61870E-15 8.46947E-13 1.37628E-14 6.67754E-16 6.10975E-16
 1.04887E-17 1.36026E-18 4.23993E-25 2.55202E-24 5.28370E-18 5.51090E-15 7.53233E-13 8.22077E-15
 5.62070E-11 2.29575E-22 2.53428E-28 1.77738E-28 2.38941E-22 3.17361E-21 2.35567E-21 1.20990E-27
 5.16667E-13 9.24910E-09 2.56003E-07 3.83919E-10 3.48728E-10 2.26036E-10 2.07609E-10 1.21751E-09
 1.37433E-06 4.92202E-11 3.37826E-06 1.32670E-16 1.01466E-16 4.62422E-15 8.23888E-13 9.84923E-15
 4.47061E-16 3.06536E-16 5.71224E-18 9.35452E-19 1.59045E-25 9.01170E-25 4.66184E-18 3.25206E-15
 7.42987E-13 5.74737E-15 5.62161E-11 8.29676E-23 2.50115E-28 2.01249E-28 3.22337E-22 3.47401E-21
 1.96868E-21 1.61446E-27 3.58219E-13 1.38004E-08 1.85001E-07 3.50402E-10 3.23793E-10 1.73486E-10
 2.16082E-10 1.93727E-09 1.44457E-06 2.73198E-11 5.29246E-06 6.70289E-17 5.42623E-17 4.62480E-15
 7.99103E-13 6.43723E-15 2.86636E-16 1.35530E-16 2.66920E-18 6.18239E-19 5.22573E-26 3.04276E-25
 4.17288E-18 1.76137E-15 7.58261E-13 3.92904E-15 5.61978E-11 2.67387E-23 2.19178E-28 2.16396E-28
 4.43248E-22 3.70936E-21 1.60919E-21 2.05936E-27 2.45935E-13 2.17924E-08 1.26998E-07 3.07191E-10
 2.77526E-10 1.14098E-10 2.36613E-10 3.00811E-09 1.50171E-06 1.53511E-11 7.99051E-06 3.06137E-17
 2.79145E-17 4.62269E-15 7.72499E-13 3.78262E-15 1.75913E-16 5.21254E-17 1.03532E-18 3.87148E-19
 1.46288E-26 1.01676E-25 3.78369E-18 8.76988E-16 8.16823E-13 2.67214E-15 5.61348E-11 7.68308E-24
 1.62538E-28 2.14255E-28 6.20134E-22 3.84409E-21 1.29432E-21 2.46729E-27 1.66558E-13 3.68177E-08
 8.29844E-08 2.57165E-10 2.17039E-10 6.30701E-11 2.75885E-10 4.54554E-09 1.54470E-06 8.75773E-12
 1.15468E-05 1.22437E-17 1.35066E-17 4.62168E-15 7.43863E-13 1.97682E-15 1.02682E-16 1.72154E-17
 3.26000E-19 2.25638E-19 3.39794E-27 3.56993E-26 3.46711E-18 4.08606E-16 9.41531E-13 1.86305E-15
 5.60043E-11 1.99717E-24 9.76479E-29 1.89012E-28 8.81451E-22 3.84376E-21 1.03004E-21 2.74042E-27
 1.09812E-13 6.70116E-08 5.18955E-08 2.03897E-10 1.54136E-10 2.91307E-11 3.45151E-10 6.70610E-09
 1.57451E-06 5.06723E-12 1.59657E-05 4.23578E-18 6.08731E-18 4.62595E-15 7.13018E-13 9.20292E-16
 5.65059E-17 4.86403E-18 8.30939E-20 1.20449E-19 6.46831E-28 1.43918E-26 3.20299E-18 1.85035E-16
 1.17285E-12 1.39219E-15 5.57661E-11 4.87133E-25 4.59840E-29 1.44199E-28 1.26130E-21 3.67530E-21
 8.15327E-22 2.78291E-27 6.91051E-14 1.32184E-07 3.14510E-08 1.52517E-10 9.99438E-11 1.13675E-11
 4.65002E-10 9.80411E-09 1.59325E-06 2.98002E-12 2.11289E-05 1.29098E-18 2.60048E-18 4.63914E-15
 6.80199E-13 3.95940E-16 2.91944E-17 1.20982E-18 1.78277E-20 5.94695E-20 1.05373E-28 7.27056E-27
 2.97959E-18 8.53630E-17 1.59719E-12 1.16473E-15 5.53341E-11 1.18756E-25 1.66536E-29 9.28260E-29
 1.77086E-21 3.33065E-21 6.47032E-22 2.53202E-27 3.97936E-14 2.99899E-07 1.86120E-08 1.02549E-10
 5.65115E-11 3.58179E-12 7.12862E-10 1.43993E-08 1.60365E-06 1.78195E-12 2.68643E-05 3.49265E-19
 1.08189E-18 4.66317E-15 6.45641E-13 1.69790E-16 1.34988E-17 2.72476E-19 3.32449E-21 2.88825E-20
 1.65977E-29 4.81094E-27 2.78820E-18 3.92837E-17 2.42285E-12 1.11527E-15 5.44999E-11 3.05713E-26
 4.00039E-30 4.42748E-29 2.37340E-21 2.85309E-21 5.18666E-22 1.91783E-27 1.97232E-14 7.67760E-07
 1.08590E-08 5.79631E-11 2.64606E-11 8.88789E-13 1.24773E-09 1.98562E-08 1.60854E-06 1.08638E-12
 3.29243E-05 8.81146E-20 4.93850E-19 4.69360E-15 6.09831E-13 9.45331E-17 5.23284E-18 6.35538E-20
 6.44193E-22 1.69479E-20 3.83841E-30 3.86089E-27 2.62367E-18 1.66034E-17 3.85353E-12 1.17606E-15
 5.30601E-11 9.72547E-27 5.50462E-31 1.31072E-29 2.82035E-21 2.49802E-21 4.23428E-22 1.06665E-27
 9.03060E-15 1.72134E-06 6.36998E-09 3.26471E-11 1.24570E-11 2.06813E-13 1.98772E-09 2.43684E-08
 1.61065E-06 6.78403E-13 3.90470E-05 2.29289E-20 2.68313E-19 4.71451E-15 5.73607E-13 7.09862E-17
 2.00833E-18 1.82048E-20 1.60587E-22 1.19804E-20 1.43952E-30 2.99593E-27 2.48258E-18 6.90102E-18
 5.66692E-12 1.21901E-15 5.12372E-11 3.86446E-27 6.34186E-32 3.40406E-30 2.84554E-21 2.53880E-21
 3.54120E-22 5.06524E-28 4.33422E-15 3.18317E-06 3.79390E-09 2.01615E-11 6.51004E-12 5.03564E-14
 2.69078E-09 2.75538E-08 1.61151E-06 4.34121E-13 4.51250E-05 6.50487E-21 1.67149E-19 4.71062E-15
 5.37535E-13 5.70160E-17 8.40073E-19 6.21785E-21 4.79810E-23 8.55012E-21 6.04065E-31 2.07903E-27
 2.36096E-18 2.99064E-18 7.60191E-12 1.19455E-15 4.92923E-11 1.63078E-27 8.15312E-33 1.03976E-30
 2.70966E-21 2.72217E-21 3.03174E-22 2.52043E-28 2.25751E-15 5.15413E-06 2.29610E-09 1.33420E-11
 3.69829E-12 1.32760E-14 3.23999E-09 2.97314E-08 1.61180E-06 2.83784E-13 5.11599E-05 2.05103E-21
 1.15386E-19 4.67615E-15 5.01826E-13 4.58571E-17 3.75179E-19 2.34664E-21 1.57772E-23 5.97581E-21
 2.50611E-31 1.31439E-27 2.25484E-18 1.34408E-18 9.56717E-12 1.11721E-15 4.73166E-11 7.00239E-28
 1.29201E-33 3.79978E-31 2.60018E-21 2.86666E-21 2.64493E-22 1.37390E-28 1.25898E-15 7.69087E-06
 1.40969E-09 9.19168E-12 2.21762E-12 3.80326E-15 3.61952E-09 3.12428E-08 1.61181E-06 1.88862E-13
 5.71685E-05 7.21586E-22 8.67171E-20 4.61253E-15 4.66660E-13 3.66359E-17 1.73823E-19 9.30885E-22
 5.46496E-24 4.11030E-21 1.01598E-31 7.75108E-28 2.16129E-18 6.16467E-19 1.15459E-11 1.00912E-15
 4.53268E-11 3.02812E-28 2.50749E-34 1.58419E-31 2.54889E-21 2.94454E-21 2.33981E-22 8.07560E-29
 7.42260E-16 1.08863E-05 8.80439E-10 6.48295E-12 1.37917E-12 1.18071E-15 3.84259E-09 3.23197E-08
 1.61167E-06 1.28131E-13 6.30962E-05 2.83800E-22 7.03330E-20 4.52539E-15 4.32616E-13 2.90973E-17
 8.22225E-20 3.79457E-22 1.95735E-24 2.79790E-21 4.04796E-32 4.32055E-28 2.07907E-18 2.85576E-19
 1.35199E-11 8.86125E-16 4.33412E-11 1.31155E-28 5.70916E-35 7.25655E-32 2.54817E-21 2.96582E-21
 2.09270E-22 5.02081E-29 4.59119E-16 1.48603E-05 5.61620E-10 4.63770E-12 8.80652E-13 3.94370E-16
 3.93079E-09 3.31149E-08 1.61146E-06 8.88365E-14 6.88809E-05 1.24081E-22 6.08880E-20 4.42176E-15
 4.00259E-13 2.30169E-17 3.93847E-20 1.57433E-22 7.18745E-25 1.89219E-21 1.59530E-32 2.29612E-28
 2.00719E-18 1.32895E-19 1.54685E-11 7.59709E-16 4.13804E-11 5.67256E-29 1.46123E-35 3.56198E-32
 2.58660E-21 2.94348E-21 1.88830E-22 3.25428E-29 2.94387E-16 1.98087E-05 3.64872E-10 3.34437E-12
 5.72421E-13 1.39153E-16 3.91774E-09 3.37338E-08 1.61120E-06 6.27479E-14 7.45542E-05 5.90679E-23
 5.53667E-20 4.30642E-15 3.69566E-13 1.81448E-17 1.89810E-20 6.58730E-23 2.68068E-25 1.27348E-21
 6.22917E-33 1.17401E-28 1.94367E-18 6.18064E-20 1.73974E-11 6.38837E-16 3.94387E-11 2.44164E-29
 4.03878E-36 1.83239E-32 2.65254E-21 2.89041E-21 1.71383E-22 2.16917E-29 1.94392E-16 2.59429E-05
 2.40953E-10 2.42365E-12 3.77265E-13 5.11844E-17 3.82542E-09 3.42381E-08 1.61093E-06 4.50534E-14
 8.01227E-05 3.00120E-23 5.21227E-20 4.18313E-15 3.40619E-13 1.42644E-17 9.17691E-21 2.76791E-23
 1.01140E-25 8.53931E-22 2.41418E-33 5.80825E-29 1.88716E-18 2.86812E-20 1.93015E-11 5.28404E-16
 3.75209E-11 1.04520E-29 1.18020E-36 9.77354E-33 2.74014E-21 2.81319E-21 1.56155E-22 1.47684E-29
 1.32370E-16 3.34090E-05 1.62115E-10 1.76308E-12 2.52204E-13 1.95794E-17 3.66184E-09 3.46609E-08
 1.61064E-06 3.29309E-14 8.55273E-05 1.60733E-23 5.02310E-20 4.05591E-15 3.13779E-13 1.11998E-17
 4.45238E-21 1.17019E-23 3.86962E-26 5.71485E-22 9.32664E-34 2.78788E-29 1.83712E-18 1.33123E-20
 2.11532E-11 4.30448E-16 3.56547E-11 4.46251E-30 3.63809E-37 5.40385E-33 2.84883E-21 2.71281E-21
 1.42778E-22 1.02643E-29 9.29026E-17 4.23433E-05 1.11147E-10 1.28613E-12 1.70989E-13 7.76201E-18
 3.43964E-09 3.50246E-08 1.61034E-06 2.44965E-14 9.07432E-05 8.96468E-24 4.91268E-20 3.92728E-15
 2.89163E-13 8.79207E-18 2.16740E-21 4.97720E-24 1.50233E-26 3.82188E-22 3.59984E-34 1.30240E-29
 1.79276E-18 6.18841E-21 2.29362E-11 3.45903E-16 3.38564E-11 1.90481E-30 1.18069E-37 3.09320E-33
 2.97770E-21 2.59048E-21 1.30939E-22 7.27374E-30 6.71541E-17 5.28387E-05 7.76098E-11 9.40203E-13
 1.17580E-13 3.17955E-18 3.17216E-09 3.53437E-08 1.61004E-06 1.85299E-14 9.57565E-05 5.15858E-24
 4.84772E-20 3.79894E-15 2.66787E-13 6.90708E-18 1.05864E-21 2.12890E-24 5.92145E-27 2.55671E-22
 1.39053E-34 5.93966E-30 1.75331E-18 2.88497E-21 2.46390E-11 2.74617E-16 3.21376E-11 8.14840E-31
 4.03065E-38 1.83170E-33 3.12596E-21 2.44724E-21 1.20403E-22 5.25081E-30 5.00891E-17 6.48546E-05
 5.52706E-11 6.88672E-13 8.21101E-14 1.34868E-18 2.87023E-09 3.56259E-08 1.60974E-06 1.42637E-14
 1.00530E-04 3.05126E-24 4.80903E-20 3.67291E-15 2.46722E-13 5.43723E-18 5.19466E-22 9.18384E-25
 2.37717E-27 1.71315E-22 5.39440E-35 2.65041E-30 1.71830E-18 1.35310E-21 2.62437E-11 2.15625E-16
 3.05159E-11 3.50588E-31 1.45330E-38 1.12403E-33 3.29279E-21 2.28402E-21 1.11055E-22 3.86249E-30
 3.84548E-17 7.83785E-05 4.00699E-11 5.05196E-13 5.81853E-14 5.90622E-19 2.55119E-09 3.58790E-08
 1.60943E-06 1.11523E-14 1.05081E-04 1.84510E-24 4.78515E-20 3.54964E-15 2.28776E-13 4.29061E-18
 2.56003E-22 3.99113E-25 9.71049E-28 1.15034E-22 2.10230E-35 1.16059E-30 1.68697E-18 6.38618E-22
 2.77521E-11 1.67703E-16 2.89896E-11 1.51889E-31 5.51726E-39 7.12710E-34 3.47482E-21 2.10436E-21
 1.02718E-22 2.88836E-30 3.02808E-17 9.33847E-05 2.94861E-11 3.71040E-13 4.17938E-14 2.65769E-19
 2.23091E-09 3.61087E-08 1.60912E-06 8.83416E-15 1.09437E-04 1.13473E-24 4.76953E-20 3.42907E-15
 2.12710E-13 3.39437E-18 1.26644E-22 1.74301E-25 4.02798E-28 7.74175E-23 8.22509E-36 5.00063E-31
 1.65859E-18 3.03113E-22 2.91714E-11 1.29378E-16 2.75511E-11 6.62883E-32 2.19437E-39 4.65339E-34
 3.66785E-21 1.91253E-21 9.52379E-23 2.18992E-30 2.44565E-17 1.09662E-04 2.20201E-11 2.72874E-13
 3.04404E-14 1.22961E-19 1.91925E-09 3.63174E-08 1.60879E-06 7.08753E-15 1.13584E-04 7.09111E-25
 4.75856E-20 3.31224E-15 1.98435E-13 2.69397E-18 6.29522E-23 7.66401E-26 1.69948E-28 5.22553E-23
 3.23765E-36 2.12393E-31 1.63285E-18 1.44957E-22 3.04964E-11 9.90882E-17 2.62056E-11 2.91976E-32
 9.14946E-40 3.12795E-34 3.86768E-21 1.71280E-21 8.85517E-23 1.68192E-30 2.02538E-17 1.26939E-04
 1.66868E-11 2.00982E-13 2.24800E-14 5.85113E-20 1.62499E-09 3.65067E-08 1.60846E-06 5.75774E-15
 1.17513E-04 4.49987E-25 4.75016E-20 3.19999E-15 1.85832E-13 2.14608E-18 3.14643E-23 3.39751E-26
 7.29873E-29 3.53938E-23 1.28393E-36 8.90604E-32 1.60945E-18 6.99123E-23 3.17246E-11 7.53958E-17
 2.49556E-11 1.29947E-32 3.99650E-40 2.16256E-34 4.06931E-21 1.51023E-21 8.25993E-23 1.30683E-30
 1.71895E-17 1.44909E-04 1.28314E-11 1.48283E-13 1.68255E-14 2.86343E-20 1.35496E-09 3.66781E-08
 1.60812E-06 4.73556E-15 1.21218E-04 2.89794E-25 4.74310E-20 3.09302E-15 1.74757E-13 1.71661E-18
 1.58214E-23 1.52013E-26 3.19111E-29 2.40648E-23 5.13395E-37 3.69202E-32 1.58814E-18 3.40191E-23
 3.28556E-11 5.70345E-17 2.38011E-11 5.84729E-33 1.82578E-40 1.53551E-34 4.26717E-21 1.31042E-21
 7.73195E-23 1.02568E-30 1.49412E-17 1.63251E-04 1.00143E-11 1.09620E-13 1.27553E-14 1.44082E-20
 1.11363E-09 3.68328E-08 1.60776E-06 3.94324E-15 1.24697E-04 1.89336E-25 4.73667E-20 2.99185E-15
 1.65059E-13 1.37896E-18 8.00745E-24 6.87186E-27 1.42006E-29 1.64275E-23 2.07119E-37 1.51506E-32
 1.56868E-18 1.67029E-23 3.38908E-11 4.29206E-17 2.27410E-11 2.66055E-33 8.70234E-41 1.11787E-34
 4.45570E-21 1.11900E-21 7.26516E-23 8.11913E-31 1.32913E-17 1.81652E-04 7.93693E-12 8.12277E-14
 9.78612E-15 7.45617E-21 9.03093E-10 3.69718E-08 1.60739E-06 3.32486E-15 1.27952E-04 1.25535E-25
 4.73044E-20 2.89687E-15 1.56586E-13 1.11252E-18 4.08088E-24 3.14352E-27 6.42982E-30 1.12593E-23
 8.43400E-38 6.16154E-33 1.55087E-18 8.27534E-24 3.48328E-11 3.21498E-17 2.17723E-11 1.22379E-33
 4.31565E-41 8.32953E-35 4.62976E-21 9.41138E-22 6.85351E-23 6.47251E-31 1.20891E-17 1.99829E-04
 6.39493E-12 6.03645E-14 7.59159E-15 3.98268E-21 7.23511E-10 3.70963E-08 1.60701E-06 2.83989E-15
 1.30986E-04 8.46808E-26 4.72415E-20 2.80829E-15 1.49192E-13 9.01393E-19 2.09705E-24 1.46335E-27
 2.96852E-30 7.74750E-24 3.47628E-38 2.48798E-33 1.53453E-18 4.14760E-24 3.56850E-11 2.39866E-17
 2.08915E-11 5.69035E-34 2.22465E-41 6.34110E-35 4.78448E-21 7.81749E-22 6.49118E-23 5.18885E-31
 1.11387E-17 2.18258E-04 5.20119E-12 4.49731E-14 5.93018E-15 2.16515E-21 5.75027E-10 3.72114E-08
 1.60659E-06 2.44343E-15 1.33919E-04 5.75877E-26 4.71740E-20 2.72291E-15 1.42483E-13 7.32017E-19
 1.08234E-24 6.84812E-28 1.38184E-30 5.34195E-24 1.43612E-38 9.98256E-34 1.51889E-18 2.08541E-24
 3.64825E-11 1.78444E-17 2.00623E-11 2.66009E-34 1.17360E-41 4.89470E-35 4.91862E-21 6.41856E-22
 6.15985E-23 4.16691E-31 1.02995E-17 2.37586E-04 4.23430E-12 3.35789E-14 4.64754E-15 1.17593E-21
 4.55036E-10 3.73220E-08 1.60611E-06 2.10423E-15 1.36879E-04 3.90258E-26 4.70968E-20 2.63729E-15
 1.36106E-13 5.94586E-19 5.58859E-25 3.16674E-28 6.40494E-31 3.68329E-24 5.88107E-39 3.98286E-34
 1.50317E-18 1.04205E-24 3.72590E-11 1.32482E-17 1.92488E-11 1.24345E-34 6.23565E-42 3.80606E-35
 5.03259E-21 5.20678E-22 5.84309E-23 3.34132E-31 9.54469E-18 2.57786E-04 3.44690E-12 2.51497E-14
 3.65385E-15 6.37392E-22 3.58686E-10 3.74282E-08 1.60556E-06 1.81233E-15 1.39875E-04 2.63611E-26
 4.70074E-20 2.55139E-15 1.29995E-13 4.82867E-19 2.89269E-25 1.44935E-28 2.96436E-31 2.53859E-24
 2.39577E-39 1.58354E-34 1.48723E-18 5.19299E-25 3.80155E-11 9.82011E-18 1.84492E-11 5.81446E-35
 3.33989E-42 2.98258E-35 5.12606E-21 4.18279E-22 5.53857E-23 2.67570E-31 8.86502E-18 2.78737E-04
 2.80590E-12 1.89164E-14 2.88228E-15 3.45280E-22 2.81616E-10 3.75291E-08 1.60493E-06 1.56115E-15
 1.42902E-04 1.77781E-26 4.69034E-20 2.46562E-15 1.24114E-13 3.91983E-19 1.50299E-25 6.58848E-29
 1.37347E-31 1.74846E-24 9.73252E-40 6.27741E-35 1.47101E-18 2.58797E-25 3.87485E-11 7.26812E-18
 1.76656E-11 2.72011E-35 1.80735E-42 2.35818E-35 5.20017E-21 3.33278E-22 5.24578E-23 2.14120E-31
 8.25211E-18 3.00326E-04 2.28415E-12 1.43080E-14 2.28141E-15 1.87148E-22 2.20233E-10 3.76240E-08
 1.60420E-06 1.34498E-15 1.45951E-04 1.19871E-26 4.67824E-20 2.38033E-15 1.18418E-13 3.17972E-19
 7.84771E-26 2.98305E-29 6.37678E-32 1.20299E-24 3.94495E-40 2.48149E-35 1.45445E-18 1.29129E-25
 3.94552E-11 5.37156E-18 1.68999E-11 1.27267E-35 9.89468E-43 1.88273E-35 5.25665E-21 2.63635E-22
 4.96407E-23 1.71323E-31 7.69995E-18 3.22457E-04 1.85938E-12 1.09026E-14 1.81187E-15 1.01606E-22
 1.71568E-10 3.77121E-08 1.60334E-06 1.15889E-15 1.49017E-04 8.09274E-27 4.66412E-20 2.29582E-15
 1.12856E-13 2.57627E-19 4.12331E-26 1.34858E-29 2.96760E-32 8.26397E-25 1.59515E-40 9.78325E-36
 1.43748E-18 6.45533E-26 4.01330E-11 3.96439E-18 1.61531E-11 5.95188E-36 5.48538E-43 1.51854E-35
 5.29729E-21 2.07220E-22 4.69269E-23 1.37114E-31 7.22477E-18 3.45044E-04 1.51330E-12 8.39040E-15
 1.44362E-15 5.53411E-23 1.33213E-10 3.77926E-08 1.60236E-06 9.98594E-16 1.52093E-04 5.48542E-27
 4.64768E-20 2.21233E-15 1.07368E-13 2.08355E-19 2.18590E-26 6.10634E-30 1.38700E-32 5.66428E-25
 6.44548E-41 3.85188E-36 1.42000E-18 3.24321E-26 4.07797E-11 2.92300E-18 1.54260E-11 2.78377E-36
 3.08589E-43 1.23757E-35 5.32366E-21 1.62083E-22 4.43083E-23 1.09791E-31 7.03502E-18 3.67944E-04
 1.23183E-12 6.58439E-15 1.16632E-15 3.04440E-23 1.06068E-10 3.78657E-08 1.60125E-06 8.60800E-16
 1.55164E-04 3.76612E-27 4.62857E-20 2.13031E-15 1.01903E-13 1.70265E-19 1.21070E-26 2.80297E-30
 6.71252E-33 4.00321E-25 2.73083E-41 1.62222E-36 1.40196E-18 1.69283E-26 4.13911E-11 2.18966E-18
 1.47209E-11 1.40534E-36 1.79444E-43 1.02635E-35 5.33670E-21 1.26845E-22 4.17835E-23 8.89189E-32
 7.05678E-18 3.90979E-04 1.00410E-12 5.26380E-15 9.53167E-16 1.70024E-23 8.61012E-11 3.79340E-08
 1.60013E-06 7.43019E-16 1.58205E-04 2.62876E-27 4.60643E-20 2.05033E-15 9.65049E-14 1.40223E-19
 6.98212E-27 1.31623E-30 3.37818E-33 2.89873E-25 1.22195E-41 7.22050E-37 1.38336E-18 9.20555E-27
 4.19598E-11 1.65880E-18 1.40436E-11 7.56291E-37 1.07760E-43 8.64803E-36 5.33820E-21 9.92763E-23
 3.93565E-23 7.26887E-32 6.95061E-18 4.14137E-04 8.19873E-13 4.25179E-15 7.72060E-16 9.58311E-24
 6.76172E-11 3.79985E-08 1.59900E-06 6.42361E-16 1.61211E-04 1.84740E-27 4.58074E-20 1.97243E-15
 9.12657E-14 1.13691E-19 3.96534E-27 6.26341E-31 1.67626E-33 2.02122E-25 5.29694E-42 2.98772E-37
 1.36404E-18 4.92772E-27 4.24814E-11 1.23125E-18 1.33959E-11 3.77718E-37 6.48285E-44 7.30971E-36
 5.32988E-21 7.70306E-23 3.70165E-23 5.87856E-32 6.98493E-18 4.37391E-04 6.70739E-13 3.52195E-15
 6.33244E-16 5.46913E-24 5.43445E-11 3.80603E-08 1.59789E-06 5.56329E-16 1.64176E-04 1.31243E-27
 4.55099E-20 1.89663E-15 8.61993E-14 9.31700E-20 2.35572E-27 3.05090E-31 8.50040E-34 1.45297E-25
 2.36848E-42 1.30544E-37 1.34386E-18 2.69626E-27 4.29529E-11 9.25085E-19 1.27780E-11 2.00426E-37
 3.97114E-44 6.27386E-36 5.31163E-21 5.95664E-23 3.47531E-23 4.80509E-32 6.86084E-18 4.60760E-04
 5.50041E-13 2.98043E-15 5.13603E-16 3.13723E-24 4.20695E-11 3.81209E-08 1.59683E-06 4.82829E-16
 1.67096E-04 9.31915E-28 4.51651E-20 1.82291E-15 8.14193E-14 7.51078E-20 1.38701E-27 1.50627E-31
 4.19428E-34 1.00102E-25 1.00852E-42 5.23969E-38 1.32264E-18 1.43157E-27 4.33703E-11 6.79079E-19
 1.21905E-11 9.77159E-38 2.41778E-44 5.39236E-36 5.28397E-21 4.55578E-23 3.25557E-23 3.87695E-32
 6.76524E-18 4.84294E-04 4.52118E-13 2.60366E-15 4.18993E-16 1.81046E-24 3.28191E-11 3.81800E-08
 1.59579E-06 4.19920E-16 1.69971E-04 6.63039E-28 4.47658E-20 1.75110E-15 7.69378E-14 6.08474E-20
 8.48890E-28 7.60053E-32 2.07284E-34 6.98280E-26 4.29647E-43 2.13555E-38 1.30018E-18 7.60302E-28
 4.37312E-11 4.99955E-19 1.16320E-11 4.84351E-38 1.48105E-44 4.68100E-36 5.24640E-21 3.46265E-23
 3.04113E-23 3.14030E-32 6.64994E-18 5.07983E-04 3.72857E-13 2.35103E-15 3.42803E-16 1.05074E-24
 2.56335E-11 3.82417E-08 1.59490E-06 3.66232E-16 1.72790E-04 4.71578E-28 4.43046E-20 1.68129E-15
 7.28334E-14 4.94399E-20 5.39716E-28 3.93883E-32 1.02757E-34 4.89656E-26 1.83863E-43 8.73627E-39
 1.27629E-18 4.03843E-28 4.40307E-11 3.67603E-19 1.11034E-11 2.41596E-38 9.11848E-45 4.09506E-36
 5.19863E-21 2.61474E-23 2.83145E-23 2.54587E-32 6.33537E-18 5.31982E-04 3.08494E-13 2.21304E-15
 2.75893E-16 6.07092E-25 1.90425E-11 3.83038E-08 1.59403E-06 3.20274E-16 1.75559E-04 3.30689E-28
 4.37716E-20 1.61314E-15 6.91920E-14 3.94226E-20 3.42517E-28 2.06902E-32 4.85880E-35 3.24845E-26
 7.29142E-44 3.17519E-39 1.25067E-18 2.03383E-28 4.42659E-11 2.62197E-19 1.06022E-11 1.07579E-38
 5.52326E-45 3.57232E-36 5.14013E-21 1.94651E-23 2.62509E-23 2.02590E-32 5.98266E-18 5.56433E-04
 2.55998E-13 2.16816E-15 2.22296E-16 3.49377E-25 1.41101E-11 3.83612E-08 1.59302E-06 2.80790E-16
 1.78282E-04 2.29355E-28 4.31575E-20 1.54637E-15 6.59722E-14 3.15386E-20 2.26043E-28 1.11018E-32
 2.25674E-35 2.15891E-26 2.81304E-44 1.13884E-39 1.22304E-18 1.00137E-28 4.44337E-11 1.86486E-19
 1.01261E-11 4.70758E-39 3.32912E-45 3.13008E-36 5.06995E-21 1.43663E-23 2.42102E-23 1.61004E-32
 5.62924E-18 5.81417E-04 2.13186E-13 2.20163E-15 1.79279E-16 2.00636E-25 1.04444E-11 3.84140E-08
 1.59182E-06 2.46898E-16 1.80952E-04 1.57733E-28 4.24533E-20 1.48097E-15 6.31574E-14 2.53240E-20
 1.55235E-28 6.12247E-33 1.04274E-35 1.43771E-26 1.07631E-44 4.06927E-40 1.19320E-18 4.88228E-29
 4.45292E-11 1.32427E-19 9.67455E-12 2.05259E-39 2.00610E-45 2.75159E-36 4.98733E-21 1.05435E-23
 2.21915E-23 1.27732E-32 5.27460E-18 6.07038E-04 1.78286E-13 2.30316E-15 1.44691E-16 1.15109E-25
 7.72265E-12 3.84624E-08 1.59040E-06 2.17841E-16 1.83560E-04 1.07624E-28 4.16508E-20 1.41691E-15
 6.07379E-14 2.04175E-20 1.10322E-28 3.47595E-33 4.81173E-36 9.59609E-27 4.11056E-45 1.44796E-40
 1.16094E-18 2.36479E-29 4.45470E-11 9.38551E-20 9.24754E-12 8.92139E-40 1.20900E-45 2.42397E-36
 4.89156E-21 7.70117E-24 2.01968E-23 1.01109E-32 4.88158E-18 6.33483E-04 1.49782E-13 2.49097E-15
 1.15822E-16 6.58262E-26 5.57412E-12 3.85017E-08 1.58855E-06 1.92897E-16 1.86104E-04 7.25380E-29
 4.07409E-20 1.35404E-15 5.87053E-14 1.63600E-20 7.95555E-29 2.01415E-33 2.17251E-36 6.24049E-27
 1.51709E-45 4.85888E-41 1.12605E-18 1.11408E-29 4.44819E-11 6.55182E-20 8.84395E-12 3.68447E-40
 7.22289E-46 2.12875E-36 4.78185E-21 5.58275E-24 1.82283E-23 7.91210E-33 4.48057E-18 6.60958E-04
 1.26424E-13 2.76703E-15 9.21402E-17 3.75161E-26 3.95401E-12 3.85205E-08 1.58584E-06 1.71425E-16
 1.88583E-04 4.82992E-29 3.97172E-20 1.29225E-15 5.70051E-14 1.30610E-20 5.81510E-29 1.18629E-33
 9.59385E-37 3.98094E-27 5.40293E-46 1.55627E-41 1.08839E-18 5.10615E-30 4.43296E-11 4.52352E-20
 8.46260E-12 1.45669E-40 4.27499E-46 1.86237E-36 4.65759E-21 4.02183E-24 1.62932E-23 6.13074E-33
 4.13684E-18 6.89568E-04 1.07309E-13 3.07939E-15 7.39631E-17 2.14298E-26 2.87282E-12 3.85154E-08
 1.58208E-06 1.52983E-16 1.90983E-04 3.20193E-29 3.85786E-20 1.23171E-15 5.55657E-14 1.05817E-20
 4.38017E-29 7.15800E-34 4.29423E-37 2.61820E-27 1.96291E-46 5.23932E-42 1.04800E-18 2.36011E-30
 4.40863E-11 3.16334E-20 8.10422E-12 5.96933E-41 2.53898E-46 1.63185E-36 4.51883E-21 2.89867E-24
 1.44103E-23 4.77468E-33 3.82245E-18 7.19517E-04 9.16762E-14 3.47085E-15 5.91523E-17 1.22853E-26
 2.07169E-12 3.84845E-08 1.57714E-06 1.37155E-16 1.93293E-04 2.11359E-29 3.73242E-20 1.17248E-15
 5.43571E-14 8.56370E-21 3.32957E-29 4.39505E-34 1.92415E-37 1.70392E-27 7.13032E-47 1.73461E-42
 1.00495E-18 1.08763E-30 4.37479E-11 2.20023E-20 7.76895E-12 2.42592E-41 1.50495E-46 1.42320E-36
 4.36565E-21 2.08697E-24 1.25967E-23 3.68913E-33 3.54369E-18 7.50998E-04 7.89045E-14 3.92717E-15
 4.73165E-17 7.08727E-27 1.49856E-12 3.84203E-08 1.57066E-06 1.23579E-16 1.95505E-04 1.39290E-29
 3.59581E-20 1.11469E-15 5.33403E-14 6.95588E-21 2.55629E-29 2.74079E-34 8.66712E-38 1.11180E-27
 2.60570E-47 5.75675E-43 9.59426E-19 5.01965E-31 4.33124E-11 1.53095E-20 7.45698E-12 9.88022E-42
 8.91059E-47 1.23611E-36 4.19873E-21 1.50278E-24 1.08731E-23 2.83814E-33 3.30480E-18 7.84199E-04
 6.85078E-14 4.42561E-15 3.79924E-17 4.13293E-27 1.09849E-12 3.83200E-08 1.56246E-06 1.11957E-16
 1.97607E-04 9.20560E-30 3.44891E-20 1.05854E-15 5.24834E-14 5.69530E-21 1.98615E-29 1.73639E-34
 3.96135E-38 7.36316E-28 9.72641E-48 1.96310E-43 9.11758E-19 2.34193E-31 4.27798E-11 1.07192E-20
 7.16878E-12 4.10939E-42 5.28437E-47 1.07001E-36 4.01929E-21 1.08420E-24 9.26140E-24 2.18147E-33
 3.09071E-18 8.19407E-04 6.00726E-14 5.01411E-15 3.03627E-17 2.44958E-27 7.99523E-13 3.81771E-08
 1.55219E-06 1.02005E-16 1.99594E-04 6.12373E-30 3.29263E-20 1.00411E-15 5.17668E-14 4.65154E-21
 1.54321E-29 1.11129E-34 1.81296E-38 4.81738E-28 3.63004E-48 6.56847E-44 8.62272E-19 1.09171E-31
 4.21501E-11 7.46100E-21 6.90407E-12 1.69184E-42 3.12479E-47 9.19167E-37 3.82859E-21 7.83122E-25
 7.77814E-24 1.66067E-33 2.90633E-18 8.56840E-04 5.32782E-14 5.67015E-15 2.42444E-17 1.49931E-27
 5.83684E-13 3.79811E-08 1.53936E-06 9.34875E-17 2.01461E-04 4.15410E-30 3.12861E-20 9.51592E-16
 5.11668E-14 3.80793E-21 1.20208E-29 7.21416E-35 8.34078E-39 3.15517E-28 1.36068E-48 2.19910E-44
 8.11490E-19 5.10789E-32 4.14271E-11 5.19229E-21 6.66290E-12 6.96059E-43 1.85142E-47 7.84224E-37
 3.62876E-21 5.68883E-25 6.43983E-24 1.25683E-33 2.75738E-18 8.96778E-04 4.78617E-14 6.42689E-15
 1.92595E-17 9.85048E-28 4.23963E-13 3.77191E-08 1.52338E-06 8.61898E-17 2.03205E-04 2.95568E-30
 2.95860E-20 9.01143E-16 5.06627E-14 3.10826E-21 9.35589E-30 4.82971E-35 3.89535E-39 2.04182E-28
 5.13411E-49 7.24923E-45 7.59945E-19 2.43272E-32 4.06155E-11 3.59757E-21 6.44485E-12 2.85398E-43
 1.12202E-47 6.62951E-37 3.42204E-21 4.20664E-25 5.25611E-24 9.41532E-34 2.67014E-18 9.39318E-04
 4.36477E-14 7.09907E-15 1.55216E-17 7.54029E-28 3.23409E-13 3.73925E-08 1.50418E-06 7.99741E-17
 2.04817E-04 2.33405E-30 2.78525E-20 8.53102E-16 5.02345E-14 2.59356E-21 7.52242E-30 3.54586E-35
 2.07819E-39 1.39465E-28 2.23749E-49 2.70712E-45 7.08421E-19 1.34627E-32 3.97254E-11 2.57018E-21
 6.25020E-12 1.33094E-43 7.69485E-48 5.59902E-37 3.21176E-21 3.28625E-25 4.23481E-24 7.12169E-34
 2.85150E+02 2.78650E+02 2.72150E+02 2.65660E+02 2.61170E+02 2.55680E+02 2.49190E+02 2.42700E+02
 2.36210E+02 2.25000E+02 2.10000E+02 2.10000E+02 2.10000E+02 2.10000E+02 2.10000E+02 2.00000E+02
 2.00000E+02 2.00000E+02 2.00000E+02 2.00000E+02 2.00000E+02 2.00000E+02 2.00000E+02 2.00000E+02
 2.00000E+02 2.00000E+02 2.00000E+02 2.00000E+02 2.00000E+02 2.00000E+02 2.00000E+02 2.00000E+02
 2.00000E+02 2.00000E+02 2.00000E+02 2.00000E+02 2.00000E+02 2.00000E+02 2.00000E+02 2.00000E+02
 2.00000E+02 2.00000E+02 2.00000E+02 2.00000E+02 2.00000E+02 2.00000E+02 2.00000E+02 2.00000E+02
 2.00000E+02 2.00000E+02 2.00000E+02 2.00000E+02 2.00000E+02 2.00000E+02 2.00000E+02 2.00000E+02
 2.00000E+02 2.00000E+02 2.00000E+02 2.00000E+02 2.00000E+02 2.00000E+02 2.00000E+02 2.00000E+02
 2.00000E+02 2.00000E+02 2.00000E+02 2.00000E+02 2.00000E+02 2.00000E+02 2.00000E+02 2.00000E+02
 2.00000E+02 2.00000E+02 2.00000E+02 2.00000E+02 2.00000E+02 2.00000E+02 2.00000E+02 1.98600E+02
 1.96000E+02 1.94700E+02 1.92000E+02 1.90800E+02 1.89000E+02 1.86900E+02 1.86900E+02 1.86900E+02
 1.86900E+02 1.86900E+02 1.88000E+02 1.90000E+02 1.91000E+02 1.92500E+02 1.94000E+02 1.95000E+02
 1.96500E+02 1.98000E+02 2.00000E+02 2.00000E+02 1.00000E+05 1.00000E+05 1.00000E+05 1.00000E+05
 1.00000E+05 1.00000E+05 1.00000E+05 1.00000E+05 1.00000E+05 8.94400E+04 4.89900E+04 2.25800E+04
 1.16600E+04 6.81200E+03 5.16500E+03 4.29000E+03 3.95000E+03 3.90000E+03 3.99900E+03 4.34300E+03
 4.84400E+03 5.43900E+03 6.18700E+03 7.03600E+03 7.98400E+03 8.98600E+03 1.00300E+04 1.12800E+04
 1.24900E+04 1.36300E+04 1.51300E+04 1.66900E+04 1.81800E+04 1.99800E+04 2.19800E+04 2.44500E+04
 2.74600E+04 3.04600E+04 3.39400E+04 3.79500E+04 4.19500E+04 4.64300E+04 5.19100E+04 5.84000E+04
 6.44500E+04 7.13600E+04 7.99000E+04 8.79100E+04 9.68700E+04 1.06900E+05 1.17800E+05 1.31800E+05
 1.48300E+05 1.65800E+05 1.83300E+05 2.01800E+05 2.25600E+05 2.52200E+05 2.77200E+05 3.07000E+05
 3.42100E+05 3.79500E+05 4.21900E+05 4.71700E+05 5.17400E+05 5.67400E+05 6.22400E+05 6.82600E+05
 7.48700E+05 8.21200E+05 9.00700E+05 9.87900E+05 1.00000E+06 1.00000E+06 1.00000E+06 1.00000E+06
 1.00000E+06 1.00000E+06 1.00000E+06 1.00000E+06 1.00000E+06 1.00000E+06 1.00000E+06 1.00000E+06
 1.00000E+06 1.00000E+06 1.00000E+06 1.00000E+06 1.00000E+06 1.00000E+06 1.00000E+06 1.00000E+06
 1.00000E+06 1.00000E+06 1.00000E+06 1.00000E+06 1.00000E+06 1.00000E+06 1.00000E+06 1.00000E+06
 2.42866E+19 2.20950E+19 2.00572E+19 1.81648E+19 1.62935E+19 1.46414E+19 1.31762E+19 1.18252E+19
 1.05820E+19 9.62480E+18 8.85787E+18 7.56776E+18 6.46586E+18 5.52468E+18 4.72073E+18 4.21945E+18
 3.57757E+18 3.03349E+18 2.57229E+18 2.18132E+18 1.84987E+18 1.56886E+18 1.33061E+18 1.12860E+18
 9.57305E+17 8.12052E+17 6.88874E+17 5.84411E+17 4.95814E+17 4.20670E+17 3.56933E+17 3.02868E+17
 2.57006E+17 2.18100E+17 1.85093E+17 1.57089E+17 1.33329E+17 1.13168E+17 9.60613E+16 8.15444E+16
 6.92247E+16 5.87694E+16 4.98957E+16 4.23640E+16 3.59711E+16 3.05444E+16 2.59377E+16 2.20270E+16
 1.87068E+16 1.58879E+16 1.34944E+16 1.14621E+16 9.73641E+15 8.27092E+15 7.02637E+15 5.96939E+15
 5.07167E+15 4.30918E+15 3.66151E+15 3.11134E+15 2.64397E+15 2.24692E+15 1.90959E+15 1.62299E+15
 1.37947E+15 1.17255E+15 9.96719E+14 8.47297E+14 7.20311E+14 6.12388E+14 5.20661E+14 4.42696E+14
 3.76425E+14 3.20090E+14 2.72200E+14 2.31487E+14 1.96873E+14 1.67443E+14 1.42420E+14 1.21927E+14
 1.04860E+14 8.94530E+13 7.67424E+13 6.52254E+13 5.55437E+13 4.72983E+13 3.97932E+13 3.34807E+13
 2.81710E+13 2.37047E+13 1.98409E+13 1.65530E+13 1.39032E+13 1.16610E+13 9.79426E+12 8.25721E+12
 6.95155E+12 5.86031E+12 4.93562E+12 4.20243E+12 1.12369E-10 1.35917E-10 1.84597E-10 2.44117E-10
 3.08558E-10 3.73762E-10 4.35639E-10 4.89905E-10 5.31572E-10 5.56961E-10 5.65337E-10 5.69021E-10
 5.62762E-10 5.47123E-10 5.21072E-10 4.86042E-10 4.44409E-10 4.00134E-10 3.56770E-10 3.17041E-10
 2.82554E-10 2.53132E-10 2.28239E-10 2.07297E-10 1.89065E-10 1.72143E-10 1.55961E-10 1.40555E-10
 1.25906E-10 1.11863E-10 9.85278E-11 8.60434E-11 7.43568E-11 6.35145E-11 5.36194E-11 4.47453E-11
 3.69547E-11 3.01799E-11 2.43348E-11 1.93758E-11 1.52081E-11 1.17407E-11 8.91876E-12 6.67549E-12
 4.90862E-12 3.53220E-12 2.48983E-12 1.71496E-12 1.14849E-12 7.46460E-13 4.65076E-13 2.81945E-13
 1.66454E-13 9.54486E-14 5.27977E-14 2.80338E-14 1.43955E-14 7.13661E-15 3.36668E-15 1.51527E-15
 6.52165E-16 2.66678E-16 1.03500E-16 3.82270E-17 1.31338E-17 4.17482E-18 1.22130E-18 3.26776E-19
 7.94697E-20 1.74463E-20 3.43210E-21 6.00290E-22 7.91828E-23 7.31260E-24 4.44117E-25 1.64799E-26
 3.42688E-28 3.60750E-30 1.70621E-32 3.13582E-35 1.86916E-38 2.91868E-42 9.17475E-47 4.26226E-52
 2.01144E-58 6.09331E-66 7.04925E-75 1.68458E-85 4.00768E-98 1.00000-100 1.00000-100 1.00000-100
 1.00000-100 1.00000-100 1.00000-100 1.00000-100 1.00000-100 1.00000-100 1.00000-100 1.00000-100
 4.17101E+01 3.61354E+01 3.63576E+01 3.69140E+01 3.83922E+01 3.90801E+01 3.86251E+01 3.73703E+01
 3.49654E+01 3.22106E+01 2.93855E+01 2.34831E+01 1.93936E+01 1.56895E+01 1.23223E+01 1.11308E+01
 9.00240E+00 7.69294E+00 6.78959E+00 6.32195E+00 6.08994E+00 6.00233E+00 6.12577E+00 6.43797E+00
 5.63951E+00 4.31002E+00 3.27770E+00 2.47984E+00 1.86579E+00 1.39226E+00 1.03049E+00 7.57517E-01
 5.50983E-01 3.96068E-01 2.81332E-01 1.97493E-01 1.37295E-01 9.44272E-02 6.41063E-02 4.30232E-02
 2.84515E-02 1.85134E-02 1.18514E-02 7.47047E-03 4.62269E-03 2.79680E-03 1.65914E-03 9.61403E-04
 5.40963E-04 2.94980E-04 1.54136E-04 7.83643E-05 3.87028E-05 1.87519E-05 8.81186E-06 3.97497E-06
 1.73421E-06 7.30480E-07 2.92808E-07 1.11985E-07 4.09577E-08 1.42330E-08 4.69465E-09 1.47369E-09
 4.30354E-10 1.16276E-10 2.89146E-11 6.57670E-12 1.35970E-12 2.53777E-13 4.24460E-14 6.31232E-15
 7.07996E-16 5.55989E-17 2.87149E-18 9.06157E-20 1.60253E-21 1.43481E-23 5.77197E-26 9.08181E-29
 4.65561E-32 6.20160E-36 1.67244E-40 6.60357E-46 2.65377E-52 6.84575E-60 6.66305E-69 1.33970E-79
 2.68174E-92 5.63063E-95 4.71285E-95 3.93186E-95 3.30244E-95 2.76985E-95 2.32645E-95 1.96135E-95
 1.65122E-95 1.39201E-95 1.17237E-95 9.98211E-96 0.00000E+00 0.00000E+00 0.00000E+00 0.00000E+00
 0.00000E+00 0.00000E+00 0.00000E+00 0.00000E+00 0.00000E+00 0.00000E+00 0.00000E+00 0.00000E+00
 0.00000E+00 0.00000E+00 0.00000E+00 0.00000E+00 0.00000E+00 0.00000E+00 0.00000E+00 0.00000E+00
 0.00000E+00 0.00000E+00 0.00000E+00 0.00000E+00 0.00000E+00 0.00000E+00 0.00000E+00 0.00000E+00
 0.00000E+00 0.00000E+00 0.00000E+00 0.00000E+00 0.00000E+00 0.00000E+00 0.00000E+00 0.00000E+00
 0.00000E+00 0.00000E+00 0.00000E+00 0.00000E+00 0.00000E+00 0.00000E+00 0.00000E+00 0.00000E+00
 0.00000E+00 0.00000E+00 0.00000E+00 0.00000E+00 0.00000E+00 0.00000E+00 0.00000E+00 0.00000E+00
 0.00000E+00 0.00000E+00 0.00000E+00 0.00000E+00 0.00000E+00 0.00000E+00 0.00000E+00 0.00000E+00
 0.00000E+00 0.00000E+00 0.00000E+00 0.00000E+00 0.00000E+00 0.00000E+00 0.00000E+00 0.00000E+00
 0.00000E+00 0.00000E+00 0.00000E+00 0.00000E+00 0.00000E+00 0.00000E+00 0.00000E+00 0.00000E+00
 0.00000E+00 0.00000E+00 0.00000E+00 0.00000E+00 0.00000E+00 0.00000E+00 0.00000E+00 0.00000E+00
 0.00000E+00 0.00000E+00 0.00000E+00 0.00000E+00 0.00000E+00 0.00000E+00 0.00000E+00 0.00000E+00
 0.00000E+00 0.00000E+00 0.00000E+00 0.00000E+00 0.00000E+00 0.00000E+00 0.00000E+00 0.00000E+00
 0.00000E+00 0.00000E+00 0.00000E+00 0.00000E+00 0.00000E+00 0.00000E+00 0.00000E+00 0.00000E+00
 0.00000E+00 0.00000E+00 0.00000E+00 0.00000E+00 0.00000E+00 0.00000E+00 0.00000E+00 0.00000E+00
 0.00000E+00 0.00000E+00 0.00000E+00 0.00000E+00 0.00000E+00 0.00000E+00 0.00000E+00 0.00000E+00
 0.00000E+00 0.00000E+00 0.00000E+00 0.00000E+00 0.00000E+00 0.00000E+00 0.00000E+00 0.00000E+00
 0.00000E+00 0.00000E+00 0.00000E+00 0.00000E+00 0.00000E+00 0.00000E+00 0.00000E+00 0.00000E+00
 0.00000E+00 0.00000E+00 0.00000E+00 0.00000E+00 0.00000E+00 0.00000E+00 0.00000E+00 0.00000E+00
 0.00000E+00 0.00000E+00 0.00000E+00 0.00000E+00 0.00000E+00 0.00000E+00 0.00000E+00 0.00000E+00
 0.00000E+00 0.00000E+00 0.00000E+00 0.00000E+00 0.00000E+00 0.00000E+00 0.00000E+00 0.00000E+00
 0.00000E+00 0.00000E+00 0.00000E+00 0.00000E+00 0.00000E+00 0.00000E+00 0.00000E+00 0.00000E+00
 0.00000E+00 0.00000E+00 0.00000E+00 0.00000E+00 0.00000E+00 0.00000E+00 0.00000E+00 0.00000E+00
 0.00000E+00 0.00000E+00 0.00000E+00 0.00000E+00 0.00000E+00 0.00000E+00 0.00000E+00 0.00000E+00
 0.00000E+00 0.00000E+00 0.00000E+00 0.00000E+00 0.00000E+00 0.00000E+00 0.00000E+00 0.00000E+00
 0.00000E+00 0.00000E+00 0.00000E+00 0.00000E+00 7.10555E-04 7.76711E-04 8.53235E-04 9.39339E-04
 1.01965E-03 1.10988E-03 1.21514E-03 1.33288E-03 1.47003E-03 1.64370E-03 1.86393E-03 2.11777E-03
 2.38439E-03 2.70490E-03 3.09587E-03 3.46519E-03 3.90825E-03 4.31625E-03 4.72010E-03 5.08267E-03
 5.43821E-03 5.80497E-03 6.15476E-03 6.49250E-03 7.31063E-03 8.62429E-03 1.01788E-02 1.20176E-02
 1.41907E-02 1.67619E-02 1.97994E-02 2.33772E-02 2.76069E-02 3.26079E-02 3.85217E-02 4.55159E-02
 5.37710E-02 6.35151E-02 7.50354E-02 8.86106E-02 1.04662E-01 1.23604E-01 1.45988E-01 1.72470E-01
 2.03820E-01 2.40957E-01 2.84754E-01 3.36562E-01 3.98004E-01 4.70952E-01 5.57360E-01 6.59645E-01
 7.81531E-01 9.22063E-01 1.08536E+00 1.27751E+00 1.50361E+00 1.76964E+00 2.08264E+00 2.45088E+00
 2.88408E+00 3.39370E+00 3.99316E+00 4.69828E+00 5.52764E+00 6.50308E+00 7.65026E+00 8.99937E+00
 1.05859E+01 1.24514E+01 1.46450E+01 1.72242E+01 2.02565E+01 2.38216E+01 2.80127E+01 3.29394E+01
 3.87308E+01 4.55381E+01 5.35391E+01 6.29914E+01 7.42516E+01 8.76470E+01 1.03676E+02 1.22796E+02
 1.45665E+02 1.73123E+02 2.05775E+02 2.44573E+02 2.90669E+02 3.45435E+02 4.10107E+02 4.86032E+02
 5.75443E+02 6.80432E+02 8.03525E+02 9.47977E+02 1.11707E+03 1.31467E+03 1.54489E+03 1.81443E+03
 0.00000E+00 0.00000E+00 0.00000E+00 0.00000E+00 0.00000E+00 0.00000E+00 0.00000E+00 0.00000E+00
 0.00000E+00 0.00000E+00 0.00000E+00 0.00000E+00 0.00000E+00 0.00000E+00 0.00000E+00 0.00000E+00
 0.00000E+00 0.00000E+00 0.00000E+00 0.00000E+00 0.00000E+00 0.00000E+00 0.00000E+00 0.00000E+00
 0.00000E+00 0.00000E+00 0.00000E+00 0.00000E+00 0.00000E+00 0.00000E+00 0.00000E+00 0.00000E+00
 0.00000E+00 0.00000E+00 0.00000E+00 0.00000E+00 0.00000E+00 0.00000E+00 0.00000E+00 0.00000E+00
 0.00000E+00 0.00000E+00 0.00000E+00 0.00000E+00 0.00000E+00 0.00000E+00 0.00000E+00 0.00000E+00
 0.00000E+00 0.00000E+00 0.00000E+00 0.00000E+00 0.00000E+00 0.00000E+00 0.00000E+00 0.00000E+00
 0.00000E+00 0.00000E+00 0.00000E+00 0.00000E+00 0.00000E+00 0.00000E+00 0.00000E+00 0.00000E+00
 0.00000E+00 0.00000E+00 0.00000E+00 0.00000E+00 0.00000E+00 0.00000E+00 0.00000E+00 0.00000E+00
 0.00000E+00 0.00000E+00 0.00000E+00 0.00000E+00 0.00000E+00 0.00000E+00 0.00000E+00 0.00000E+00
 0.00000E+00 0.00000E+00 0.00000E+00 0.00000E+00 0.00000E+00 0.00000E+00 0.00000E+00 0.00000E+00
 0.00000E+00 0.00000E+00 0.00000E+00 0.00000E+00 0.00000E+00 0.00000E+00 0.00000E+00 0.00000E+00
 0.00000E+00 0.00000E+00 0.00000E+00 0.00000E+00 0.00000E+00 0.00000E+00 0.00000E+00 0.00000E+00
 0.00000E+00 0.00000E+00 0.00000E+00 0.00000E+00 0.00000E+00 0.00000E+00 0.00000E+00 0.00000E+00
 0.00000E+00 0.00000E+00 0.00000E+00 0.00000E+00 0.00000E+00 0.00000E+00 0.00000E+00 0.00000E+00
 0.00000E+00 0.00000E+00 0.00000E+00 0.00000E+00 0.00000E+00 0.00000E+00 0.00000E+00 0.00000E+00
 0.00000E+00 0.00000E+00 0.00000E+00 0.00000E+00 0.00000E+00 0.00000E+00 0.00000E+00 0.00000E+00
 0.00000E+00 0.00000E+00 0.00000E+00 0.00000E+00 0.00000E+00 0.00000E+00 0.00000E+00 0.00000E+00
 0.00000E+00 0.00000E+00 0.00000E+00 0.00000E+00 0.00000E+00 0.00000E+00 0.00000E+00 0.00000E+00
 0.00000E+00 0.00000E+00 0.00000E+00 0.00000E+00 0.00000E+00 0.00000E+00 0.00000E+00 0.00000E+00
 0.00000E+00 0.00000E+00 0.00000E+00 0.00000E+00 0.00000E+00 0.00000E+00 0.00000E+00 0.00000E+00
 0.00000E+00 0.00000E+00 0.00000E+00 0.00000E+00 0.00000E+00 0.00000E+00 0.00000E+00 0.00000E+00
 0.00000E+00 0.00000E+00 0.00000E+00 0.00000E+00 0.00000E+00 0.00000E+00 0.00000E+00 0.00000E+00
 0.00000E+00 0.00000E+00 0.00000E+00 0.00000E+00 0.00000E+00 0.00000E+00 0.00000E+00 0.00000E+00
 0.00000E+00 0.00000E+00 0.00000E+00 0.00000E+00 0.00000E+00 0.00000E+00 0.00000E+00 0.00000E+00
 1.86668E-05 1.86668E-05 1.86668E-05 1.86668E-05 1.86668E-05 1.86668E-05 1.86668E-05 1.86668E-05
 1.86668E-05 1.86668E-05 1.86668E-05 1.86668E-05 1.86668E-05 1.86668E-05 1.86668E-05 1.86668E-05
 1.83026E-05 1.75356E-05 1.65753E-05 1.53733E-05 1.41116E-05 1.28839E-05 1.16531E-05 1.04627E-05
 1.00000E-05 1.00000E-05 1.00000E-05 1.00000E-05 1.00000E-05 1.00000E-05 1.00000E-05 1.00000E-05
 1.00000E-05 1.00000E-05 1.00000E-05 1.00000E-05 1.00000E-05 1.00000E-05 1.00000E-05 1.00000E-05
 1.00000E-05 1.00000E-05 1.00000E-05 1.00000E-05 1.00000E-05 1.00000E-05 1.00000E-05 1.00000E-05
 1.00000E-05 1.00000E-05 1.00000E-05 1.00000E-05 1.00000E-05 1.00000E-05 1.00000E-05 1.00000E-05
 1.00000E-05 1.00000E-05 1.00000E-05 1.00000E-05 1.00000E-05 1.00000E-05 1.00000E-05 1.00000E-05
 1.00000E-05 1.00000E-05 1.00000E-05 1.00000E-05 1.00000E-05 1.00000E-05 1.00000E-05 1.00000E-05
 1.00000E-05 1.00000E-05 1.00000E-05 1.00000E-05 1.00000E-05 1.00000E-05 1.00000E-05 1.00000E-05
 1.00000E-05 1.00000E-05 1.00000E-05 1.00000E-05 1.00000E-05 1.00000E-05 1.00000E-05 1.00000E-05
 1.00000E-05 1.00000E-05 1.00000E-05 1.00000E-05 1.00000E-05 1.00000E-05 1.00000E-05 1.00000E-05
 1.00000E-05 1.00000E-05 1.00000E-05 1.00000E-05 0.00000E+00 0.00000E+00 0.00000E+00 0.00000E+00
 0.00000E+00 0.00000E+00 0.00000E+00 0.00000E+00 0.00000E+00 0.00000E+00 0.00000E+00 0.00000E+00
 0.00000E+00 0.00000E+00 0.00000E+00 0.00000E+00 0.00000E+00 0.00000E+00 0.00000E+00 0.00000E+00
 0.00000E+00 0.00000E+00 0.00000E+00 0.00000E+00 0.00000E+00 0.00000E+00 0.00000E+00 0.00000E+00
 0.00000E+00 0.00000E+00 0.00000E+00 0.00000E+00 0.00000E+00 0.00000E+00 0.00000E+00 0.00000E+00
 0.00000E+00 0.00000E+00 0.00000E+00 0.00000E+00 0.00000E+00 0.00000E+00 0.00000E+00 0.00000E+00
 0.00000E+00 0.00000E+00 0.00000E+00 0.00000E+00 0.00000E+00 0.00000E+00 0.00000E+00 0.00000E+00
 0.00000E+00 0.00000E+00 0.00000E+00 0.00000E+00 0.00000E+00 0.00000E+00 0.00000E+00 0.00000E+00
 0.00000E+00 0.00000E+00 0.00000E+00 0.00000E+00 0.00000E+00 0.00000E+00 0.00000E+00 0.00000E+00
 0.00000E+00 0.00000E+00 0.00000E+00 0.00000E+00 0.00000E+00 0.00000E+00 0.00000E+00 0.00000E+00
 0.00000E+00 0.00000E+00 0.00000E+00 0.00000E+00 0.00000E+00 0.00000E+00 0.00000E+00 0.00000E+00
 0.00000E+00 0.00000E+00 0.00000E+00 0.00000E+00 0.00000E+00 0.00000E+00 0.00000E+00 0.00000E+00
 0.00000E+00 0.00000E+00 0.00000E+00 0.00000E+00 0.00000E+00 0.00000E+00 0.00000E+00 0.00000E+00
 0.00000E+00 0.00000E+00 0.00000E+00 0.00000E+00 0.00000E+00 0.00000E+00 0.00000E+00 0.00000E+00
 0.00000E+00 0.00000E+00 0.00000E+00 0.00000E+00 0.00000E+00 0.00000E+00 0.00000E+00 0.00000E+00
 0.00000E+00 0.00000E+00 0.00000E+00 0.00000E+00 0.00000E+00 0.00000E+00 0.00000E+00 0.00000E+00
 0.00000E+00 0.00000E+00 0.00000E+00 0.00000E+00 0.00000E+00 0.00000E+00 0.00000E+00 0.00000E+00
 0.00000E+00 0.00000E+00 0.00000E+00 0.00000E+00 0.00000E+00 0.00000E+00 0.00000E+00 0.00000E+00
 0.00000E+00 0.00000E+00 0.00000E+00 0.00000E+00 0.00000E+00 0.00000E+00 0.00000E+00 0.00000E+00
 0.00000E+00 0.00000E+00 0.00000E+00 0.00000E+00 0.00000E+00 0.00000E+00 0.00000E+00 0.00000E+00
 0.00000E+00 0.00000E+00 0.00000E+00 0.00000E+00 0.00000E+00 0.00000E+00 0.00000E+00 0.00000E+00
 0.00000E+00 0.00000E+00 0.00000E+00 0.00000E+00 0.00000E+00 0.00000E+00 0.00000E+00 0.00000E+00
 0.00000E+00 0.00000E+00 0.00000E+00 0.00000E+00 0.00000E+00 0.00000E+00 0.00000E+00 0.00000E+00
 0.00000E+00 0.00000E+00 0.00000E+00 0.00000E+00 0.00000E+00 0.00000E+00 0.00000E+00 0.00000E+00
 0.00000E+00 0.00000E+00 0.00000E+00 0.00000E+00 0.00000E+00 0.00000E+00 0.00000E+00 0.00000E+00
 0.00000E+00 0.00000E+00 0.00000E+00 0.00000E+00
