 1.32308E-10 2.63068E-15 1.12654E-02 5.86995E-14 1.33612E-11 1.28581E-09 7.20813E-09 5.69254E-19
 5.29256E-07 1.61763E-06 9.37167E-08 7.83609E-10 7.45874E-12 9.14168E-09 1.44486E-12 2.17828E-12
 6.25431E-15 1.27639E-11 5.91557E-14 6.26293E-16 7.02918E-19 1.86557E-22 5.14194E-10 2.33900E-13
 1.02168E-17 1.85924E-14 9.26488E-12 7.59315E-14 2.10593E-12 2.24597E-17 5.26520E-18 2.81466E-11
 1.98774E-12 7.44281E-14 1.38430E-10 4.23193E-15 7.24393E-03 7.38081E-14 1.37341E-11 1.33331E-09
 9.85044E-09 6.51271E-19 5.29671E-07 1.61187E-06 8.32645E-08 7.95131E-10 7.86227E-12 9.09400E-09
 1.70032E-12 2.50274E-12 8.33689E-15 1.94599E-11 1.54546E-13 8.61732E-16 1.81630E-18 6.06974E-22
 4.99273E-10 2.98824E-13 1.53329E-17 2.48865E-14 1.36517E-11 1.09273E-13 2.08421E-12 2.12660E-17
 1.06164E-17 4.83154E-11 4.01586E-12 7.68102E-14 1.39279E-10 7.35900E-15 4.50306E-03 9.34929E-14
 1.39885E-11 1.32754E-09 1.45748E-08 7.51675E-19 5.30113E-07 1.60670E-06 7.40699E-08 7.68895E-10
 8.21128E-12 9.04196E-09 1.93245E-12 2.88671E-12 1.07765E-14 2.79185E-11 4.17661E-13 1.27491E-15
 5.19416E-18 2.75270E-21 4.85756E-10 4.30929E-13 2.30107E-17 3.87279E-14 1.89148E-11 1.70162E-13
 2.04626E-12 1.85863E-17 2.07125E-17 6.53055E-11 6.39412E-12 7.44749E-14 1.32209E-10 1.28206E-14
 2.58796E-03 1.11483E-13 1.36876E-11 1.23195E-09 2.16645E-08 8.22458E-19 5.30551E-07 1.60215E-06
 6.61051E-08 6.94363E-10 8.06197E-12 8.98521E-09 2.20743E-12 3.32545E-12 1.31449E-14 3.61580E-11
 1.11971E-12 1.83561E-15 1.54683E-17 1.44906E-20 4.73794E-10 6.43376E-13 3.28459E-17 6.39077E-14
 2.39610E-11 2.78487E-13 2.04517E-12 1.55039E-17 3.96940E-17 8.03260E-11 8.77477E-12 7.25469E-14
 1.25455E-10 2.24481E-14 1.73336E-03 1.41051E-13 1.39021E-11 1.10133E-09 3.13112E-08 9.82998E-19
 5.30954E-07 1.59815E-06 5.92250E-08 6.12788E-10 8.28622E-12 8.92320E-09 2.47526E-12 3.88235E-12
 1.62606E-14 4.31673E-11 2.37405E-12 2.65926E-15 3.96280E-17 6.65102E-20 4.63335E-10 1.00828E-12
 4.68483E-17 1.10002E-13 2.84281E-11 4.56650E-13 2.05835E-12 1.40847E-17 7.36394E-17 9.41969E-11
 1.13060E-11 7.12578E-14 1.11654E-10 3.76251E-14 1.04215E-03 1.64076E-13 1.33870E-11 9.36241E-10
 4.40091E-08 1.08290E-18 5.31325E-07 1.59477E-06 5.34526E-08 5.13928E-10 7.83400E-12 8.85555E-09
 2.72394E-12 4.29823E-12 1.83148E-14 4.72916E-11 5.27268E-12 3.47658E-15 9.70700E-17 3.18024E-19
 4.54583E-10 1.45826E-12 6.16031E-17 1.79362E-13 3.20410E-11 6.90574E-13 2.16376E-12 1.27554E-17
 1.40507E-16 1.08354E-10 1.34003E-11 7.22137E-14 9.12497E-11 6.01592E-14 5.55010E-04 1.74062E-13
 1.21263E-11 7.54142E-10 5.99216E-08 1.09054E-18 5.31658E-07 1.59197E-06 4.87512E-08 4.09332E-10
 6.85119E-12 8.78237E-09 2.73542E-12 4.17133E-12 1.73443E-14 4.75364E-11 1.05000E-11 3.97576E-15
 2.05803E-16 1.65411E-18 4.47554E-10 1.94617E-12 7.45779E-17 2.80718E-13 3.48082E-11 9.21445E-13
 2.38466E-12 1.15997E-17 2.78299E-16 1.23209E-10 1.46214E-11 7.57116E-14 7.10236E-11 9.32984E-14
 2.85591E-04 1.78695E-13 1.07239E-11 5.82051E-10 7.89143E-08 1.07505E-18 5.31943E-07 1.58961E-06
 4.49955E-08 3.11928E-10 5.75445E-12 8.70394E-09 2.71766E-12 3.91294E-12 1.56767E-14 4.51164E-11
 1.62478E-11 4.30311E-15 4.10477E-16 7.98454E-18 4.41999E-10 2.40341E-12 8.61676E-17 4.14955E-13
 3.69878E-11 1.13769E-12 2.66329E-12 1.08810E-17 5.49520E-16 1.37152E-10 1.49399E-11 7.98411E-14
 5.34510E-11 1.40643E-13 1.41570E-04 1.80742E-13 9.31943E-12 4.30871E-10 1.00662E-07 1.05443E-18
 5.32182E-07 1.58755E-06 4.20669E-08 2.22380E-10 4.54195E-12 8.62071E-09 3.08432E-12 4.07944E-12
 1.58762E-14 4.18132E-11 2.04572E-11 4.76524E-15 9.82212E-16 3.25187E-17 4.37630E-10 2.64038E-12
 9.74316E-17 5.52966E-13 3.89356E-11 1.40275E-12 2.89409E-12 1.03224E-17 1.04973E-15 1.46645E-10
 1.41954E-11 8.14389E-14 3.53706E-11 1.90657E-13 3.84849E-05 1.52360E-13 6.73035E-12 2.93244E-10
 1.25659E-07 8.01151E-19 5.32392E-07 1.58560E-06 3.97736E-08 1.34869E-10 2.65123E-12 8.52947E-09
 4.42104E-12 4.69971E-12 1.79451E-14 3.83339E-11 2.21716E-11 5.41210E-15 3.94279E-15 2.24095E-16
 4.34025E-10 2.38767E-12 1.13725E-16 6.59786E-13 4.11285E-11 1.83586E-12 2.84492E-12 8.27890E-18
 2.19336E-15 1.45803E-10 1.18237E-11 7.35803E-14 2.02673E-11 2.47282E-13 5.43159E-06 1.28554E-13
 4.31553E-12 1.75031E-10 1.61315E-07 5.64439E-19 5.32620E-07 1.58288E-06 3.73772E-08 6.42842E-11
 1.14869E-12 8.39924E-09 7.29477E-12 5.69358E-12 2.45186E-14 3.49853E-11 2.04021E-11 6.78814E-15
 1.34154E-14 1.54627E-15 4.29694E-10 2.00218E-12 1.52820E-16 7.54045E-13 4.42881E-11 2.60951E-12
 1.11244E-12 2.79203E-18 4.09533E-15 1.13867E-10 8.33753E-12 2.75281E-14 1.48288E-11 4.85424E-13
 3.64235E-06 1.40789E-13 3.69964E-12 9.37835E-11 2.28533E-07 6.41162E-19 5.32982E-07 1.57710E-06
 3.38468E-08 3.36420E-11 9.89591E-13 8.14068E-09 8.71437E-12 7.76367E-12 2.53037E-14 3.28350E-11
 1.84045E-11 1.04786E-14 2.64366E-14 2.82742E-15 4.21451E-10 2.21229E-12 1.90894E-16 1.15558E-12
 5.04497E-11 4.07582E-12 2.82719E-13 6.42060E-19 3.68022E-15 7.87996E-11 5.14508E-12 5.91073E-15
 1.49792E-11 1.04912E-12 3.46701E-06 1.84381E-13 3.79132E-12 6.02372E-11 3.55601E-07 8.36959E-19
 5.33661E-07 1.56385E-06 2.85263E-08 2.90749E-11 1.25892E-12 7.60939E-09 8.09539E-12 9.39877E-12
 2.42220E-14 3.21502E-11 1.60751E-11 2.00887E-14 5.06725E-14 1.01696E-14 4.04518E-10 4.12339E-12
 2.75544E-16 2.49697E-12 6.03937E-11 7.79518E-12 3.61883E-14 7.46587E-20 2.40287E-15 4.24129E-11
 2.83533E-12 5.77692E-16 1.79533E-11 2.28305E-12 3.09098E-06 2.67317E-13 4.31330E-12 5.44090E-11
 5.53879E-07 1.14936E-18 5.34789E-07 1.53698E-06 2.21412E-08 3.51592E-11 1.87641E-12 6.67625E-09
 6.57870E-12 1.02239E-11 2.24064E-14 3.16824E-11 1.32476E-11 3.87539E-14 8.62305E-14 4.55296E-14
 3.74085E-10 9.57311E-12 4.57499E-16 6.04485E-12 7.47350E-11 1.48130E-11 2.20923E-15 4.37323E-21
 1.07615E-15 1.60990E-11 1.25378E-12 2.64436E-17 2.12492E-11 4.61467E-12 2.42520E-06 3.76197E-13
 4.92206E-12 5.33074E-11 7.92775E-07 1.55672E-18 5.36226E-07 1.49229E-06 1.68443E-08 4.00199E-11
 2.53489E-12 5.38263E-09 5.72440E-12 1.10177E-11 2.14894E-14 2.95965E-11 1.07128E-11 6.37532E-14
 1.20597E-13 1.46974E-13 3.30403E-10 1.90112E-11 8.24199E-16 1.24836E-11 9.37935E-11 2.33461E-11
 7.29267E-17 1.51495E-22 3.65113E-16 4.42680E-12 3.97143E-13 6.86526E-19 1.79511E-11 6.98093E-12
 1.45812E-06 4.78246E-13 4.57761E-12 4.47221E-11 1.02703E-06 1.71643E-18 5.37539E-07 1.43183E-06
 1.37002E-08 2.90466E-11 2.08529E-12 3.98369E-09 5.95398E-12 1.05784E-11 2.58778E-14 2.53516E-11
 7.37031E-12 9.64752E-14 1.46229E-13 5.12065E-13 2.80535E-10 3.20253E-11 1.54815E-15 2.17693E-11
 1.09784E-10 3.41788E-11 1.48848E-18 3.66249E-24 1.36976E-16 9.33457E-13 9.77878E-14 1.29160E-20
 2.15992E-11 1.18010E-11 1.60738E-06 7.49934E-13 5.87769E-12 5.16634E-11 1.15963E-06 3.25282E-18
 5.38450E-07 1.35650E-06 1.25855E-08 2.95505E-11 2.48790E-12 2.70949E-09 6.33865E-12 1.13642E-11
 3.33124E-14 2.41429E-11 5.97503E-12 1.15991E-13 1.32319E-13 8.32585E-13 2.27187E-10 5.17118E-11
 2.95732E-15 3.29883E-11 1.29282E-10 3.64611E-11 1.98581E-20 7.24239E-26 3.43690E-17 1.55435E-13
 2.04885E-14 1.71963E-22 2.49752E-11 1.86052E-11 1.78146E-06 1.18062E-12 7.42287E-12 5.73616E-11
 1.18691E-06 6.73089E-18 5.38694E-07 1.26902E-06 1.26341E-08 2.71229E-11 2.74031E-12 1.69814E-09
 7.40523E-12 1.23148E-11 4.70663E-14 2.35570E-11 4.73691E-12 1.26236E-13 1.05806E-13 1.07078E-12
 1.75234E-10 7.33126E-11 5.60767E-15 4.47613E-11 1.49937E-10 3.38837E-11 1.84253E-22 1.46934E-27
 7.45450E-18 2.10918E-14 3.53915E-15 2.26813E-24 2.75407E-11 2.81022E-11 1.97154E-06 1.85652E-12
 9.06450E-12 5.87888E-11 1.12884E-06 1.43779E-17 5.38218E-07 1.17384E-06 1.30059E-08 2.26006E-11
 2.85498E-12 9.94624E-10 8.92373E-12 1.30199E-11 6.82330E-14 2.30011E-11 3.52589E-12 1.25377E-13
 7.41618E-14 1.17530E-12 1.28980E-10 9.31863E-11 1.05073E-14 5.64547E-11 1.70555E-10 2.77102E-11
 1.27900E-24 1.10325E-28 1.39479E-18 2.42368E-15 5.18602E-16 1.07869E-25 2.91012E-11 4.13586E-11
 2.16684E-06 2.90304E-12 1.06385E-11 5.53925E-11 1.01271E-06 3.08388E-17 5.37280E-07 1.07624E-06
 1.31989E-08 1.74104E-11 2.86333E-12 5.58260E-10 1.06148E-11 1.30586E-11 9.66741E-14 2.19380E-11
 2.40175E-12 1.12809E-13 4.46216E-14 1.13989E-12 9.10891E-11 1.07404E-10 1.94602E-14 6.72870E-11
 1.91243E-10 1.98966E-11 7.31717E-27 1.96342E-29 2.29147E-19 2.45932E-16 6.69856E-17 1.17969E-26
 2.98114E-11 6.01575E-11 2.35645E-06 4.50748E-12 1.20192E-11 4.85308E-11 8.62881E-07 6.62457E-17
 5.36416E-07 9.81399E-07 1.30452E-08 1.26469E-11 2.80499E-12 3.10845E-10 1.21725E-11 1.21931E-11
 1.30532E-13 2.00309E-11 1.47605E-12 9.12246E-14 2.26573E-14 9.85705E-13 6.23078E-11 1.12973E-10
 3.58030E-14 7.61216E-11 2.13281E-10 1.24995E-11 5.82311E-29 3.44679E-30 3.41197E-20 2.29977E-17
 7.96251E-18 1.23730E-27 2.98998E-11 8.74284E-11 2.53454E-06 6.93376E-12 1.31518E-11 4.03994E-11
 6.98797E-07 1.43629E-16 5.36306E-07 8.91916E-07 1.25959E-08 8.82783E-12 2.70917E-12 1.76658E-10
 1.33561E-11 1.04836E-11 1.66339E-13 1.72039E-11 8.15143E-13 6.61194E-14 9.62265E-15 7.54168E-13
 4.15025E-11 1.08806E-10 6.58700E-14 8.15351E-11 2.38892E-10 6.85179E-12 3.03129E-30 5.58069E-31
 4.69382E-21 2.02882E-18 8.97370E-19 1.17216E-28 2.93971E-11 1.26722E-10 2.69687E-06 1.04023E-11
 1.41392E-11 3.33800E-11 5.45501E-07 3.12511E-16 5.37706E-07 8.09530E-07 1.20567E-08 6.11734E-12
 2.58846E-12 1.04919E-10 1.40685E-11 8.32969E-12 1.97605E-13 1.36720E-11 4.15558E-13 4.35009E-14
 3.48431E-15 5.05918E-13 2.71068E-11 9.69065E-11 1.19029E-13 8.23348E-11 2.68342E-10 3.31267E-12
 3.39153E-31 8.62649E-32 6.08427E-22 1.74546E-19 1.07700E-19 1.07989E-29 2.83320E-11 1.81025E-10
 2.84051E-06 1.49231E-11 1.52692E-11 2.89113E-11 4.24294E-07 6.67673E-16 5.41354E-07 7.35339E-07
 1.16582E-08 4.39624E-12 2.45306E-12 6.59872E-11 1.42826E-11 6.22074E-12 2.15472E-13 9.99470E-12
 2.06314E-13 2.67978E-14 1.13199E-15 3.04125E-13 1.75316E-11 8.22855E-11 2.03647E-13 7.89247E-11
 2.98090E-10 1.46228E-12 4.27742E-32 1.37983E-32 7.91932E-23 1.59391E-20 3.04653E-20 1.11017E-30
 2.68901E-11 2.52856E-10 2.96478E-06 2.03973E-11 1.68142E-11 2.68775E-11 3.36923E-07 1.37897E-15
 5.47875E-07 6.69368E-07 1.15061E-08 3.35197E-12 2.31326E-12 4.38955E-11 1.40104E-11 4.45135E-12
 2.15474E-13 6.79855E-12 1.03762E-13 1.59671E-14 3.47819E-16 1.71450E-13 1.13236E-11 6.89459E-11
 3.24628E-13 7.30604E-11 3.24469E-10 6.14095E-13 9.69871E-33 3.79331E-33 1.71400E-23 2.57548E-21
 3.45633E-20 2.15451E-31 2.52629E-11 3.44083E-10 3.07043E-06 2.68005E-11 1.89367E-11 2.66205E-11
 2.73944E-07 2.74126E-15 5.57772E-07 6.10986E-07 1.15978E-08 2.70390E-12 2.17398E-12 3.05538E-11
 1.33431E-11 3.10404E-12 2.00395E-13 4.39434E-12 5.36895E-14 9.39896E-15 1.04814E-16 9.41285E-14
 7.34713E-12 5.81565E-11 4.85696E-13 6.63269E-11 3.46297E-10 2.53133E-13 7.98723E-33 3.60048E-33
 1.24664E-23 1.47474E-21 3.56597E-20 1.55487E-31 2.35693E-11 4.55033E-10 3.15904E-06 3.42374E-11
 2.17467E-11 2.76642E-11 2.26218E-07 5.24909E-15 5.71486E-07 5.59188E-07 1.18970E-08 2.27740E-12
 2.03605E-12 2.19260E-11 1.24273E-11 2.14185E-12 1.76637E-13 2.75976E-12 2.87220E-14 5.53048E-15
 3.17249E-17 5.14072E-14 4.80093E-12 4.97416E-11 6.91657E-13 5.96185E-11 3.63970E-10 1.04614E-13
 1.17326E-32 5.80635E-33 1.50929E-23 1.46419E-21 3.56581E-20 1.99850E-31 2.18941E-11 5.84551E-10
 3.23166E-06 4.29285E-11 2.53518E-11 2.97862E-11 1.88069E-07 9.71241E-15 5.89303E-07 5.13292E-07
 1.23718E-08 1.97733E-12 1.90082E-12 1.60399E-11 1.14331E-11 1.48464E-12 1.50507E-13 1.72010E-12
 1.59478E-14 3.28294E-15 9.84945E-18 2.81616E-14 3.17224E-12 4.31388E-11 9.48581E-13 5.32946E-11
 3.78350E-10 4.40269E-14 1.90162E-32 1.00172E-32 1.92500E-23 1.58176E-21 3.55264E-20 2.82322E-31
 2.02809E-11 7.30285E-10 3.28979E-06 5.31755E-11 2.98760E-11 3.29271E-11 1.56358E-07 1.74307E-14
 6.11520E-07 4.72399E-07 1.30048E-08 1.75170E-12 1.76909E-12 1.18545E-11 1.04772E-11 1.04578E-12
 1.25866E-13 1.08082E-12 9.21078E-15 1.97876E-15 3.18416E-18 1.54889E-14 2.12364E-12 3.78124E-11
 1.26336E-12 4.74441E-11 3.90286E-10 1.90432E-14 3.14987E-32 1.72926E-32 2.43020E-23 1.73760E-21
 3.53549E-20 4.05265E-31 1.87340E-11 8.89231E-10 3.33531E-06 6.53216E-11 3.54591E-11 3.71112E-11
 1.29432E-07 3.04486E-14 6.38751E-07 4.35256E-07 1.37987E-08 1.57061E-12 1.64029E-12 8.77267E-12
 9.60726E-12 7.53533E-13 1.04206E-13 6.90587E-13 5.52989E-15 1.21492E-15 1.07968E-18 8.52734E-15
 1.43557E-12 3.33418E-11 1.64300E-12 4.20437E-11 4.00463E-10 8.49022E-15 5.24963E-32 2.95997E-32
 3.02327E-23 1.92542E-21 3.51499E-20 5.82568E-31 1.72657E-11 1.05966E-09 3.36894E-06 7.97084E-11
 4.22400E-11 4.23772E-11 1.06549E-07 5.19657E-14 6.71303E-07 4.01338E-07 1.47673E-08 1.41812E-12
 1.51543E-12 6.48669E-12 8.85566E-12 5.58131E-13 8.59677E-14 4.51219E-13 3.44869E-15 7.62584E-16
 3.86555E-19 4.66591E-15 9.81773E-13 2.93834E-11 2.09116E-12 3.69962E-11 4.09459E-10 3.90067E-15
 8.71799E-32 5.00032E-32 3.71308E-23 2.14953E-21 3.49068E-20 8.34204E-31 1.58774E-11 1.24146E-09
 3.39135E-06 9.66452E-11 5.03464E-11 4.87473E-11 8.72573E-08 8.69382E-14 7.09315E-07 3.70252E-07
 1.59311E-08 1.28484E-12 1.39511E-12 4.79762E-12 8.22859E-12 4.26060E-13 7.09066E-14 3.02199E-13
 2.23036E-15 4.90584E-16 1.46678E-19 2.51673E-15 6.81720E-13 2.57064E-11 2.60637E-12 3.22246E-11
 4.17670E-10 1.84167E-15 1.43156E-31 8.30514E-32 4.51720E-23 2.41761E-21 3.46179E-20 1.18787E-30
 1.45449E-11 1.43569E-09 3.40344E-06 1.16389E-10 5.98881E-11 5.62196E-11 7.11452E-08 1.42933E-13
 7.53498E-07 3.41171E-07 1.73226E-08 1.16359E-12 1.27801E-12 3.54223E-12 7.70621E-12 3.35217E-13
 5.84517E-14 2.07288E-13 1.49110E-15 3.23538E-16 5.89360E-20 1.32989E-15 4.79801E-13 2.22065E-11
 3.18286E-12 2.77198E-11 4.25274E-10 8.89932E-16 2.31431E-31 1.35418E-31 5.46942E-23 2.74194E-21
 3.42703E-20 1.68407E-30 1.32520E-11 1.64521E-09 3.40578E-06 1.39134E-10 7.09471E-11 6.47466E-11
 5.78371E-08 2.31444E-13 8.04373E-07 3.13553E-07 1.89766E-08 1.05019E-12 1.16341E-12 2.61127E-12
 7.27292E-12 2.71748E-13 4.81308E-14 1.45464E-13 1.02777E-15 2.18771E-16 2.50537E-20 6.85001E-16
 3.42353E-13 1.88594E-11 3.80898E-12 2.35039E-11 4.32318E-10 4.38550E-16 3.67184E-31 2.16548E-31
 6.61920E-23 3.13725E-21 3.38488E-20 2.38132E-30 1.19935E-11 1.87418E-09 3.39884E-06 1.65013E-10
 8.35807E-11 7.42405E-11 4.69478E-08 3.69805E-13 8.62135E-07 2.87059E-07 2.09337E-08 9.42373E-13
 1.05119E-12 1.92582E-12 6.91639E-12 2.26787E-13 3.95702E-14 1.04288E-13 7.28556E-16 1.51606E-16
 1.12471E-20 3.42751E-16 2.48144E-13 1.56994E-11 4.46797E-12 1.96200E-11 4.38766E-10 2.19709E-16
 5.70692E-31 3.39519E-31 8.03196E-23 3.61984E-21 3.33364E-20 3.36357E-30 1.07838E-11 2.12746E-09
 3.38322E-06 1.94132E-10 9.78386E-11 8.46018E-11 3.80941E-08 5.84014E-13 9.26819E-07 2.61385E-07
 2.32604E-08 8.38903E-13 9.41331E-13 1.42413E-12 6.62499E-12 1.94485E-13 3.24687E-14 7.62305E-14
 5.29633E-16 1.07510E-16 5.31115E-21 1.66334E-16 1.83053E-13 1.27908E-11 5.14006E-12 1.61161E-11
 4.44537E-10 1.11559E-16 8.68364E-31 5.22082E-31 9.78704E-23 4.20634E-21 3.27159E-20 4.74916E-30
 9.72035E-12 2.41028E-09 3.35966E-06 2.26666E-10 1.13817E-10 9.57872E-11 3.09195E-08 9.13246E-13
 9.98032E-07 2.36361E-07 2.60861E-08 7.39317E-13 8.34006E-13 1.05987E-12 6.38937E-12 1.70968E-13
 2.65960E-14 5.67054E-14 3.93769E-16 7.78618E-17 2.62527E-21 7.82035E-17 1.37825E-13 1.01959E-11
 5.80185E-12 1.30225E-11 4.49574E-10 5.72232E-17 1.29290E-30 7.87226E-31 1.19579E-22 4.90640E-21
 3.19768E-20 6.69385E-30 9.12559E-12 2.72636E-09 3.32869E-06 2.63095E-10 1.31805E-10 1.08008E-10
 2.50970E-08 1.41750E-12 1.07607E-06 2.11573E-07 2.97225E-08 6.42434E-13 7.28036E-13 7.94269E-13
 6.19810E-12 1.53671E-13 2.17655E-14 4.28803E-14 2.98837E-16 5.74755E-17 1.35120E-21 3.55331E-17
 1.05817E-13 7.95531E-12 6.42245E-12 1.03403E-11 4.53872E-10 2.95313E-17 1.88808E-30 1.16577E-30
 1.45984E-22 5.72272E-21 3.11160E-20 9.40026E-30 9.79435E-12 3.07486E-09 3.29056E-06 3.04741E-10
 1.52581E-10 1.22085E-10 2.03351E-08 2.19227E-12 1.16140E-06 1.86655E-07 3.47958E-08 5.47037E-13
 6.21806E-13 5.99133E-13 6.04130E-12 1.41184E-13 1.78469E-14 3.30643E-14 2.31924E-16 4.32738E-17
 7.23851E-22 1.54861E-17 8.26650E-14 6.07770E-12 6.95117E-12 8.03888E-12 4.57508E-10 1.52687E-17
 2.72280E-30 1.70272E-30 1.76887E-22 6.64388E-21 3.01450E-20 1.31180E-29 1.30762E-11 3.44633E-09
 3.24558E-06 3.54515E-10 1.77816E-10 1.39871E-10 1.63883E-08 3.39722E-12 1.25369E-06 1.61623E-07
 4.23059E-08 4.53559E-13 5.15558E-13 4.55693E-13 5.91181E-12 1.33081E-13 1.47463E-14 2.62457E-14
 1.85463E-16 3.34087E-17 4.06984E-22 6.40016E-18 6.56692E-14 4.55220E-12 7.31965E-12 6.08452E-12
 4.60597E-10 7.89339E-18 3.92444E-30 2.47219E-30 2.10590E-22 7.63761E-21 2.90979E-20 1.81324E-29
 2.03097E-11 3.82414E-09 3.19336E-06 4.17232E-10 2.10272E-10 1.64454E-10 1.30837E-08 5.30919E-12
 1.35308E-06 1.36590E-07 5.36247E-08 3.64385E-13 4.12284E-13 3.49372E-13 5.80215E-12 1.29423E-13
 1.23558E-14 2.17012E-14 1.54336E-16 2.66530E-17 2.43182E-22 2.49973E-18 5.29101E-14 3.36285E-12
 7.49128E-12 4.47618E-12 4.63194E-10 4.09466E-18 5.74522E-30 3.60913E-30 2.44262E-22 8.67358E-21
 2.80077E-20 2.48059E-29 3.15735E-11 4.19796E-09 3.13299E-06 4.98810E-10 2.53397E-10 1.99723E-10
 1.03379E-08 8.41253E-12 1.45957E-06 1.11999E-07 7.02761E-08 2.83654E-13 3.17761E-13 2.69833E-13
 5.70648E-12 1.30078E-13 1.05333E-14 1.87885E-14 1.34183E-16 2.20784E-17 1.55335E-22 9.39159E-19
 4.31204E-14 2.48196E-12 7.51923E-12 3.22936E-12 4.65260E-10 2.15275E-18 8.62533E-30 5.33714E-30
 2.75190E-22 9.73580E-21 2.68930E-20 3.36207E-29 4.48457E-11 4.58028E-09 3.06384E-06 6.04457E-10
 3.10314E-10 2.49223E-10 8.12044E-09 1.35383E-11 1.57182E-06 8.88436E-08 9.34901E-08 2.14964E-13
 2.37415E-13 2.10381E-13 5.62179E-12 1.34162E-13 9.11312E-15 1.68846E-14 1.20802E-16 1.89196E-17
 1.04919E-22 3.50991E-19 3.55477E-14 1.85568E-12 7.52038E-12 2.32361E-12 4.66753E-10 1.15776E-18
 1.31947E-29 7.96300E-30 3.02345E-22 1.08202E-20 2.57591E-20 4.51842E-29 5.67982E-11 5.00808E-09
 2.98551E-06 7.37012E-10 3.82736E-10 3.14723E-10 6.39264E-09 2.20610E-11 1.68809E-06 6.82131E-08
 1.23986E-07 1.59247E-13 1.73107E-13 1.66065E-13 5.54668E-12 1.40001E-13 7.94226E-15 1.54337E-14
 1.10443E-16 1.65574E-17 7.29418E-23 1.34280E-19 2.96792E-14 1.41343E-12 7.58712E-12 1.69152E-12
 4.67719E-10 6.37013E-19 2.01773E-29 1.18322E-29 3.27147E-22 1.19351E-20 2.45961E-20 6.02539E-29
 6.44058E-11 5.53031E-09 2.89673E-06 8.96317E-10 4.70440E-10 3.95365E-10 5.08209E-09 3.61633E-11
 1.80851E-06 5.06680E-08 1.62431E-07 1.15128E-13 1.23321E-13 1.32627E-13 5.47968E-12 1.45592E-13
 6.91082E-15 1.40298E-14 1.00382E-16 1.45413E-17 5.05233E-23 5.32811E-20 2.50728E-14 1.09265E-12
 7.75053E-12 1.25403E-12 4.68268E-10 3.55536E-19 3.02224E-29 1.72700E-29 3.52851E-22 1.31058E-20
 2.33757E-20 7.98312E-29 6.62402E-11 6.19673E-09 2.79628E-06 1.07987E-09 5.71381E-10 4.87437E-10
 4.09864E-09 5.91938E-11 1.93384E-06 3.64198E-08 2.09527E-07 8.09495E-14 8.57482E-14 1.07033E-13
 5.41972E-12 1.49189E-13 5.96242E-15 1.24679E-14 8.92510E-17 1.26112E-17 3.39260E-23 2.19358E-20
 2.14133E-14 8.50388E-13 7.99721E-12 9.46985E-13 4.68521E-10 1.99092E-19 4.36708E-29 2.45082E-29
 3.82785E-22 1.43517E-20 2.20747E-20 1.05129E-28 6.29734E-11 7.05453E-09 2.68485E-06 1.28423E-09
 6.82275E-10 5.84671E-10 3.35720E-09 9.61643E-11 2.06338E-06 2.55002E-08 2.65527E-07 5.54947E-14
 5.84436E-14 8.74337E-14 5.36648E-12 1.49688E-13 5.08250E-15 1.07320E-14 7.69075E-17 1.06847E-17
 2.17189E-23 9.31391E-21 1.85170E-14 6.61139E-13 8.29435E-12 7.26194E-13 4.68580E-10 1.10864E-19
 6.03011E-29 3.36072E-29 4.19060E-22 1.56619E-20 2.07022E-20 1.37359E-28 5.62083E-11 8.15432E-09
 2.56255E-06 1.50511E-09 7.99110E-10 6.79720E-10 2.79070E-09 1.54454E-10 2.19788E-06 1.74777E-08
 3.31412E-07 3.71682E-14 3.91566E-14 7.22573E-14 5.31873E-12 1.46625E-13 4.27280E-15 8.90893E-15
 6.39530E-17 8.78995E-18 1.31399E-23 4.05347E-21 1.62106E-14 5.10722E-13 8.61425E-12 5.63768E-13
 4.68516E-10 6.10245E-20 7.93429E-29 4.44661E-29 4.63575E-22 1.70239E-20 1.92687E-20 1.77882E-28
 4.76619E-11 9.55589E-09 2.42907E-06 1.73748E-09 9.17574E-10 7.65259E-10 2.35034E-09 2.44806E-10
 2.33881E-06 1.17623E-08 4.09254E-07 2.43522E-14 2.58246E-14 6.03159E-14 5.27478E-12 1.40083E-13
 3.53980E-15 7.12076E-15 5.12537E-17 7.00428E-18 7.48773E-24 1.79916E-21 1.43532E-14 3.90793E-13
 8.94001E-12 4.41988E-13 4.68370E-10 3.30872E-20 9.95833E-29 5.68416E-29 5.18204E-22 1.84218E-20
 1.77879E-20 2.28207E-28 3.88834E-11 1.13310E-08 2.28544E-06 1.97631E-09 1.03355E-09 8.34854E-10
 2.00129E-09 3.82788E-10 2.48620E-06 7.81912E-09 5.01846E-07 1.56809E-14 1.68403E-14 5.08554E-14
 5.23325E-12 1.30579E-13 2.89031E-15 5.48377E-15 3.96117E-17 5.41011E-18 4.02493E-24 8.11113E-22
 1.28543E-14 2.95777E-13 9.26390E-12 3.49210E-13 4.68168E-10 1.76439E-20 1.19524E-28 7.03714E-29
 5.84373E-22 1.98217E-20 1.62924E-20 2.89732E-28 3.08342E-11 1.35730E-08 2.13271E-06 2.21620E-09
 1.14326E-09 8.83819E-10 1.71975E-09 5.90980E-10 2.64001E-06 5.15887E-09 6.13859E-07 9.96041E-15
 1.08935E-14 4.32988E-14 5.19266E-12 1.18840E-13 2.32664E-15 4.07270E-15 2.95545E-17 4.05937E-18
 2.04709E-24 3.70111E-22 1.16396E-14 2.21251E-13 9.58610E-12 2.77566E-13 4.67921E-10 9.24279E-21
 1.37700E-28 8.46591E-29 6.63807E-22 2.11904E-20 1.48137E-20 3.63873E-28 2.40270E-11 1.64095E-08
 1.97320E-06 2.45225E-09 1.24346E-09 9.09328E-10 1.48969E-09 9.02583E-10 2.79871E-06 3.40085E-09
 7.51410E-07 6.27387E-15 7.02470E-15 3.72564E-14 5.15201E-12 1.05672E-13 1.84776E-15 2.92132E-15
 2.13104E-17 2.96965E-18 9.89822E-25 1.70376E-22 1.06574E-14 1.63508E-13 9.91269E-12 2.21584E-13
 4.67632E-10 4.75257E-21 1.52815E-28 9.93005E-29 7.58118E-22 2.24877E-20 1.33906E-20 4.51782E-28
 1.86045E-11 2.00354E-08 1.81006E-06 2.68056E-09 1.33143E-09 9.10350E-10 1.30116E-09 1.36797E-09
 2.95976E-06 2.25830E-09 9.22007E-07 3.94170E-15 4.54220E-15 3.24406E-14 5.11071E-12 9.18160E-14
 1.44931E-15 2.02705E-15 1.48554E-17 2.12797E-18 4.57517E-25 7.88363E-23 9.86764E-15 1.19310E-13
 1.02550E-11 1.77337E-13 4.67299E-10 2.39519E-21 1.63803E-28 1.13882E-28 8.68943E-22 2.36749E-20
 1.20603E-20 5.54208E-28 1.44115E-11 2.47934E-08 1.64490E-06 2.89633E-09 1.40414E-09 8.86965E-10
 1.14943E-09 2.06728E-09 3.12197E-06 1.51656E-09 1.13652E-06 2.47138E-15 2.94711E-15 2.85790E-14
 5.06786E-12 7.78100E-14 1.12323E-15 1.35925E-15 9.99027E-18 1.49993E-18 2.02717E-25 3.64335E-23
 9.22932E-15 8.57252E-14 1.06275E-11 1.41826E-13 4.66912E-10 1.17722E-21 1.69746E-28 1.27887E-28
 9.99275E-22 2.47343E-20 1.08375E-20 6.71851E-28 1.11974E-11 3.13095E-08 1.47809E-06 3.09261E-09
 1.45777E-09 8.39825E-10 1.03305E-09 3.13524E-09 3.28518E-06 1.03001E-09 1.41005E-06 1.53785E-15
 1.90906E-15 2.54425E-14 5.02233E-12 6.40245E-14 8.59707E-16 8.76899E-16 6.44612E-18 1.04384E-18
 8.60178E-26 1.66302E-23 8.70656E-15 6.02844E-14 1.10469E-11 1.12717E-13 4.66458E-10 5.58592E-22
 1.69834E-28 1.40614E-28 1.15414E-21 2.56617E-20 9.72111E-21 8.05276E-28 8.73947E-12 4.06965E-08
 1.31037E-06 3.26011E-09 1.48785E-09 7.70485E-10 9.51317E-10 4.80813E-09 3.44871E-06 7.06910E-10
 1.76069E-06 9.40598E-16 1.22346E-15 2.28677E-14 4.97303E-12 5.07918E-14 6.49055E-16 5.40305E-16
 3.95670E-18 7.19498E-19 3.41602E-26 7.38274E-24 8.27323E-15 4.11216E-14 1.15324E-11 8.83345E-14
 4.65922E-10 2.52173E-22 1.63785E-28 1.51434E-28 1.34092E-21 2.64530E-20 8.70744E-21 9.54530E-28
 6.88437E-12 5.48302E-08 1.14500E-06 3.38857E-09 1.49041E-09 6.82663E-10 9.01850E-10 7.50521E-09
 3.60926E-06 4.91770E-10 2.20362E-06 5.60090E-16 7.68335E-16 2.07608E-14 4.91961E-12 3.85386E-14
 4.82706E-16 3.15827E-16 2.28913E-18 4.92138E-19 7.35967E-27 3.13813E-24 7.91438E-15 2.69666E-14
 1.21053E-11 6.77254E-14 4.65283E-10 1.06706E-22 1.52492E-28 1.60460E-28 1.56929E-21 2.70931E-20
 7.80206E-21 1.11862E-27 5.50295E-12 7.68376E-08 9.85923E-07 3.46249E-09 1.46191E-09 5.82236E-10
 8.80425E-10 1.19572E-08 3.76267E-06 3.48072E-10 2.75020E-06 3.21119E-16 4.66694E-16 1.90467E-14
 4.86187E-12 2.77421E-14 3.52593E-16 1.74024E-16 1.23720E-18 3.33282E-19 4.47956E-27 1.26012E-24
 7.61802E-15 1.68642E-14 1.27802E-11 5.04522E-14 4.64530E-10 4.17522E-23 1.37817E-28 1.68846E-28
 1.85502E-21 2.75646E-20 7.00678E-21 1.29664E-27 4.46324E-12 1.12084E-07 8.34946E-07 3.45554E-09
 1.39878E-09 4.76218E-10 8.82389E-10 1.94001E-08 3.90656E-06 2.50189E-10 3.41599E-06 1.74503E-16
 2.68804E-16 1.76386E-14 4.79858E-12 1.87981E-14 2.51282E-16 8.95398E-17 6.18690E-19 2.21751E-19
 1.62382E-27 4.72872E-25 7.36988E-15 9.97632E-15 1.35646E-11 3.63216E-14 4.63654E-10 1.49068E-23
 1.21592E-28 1.78174E-28 2.22748E-21 2.78515E-20 6.30773E-21 1.48942E-27 3.64465E-12 1.68333E-07
 6.94822E-07 3.38325E-09 1.31404E-09 3.75650E-10 8.93710E-10 3.19948E-08 4.03713E-06 1.82388E-10
 4.21045E-06 8.92475E-17 1.45390E-16 1.64750E-14 4.72878E-12 1.20713E-14 1.75537E-16 4.32781E-17
 2.88791E-19 1.44232E-19 5.18360E-28 1.68780E-25 7.15983E-15 5.66070E-15 1.45152E-11 2.54999E-14
 4.62599E-10 4.91172E-24 1.06832E-28 1.92229E-28 2.70177E-21 2.79488E-20 5.69456E-21 1.69692E-27
 2.92788E-12 2.62950E-07 5.67618E-07 3.48078E-09 1.28035E-09 2.86993E-10 9.00140E-10 5.79242E-08
 4.14810E-06 1.35114E-10 5.12885E-06 4.22033E-17 7.22829E-17 1.55193E-14 4.65282E-12 7.44015E-15
 1.27812E-16 1.99957E-17 1.29093E-19 9.30205E-20 1.54564E-28 6.04264E-26 6.98207E-15 3.23082E-15
 1.60192E-11 1.79537E-14 4.60978E-10 1.52840E-24 9.65668E-29 2.27863E-28 3.17647E-21 2.79625E-20
 5.16301E-21 1.94459E-27 2.41700E-12 8.17868E-07 4.43901E-07 2.42094E-09 8.96671E-10 1.59204E-10
 1.52606E-09 1.39575E-07 4.22844E-06 1.01729E-10 6.17883E-06 1.61506E-17 2.29233E-17 1.47352E-14
 4.57321E-12 2.21672E-15 6.37252E-17 6.22724E-18 2.98252E-20 4.43229E-20 2.55805E-29 1.15076E-26
 6.83167E-15 1.12639E-15 1.98467E-11 9.07066E-15 4.57027E-10 2.15017E-25 4.78264E-29 1.83158E-28
 5.25725E-21 2.62972E-20 4.70259E-21 2.25142E-27 1.52793E-12 4.84692E-06 3.36413E-07 7.29998E-10
 2.84003E-10 6.09243E-11 4.87264E-09 2.76592E-07 4.26536E-06 7.78026E-11 7.30306E-06 6.32319E-18
 8.26390E-18 1.40904E-14 4.48583E-12 2.74342E-16 1.45576E-17 1.62552E-18 4.16286E-21 8.33933E-21
 2.79160E-30 3.57779E-27 6.70125E-15 2.67974E-16 3.11811E-11 6.00475E-15 4.45555E-10 1.34511E-26
 8.01586E-30 4.36211E-29 1.22290E-20 1.96741E-20 4.30794E-21 1.65548E-27 6.98222E-13 1.60687E-05
 2.56163E-07 3.16566E-10 1.08782E-10 2.29526E-11 1.02073E-08 4.00442E-07 4.28117E-06 6.04943E-11
 8.41186E-06 2.62603E-18 4.72235E-18 1.35561E-14 4.39326E-12 1.08219E-16 4.37997E-18 4.47531E-19
 6.23734E-22 3.19685E-21 3.31426E-31 2.20380E-27 6.58513E-15 7.47444E-17 4.72041E-11 5.59917E-15
 4.29383E-10 9.26276E-28 1.12385E-30 1.00965E-29 1.70001E-20 1.51921E-20 3.97434E-21 8.81036E-28
 3.23260E-13 3.63423E-05 1.96860E-07 1.81522E-10 5.16880E-11 8.84962E-12 1.60051E-08 5.00619E-07
 4.28805E-06 4.77369E-11 9.49699E-06 1.14514E-18 3.32529E-18 1.31021E-14 4.29785E-12 7.90993E-17
 1.74346E-18 1.30872E-19 1.06631E-22 2.06556E-21 4.71148E-32 1.42235E-27 6.48039E-15 2.54362E-17
 6.46330E-11 5.29369E-15 4.11796E-10 1.89745E-28 1.52872E-31 2.90648E-30 1.86467E-20 1.37863E-20
 3.68961E-21 4.59080E-28 1.71841E-13 6.67320E-05 1.52608E-07 1.19761E-10 2.78401E-11 3.49390E-12
 2.14570E-08 5.79387E-07 4.29081E-06 3.81377E-11 1.05666E-05 5.19680E-19 2.60842E-18 1.27048E-14
 4.20011E-12 6.48451E-17 8.06465E-19 4.03931E-20 2.14369E-23 1.46267E-21 9.05699E-33 8.83547E-28
 6.38483E-15 9.99460E-18 8.21115E-11 4.90501E-15 3.94149E-10 6.73876E-29 2.10746E-32 9.98811E-31
 1.88690E-20 1.37648E-20 3.44299E-21 2.50193E-28 1.03595E-13 1.07728E-04 1.19435E-07 8.51645E-11
 1.62550E-11 1.41542E-12 2.60684E-08 6.40512E-07 4.29151E-06 3.08384E-11 1.16210E-05 2.44957E-19
 2.19746E-18 1.23513E-14 4.10119E-12 5.40856E-17 4.03729E-19 1.31536E-20 5.20086E-24 1.04549E-21
 2.51247E-33 5.25759E-28 6.29754E-15 4.29765E-18 9.89590E-11 4.44717E-15 3.77122E-10 2.73798E-29
 3.05733E-33 3.97599E-31 1.87706E-20 1.40296E-20 3.22815E-21 1.45310E-28 6.84786E-14 1.59567E-04
 9.44114E-08 6.31233E-11 1.00371E-11 5.89235E-13 2.95786E-08 6.87811E-07 4.29114E-06 2.52327E-11
 1.26611E-05 1.19747E-19 1.95072E-18 1.20327E-14 4.00212E-12 4.51629E-17 2.11005E-19 4.51591E-21
 1.51320E-24 7.45637E-22 9.05933E-34 3.00902E-28 6.21771E-15 1.95225E-18 1.14867E-10 3.95373E-15
 3.61022E-10 1.18173E-29 4.85666E-34 1.78384E-31 1.87919E-20 1.41448E-20 3.03993E-21 8.98245E-29
 4.85098E-14 2.22301E-04 7.54108E-08 4.78831E-11 6.45992E-12 2.52424E-13 3.18814E-08 7.24487E-07
 4.29017E-06 2.08886E-11 1.36880E-05 6.06277E-20 1.79995E-18 1.17430E-14 3.90379E-12 3.76606E-17
 1.12955E-19 1.63261E-21 5.09056E-25 5.30180E-22 3.68813E-34 1.66304E-28 6.14460E-15 9.18455E-19
 1.29704E-10 3.45374E-15 3.45981E-10 5.29685E-30 8.82638E-35 8.81210E-32 1.90528E-20 1.39946E-20
 2.87419E-21 5.86131E-29 3.63108E-14 2.95782E-04 6.08949E-08 3.67866E-11 4.29456E-12 1.11454E-13
 3.29801E-08 7.53047E-07 4.28886E-06 1.74955E-11 1.47022E-05 3.17592E-20 1.70745E-18 1.14783E-14
 3.80703E-12 3.13609E-17 6.12755E-20 6.20541E-22 1.89498E-25 3.76112E-22 1.57102E-34 8.90391E-29
 6.07752E-15 4.42633E-19 1.43417E-10 2.96898E-15 3.32049E-10 2.43645E-30 1.90439E-35 4.70399E-32
 1.95552E-20 1.35803E-20 2.72770E-21 3.99930E-29 2.84599E-14 3.79636E-04 4.97488E-08 2.84429E-11
 2.93145E-12 5.08374E-14 3.29612E-08 7.75396E-07 4.28733E-06 1.48282E-11 1.57041E-05 1.72128E-20
 1.65075E-18 1.12358E-14 3.71254E-12 2.60893E-17 3.34736E-20 2.47618E-22 7.54562E-26 2.66405E-22
 6.80373E-35 4.62946E-29 6.01584E-15 2.17187E-19 1.56002E-10 2.51468E-15 3.19231E-10 1.14166E-30
 4.93527E-36 2.67322E-32 2.02605E-20 1.29430E-20 2.59785E-21 2.82833E-29 2.32144E-14 4.73246E-04
 4.11636E-08 2.20474E-11 2.04600E-12 2.41102E-14 3.19742E-08 7.92960E-07 4.28565E-06 1.27223E-11
 1.66940E-05 9.68489E-21 1.61600E-18 1.10137E-14 3.62100E-12 2.16918E-17 1.83597E-20 1.04038E-22
 3.15672E-26 1.88527E-22 2.97700E-35 2.34387E-29 5.95899E-15 1.08375E-19 1.67477E-10 2.10077E-15
 3.07508E-10 5.42440E-31 1.51062E-36 1.59758E-32 2.11073E-20 1.21463E-20 2.48255E-21 2.05653E-29
 1.93799E-14 5.79884E-04 3.42851E-08 1.70740E-11 1.44628E-12 1.17074E-14 3.04082E-08 8.07337E-07
 4.28380E-06 1.09899E-11 1.77115E-05 5.57653E-21 1.59367E-18 1.08023E-14 3.52940E-12 1.80156E-17
 1.00531E-20 4.51322E-23 1.35155E-26 1.33245E-22 1.30003E-35 1.16052E-29 5.90433E-15 5.43112E-20
 1.78296E-10 1.73578E-15 2.96413E-10 2.58869E-31 5.14822E-37 9.81427E-33 2.20294E-20 1.12594E-20
 2.37594E-21 1.51722E-29 1.63109E-14 7.04981E-04 2.85309E-08 1.31817E-11 1.02750E-12 5.69124E-15
 2.85788E-08 8.19652E-07 4.28169E-06 9.49870E-12 1.88055E-05 3.22376E-21 1.57835E-18 1.05921E-14
 3.43420E-12 1.49325E-17 5.46968E-21 1.96999E-23 5.78731E-27 9.39785E-23 5.59796E-36 5.63867E-30
 5.84914E-15 2.69838E-20 1.88907E-10 1.42173E-15 2.85480E-10 1.23119E-31 1.84303E-37 6.08949E-33
 2.29820E-20 1.03282E-20 2.27273E-21 1.12451E-29 1.38197E-14 8.50689E-04 2.37008E-08 1.01417E-11
 7.33803E-13 2.76318E-15 2.65449E-08 8.30286E-07 4.27928E-06 8.20821E-12 1.99883E-05 1.86671E-21
 1.56737E-18 1.03821E-14 3.33530E-12 1.23510E-17 2.95913E-21 8.62176E-24 2.47698E-27 6.61413E-23
 2.38558E-36 2.69308E-30 5.79291E-15 1.33248E-20 1.99318E-10 1.15467E-15 2.74693E-10 5.83577E-32
 6.67200E-38 3.81262E-33 2.39328E-20 9.38402E-21 2.17217E-21 8.36300E-30 1.17916E-14 1.01849E-03
 1.96559E-08 7.77428E-12 5.27205E-13 1.34092E-15 2.43525E-08 8.39500E-07 4.27655E-06 7.09188E-12
 2.12655E-05 1.08296E-21 1.55898E-18 1.01726E-14 3.23316E-12 1.01946E-17 1.59216E-21 3.78285E-24
 1.06177E-27 4.64512E-23 1.00940E-36 1.26476E-30 5.73542E-15 6.55813E-21 2.09477E-10 9.29869E-16
 2.64095E-10 2.75807E-32 2.53417E-38 2.41098E-33 2.48613E-20 8.44559E-21 2.07414E-21 6.24153E-30
 1.01337E-14 1.20973E-03 1.62756E-08 5.93710E-12 3.81223E-13 6.50957E-16 2.20617E-08 8.47521E-07
 4.27347E-06 6.12646E-12 2.26426E-05 6.29622E-22 1.55200E-18 9.96344E-15 3.12808E-12 8.39714E-18
 8.51879E-22 1.66362E-24 4.56439E-28 3.25535E-23 4.24724E-37 5.84209E-31 5.67641E-15 3.22217E-21
 2.19337E-10 7.42611E-16 2.53723E-10 1.30003E-32 9.78183E-39 1.54074E-33 2.57512E-20 7.52748E-21
 1.97849E-21 4.67480E-30 8.77230E-15 1.42547E-03 1.34556E-08 4.51709E-12 2.77525E-13 3.16401E-16
 1.97367E-08 8.54537E-07 4.26998E-06 5.29163E-12 2.41242E-05 3.66919E-22 1.54560E-18 9.75447E-15
 3.02020E-12 6.90159E-18 4.53215E-22 7.33144E-25 1.96983E-28 2.27634E-23 1.77869E-37 2.65542E-31
 5.61559E-15 1.58243E-21 2.28856E-10 5.88274E-16 2.43606E-10 6.11244E-33 2.31257E-39 9.95330E-34
 2.65867E-20 6.64355E-21 1.88505E-21 3.51359E-30 7.65862E-15 1.66635E-03 1.11060E-08 3.42549E-12
 2.03439E-13 1.54123E-16 1.74456E-08 8.60704E-07 4.26604E-06 4.56951E-12 2.57132E-05 2.14326E-22
 1.53918E-18 9.54528E-15 2.90943E-12 5.65901E-18 2.40025E-22 3.23592E-25 8.55470E-29 1.58795E-23
 7.43572E-38 1.19032E-31 5.55261E-15 7.80004E-22 2.37995E-10 4.62582E-16 2.33769E-10 2.86913E-33
 1.44731E-39 6.50077E-34 2.73503E-20 5.80891E-21 1.79361E-21 2.64961E-30 7.05890E-15 1.93169E-03
 9.15546E-09 2.61787E-12 1.51865E-13 7.55797E-17 1.57161E-08 8.66164E-07 4.26174E-06 3.94646E-12
 2.74053E-05 1.25654E-22 1.53234E-18 9.33596E-15 2.79572E-12 4.68778E-18 1.31195E-22 1.43284E-25
 3.83034E-29 1.14226E-23 3.23249E-38 5.66374E-32 5.48726E-15 4.00961E-22 2.46692E-10 3.68309E-16
 2.24262E-10 1.46930E-33 6.81007E-40 4.34019E-34 2.80163E-20 5.04675E-21 1.70421E-21 2.02606E-30
 6.84385E-15 2.21979E-03 7.54779E-09 2.00801E-12 1.15209E-13 3.75016E-17 1.43289E-08 8.71075E-07
 4.25732E-06 3.41209E-12 2.91885E-05 7.41880E-23 1.52477E-18 9.12685E-15 2.68035E-12 3.91298E-18
 7.35542E-23 6.38834E-26 1.78235E-29 8.41971E-24 1.47568E-38 2.82315E-32 5.41941E-15 2.15803E-22
 2.54863E-10 2.95317E-16 2.15150E-10 8.09182E-34 3.32733E-40 2.95915E-34 2.85869E-20 4.35198E-21
 1.61705E-21 1.56833E-30 6.45876E-15 2.53043E-03 6.22500E-09 1.51629E-12 8.70091E-14 1.88003E-17
 1.25007E-08 8.75550E-07 4.25283E-06 2.95400E-12 3.10593E-05 4.41320E-23 1.51618E-18 8.91682E-15
 2.56510E-12 3.21479E-18 3.96090E-23 2.86335E-26 8.29515E-30 5.97989E-24 6.60190E-39 1.28996E-32
 5.34849E-15 1.14276E-22 2.62491E-10 2.30171E-16 2.06433E-10 4.07794E-34 1.57870E-40 2.02046E-34
 2.90810E-20 3.70204E-21 1.53178E-21 1.20492E-30 6.42641E-15 2.86214E-03 5.13785E-09 1.14949E-12
 6.68429E-14 9.53647E-18 1.10868E-08 8.79683E-07 4.24838E-06 2.56142E-12 3.30102E-05 2.64812E-23
 1.50632E-18 8.70511E-15 2.45082E-12 2.66864E-18 2.18131E-23 1.29092E-26 3.95008E-30 4.37872E-24
 3.03016E-39 6.16983E-33 5.27393E-15 6.19371E-23 2.69553E-10 1.80972E-16 1.98106E-10 2.23162E-34
 7.85219E-41 1.40971E-34 2.94750E-20 3.11688E-21 1.44809E-21 9.38195E-31 6.17542E-15 3.21377E-03
 4.24595E-09 8.57973E-13 5.10048E-14 4.88831E-18 9.37501E-09 8.83561E-07 4.24405E-06 2.22521E-12
 3.50331E-05 1.60275E-23 1.49493E-18 8.49071E-15 2.34003E-12 2.17811E-18 1.14903E-23 5.84233E-27
 1.85495E-30 3.07505E-24 1.33804E-39 2.67878E-33 5.19500E-15 3.25319E-23 2.76031E-10 1.38062E-16
 1.90160E-10 1.10293E-34 3.86069E-41 9.82615E-35 2.97776E-20 2.58318E-21 1.36561E-21 7.23241E-31
 6.09798E-15 3.58368E-03 3.51358E-09 6.40392E-13 3.93211E-14 2.53056E-18 7.93175E-09 8.87214E-07
 4.23979E-06 1.93685E-12 3.71207E-05 9.78396E-24 1.48174E-18 8.27269E-15 2.23364E-12 1.78551E-18
 6.08416E-24 2.65161E-27 8.74630E-31 2.18689E-24 5.89447E-40 1.17072E-33 5.11086E-15 1.70799E-23
 2.81916E-10 1.05238E-16 1.82571E-10 5.63324E-35 1.93785E-41 6.95073E-35 2.99703E-20 2.11427E-21
 1.28390E-21 5.61177E-31 6.12482E-15 3.96885E-03 2.91448E-09 4.77157E-13 3.05417E-14 1.32502E-18
 6.66790E-09 8.90752E-07 4.23592E-06 1.69030E-12 3.92556E-05 6.03158E-24 1.46649E-18 8.05091E-15
 2.13392E-12 1.46689E-18 3.22890E-24 1.20866E-27 4.14751E-31 1.56373E-24 2.60013E-40 5.09305E-34
 5.02078E-15 8.96480E-24 2.87169E-10 7.97923E-17 1.75344E-10 2.92211E-35 9.90157E-42 4.97770E-35
 3.00497E-20 1.70833E-21 1.20278E-21 4.37035E-31 5.80121E-15 4.36864E-03 2.42342E-09 3.50544E-13
 2.34369E-14 7.00289E-19 5.28506E-09 8.94149E-07 4.23218E-06 1.47892E-12 4.14335E-05 3.74218E-24
 1.44885E-18 7.82410E-15 2.04327E-12 1.18182E-18 1.62181E-24 5.51321E-28 1.90234E-31 1.05918E-24
 1.07610E-40 1.95186E-34 4.92357E-15 4.46211E-24 2.91781E-10 5.83806E-17 1.68442E-10 1.31802E-35
 4.92816E-42 3.54256E-35 3.00190E-20 1.35526E-21 1.12173E-21 3.35026E-31 5.50401E-15 4.78158E-03
 2.01965E-09 2.58091E-13 1.80824E-14 3.73049E-19 4.15089E-09 8.97294E-07 4.22809E-06 1.29708E-12
 4.36479E-05 2.33325E-24 1.42850E-18 7.59150E-15 1.96149E-12 9.54585E-19 8.12668E-25 2.51411E-28
 8.59776E-32 7.19188E-25 4.32901E-41 7.32640E-35 4.81812E-15 2.16931E-24 2.95741E-10 4.24617E-17
 1.61829E-10 5.93072E-36 2.44086E-42 2.54557E-35 2.98663E-20 1.06014E-21 1.04037E-21 2.57169E-31
 5.25539E-15 5.20484E-03 1.68807E-09 1.91149E-13 1.40247E-14 2.00476E-19 3.23634E-09 9.00190E-07
 4.22357E-06 1.14082E-12 4.58820E-05 1.46231E-24 1.40515E-18 7.35328E-15 1.88878E-12 7.73416E-19
 4.10409E-25 1.14808E-28 3.86940E-32 4.89767E-25 1.72179E-41 2.72395E-35 4.70358E-15 1.04405E-24
 2.99004E-10 3.07504E-17 1.55506E-10 2.67789E-36 1.21523E-42 1.84679E-35 2.95888E-20 8.19732E-22
 9.58738E-22 1.97607E-31 5.03792E-15 5.63590E-03 1.41613E-09 1.42873E-13 1.09322E-14 1.08816E-19
 2.50523E-09 9.02839E-07 4.21856E-06 1.00674E-12 4.81186E-05 9.21269E-25 1.37853E-18 7.10972E-15
 1.82537E-12 6.28900E-19 2.09712E-25 5.26090E-29 1.74156E-32 3.34686E-25 6.81771E-42 1.00328E-35
 4.57917E-15 4.99398E-25 3.01526E-10 2.21693E-17 1.49469E-10 1.21295E-36 6.09925E-43 1.35256E-35
 2.91873E-20 6.27180E-22 8.76961E-22 1.51944E-31 4.69575E-15 6.07360E-03 1.19289E-09 1.07826E-13
 8.48710E-15 5.96648E-20 1.88166E-09 9.05133E-07 4.21251E-06 8.91560E-13 5.03465E-05 5.82388E-25
 1.34835E-18 6.86069E-15 1.77137E-12 5.08166E-19 1.06276E-25 2.42086E-29 7.72661E-33 2.23361E-25
 2.62463E-42 3.47061E-36 4.44400E-15 2.32807E-25 3.03268E-10 1.57023E-17 1.43705E-10 5.14705E-37
 3.04108E-43 9.91866E-36 2.86639E-20 4.74121E-22 7.95213E-22 1.15845E-31 4.28909E-15 6.51720E-03
 1.00914E-09 8.30328E-14 6.57413E-15 3.30298E-20 1.38141E-09 9.06807E-07 4.20426E-06 7.92358E-13
 5.25561E-05 3.68938E-25 1.31438E-18 6.60629E-15 1.72568E-12 4.09151E-19 5.41382E-26 1.11918E-29
 3.37536E-33 1.46615E-25 9.80940E-43 1.14144E-36 4.29749E-15 1.05772E-25 3.04197E-10 1.09773E-17
 1.38199E-10 2.07787E-37 1.50486E-43 7.29340E-36 2.80201E-20 3.54664E-22 7.13898E-22 8.77181E-32
 4.03659E-15 6.96423E-03 8.58212E-10 6.62204E-14 5.15855E-15 1.84978E-20 1.03372E-09 9.07771E-07
 4.19337E-06 7.07117E-13 5.47263E-05 2.34775E-25 1.27660E-18 6.34787E-15 1.68662E-12 3.34239E-19
 2.91867E-26 5.21687E-30 1.49070E-33 9.93339E-26 3.71341E-43 3.92448E-37 4.13987E-15 4.84468E-26
 3.04271E-10 7.75960E-18 1.32968E-10 8.97300E-38 7.57057E-44 5.44805E-36 2.72606E-20 2.63913E-22
 6.33922E-22 6.69645E-32 3.78761E-15 7.41398E-03 7.34391E-10 5.49151E-14 4.04799E-15 1.04959E-20
 7.64208E-10 9.07987E-07 4.17945E-06 6.33940E-13 5.68409E-05 1.50160E-25 1.23499E-18 6.08630E-15
 1.65351E-12 2.72844E-19 1.63242E-26 2.45883E-30 6.61292E-34 6.67858E-26 1.40781E-43 1.32441E-37
 3.97131E-15 2.21648E-26 3.03454E-10 5.44717E-18 1.28016E-10 3.80314E-38 3.84744E-44 4.08876E-36
 2.63918E-20 1.95324E-22 5.56135E-22 5.08733E-32 3.57986E-15 7.86587E-03 6.32953E-10 4.77283E-14
 3.18852E-15 6.04465E-21 5.64224E-10 9.07278E-07 4.16160E-06 5.71156E-13 5.88849E-05 9.66827E-26
 1.18968E-18 5.82282E-15 1.62538E-12 2.23620E-19 9.60939E-27 1.17506E-30 2.95763E-34 4.51344E-26
 5.37570E-44 4.46612E-38 3.79261E-15 1.01738E-26 3.01727E-10 3.81960E-18 1.23349E-10 1.62251E-38
 1.98119E-44 3.09189E-36 2.54225E-20 1.44004E-22 4.81566E-22 3.86001E-32 3.44375E-15 8.31951E-03
 5.50183E-10 4.35422E-14 2.52963E-15 3.54661E-21 4.20414E-10 9.05578E-07 4.13931E-06 5.17405E-13
 6.08420E-05 6.29000E-26 1.14096E-18 5.55900E-15 1.60142E-12 1.84793E-19 6.02269E-27 5.71790E-31
 1.34379E-34 3.10208E-26 2.09327E-44 1.54169E-38 3.60508E-15 4.72710E-27 2.99080E-10 2.69084E-18
 1.18978E-10 7.16701E-39 1.03973E-44 2.36153E-36 2.43638E-20 1.05989E-22 4.11301E-22 2.93483E-32
 3.30325E-15 8.77618E-03 4.82885E-10 4.17383E-14 2.00381E-15 2.13373E-21 3.09889E-10 9.02738E-07
 4.11167E-06 4.71374E-13 6.27032E-05 4.15794E-26 1.08915E-18 5.29595E-15 1.58114E-12 1.52447E-19
 3.94935E-27 2.84647E-31 6.14930E-35 2.11358E-26 8.19409E-45 5.21414E-39 3.41002E-15 2.20065E-27
 2.95517E-10 1.88214E-18 1.14901E-10 3.10079E-39 5.52435E-45 1.80869E-36 2.32268E-20 7.79797E-23
 3.46201E-22 2.21629E-32 3.18362E-15 9.23663E-03 4.28566E-10 4.17475E-14 1.59058E-15 1.33833E-21
 2.28296E-10 8.98510E-07 4.07738E-06 4.31977E-13 6.44586E-05 2.83193E-26 1.03478E-18 5.03542E-15
 1.56391E-12 1.26144E-19 2.71288E-27 1.46712E-31 2.84545E-35 1.44579E-26 3.23697E-45 1.75910E-39
 3.20954E-15 1.03118E-27 2.91065E-10 1.31437E-18 1.11122E-10 1.34503E-39 2.98908E-45 1.39247E-36
 2.20267E-20 5.77018E-23 2.87120E-22 1.66835E-32 3.07753E-15 9.70264E-03 3.85170E-10 4.33715E-14
 1.25945E-15 9.08551E-22 1.66863E-10 8.92595E-07 4.03487E-06 3.98220E-13 6.61031E-05 2.04296E-26
 9.78442E-19 4.77890E-15 1.54918E-12 1.04184E-19 1.93131E-27 8.10009E-32 1.35151E-35 9.80726E-27
 1.30108E-45 5.83883E-40 3.00576E-15 4.94474E-28 2.85765E-10 9.13072E-19 1.07640E-10 5.73881E-40
 1.68680E-45 1.07355E-36 2.07788E-20 4.35344E-23 2.34599E-22 1.24618E-32 3.09138E-15 1.01743E-02
 3.51322E-10 4.54882E-14 1.01406E-15 7.15716E-22 1.27830E-10 8.85024E-07 3.98399E-06 3.69467E-13
 6.76242E-05 1.63713E-26 9.21013E-19 4.52895E-15 1.53644E-12 8.78849E-20 1.47352E-27 5.27025E-32
 7.40061E-36 7.00739E-27 6.04984E-46 2.19091E-40 2.80184E-15 2.77233E-28 2.79695E-10 6.53038E-19
 1.04464E-10 2.79753E-40 1.11721E-45 8.39814E-37 1.95043E-20 3.46044E-23 1.89087E-22 9.41838E-33
 2.85150E+02 2.78650E+02 2.72150E+02 2.65660E+02 2.61170E+02 2.55680E+02 2.49190E+02 2.42700E+02
 2.36210E+02 2.25000E+02 2.10000E+02 2.10000E+02 2.10000E+02 2.10000E+02 2.10000E+02 2.00000E+02
 2.00000E+02 2.00000E+02 2.00000E+02 2.00000E+02 2.00000E+02 2.00000E+02 2.00000E+02 2.00000E+02
 2.00000E+02 2.00000E+02 2.00000E+02 2.00000E+02 2.00000E+02 2.00000E+02 2.00000E+02 2.00000E+02
 2.00000E+02 2.00000E+02 2.00000E+02 2.00000E+02 2.00000E+02 2.00000E+02 2.00000E+02 2.00000E+02
 2.00000E+02 2.00000E+02 2.00000E+02 2.00000E+02 2.00000E+02 2.00000E+02 2.00000E+02 2.00000E+02
 2.00000E+02 2.00000E+02 2.00000E+02 2.00000E+02 2.00000E+02 2.00000E+02 2.00000E+02 2.00000E+02
 2.00000E+02 2.00000E+02 2.00000E+02 2.00000E+02 2.00000E+02 2.00000E+02 2.00000E+02 2.00000E+02
 2.00000E+02 2.00000E+02 2.00000E+02 2.00000E+02 2.00000E+02 2.00000E+02 2.00000E+02 2.00000E+02
 2.00000E+02 2.00000E+02 2.00000E+02 2.00000E+02 2.00000E+02 2.00000E+02 2.00000E+02 1.98600E+02
 1.96000E+02 1.94700E+02 1.92000E+02 1.90800E+02 1.89000E+02 1.86900E+02 1.86900E+02 1.86900E+02
 1.86900E+02 1.86900E+02 1.88000E+02 1.90000E+02 1.91000E+02 1.92500E+02 1.94000E+02 1.95000E+02
 1.96500E+02 1.98000E+02 2.00000E+02 2.00000E+02 1.00000E+05 1.00000E+05 1.00000E+05 1.00000E+05
 1.00000E+05 1.00000E+05 1.00000E+05 1.00000E+05 1.00000E+05 8.94400E+04 4.89900E+04 2.25800E+04
 1.16600E+04 6.81200E+03 5.16500E+03 4.29000E+03 3.95000E+03 3.90000E+03 3.99900E+03 4.34300E+03
 4.84400E+03 5.43900E+03 6.18700E+03 7.03600E+03 7.98400E+03 8.98600E+03 1.00300E+04 1.12800E+04
 1.24900E+04 1.36300E+04 1.51300E+04 1.66900E+04 1.81800E+04 1.99800E+04 2.19800E+04 2.44500E+04
 2.74600E+04 3.04600E+04 3.39400E+04 3.79500E+04 4.19500E+04 4.64300E+04 5.19100E+04 5.84000E+04
 6.44500E+04 7.13600E+04 7.99000E+04 8.79100E+04 9.68700E+04 1.06900E+05 1.17800E+05 1.31800E+05
 1.48300E+05 1.65800E+05 1.83300E+05 2.01800E+05 2.25600E+05 2.52200E+05 2.77200E+05 3.07000E+05
 3.42100E+05 3.79500E+05 4.21900E+05 4.71700E+05 5.17400E+05 5.67400E+05 6.22400E+05 6.82600E+05
 7.48700E+05 8.21200E+05 9.00700E+05 9.87900E+05 1.00000E+06 1.00000E+06 1.00000E+06 1.00000E+06
 1.00000E+06 1.00000E+06 1.00000E+06 1.00000E+06 1.00000E+06 1.00000E+06 1.00000E+06 1.00000E+06
 1.00000E+06 1.00000E+06 1.00000E+06 1.00000E+06 1.00000E+06 1.00000E+06 1.00000E+06 1.00000E+06
 1.00000E+06 1.00000E+06 1.00000E+06 1.00000E+06 1.00000E+06 1.00000E+06 1.00000E+06 1.00000E+06
 2.42862E+19 2.20939E+19 2.00555E+19 1.81626E+19 1.62909E+19 1.46386E+19 1.31732E+19 1.18220E+19
 1.05787E+19 9.62141E+18 8.85436E+18 7.56441E+18 6.46271E+18 5.52173E+18 4.71800E+18 4.21682E+18
 3.57517E+18 3.03131E+18 2.57031E+18 2.17954E+18 1.84827E+18 1.56743E+18 1.32934E+18 1.12746E+18
 9.56298E+17 8.11159E+17 6.88084E+17 5.83712E+17 4.95198E+17 4.20127E+17 3.56456E+17 3.02449E+17
 2.56638E+17 2.17777E+17 1.84810E+17 1.56842E+17 1.33113E+17 1.12980E+17 9.58966E+16 8.14007E+16
 6.90995E+16 5.86603E+16 4.98007E+16 4.22814E+16 3.58992E+16 3.04819E+16 2.58835E+16 2.19798E+16
 1.86659E+16 1.58524E+16 1.34637E+16 1.14355E+16 9.71329E+15 8.25089E+15 7.00903E+15 5.95438E+15
 5.05868E+15 4.29794E+15 3.65178E+15 3.10293E+15 2.63670E+15 2.24064E+15 1.90416E+15 1.61830E+15
 1.37542E+15 1.16905E+15 9.93698E+14 8.44689E+14 7.18061E+14 6.10447E+14 5.18986E+14 4.41251E+14
 3.75178E+14 3.19015E+14 2.71273E+14 2.30688E+14 1.96184E+14 1.66850E+14 1.41908E+14 1.21483E+14
 1.04473E+14 8.91191E+13 7.64523E+13 6.49756E+13 5.53284E+13 4.71126E+13 3.96349E+13 3.33458E+13
 2.80562E+13 2.36069E+13 1.97581E+13 1.64831E+13 1.38438E+13 1.16106E+13 9.75146E+12 8.22074E+12
 6.92052E+12 5.83387E+12 4.91313E+12 4.18309E+12 8.26900E-11 1.00931E-10 1.39590E-10 1.88451E-10
 2.42635E-10 2.97783E-10 3.49797E-10 3.95607E-10 4.33000E-10 4.62296E-10 4.90173E-10 5.26177E-10
 5.57448E-10 5.68961E-10 5.53491E-10 5.19148E-10 4.74579E-10 4.26515E-10 3.79465E-10 3.36483E-10
 2.99281E-10 2.67618E-10 2.40879E-10 2.18412E-10 1.99176E-10 1.81642E-10 1.64851E-10 1.48838E-10
 1.33583E-10 1.18931E-10 1.04989E-10 9.19062E-11 7.96241E-11 6.81965E-11 5.77369E-11 4.83286E-11
 4.00436E-11 3.28163E-11 2.65610E-11 2.12345E-11 1.67398E-11 1.29841E-11 9.91298E-12 7.45988E-12
 5.51852E-12 3.99850E-12 2.84066E-12 1.97412E-12 1.33584E-12 8.78918E-13 5.56080E-13 3.43181E-13
 2.06901E-13 1.21304E-13 6.86157E-14 3.72601E-14 1.95600E-14 9.90974E-15 4.77721E-15 2.19626E-15
 9.64788E-16 4.02125E-16 1.58763E-16 5.95074E-17 2.06989E-17 6.64294E-18 1.95595E-18 5.24501E-19
 1.27156E-19 2.77808E-20 5.43653E-21 9.45461E-22 1.23877E-22 1.13487E-23 6.82679E-25 2.50450E-26
 5.13761E-28 5.32150E-30 2.46877E-32 4.43419E-35 2.57149E-38 3.88567E-42 1.17433E-46 5.20400E-52
 2.32048E-58 6.56571E-66 6.99666E-75 1.51461E-85 3.19916E-98 1.00000-100 1.00000-100 1.00000-100
 1.00000-100 1.00000-100 1.00000-100 1.00000-100 1.00000-100 1.00000-100 1.00000-100 1.00000-100
 2.90817E+01 2.54222E+01 2.60448E+01 2.69955E+01 2.85981E+01 2.94934E+01 2.93766E+01 2.85833E+01
 2.69760E+01 2.53218E+01 2.41299E+01 2.05654E+01 1.81921E+01 1.54501E+01 1.23946E+01 1.12604E+01
 9.12137E+00 7.80178E+00 6.88700E+00 6.40958E+00 6.16678E+00 6.06331E+00 6.16573E+00 6.44967E+00
 6.25161E+00 4.78644E+00 3.64756E+00 2.76455E+00 2.08248E+00 1.55765E+00 1.15600E+00 8.50677E-01
 6.19522E-01 4.46227E-01 3.17742E-01 2.23693E-01 1.56031E-01 1.07774E-01 7.35222E-02 4.95421E-02
 3.29187E-02 2.15208E-02 1.38484E-02 8.79066E-03 5.48770E-03 3.35516E-03 2.01231E-03 1.18127E-03
 6.75130E-04 3.75238E-04 2.00657E-04 1.04654E-04 5.33168E-05 2.64118E-05 1.26213E-05 5.78891E-06
 2.56629E-06 1.09867E-06 4.47628E-07 1.73895E-07 6.45373E-08 2.26962E-08 7.55389E-09 2.38697E-09
 7.00166E-10 1.89543E-10 4.70892E-11 1.06431E-11 2.17348E-12 4.02817E-13 6.70181E-14 9.90933E-15
 1.10393E-15 8.59950E-17 4.39884E-18 1.37234E-19 2.39409E-21 2.10899E-23 8.32156E-26 1.27952E-28
 6.38122E-32 8.22530E-36 2.13252E-40 8.03162E-46 3.04959E-52 7.34740E-60 6.58694E-69 1.19966E-79
 2.13196E-92 5.60740E-95 4.69317E-95 3.91525E-95 3.28833E-95 2.75788E-95 2.31628E-95 1.95269E-95
 1.64384E-95 1.38573E-95 1.16702E-95 9.93616E-96 0.00000E+00 0.00000E+00 0.00000E+00 0.00000E+00
 0.00000E+00 0.00000E+00 0.00000E+00 0.00000E+00 0.00000E+00 0.00000E+00 0.00000E+00 0.00000E+00
 0.00000E+00 0.00000E+00 0.00000E+00 0.00000E+00 0.00000E+00 0.00000E+00 0.00000E+00 0.00000E+00
 0.00000E+00 0.00000E+00 0.00000E+00 0.00000E+00 0.00000E+00 0.00000E+00 0.00000E+00 0.00000E+00
 0.00000E+00 0.00000E+00 0.00000E+00 0.00000E+00 0.00000E+00 0.00000E+00 0.00000E+00 0.00000E+00
 0.00000E+00 0.00000E+00 0.00000E+00 0.00000E+00 0.00000E+00 0.00000E+00 0.00000E+00 0.00000E+00
 0.00000E+00 0.00000E+00 0.00000E+00 0.00000E+00 0.00000E+00 0.00000E+00 0.00000E+00 0.00000E+00
 0.00000E+00 0.00000E+00 0.00000E+00 0.00000E+00 0.00000E+00 0.00000E+00 0.00000E+00 0.00000E+00
 0.00000E+00 0.00000E+00 0.00000E+00 0.00000E+00 0.00000E+00 0.00000E+00 0.00000E+00 0.00000E+00
 0.00000E+00 0.00000E+00 0.00000E+00 0.00000E+00 0.00000E+00 0.00000E+00 0.00000E+00 0.00000E+00
 0.00000E+00 0.00000E+00 0.00000E+00 0.00000E+00 0.00000E+00 0.00000E+00 0.00000E+00 0.00000E+00
 0.00000E+00 0.00000E+00 0.00000E+00 0.00000E+00 0.00000E+00 0.00000E+00 0.00000E+00 0.00000E+00
 0.00000E+00 0.00000E+00 0.00000E+00 0.00000E+00 0.00000E+00 0.00000E+00 0.00000E+00 0.00000E+00
 0.00000E+00 0.00000E+00 0.00000E+00 0.00000E+00 0.00000E+00 0.00000E+00 0.00000E+00 0.00000E+00
 0.00000E+00 0.00000E+00 0.00000E+00 0.00000E+00 0.00000E+00 0.00000E+00 0.00000E+00 0.00000E+00
 0.00000E+00 0.00000E+00 0.00000E+00 0.00000E+00 0.00000E+00 0.00000E+00 0.00000E+00 0.00000E+00
 0.00000E+00 0.00000E+00 0.00000E+00 0.00000E+00 0.00000E+00 0.00000E+00 0.00000E+00 0.00000E+00
 0.00000E+00 0.00000E+00 0.00000E+00 0.00000E+00 0.00000E+00 0.00000E+00 0.00000E+00 0.00000E+00
 0.00000E+00 0.00000E+00 0.00000E+00 0.00000E+00 0.00000E+00 0.00000E+00 0.00000E+00 0.00000E+00
 0.00000E+00 0.00000E+00 0.00000E+00 0.00000E+00 0.00000E+00 0.00000E+00 0.00000E+00 0.00000E+00
 0.00000E+00 0.00000E+00 0.00000E+00 0.00000E+00 0.00000E+00 0.00000E+00 0.00000E+00 0.00000E+00
 0.00000E+00 0.00000E+00 0.00000E+00 0.00000E+00 0.00000E+00 0.00000E+00 0.00000E+00 0.00000E+00
 0.00000E+00 0.00000E+00 0.00000E+00 0.00000E+00 0.00000E+00 0.00000E+00 0.00000E+00 0.00000E+00
 0.00000E+00 0.00000E+00 0.00000E+00 0.00000E+00 0.00000E+00 0.00000E+00 0.00000E+00 0.00000E+00
 0.00000E+00 0.00000E+00 0.00000E+00 0.00000E+00 0.00000E+00 0.00000E+00 0.00000E+00 0.00000E+00
 0.00000E+00 0.00000E+00 0.00000E+00 0.00000E+00 7.32263E-04 8.00093E-04 8.78507E-04 9.66657E-04
 1.04870E-03 1.14082E-03 1.24829E-03 1.36842E-03 1.50832E-03 1.68566E-03 1.91072E-03 2.16923E-03
 2.44063E-03 2.76697E-03 3.16509E-03 3.54120E-03 3.99114E-03 4.40226E-03 4.80826E-03 5.17235E-03
 5.53032E-03 5.90198E-03 6.25910E-03 6.60694E-03 7.18536E-03 8.47517E-03 1.00006E-02 1.18064E-02
 1.39437E-02 1.64668E-02 1.94463E-02 2.29699E-02 2.71366E-02 3.20583E-02 3.78754E-02 4.47521E-02
 5.28631E-02 6.24199E-02 7.37074E-02 8.70384E-02 1.02783E-01 1.21378E-01 1.43341E-01 1.69227E-01
 1.99756E-01 2.35798E-01 2.78290E-01 3.28364E-01 3.87458E-01 4.57154E-01 5.39265E-01 6.36137E-01
 7.50428E-01 8.85276E-01 1.04440E+00 1.23219E+00 1.45384E+00 1.71489E+00 2.02262E+00 2.38570E+00
 2.81412E+00 3.32117E+00 3.92094E+00 4.62884E+00 5.46384E+00 6.44865E+00 7.60997E+00 8.98426E+00
 1.06093E+01 1.24910E+01 1.46923E+01 1.72806E+01 2.03238E+01 2.39018E+01 2.81083E+01 3.30535E+01
 3.88667E+01 4.57000E+01 5.37320E+01 6.32213E+01 7.45262E+01 8.79753E+01 1.04069E+02 1.23268E+02
 1.46232E+02 1.73806E+02 2.06597E+02 2.45561E+02 2.91859E+02 3.46866E+02 4.11826E+02 4.88094E+02
 5.77913E+02 6.83385E+02 8.07051E+02 9.52183E+02 1.12208E+03 1.32062E+03 1.55197E+03 1.82282E+03
 0.00000E+00 0.00000E+00 0.00000E+00 0.00000E+00 0.00000E+00 0.00000E+00 0.00000E+00 0.00000E+00
 0.00000E+00 0.00000E+00 0.00000E+00 0.00000E+00 0.00000E+00 0.00000E+00 0.00000E+00 0.00000E+00
 0.00000E+00 0.00000E+00 0.00000E+00 0.00000E+00 0.00000E+00 0.00000E+00 0.00000E+00 0.00000E+00
 0.00000E+00 0.00000E+00 0.00000E+00 0.00000E+00 0.00000E+00 0.00000E+00 0.00000E+00 0.00000E+00
 0.00000E+00 0.00000E+00 0.00000E+00 0.00000E+00 0.00000E+00 0.00000E+00 0.00000E+00 0.00000E+00
 0.00000E+00 0.00000E+00 0.00000E+00 0.00000E+00 0.00000E+00 0.00000E+00 0.00000E+00 0.00000E+00
 0.00000E+00 0.00000E+00 0.00000E+00 0.00000E+00 0.00000E+00 0.00000E+00 0.00000E+00 0.00000E+00
 0.00000E+00 0.00000E+00 0.00000E+00 0.00000E+00 0.00000E+00 0.00000E+00 0.00000E+00 0.00000E+00
 0.00000E+00 0.00000E+00 0.00000E+00 0.00000E+00 0.00000E+00 0.00000E+00 0.00000E+00 0.00000E+00
 0.00000E+00 0.00000E+00 0.00000E+00 0.00000E+00 0.00000E+00 0.00000E+00 0.00000E+00 0.00000E+00
 0.00000E+00 0.00000E+00 0.00000E+00 0.00000E+00 0.00000E+00 0.00000E+00 0.00000E+00 0.00000E+00
 0.00000E+00 0.00000E+00 0.00000E+00 0.00000E+00 0.00000E+00 0.00000E+00 0.00000E+00 0.00000E+00
 0.00000E+00 0.00000E+00 0.00000E+00 0.00000E+00 0.00000E+00 0.00000E+00 0.00000E+00 0.00000E+00
 0.00000E+00 0.00000E+00 0.00000E+00 0.00000E+00 0.00000E+00 0.00000E+00 0.00000E+00 0.00000E+00
 0.00000E+00 0.00000E+00 0.00000E+00 0.00000E+00 0.00000E+00 0.00000E+00 0.00000E+00 0.00000E+00
 0.00000E+00 0.00000E+00 0.00000E+00 0.00000E+00 0.00000E+00 0.00000E+00 0.00000E+00 0.00000E+00
 0.00000E+00 0.00000E+00 0.00000E+00 0.00000E+00 0.00000E+00 0.00000E+00 0.00000E+00 0.00000E+00
 0.00000E+00 0.00000E+00 0.00000E+00 0.00000E+00 0.00000E+00 0.00000E+00 0.00000E+00 0.00000E+00
 0.00000E+00 0.00000E+00 0.00000E+00 0.00000E+00 0.00000E+00 0.00000E+00 0.00000E+00 0.00000E+00
 0.00000E+00 0.00000E+00 0.00000E+00 0.00000E+00 0.00000E+00 0.00000E+00 0.00000E+00 0.00000E+00
 0.00000E+00 0.00000E+00 0.00000E+00 0.00000E+00 0.00000E+00 0.00000E+00 0.00000E+00 0.00000E+00
 0.00000E+00 0.00000E+00 0.00000E+00 0.00000E+00 0.00000E+00 0.00000E+00 0.00000E+00 0.00000E+00
 0.00000E+00 0.00000E+00 0.00000E+00 0.00000E+00 0.00000E+00 0.00000E+00 0.00000E+00 0.00000E+00
 0.00000E+00 0.00000E+00 0.00000E+00 0.00000E+00 0.00000E+00 0.00000E+00 0.00000E+00 0.00000E+00
 0.00000E+00 0.00000E+00 0.00000E+00 0.00000E+00 0.00000E+00 0.00000E+00 0.00000E+00 0.00000E+00
 1.90054E-05 1.90054E-05 1.90054E-05 1.90054E-05 1.90054E-05 1.90054E-05 1.90054E-05 1.90054E-05
 1.90054E-05 1.90054E-05 1.90054E-05 1.90054E-05 1.90054E-05 1.90054E-05 1.90054E-05 1.90054E-05
 1.86822E-05 1.79365E-05 1.69828E-05 1.57789E-05 1.45139E-05 1.32739E-05 1.20273E-05 1.08193E-05
 1.00000E-05 1.00000E-05 1.00000E-05 1.00000E-05 1.00000E-05 1.00000E-05 1.00000E-05 1.00000E-05
 1.00000E-05 1.00000E-05 1.00000E-05 1.00000E-05 1.00000E-05 1.00000E-05 1.00000E-05 1.00000E-05
 1.00000E-05 1.00000E-05 1.00000E-05 1.00000E-05 1.00000E-05 1.00000E-05 1.00000E-05 1.00000E-05
 1.00000E-05 1.00000E-05 1.00000E-05 1.00000E-05 1.00000E-05 1.00000E-05 1.00000E-05 1.00000E-05
 1.00000E-05 1.00000E-05 1.00000E-05 1.00000E-05 1.00000E-05 1.00000E-05 1.00000E-05 1.00000E-05
 1.00000E-05 1.00000E-05 1.00000E-05 1.00000E-05 1.00000E-05 1.00000E-05 1.00000E-05 1.00000E-05
 1.00000E-05 1.00000E-05 1.00000E-05 1.00000E-05 1.00000E-05 1.00000E-05 1.00000E-05 1.00000E-05
 1.00000E-05 1.00000E-05 1.00000E-05 1.00000E-05 1.00000E-05 1.00000E-05 1.00000E-05 1.00000E-05
 1.00000E-05 1.00000E-05 1.00000E-05 1.00000E-05 1.00000E-05 1.00000E-05 1.00000E-05 1.00000E-05
 1.00000E-05 1.00000E-05 1.00000E-05 1.00000E-05 0.00000E+00 0.00000E+00 0.00000E+00 0.00000E+00
 0.00000E+00 0.00000E+00 0.00000E+00 0.00000E+00 0.00000E+00 0.00000E+00 0.00000E+00 0.00000E+00
 0.00000E+00 0.00000E+00 0.00000E+00 0.00000E+00 0.00000E+00 0.00000E+00 0.00000E+00 0.00000E+00
 0.00000E+00 0.00000E+00 0.00000E+00 0.00000E+00 0.00000E+00 0.00000E+00 0.00000E+00 0.00000E+00
 0.00000E+00 0.00000E+00 0.00000E+00 0.00000E+00 0.00000E+00 0.00000E+00 0.00000E+00 0.00000E+00
 0.00000E+00 0.00000E+00 0.00000E+00 0.00000E+00 0.00000E+00 0.00000E+00 0.00000E+00 0.00000E+00
 0.00000E+00 0.00000E+00 0.00000E+00 0.00000E+00 0.00000E+00 0.00000E+00 0.00000E+00 0.00000E+00
 0.00000E+00 0.00000E+00 0.00000E+00 0.00000E+00 0.00000E+00 0.00000E+00 0.00000E+00 0.00000E+00
 0.00000E+00 0.00000E+00 0.00000E+00 0.00000E+00 0.00000E+00 0.00000E+00 0.00000E+00 0.00000E+00
 0.00000E+00 0.00000E+00 0.00000E+00 0.00000E+00 0.00000E+00 0.00000E+00 0.00000E+00 0.00000E+00
 0.00000E+00 0.00000E+00 0.00000E+00 0.00000E+00 0.00000E+00 0.00000E+00 0.00000E+00 0.00000E+00
 0.00000E+00 0.00000E+00 0.00000E+00 0.00000E+00 0.00000E+00 0.00000E+00 0.00000E+00 0.00000E+00
 0.00000E+00 0.00000E+00 0.00000E+00 0.00000E+00 0.00000E+00 0.00000E+00 0.00000E+00 0.00000E+00
 0.00000E+00 0.00000E+00 0.00000E+00 0.00000E+00 0.00000E+00 0.00000E+00 0.00000E+00 0.00000E+00
 0.00000E+00 0.00000E+00 0.00000E+00 0.00000E+00 0.00000E+00 0.00000E+00 0.00000E+00 0.00000E+00
 0.00000E+00 0.00000E+00 0.00000E+00 0.00000E+00 0.00000E+00 0.00000E+00 0.00000E+00 0.00000E+00
 0.00000E+00 0.00000E+00 0.00000E+00 0.00000E+00 0.00000E+00 0.00000E+00 0.00000E+00 0.00000E+00
 0.00000E+00 0.00000E+00 0.00000E+00 0.00000E+00 0.00000E+00 0.00000E+00 0.00000E+00 0.00000E+00
 0.00000E+00 0.00000E+00 0.00000E+00 0.00000E+00 0.00000E+00 0.00000E+00 0.00000E+00 0.00000E+00
 0.00000E+00 0.00000E+00 0.00000E+00 0.00000E+00 0.00000E+00 0.00000E+00 0.00000E+00 0.00000E+00
 0.00000E+00 0.00000E+00 0.00000E+00 0.00000E+00 0.00000E+00 0.00000E+00 0.00000E+00 0.00000E+00
 0.00000E+00 0.00000E+00 0.00000E+00 0.00000E+00 0.00000E+00 0.00000E+00 0.00000E+00 0.00000E+00
 0.00000E+00 0.00000E+00 0.00000E+00 0.00000E+00 0.00000E+00 0.00000E+00 0.00000E+00 0.00000E+00
 0.00000E+00 0.00000E+00 0.00000E+00 0.00000E+00 0.00000E+00 0.00000E+00 0.00000E+00 0.00000E+00
 0.00000E+00 0.00000E+00 0.00000E+00 0.00000E+00 0.00000E+00 0.00000E+00 0.00000E+00 0.00000E+00
 0.00000E+00 0.00000E+00 0.00000E+00 0.00000E+00
