 1.94802E-10 7.98399E-17 1.12846E-02 7.73853E-14 1.30089E-11 1.17788E-09 2.43779E-08 7.21502E-21
 5.50000E-07 1.60000E-06 9.00000E-08 5.80200E-10 6.77409E-12 3.00000E-07 5.42994E-12 1.53278E-11
 3.09163E-14 1.28945E-10 4.04561E-13 1.02145E-14 8.05222E-17 3.05903E-22 5.00000E-10 3.20071E-13
 1.25263E-17 2.38282E-14 9.68292E-12 7.49092E-13 1.70298E-12 3.62229E-18 4.78450E-20 2.71583E-11
 2.42186E-12 3.22827E-14 1.93860E-10 1.10219E-16 7.25575E-03 9.13241E-14 1.26768E-11 1.15361E-09
 2.86579E-08 7.75836E-21 5.50427E-07 1.59458E-06 8.00268E-08 5.21182E-10 6.21786E-12 2.99952E-07
 7.09862E-12 1.79090E-11 4.27460E-14 1.96459E-10 1.01535E-12 1.14911E-14 1.72911E-16 8.34100E-22
 4.85822E-10 3.54904E-13 1.79228E-17 2.92490E-14 1.38287E-11 9.86115E-13 1.76490E-12 4.09977E-18
 7.19985E-20 4.70852E-11 4.70228E-12 3.62734E-14 1.82422E-10 1.55437E-16 4.50994E-03 1.07311E-13
 1.20534E-11 1.05413E-09 3.44040E-08 8.34591E-21 5.50872E-07 1.59001E-06 7.15964E-08 4.21973E-10
 5.41601E-12 2.99899E-07 9.29034E-12 2.11137E-11 5.87152E-14 2.83041E-10 2.60895E-12 1.34093E-14
 3.98525E-16 2.36624E-21 4.73646E-10 3.79012E-13 2.46271E-17 3.60636E-14 1.84254E-11 1.24182E-12
 1.86115E-12 4.62537E-18 1.08816E-19 6.50929E-11 7.19400E-12 4.00798E-14 1.63002E-10 2.18080E-16
 2.59157E-03 1.21439E-13 1.09142E-11 8.80749E-10 4.11257E-08 8.71347E-21 5.51289E-07 1.58626E-06
 6.45262E-08 3.08536E-10 4.36853E-12 2.99840E-07 1.22901E-11 2.47885E-11 7.82714E-14 3.70950E-10
 6.57593E-12 1.52284E-14 9.53941E-16 6.52459E-21 4.63442E-10 3.80159E-13 3.25874E-17 4.31485E-14
 2.25266E-11 1.51430E-12 2.01320E-12 5.13870E-18 1.63822E-19 8.26376E-11 9.61723E-12 4.49010E-14
 1.46657E-10 3.10987E-16 1.73548E-03 1.44456E-13 1.01953E-11 6.95363E-10 4.82816E-08 9.86034E-21
 5.51648E-07 1.58321E-06 5.86163E-08 2.17250E-10 3.70240E-12 2.99774E-07 1.60187E-11 2.92632E-11
 1.05234E-13 4.51495E-10 1.29423E-11 1.75215E-14 1.96268E-15 1.45448E-20 4.55043E-10 3.82677E-13
 4.28668E-17 5.18549E-14 2.59403E-11 1.78157E-12 2.21306E-12 6.11743E-18 2.48772E-19 1.00787E-10
 1.21047E-11 5.10597E-14 1.24487E-10 4.27585E-16 1.04319E-03 1.60011E-13 8.81313E-12 5.08799E-10
 5.55028E-08 1.03929E-20 5.51954E-07 1.58086E-06 5.38285E-08 1.41474E-10 2.84301E-12 2.99701E-07
 2.08153E-11 3.30205E-11 1.32479E-13 5.12977E-10 2.64210E-11 1.82163E-14 3.89917E-15 3.24291E-20
 4.48524E-10 3.41087E-13 5.33750E-17 5.78426E-14 2.85891E-11 1.91741E-12 2.56323E-12 7.22840E-18
 3.85762E-19 1.21042E-10 1.40844E-11 6.00021E-14 9.58144E-11 5.65683E-16 5.55414E-04 1.58597E-13
 6.91752E-12 3.42818E-10 6.23689E-08 9.82711E-21 5.52199E-07 1.57914E-06 5.01062E-08 8.51810E-11
 1.97403E-12 2.99619E-07 2.54248E-11 3.34120E-11 1.41683E-13 5.47764E-10 4.88499E-11 1.66160E-14
 6.88498E-15 7.66171E-20 4.43799E-10 2.67468E-13 6.14103E-17 6.11240E-14 3.05504E-11 1.82673E-12
 3.15582E-12 8.25319E-18 5.94589E-19 1.43874E-10 1.49104E-11 7.34534E-14 6.90551E-11 7.36268E-16
 2.85697E-04 1.47375E-13 5.04940E-12 2.13915E-10 6.87580E-08 8.84642E-21 5.52380E-07 1.57790E-06
 4.72967E-08 4.74366E-11 1.27084E-12 2.99528E-07 3.08280E-11 3.26975E-11 1.40621E-13 5.62906E-10
 6.99149E-11 1.40181E-14 1.11741E-14 1.62553E-19 4.40520E-10 1.82168E-13 6.68666E-17 5.99975E-14
 3.20115E-11 1.57357E-12 3.96087E-12 9.11940E-18 8.85596E-19 1.67054E-10 1.45120E-11 9.05887E-14
 4.78096E-11 9.48834E-16 1.41558E-04 1.35522E-13 3.33291E-12 1.23940E-10 7.47351E-08 7.98627E-21
 5.52499E-07 1.57696E-06 4.52271E-08 2.35467E-11 7.18622E-13 2.99426E-07 4.18516E-11 3.49838E-11
 1.53900E-13 5.69308E-10 7.71832E-11 1.13109E-14 1.95768E-14 2.66666E-19 4.38307E-10 9.82768E-14
 7.17538E-17 5.08077E-14 3.31485E-11 1.26583E-12 4.76824E-12 9.64942E-18 1.26565E-18 1.85415E-10
 1.31230E-11 1.06005E-13 2.69098E-11 1.11563E-15 3.84587E-05 1.07720E-13 1.55228E-12 6.68358E-11
 8.06046E-08 5.92458E-21 5.52571E-07 1.57618E-06 4.37038E-08 9.98913E-12 2.48867E-13 2.99306E-07
 6.68885E-11 3.87457E-11 1.81539E-13 5.70386E-10 6.58370E-11 7.65472E-15 4.56531E-14 5.72691E-19
 4.36799E-10 3.37645E-14 7.60182E-17 3.36954E-14 3.41561E-11 9.30426E-13 5.13562E-12 8.02619E-18
 1.74586E-18 1.91742E-10 1.05738E-11 1.06040E-13 1.14387E-11 1.24022E-15 5.42353E-06 7.65892E-14
 5.89961E-13 3.17545E-11 8.84385E-08 3.74873E-21 5.52614E-07 1.57519E-06 4.22663E-08 3.62373E-12
 6.10344E-14 2.99118E-07 1.06223E-10 3.84259E-11 2.00152E-13 5.69239E-10 4.31460E-11 4.68415E-15
 7.83146E-14 1.25634E-18 4.35312E-10 9.12619E-15 7.91664E-17 2.08643E-14 3.54442E-11 6.18262E-13
 3.24243E-12 3.50636E-18 1.68181E-18 1.66284E-10 7.05771E-12 6.34377E-14 6.96834E-12 2.02784E-15
 3.77864E-06 6.22745E-14 3.51416E-13 1.12382E-11 1.04199E-07 3.33165E-21 5.52640E-07 1.57312E-06
 4.03504E-08 1.03478E-12 3.64357E-14 2.98695E-07 1.42424E-10 5.03854E-11 1.70839E-13 5.90873E-10
 2.82822E-11 3.35344E-15 7.85178E-14 5.29802E-19 4.32781E-10 3.14828E-15 6.57052E-17 1.53151E-14
 3.81704E-11 4.33742E-13 1.86338E-12 1.45076E-18 7.81406E-19 1.39203E-10 3.93380E-12 3.74808E-14
 5.11144E-12 3.76922E-15 3.78796E-06 5.44463E-14 2.34836E-13 2.63574E-12 1.39643E-07 3.13243E-21
 5.52617E-07 1.56838E-06 3.75157E-08 2.27898E-13 2.45385E-14 2.97675E-07 1.86488E-10 7.41426E-11
 1.52659E-13 6.61041E-10 2.13541E-11 3.15907E-15 9.42129E-14 3.74336E-19 4.27836E-10 1.65524E-15
 6.14904E-17 1.46637E-14 4.31045E-11 4.43923E-13 8.92990E-13 4.83657E-19 3.28069E-19 1.07971E-10
 2.02467E-12 1.88250E-14 4.37832E-12 7.94635E-15 3.80733E-06 5.36839E-14 1.90461E-13 5.01631E-13
 2.12374E-07 3.23029E-21 5.52456E-07 1.55858E-06 3.36333E-08 6.16287E-14 1.95658E-14 2.95492E-07
 2.36662E-10 1.20725E-10 1.48770E-13 8.42161E-10 2.16283E-11 4.40480E-15 1.81932E-13 5.44570E-19
 4.18799E-10 1.55101E-15 7.10321E-17 2.01797E-14 5.18384E-11 7.36421E-13 3.42389E-13 1.28887E-19
 1.27321E-19 7.58298E-11 1.07659E-12 7.46921E-15 4.22245E-12 1.74968E-14 3.84082E-06 5.84946E-14
 1.87137E-13 1.73837E-13 3.37433E-07 3.59284E-21 5.52028E-07 1.54172E-06 2.91496E-08 3.57658E-14
 1.79961E-14 2.91641E-07 2.92003E-10 2.00326E-10 1.55343E-13 1.18772E-09 2.72667E-11 7.88106E-15
 4.56976E-13 1.24242E-18 4.04748E-10 2.22615E-15 9.60960E-17 3.48629E-14 6.50350E-11 1.56673E-12
 1.07296E-13 2.92053E-20 5.14834E-20 4.85931E-11 5.90735E-13 2.31151E-15 4.42355E-12 3.73320E-14
 3.88955E-06 6.84917E-14 2.13708E-13 1.57189E-13 5.19539E-07 4.25438E-21 5.51212E-07 1.51727E-06
 2.47837E-08 3.44367E-14 1.83555E-14 2.85943E-07 3.52570E-10 3.15769E-10 1.70013E-13 1.71078E-09
 3.77743E-11 1.47213E-14 1.14060E-12 3.29619E-18 3.86096E-10 4.02522E-15 1.41842E-16 6.51300E-14
 8.17922E-11 3.41557E-12 2.90017E-14 6.20913E-21 3.17966E-20 2.92758E-11 3.29803E-13 5.84655E-16
 5.74798E-12 8.24350E-14 3.95454E-06 8.96635E-14 3.34986E-13 2.71115E-13 7.63972E-07 6.05139E-21
 5.49884E-07 1.48477E-06 2.09285E-08 5.66494E-14 2.66921E-14 2.78235E-07 3.86317E-10 4.80701E-10
 1.76753E-13 2.43057E-09 6.11585E-11 3.32137E-14 3.11606E-12 7.89515E-18 3.63187E-10 1.00714E-14
 2.07632E-16 1.33145E-13 1.00875E-10 7.14935E-12 6.73887E-15 1.29124E-21 2.86910E-20 1.68020E-11
 1.85913E-13 1.24547E-16 6.39119E-12 1.58868E-13 4.03378E-06 1.11528E-13 4.35188E-13 3.89537E-13
 1.06794E-06 7.77214E-21 5.47938E-07 1.44530E-06 1.78337E-08 6.95089E-14 2.94681E-14 2.68694E-07
 4.56725E-10 6.76561E-10 2.00355E-13 3.28042E-09 8.41631E-11 5.52575E-14 6.11596E-12 1.91636E-17
 3.37567E-10 1.97507E-14 3.12693E-16 2.36413E-13 1.20294E-10 1.32158E-11 1.43393E-15 2.48387E-22
 3.80252E-20 9.39640E-12 1.02637E-13 2.29449E-17 7.96769E-12 3.08864E-13 4.12494E-06 1.48231E-13
 6.69876E-13 7.01180E-13 1.42822E-06 1.15036E-20 5.45327E-07 1.40007E-06 1.55257E-08 1.09870E-13
 4.01019E-14 2.57567E-07 5.06005E-10 9.14693E-10 2.16999E-13 4.24490E-09 1.20495E-10 9.89266E-14
 1.18543E-11 3.90363E-17 3.10358E-10 4.42044E-14 4.53977E-16 4.26474E-13 1.38124E-10 2.23549E-11
 2.80978E-16 4.85225E-23 4.43594E-20 5.18950E-12 5.75250E-14 3.88334E-18 9.07205E-12 5.48421E-13
 4.22470E-06 1.92125E-13 9.03659E-13 1.06685E-12 1.84322E-06 1.62242E-20 5.42031E-07 1.35080E-06
 1.38766E-08 1.40521E-13 4.61379E-14 2.45226E-07 5.89967E-10 1.17500E-09 2.51298E-13 5.25164E-09
 1.52352E-10 1.42756E-13 1.81457E-11 8.02479E-17 2.82910E-10 8.27125E-14 6.67227E-16 6.95324E-13
 1.53055E-10 3.45353E-11 5.22819E-17 9.20893E-24 5.53750E-20 2.85517E-12 3.25443E-14 6.16104E-19
 1.04521E-11 9.44697E-13 4.32865E-06 2.54876E-13 1.23613E-12 1.66445E-12 2.30487E-06 2.40295E-20
 5.38134E-07 1.29968E-06 1.27702E-08 1.83023E-13 5.42039E-14 2.32216E-07 6.84033E-10 1.45449E-09
 2.95049E-13 6.24902E-09 1.84954E-10 1.94243E-13 2.50531E-11 1.53517E-16 2.56423E-10 1.51821E-13
 9.72457E-16 1.09720E-12 1.63978E-10 4.95956E-11 9.40389E-18 1.79078E-24 6.66991E-20 1.58615E-12
 1.90355E-14 9.58574E-20 1.25123E-11 1.62110E-12 4.43534E-06 3.50272E-13 1.79459E-12 2.83041E-12
 2.81503E-06 3.83861E-20 5.33653E-07 1.24745E-06 1.20656E-08 2.60504E-13 6.86076E-14 2.18734E-07
 7.74732E-10 1.75892E-09 3.43723E-13 7.20747E-09 2.23414E-10 2.66022E-13 3.32763E-11 2.70186E-16
 2.31164E-10 2.88459E-13 1.39355E-15 1.72043E-12 1.70624E-10 6.74132E-11 1.61400E-18 3.52581E-25
 7.47298E-20 8.89934E-13 1.16410E-14 1.45522E-20 1.50700E-11 2.73794E-12 4.54380E-06 4.90221E-13
 2.62666E-12 4.87521E-12 3.37841E-06 6.36349E-20 5.28586E-07 1.19461E-06 1.16367E-08 3.72170E-13
 8.76762E-14 2.04924E-07 8.77777E-10 2.09461E-09 4.06331E-13 8.08906E-09 2.63219E-10 3.53413E-13
 4.18052E-11 4.49351E-16 2.07298E-10 5.37764E-13 1.97963E-15 2.62801E-12 1.73179E-10 8.75286E-11
 2.61028E-19 6.81213E-26 8.11292E-20 5.03320E-13 7.63794E-15 2.12498E-21 1.81890E-11 4.56273E-12
 4.65311E-06 6.96468E-13 3.84579E-12 8.34483E-12 3.99675E-06 1.08774E-19 5.22942E-07 1.14163E-06
 1.13900E-08 5.23424E-13 1.12024E-13 1.90934E-07 1.00114E-09 2.47593E-09 4.89545E-13 8.85343E-09
 3.02369E-10 4.57122E-13 5.01951E-11 7.04216E-16 1.84964E-10 9.73706E-13 2.79050E-15 3.89813E-12
 1.72152E-10 1.09140E-10 3.93244E-20 1.26934E-26 8.59626E-20 2.86799E-13 5.92490E-15 2.95091E-22
 2.19213E-11 7.51869E-12 4.76306E-06 1.00136E-12 5.59694E-12 1.39994E-11 4.67028E-06 1.91104E-19
 5.16699E-07 1.08864E-06 1.12559E-08 7.14958E-13 1.41987E-13 1.76830E-07 1.15519E-09 2.92320E-09
 6.02681E-13 9.46162E-09 3.38637E-10 5.77756E-13 5.80850E-11 1.03832E-15 1.64141E-10 1.69955E-12
 3.91159E-15 5.60644E-12 1.68371E-10 1.31261E-10 5.43049E-21 2.23377E-27 8.91608E-20 1.64298E-13
 6.41185E-15 3.83056E-23 2.63106E-11 1.22691E-11 4.87385E-06 1.45364E-12 8.06211E-12 2.27822E-11
 5.39374E-06 3.45446E-19 5.09817E-07 1.03555E-06 1.11856E-08 9.40587E-13 1.77753E-13 1.62646E-07
 1.35233E-09 3.45862E-09 7.58682E-13 9.87533E-09 3.69272E-10 7.15539E-13 6.50317E-11 1.44249E-15
 1.44751E-10 2.85000E-12 5.47191E-15 7.82769E-12 1.62868E-10 1.52727E-10 6.75004E-22 3.63752E-28
 9.05145E-20 9.44030E-14 1.02202E-14 4.56283E-24 3.13574E-11 1.98334E-11 4.98592E-06 2.12568E-12
 1.14501E-11 3.56571E-11 6.15438E-06 6.44656E-19 5.02234E-07 9.82186E-07 1.11460E-08 1.18564E-12
 2.19251E-13 1.48397E-07 1.60721E-09 4.10045E-09 9.75311E-13 1.00610E-08 3.90743E-10 8.68562E-13
 7.03035E-11 1.90158E-15 1.26690E-10 4.59025E-12 7.67636E-15 1.06478E-11 1.56781E-10 1.72253E-10
 7.40028E-23 5.41451E-29 8.98298E-20 5.42813E-14 1.98765E-14 4.93103E-25 3.69825E-11 3.17323E-11
 5.09877E-06 3.12162E-12 1.59716E-11 5.31936E-11 6.92392E-06 1.24706E-18 4.93958E-07 9.28788E-07
 1.11157E-08 1.42841E-12 2.66353E-13 1.34238E-07 1.93516E-09 4.85076E-09 1.27397E-12 9.99141E-09
 3.98673E-10 1.03051E-12 7.27424E-11 2.40431E-15 1.10019E-10 7.11240E-12 1.08617E-14 1.41935E-11
 1.51337E-10 1.88231E-10 7.08327E-24 8.04993E-30 8.75859E-20 3.14044E-14 4.04620E-14 5.28074E-26
 4.29853E-11 5.02020E-11 5.21220E-06 4.58434E-12 2.17848E-11 7.50506E-11 7.66875E-06 2.50567E-18
 4.84988E-07 8.75459E-07 1.10823E-08 1.64358E-12 3.18606E-13 1.20305E-07 2.35168E-09 5.69066E-09
 1.67852E-12 9.66220E-09 3.89642E-10 1.19015E-12 7.12721E-11 2.95927E-15 9.47427E-11 1.06311E-11
 1.55791E-14 1.86678E-11 1.47619E-10 1.99156E-10 5.86984E-25 2.15612E-30 8.47874E-20 1.84786E-14
 5.33712E-14 1.00940E-26 4.90842E-11 7.86002E-11 5.32713E-06 6.70202E-12 2.89710E-11 9.97718E-11
 8.35786E-06 5.22917E-18 4.75246E-07 8.21749E-07 1.10417E-08 1.81100E-12 3.75686E-13 1.06608E-07
 2.87030E-09 6.58353E-09 2.20988E-12 9.09149E-09 3.63249E-10 1.33617E-12 6.56599E-11 3.58933E-15
 8.07132E-11 1.53834E-11 2.27050E-14 2.43855E-11 1.46441E-10 2.03809E-10 4.15255E-26 1.77746E-30
 8.26952E-20 1.12402E-14 6.05903E-14 5.89696E-27 5.49531E-11 1.21792E-10 5.44254E-06 9.71410E-12
 3.74633E-11 1.24531E-10 8.95286E-06 1.12843E-17 4.64833E-07 7.68108E-07 1.09973E-08 1.91780E-12
 4.37518E-13 9.33997E-08 3.50013E-09 7.45972E-09 2.88099E-12 8.31567E-09 3.21546E-10 1.45351E-12
 5.64091E-11 4.32242E-15 6.80219E-11 2.15733E-11 3.36306E-14 3.17599E-11 1.48403E-10 2.00878E-10
 2.55322E-27 2.20827E-30 8.44735E-20 7.35392E-15 6.44553E-14 5.16995E-27 6.02825E-11 1.86845E-10
 5.55682E-06 1.39151E-11 4.70190E-11 1.45736E-10 9.41910E-06 2.49768E-17 4.53944E-07 7.15231E-07
 1.09599E-08 1.95972E-12 5.04198E-13 8.09804E-08 4.24528E-09 8.23132E-09 3.69154E-12 7.38996E-09
 2.69479E-10 1.52834E-12 4.49741E-11 5.16608E-15 5.67656E-11 2.92627E-11 5.04653E-14 4.12374E-11
 1.53762E-10 1.89503E-10 1.77864E-28 3.09912E-30 9.51503E-20 5.45138E-15 6.63348E-14 5.07326E-27
 6.47337E-11 2.83658E-10 5.67002E-06 1.96598E-11 5.71251E-11 1.59928E-10 9.71844E-06 5.61012E-17
 4.42662E-07 6.63027E-07 1.09476E-08 1.93286E-12 5.73925E-13 6.94370E-08 5.11329E-09 8.81366E-09
 4.63295E-12 6.37151E-09 2.13350E-10 1.54862E-12 3.32139E-11 6.06543E-15 4.68318E-11 3.81088E-11
 7.63680E-14 5.31106E-11 1.62651E-10 1.69712E-10 6.45855E-29 4.87646E-30 1.21977E-19 4.72650E-15
 6.70351E-14 5.52845E-27 6.93866E-11 4.34556E-10 5.78162E-06 2.73005E-11 6.86724E-11 1.67797E-10
 9.74961E-06 1.30232E-16 4.31157E-07 6.11647E-07 1.10003E-08 1.92154E-12 6.71480E-13 5.88848E-08
 6.03932E-09 9.23891E-09 5.45325E-12 5.27150E-09 1.61498E-10 1.58400E-12 2.34612E-11 6.41831E-15
 3.81415E-11 4.75439E-11 1.15054E-13 6.79549E-11 1.75690E-10 1.40956E-10 8.61879E-29 8.73981E-30
 1.67474E-19 4.75347E-15 6.69818E-14 6.72225E-27 7.30186E-11 6.60440E-10 5.89022E-06 3.72294E-11
 8.00947E-11 1.66489E-10 9.59185E-06 3.01203E-16 4.19739E-07 5.61607E-07 1.10846E-08 1.86417E-12
 7.80126E-13 4.94442E-08 7.03444E-09 9.36119E-09 6.19771E-12 4.21603E-09 1.15786E-10 1.56867E-12
 1.54712E-11 6.30491E-15 3.06716E-11 5.58698E-11 1.70767E-13 8.46338E-11 1.90271E-10 1.08699E-10
 1.31984E-28 1.65006E-29 2.43913E-19 5.27473E-15 6.64326E-14 8.52593E-27 7.54550E-11 9.97551E-10
 5.99401E-06 5.00278E-11 9.10973E-11 1.58174E-10 9.32469E-06 6.90866E-16 4.08816E-07 5.13588E-07
 1.11705E-08 1.77434E-12 9.00029E-13 4.11978E-08 8.06260E-09 9.14283E-09 6.84971E-12 3.28014E-09
 7.90438E-11 1.50185E-12 9.54869E-12 5.78362E-15 2.43846E-11 6.20996E-11 2.47236E-13 1.01974E-10
 2.03613E-10 7.79178E-11 2.02151E-28 3.11996E-29 3.62068E-19 6.13921E-15 6.55389E-14 1.07571E-26
 7.69137E-11 1.50442E-09 6.09093E-06 6.65557E-11 1.01777E-10 1.45787E-10 8.98552E-06 1.57861E-15
 3.98869E-07 4.68391E-07 1.12432E-08 1.67260E-12 1.03738E-12 3.41812E-08 9.08957E-09 8.60829E-09
 7.39387E-12 2.49274E-09 5.16449E-11 1.39664E-12 5.54745E-12 4.94429E-15 1.92197E-11 6.56711E-11
 3.49035E-13 1.18714E-10 2.14262E-10 5.19485E-11 3.02214E-28 5.75759E-29 5.31193E-19 7.25107E-15
 6.43969E-14 1.31395E-26 7.75429E-11 2.27254E-09 6.18028E-06 8.80426E-11 1.12275E-10 1.31561E-10
 8.58324E-06 3.60955E-15 3.90264E-07 4.26174E-07 1.12975E-08 1.56838E-12 1.19775E-12 2.82832E-08
 1.00960E-08 7.80561E-09 7.84254E-12 1.85239E-09 3.23463E-11 1.26192E-12 3.03108E-12 3.94391E-15
 1.50260E-11 6.64297E-11 4.83978E-13 1.33596E-10 2.22344E-10 3.22191E-11 4.38749E-28 1.02934E-28
 7.60718E-19 8.55997E-15 6.30569E-14 1.53827E-26 7.74187E-11 3.44580E-09 6.26161E-06 1.16019E-10
 1.22857E-10 1.17262E-10 8.11575E-06 8.27708E-15 3.83388E-07 3.86971E-07 1.13380E-08 1.46850E-12
 1.38621E-12 2.33613E-08 1.10653E-08 6.79817E-09 8.20167E-12 1.34225E-09 1.94295E-11 1.10500E-12
 1.54848E-12 2.93822E-15 1.16526E-11 6.45715E-11 6.65382E-13 1.45390E-10 2.29208E-10 1.85489E-11
 6.21889E-28 1.78746E-28 1.06071E-18 1.00470E-14 6.15377E-14 1.72626E-26 7.65660E-11 5.24416E-09
 6.33380E-06 1.51851E-10 1.33964E-10 1.04351E-10 7.58774E-06 1.89563E-14 3.78724E-07 3.51109E-07
 1.13816E-08 1.38133E-12 1.60630E-12 1.93069E-08 1.19693E-08 5.66889E-09 8.43530E-12 9.42365E-10
 1.12248E-11 9.34474E-13 7.34694E-13 2.04149E-15 8.98818E-12 6.04950E-11 9.12658E-13 1.52813E-10
 2.36893E-10 9.87503E-12 8.68601E-28 3.02895E-28 1.44161E-18 1.17058E-14 5.98460E-14 1.86707E-26
 7.48624E-11 7.97713E-09 6.39636E-06 1.95785E-10 1.46119E-10 9.37388E-11 7.01253E-06 4.28029E-14
 3.76748E-07 3.18587E-07 1.14570E-08 1.31462E-12 1.85680E-12 1.59779E-08 1.27529E-08 4.51917E-09
 8.44241E-12 6.34509E-10 6.27413E-12 7.60926E-13 3.22041E-13 1.31513E-15 6.90852E-12 5.46726E-11
 1.24920E-12 1.54732E-10 2.47510E-10 4.84567E-12 1.20851E-27 5.03251E-28 1.91548E-18 1.35584E-14
 5.79596E-14 1.96820E-26 7.21348E-11 1.20221E-08 6.44884E-06 2.46187E-10 1.59647E-10 8.56242E-11
 6.41067E-06 9.34686E-14 3.77987E-07 2.89355E-07 1.15987E-08 1.27225E-12 2.13034E-12 1.32450E-08
 1.33460E-08 3.45350E-09 8.11631E-12 4.06483E-10 3.42409E-12 5.95293E-13 1.30472E-13 7.82050E-16
 5.30304E-12 4.76202E-11 1.69573E-12 1.50557E-10 2.62485E-10 2.19841E-12 1.68238E-27 8.19641E-28
 2.49594E-18 1.56340E-14 5.58492E-14 2.04628E-26 6.83403E-11 1.77537E-08 6.49042E-06 2.99834E-10
 1.74398E-10 7.95829E-11 5.80588E-06 1.93718E-13 3.82946E-07 2.63593E-07 1.18417E-08 1.25202E-12
 2.41382E-12 1.10217E-08 1.37039E-08 2.55056E-09 7.44503E-12 2.48125E-10 1.84521E-12 4.47262E-13
 4.93708E-14 4.32138E-16 4.08778E-12 3.99421E-11 2.25994E-12 1.40678E-10 2.81898E-10 9.35257E-13
 2.32619E-27 1.29857E-27 3.19922E-18 1.79273E-14 5.35205E-14 2.11240E-26 6.36711E-11 2.54899E-08
 6.52068E-06 3.53094E-10 1.89800E-10 7.47844E-11 5.20973E-06 3.77528E-13 3.91974E-07 2.41360E-07
 1.22193E-08 1.24827E-12 2.69915E-12 9.23055E-09 1.38265E-08 1.84341E-09 6.50620E-12 1.45559E-10
 9.90587E-13 3.24096E-13 1.77320E-14 2.21608E-16 3.18439E-12 3.21928E-11 2.92985E-12 1.26414E-10
 3.04643E-10 3.79660E-13 3.15128E-27 1.98286E-27 4.02436E-18 2.03987E-14 5.10133E-14 2.16801E-26
 5.83306E-11 3.54265E-08 6.54010E-06 4.03093E-10 2.05076E-10 7.05296E-11 4.63771E-06 6.90357E-13
 4.05404E-07 2.22244E-07 1.27657E-08 1.25200E-12 2.97448E-12 7.77808E-09 1.37450E-08 1.31914E-09
 5.44728E-12 8.29981E-11 5.33296E-13 2.27865E-13 6.15405E-15 1.06662E-16 2.51233E-12 2.49739E-11
 3.67012E-12 1.09695E-10 3.28686E-10 1.50005E-13 4.12824E-27 2.89659E-27 4.97650E-18 2.30157E-14
 4.83601E-14 2.21336E-26 5.26180E-11 4.76830E-08 6.54921E-06 4.48342E-10 2.19635E-10 6.64048E-11
 4.10335E-06 1.19071E-12 4.23565E-07 2.05792E-07 1.35251E-08 1.25638E-12 3.23314E-12 6.58883E-09
 1.35047E-08 9.43154E-10 4.40492E-12 4.65128E-11 2.89127E-13 1.56657E-13 2.09746E-15 4.87360E-17
 2.00909E-12 1.87244E-11 4.43212E-12 9.24178E-11 3.51992E-10 5.86128E-14 5.18345E-27 4.03265E-27
 6.05561E-18 2.57359E-14 4.56031E-14 2.24937E-26 4.68947E-11 6.24056E-08 6.54853E-06 4.88751E-10
 2.33251E-10 6.22875E-11 3.61616E-06 1.95628E-12 4.46456E-07 1.91780E-07 1.45438E-08 1.25885E-12
 3.47889E-12 5.61864E-09 1.31574E-08 6.78088E-10 3.46992E-12 2.59246E-11 1.58317E-13 1.06183E-13
 7.11377E-16 2.13299E-17 1.63396E-12 1.36556E-11 5.17291E-12 7.60699E-11 3.73026E-10 2.29092E-14
 6.20695E-27 5.34409E-27 7.23998E-18 2.84724E-14 4.28296E-14 2.27711E-26 4.14082E-11 7.98222E-08
 6.53872E-06 5.25410E-10 2.46094E-10 5.84016E-11 3.18798E-06 3.09212E-12 4.74177E-07 1.79812E-07
 1.58832E-08 1.25752E-12 3.71094E-12 4.82090E-09 1.27376E-08 4.91389E-10 2.69011E-12 1.45088E-11
 8.78403E-14 7.14314E-14 2.42949E-16 9.19447E-18 1.35218E-12 9.80904E-12 5.86992E-12 6.17055E-11
 3.90785E-10 9.06182E-15 7.10019E-27 6.75821E-27 8.54424E-18 3.11700E-14 4.00947E-14 2.31026E-26
 3.64506E-11 9.95372E-08 6.52037E-06 5.60433E-10 2.58645E-10 5.56895E-11 2.86737E-06 4.66460E-12
 5.06872E-07 1.69515E-07 1.76241E-08 1.24241E-12 3.83725E-12 4.15792E-09 1.22692E-08 3.56838E-10
 2.12396E-12 8.32161E-12 5.07168E-14 4.80243E-14 8.89826E-17 4.75594E-18 1.13838E-12 7.26775E-12
 6.52262E-12 5.05246E-11 4.04025E-10 3.83602E-15 7.84825E-27 8.16974E-27 1.04447E-17 3.37896E-14
 3.74368E-14 2.43405E-26 3.21229E-11 1.22072E-07 6.49427E-06 5.94907E-10 2.71264E-10 5.37032E-11
 2.60738E-06 6.83782E-12 5.44264E-07 1.60656E-07 1.98968E-08 1.22013E-12 3.90178E-12 3.60733E-09
 1.17726E-08 2.59934E-10 1.69049E-12 4.87269E-12 3.00704E-14 3.23131E-14 3.41787E-17 2.71311E-18
 9.75633E-13 5.48950E-12 7.15449E-12 4.16123E-11 4.14201E-10 1.69689E-15 8.45541E-27 9.56116E-27
 1.29567E-17 3.62902E-14 3.48971E-14 2.66716E-26 2.83155E-11 1.48072E-07 6.46115E-06 6.29063E-10
 2.84070E-10 5.18966E-11 2.36678E-06 9.87795E-12 5.86151E-07 1.52977E-07 2.28702E-08 1.19589E-12
 3.95697E-12 3.14819E-09 1.12603E-08 1.90314E-10 1.33618E-12 2.87737E-12 1.79696E-14 2.16990E-14
 1.32319E-17 1.52616E-18 8.50527E-13 4.12869E-12 7.75541E-12 3.40853E-11 4.22567E-10 7.57151E-16
 8.92048E-27 1.09473E-26 1.59045E-17 3.86564E-14 3.24912E-14 3.00010E-26 2.49860E-11 1.77904E-07
 6.42189E-06 6.63978E-10 2.97451E-10 5.03926E-11 2.14460E-06 1.41121E-11 6.32078E-07 1.46290E-07
 2.66993E-08 1.16912E-12 4.00210E-12 2.76549E-09 1.07439E-08 1.40083E-10 1.05178E-12 1.71383E-12
 1.08261E-14 1.45593E-14 5.15711E-18 8.49623E-19 7.53990E-13 3.10184E-12 8.32971E-12 2.78192E-11
 4.29336E-10 3.40899E-16 9.27188E-27 1.23240E-26 1.93370E-17 4.08654E-14 3.02420E-14 3.45684E-26
 2.22788E-11 2.10406E-07 6.37767E-06 7.01114E-10 3.11852E-10 4.99582E-11 1.97448E-06 1.96411E-11
 6.81200E-07 1.40473E-07 3.14976E-08 1.13336E-12 3.94372E-12 2.44857E-09 1.02354E-08 1.03156E-10
 8.49006E-13 1.04791E-12 6.73822E-15 9.84589E-15 2.12361E-18 5.51551E-19 6.79812E-13 2.42822E-12
 8.91221E-12 2.31299E-11 4.34145E-10 1.63890E-16 9.63665E-27 1.36835E-26 2.43953E-17 4.28873E-14
 2.81788E-14 4.23316E-26 2.00701E-11 2.45821E-07 6.32939E-06 7.41286E-10 3.27677E-10 5.04255E-11
 1.83483E-06 2.68603E-11 7.32992E-07 1.35361E-07 3.74219E-08 1.09188E-12 3.81201E-12 2.18585E-09
 9.74057E-09 7.60319E-11 6.97635E-13 6.55922E-13 4.29169E-15 6.70114E-15 9.03718E-19 3.87699E-19
 6.22467E-13 1.96156E-12 9.51879E-12 1.94842E-11 4.37664E-10 8.27448E-17 1.00547E-26 1.50823E-26
 3.16077E-17 4.47224E-14 2.63007E-14 5.45351E-26 1.81485E-11 2.85160E-07 6.27729E-06 7.85297E-10
 3.45452E-10 5.13573E-11 1.69562E-06 3.66203E-11 7.87536E-07 1.30766E-07 4.47081E-08 1.04844E-12
 3.66772E-12 1.96552E-09 9.25911E-09 5.62683E-11 5.72562E-13 4.14855E-13 2.74886E-15 4.56153E-15
 3.83431E-19 2.60367E-19 5.77300E-13 1.58782E-12 1.01297E-11 1.63619E-11 4.40550E-10 4.20402E-17
 1.05220E-26 1.66065E-26 4.08035E-17 4.63952E-14 2.45830E-14 7.15785E-26 1.64543E-11 3.28028E-07
 6.22138E-06 8.34215E-10 3.65765E-10 5.27971E-11 1.55565E-06 4.97643E-11 8.45068E-07 1.26534E-07
 5.36230E-08 1.00206E-12 3.50414E-12 1.77842E-09 8.78989E-09 4.18556E-11 4.69589E-13 2.64334E-13
 1.77224E-15 3.10723E-15 1.62334E-19 1.67011E-19 5.41049E-13 1.28499E-12 1.07270E-11 1.36753E-11
 4.42933E-10 2.14645E-17 1.10996E-26 1.83480E-26 5.25542E-17 4.79271E-14 2.30033E-14 9.53631E-26
 1.49499E-11 3.74102E-07 6.16230E-06 8.89717E-10 3.89428E-10 5.48835E-11 1.41589E-06 6.74834E-11
 9.05124E-07 1.22596E-07 6.43330E-08 9.52237E-13 3.31884E-12 1.61970E-09 8.33758E-09 3.13709E-11
 3.85520E-13 1.70191E-13 1.15474E-15 2.12296E-15 6.90753E-20 1.02849E-19 5.11808E-13 1.04085E-12
 1.13094E-11 1.13773E-11 4.44877E-10 1.10408E-17 1.18486E-26 2.04031E-26 6.75634E-17 4.93175E-14
 2.15617E-14 1.28608E-25 1.36056E-11 4.22982E-07 6.10080E-06 9.53699E-10 4.17350E-10 5.77702E-11
 1.27782E-06 9.14196E-11 9.67101E-07 1.18903E-07 7.69469E-08 8.98885E-13 3.11151E-12 1.48547E-09
 7.90690E-09 2.37673E-11 3.17342E-13 1.11256E-13 7.63924E-16 1.45943E-15 2.97900E-20 6.11765E-20
 4.88171E-13 8.44792E-13 1.18756E-11 9.42228E-12 4.46440E-10 5.73967E-18 1.28346E-26 2.28873E-26
 8.67246E-17 5.05649E-14 2.02591E-14 1.75270E-25 1.23873E-11 4.74193E-07 6.03659E-06 1.02809E-09
 4.50470E-10 6.16368E-11 1.14312E-06 1.23815E-10 1.03141E-06 1.15361E-07 9.17580E-08 8.41827E-13
 2.88325E-12 1.37052E-09 7.49504E-09 1.82551E-11 2.61992E-13 7.39561E-14 5.14573E-16 1.01241E-15
 1.30896E-20 3.53049E-20 4.68728E-13 6.86741E-13 1.24165E-11 7.76256E-12 4.47691E-10 3.02006E-18
 1.41373E-26 2.59491E-26 1.11217E-16 5.16885E-14 1.90745E-14 2.41180E-25 1.12704E-11 5.27393E-07
 5.96951E-06 1.11481E-09 4.89711E-10 6.66769E-11 1.01381E-06 1.67760E-10 1.09828E-06 1.11903E-07
 1.09053E-07 7.81332E-13 2.63792E-12 1.27125E-09 7.10089E-09 1.42643E-11 2.16951E-13 5.01218E-14
 3.54060E-16 7.11235E-16 5.90011E-21 1.98389E-20 4.52531E-13 5.58659E-13 1.29221E-11 6.35760E-12
 4.48687E-10 1.61151E-18 1.58401E-26 2.97547E-26 1.42543E-16 5.27003E-14 1.79942E-14 3.34797E-25
 1.02452E-11 5.82595E-07 5.90014E-06 1.21568E-09 5.35910E-10 7.30920E-11 8.92089E-07 2.27558E-10
 1.16724E-06 1.08512E-07 1.28935E-07 7.18386E-13 2.38233E-12 1.18579E-09 6.72772E-09 1.13842E-11
 1.80256E-13 3.48102E-14 2.49836E-16 5.08173E-16 2.75359E-21 1.08875E-20 4.39028E-13 4.54435E-13
 1.33835E-11 5.17365E-12 4.49480E-10 8.74446E-19 1.80180E-26 3.44757E-26 1.82590E-16 5.35993E-14
 1.70177E-14 4.68217E-25 9.32012E-12 6.40331E-07 5.82861E-06 1.33247E-09 5.89828E-10 8.12430E-11
 7.79929E-07 3.09286E-10 1.23819E-06 1.05159E-07 1.51590E-07 6.53876E-13 2.12394E-12 1.11204E-09
 6.37605E-09 9.30607E-12 1.50225E-13 2.48813E-14 1.81225E-16 3.70500E-16 1.33928E-21 5.84349E-21
 4.27706E-13 3.69340E-13 1.37885E-11 4.18020E-12 4.50116E-10 4.82931E-19 2.07466E-26 4.02930E-26
 2.33764E-16 5.43908E-14 1.61369E-14 6.58773E-25 8.56734E-12 7.03360E-07 5.75490E-06 1.46572E-09
 6.51321E-10 9.19705E-11 6.80672E-07 4.22102E-10 1.31120E-06 1.01811E-07 1.77250E-07 5.88161E-13
 1.86740E-12 1.04812E-09 6.04547E-09 7.78886E-12 1.25708E-13 1.84926E-14 1.36103E-16 2.75988E-16
 6.88323E-22 3.07573E-21 4.18141E-13 3.02565E-13 1.41153E-11 3.35097E-12 4.50645E-10 2.72859E-19
 2.41114E-26 4.72213E-26 2.99410E-16 5.50805E-14 1.53427E-14 9.30922E-25 8.42449E-12 7.38547E-07
 5.68054E-06 1.59176E-09 7.07562E-10 1.07496E-10 6.53201E-07 5.12496E-10 1.38485E-06 9.85135E-08
 2.05552E-07 5.23899E-13 1.46665E-12 9.93649E-10 5.74185E-09 6.76207E-12 1.19503E-13 1.49926E-14
 1.16388E-16 2.33184E-16 4.57706E-22 2.20938E-21 4.10173E-13 2.80593E-13 1.40685E-11 2.86467E-12
 4.51158E-10 2.04490E-19 2.86947E-26 5.52941E-26 5.07065E-16 5.55350E-14 1.46415E-14 1.71113E-24
 8.77198E-12 8.17702E-07 5.60442E-06 1.78764E-09 7.99099E-10 1.22998E-10 5.42573E-07 7.39413E-10
 1.46015E-06 9.51997E-08 2.37144E-07 4.60577E-13 1.28600E-12 9.46759E-10 5.47417E-09 6.00300E-12
 9.68927E-14 1.17306E-14 9.03808E-17 1.76854E-16 2.48887E-22 9.82612E-22 4.03296E-13 2.17478E-13
 1.43215E-11 2.18591E-12 4.51602E-10 1.10724E-19 3.43270E-26 6.67660E-26 5.96289E-16 5.60324E-14
 1.40150E-14 2.27196E-24 1.08453E-11 8.95566E-07 5.52399E-06 2.02849E-09 9.13202E-10 1.43220E-10
 4.42979E-07 1.07032E-09 1.53963E-06 9.17488E-08 2.73241E-07 4.00494E-13 1.11686E-12 9.04918E-10
 5.22895E-09 5.51414E-12 7.88006E-14 9.33414E-15 7.18131E-17 1.37411E-16 1.36447E-22 4.18899E-22
 3.97147E-13 1.64594E-13 1.44644E-11 1.64710E-12 4.52003E-10 5.93019E-20 4.24331E-26 8.25333E-26
 6.91543E-16 5.64728E-14 1.34376E-14 3.01070E-24 1.61883E-11 9.57164E-07 5.43972E-06 2.31397E-09
 1.04691E-09 1.72706E-10 3.76098E-07 1.47924E-09 1.62282E-06 8.81794E-08 3.13842E-07 3.44553E-13
 9.11330E-13 8.67748E-10 5.00411E-09 5.29581E-12 6.87319E-14 7.91619E-15 6.24793E-17 1.15978E-16
 8.69087E-23 2.02628E-22 3.91686E-13 1.31812E-13 1.43479E-11 1.27032E-12 4.52477E-10 3.64476E-20
 5.46223E-26 1.03895E-25 8.99799E-16 5.67483E-14 1.29103E-14 4.49011E-24 2.64578E-11 1.02425E-06
 5.35171E-06 2.69150E-09 1.22494E-09 2.13136E-10 3.09427E-07 2.11842E-09 1.70953E-06 8.45078E-08
 3.59063E-07 2.93051E-13 7.44102E-13 8.34845E-10 4.80178E-09 5.24889E-12 5.94667E-14 7.01388E-15
 5.62353E-17 9.83799E-17 5.76155E-23 8.96437E-23 3.86830E-13 1.04253E-13 1.41590E-11 9.52896E-13
 4.52956E-10 2.20746E-20 7.31228E-26 1.34860E-25 1.10215E-15 5.69796E-14 1.24312E-14 6.43482E-24
 4.37482E-11 1.08331E-06 5.25972E-06 3.17483E-09 1.45145E-09 2.68863E-10 2.56516E-07 3.01490E-09
 1.79991E-06 8.07441E-08 4.09131E-07 2.46789E-13 5.88254E-13 8.05647E-10 4.62012E-09 5.40706E-12
 5.32958E-14 6.53460E-15 5.35939E-17 8.75372E-17 4.16964E-23 4.06010E-23 3.82502E-13 8.40695E-14
 1.38190E-11 7.14906E-13 4.53496E-10 1.41030E-20 1.01741E-25 1.80303E-25 1.38730E-15 5.70823E-14
 1.19959E-14 9.59676E-24 6.94405E-11 1.14836E-06 5.16361E-06 3.79159E-09 1.74011E-09 3.41575E-10
 2.09527E-07 4.38392E-09 1.89390E-06 7.69188E-08 4.64130E-07 2.06034E-13 4.63749E-13 7.79753E-10
 4.45895E-09 5.67431E-12 4.78020E-14 6.25745E-15 5.21546E-17 7.82891E-17 3.10063E-23 1.75051E-23
 3.78643E-13 6.73633E-14 1.34300E-11 5.27547E-13 4.54027E-10 8.94464E-21 1.44953E-25 2.46856E-25
 1.68630E-15 5.71285E-14 1.16011E-14 1.39853E-23 1.04251E-10 1.21558E-06 5.06339E-06 4.55056E-09
 2.09044E-09 4.32618E-10 1.74101E-07 6.33502E-09 1.99136E-06 7.30753E-08 5.23989E-07 1.70853E-13
 3.56225E-13 7.56795E-10 4.31668E-09 6.05189E-12 4.39913E-14 6.09376E-15 5.18588E-17 7.21772E-17
 2.41235E-23 7.80239E-24 3.75206E-13 5.46356E-14 1.29856E-11 3.91271E-13 4.54555E-10 5.84896E-21
 2.08512E-25 3.43906E-25 2.07702E-15 5.70434E-14 1.12435E-14 2.06924E-23 1.46701E-10 1.31148E-06
 4.95860E-06 5.46061E-09 2.50954E-09 5.36195E-10 1.41318E-07 9.48394E-09 2.09231E-06 6.92586E-08
 5.88699E-07 1.41264E-13 2.81586E-13 7.36417E-10 4.19206E-09 6.33323E-12 3.91022E-14 5.81712E-15
 4.95850E-17 6.37492E-17 1.76478E-23 3.19390E-24 3.72140E-13 4.29085E-14 1.26507E-11 2.84255E-13
 4.54938E-10 3.57973E-21 2.96240E-25 4.80626E-25 2.39474E-15 5.69953E-14 1.09193E-14 2.86419E-23
 1.95805E-10 1.42890E-06 4.84469E-06 6.50277E-09 2.98072E-09 6.52422E-10 1.16591E-07 1.41465E-08
 2.20090E-06 6.53642E-08 6.60929E-07 1.15865E-13 2.19891E-13 7.17528E-10 4.07753E-09 6.53445E-12
 3.47896E-14 5.44035E-15 4.63289E-17 5.62023E-17 1.26020E-23 1.32854E-24 3.69289E-13 3.34265E-14
 1.23540E-11 2.07609E-13 4.55243E-10 2.15581E-21 4.15667E-25 6.71939E-25 2.75488E-15 5.68818E-14
 1.06127E-14 3.91357E-23 2.49602E-10 1.58461E-06 4.71556E-06 7.65565E-09 3.49284E-09 7.77147E-10
 9.61788E-08 2.13315E-08 2.32239E-06 6.12762E-08 7.44427E-07 9.35786E-14 1.71895E-13 6.99205E-10
 3.96681E-09 6.52854E-12 3.02094E-14 4.90845E-15 4.13167E-17 4.78658E-17 8.44204E-24 5.36730E-25
 3.66519E-13 2.54050E-14 1.21331E-11 1.50677E-13 4.55438E-10 1.23383E-21 5.74846E-25 9.35207E-25
 3.10366E-15 5.67672E-14 1.03095E-14 5.16679E-23 3.05208E-10 1.77838E-06 4.56930E-06 8.89447E-09
 4.02632E-09 9.04079E-10 8.07986E-08 3.19349E-08 2.45791E-06 5.70369E-08 8.40481E-07 7.42150E-14
 1.31417E-13 6.81325E-10 3.85781E-09 6.35879E-12 2.60830E-14 4.27468E-15 3.55023E-17 4.03259E-17
 5.42850E-24 2.21583E-25 3.63813E-13 1.91071E-14 1.19571E-11 1.10046E-13 4.55555E-10 6.90323E-22
 7.81892E-25 1.29917E-24 3.50161E-15 5.65908E-14 1.00082E-14 6.71980E-23 3.59363E-10 2.03727E-06
 4.40458E-06 1.01431E-08 4.54602E-09 1.02066E-09 6.78152E-08 4.81635E-08 2.60739E-06 5.27205E-08
 9.49915E-07 5.76961E-14 1.00169E-13 6.63882E-10 3.74920E-09 5.92131E-12 2.17748E-14 3.55248E-15
 2.87091E-17 3.24197E-17 3.22418E-24 8.87737E-26 3.61168E-13 1.39780E-14 1.18755E-11 7.98468E-14
 4.55547E-10 3.64733E-22 1.04033E-24 1.78764E-24 3.90904E-15 5.63900E-14 9.70893E-15 8.47052E-23
 4.09111E-10 2.35172E-06 4.22121E-06 1.14242E-08 5.05345E-09 1.12513E-09 5.79374E-08 7.17679E-08
 2.76974E-06 4.84037E-08 1.07335E-06 4.39122E-14 7.41158E-14 6.46870E-10 3.63908E-09 5.39636E-12
 1.81393E-14 2.85187E-15 2.24617E-17 2.59185E-17 1.84536E-24 3.67274E-26 3.58581E-13 1.01700E-14
 1.18445E-11 5.84597E-14 4.55457E-10 1.89786E-22 1.37001E-24 2.46541E-24 4.38616E-15 5.61022E-14
 9.41210E-15 1.05659E-22 4.50497E-10 2.74543E-06 4.01856E-06 1.27289E-08 5.54654E-09 1.20974E-09
 4.86686E-08 1.07869E-07 2.94267E-06 4.41594E-08 1.21147E-06 3.26572E-14 5.45817E-14 6.30282E-10
 3.52562E-09 4.74770E-12 1.46672E-14 2.20590E-15 1.67964E-17 1.97856E-17 9.86367E-25 1.46708E-26
 3.56042E-13 7.25722E-15 1.19447E-11 4.25089E-14 4.55204E-10 9.41908E-23 1.79726E-24 3.41534E-24
 4.86615E-15 5.57915E-14 9.11787E-15 1.28672E-22 4.78130E-10 3.14776E-06 3.79614E-06 1.47543E-08
 6.29927E-09 1.27934E-09 4.05860E-08 1.64387E-07 3.12178E-06 4.00523E-08 1.36485E-06 2.36344E-14
 3.85965E-14 6.14108E-10 3.40628E-09 4.33389E-12 1.24348E-14 1.68410E-15 1.28105E-17 1.57331E-17
 5.35800E-25 6.20036E-27 3.53541E-13 5.33891E-15 1.21777E-11 3.15219E-14 4.54783E-10 4.82238E-23
 2.39693E-24 5.06527E-24 5.27233E-15 5.55316E-14 8.82639E-15 1.58366E-22 4.90695E-10 3.95461E-06
 3.54390E-06 1.72717E-08 7.16577E-09 1.25624E-09 3.50074E-08 2.78918E-07 3.29784E-06 3.61362E-08
 1.53501E-06 1.61913E-14 2.57031E-14 5.98341E-10 3.27874E-09 3.57515E-12 1.02837E-14 1.18279E-15
 8.73526E-18 1.16815E-17 2.57005E-25 2.48827E-27 3.51074E-13 3.79314E-15 1.28174E-11 2.30701E-14
 4.53917E-10 2.20632E-23 2.92688E-24 7.66695E-24 5.72172E-15 5.52018E-14 8.53758E-15 1.95581E-22
 4.93936E-10 7.58698E-06 3.24389E-06 1.53110E-08 6.20623E-09 9.96061E-10 4.42425E-08 5.33725E-07
 3.44990E-06 3.24510E-08 1.72396E-06 1.01897E-14 1.45605E-14 5.82968E-10 3.14031E-09 1.69628E-12
 6.67326E-15 6.58899E-16 3.85125E-18 6.33614E-18 8.32668E-26 9.46543E-28 3.48641E-13 2.21888E-15
 1.43718E-11 1.61577E-14 4.52093E-10 6.66349E-24 2.34833E-24 8.01202E-24 7.66901E-15 5.33437E-14
 8.25122E-15 2.26971E-22 4.55135E-10 2.26898E-05 2.91223E-06 8.24645E-09 3.24320E-09 6.11018E-10
 8.23841E-08 9.48867E-07 3.55208E-06 2.90253E-08 1.93010E-06 6.17487E-15 8.99832E-15 5.67981E-10
 2.98762E-09 3.58286E-13 2.67216E-15 3.09382E-16 1.11338E-18 1.61112E-18 1.93727E-26 3.81242E-28
 3.46200E-13 9.71402E-16 1.81170E-11 1.19200E-14 4.48027E-10 1.10764E-24 1.01130E-24 4.00065E-24
 1.30377E-14 4.80307E-14 7.96744E-15 2.01494E-22 3.58658E-10 6.17695E-05 2.59001E-06 4.40152E-09
 1.56128E-09 3.44684E-10 1.52424E-07 1.41797E-06 3.61241E-06 2.58741E-08 2.14724E-06 3.72567E-15
 6.86083E-15 5.53368E-10 2.82321E-09 7.65037E-14 1.02752E-15 1.41375E-16 2.97095E-19 3.53425E-19
 4.29481E-27 2.20340E-28 3.43689E-13 3.99432E-16 2.43309E-11 1.04623E-14 4.41430E-10 1.25534E-25
 3.42740E-25 1.60163E-24 2.01185E-14 4.09725E-14 7.68635E-15 1.49633E-22 2.51422E-10 1.38686E-04
 2.29100E-06 2.61355E-09 7.92093E-10 1.89296E-10 2.35646E-07 1.88574E-06 3.64669E-06 2.30047E-08
 2.37173E-06 2.23961E-15 5.78770E-15 5.39124E-10 2.65321E-09 2.29742E-14 4.14858E-16 6.44301E-17
 7.85518E-20 9.67162E-20 9.49972E-28 1.33153E-28 3.41070E-13 1.62725E-16 3.25748E-11 9.50695E-15
 4.32734E-10 1.16501E-26 1.04734E-25 6.39481E-25 2.69034E-14 3.41770E-14 7.40768E-15 1.01501E-22
 1.74473E-10 2.65298E-04 2.01868E-06 1.73165E-09 4.36955E-10 1.02819E-10 3.27160E-07 2.32516E-06
 3.66624E-06 2.04076E-08 2.60202E-06 1.34219E-15 5.07508E-15 5.25206E-10 2.48255E-09 1.05304E-14
 1.86450E-16 2.93129E-17 2.07747E-20 3.93569E-20 2.10036E-28 8.42742E-29 3.38312E-13 6.89694E-17
 4.21574E-11 8.77439E-15 4.22618E-10 1.45888E-27 3.04322E-26 2.76182E-25 3.27650E-14 2.82684E-14
 7.13027E-15 6.81861E-23 1.26816E-10 4.52487E-04 1.77453E-06 1.22643E-09 2.56463E-10 5.56357E-11
 4.18354E-07 2.72322E-06 3.67735E-06 1.80813E-08 2.83630E-06 8.03908E-16 4.53958E-15 5.11640E-10
 2.31573E-09 6.43113E-15 9.00740E-17 1.33483E-17 5.52220E-21 2.11243E-20 4.65593E-29 5.28298E-29
 3.35394E-13 3.06464E-17 5.25059E-11 8.03119E-15 4.11641E-10 3.57406E-28 8.63575E-27 1.27417E-25
 3.75447E-14 2.34005E-14 6.85406E-15 4.58565E-23 9.22478E-11 7.11289E-04 1.55698E-06 8.83109E-10
 1.54579E-10 3.00412E-11 4.74194E-07 3.07703E-06 3.68348E-06 1.60047E-08 3.07468E-06 4.81101E-16
 4.11668E-15 4.98365E-10 2.15539E-09 4.43842E-15 4.25068E-17 6.09357E-18 1.48032E-21 1.23017E-20
 1.03888E-29 2.82071E-29 3.32280E-13 1.35255E-17 6.32740E-11 6.97758E-15 4.00132E-10 1.12484E-28
 2.39086E-27 6.04292E-26 4.10974E-14 1.97117E-14 6.57734E-15 3.02539E-23 6.94802E-11 1.04873E-03
 1.36360E-06 6.50836E-10 9.67244E-11 1.61706E-11 5.09942E-07 3.38716E-06 3.68660E-06 1.41526E-08
 3.31769E-06 2.87469E-16 3.79255E-15 4.85309E-10 2.00303E-09 3.26732E-15 2.03753E-17 2.78109E-18
 3.99080E-22 7.61842E-21 2.32505E-30 1.44855E-29 3.28928E-13 5.99783E-18 7.41820E-11 5.96618E-15
 3.88348E-10 4.03038E-29 6.49232E-28 3.01186E-26 4.38196E-14 1.67973E-14 6.29819E-15 2.01841E-23
 5.43553E-11 1.46902E-03 1.19285E-06 4.85953E-10 6.24379E-11 8.68865E-12 5.24933E-07 3.65539E-06
 3.68784E-06 1.25103E-08 3.56473E-06 1.71714E-16 3.55260E-15 4.72469E-10 1.86051E-09 2.47386E-15
 9.89356E-18 1.26958E-18 1.08397E-22 4.84459E-21 5.22481E-31 7.20908E-30 3.25306E-13 2.68653E-18
 8.49838E-11 5.02272E-15 3.76513E-10 1.54333E-29 1.74384E-28 1.57206E-26 4.59404E-14 1.44188E-14
 6.01600E-15 1.36598E-23 4.38693E-11 1.97458E-03 1.04295E-06 3.64975E-10 4.13572E-11 4.66720E-12
 5.20512E-07 3.88487E-06 3.68783E-06 1.10623E-08 3.81528E-06 1.02672E-16 3.38016E-15 4.59844E-10
 1.72934E-09 1.89857E-15 4.83630E-18 5.80352E-19 2.97473E-23 3.11946E-21 1.18113E-31 3.47611E-30
 3.21376E-13 1.21397E-18 9.54919E-11 4.16335E-15 3.64788E-10 6.13942E-30 4.67068E-29 8.53859E-27
 4.75739E-14 1.24523E-14 5.73017E-15 9.36948E-24 3.51040E-11 2.56741E-03 9.11754E-07 2.71949E-10
 2.77439E-11 2.50661E-12 4.86393E-07 4.07960E-06 3.68674E-06 9.78944E-09 4.06960E-06 6.14808E-17
 3.25820E-15 4.47403E-10 1.61053E-09 1.45416E-15 2.30216E-18 2.65978E-19 8.27163E-24 1.96937E-21
 2.69394E-32 1.52893E-30 3.17094E-13 5.39432E-19 1.05581E-10 3.34257E-15 3.53268E-10 2.32812E-30
 1.24236E-29 4.74676E-27 4.87140E-14 1.08927E-14 5.43958E-15 6.43598E-24 2.78647E-11 3.24727E-03
 7.96968E-07 2.01280E-10 1.88397E-11 1.34404E-12 4.33358E-07 4.24337E-06 3.68433E-06 8.67123E-09
 4.32842E-06 3.68357E-17 3.17115E-15 4.35101E-10 1.50420E-09 1.11252E-15 1.07239E-18 1.22079E-19
 2.33111E-24 1.22570E-21 6.19963E-33 6.23746E-31 3.12403E-13 2.34405E-19 1.15147E-10 2.61580E-15
 3.42021E-10 8.49116E-31 3.26768E-30 2.69846E-27 4.94595E-14 9.62891E-15 5.14293E-15 4.43725E-24
 2.32417E-11 4.00623E-03 6.97092E-07 1.50279E-10 1.31381E-11 7.20725E-13 3.86636E-07 4.37936E-06
 3.68051E-06 7.69467E-09 4.59111E-06 2.20959E-17 3.10609E-15 4.22956E-10 1.41023E-09 8.65142E-16
 5.15082E-19 5.60894E-20 6.68333E-25 7.88791E-22 1.44137E-33 2.62881E-31 3.07266E-13 1.03181E-19
 1.24028E-10 2.05617E-15 3.31177E-10 3.37420E-31 8.67912E-31 1.59593E-27 4.99891E-14 8.47033E-15
 4.84041E-15 3.12750E-24 1.95605E-11 4.83174E-03 6.10847E-07 1.11648E-10 9.28539E-12 3.87224E-13
 3.33351E-07 4.49084E-06 3.67521E-06 6.84850E-09 4.85682E-06 1.32904E-17 3.05301E-15 4.10994E-10
 1.32893E-09 6.74433E-16 2.46562E-19 2.58500E-20 1.96109E-25 5.05400E-22 3.40487E-34 1.06165E-31
 3.01642E-13 4.54970E-20 1.32073E-10 1.58647E-15 3.20849E-10 1.32674E-31 2.34735E-31 9.67797E-28
 5.02567E-14 7.45200E-15 4.53251E-15 2.22219E-24 1.68278E-11 5.70520E-03 5.36934E-07 8.28690E-11
 6.67606E-12 2.08735E-13 2.81442E-07 4.58028E-06 3.66809E-06 6.12086E-09 5.12509E-06 8.02176E-18
 3.00441E-15 3.99234E-10 1.25988E-09 5.29955E-16 1.18852E-19 1.19520E-20 5.92046E-26 3.26831E-22
 8.20808E-35 4.20300E-32 2.95491E-13 2.01877E-20 1.39142E-10 1.21104E-15 3.11137E-10 5.31625E-32
 6.56877E-32 6.04141E-28 5.02894E-14 6.53547E-15 4.21984E-15 1.59876E-24 1.50487E-11 6.59834E-03
 4.74429E-07 6.16851E-11 4.90324E-12 1.13300E-13 2.35337E-07 4.64989E-06 3.65899E-06 5.50324E-09
 5.39469E-06 4.87176E-18 2.95510E-15 3.87720E-10 1.20277E-09 4.21922E-16 5.85224E-20 5.55197E-21
 1.85549E-26 2.16027E-22 2.03655E-35 1.67548E-32 2.88782E-13 9.11917E-21 1.45079E-10 9.20942E-16
 3.02163E-10 2.24215E-32 1.95402E-32 3.90108E-28 5.01055E-14 5.69332E-15 3.90395E-15 1.16992E-24
 1.36239E-11 7.47579E-03 4.22522E-07 4.57102E-11 3.65056E-12 6.22258E-14 1.90453E-07 4.70132E-06
 3.64757E-06 4.98788E-09 5.66468E-06 2.99358E-18 2.90144E-15 3.76489E-10 1.15750E-09 3.37480E-16
 2.87713E-20 2.59923E-21 6.07362E-27 1.42491E-22 5.24495E-36 6.39695E-33 2.81486E-13 4.13935E-21
 1.49740E-10 6.87793E-16 2.94026E-10 9.35375E-33 6.25935E-33 2.58500E-28 4.96539E-14 4.96788E-15
 3.58654E-15 8.63175E-25 1.26821E-11 8.29272E-03 3.80617E-07 3.38773E-11 2.76919E-12 3.50534E-14
 1.50806E-07 4.73519E-06 3.63325E-06 4.56878E-09 5.93389E-06 1.88714E-18 2.84100E-15 3.65589E-10
 1.12365E-09 2.72688E-16 1.42842E-20 1.23678E-21 2.09232E-27 9.50546E-23 1.41633E-36 2.39080E-33
 2.73585E-13 1.89572E-21 1.52985E-10 5.08031E-16 2.86834E-10 3.98178E-33 2.20056E-33 1.76819E-28
 4.89370E-14 4.35034E-15 3.27005E-15 6.45321E-25 1.20383E-11 8.99508E-03 3.48366E-07 2.50708E-11
 2.13498E-12 2.10960E-14 1.15529E-07 4.75147E-06 3.61534E-06 4.24204E-09 6.20096E-06 1.26430E-18
 2.77215E-15 3.55075E-10 1.10086E-09 2.21688E-16 7.11109E-21 6.19858E-22 7.71021E-28 6.34003E-23
 4.07386E-37 8.56657E-34 2.65076E-13 8.81328E-22 1.54674E-10 3.68865E-16 2.80691E-10 1.68381E-33
 8.64843E-34 1.24681E-28 4.79364E-14 3.85520E-15 2.95746E-15 4.87355E-25 1.18554E-11 9.51905E-03
 3.25710E-07 1.87272E-11 1.68363E-12 1.50807E-14 8.69199E-08 4.74935E-06 3.59302E-06 4.00617E-09
 6.46394E-06 9.69477E-19 2.69395E-15 3.45018E-10 1.08851E-09 1.82222E-16 3.71898E-21 3.73019E-22
 3.44474E-28 4.28172E-23 1.42224E-37 3.10494E-34 2.55979E-13 4.63402E-22 1.54672E-10 2.66569E-16
 2.75706E-10 7.40737E-34 4.27790E-34 9.13928E-29 4.66541E-14 3.48128E-15 2.65257E-15 3.74043E-25
 2.85150E+02 2.78650E+02 2.72150E+02 2.65660E+02 2.61170E+02 2.55680E+02 2.49190E+02 2.42700E+02
 2.36210E+02 2.25000E+02 2.10000E+02 2.10000E+02 2.10000E+02 2.10000E+02 2.10000E+02 2.10000E+02
 2.14000E+02 2.14000E+02 2.16650E+02 2.16650E+02 2.16650E+02 2.17580E+02 2.18570E+02 2.19570E+02
 2.20560E+02 2.21550E+02 2.22540E+02 2.23540E+02 2.24530E+02 2.25520E+02 2.26510E+02 2.27500E+02
 2.28490E+02 2.30970E+02 2.33740E+02 2.36510E+02 2.39280E+02 2.42050E+02 2.44820E+02 2.47580E+02
 2.50350E+02 2.53140E+02 2.55880E+02 2.58640E+02 2.61400E+02 2.64160E+02 2.66960E+02 2.69680E+02
 2.70650E+02 2.70650E+02 2.70650E+02 2.70650E+02 2.69030E+02 2.66270E+02 2.63520E+02 2.60770E+02
 2.58020E+02 2.55270E+02 2.52520E+02 2.49770E+02 2.47020E+02 2.44270E+02 2.41530E+02 2.30780E+02
 2.30500E+02 2.30500E+02 2.27000E+02 2.25100E+02 2.22000E+02 2.19600E+02 2.16000E+02 2.14300E+02
 2.12000E+02 2.10300E+02 2.08000E+02 2.06400E+02 2.04000E+02 2.02500E+02 2.00000E+02 1.98600E+02
 1.96000E+02 1.94700E+02 1.92000E+02 1.90800E+02 1.89000E+02 1.86900E+02 1.86900E+02 1.86900E+02
 1.86900E+02 1.86900E+02 1.88000E+02 1.90000E+02 1.91000E+02 1.92500E+02 1.94000E+02 1.95000E+02
 1.96500E+02 1.98000E+02 2.00000E+02 2.02000E+02 1.00000E+05 1.00000E+05 1.00000E+05 1.00000E+05
 1.00000E+05 1.00000E+05 1.00000E+05 1.00000E+05 1.00000E+05 8.94400E+04 4.89900E+04 2.25800E+04
 1.16600E+04 6.81200E+03 5.16500E+03 4.29000E+03 3.95000E+03 3.90000E+03 3.99900E+03 4.34300E+03
 4.84400E+03 5.43900E+03 6.18700E+03 7.03600E+03 7.98400E+03 8.98600E+03 1.00300E+04 1.12800E+04
 1.24900E+04 1.36300E+04 1.51300E+04 1.66900E+04 1.81800E+04 1.99800E+04 2.19800E+04 2.44500E+04
 2.74600E+04 3.04600E+04 3.39400E+04 3.79500E+04 4.19500E+04 4.64300E+04 5.19100E+04 5.84000E+04
 6.44500E+04 7.13600E+04 7.99000E+04 8.79100E+04 9.68700E+04 1.06900E+05 1.17800E+05 1.31800E+05
 1.48300E+05 1.65800E+05 1.83300E+05 2.01800E+05 2.25600E+05 2.52200E+05 2.77200E+05 3.07000E+05
 3.42100E+05 3.79500E+05 4.21900E+05 4.71700E+05 5.17400E+05 5.67400E+05 6.22400E+05 6.82600E+05
 7.48700E+05 8.21200E+05 9.00700E+05 9.87900E+05 1.00000E+06 1.00000E+06 1.00000E+06 1.00000E+06
 1.00000E+06 1.00000E+06 1.00000E+06 1.00000E+06 1.00000E+06 1.00000E+06 1.00000E+06 1.00000E+06
 1.00000E+06 1.00000E+06 1.00000E+06 1.00000E+06 1.00000E+06 1.00000E+06 1.00000E+06 1.00000E+06
 1.00000E+06 1.00000E+06 1.00000E+06 1.00000E+06 1.00000E+06 1.00000E+06 1.00000E+06 1.00000E+06
 2.42447E+19 2.19796E+19 1.98808E+19 1.79390E+19 1.60306E+19 1.43502E+19 1.28636E+19 1.14983E+19
 1.02472E+19 9.28044E+18 8.50227E+18 7.22989E+18 6.14824E+18 5.22867E+18 4.44687E+18 3.78215E+18
 3.16166E+18 2.69747E+18 2.27562E+18 1.94549E+18 1.66333E+18 1.41656E+18 1.20698E+18 1.02916E+18
 8.78250E+17 7.50038E+17 6.41025E+17 5.48241E+17 4.69256E+17 4.01944E+17 3.44538E+17 2.95542E+17
 2.53695E+17 2.16625E+17 1.85079E+17 1.58428E+17 1.35866E+17 1.16728E+17 1.00464E+17 8.66192E+16
 7.48055E+16 6.47053E+16 5.60704E+16 4.86605E+16 4.22951E+16 3.68181E+16 3.20933E+16 2.80238E+16
 2.46531E+16 2.17716E+16 1.92276E+16 1.69815E+16 1.50831E+16 1.34416E+16 1.19644E+16 1.06369E+16
 9.44538E+15 8.37697E+15 7.42006E+15 6.56401E+15 5.79910E+15 5.11643E+15 4.50775E+15 4.09388E+15
 3.54495E+15 3.06578E+15 2.68938E+15 2.33901E+15 2.04213E+15 1.77437E+15 1.54732E+15 1.33526E+15
 1.15398E+15 9.93152E+14 8.56007E+14 7.34321E+14 6.31482E+14 5.39891E+14 4.63186E+14 3.94620E+14
 3.37723E+14 2.86683E+14 2.44722E+14 2.06950E+14 1.75338E+14 1.48546E+14 1.24332E+14 1.04071E+14
 8.71159E+13 7.29275E+13 6.07277E+13 5.04069E+13 4.21244E+13 3.51541E+13 2.93800E+13 2.46471E+13
 2.06482E+13 1.73223E+13 1.45188E+13 1.21910E+13 8.59093E-11 1.04296E-10 1.42912E-10 1.90950E-10
 2.43191E-10 2.95069E-10 3.42376E-10 3.82382E-10 4.13793E-10 4.37642E-10 4.59664E-10 4.88346E-10
 5.15263E-10 5.33365E-10 5.34219E-10 5.15415E-10 4.80176E-10 4.35640E-10 3.88571E-10 3.44034E-10
 3.05051E-10 2.71797E-10 2.43778E-10 2.20362E-10 2.00352E-10 1.82169E-10 1.64954E-10 1.48731E-10
 1.33483E-10 1.19024E-10 1.05430E-10 9.28081E-11 8.10653E-11 7.02008E-11 6.02814E-11 5.13660E-11
 4.35030E-11 3.66105E-11 3.05929E-11 2.54028E-11 2.09442E-11 1.71347E-11 1.39346E-11 1.12879E-11
 9.09736E-12 7.28279E-12 5.80124E-12 4.59566E-12 3.61492E-12 2.82486E-12 2.18718E-12 1.68827E-12
 1.30138E-12 1.00005E-12 7.63503E-13 5.78146E-13 4.35827E-13 3.26911E-13 2.42653E-13 1.78497E-13
 1.30282E-13 9.41473E-14 6.73512E-14 4.77859E-14 3.32676E-14 2.27075E-14 1.52026E-14 9.95685E-15
 6.37429E-15 3.97718E-15 2.41501E-15 1.42084E-15 7.70926E-16 3.77047E-16 1.63255E-16 6.11275E-17
 1.92893E-17 4.95954E-18 1.00110E-18 1.51071E-19 1.61479E-20 1.13810E-21 4.88963E-23 1.15288E-24
 1.32598E-26 6.42939E-29 1.09221E-31 5.29028E-35 5.71078E-39 1.02298E-43 2.10979E-49 3.25877E-56
 2.37989E-64 4.57863E-74 1.14926E-85 1.85231E-99 1.00000-100 1.00000-100 1.00000-100 1.00000-100
 3.15613E+01 2.71625E+01 2.73606E+01 2.80909E+01 2.92863E+01 2.97669E+01 2.91485E+01 2.79384E+01
 2.59465E+01 2.40510E+01 2.25935E+01 1.90707E+01 1.68105E+01 1.45557E+01 1.22255E+01 9.89691E+00
 7.62575E+00 6.55959E+00 5.62717E+00 5.27787E+00 5.12148E+00 5.02413E+00 5.10056E+00 5.32623E+00
 4.98141E+00 3.82445E+00 2.93174E+00 2.23951E+00 1.70635E+00 1.29298E+00 9.74713E-01 7.30900E-01
 5.44193E-01 3.97351E-01 2.87699E-01 2.07312E-01 1.48674E-01 1.06092E-01 7.52918E-02 5.31992E-02
 3.73640E-02 2.63353E-02 1.85589E-02 1.30471E-02 9.13961E-03 6.36914E-03 4.42239E-03 3.05912E-03
 2.11686E-03 1.46086E-03 9.98919E-04 6.80991E-04 4.66249E-04 3.19295E-04 2.16981E-04 1.46075E-04
 9.77812E-05 6.50486E-05 4.27676E-05 2.78306E-05 1.79460E-05 1.14419E-05 7.21153E-06 4.66091E-06
 2.80200E-06 1.65361E-06 9.78493E-07 5.59728E-07 3.15781E-07 1.72181E-07 9.21425E-08 4.69241E-08
 2.21242E-08 9.33948E-09 3.50425E-09 1.12830E-09 3.07772E-10 6.77750E-11 1.17940E-11 1.51785E-12
 1.39484E-13 8.34497E-15 3.07447E-16 6.12714E-18 5.97957E-20 2.46238E-22 3.48626E-25 1.40743E-28
 1.26639E-32 1.89090E-37 3.21795E-43 4.06909E-50 2.46023E-58 3.90476E-68 8.07455E-80 1.08443E-93
 4.90461E-95 4.11460E-95 3.44868E-95 2.89576E-95 0.00000E+00 0.00000E+00 0.00000E+00 0.00000E+00
 0.00000E+00 0.00000E+00 0.00000E+00 0.00000E+00 0.00000E+00 0.00000E+00 0.00000E+00 0.00000E+00
 0.00000E+00 0.00000E+00 0.00000E+00 0.00000E+00 0.00000E+00 0.00000E+00 0.00000E+00 0.00000E+00
 0.00000E+00 0.00000E+00 0.00000E+00 0.00000E+00 0.00000E+00 0.00000E+00 0.00000E+00 0.00000E+00
 0.00000E+00 0.00000E+00 0.00000E+00 0.00000E+00 0.00000E+00 0.00000E+00 0.00000E+00 0.00000E+00
 0.00000E+00 0.00000E+00 0.00000E+00 0.00000E+00 0.00000E+00 0.00000E+00 0.00000E+00 0.00000E+00
 0.00000E+00 0.00000E+00 0.00000E+00 0.00000E+00 0.00000E+00 0.00000E+00 0.00000E+00 0.00000E+00
 0.00000E+00 0.00000E+00 0.00000E+00 0.00000E+00 0.00000E+00 0.00000E+00 0.00000E+00 0.00000E+00
 0.00000E+00 0.00000E+00 0.00000E+00 0.00000E+00 0.00000E+00 0.00000E+00 0.00000E+00 0.00000E+00
 0.00000E+00 0.00000E+00 0.00000E+00 0.00000E+00 0.00000E+00 0.00000E+00 0.00000E+00 0.00000E+00
 0.00000E+00 0.00000E+00 0.00000E+00 0.00000E+00 0.00000E+00 0.00000E+00 0.00000E+00 0.00000E+00
 0.00000E+00 0.00000E+00 0.00000E+00 0.00000E+00 0.00000E+00 0.00000E+00 0.00000E+00 0.00000E+00
 0.00000E+00 0.00000E+00 0.00000E+00 0.00000E+00 0.00000E+00 0.00000E+00 0.00000E+00 0.00000E+00
 0.00000E+00 0.00000E+00 0.00000E+00 0.00000E+00 0.00000E+00 0.00000E+00 0.00000E+00 0.00000E+00
 0.00000E+00 0.00000E+00 0.00000E+00 0.00000E+00 0.00000E+00 0.00000E+00 0.00000E+00 0.00000E+00
 0.00000E+00 0.00000E+00 0.00000E+00 0.00000E+00 0.00000E+00 0.00000E+00 0.00000E+00 0.00000E+00
 0.00000E+00 0.00000E+00 0.00000E+00 0.00000E+00 0.00000E+00 0.00000E+00 0.00000E+00 0.00000E+00
 0.00000E+00 0.00000E+00 0.00000E+00 0.00000E+00 0.00000E+00 0.00000E+00 0.00000E+00 0.00000E+00
 0.00000E+00 0.00000E+00 0.00000E+00 0.00000E+00 0.00000E+00 0.00000E+00 0.00000E+00 0.00000E+00
 0.00000E+00 0.00000E+00 0.00000E+00 0.00000E+00 0.00000E+00 0.00000E+00 0.00000E+00 0.00000E+00
 0.00000E+00 0.00000E+00 0.00000E+00 0.00000E+00 0.00000E+00 0.00000E+00 0.00000E+00 0.00000E+00
 0.00000E+00 0.00000E+00 0.00000E+00 0.00000E+00 0.00000E+00 0.00000E+00 0.00000E+00 0.00000E+00
 0.00000E+00 0.00000E+00 0.00000E+00 0.00000E+00 0.00000E+00 0.00000E+00 0.00000E+00 0.00000E+00
 0.00000E+00 0.00000E+00 0.00000E+00 0.00000E+00 0.00000E+00 0.00000E+00 0.00000E+00 0.00000E+00
 0.00000E+00 0.00000E+00 0.00000E+00 0.00000E+00 0.00000E+00 0.00000E+00 0.00000E+00 0.00000E+00
 0.00000E+00 0.00000E+00 0.00000E+00 0.00000E+00 7.14369E-04 7.82800E-04 8.62122E-04 9.49990E-04
 1.03378E-03 1.12776E-03 1.23837E-03 1.36189E-03 1.50741E-03 1.69095E-03 1.92507E-03 2.19448E-03
 2.47944E-03 2.81844E-03 3.21956E-03 3.69557E-03 4.23565E-03 4.68139E-03 5.14072E-03 5.50189E-03
 5.84356E-03 6.20370E-03 6.53739E-03 6.85301E-03 7.48197E-03 8.73785E-03 1.01945E-02 1.18897E-02
 1.38543E-02 1.61351E-02 1.87770E-02 2.18388E-02 2.53874E-02 2.95635E-02 3.43877E-02 3.99218E-02
 4.62871E-02 5.35980E-02 6.19784E-02 7.15615E-02 8.25314E-02 9.46624E-02 1.08240E-01 1.23599E-01
 1.40950E-01 1.60526E-01 1.82589E-01 2.07411E-01 2.35087E-01 2.66185E-01 3.01388E-01 3.41235E-01
 3.85993E-01 4.36685E-01 4.94701E-01 5.61189E-01 6.37501E-01 7.25221E-01 8.26212E-01 9.42667E-01
 1.07717E+00 1.23278E+00 1.41311E+00 1.61883E+00 1.87375E+00 2.16683E+00 2.49727E+00 2.88878E+00
 3.33912E+00 3.87359E+00 4.49333E+00 5.24037E+00 6.11410E+00 7.15222E+00 8.37058E+00 9.82351E+00
 1.15341E+01 1.35824E+01 1.60022E+01 1.89110E+01 2.23596E+01 2.65243E+01 3.14741E+01 3.74744E+01
 4.46528E+01 5.32903E+01 6.37784E+01 7.63267E+01 9.13386E+01 1.09300E+02 1.30916E+02 1.56833E+02
 1.87350E+02 2.23715E+02 2.67107E+02 3.17589E+02 3.76079E+02 4.44766E+02 5.25182E+02 6.19129E+02
 0.00000E+00 0.00000E+00 0.00000E+00 0.00000E+00 0.00000E+00 0.00000E+00 0.00000E+00 0.00000E+00
 0.00000E+00 0.00000E+00 0.00000E+00 0.00000E+00 0.00000E+00 0.00000E+00 0.00000E+00 0.00000E+00
 0.00000E+00 0.00000E+00 0.00000E+00 0.00000E+00 0.00000E+00 0.00000E+00 0.00000E+00 0.00000E+00
 0.00000E+00 0.00000E+00 0.00000E+00 0.00000E+00 0.00000E+00 0.00000E+00 0.00000E+00 0.00000E+00
 0.00000E+00 0.00000E+00 0.00000E+00 0.00000E+00 0.00000E+00 0.00000E+00 0.00000E+00 0.00000E+00
 0.00000E+00 0.00000E+00 0.00000E+00 0.00000E+00 0.00000E+00 0.00000E+00 0.00000E+00 0.00000E+00
 0.00000E+00 0.00000E+00 0.00000E+00 0.00000E+00 0.00000E+00 0.00000E+00 0.00000E+00 0.00000E+00
 0.00000E+00 0.00000E+00 0.00000E+00 0.00000E+00 0.00000E+00 0.00000E+00 0.00000E+00 0.00000E+00
 0.00000E+00 0.00000E+00 0.00000E+00 0.00000E+00 0.00000E+00 0.00000E+00 0.00000E+00 0.00000E+00
 0.00000E+00 0.00000E+00 0.00000E+00 0.00000E+00 0.00000E+00 0.00000E+00 0.00000E+00 0.00000E+00
 0.00000E+00 0.00000E+00 0.00000E+00 0.00000E+00 0.00000E+00 0.00000E+00 0.00000E+00 0.00000E+00
 0.00000E+00 0.00000E+00 0.00000E+00 0.00000E+00 0.00000E+00 0.00000E+00 0.00000E+00 0.00000E+00
 0.00000E+00 0.00000E+00 0.00000E+00 0.00000E+00 0.00000E+00 0.00000E+00 0.00000E+00 0.00000E+00
 0.00000E+00 0.00000E+00 0.00000E+00 0.00000E+00 0.00000E+00 0.00000E+00 0.00000E+00 0.00000E+00
 0.00000E+00 0.00000E+00 0.00000E+00 0.00000E+00 0.00000E+00 0.00000E+00 0.00000E+00 0.00000E+00
 0.00000E+00 0.00000E+00 0.00000E+00 0.00000E+00 0.00000E+00 0.00000E+00 0.00000E+00 0.00000E+00
 0.00000E+00 0.00000E+00 0.00000E+00 0.00000E+00 0.00000E+00 0.00000E+00 0.00000E+00 0.00000E+00
 0.00000E+00 0.00000E+00 0.00000E+00 0.00000E+00 0.00000E+00 0.00000E+00 0.00000E+00 0.00000E+00
 0.00000E+00 0.00000E+00 0.00000E+00 0.00000E+00 0.00000E+00 0.00000E+00 0.00000E+00 0.00000E+00
 0.00000E+00 0.00000E+00 0.00000E+00 0.00000E+00 0.00000E+00 0.00000E+00 0.00000E+00 0.00000E+00
 0.00000E+00 0.00000E+00 0.00000E+00 0.00000E+00 0.00000E+00 0.00000E+00 0.00000E+00 0.00000E+00
 0.00000E+00 0.00000E+00 0.00000E+00 0.00000E+00 0.00000E+00 0.00000E+00 0.00000E+00 0.00000E+00
 0.00000E+00 0.00000E+00 0.00000E+00 0.00000E+00 0.00000E+00 0.00000E+00 0.00000E+00 0.00000E+00
 0.00000E+00 0.00000E+00 0.00000E+00 0.00000E+00 0.00000E+00 0.00000E+00 0.00000E+00 0.00000E+00
 0.00000E+00 0.00000E+00 0.00000E+00 0.00000E+00 0.00000E+00 0.00000E+00 0.00000E+00 0.00000E+00
 1.87203E-05 1.87203E-05 1.87203E-05 1.87203E-05 1.87203E-05 1.87203E-05 1.87203E-05 1.87203E-05
 1.87203E-05 1.87203E-05 1.87203E-05 1.87203E-05 1.87203E-05 1.87203E-05 1.87203E-05 1.87203E-05
 1.84305E-05 1.77387E-05 1.68044E-05 1.56058E-05 1.43370E-05 1.30979E-05 1.18681E-05 1.06835E-05
 1.00000E-05 1.00000E-05 1.00000E-05 1.00000E-05 1.00000E-05 1.00000E-05 1.00000E-05 1.00000E-05
 1.00000E-05 1.00000E-05 1.00000E-05 1.00000E-05 1.00000E-05 1.00000E-05 1.00000E-05 1.00000E-05
 1.00000E-05 1.00000E-05 1.00000E-05 1.00000E-05 1.00000E-05 1.00000E-05 1.00000E-05 1.00000E-05
 1.00000E-05 1.00000E-05 1.00000E-05 1.00000E-05 1.00000E-05 1.00000E-05 1.00000E-05 1.00000E-05
 1.00000E-05 1.00000E-05 1.00000E-05 1.00000E-05 1.00000E-05 1.00000E-05 1.00000E-05 1.00000E-05
 1.00000E-05 1.00000E-05 1.00000E-05 1.00000E-05 1.00000E-05 1.00000E-05 1.00000E-05 1.00000E-05
 1.00000E-05 1.00000E-05 1.00000E-05 1.00000E-05 1.00000E-05 1.00000E-05 1.00000E-05 1.00000E-05
 1.00000E-05 1.00000E-05 1.00000E-05 1.00000E-05 1.00000E-05 1.00000E-05 1.00000E-05 1.00000E-05
 1.00000E-05 1.00000E-05 1.00000E-05 1.00000E-05 1.00000E-05 1.00000E-05 1.00000E-05 1.00000E-05
 1.00000E-05 1.00000E-05 1.00000E-05 1.00000E-05 0.00000E+00 0.00000E+00 0.00000E+00 0.00000E+00
 0.00000E+00 0.00000E+00 0.00000E+00 0.00000E+00 0.00000E+00 0.00000E+00 0.00000E+00 0.00000E+00
 0.00000E+00 0.00000E+00 0.00000E+00 0.00000E+00 0.00000E+00 0.00000E+00 0.00000E+00 0.00000E+00
 0.00000E+00 0.00000E+00 0.00000E+00 0.00000E+00 0.00000E+00 0.00000E+00 0.00000E+00 0.00000E+00
 0.00000E+00 0.00000E+00 0.00000E+00 0.00000E+00 0.00000E+00 0.00000E+00 0.00000E+00 0.00000E+00
 0.00000E+00 0.00000E+00 0.00000E+00 0.00000E+00 0.00000E+00 0.00000E+00 0.00000E+00 0.00000E+00
 0.00000E+00 0.00000E+00 0.00000E+00 0.00000E+00 0.00000E+00 0.00000E+00 0.00000E+00 0.00000E+00
 0.00000E+00 0.00000E+00 0.00000E+00 0.00000E+00 0.00000E+00 0.00000E+00 0.00000E+00 0.00000E+00
 0.00000E+00 0.00000E+00 0.00000E+00 0.00000E+00 0.00000E+00 0.00000E+00 0.00000E+00 0.00000E+00
 0.00000E+00 0.00000E+00 0.00000E+00 0.00000E+00 0.00000E+00 0.00000E+00 0.00000E+00 0.00000E+00
 0.00000E+00 0.00000E+00 0.00000E+00 0.00000E+00 0.00000E+00 0.00000E+00 0.00000E+00 0.00000E+00
 0.00000E+00 0.00000E+00 0.00000E+00 0.00000E+00 0.00000E+00 0.00000E+00 0.00000E+00 0.00000E+00
 0.00000E+00 0.00000E+00 0.00000E+00 0.00000E+00 0.00000E+00 0.00000E+00 0.00000E+00 0.00000E+00
 0.00000E+00 0.00000E+00 0.00000E+00 0.00000E+00 0.00000E+00 0.00000E+00 0.00000E+00 0.00000E+00
 0.00000E+00 0.00000E+00 0.00000E+00 0.00000E+00 0.00000E+00 0.00000E+00 0.00000E+00 0.00000E+00
 0.00000E+00 0.00000E+00 0.00000E+00 0.00000E+00 0.00000E+00 0.00000E+00 0.00000E+00 0.00000E+00
 0.00000E+00 0.00000E+00 0.00000E+00 0.00000E+00 0.00000E+00 0.00000E+00 0.00000E+00 0.00000E+00
 0.00000E+00 0.00000E+00 0.00000E+00 0.00000E+00 0.00000E+00 0.00000E+00 0.00000E+00 0.00000E+00
 0.00000E+00 0.00000E+00 0.00000E+00 0.00000E+00 0.00000E+00 0.00000E+00 0.00000E+00 0.00000E+00
 0.00000E+00 0.00000E+00 0.00000E+00 0.00000E+00 0.00000E+00 0.00000E+00 0.00000E+00 0.00000E+00
 0.00000E+00 0.00000E+00 0.00000E+00 0.00000E+00 0.00000E+00 0.00000E+00 0.00000E+00 0.00000E+00
 0.00000E+00 0.00000E+00 0.00000E+00 0.00000E+00 0.00000E+00 0.00000E+00 0.00000E+00 0.00000E+00
 0.00000E+00 0.00000E+00 0.00000E+00 0.00000E+00 0.00000E+00 0.00000E+00 0.00000E+00 0.00000E+00
 0.00000E+00 0.00000E+00 0.00000E+00 0.00000E+00 0.00000E+00 0.00000E+00 0.00000E+00 0.00000E+00
 0.00000E+00 0.00000E+00 0.00000E+00 0.00000E+00 0.00000E+00 0.00000E+00 0.00000E+00 0.00000E+00
 0.00000E+00 0.00000E+00 0.00000E+00 0.00000E+00
