 3.39956E-11 1.75813E-13 1.12652E-02 3.25405E-13 1.58775E-11 3.63233E-10 3.86049E-11 9.21604E-16
 8.22301E-09 1.44088E-07 2.40498E-08 5.93260E-11 2.34578E-12 5.14198E-10 2.80293E-12 2.30272E-12
 6.75536E-14 9.74780E-12 7.36211E-14 1.26592E-15 1.49779E-18 2.98166E-23 8.39161E-11 6.58271E-14
 2.22151E-16 7.43324E-15 9.26358E-12 3.93761E-15 4.41955E-13 1.90989E-15 1.57044E-14 9.57159E-12
 3.59252E-12 9.81788E-15 3.51893E-11 3.32469E-13 7.24381E-03 5.60465E-13 1.56663E-11 2.74931E-10
 5.39806E-11 1.15596E-15 8.51632E-09 1.37752E-07 1.52436E-08 4.45726E-11 2.57499E-12 4.69576E-10
 3.81103E-12 2.77499E-12 1.42254E-13 1.42742E-11 1.89540E-13 2.67556E-15 6.21017E-18 8.07445E-23
 6.87442E-11 6.99280E-14 5.36627E-16 9.07775E-15 1.38707E-11 4.24484E-15 3.01604E-13 1.93049E-15
 3.14842E-14 1.16225E-11 6.90438E-12 7.34364E-15 3.30439E-11 5.85882E-13 4.50299E-03 9.01020E-13
 1.43399E-11 1.79393E-10 7.29917E-11 1.37405E-15 8.75569E-09 1.31571E-07 9.27113E-09 2.78719E-11
 2.47508E-12 4.25134E-10 5.37547E-12 3.21556E-12 2.89504E-13 1.95674E-11 4.32949E-13 5.06122E-15
 2.26187E-17 2.42758E-22 5.51156E-11 7.18626E-14 1.23421E-15 1.15038E-14 1.93621E-11 4.77031E-15
 1.98920E-13 1.74863E-15 4.38850E-14 1.08241E-11 9.91027E-12 5.04949E-15 2.92652E-11 9.63065E-13
 2.58793E-03 1.35545E-12 1.24098E-11 1.07908E-10 9.43955E-11 1.58875E-15 8.94852E-09 1.25701E-07
 5.57454E-09 1.57204E-11 2.18066E-12 3.81811E-10 7.52295E-12 3.50190E-12 5.45010E-13 2.43694E-11
 8.07359E-13 8.30917E-15 7.12116E-17 8.41048E-22 4.33545E-11 7.51080E-14 2.55374E-15 1.54063E-14
 2.45080E-11 5.52288E-15 1.42706E-13 1.63650E-15 5.38542E-14 9.36974E-12 1.22273E-11 3.62581E-15
 2.65132E-11 1.35313E-12 1.73334E-03 2.04848E-12 1.20871E-11 7.69843E-11 1.02804E-10 2.21077E-15
 9.10979E-09 1.20248E-07 3.44877E-09 9.94906E-12 2.00030E-12 3.40218E-10 9.32344E-12 3.72226E-12
 8.90421E-13 2.90379E-11 1.10085E-12 1.22891E-14 1.64647E-16 2.47193E-21 3.34992E-11 8.87751E-14
 4.90967E-15 2.12339E-14 2.89443E-11 6.36337E-15 1.16898E-13 1.73151E-15 5.64388E-14 8.00239E-12
 1.42281E-11 2.76907E-15 2.30649E-11 1.76580E-12 1.04214E-03 2.93768E-12 1.20188E-11 6.11512E-11
 1.07073E-10 3.17280E-15 9.25835E-09 1.15404E-07 2.30405E-09 6.47704E-12 1.74253E-12 3.00889E-10
 1.09792E-11 3.85015E-12 1.32362E-12 3.27292E-11 1.32216E-12 1.70653E-14 3.76060E-16 7.96194E-21
 2.56415E-11 1.06927E-13 8.72328E-15 2.84609E-14 3.24260E-11 7.18742E-15 1.02349E-13 1.91210E-15
 5.75389E-14 7.02181E-12 1.60853E-11 2.23410E-15 1.92419E-11 2.19486E-12 5.55006E-04 3.97391E-12
 1.17381E-11 5.04089E-11 1.08998E-10 4.39347E-15 9.41359E-09 1.11341E-07 1.72426E-09 4.18565E-12
 1.43951E-12 2.64524E-10 1.27136E-11 3.88533E-12 1.84139E-12 3.46440E-11 1.28018E-12 2.20705E-14
 8.15018E-16 2.76236E-20 1.97185E-11 1.24340E-13 1.44045E-14 3.65389E-14 3.49401E-11 7.82512E-15
 9.36666E-14 2.16122E-15 6.03753E-14 6.45966E-12 1.79160E-11 1.88837E-15 1.58393E-11 2.67138E-12
 2.85590E-04 5.08011E-12 1.12460E-11 4.22751E-11 1.09318E-10 5.81380E-15 9.59233E-09 1.08131E-07
 1.47977E-09 2.74214E-12 1.16643E-12 2.31738E-10 1.47084E-11 3.86398E-12 2.41103E-12 3.44860E-11
 1.05692E-12 2.61466E-14 1.44266E-15 8.75481E-20 1.54925E-11 1.35515E-13 2.20001E-14 4.42597E-14
 3.66515E-11 8.00984E-15 8.95433E-14 2.47883E-15 6.67408E-14 6.30254E-12 1.96481E-11 1.66883E-15
 1.29142E-11 3.27025E-12 1.41570E-04 6.25458E-12 1.08343E-11 3.66686E-11 1.10771E-10 7.63865E-15
 9.80686E-09 1.05777E-07 1.47908E-09 1.84902E-12 9.34762E-13 2.03092E-10 1.68383E-11 3.82314E-12
 2.99968E-12 3.27211E-11 8.38642E-13 2.91008E-14 2.05289E-15 2.62232E-19 1.26797E-11 1.44721E-13
 3.17804E-14 5.20895E-14 3.77383E-11 7.98382E-15 8.85416E-14 2.82206E-15 7.61505E-14 6.44379E-12
 2.07179E-11 1.50657E-15 8.85291E-12 4.75176E-12 3.84852E-05 6.17006E-12 7.37984E-12 2.23142E-11
 1.45611E-10 6.30824E-15 1.00783E-08 1.04171E-07 1.75800E-09 9.13298E-13 5.90008E-13 1.78062E-10
 2.33290E-11 3.46812E-12 3.82872E-12 2.56320E-11 5.05246E-13 2.52604E-14 2.02584E-15 1.27962E-18
 1.09788E-11 1.21930E-13 4.11998E-14 6.12365E-14 3.83882E-11 8.07215E-15 8.88530E-14 2.65452E-15
 1.09270E-13 6.88793E-12 1.86427E-11 1.36260E-15 4.87264E-12 8.31279E-12 5.43167E-06 3.95192E-12
 3.27338E-12 8.26231E-12 2.48516E-10 3.14769E-15 1.05128E-08 1.02704E-07 2.58939E-09 3.28891E-13
 2.65806E-13 1.51333E-10 3.53666E-11 2.58398E-12 3.65993E-12 1.28369E-11 2.07106E-13 1.37394E-14
 8.83772E-16 2.96012E-18 9.73738E-12 6.49436E-14 4.04170E-14 6.20746E-14 3.90446E-11 6.38774E-15
 1.67414E-15 3.28466E-17 3.40047E-14 1.20475E-12 6.50333E-12 2.11214E-17 4.61055E-12 1.07284E-11
 3.64133E-06 4.14858E-12 3.77336E-12 7.64971E-12 2.30949E-10 4.92294E-15 1.14711E-08 1.00233E-07
 3.83198E-09 3.41272E-13 2.64754E-13 1.15939E-10 3.59631E-11 2.47810E-12 3.08023E-12 9.37502E-12
 1.81762E-13 1.11251E-14 5.63849E-16 2.01123E-18 8.08889E-12 5.94853E-14 4.50665E-14 5.90115E-14
 4.06222E-11 4.34989E-15 1.68179E-17 3.30758E-19 4.89038E-15 1.50059E-13 1.29373E-12 1.80281E-19
 4.44643E-12 1.18181E-11 3.46709E-06 4.86621E-12 5.12748E-12 1.00599E-11 1.83897E-10 8.60677E-15
 1.37398E-08 9.58120E-08 5.20159E-09 4.17351E-13 2.80456E-13 7.36702E-11 3.16119E-11 2.35740E-12
 2.49844E-12 7.82627E-12 1.81116E-13 9.48187E-15 3.78877E-16 1.56844E-18 5.91778E-12 6.97033E-14
 5.60355E-14 6.01595E-14 4.26134E-11 3.15045E-15 8.34311E-20 2.35645E-21 3.82004E-16 1.12819E-14
 1.35644E-13 1.99841E-21 4.14072E-12 1.28558E-11 3.09105E-06 5.45260E-12 6.70581E-12 1.28846E-11
 1.45068E-10 1.40554E-14 1.85620E-08 8.90642E-08 6.83537E-09 4.95744E-13 2.88365E-13 3.68890E-11
 2.51414E-11 1.99900E-12 1.74825E-12 5.68666E-12 1.57678E-13 6.96812E-15 1.96780E-16 1.22973E-18
 3.71687E-12 7.92692E-14 6.75216E-14 6.15216E-14 4.45131E-11 2.04665E-15 3.47444E-22 4.68760E-23
 2.10058E-17 5.83957E-16 8.06921E-15 8.96275E-23 3.69575E-12 1.43699E-11 2.42328E-06 5.66688E-12
 8.27294E-12 1.53594E-11 1.17883E-10 2.13167E-14 2.71431E-08 8.08569E-08 9.28016E-09 5.65535E-13
 2.84547E-13 1.48210E-11 1.80890E-11 1.47080E-12 1.02394E-12 3.37126E-12 1.15083E-13 4.24194E-15
 7.36470E-17 9.01343E-19 2.09144E-12 8.25575E-14 7.57325E-14 6.08680E-14 4.57479E-11 1.11802E-15
 8.71592E-24 2.57314E-24 1.03429E-18 2.58201E-17 3.24563E-16 5.02052E-24 2.22538E-12 1.74341E-11
 1.45362E-06 4.99324E-12 8.14227E-12 1.54284E-11 1.27657E-10 2.40079E-14 3.98473E-08 7.27664E-08
 1.32622E-08 4.43749E-13 1.81256E-13 5.12129E-12 1.21515E-11 9.09842E-13 5.52053E-13 1.69418E-12
 6.87670E-14 2.62519E-15 2.61564E-17 1.22584E-18 1.17883E-12 1.00157E-13 8.84651E-14 7.08993E-14
 4.62328E-11 7.63705E-16 3.25723E-25 1.06630E-25 5.49199E-20 1.10298E-18 1.03172E-17 2.48028E-25
 1.98425E-12 1.83352E-11 1.45130E-06 6.02387E-12 1.05798E-11 2.07242E-11 9.63798E-11 4.00981E-14
 5.69191E-08 6.45729E-08 1.53264E-08 4.51001E-13 1.70285E-13 1.64132E-12 7.72865E-12 6.21517E-13
 3.26644E-13 1.06373E-12 4.61812E-14 1.50176E-15 8.48253E-18 8.09057E-19 6.26431E-13 1.04391E-13
 1.06495E-13 6.72453E-14 4.64490E-11 3.66015E-16 2.01297E-26 6.17778E-27 2.07666E-21 4.21866E-20
 3.04857E-19 1.18039E-26 1.75872E-12 1.96571E-11 1.44391E-06 7.47007E-12 1.32677E-11 2.63122E-11
 7.42493E-11 6.68693E-14 7.87858E-08 5.67053E-08 1.68141E-08 4.16556E-13 1.53656E-13 5.10403E-13
 5.10137E-12 4.29408E-13 2.05408E-13 6.95927E-13 2.99413E-14 8.88337E-16 2.87438E-18 5.11979E-19
 3.17860E-13 1.02923E-13 1.29427E-13 6.24974E-14 4.65189E-11 1.73480E-16 1.14209E-27 3.35510E-28
 7.72149E-23 1.61745E-21 1.18109E-20 5.38420E-28 1.54679E-12 2.13635E-11 1.43051E-06 9.40274E-12
 1.63531E-11 3.24569E-11 5.80246E-11 1.12171E-13 1.05668E-07 4.94961E-08 1.80646E-08 3.63687E-13
 1.34922E-13 1.62382E-13 3.56510E-12 3.10241E-13 1.38247E-13 4.83458E-13 1.97794E-14 5.61461E-16
 1.08657E-18 3.11283E-19 1.56509E-13 9.78564E-14 1.56242E-13 5.69745E-14 4.65291E-11 8.41883E-17
 2.75596E-28 8.02826E-29 1.30343E-23 2.85631E-22 6.12176E-21 1.10266E-28 1.35278E-12 2.34793E-11
 1.41056E-06 1.19273E-11 1.99750E-11 3.94408E-11 4.58761E-11 1.89559E-13 1.37592E-07 4.31475E-08
 1.92744E-08 3.07585E-13 1.16577E-13 5.61774E-14 2.64679E-12 2.36623E-13 9.91814E-14 3.57126E-13
 1.35719E-14 3.82599E-16 4.66469E-19 1.84563E-19 7.61119E-14 9.11370E-14 1.85600E-13 5.13262E-14
 4.65188E-11 4.25465E-17 3.33184E-28 9.61498E-29 1.12319E-23 2.58919E-22 6.13025E-21 1.14808E-28
 1.18110E-12 2.61019E-11 1.38400E-06 1.51683E-11 2.42642E-11 4.74927E-11 3.66988E-11 3.22528E-13
 1.74395E-07 3.77393E-08 2.06178E-08 2.56155E-13 1.00022E-13 2.24474E-14 2.07865E-12 1.90098E-13
 7.51263E-14 2.78173E-13 9.69741E-15 2.79816E-16 2.25761E-19 1.08534E-19 3.72856E-14 8.41354E-14
 2.15966E-13 4.60779E-14 4.65020E-11 2.25321E-17 4.49050E-28 1.28727E-28 1.10091E-23 2.67868E-22
 6.10472E-21 1.35598E-28 1.03154E-12 2.94019E-11 1.35047E-06 1.92521E-11 2.93243E-11 5.67154E-11
 2.97494E-11 5.51089E-13 2.16577E-07 3.31642E-08 2.22748E-08 2.12030E-13 8.56745E-14 1.06024E-14
 1.70893E-12 1.59075E-13 5.91927E-14 2.24738E-13 7.14887E-15 2.16138E-16 1.19803E-19 6.43992E-20
 1.85524E-14 7.76860E-14 2.46068E-13 4.15773E-14 4.64829E-11 1.24724E-17 5.94776E-28 1.70207E-28
 1.08794E-23 2.79416E-22 6.07970E-21 1.60909E-28 9.02623E-13 3.36315E-11 1.30947E-06 2.42960E-11
 3.52047E-11 6.69975E-11 2.44883E-11 9.41679E-13 2.64863E-07 2.92895E-08 2.44305E-08 1.75380E-13
 7.35389E-14 5.83862E-15 1.45740E-12 1.37023E-13 4.78966E-14 1.85302E-13 5.37396E-15 1.73108E-16
 6.76010E-20 3.90353E-20 9.42962E-15 7.20748E-14 2.75127E-13 3.79395E-14 4.64627E-11 7.17579E-18
 7.72196E-28 2.21832E-28 1.08845E-23 2.93965E-22 6.05443E-21 1.92227E-28 7.92063E-13 3.91566E-11
 1.26041E-06 3.03959E-11 4.18829E-11 7.79776E-11 2.05143E-11 1.60190E-12 3.20087E-07 2.59869E-08
 2.72973E-08 1.45333E-13 6.34015E-14 3.63047E-15 1.27996E-12 1.20190E-13 3.94057E-14 1.53748E-13
 4.07193E-15 1.41240E-16 3.94078E-20 2.42816E-20 4.92031E-15 6.71790E-14 3.02956E-13 3.50887E-14
 4.64418E-11 4.25485E-18 9.80619E-28 2.84768E-28 1.10938E-23 3.12820E-22 6.02708E-21 2.31984E-28
 6.96577E-13 4.65381E-11 1.20232E-06 3.76093E-11 4.92660E-11 8.90967E-11 1.75374E-11 2.70290E-12
 3.83444E-07 2.31269E-08 3.11784E-08 1.20666E-13 5.49109E-14 2.48871E-15 1.15014E-12 1.06286E-13
 3.26804E-14 1.26778E-13 3.07685E-15 1.15520E-16 2.31151E-20 1.54314E-20 2.64086E-15 6.26234E-14
 3.29735E-13 3.28167E-14 4.64209E-11 2.56865E-18 1.21400E-27 3.59306E-28 1.15744E-23 3.37397E-22
 5.99563E-21 2.83477E-28 6.12686E-13 5.66565E-11 1.13399E-06 4.59193E-11 5.72150E-11 9.97390E-11
 1.53500E-11 4.51460E-12 4.56386E-07 2.05948E-08 3.65698E-08 1.00277E-13 4.76930E-14 1.88073E-15
 1.05127E-12 9.39419E-14 2.71087E-14 1.02781E-13 2.29895E-15 9.34257E-17 1.33384E-20 9.89297E-21
 1.45919E-15 5.79316E-14 3.55542E-13 3.08386E-14 4.64005E-11 1.55542E-18 1.46140E-27 4.44614E-28
 1.24101E-23 3.69445E-22 5.95772E-21 3.51577E-28 5.36977E-13 7.08210E-11 1.05389E-06 5.51187E-11
 6.56046E-11 1.09508E-10 1.37863E-11 7.45858E-12 5.40634E-07 1.82909E-08 4.43849E-08 8.33936E-14
 4.13943E-14 1.59262E-15 9.72005E-13 8.24084E-14 2.22907E-14 8.10909E-14 1.69041E-15 7.37450E-17
 7.42149E-21 6.27253E-21 8.30238E-16 5.26633E-14 3.79372E-13 2.88305E-14 4.63825E-11 9.29007E-19
 1.71686E-27 5.40628E-28 1.37555E-23 4.11942E-22 5.90981E-21 4.45188E-28 4.67811E-13 9.07212E-11
 9.61120E-07 6.44927E-11 7.45639E-11 1.19062E-10 1.26780E-11 1.21962E-11 6.37209E-07 1.61480E-08
 5.67230E-08 6.98683E-14 3.57374E-14 1.52188E-15 9.04767E-13 7.15844E-14 1.79345E-14 6.16600E-14
 1.23029E-15 5.60489E-17 3.91937E-21 3.82593E-21 4.89742E-16 4.65905E-14 3.96700E-13 2.64446E-14
 4.63720E-11 5.38663E-19 2.01556E-27 6.56592E-28 1.59794E-23 4.71672E-22 5.84444E-21 5.85948E-28
 4.11889E-13 1.17976E-10 8.54779E-07 7.17630E-11 8.54537E-11 1.33254E-10 1.18214E-11 1.98613E-11
 7.47143E-07 1.41001E-08 8.07383E-08 6.07228E-14 3.04303E-14 1.60212E-15 8.43003E-13 6.21747E-14
 1.36999E-14 4.46239E-14 9.19814E-16 4.02135E-17 1.94537E-21 2.13357E-21 3.02387E-16 3.98020E-14
 3.91680E-13 2.31996E-14 4.63853E-11 2.98620E-19 2.56783E-27 8.42648E-28 2.02233E-23 5.68729E-22
 5.74016E-21 8.48368E-28 4.17508E-13 1.52286E-10 7.33214E-07 7.15851E-11 1.03316E-10 1.70120E-10
 1.09178E-11 3.29628E-11 8.72224E-07 1.20666E-08 1.45332E-07 5.90994E-14 2.51628E-14 1.78648E-15
 7.79990E-13 5.58210E-14 9.29505E-15 3.00794E-14 7.79655E-16 2.65701E-17 9.15468E-22 9.85325E-22
 1.96763E-16 3.27245E-14 3.32092E-13 1.85255E-14 4.64548E-11 1.55853E-19 4.30335E-27 1.30118E-27
 3.00829E-23 7.59240E-22 5.53705E-21 1.52821E-27 6.73724E-13 1.88227E-10 5.98119E-07 6.03563E-11
 1.36742E-10 2.69685E-10 9.61209E-12 5.76272E-11 1.01078E-06 1.00176E-08 3.52531E-07 6.86432E-14
 2.00291E-14 2.04381E-15 7.12422E-13 5.29617E-14 5.25190E-15 1.82086E-14 7.98740E-16 1.64042E-17
 4.23837E-22 3.50864E-22 1.35719E-16 2.59187E-14 2.21810E-13 1.29919E-14 4.65753E-11 7.55384E-20
 1.09740E-26 2.69575E-27 5.33211E-23 1.13923E-21 5.13121E-21 3.61075E-27 1.57533E-12 2.26828E-10
 4.55896E-07 4.50342E-11 1.82579E-10 4.39477E-10 8.19149E-12 1.04565E-10 1.15635E-06 7.98068E-09
 9.61630E-07 8.60906E-14 1.60498E-14 2.35791E-15 6.43967E-13 4.85126E-14 2.59417E-15 9.39522E-15
 7.98486E-16 1.01143E-17 1.88636E-22 1.06349E-22 9.84850E-17 1.91019E-14 1.32479E-13 8.40758E-15
 4.66738E-11 3.25888E-20 3.14250E-26 6.25467E-27 9.69249E-23 1.75149E-21 4.47282E-21 8.83878E-27
 3.33499E-12 2.93761E-10 3.17252E-07 3.22195E-11 2.15040E-10 5.48699E-10 7.44731E-12 1.84765E-10
 1.29825E-06 6.02706E-09 2.42827E-06 1.08278E-13 1.49664E-14 2.71946E-15 5.79110E-13 3.77655E-14
 1.22024E-15 3.92870E-15 5.81470E-16 6.39077E-18 7.29957E-23 2.99135E-23 7.39740E-17 1.19527E-14
 8.78869E-14 5.24236E-15 4.67264E-11 1.14964E-20 6.32886E-26 1.19035E-26 1.67896E-22 2.52029E-21
 3.63059E-21 1.80209E-26 5.46336E-12 4.37900E-10 1.98546E-07 2.22923E-11 2.10267E-10 4.65492E-10
 7.77574E-12 2.98785E-10 1.42004E-06 4.28566E-09 5.29694E-06 1.36199E-13 1.76725E-14 3.11002E-15
 5.16465E-13 2.40680E-14 5.49681E-16 1.29753E-15 2.80378E-16 4.11250E-18 2.35229E-23 7.36022E-24
 5.69355E-17 5.80847E-15 7.06997E-14 3.05747E-15 4.67493E-11 3.10242E-21 7.42583E-26 1.62451E-26
 2.90629E-22 3.29103E-21 2.73476E-21 3.01623E-26 6.97220E-12 7.70165E-10 1.12364E-07 1.49488E-11
 1.69005E-10 2.64706E-10 9.61952E-12 4.35697E-10 1.50886E-06 2.86980E-09 9.93358E-06 1.48276E-13
 2.33393E-14 3.50743E-15 4.54181E-13 1.26160E-14 2.36364E-16 3.41724E-16 8.96616E-17 2.64637E-18
 6.22994E-24 1.46589E-24 4.46715E-17 2.09028E-15 7.11780E-14 1.60431E-15 4.67512E-11 6.18927E-22
 4.98142E-26 1.56135E-26 5.18832E-22 3.86522E-21 1.93014E-21 4.26733E-26 7.17534E-12 1.61124E-09
 5.87991E-08 1.02040E-11 1.12031E-10 1.02307E-10 1.42002E-11 6.01382E-10 1.56438E-06 1.81838E-09
 1.63461E-05 1.17052E-13 2.88514E-14 3.89530E-15 3.93845E-13 5.34369E-15 1.01896E-16 7.41296E-17
 1.88730E-17 1.61766E-18 1.26780E-24 2.48699E-25 3.56284E-17 5.73524E-16 9.19566E-14 7.77002E-16
 4.67299E-11 9.18293E-23 1.95833E-26 1.07357E-26 9.42248E-22 4.05991E-21 1.30992E-21 5.08161E-26
 6.20077E-12 3.93166E-09 2.92918E-08 7.53648E-12 6.25575E-11 2.82467E-11 2.43551E-11 8.34395E-10
 1.59512E-06 1.10145E-09 2.42647E-05 5.76243E-14 2.73801E-14 4.26257E-15 3.38485E-13 1.83606E-15
 4.70514E-17 1.41005E-17 2.70265E-18 8.85099E-19 1.87936E-25 4.84529E-26 2.88795E-17 1.41851E-16
 1.46895E-13 4.03438E-16 4.66726E-11 1.17007E-23 4.66581E-27 5.32017E-27 1.60366E-21 3.81859E-21
 8.87833E-22 4.80072E-26 4.60423E-12 1.05007E-08 1.41450E-08 6.04767E-12 3.09063E-11 6.13640E-12
 4.54101E-11 1.17720E-09 1.61091E-06 6.42511E-10 3.34624E-05 1.68002E-14 1.72733E-14 4.60300E-15
 2.89488E-13 6.06936E-16 2.34684E-17 2.75602E-18 3.26693E-19 4.55797E-19 2.50983E-26 1.75060E-26
 2.37517E-17 4.19590E-17 2.59445E-13 2.85416E-16 4.65570E-11 1.88336E-24 6.90766E-28 1.84067E-27
 2.21633E-21 3.46516E-21 6.26682E-22 3.26934E-26 2.94891E-12 2.77789E-08 6.68127E-09 4.96731E-12
 1.44214E-11 1.18142E-12 8.38864E-11 1.62097E-09 1.61862E-06 3.63108E-10 4.37810E-05 3.45995E-15
 8.05681E-15 4.90199E-15 2.46704E-13 2.81782E-16 1.19315E-17 7.46644E-19 5.10690E-20 2.82737E-19
 5.54067E-27 1.17215E-26 1.97887E-17 1.59163E-17 4.48263E-13 2.74850E-16 4.63648E-11 5.48595E-25
 7.01328E-29 4.58121E-28 2.30051E-21 3.52460E-21 4.81203E-22 1.58167E-26 1.66935E-12 6.48313E-08
 3.11748E-09 3.87565E-12 6.81163E-12 2.28434E-13 1.38948E-10 2.04734E-09 1.62220E-06 2.00835E-10
 5.49793E-05 6.66499E-16 3.61919E-15 5.12744E-15 2.09505E-13 1.90206E-16 5.74022E-18 2.79604E-19
 1.16855E-20 2.09944E-19 2.12864E-27 9.15674E-27 1.67032E-17 6.62208E-18 6.99663E-13 2.85828E-16
 4.61097E-11 2.39257E-25 6.34522E-30 1.01768E-28 1.98882E-21 3.90522E-21 4.10388E-22 6.45504E-27
 8.91886E-13 1.24262E-07 1.44660E-09 2.83187E-12 3.46969E-12 4.98703E-14 1.93598E-10 2.32284E-09
 1.62383E-06 1.09384E-10 6.68624E-05 1.46867E-16 1.84077E-15 5.24589E-15 1.77060E-13 1.41842E-16
 2.57290E-18 1.10512E-19 3.21056E-21 1.50500E-19 8.77838E-28 6.57201E-27 1.42664E-17 2.85101E-18
 9.75445E-13 2.84893E-16 4.58301E-11 1.09521E-25 7.04678E-31 2.67572E-29 1.70694E-21 4.21665E-21
 3.78813E-22 2.82132E-27 4.74876E-13 2.00685E-07 6.72408E-10 2.02416E-12 1.94929E-12 1.30340E-14
 2.30455E-10 2.46505E-09 1.62455E-06 5.88900E-11 7.92593E-05 3.91814E-17 1.05417E-15 5.24612E-15
 1.48904E-13 1.05072E-16 1.12188E-18 4.26954E-20 9.68124E-22 1.00466E-19 3.34523E-28 4.25505E-27
 1.23130E-17 1.28536E-18 1.25928E-12 2.69702E-16 4.55421E-11 4.86138E-26 1.12611E-31 9.28126E-30
 1.57297E-21 4.36545E-21 3.61821E-22 1.46044E-27 2.56421E-13 2.90718E-07 3.17198E-10 1.46620E-12
 1.19212E-12 4.04733E-15 2.46617E-10 2.56165E-09 1.62483E-06 3.15986E-11 9.19175E-05 1.22800E-17
 6.48185E-16 5.14513E-15 1.24949E-13 7.67421E-17 4.94340E-19 1.64641E-20 3.13271E-22 6.43365E-20
 1.20092E-28 2.55725E-27 1.07412E-17 6.07880E-19 1.55791E-12 2.45996E-16 4.52392E-11 2.11715E-26
 2.51225E-32 4.07596E-30 1.54588E-21 4.40524E-21 3.46821E-22 8.77718E-28 1.40803E-13 3.95672E-07
 1.54101E-10 1.08999E-12 7.78066E-13 1.44235E-15 2.47224E-10 2.67276E-09 1.62489E-06 1.70692E-11
 1.04603E-04 4.34639E-18 4.18232E-16 4.97478E-15 1.04978E-13 5.56657E-17 2.23734E-19 6.46304E-21
 1.07430E-22 4.04198E-20 4.18188E-29 1.46132E-27 9.47547E-18 2.99320E-19 1.88294E-12 2.18790E-16
 4.49096E-11 9.14475E-27 7.16173E-33 2.12042E-30 1.58307E-21 4.38294E-21 3.29531E-22 5.86620E-28
 7.81623E-14 5.20218E-07 7.74927E-11 8.29817E-13 5.31379E-13 5.66152E-16 2.38531E-10 2.82085E-09
 1.62482E-06 9.30362E-12 1.17308E-04 1.68765E-18 2.81813E-16 4.76427E-15 8.83526E-14 4.02574E-17
 1.03845E-19 2.58847E-21 3.83964E-23 2.51699E-20 1.43254E-29 8.08399E-28 8.44115E-18 1.51796E-19
 2.24652E-12 1.91465E-16 4.45412E-11 3.93238E-27 2.40011E-33 1.23267E-30 1.65891E-21 4.32462E-21
 3.09494E-22 4.19813E-28 4.36177E-14 6.71154E-07 4.03698E-11 6.42300E-13 3.73491E-13 2.36341E-16
 2.25183E-10 3.00768E-09 1.62469E-06 5.11438E-12 1.30070E-04 7.08548E-19 1.99405E-16 4.53515E-15
 7.44541E-14 2.90716E-17 4.90530E-20 1.05201E-21 1.14476E-23 1.56030E-20 4.85623E-30 4.38210E-28
 7.58282E-18 7.84425E-20 2.66041E-12 1.65861E-16 4.41222E-11 1.68533E-27 8.87720E-34 7.66392E-31
 1.75894E-21 4.24391E-21 2.87534E-22 3.12861E-28 2.45887E-14 8.56145E-07 2.19100E-11 5.01595E-13
 2.66866E-13 1.02433E-16 2.09815E-10 3.22401E-09 1.62452E-06 2.85494E-12 1.42751E-04 3.21376E-19
 1.49936E-16 4.30495E-15 6.29178E-14 2.10182E-17 2.34400E-20 4.32246E-22 5.28662E-24 9.66625E-21
 1.64049E-30 2.34088E-28 6.87064E-18 4.09286E-20 3.13282E-12 1.42633E-16 4.36443E-11 7.21422E-28
 3.47364E-34 4.94802E-31 1.87594E-21 4.14673E-21 2.64941E-22 2.38411E-28 1.40083E-14 1.08554E-06
 1.23583E-11 3.92618E-13 1.92056E-13 4.52002E-17 1.94114E-10 3.46023E-09 1.62433E-06 1.62095E-12
 1.55350E-04 1.56431E-19 1.20106E-16 4.08294E-15 5.32952E-14 1.52164E-17 1.12519E-20 1.78402E-22
 1.99719E-24 5.99003E-21 5.52974E-31 1.23737E-28 6.27400E-18 2.14044E-20 3.67340E-12 1.22012E-16
 4.30980E-11 3.08309E-28 1.39335E-34 3.24666E-31 2.00428E-21 4.03783E-21 2.42612E-22 1.83315E-28
 8.04250E-15 1.37346E-06 7.19131E-12 3.06609E-13 1.38331E-13 2.00227E-17 1.79080E-10 3.70906E-09
 1.62412E-06 9.34305E-13 1.67931E-04 8.07427E-20 1.01892E-16 3.87276E-15 4.51855E-14 1.10189E-17
 5.39306E-21 7.35099E-23 7.55128E-25 3.71057E-21 1.85696E-31 6.49154E-29 5.76715E-18 1.11623E-20
 4.29380E-12 1.03980E-16 4.24715E-11 1.31304E-28 5.60518E-35 2.13327E-31 2.13913E-21 3.92149E-21
 2.21053E-22 1.40917E-28 4.66208E-15 1.73681E-06 4.29703E-12 2.38185E-13 9.93616E-14 8.84317E-18
 1.65048E-10 3.96288E-09 1.62391E-06 5.47631E-13 1.80438E-04 4.36776E-20 9.06829E-17 3.67665E-15
 3.83428E-14 7.98217E-18 2.57337E-21 3.01697E-23 2.84926E-25 2.29836E-21 6.21806E-32 3.38112E-29
 5.33477E-18 5.78593E-21 5.00294E-12 8.82915E-17 4.17558E-11 5.56918E-29 2.23579E-35 1.39284E-31
 2.27792E-21 3.79986E-21 2.00688E-22 1.07785E-28 2.72956E-15 2.19777E-06 2.62065E-12 1.83734E-13
 7.10180E-14 3.87518E-18 1.52160E-10 4.21613E-09 1.62369E-06 3.26439E-13 1.92826E-04 2.44247E-20
 8.36721E-17 3.49410E-15 3.25547E-14 5.78323E-18 1.21992E-21 1.23068E-23 1.07024E-25 1.42340E-21
 2.07608E-32 1.74869E-29 4.96395E-18 2.97431E-21 5.81073E-12 7.47057E-17 4.09411E-11 2.35034E-29
 8.77900E-36 8.99420E-32 2.41848E-21 3.67492E-21 1.81692E-22 8.17917E-29 1.62035E-15 2.78146E-06
 1.62644E-12 1.40639E-13 5.04969E-14 1.68444E-18 1.40249E-10 4.46303E-09 1.62346E-06 1.98407E-13
 2.04964E-04 1.39736E-20 7.92042E-17 3.32435E-15 2.76814E-14 4.19465E-18 5.74692E-22 4.99281E-24
 4.00518E-26 8.82203E-22 6.92727E-33 8.96419E-30 4.64650E-18 1.51477E-21 6.72113E-12 6.29286E-17
 4.00233E-11 9.87358E-30 3.39297E-36 5.74527E-32 2.56099E-21 3.54637E-21 1.64205E-22 6.15841E-29
 9.81982E-16 3.51349E-06 1.02733E-12 1.06854E-13 3.57747E-14 7.29015E-19 1.28980E-10 4.69826E-09
 1.62324E-06 1.23521E-13 2.16679E-04 8.12799E-21 7.62822E-17 3.16642E-15 2.36147E-14 3.05119E-18
 2.69621E-22 2.01949E-24 1.49868E-26 5.48109E-22 2.31924E-33 4.53953E-30 4.37628E-18 7.64440E-22
 7.72915E-12 5.26831E-17 3.90075E-11 4.13555E-30 1.29860E-36 3.64615E-32 2.70773E-21 3.41187E-21
 1.48320E-22 4.61290E-29 6.08743E-16 4.42508E-06 6.59073E-13 8.06456E-14 2.52875E-14 3.14832E-19
 1.18215E-10 4.92018E-09 1.62302E-06 7.88052E-14 2.27933E-04 4.78094E-21 7.42802E-17 3.01767E-15
 2.02200E-14 2.22680E-18 1.26124E-22 8.16191E-25 5.61650E-27 3.41511E-22 7.79889E-34 2.26746E-30
 4.14519E-18 3.82472E-22 8.83066E-12 4.38014E-17 3.78979E-11 1.72795E-30 4.94431E-37 2.30677E-32
 2.85978E-21 3.27045E-21 1.33925E-22 3.44373E-29 3.85048E-16 5.55644E-06 4.27751E-13 6.05128E-14
 1.78484E-14 1.35700E-19 1.07970E-10 5.12954E-09 1.62280E-06 5.13618E-14 2.38778E-04 2.83085E-21
 7.28222E-17 2.87491E-15 1.73652E-14 1.62947E-18 5.88318E-23 3.28996E-25 2.10767E-27 2.13267E-22
 2.63070E-34 1.11711E-30 3.94507E-18 1.89810E-22 1.00246E-11 3.61663E-17 3.66955E-11 7.19855E-31
 1.87637E-37 1.45722E-32 3.01679E-21 3.12263E-21 1.20810E-22 2.56409E-29 2.47846E-16 6.95428E-06
 2.79914E-13 4.51851E-14 1.25899E-14 5.84008E-20 9.82379E-11 5.32704E-09 1.62259E-06 3.40825E-14
 2.49249E-04 1.68257E-21 7.16945E-17 2.73589E-15 1.49514E-14 1.19506E-18 2.73768E-23 1.32258E-25
 7.92099E-28 1.33431E-22 8.89419E-35 5.42765E-31 3.76981E-18 9.34797E-23 1.13068E-11 2.96544E-17
 3.54042E-11 2.98951E-31 7.11415E-38 9.20932E-33 3.17879E-21 2.96851E-21 1.08807E-22 1.90578E-29
 1.62963E-16 8.65309E-06 1.85025E-13 3.36249E-14 8.89881E-15 2.52443E-20 8.88167E-11 5.51105E-09
 1.62237E-06 2.30582E-14 2.59244E-04 1.00559E-21 7.07852E-17 2.60085E-15 1.29268E-14 8.79860E-19
 1.27492E-23 5.32437E-26 2.99498E-28 8.37662E-23 3.02516E-35 2.59454E-31 3.61668E-18 4.57762E-23
 1.26554E-11 2.41165E-17 3.40460E-11 1.24083E-31 2.71998E-38 5.85926E-33 3.34857E-21 2.80533E-21
 9.79118E-23 1.41898E-29 1.10025E-16 1.06742E-05 1.23975E-13 2.49765E-14 6.32081E-15 1.10393E-20
 7.95703E-11 5.68009E-09 1.62215E-06 1.59449E-14 2.68657E-04 6.06167E-22 7.00291E-17 2.47072E-15
 1.12456E-14 6.51627E-19 5.96401E-24 2.15740E-26 1.14549E-28 5.28708E-23 1.03993E-35 1.21781E-31
 3.48349E-18 2.23447E-23 1.40413E-11 1.94327E-17 3.26500E-11 5.16511E-32 1.05952E-38 3.77759E-33
 3.52860E-21 2.63063E-21 8.81289E-23 1.06209E-29 7.60705E-17 1.30558E-05 8.40284E-14 1.85346E-14
 4.51380E-15 4.88056E-21 7.06477E-11 5.83575E-09 1.62193E-06 1.12350E-14 2.77547E-04 3.67994E-22
 6.93764E-17 2.34477E-15 9.84173E-15 4.85382E-19 2.80391E-24 8.78909E-27 4.42981E-29 3.35476E-23
 3.61023E-36 5.62021E-32 3.36633E-18 1.08763E-23 1.54545E-11 1.55260E-17 3.12262E-11 2.15754E-32
 4.20922E-39 2.46953E-33 3.71754E-21 2.44586E-21 7.93150E-23 7.99066E-30 5.37955E-17 1.58209E-05
 5.75447E-14 1.37563E-14 3.24445E-15 2.18343E-21 6.21171E-11 5.97893E-09 1.62171E-06 8.04896E-15
 2.85939E-04 2.24952E-22 6.87986E-17 2.22300E-15 8.66696E-15 3.63737E-19 1.32655E-24 3.60162E-27
 1.73401E-29 2.14057E-23 1.26632E-36 2.55222E-32 3.26251E-18 5.28577E-24 1.68803E-11 1.23045E-17
 2.97891E-11 9.05672E-33 1.71056E-39 1.64068E-33 3.91460E-21 2.25188E-21 7.13821E-23 6.04801E-30
 3.90582E-17 1.89466E-05 3.99285E-14 1.02283E-14 2.35345E-15 9.94676E-22 5.39543E-11 6.10905E-09
 1.62149E-06 5.87156E-15 2.93768E-04 1.38932E-22 6.82832E-17 2.10689E-15 7.69214E-15 2.74656E-19
 6.33721E-25 1.49187E-27 6.90385E-30 1.37554E-23 4.50541E-37 1.13980E-32 3.17091E-18 2.57287E-24
 1.82896E-11 9.66942E-18 2.83679E-11 3.83380E-33 7.17412E-40 1.11383E-33 4.11966E-21 2.04883E-21
 6.43321E-23 4.61688E-30 2.91390E-17 2.24016E-05 2.80948E-14 7.62905E-15 1.72489E-15 4.62610E-22
 4.62524E-11 6.22663E-09 1.62127E-06 4.36009E-15 3.01034E-04 8.67840E-23 6.78193E-17 1.99706E-15
 6.88451E-15 2.09102E-19 3.06269E-25 6.25798E-28 2.80072E-30 8.90737E-24 1.62793E-37 5.00926E-33
 3.08998E-18 1.25617E-24 1.96633E-11 7.53727E-18 2.69817E-11 1.63957E-33 3.11754E-40 7.74407E-34
 4.33028E-21 1.83921E-21 5.81109E-23 3.55682E-30 2.23308E-17 2.61400E-05 2.00486E-14 5.71581E-15
 1.27819E-15 2.19845E-22 3.91188E-11 6.33253E-09 1.62104E-06 3.29313E-15 3.07758E-04 5.48365E-23
 6.73982E-17 1.89386E-15 6.21455E-15 1.60534E-19 1.49951E-25 2.66048E-28 1.15831E-30 5.81340E-24
 5.97487E-38 2.16879E-33 3.01821E-18 6.15735E-25 2.09877E-11 5.83106E-18 2.56439E-11 7.09116E-34
 1.40597E-40 5.51929E-34 4.54260E-21 1.62693E-21 5.26499E-23 2.76493E-30 1.76028E-17 3.00809E-05
 1.45373E-14 4.30912E-15 9.58522E-16 1.07121E-22 3.26202E-11 6.42715E-09 1.62081E-06 2.53168E-15
 3.13933E-04 3.51197E-23 6.70154E-17 1.79794E-15 5.66039E-15 1.24338E-19 7.45542E-26 1.15051E-28
 4.89422E-31 3.82549E-24 2.23128E-38 9.25772E-34 2.95468E-18 3.03638E-25 2.22457E-11 4.47861E-18
 2.43720E-11 3.10619E-34 6.60152E-41 4.03837E-34 4.75176E-21 1.41695E-21 4.79032E-23 2.16890E-30
 1.42344E-17 3.41733E-05 1.06973E-14 3.27390E-15 7.26881E-16 5.34216E-23 2.68472E-11 6.51196E-09
 1.62057E-06 1.97730E-15 3.19625E-04 2.27679E-23 6.66634E-17 1.70883E-15 5.19819E-15 9.70833E-20
 3.76647E-26 5.05820E-29 2.10876E-31 2.53628E-24 8.46227E-39 3.90277E-34 2.89796E-18 1.50580E-25
 2.34360E-11 3.41820E-18 2.31670E-11 1.37685E-34 3.21818E-41 3.02780E-34 4.95208E-21 1.21495E-21
 4.37723E-23 1.71409E-30 1.17645E-17 3.83781E-05 7.96969E-15 2.51132E-15 5.56820E-16 2.71680E-23
 2.18382E-11 6.58845E-09 1.62032E-06 1.56487E-15 3.24907E-04 1.49059E-23 6.63354E-17 1.62579E-15
 4.80811E-15 7.63382E-20 1.93455E-26 2.25712E-29 9.23895E-32 1.69246E-24 3.25042E-39 1.62766E-34
 2.84671E-18 7.50174E-26 2.45623E-11 2.59480E-18 2.20250E-11 6.16652E-35 1.62188E-41 2.32074E-34
 5.13875E-21 1.02581E-21 4.01583E-23 1.36256E-30 9.92950E-18 4.26211E-05 6.01284E-15 1.95026E-15
 4.30800E-16 1.40952E-23 1.75634E-11 6.65722E-09 1.62006E-06 1.25454E-15 3.29795E-04 9.85844E-24
 6.60285E-17 1.54884E-15 4.47792E-15 6.04304E-20 1.01321E-26 1.02513E-29 4.11659E-32 1.13627E-24
 1.26464E-39 6.72220E-35 2.80031E-18 3.75789E-26 2.56190E-11 1.95997E-18 2.09514E-11 2.78983E-35
 8.44641E-42 1.81784E-34 5.30805E-21 8.53289E-22 3.70064E-23 1.08891E-30 8.55048E-18 4.68343E-05
 4.59502E-15 1.53839E-15 3.36472E-16 7.45900E-24 1.39746E-11 6.71889E-09 1.61979E-06 1.01854E-15
 3.34310E-04 6.58643E-24 6.57402E-17 1.47793E-15 4.19747E-15 4.81406E-20 5.45272E-27 4.75107E-30
 1.86429E-32 7.67163E-25 4.98108E-40 2.75156E-35 2.75823E-18 1.89314E-26 2.66030E-11 1.47370E-18
 1.99495E-11 1.27405E-35 4.53959E-42 1.45410E-34 5.45764E-21 6.99729E-22 3.42625E-23 8.74451E-31
 7.50434E-18 5.09598E-05 3.55781E-15 1.23739E-15 2.65130E-16 4.02362E-24 1.10090E-11 6.77406E-09
 1.61950E-06 8.37307E-16 3.38473E-04 4.44388E-24 6.54683E-17 1.41288E-15 3.95838E-15 3.85754E-20
 2.96689E-27 2.25285E-30 8.57318E-33 5.20599E-25 1.98455E-40 1.11717E-35 2.71997E-18 9.59004E-27
 2.75129E-11 1.10347E-18 1.90204E-11 5.86745E-36 2.51340E-42 1.18659E-34 5.58648E-21 5.66212E-22
 3.18757E-23 7.05309E-31 6.70593E-18 5.49504E-05 2.79235E-15 1.01931E-15 2.10619E-16 2.21103E-24
 8.59413E-12 6.82328E-09 1.61920E-06 6.96947E-16 3.42303E-04 3.02729E-24 6.52107E-17 1.35346E-15
 3.75377E-15 3.10776E-20 1.68237E-27 1.09619E-30 3.99925E-33 3.54883E-25 7.99132E-41 4.50272E-36
 2.68511E-18 4.88387E-27 2.83487E-11 8.23138E-19 1.81641E-11 2.72208E-36 1.43061E-42 9.86656E-35
 5.69466E-21 4.52668E-22 2.97995E-23 5.71146E-31 6.09553E-18 5.87711E-05 2.22319E-15 8.63787E-16
 1.68553E-16 1.23756E-24 6.65395E-12 6.86709E-09 1.61887E-06 5.87475E-16 3.45823E-04 2.08293E-24
 6.49654E-17 1.29940E-15 3.57801E-15 2.51603E-20 9.82656E-28 5.49286E-31 1.89067E-33 2.42873E-25
 3.24984E-41 1.80286E-36 2.65326E-18 2.50021E-27 2.91118E-11 6.11924E-19 1.73791E-11 1.27073E-36
 8.35464E-43 8.34912E-35 5.78310E-21 3.58164E-22 2.79927E-23 4.64173E-31 5.62846E-18 6.23976E-05
 1.79781E-15 7.56132E-16 1.35786E-16 7.07741E-25 5.11458E-12 6.90596E-09 1.61853E-06 5.01672E-16
 3.49054E-04 1.45104E-24 6.47307E-17 1.25040E-15 3.42651E-15 2.04604E-20 5.96094E-28 2.85364E-31
 9.07124E-34 1.66775E-25 1.33680E-41 7.18074E-37 2.62410E-18 1.28977E-27 2.98042E-11 4.53562E-19
 1.66633E-11 5.96764E-37 5.00506E-43 7.18023E-35 5.85306E-21 2.81441E-22 2.64192E-23 3.78459E-31
 5.23978E-18 6.59534E-05 1.46665E-15 6.84740E-16 1.09827E-16 4.08751E-25 3.91362E-12 6.94168E-09
 1.61815E-06 4.31564E-16 3.52136E-04 1.01569E-24 6.44958E-17 1.20437E-15 3.29019E-15 1.66790E-20
 3.74840E-28 1.52419E-31 4.37612E-34 1.14678E-25 5.50989E-42 2.84727E-37 2.59625E-18 6.65889E-28
 3.04536E-11 3.35510E-19 1.59878E-11 2.80559E-37 3.04283E-43 6.24301E-35 5.90718E-21 2.19566E-22
 2.49926E-23 3.08938E-31 4.88066E-18 6.95816E-05 1.19718E-15 6.41201E-16 8.89787E-17 2.34838E-25
 2.98836E-12 6.97586E-09 1.61772E-06 3.71606E-16 3.55209E-04 7.07491E-25 6.42484E-17 1.15927E-15
 3.16138E-15 1.36022E-20 2.43589E-28 8.27930E-32 2.10163E-34 7.88090E-26 2.25310E-42 1.12481E-37
 2.56831E-18 3.41436E-28 3.10873E-11 2.47886E-19 1.53238E-11 1.31398E-37 1.85619E-43 5.46148E-35
 5.94770E-21 1.69776E-22 2.36382E-23 2.52009E-31 4.54097E-18 7.32896E-05 9.76898E-16 6.20281E-16
 7.21917E-17 1.34268E-25 2.27802E-12 7.00859E-09 1.61720E-06 3.20027E-16 3.58290E-04 4.90819E-25
 6.39847E-17 1.11496E-15 3.03839E-15 1.10930E-20 1.63557E-28 4.59434E-32 1.00756E-34 5.40994E-26
 9.17035E-43 4.43436E-38 2.54005E-18 1.74495E-28 3.17057E-11 1.82976E-19 1.46700E-11 6.13551E-38
 1.13709E-43 4.80442E-35 5.97595E-21 1.30453E-22 2.23437E-23 2.05436E-31 4.21864E-18 7.70666E-05
 7.96998E-16 6.18335E-16 5.86573E-17 7.65589E-26 1.73366E-12 7.03973E-09 1.61661E-06 2.75655E-16
 3.61374E-04 3.39731E-25 6.37021E-17 1.07153E-15 2.92032E-15 9.04441E-21 1.13204E-28 2.61459E-32
 4.83142E-35 3.70814E-26 3.72191E-43 1.74503E-38 2.51135E-18 8.90961E-29 3.23057E-11 1.34936E-19
 1.40285E-11 2.85639E-38 7.00345E-44 4.24962E-35 5.99345E-21 9.97885E-23 2.11055E-23 1.67410E-31
 3.91285E-18 8.09048E-05 6.50166E-16 6.32846E-16 4.77281E-17 4.36078E-26 1.31723E-12 7.06917E-09
 1.61591E-06 2.37478E-16 3.64458E-04 2.34933E-25 6.33977E-17 1.02908E-15 2.80618E-15 7.36986E-21
 8.04535E-29 1.52732E-32 2.31831E-35 2.53665E-26 1.50652E-43 6.85474E-39 2.48212E-18 4.54909E-29
 3.28849E-11 9.94151E-20 1.34009E-11 1.32522E-38 4.33821E-44 3.77864E-35 6.00160E-21 7.60615E-23
 1.99195E-23 1.36402E-31 3.62466E-18 8.47989E-05 5.30336E-16 6.62185E-16 3.88877E-17 2.48523E-26
 9.99271E-13 7.09674E-09 1.61509E-06 2.04618E-16 3.67539E-04 1.62554E-25 6.30679E-17 9.87654E-16
 2.69491E-15 5.99943E-21 5.84449E-29 9.14696E-33 1.11319E-35 1.73083E-26 6.07872E-44 2.68776E-39
 2.45221E-18 2.32386E-29 3.34410E-11 7.31745E-20 1.27882E-11 6.12386E-39 2.70282E-44 3.37633E-35
 6.00146E-21 5.78131E-23 1.87819E-23 1.11135E-31 3.36278E-18 8.87462E-05 4.32489E-16 7.05428E-16
 3.17243E-17 1.42084E-26 7.57143E-13 7.12229E-09 1.61413E-06 1.76317E-16 3.70614E-04 1.12895E-25
 6.27088E-17 9.47289E-16 2.58533E-15 4.87653E-21 4.32102E-29 5.60803E-33 5.35940E-36 1.17720E-26
 2.44888E-44 1.05298E-39 2.42149E-18 1.19120E-29 3.39722E-11 5.38228E-20 1.21911E-11 2.82208E-39
 1.69554E-44 3.03031E-35 5.99378E-21 4.38756E-23 1.76886E-23 9.05471E-32 3.16981E-18 9.27337E-05
 3.52727E-16 7.46823E-16 2.61907E-17 8.23531E-27 5.89557E-13 7.14582E-09 1.61306E-06 1.51991E-16
 3.73670E-04 7.95803E-26 6.23167E-17 9.08124E-16 2.47651E-15 4.00832E-21 3.26862E-29 3.54426E-33
 2.67903E-36 8.25636E-27 1.03952E-44 4.41896E-40 2.38988E-18 6.33841E-30 3.44748E-11 4.02342E-20
 1.16117E-11 1.38085E-39 1.08426E-44 2.74438E-35 5.97890E-21 3.34331E-23 1.66389E-23 7.45676E-32
 3.01910E-18 9.67413E-05 2.88055E-16 7.88480E-16 2.18283E-17 4.86643E-27 4.69022E-13 7.16782E-09
 1.61196E-06 1.31199E-16 3.76683E-04 5.71071E-26 6.18880E-17 8.70377E-16 2.36949E-15 3.32326E-21
 2.52384E-29 2.30814E-33 1.39370E-36 5.93274E-27 4.67484E-45 1.96135E-40 2.35735E-18 3.50864E-30
 3.49425E-11 3.04256E-20 1.10549E-11 7.11412E-40 7.06155E-45 2.50532E-35 5.95726E-21 2.55642E-23
 1.56340E-23 6.19225E-32 2.84428E-18 1.00777E-04 2.35638E-16 8.57692E-16 1.79981E-17 2.90013E-27
 3.61585E-13 7.18849E-09 1.61086E-06 1.13431E-16 3.79653E-04 4.11350E-26 6.14166E-17 8.34006E-16
 2.26630E-15 2.71318E-21 1.94709E-29 1.51894E-33 7.09237E-37 4.09572E-27 2.01910E-45 8.07958E-41
 2.32365E-18 1.90513E-30 3.53712E-11 2.25433E-20 1.05227E-11 3.44781E-40 4.58257E-45 2.28449E-35
 5.92902E-21 1.94283E-23 1.46691E-23 5.08149E-32 2.68348E-18 1.04847E-04 1.93128E-16 9.25011E-16
 1.50010E-17 1.75436E-27 2.85929E-13 7.20806E-09 1.60977E-06 9.82455E-17 3.82574E-04 2.99199E-26
 6.08956E-17 7.98977E-16 2.16736E-15 2.24120E-21 1.53042E-29 1.01728E-33 3.69538E-37 2.91516E-27
 9.03256E-46 3.52534E-41 2.28854E-18 1.05714E-30 3.57583E-11 1.69203E-20 1.00156E-11 1.73835E-40
 3.00128E-45 2.09834E-35 5.89371E-21 1.47544E-23 1.37399E-23 4.21008E-32 2.49930E-18 1.08967E-04
 1.58674E-16 1.02497E-15 1.23436E-17 1.06535E-27 2.18075E-13 7.22682E-09 1.60873E-06 8.52718E-17
 3.85444E-04 2.16497E-26 6.03169E-17 7.65232E-16 2.07500E-15 1.82095E-21 1.19405E-29 6.80171E-34
 1.86063E-37 1.98204E-27 3.81573E-46 1.41043E-41 2.25172E-18 5.67546E-31 3.61002E-11 1.24070E-20
 9.53416E-12 8.17551E-41 1.94666E-45 1.92190E-35 5.85091E-21 1.11043E-23 1.28419E-23 3.43913E-32
 2.31843E-18 1.13157E-04 1.30683E-16 1.13370E-15 1.02007E-17 6.53100E-28 1.67921E-13 7.24476E-09
 1.60772E-06 7.41674E-17 3.88264E-04 1.56579E-26 5.96714E-17 7.32659E-16 1.98947E-15 1.48758E-21
 9.41090E-30 4.57243E-34 9.38888E-38 1.36273E-27 1.61448E-46 5.74387E-42 2.21283E-18 3.04726E-31
 3.63951E-11 9.13036E-21 9.07729E-12 3.86409E-41 1.26311E-45 1.76583E-35 5.79979E-21 8.32292E-24
 1.19694E-23 2.81723E-32 2.13964E-18 1.17430E-04 1.08002E-16 1.25576E-15 8.44169E-18 4.05230E-28
 1.29671E-13 7.26262E-09 1.60684E-06 6.46902E-17 3.91025E-04 1.12900E-26 5.89498E-17 7.01267E-16
 1.91213E-15 1.21880E-21 7.47206E-30 3.08411E-34 4.75093E-38 9.39846E-28 6.85993E-47 2.35113E-42
 2.17157E-18 1.63578E-31 3.66387E-11 6.71479E-21 8.64578E-12 1.82844E-41 8.19007E-46 1.62502E-35
 5.73955E-21 6.21045E-24 1.11204E-23 2.30722E-32 1.94995E-18 1.21828E-04 8.95767E-17 1.43206E-15
 6.86248E-18 2.52535E-28 9.53398E-14 7.28005E-09 1.60599E-06 5.65774E-17 3.93735E-04 7.97871E-27
 5.81395E-17 6.70875E-16 1.84423E-15 9.77970E-22 5.83053E-30 2.04429E-34 2.27249E-38 6.09181E-28
 2.66499E-47 8.53227E-43 2.12742E-18 8.29751E-32 3.68286E-11 4.78958E-21 8.23772E-12 7.87571E-42
 5.20885E-46 1.48533E-35 5.66906E-21 4.57501E-24 1.02888E-23 1.85257E-32 1.76771E-18 1.26391E-04
 7.45441E-17 1.63506E-15 5.57764E-18 1.59987E-28 7.00342E-14 7.29610E-09 1.60499E-06 4.96068E-17
 3.96398E-04 5.55804E-27 5.72281E-17 6.41332E-16 1.78473E-15 7.86183E-22 4.56253E-30 1.34389E-34
 1.06610E-38 3.93979E-28 1.00319E-47 3.06416E-43 2.07990E-18 4.11372E-32 3.69624E-11 3.40943E-21
 7.85096E-12 3.31582E-42 3.28271E-46 1.35565E-35 5.58712E-21 3.34712E-24 9.47015E-24 1.48395E-32
 1.59894E-18 1.31153E-04 6.22841E-17 1.86789E-15 4.53165E-18 1.04457E-28 5.14594E-14 7.31079E-09
 1.60380E-06 4.36231E-17 3.99008E-04 3.83057E-27 5.62049E-17 6.12610E-16 1.73306E-15 6.33142E-22
 3.58433E-30 8.80285E-35 4.96998E-39 2.54228E-28 3.73169E-48 1.09787E-43 2.02867E-18 2.01976E-32
 3.70361E-11 2.42464E-21 7.48526E-12 1.38642E-42 2.05789E-46 1.23447E-35 5.49265E-21 2.43946E-24
 8.66410E-24 1.18528E-32 1.44447E-18 1.36148E-04 5.22929E-17 2.13400E-15 3.67969E-18 7.11833E-29
 3.78211E-14 7.32416E-09 1.60239E-06 3.84928E-17 4.01558E-04 2.61399E-27 5.50595E-17 5.84683E-16
 1.68870E-15 5.10740E-22 2.82460E-30 5.74859E-35 2.30900E-39 1.63645E-28 1.37880E-48 3.92409E-44
 1.97339E-18 9.85088E-33 3.70453E-11 1.72242E-21 7.14042E-12 5.76937E-43 1.28336E-46 1.12059E-35
 5.38461E-21 1.77268E-24 7.87118E-24 9.43512E-33 1.30144E-18 1.41433E-04 4.41404E-17 2.46839E-15
 2.95969E-18 5.10591E-29 2.71644E-14 7.33533E-09 1.60055E-06 3.40884E-17 4.04047E-04 1.75611E-27
 5.37808E-17 5.57473E-16 1.65114E-15 4.07839E-22 2.20644E-30 3.70925E-35 1.04235E-39 1.01864E-28
 4.86618E-49 1.32163E-44 1.91369E-18 4.66382E-33 3.69859E-11 1.20520E-21 6.81551E-12 2.29693E-43
 7.89647E-47 1.00957E-35 5.26192E-21 1.28034E-24 7.09199E-24 7.41606E-33 1.17130E-18 1.47065E-04
 3.74670E-17 2.87832E-15 2.36285E-18 3.87563E-29 1.91958E-14 7.34217E-09 1.59783E-06 3.02968E-17
 4.06473E-04 1.16185E-27 5.23605E-17 5.30909E-16 1.61925E-15 3.23152E-22 1.71175E-30 2.36437E-35
 4.57262E-40 6.17633E-29 1.63842E-49 4.24750E-45 1.84933E-18 2.14432E-33 3.68542E-11 8.33952E-22
 6.50954E-12 8.78149E-44 4.79218E-47 9.02066E-36 5.12375E-21 9.20320E-25 6.32906E-24 5.76511E-33
 1.05776E-18 1.53083E-04 3.20083E-17 3.30578E-15 1.90109E-18 3.10453E-29 1.39161E-14 7.34400E-09
 1.59406E-06 2.70398E-17 4.08824E-04 7.64657E-28 5.07981E-17 5.05055E-16 1.59186E-15 2.59300E-22
 1.34377E-30 1.51006E-35 2.03393E-40 3.85361E-29 5.61609E-50 1.44279E-45 1.78040E-18 9.95786E-34
 3.66472E-11 5.85678E-22 6.22299E-12 3.44897E-44 2.90372E-47 8.03350E-36 4.97008E-21 6.63072E-25
 5.58941E-24 4.49934E-33 9.57991E-19 1.59546E-04 2.75452E-17 3.80726E-15 1.52206E-18 2.59865E-29
 1.00216E-14 7.34052E-09 1.58909E-06 2.42443E-17 4.11092E-04 5.00276E-28 4.90930E-17 4.79927E-16
 1.56831E-15 2.07097E-22 1.05190E-30 9.62120E-36 9.01581E-41 2.36724E-29 1.91071E-50 4.81678E-46
 1.70700E-18 4.60753E-34 3.63616E-11 4.09167E-22 5.95595E-12 1.34566E-44 1.74739E-47 7.09319E-36
 4.80086E-21 4.77921E-25 4.87935E-24 3.47964E-33 8.71163E-19 1.66511E-04 2.38961E-17 4.36800E-15
 1.21740E-18 2.24434E-29 7.24746E-15 7.33030E-09 1.58257E-06 2.18461E-17 4.13266E-04 3.26265E-28
 4.72509E-17 4.55566E-16 1.54791E-15 1.65517E-22 8.24105E-31 6.12749E-36 4.00212E-41 1.45318E-29
 6.49970E-51 1.61556E-46 1.62945E-18 2.13466E-34 3.59960E-11 2.86270E-22 5.70850E-12 5.25974E-45
 1.04545E-47 6.21363E-36 4.61678E-21 3.44983E-25 4.20659E-24 2.67645E-33 7.96530E-19 1.74034E-04
 2.09182E-17 4.96325E-15 9.76334E-19 1.97740E-29 5.31777E-15 7.31281E-09 1.57432E-06 1.97930E-17
 4.15338E-04 2.13054E-28 4.52834E-17 4.32041E-16 1.53007E-15 1.33063E-22 6.48887E-31 3.91571E-36
 1.79877E-41 9.04295E-30 2.25114E-51 5.59538E-47 1.54831E-18 1.00065E-34 3.55502E-11 2.02006E-22
 5.48095E-12 2.09622E-45 6.23640E-48 5.40572E-36 4.41910E-21 2.49802E-25 3.57920E-24 2.05456E-33
 7.32370E-19 1.82190E-04 1.84919E-17 5.64868E-15 7.78500E-19 1.76598E-29 3.87712E-15 7.28683E-09
 1.56398E-06 1.80348E-17 4.17302E-04 1.39599E-28 4.32026E-17 4.09375E-16 1.51440E-15 1.06352E-22
 5.08358E-31 2.50085E-36 8.05231E-42 5.53960E-30 7.74578E-52 1.90175E-47 1.46414E-18 4.68272E-35
 3.50244E-11 1.41766E-22 5.27302E-12 8.28863E-46 3.69378E-48 4.65298E-36 4.20918E-21 1.81181E-25
 3.00324E-24 1.56043E-33 6.78752E-19 1.91039E-04 1.65216E-17 6.39818E-15 6.19604E-19 1.59340E-29
 2.83821E-15 7.25036E-09 1.55105E-06 1.65298E-17 4.19153E-04 9.28941E-29 4.10294E-17 3.87637E-16
 1.50048E-15 8.49871E-23 3.97694E-31 1.60612E-36 3.60672E-42 3.39171E-30 2.66378E-52 6.49050E-48
 1.37782E-18 2.19825E-35 3.44218E-11 9.96481E-23 5.08468E-12 3.27823E-46 2.18271E-48 3.96667E-36
 3.98932E-21 1.32149E-25 2.48468E-24 1.17708E-33 6.36765E-19 2.00656E-04 1.49287E-17 7.24742E-15
 4.90165E-19 1.45591E-29 2.06796E-15 7.20099E-09 1.53495E-06 1.52400E-17 4.20889E-04 6.45889E-29
 3.87862E-17 3.66876E-16 1.48795E-15 6.75252E-23 3.09874E-31 1.05669E-36 1.62721E-42 2.04761E-30
 9.15487E-53 2.17988E-48 1.29024E-18 1.04794E-35 3.37462E-11 6.97291E-23 4.91555E-12 1.29416E-46
 1.31226E-48 3.34244E-36 3.76196E-21 9.80084E-26 2.02690E-24 8.78116E-34 6.10564E-19 2.11065E-04
 1.36582E-17 7.98676E-15 3.93270E-19 1.35962E-29 1.58206E-15 7.13895E-09 1.51560E-06 1.41413E-17
 4.22501E-04 5.00443E-29 3.65071E-17 3.47216E-16 1.47652E-15 5.49855E-23 2.48872E-31 7.63064E-37
 8.36038E-43 1.31520E-30 3.64808E-53 8.41550E-49 1.20273E-18 5.79781E-36 3.30060E-11 5.07424E-23
 4.76574E-12 5.83639E-47 8.88285E-49 2.80896E-36 3.53076E-21 7.66920E-26 1.63260E-24 6.61226E-34
 2.85150E+02 2.78650E+02 2.72150E+02 2.65660E+02 2.61170E+02 2.55680E+02 2.49190E+02 2.42700E+02
 2.36210E+02 2.25000E+02 2.10000E+02 2.10000E+02 2.10000E+02 2.10000E+02 2.10000E+02 2.00000E+02
 2.00000E+02 2.00000E+02 2.00000E+02 2.00000E+02 2.00000E+02 2.00000E+02 2.00000E+02 2.00000E+02
 2.00000E+02 2.00000E+02 2.00000E+02 2.00000E+02 2.00000E+02 2.00000E+02 2.00000E+02 2.00000E+02
 2.00000E+02 2.00000E+02 2.00000E+02 2.00000E+02 2.00000E+02 2.00000E+02 2.00000E+02 2.00000E+02
 2.00000E+02 2.00000E+02 2.00000E+02 2.00000E+02 2.00000E+02 2.00000E+02 2.00000E+02 2.00000E+02
 2.00000E+02 2.00000E+02 2.00000E+02 2.00000E+02 2.00000E+02 2.00000E+02 2.00000E+02 2.00000E+02
 2.00000E+02 2.00000E+02 2.00000E+02 2.00000E+02 2.00000E+02 2.00000E+02 2.00000E+02 2.00000E+02
 2.00000E+02 2.00000E+02 2.00000E+02 2.00000E+02 2.00000E+02 2.00000E+02 2.00000E+02 2.00000E+02
 2.00000E+02 2.00000E+02 2.00000E+02 2.00000E+02 2.00000E+02 2.00000E+02 2.00000E+02 1.98600E+02
 1.96000E+02 1.94700E+02 1.92000E+02 1.90800E+02 1.89000E+02 1.86900E+02 1.86900E+02 1.86900E+02
 1.86900E+02 1.86900E+02 1.88000E+02 1.90000E+02 1.91000E+02 1.92500E+02 1.94000E+02 1.95000E+02
 1.96500E+02 1.98000E+02 2.00000E+02 2.00000E+02 1.00000E+05 1.00000E+05 1.00000E+05 1.00000E+05
 1.00000E+05 1.00000E+05 1.00000E+05 1.00000E+05 1.00000E+05 8.94400E+04 4.89900E+04 2.25800E+04
 1.16600E+04 6.81200E+03 5.16500E+03 4.29000E+03 3.95000E+03 3.90000E+03 3.99900E+03 4.34300E+03
 4.84400E+03 5.43900E+03 6.18700E+03 7.03600E+03 7.98400E+03 8.98600E+03 1.00300E+04 1.12800E+04
 1.24900E+04 1.36300E+04 1.51300E+04 1.66900E+04 1.81800E+04 1.99800E+04 2.19800E+04 2.44500E+04
 2.74600E+04 3.04600E+04 3.39400E+04 3.79500E+04 4.19500E+04 4.64300E+04 5.19100E+04 5.84000E+04
 6.44500E+04 7.13600E+04 7.99000E+04 8.79100E+04 9.68700E+04 1.06900E+05 1.17800E+05 1.31800E+05
 1.48300E+05 1.65800E+05 1.83300E+05 2.01800E+05 2.25600E+05 2.52200E+05 2.77200E+05 3.07000E+05
 3.42100E+05 3.79500E+05 4.21900E+05 4.71700E+05 5.17400E+05 5.67400E+05 6.22400E+05 6.82600E+05
 7.48700E+05 8.21200E+05 9.00700E+05 9.87900E+05 1.00000E+06 1.00000E+06 1.00000E+06 1.00000E+06
 1.00000E+06 1.00000E+06 1.00000E+06 1.00000E+06 1.00000E+06 1.00000E+06 1.00000E+06 1.00000E+06
 1.00000E+06 1.00000E+06 1.00000E+06 1.00000E+06 1.00000E+06 1.00000E+06 1.00000E+06 1.00000E+06
 1.00000E+06 1.00000E+06 1.00000E+06 1.00000E+06 1.00000E+06 1.00000E+06 1.00000E+06 1.00000E+06
 2.42866E+19 2.20951E+19 2.00572E+19 1.81649E+19 1.62936E+19 1.46415E+19 1.31763E+19 1.18253E+19
 1.05821E+19 9.62491E+18 8.85799E+18 7.56787E+18 6.46596E+18 5.52477E+18 4.72082E+18 4.21954E+18
 3.57765E+18 3.03356E+18 2.57235E+18 2.18138E+18 1.84992E+18 1.56891E+18 1.33065E+18 1.12864E+18
 9.57339E+17 8.12082E+17 6.88901E+17 5.84434E+17 4.95834E+17 4.20688E+17 3.56949E+17 3.02882E+17
 2.57018E+17 2.18111E+17 1.85102E+17 1.57097E+17 1.33336E+17 1.13175E+17 9.60668E+16 8.15492E+16
 6.92289E+16 5.87730E+16 4.98989E+16 4.23668E+16 3.59735E+16 3.05465E+16 2.59395E+16 2.20285E+16
 1.87082E+16 1.58891E+16 1.34955E+16 1.14630E+16 9.73718E+15 8.27159E+15 7.02695E+15 5.96990E+15
 5.07211E+15 4.30956E+15 3.66183E+15 3.11162E+15 2.64421E+15 2.24713E+15 1.90977E+15 1.62315E+15
 1.37961E+15 1.17267E+15 9.96820E+14 8.47384E+14 7.20387E+14 6.12453E+14 5.20718E+14 4.42745E+14
 3.76466E+14 3.20126E+14 2.72231E+14 2.31513E+14 1.96896E+14 1.67463E+14 1.42437E+14 1.21942E+14
 1.04872E+14 8.94642E+13 7.67521E+13 6.52337E+13 5.55509E+13 4.73046E+13 3.97985E+13 3.34852E+13
 2.81749E+13 2.37080E+13 1.98437E+13 1.65553E+13 1.39052E+13 1.16627E+13 9.79569E+12 8.25844E+12
 6.95259E+12 5.86119E+12 4.93638E+12 4.20308E+12 1.13031E-10 1.36500E-10 1.84988E-10 2.44301E-10
 3.08637E-10 3.73940E-10 4.36119E-10 4.90794E-10 5.32896E-10 5.58608E-10 5.66238E-10 5.69142E-10
 5.62606E-10 5.46934E-10 5.20893E-10 4.85878E-10 4.44264E-10 4.00006E-10 3.56657E-10 3.16940E-10
 2.82461E-10 2.53044E-10 2.28158E-10 2.07221E-10 1.88962E-10 1.71978E-10 1.55728E-10 1.40248E-10
 1.25523E-10 1.11404E-10 9.79930E-11 8.54243E-11 7.36437E-11 6.27085E-11 5.27327E-11 4.37971E-11
 3.59673E-11 2.91789E-11 2.33460E-11 1.84194E-11 1.43023E-11 1.09023E-11 8.16828E-12 6.03098E-12
 4.37567E-12 3.10778E-12 2.16339E-12 1.47243E-12 9.75109E-13 6.27479E-13 3.88365E-13 2.34425E-13
 1.38240E-13 7.92736E-14 4.38526E-14 2.32855E-14 1.19579E-14 5.92853E-15 2.79695E-15 1.25894E-15
 5.41884E-16 2.21602E-16 8.60132E-17 3.17714E-17 1.09170E-17 3.47056E-18 1.01540E-18 2.71722E-19
 6.60908E-20 1.45115E-20 2.85526E-21 4.99493E-22 6.59017E-23 6.08771E-24 3.69844E-25 1.37291E-26
 2.85616E-28 3.00832E-30 1.42374E-32 2.61868E-35 1.56234E-38 2.44226E-42 7.68723E-47 3.57685E-52
 1.69118E-58 5.13481E-66 5.95669E-75 1.42819E-85 3.41125E-98 1.00000-100 1.00000-100 1.00000-100
 1.00000-100 1.00000-100 1.00000-100 1.00000-100 1.00000-100 1.00000-100 1.00000-100 1.00000-100
 4.19676E+01 3.63006E+01 3.64450E+01 3.69524E+01 3.84131E+01 3.91101E+01 3.86788E+01 3.74491E+01
 3.50628E+01 3.23153E+01 2.94410E+01 2.34951E+01 1.93941E+01 1.56888E+01 1.23215E+01 1.11301E+01
 9.00007E+00 7.68976E+00 6.78553E+00 6.31719E+00 6.08520E+00 5.99792E+00 6.12235E+00 6.43711E+00
 5.57391E+00 4.24722E+00 3.21964E+00 2.42628E+00 1.81795E+00 1.35160E+00 9.94193E-01 7.23187E-01
 5.20352E-01 3.69929E-01 2.59876E-01 1.80159E-01 1.23555E-01 8.38761E-02 5.60485E-02 3.69030E-02
 2.39144E-02 1.52214E-02 9.68231E-03 6.06975E-03 3.73925E-03 2.25512E-03 1.33308E-03 7.70510E-04
 4.33353E-04 2.36840E-04 1.24505E-04 6.38353E-05 3.19760E-05 1.55767E-05 7.32014E-06 3.30225E-06
 1.44080E-06 6.06928E-07 2.43300E-07 9.30572E-08 3.40377E-08 1.18293E-08 3.90216E-09 1.22504E-09
 3.57780E-10 9.66791E-11 2.40444E-11 5.46970E-12 1.13100E-12 2.11127E-13 3.53187E-14 5.25340E-15
 5.89359E-16 4.62949E-17 2.39174E-18 7.55050E-20 1.33591E-21 1.19674E-23 4.81737E-26 7.58564E-29
 3.89220E-32 5.19038E-36 1.40158E-40 5.54281E-46 2.23171E-52 5.77012E-60 5.63156E-69 1.13605E-79
 2.28314E-92 5.63140E-95 4.71351E-95 3.93242E-95 3.30292E-95 2.77025E-95 2.32679E-95 1.96164E-95
 1.65146E-95 1.39222E-95 1.17255E-95 9.98365E-96 0.00000E+00 0.00000E+00 0.00000E+00 0.00000E+00
 0.00000E+00 0.00000E+00 0.00000E+00 0.00000E+00 0.00000E+00 0.00000E+00 0.00000E+00 0.00000E+00
 0.00000E+00 0.00000E+00 0.00000E+00 0.00000E+00 0.00000E+00 0.00000E+00 0.00000E+00 0.00000E+00
 0.00000E+00 0.00000E+00 0.00000E+00 0.00000E+00 0.00000E+00 0.00000E+00 0.00000E+00 0.00000E+00
 0.00000E+00 0.00000E+00 0.00000E+00 0.00000E+00 0.00000E+00 0.00000E+00 0.00000E+00 0.00000E+00
 0.00000E+00 0.00000E+00 0.00000E+00 0.00000E+00 0.00000E+00 0.00000E+00 0.00000E+00 0.00000E+00
 0.00000E+00 0.00000E+00 0.00000E+00 0.00000E+00 0.00000E+00 0.00000E+00 0.00000E+00 0.00000E+00
 0.00000E+00 0.00000E+00 0.00000E+00 0.00000E+00 0.00000E+00 0.00000E+00 0.00000E+00 0.00000E+00
 0.00000E+00 0.00000E+00 0.00000E+00 0.00000E+00 0.00000E+00 0.00000E+00 0.00000E+00 0.00000E+00
 0.00000E+00 0.00000E+00 0.00000E+00 0.00000E+00 0.00000E+00 0.00000E+00 0.00000E+00 0.00000E+00
 0.00000E+00 0.00000E+00 0.00000E+00 0.00000E+00 0.00000E+00 0.00000E+00 0.00000E+00 0.00000E+00
 0.00000E+00 0.00000E+00 0.00000E+00 0.00000E+00 0.00000E+00 0.00000E+00 0.00000E+00 0.00000E+00
 0.00000E+00 0.00000E+00 0.00000E+00 0.00000E+00 0.00000E+00 0.00000E+00 0.00000E+00 0.00000E+00
 0.00000E+00 0.00000E+00 0.00000E+00 0.00000E+00 0.00000E+00 0.00000E+00 0.00000E+00 0.00000E+00
 0.00000E+00 0.00000E+00 0.00000E+00 0.00000E+00 0.00000E+00 0.00000E+00 0.00000E+00 0.00000E+00
 0.00000E+00 0.00000E+00 0.00000E+00 0.00000E+00 0.00000E+00 0.00000E+00 0.00000E+00 0.00000E+00
 0.00000E+00 0.00000E+00 0.00000E+00 0.00000E+00 0.00000E+00 0.00000E+00 0.00000E+00 0.00000E+00
 0.00000E+00 0.00000E+00 0.00000E+00 0.00000E+00 0.00000E+00 0.00000E+00 0.00000E+00 0.00000E+00
 0.00000E+00 0.00000E+00 0.00000E+00 0.00000E+00 0.00000E+00 0.00000E+00 0.00000E+00 0.00000E+00
 0.00000E+00 0.00000E+00 0.00000E+00 0.00000E+00 0.00000E+00 0.00000E+00 0.00000E+00 0.00000E+00
 0.00000E+00 0.00000E+00 0.00000E+00 0.00000E+00 0.00000E+00 0.00000E+00 0.00000E+00 0.00000E+00
 0.00000E+00 0.00000E+00 0.00000E+00 0.00000E+00 0.00000E+00 0.00000E+00 0.00000E+00 0.00000E+00
 0.00000E+00 0.00000E+00 0.00000E+00 0.00000E+00 0.00000E+00 0.00000E+00 0.00000E+00 0.00000E+00
 0.00000E+00 0.00000E+00 0.00000E+00 0.00000E+00 0.00000E+00 0.00000E+00 0.00000E+00 0.00000E+00
 0.00000E+00 0.00000E+00 0.00000E+00 0.00000E+00 0.00000E+00 0.00000E+00 0.00000E+00 0.00000E+00
 0.00000E+00 0.00000E+00 0.00000E+00 0.00000E+00 7.10443E-04 7.76591E-04 8.53104E-04 9.39197E-04
 1.01950E-03 1.10971E-03 1.21497E-03 1.33270E-03 1.46983E-03 1.64347E-03 1.86368E-03 2.11749E-03
 2.38407E-03 2.70455E-03 3.09549E-03 3.46478E-03 3.90788E-03 4.31602E-03 4.72013E-03 5.08304E-03
 5.43881E-03 5.80576E-03 6.15556E-03 6.49282E-03 7.33986E-03 8.66706E-03 1.02396E-02 1.21045E-02
 1.43115E-02 1.69218E-02 2.00267E-02 2.37261E-02 2.81122E-02 3.33110E-02 3.94680E-02 4.67852E-02
 5.54545E-02 6.56837E-02 7.78675E-02 9.23502E-02 1.09533E-01 1.29895E-01 1.52968E-01 1.80134E-01
 2.12120E-01 2.49778E-01 2.94111E-01 3.46300E-01 4.07735E-01 4.80048E-01 5.65163E-01 6.65340E-01
 7.83239E-01 9.21989E-01 1.08527E+00 1.27740E+00 1.50348E+00 1.76948E+00 2.08245E+00 2.45065E+00
 2.88382E+00 3.39338E+00 3.99278E+00 4.69783E+00 5.52710E+00 6.50243E+00 7.64949E+00 8.99845E+00
 1.05848E+01 1.24501E+01 1.46434E+01 1.72223E+01 2.02543E+01 2.38189E+01 2.80095E+01 3.29356E+01
 3.87262E+01 4.55327E+01 5.35327E+01 6.29837E+01 7.42424E+01 8.76360E+01 1.03663E+02 1.22780E+02
 1.45646E+02 1.73101E+02 2.05748E+02 2.44540E+02 2.90629E+02 3.45388E+02 4.10050E+02 4.85963E+02
 5.75361E+02 6.80333E+02 8.03407E+02 9.47837E+02 1.11690E+03 1.31447E+03 1.54466E+03 1.81415E+03
 0.00000E+00 0.00000E+00 0.00000E+00 0.00000E+00 0.00000E+00 0.00000E+00 0.00000E+00 0.00000E+00
 0.00000E+00 0.00000E+00 0.00000E+00 0.00000E+00 0.00000E+00 0.00000E+00 0.00000E+00 0.00000E+00
 0.00000E+00 0.00000E+00 0.00000E+00 0.00000E+00 0.00000E+00 0.00000E+00 0.00000E+00 0.00000E+00
 0.00000E+00 0.00000E+00 0.00000E+00 0.00000E+00 0.00000E+00 0.00000E+00 0.00000E+00 0.00000E+00
 0.00000E+00 0.00000E+00 0.00000E+00 0.00000E+00 0.00000E+00 0.00000E+00 0.00000E+00 0.00000E+00
 0.00000E+00 0.00000E+00 0.00000E+00 0.00000E+00 0.00000E+00 0.00000E+00 0.00000E+00 0.00000E+00
 0.00000E+00 0.00000E+00 0.00000E+00 0.00000E+00 0.00000E+00 0.00000E+00 0.00000E+00 0.00000E+00
 0.00000E+00 0.00000E+00 0.00000E+00 0.00000E+00 0.00000E+00 0.00000E+00 0.00000E+00 0.00000E+00
 0.00000E+00 0.00000E+00 0.00000E+00 0.00000E+00 0.00000E+00 0.00000E+00 0.00000E+00 0.00000E+00
 0.00000E+00 0.00000E+00 0.00000E+00 0.00000E+00 0.00000E+00 0.00000E+00 0.00000E+00 0.00000E+00
 0.00000E+00 0.00000E+00 0.00000E+00 0.00000E+00 0.00000E+00 0.00000E+00 0.00000E+00 0.00000E+00
 0.00000E+00 0.00000E+00 0.00000E+00 0.00000E+00 0.00000E+00 0.00000E+00 0.00000E+00 0.00000E+00
 0.00000E+00 0.00000E+00 0.00000E+00 0.00000E+00 0.00000E+00 0.00000E+00 0.00000E+00 0.00000E+00
 0.00000E+00 0.00000E+00 0.00000E+00 0.00000E+00 0.00000E+00 0.00000E+00 0.00000E+00 0.00000E+00
 0.00000E+00 0.00000E+00 0.00000E+00 0.00000E+00 0.00000E+00 0.00000E+00 0.00000E+00 0.00000E+00
 0.00000E+00 0.00000E+00 0.00000E+00 0.00000E+00 0.00000E+00 0.00000E+00 0.00000E+00 0.00000E+00
 0.00000E+00 0.00000E+00 0.00000E+00 0.00000E+00 0.00000E+00 0.00000E+00 0.00000E+00 0.00000E+00
 0.00000E+00 0.00000E+00 0.00000E+00 0.00000E+00 0.00000E+00 0.00000E+00 0.00000E+00 0.00000E+00
 0.00000E+00 0.00000E+00 0.00000E+00 0.00000E+00 0.00000E+00 0.00000E+00 0.00000E+00 0.00000E+00
 0.00000E+00 0.00000E+00 0.00000E+00 0.00000E+00 0.00000E+00 0.00000E+00 0.00000E+00 0.00000E+00
 0.00000E+00 0.00000E+00 0.00000E+00 0.00000E+00 0.00000E+00 0.00000E+00 0.00000E+00 0.00000E+00
 0.00000E+00 0.00000E+00 0.00000E+00 0.00000E+00 0.00000E+00 0.00000E+00 0.00000E+00 0.00000E+00
 0.00000E+00 0.00000E+00 0.00000E+00 0.00000E+00 0.00000E+00 0.00000E+00 0.00000E+00 0.00000E+00
 0.00000E+00 0.00000E+00 0.00000E+00 0.00000E+00 0.00000E+00 0.00000E+00 0.00000E+00 0.00000E+00
 0.00000E+00 0.00000E+00 0.00000E+00 0.00000E+00 0.00000E+00 0.00000E+00 0.00000E+00 0.00000E+00
 1.86650E-05 1.86650E-05 1.86650E-05 1.86650E-05 1.86650E-05 1.86650E-05 1.86650E-05 1.86650E-05
 1.86650E-05 1.86650E-05 1.86650E-05 1.86650E-05 1.86650E-05 1.86650E-05 1.86650E-05 1.86650E-05
 1.82952E-05 1.75239E-05 1.65583E-05 1.53511E-05 1.40867E-05 1.28552E-05 1.16195E-05 1.04270E-05
 1.00000E-05 1.00000E-05 1.00000E-05 1.00000E-05 1.00000E-05 1.00000E-05 1.00000E-05 1.00000E-05
 1.00000E-05 1.00000E-05 1.00000E-05 1.00000E-05 1.00000E-05 1.00000E-05 1.00000E-05 1.00000E-05
 1.00000E-05 1.00000E-05 1.00000E-05 1.00000E-05 1.00000E-05 1.00000E-05 1.00000E-05 1.00000E-05
 1.00000E-05 1.00000E-05 1.00000E-05 1.00000E-05 1.00000E-05 1.00000E-05 1.00000E-05 1.00000E-05
 1.00000E-05 1.00000E-05 1.00000E-05 1.00000E-05 1.00000E-05 1.00000E-05 1.00000E-05 1.00000E-05
 1.00000E-05 1.00000E-05 1.00000E-05 1.00000E-05 1.00000E-05 1.00000E-05 1.00000E-05 1.00000E-05
 1.00000E-05 1.00000E-05 1.00000E-05 1.00000E-05 1.00000E-05 1.00000E-05 1.00000E-05 1.00000E-05
 1.00000E-05 1.00000E-05 1.00000E-05 1.00000E-05 1.00000E-05 1.00000E-05 1.00000E-05 1.00000E-05
 1.00000E-05 1.00000E-05 1.00000E-05 1.00000E-05 1.00000E-05 1.00000E-05 1.00000E-05 1.00000E-05
 1.00000E-05 1.00000E-05 1.00000E-05 1.00000E-05 0.00000E+00 0.00000E+00 0.00000E+00 0.00000E+00
 0.00000E+00 0.00000E+00 0.00000E+00 0.00000E+00 0.00000E+00 0.00000E+00 0.00000E+00 0.00000E+00
 0.00000E+00 0.00000E+00 0.00000E+00 0.00000E+00 0.00000E+00 0.00000E+00 0.00000E+00 0.00000E+00
 0.00000E+00 0.00000E+00 0.00000E+00 0.00000E+00 0.00000E+00 0.00000E+00 0.00000E+00 0.00000E+00
 0.00000E+00 0.00000E+00 0.00000E+00 0.00000E+00 0.00000E+00 0.00000E+00 0.00000E+00 0.00000E+00
 0.00000E+00 0.00000E+00 0.00000E+00 0.00000E+00 0.00000E+00 0.00000E+00 0.00000E+00 0.00000E+00
 0.00000E+00 0.00000E+00 0.00000E+00 0.00000E+00 0.00000E+00 0.00000E+00 0.00000E+00 0.00000E+00
 0.00000E+00 0.00000E+00 0.00000E+00 0.00000E+00 0.00000E+00 0.00000E+00 0.00000E+00 0.00000E+00
 0.00000E+00 0.00000E+00 0.00000E+00 0.00000E+00 0.00000E+00 0.00000E+00 0.00000E+00 0.00000E+00
 0.00000E+00 0.00000E+00 0.00000E+00 0.00000E+00 0.00000E+00 0.00000E+00 0.00000E+00 0.00000E+00
 0.00000E+00 0.00000E+00 0.00000E+00 0.00000E+00 0.00000E+00 0.00000E+00 0.00000E+00 0.00000E+00
 0.00000E+00 0.00000E+00 0.00000E+00 0.00000E+00 0.00000E+00 0.00000E+00 0.00000E+00 0.00000E+00
 0.00000E+00 0.00000E+00 0.00000E+00 0.00000E+00 0.00000E+00 0.00000E+00 0.00000E+00 0.00000E+00
 0.00000E+00 0.00000E+00 0.00000E+00 0.00000E+00 0.00000E+00 0.00000E+00 0.00000E+00 0.00000E+00
 0.00000E+00 0.00000E+00 0.00000E+00 0.00000E+00 0.00000E+00 0.00000E+00 0.00000E+00 0.00000E+00
 0.00000E+00 0.00000E+00 0.00000E+00 0.00000E+00 0.00000E+00 0.00000E+00 0.00000E+00 0.00000E+00
 0.00000E+00 0.00000E+00 0.00000E+00 0.00000E+00 0.00000E+00 0.00000E+00 0.00000E+00 0.00000E+00
 0.00000E+00 0.00000E+00 0.00000E+00 0.00000E+00 0.00000E+00 0.00000E+00 0.00000E+00 0.00000E+00
 0.00000E+00 0.00000E+00 0.00000E+00 0.00000E+00 0.00000E+00 0.00000E+00 0.00000E+00 0.00000E+00
 0.00000E+00 0.00000E+00 0.00000E+00 0.00000E+00 0.00000E+00 0.00000E+00 0.00000E+00 0.00000E+00
 0.00000E+00 0.00000E+00 0.00000E+00 0.00000E+00 0.00000E+00 0.00000E+00 0.00000E+00 0.00000E+00
 0.00000E+00 0.00000E+00 0.00000E+00 0.00000E+00 0.00000E+00 0.00000E+00 0.00000E+00 0.00000E+00
 0.00000E+00 0.00000E+00 0.00000E+00 0.00000E+00 0.00000E+00 0.00000E+00 0.00000E+00 0.00000E+00
 0.00000E+00 0.00000E+00 0.00000E+00 0.00000E+00 0.00000E+00 0.00000E+00 0.00000E+00 0.00000E+00
 0.00000E+00 0.00000E+00 0.00000E+00 0.00000E+00 0.00000E+00 0.00000E+00 0.00000E+00 0.00000E+00
 0.00000E+00 0.00000E+00 0.00000E+00 0.00000E+00
