 1.84396E-10 5.11499E-16 1.12671E-02 4.40678E-14 1.27560E-11 1.32849E-09 1.54646E-08 6.26821E-20
 9.66559E-07 2.58159E-06 1.33538E-07 8.40877E-10 7.08594E-12 9.06648E-08 3.33895E-12 7.12256E-12
 1.08491E-14 3.46395E-11 1.84669E-13 3.02485E-15 1.10987E-17 1.57451E-22 8.15514E-10 2.21826E-13
 6.75409E-18 1.70818E-14 9.56375E-12 2.42148E-13 3.02868E-12 9.99611E-18 4.60123E-19 3.53865E-11
 1.84655E-12 9.51285E-14 1.86802E-10 7.17954E-16 7.24500E-03 5.19095E-14 1.27718E-11 1.36372E-09
 1.85798E-08 6.93172E-20 9.67010E-07 2.57606E-06 1.23164E-07 8.14940E-10 6.75700E-12 9.06168E-08
 4.25394E-12 8.27212E-12 1.46606E-14 5.25681E-11 4.75028E-13 3.32703E-15 2.31721E-17 3.61766E-22
 8.01133E-10 2.33664E-13 9.21480E-18 1.92173E-14 1.37523E-11 2.98480E-13 3.13377E-12 1.05409E-17
 7.17663E-19 6.36694E-11 3.67578E-12 1.04687E-13 1.80162E-10 1.04056E-15 4.50369E-03 6.08008E-14
 1.25560E-11 1.33384E-09 2.30527E-08 7.64383E-20 9.67494E-07 2.57129E-06 1.14065E-07 7.35925E-10
 6.25089E-12 9.05640E-08 5.35834E-12 9.63004E-12 1.94124E-14 7.50825E-11 1.25164E-12 3.78263E-15
 5.13954E-17 9.33866E-22 7.88576E-10 2.46454E-13 1.22328E-17 2.25660E-14 1.85483E-11 3.57417E-13
 3.30081E-12 1.09135E-17 1.08685E-18 9.06939E-11 5.74445E-12 1.10286E-13 1.64678E-10 1.50728E-15
 2.58829E-03 6.83036E-14 1.18866E-11 1.21017E-09 2.86263E-08 8.12960E-20 9.67957E-07 2.56722E-06
 1.06149E-07 6.13582E-10 5.44175E-12 9.05058E-08 6.74772E-12 1.10747E-11 2.45777E-14 9.70339E-11
 3.25125E-12 4.20830E-15 1.18074E-16 2.52342E-21 7.77827E-10 2.55953E-13 1.56868E-17 2.66833E-14
 2.29949E-11 4.25965E-13 3.56256E-12 1.10681E-17 1.62824E-18 1.17416E-10 7.77119E-12 1.17797E-13
 1.50174E-10 2.22435E-15 1.73355E-03 8.05437E-14 1.15973E-11 1.04803E-09 3.50076E-08 9.32720E-20
 9.68355E-07 2.56374E-06 9.92682E-08 4.95640E-10 4.97389E-12 9.04412E-08 8.35992E-12 1.28286E-11
 3.12901E-14 1.15789E-10 6.61848E-12 4.80455E-15 2.36538E-16 6.01970E-21 7.68722E-10 2.78874E-13
 2.03145E-17 3.31165E-14 2.68969E-11 5.07836E-13 3.91490E-12 1.20718E-17 2.46601E-18 1.44378E-10
 9.79973E-12 1.28530E-13 1.28294E-10 3.17493E-15 1.04224E-03 8.84179E-14 1.07276E-11 8.59462E-10
 4.20668E-08 9.92065E-20 9.68685E-07 2.56084E-06 9.34237E-08 3.81586E-10 4.22159E-12 9.03693E-08
 9.93388E-12 1.37566E-11 3.58863E-14 1.27850E-10 1.39992E-11 4.91405E-15 4.39182E-16 1.57338E-20
 7.61315E-10 2.88058E-13 2.48494E-17 3.99273E-14 3.01043E-11 5.62356E-13 4.46517E-12 1.29528E-17
 3.77488E-18 1.72164E-10 1.13106E-11 1.43897E-13 9.87713E-11 4.38079E-15 5.55047E-04 8.76570E-14
 9.36510E-12 6.69164E-10 4.96441E-08 9.49539E-20 9.68936E-07 2.55843E-06 8.85847E-08 2.83656E-10
 3.37939E-12 9.02894E-08 1.03716E-11 1.24801E-11 3.29984E-14 1.31577E-10 2.69093E-11 4.31888E-15
 6.69454E-16 4.94897E-20 7.55507E-10 2.89244E-13 2.80355E-17 4.85970E-14 3.26646E-11 5.56221E-13
 5.26699E-12 1.32493E-17 5.70110E-18 2.00026E-10 1.18345E-11 1.64333E-13 7.10559E-11 5.97934E-15
 2.85601E-04 8.24745E-14 7.98939E-12 5.01251E-10 5.78026E-08 8.70109E-20 9.69107E-07 2.55636E-06
 8.46092E-08 2.05750E-10 2.65557E-12 9.02006E-08 1.00048E-11 1.02957E-11 2.65357E-14 1.29975E-10
 4.08053E-11 3.54355E-15 8.90401E-16 1.65751E-19 7.50959E-10 2.87505E-13 3.01467E-17 5.98228E-14
 3.48215E-11 5.10759E-13 6.19090E-12 1.29917E-17 8.39890E-18 2.24776E-10 1.14534E-11 1.85307E-13
 5.02395E-11 8.12059E-15 1.41569E-04 7.81506E-14 6.72408E-12 3.64462E-10 6.67282E-08 8.09570E-20
 9.69207E-07 2.55448E-06 8.13274E-08 1.41931E-10 1.99682E-12 9.01018E-08 1.03377E-11 8.97875E-12
 2.29283E-14 1.27182E-10 5.03705E-11 2.97269E-15 1.33973E-15 5.24124E-19 7.47307E-10 2.70149E-13
 3.27095E-17 7.01845E-14 3.68342E-11 4.68560E-13 6.89125E-12 1.22602E-17 1.23057E-17 2.40816E-10
 1.05618E-11 1.96152E-13 3.33616E-11 1.01281E-14 3.84827E-05 7.35845E-14 5.10156E-12 2.55185E-10
 7.69688E-08 7.07942E-20 9.69249E-07 2.55259E-06 7.84880E-08 8.66686E-11 1.14614E-12 8.99864E-08
 1.29272E-11 8.49576E-12 2.52339E-14 1.25461E-10 5.32825E-11 2.56056E-15 3.58188E-15 2.85499E-18
 7.44133E-10 2.26456E-13 3.90545E-17 7.39072E-14 3.89928E-11 4.55868E-13 6.79538E-12 1.03962E-17
 2.09969E-17 2.40857E-10 9.43234E-12 1.78694E-13 1.99907E-11 1.22098E-14 5.43089E-06 7.57251E-14
 3.53001E-12 1.61662E-10 9.22595E-08 6.40122E-20 9.69226E-07 2.54989E-06 7.52791E-08 4.24665E-11
 4.98261E-13 8.98072E-08 1.93859E-11 8.84014E-12 3.81549E-14 1.26229E-10 4.73125E-11 2.57913E-15
 9.92075E-15 1.74356E-17 7.40226E-10 1.84092E-13 5.55775E-17 7.62679E-14 4.22356E-11 5.05273E-13
 4.17316E-12 5.91110E-18 3.72486E-17 2.05256E-10 7.99641E-12 1.03704E-13 1.43523E-11 2.25808E-14
 3.66872E-06 7.56314E-14 2.75359E-12 8.39787E-11 1.24048E-07 6.82321E-20 9.69049E-07 2.54411E-06
 7.05105E-08 1.91860E-11 3.83053E-13 8.94083E-08 2.43340E-11 1.17544E-11 3.77215E-14 1.33918E-10
 4.12600E-11 2.73291E-15 1.48209E-14 2.23929E-17 7.32878E-10 1.55298E-13 6.43354E-17 9.75144E-14
 4.94400E-11 6.54522E-13 2.15275E-12 2.31673E-18 3.31324E-17 1.63783E-10 5.48459E-12 5.12695E-14
 1.17255E-11 4.86621E-14 3.69589E-06 7.60039E-14 2.24667E-12 3.86514E-11 1.94469E-07 7.07068E-20
 9.68457E-07 2.53075E-06 6.30351E-08 1.02243E-11 3.52295E-13 8.84622E-08 2.67186E-11 1.63541E-11
 3.27294E-14 1.52439E-10 3.78998E-11 3.99942E-15 2.65461E-14 5.94101E-17 7.17711E-10 1.97901E-13
 8.29305E-17 1.79953E-13 6.38614E-11 1.27117E-12 8.35951E-13 5.95305E-19 3.05209E-17 1.15451E-10
 3.14117E-12 1.79021E-14 1.21249E-11 1.14372E-13 3.75236E-06 9.24273E-14 2.26753E-12 2.50175E-11
 3.32528E-07 8.36604E-20 9.66959E-07 2.50307E-06 5.24915E-08 9.54292E-12 4.47992E-13 8.64766E-08
 2.57044E-11 2.24878E-11 3.00399E-14 1.90666E-10 3.93545E-11 9.19124E-15 7.12491E-14 3.88424E-16
 6.89167E-10 4.91905E-13 1.38851E-16 5.23189E-13 8.92435E-11 3.78583E-12 2.17438E-13 1.13407E-19
 2.65358E-17 6.75803E-11 1.75625E-12 3.90484E-15 1.44552E-11 2.62236E-13 3.84945E-06 1.29229E-13
 2.63452E-12 2.51273E-11 5.54315E-07 1.07398E-19 9.63960E-07 2.45570E-06 4.06037E-08 1.23283E-11
 6.57270E-13 8.30557E-08 2.42161E-11 3.01352E-11 3.09648E-14 2.52279E-10 4.35996E-11 2.47108E-14
 2.15182E-13 2.97194E-15 6.44661E-10 1.52787E-12 2.57334E-16 1.65093E-12 1.23497E-10 1.18539E-11
 3.66546E-14 1.64099E-20 1.97892E-17 3.20858E-11 9.29048E-13 5.39636E-16 1.73298E-11 5.54507E-13
 3.98922E-06 1.82524E-13 3.18391E-12 2.93582E-11 8.51011E-07 1.36414E-19 9.58997E-07 2.38783E-06
 3.02026E-08 1.58052E-11 9.02685E-13 7.81465E-08 2.44500E-11 4.02476E-11 3.44530E-14 3.29871E-10
 4.93840E-11 5.79540E-14 5.61566E-13 1.45822E-14 5.87080E-10 3.96850E-12 4.47151E-16 4.18323E-12
 1.58249E-10 2.96645E-11 4.35107E-15 1.84011E-21 1.29236E-17 1.29297E-11 4.25373E-13 5.24735E-17
 2.32720E-11 1.17876E-12 4.17296E-06 2.61710E-13 4.33321E-12 3.96466E-11 1.21016E-06 1.94874E-19
 9.51558E-07 2.29905E-06 2.26455E-08 2.36107E-11 1.42677E-12 7.17565E-08 2.46193E-11 5.50299E-11
 3.63677E-14 4.15682E-10 5.94620E-11 1.14348E-13 1.20313E-12 3.77608E-14 5.19620E-10 8.97101E-12
 6.83215E-16 8.87798E-12 1.87739E-10 5.78593E-11 3.84376E-16 1.66356E-22 6.49788E-18 4.64074E-12
 1.67202E-13 3.80213E-18 2.64509E-11 2.16744E-12 4.39288E-06 3.56981E-13 5.42118E-12 5.02855E-11
 1.61762E-06 2.60795E-19 9.41409E-07 2.19340E-06 1.78281E-08 2.62762E-11 1.62842E-12 6.42225E-08
 2.88316E-11 7.42627E-11 4.51584E-14 4.98510E-10 6.96929E-11 1.88462E-13 2.19141E-12 8.06431E-14
 4.48848E-10 1.58596E-11 1.03730E-15 1.47578E-11 2.08020E-10 9.54564E-11 2.70295E-17 1.25185E-23
 3.59590E-18 1.53465E-12 6.05006E-14 2.25534E-19 3.22556E-11 3.99231E-12 4.64076E-06 4.95464E-13
 7.26002E-12 6.81058E-11 2.04868E-06 4.06640E-19 9.28542E-07 2.07499E-06 1.52165E-08 3.16536E-11
 2.02563E-12 5.59650E-08 3.41064E-11 1.01681E-10 5.50315E-14 5.69530E-10 8.31663E-11 2.76255E-13
 3.44610E-12 1.13955E-13 3.79123E-10 2.57115E-11 1.49394E-15 2.21568E-11 2.21249E-10 1.34584E-10
 1.57042E-18 8.35629E-25 1.74867E-18 4.88225E-13 2.06809E-14 1.13249E-20 3.59674E-11 6.72759E-12
 4.90570E-06 6.80584E-13 9.26805E-12 8.84220E-11 2.49961E-06 6.28230E-19 9.13190E-07 1.94920E-06
 1.38372E-08 3.25037E-11 2.13901E-12 4.74900E-08 4.34016E-11 1.35219E-10 7.43668E-14 6.20681E-10
 9.45507E-11 3.68792E-13 4.84842E-12 1.59669E-13 3.14513E-10 3.75086E-11 2.17485E-15 2.98079E-11
 2.26519E-10 1.74325E-10 7.67587E-20 4.94271E-26 9.08764E-19 1.50424E-13 7.02492E-15 5.03018E-22
 4.00626E-11 1.09877E-11 5.17484E-06 9.46368E-13 1.18763E-11 1.14118E-10 2.93913E-06 1.03399E-18
 8.95994E-07 1.82217E-06 1.32356E-08 3.25892E-11 2.23557E-12 3.93791E-08 5.63043E-11 1.76223E-10
 1.03321E-13 6.47808E-10 1.03161E-10 4.58224E-13 6.08032E-12 1.99132E-13 2.57642E-10 5.19565E-11
 3.16607E-15 3.79986E-11 2.27883E-10 2.07046E-10 3.23319E-21 2.67988E-27 4.68739E-19 4.60788E-14
 2.43230E-15 2.01270E-23 4.56404E-11 1.77653E-11 5.44346E-06 1.33605E-12 1.54059E-11 1.46084E-10
 3.33541E-06 1.84503E-18 8.77269E-07 1.69611E-06 1.31374E-08 3.31815E-11 2.42333E-12 3.19198E-08
 7.29983E-11 2.25799E-10 1.42850E-13 6.51899E-10 1.07766E-10 5.39990E-13 6.84488E-12 2.19611E-13
 2.08484E-10 6.96797E-11 4.64301E-15 4.72453E-11 2.29884E-10 2.27116E-10 1.17394E-22 1.37714E-28
 2.33854E-19 1.41796E-14 9.45404E-16 7.46502E-25 5.16788E-11 2.80782E-11 5.70817E-06 1.90253E-12
 1.97547E-11 1.80235E-10 3.66790E-06 3.44562E-18 8.57319E-07 1.57258E-06 1.32969E-08 3.30058E-11
 2.62926E-12 2.53041E-08 9.46150E-11 2.80459E-10 1.98381E-13 6.36758E-10 1.05774E-10 6.08008E-13
 6.93675E-12 2.32828E-13 1.66678E-10 9.06752E-11 6.92953E-15 5.77857E-11 2.33830E-10 2.33332E-10
 3.66911E-24 1.01117E-29 1.15810E-19 4.39372E-15 6.14303E-16 3.89596E-26 5.78646E-11 4.35060E-11
 5.96568E-06 2.72593E-12 2.48505E-11 2.11258E-10 3.91571E-06 6.67865E-18 8.36526E-07 1.45303E-06
 1.35627E-08 3.19119E-11 2.85607E-12 1.96533E-08 1.21731E-10 3.35716E-10 2.74423E-13 6.06627E-10
 9.67476E-11 6.56428E-13 6.32651E-12 2.42054E-13 1.31730E-10 1.14681E-10 1.05473E-14 7.01004E-11
 2.40689E-10 2.24996E-10 9.92720E-26 2.96424E-30 5.75251E-20 1.38881E-15 8.69423E-16 8.00547E-27
 6.37894E-11 6.62847E-11 6.21455E-06 3.91940E-12 3.04709E-11 2.32690E-10 4.06271E-06 1.33537E-17
 8.15213E-07 1.33803E-06 1.38346E-08 2.98549E-11 3.10261E-12 1.49781E-08 1.54673E-10 3.85665E-10
 3.75465E-13 5.65202E-10 8.20504E-11 6.79548E-13 5.19325E-12 2.48239E-13 1.02863E-10 1.40463E-10
 1.63548E-14 8.45478E-11 2.50957E-10 2.03265E-10 2.37895E-27 1.80099E-30 3.02685E-20 4.74212E-16
 1.71183E-15 3.36677E-27 6.90049E-11 9.95985E-11 6.45409E-06 5.64134E-12 3.62527E-11 2.39181E-10
 4.09932E-06 2.74148E-17 7.93711E-07 1.22775E-06 1.40398E-08 2.69418E-11 3.36645E-12 1.12190E-08
 1.93240E-10 4.23695E-10 5.04714E-13 5.15043E-10 6.43245E-11 6.73074E-13 3.83752E-12 2.50149E-13
 7.92630E-11 1.65588E-10 2.57496E-14 1.01228E-10 2.64662E-10 1.71260E-10 7.84241E-29 1.40245E-30
 1.93512E-20 2.01188E-16 1.98440E-15 1.78707E-27 7.30661E-11 1.47929E-10 6.68415E-06 8.11177E-12
 4.17527E-11 2.28987E-10 4.02518E-06 5.75510E-17 7.72379E-07 1.12208E-06 1.41230E-08 2.34169E-11
 3.64189E-12 8.27002E-09 2.36405E-10 4.43512E-10 6.62689E-13 4.57976E-10 4.65392E-11 6.35804E-13
 2.55248E-12 2.45717E-13 6.01458E-11 1.86741E-10 4.09693E-14 1.19834E-10 2.81366E-10 1.33827E-10
 2.66860E-29 1.54166E-30 1.77296E-20 1.25324E-16 2.05976E-15 1.31729E-27 7.57067E-11 2.17660E-10
 6.90259E-06 1.16289E-11 4.65601E-11 2.04874E-10 3.84987E-06 1.23119E-16 7.51851E-07 1.02176E-06
 1.40511E-08 1.96334E-11 3.92375E-12 6.02488E-09 2.82246E-10 4.41103E-10 8.45423E-13 3.95906E-10
 3.10993E-11 5.71329E-13 1.52974E-12 2.32648E-13 4.49459E-11 2.00441E-10 6.55360E-14 1.39509E-10
 3.00450E-10 9.64947E-11 2.89212E-29 2.28021E-30 2.22587E-20 1.09775E-16 2.07477E-15 1.28510E-27
 7.68310E-11 3.17874E-10 7.10805E-06 1.66005E-11 5.04189E-11 1.72858E-10 3.58956E-06 2.67635E-16
 7.32789E-07 9.27135E-07 1.38152E-08 1.59302E-11 4.20256E-12 4.35477E-09 3.28094E-10 4.15690E-10
 1.04491E-12 3.31342E-10 1.92428E-11 4.87719E-13 8.27431E-13 2.10425E-13 3.30614E-11 2.04432E-10
 1.05047E-13 1.58899E-10 3.21391E-10 6.39894E-11 3.58165E-29 3.76389E-30 3.16701E-20 1.11815E-16
 2.07217E-15 1.37631E-27 7.65456E-11 4.61956E-10 7.30125E-06 2.35972E-11 5.33063E-11 1.39327E-10
 3.25687E-06 5.90678E-16 7.15772E-07 8.37530E-07 1.34301E-08 1.25640E-11 4.46851E-12 3.12302E-09
 3.70876E-10 3.69865E-10 1.24971E-12 2.66912E-10 1.10457E-11 3.94881E-13 4.03272E-13 1.79907E-13
 2.38394E-11 1.98224E-10 1.68852E-13 1.76230E-10 3.44550E-10 3.88583E-11 4.44373E-29 6.24890E-30
 4.56411E-20 1.18285E-16 2.06510E-15 1.45547E-27 7.52022E-11 6.70726E-10 7.47943E-06 3.33817E-11
 5.54140E-11 1.09151E-10 2.86665E-06 1.32353E-15 7.01824E-07 7.53801E-07 1.29475E-08 9.70046E-12
 4.71249E-12 2.23220E-09 4.08324E-10 3.09711E-10 1.44813E-12 2.05641E-10 5.90402E-12 3.03066E-13
 1.76885E-13 1.43273E-13 1.68620E-11 1.82759E-10 2.72808E-13 1.89064E-10 3.71433E-10 2.14858E-11
 5.42655E-29 1.01976E-29 6.44047E-20 1.25461E-16 2.05729E-15 1.48152E-27 7.30666E-11 9.74247E-10
 7.63921E-06 4.66123E-11 5.71401E-11 8.52040E-11 2.44733E-06 2.98200E-15 6.92123E-07 6.77050E-07
 1.24621E-08 7.43666E-12 4.91812E-12 1.59972E-09 4.38564E-10 2.43678E-10 1.61544E-12 1.49806E-10
 2.97230E-12 2.20641E-13 6.98855E-14 1.04268E-13 1.17486E-11 1.60210E-10 4.40805E-13 1.94525E-10
 4.04208E-10 1.07565E-11 6.66632E-29 1.65354E-29 8.89968E-20 1.33411E-16 2.04867E-15 1.47698E-27
 7.01102E-11 1.40489E-09 7.77971E-06 6.30501E-11 5.90691E-11 6.83988E-11 2.04254E-06 6.56218E-15
 6.87785E-07 6.07138E-07 1.21013E-08 5.79961E-12 5.06065E-12 1.15043E-09 4.58006E-10 1.80481E-10
 1.69728E-12 1.01396E-10 1.44307E-12 1.52336E-13 2.49516E-14 6.82655E-14 8.07508E-12 1.33928E-10
 6.96862E-13 1.90418E-10 4.43903E-10 4.87559E-12 8.56286E-29 2.72004E-29 1.22265E-19 1.44583E-16
 2.03678E-15 1.50986E-27 6.83684E-11 2.02462E-09 7.89955E-06 8.15684E-11 6.22233E-11 5.73321E-11
 1.67773E-06 1.41184E-14 6.90034E-07 5.44125E-07 1.20398E-08 4.83827E-12 5.34799E-12 8.31157E-10
 4.63811E-10 1.27544E-10 1.60935E-12 6.21654E-11 6.87007E-13 9.90258E-14 7.93700E-15 3.62930E-14
 5.49091E-12 1.04326E-10 1.04847E-12 1.74608E-10 4.94486E-10 1.93667E-12 1.20114E-28 4.66441E-29
 1.62215E-19 1.62902E-16 2.01771E-15 1.64531E-27 6.62681E-11 2.85366E-09 7.99668E-06 1.00717E-10
 6.65475E-11 5.06399E-11 1.38865E-06 2.85786E-14 7.00205E-07 4.88368E-07 1.22229E-08 4.24934E-12
 5.62861E-12 6.04104E-10 4.53380E-10 8.68346E-11 1.40151E-12 3.54653E-11 3.29705E-13 6.19278E-14
 2.36905E-15 1.73791E-14 3.72014E-12 7.86312E-11 1.47572E-12 1.52638E-10 5.44687E-10 7.17711E-13
 1.77780E-28 8.05773E-29 2.14149E-19 1.89277E-16 1.99053E-15 1.90148E-27 6.36756E-11 3.91545E-09
 8.06973E-06 1.19907E-10 7.20053E-11 4.67081E-11 1.16505E-06 5.44212E-14 7.19376E-07 4.40028E-07
 1.25757E-08 3.87287E-12 5.86919E-12 4.42436E-10 4.29668E-10 5.78970E-11 1.14402E-12 1.93746E-11
 1.61376E-13 3.78656E-14 6.88232E-16 7.90243E-15 2.53248E-12 5.85017E-11 1.95655E-12 1.29429E-10
 5.89150E-10 2.58632E-13 2.68171E-28 1.36774E-28 2.81152E-19 2.23252E-16 1.95570E-15 2.28247E-27
 6.08609E-11 5.23445E-09 8.11825E-06 1.39281E-10 7.85747E-11 4.45244E-11 9.88664E-07 9.85727E-14
 7.48151E-07 3.99045E-07 1.29978E-08 3.61979E-12 6.08191E-12 3.27287E-10 3.97710E-10 3.83549E-11
 8.92485E-13 1.03951E-11 8.09073E-14 2.28873E-14 1.99236E-16 3.50951E-15 1.75011E-12 4.34815E-11
 2.47887E-12 1.07932E-10 6.26042E-10 9.30831E-14 3.99659E-28 2.23643E-28 3.62487E-19 2.62460E-16
 1.91561E-15 2.77708E-27 5.33127E-11 6.50138E-09 8.14301E-06 1.57656E-10 8.48229E-11 4.51254E-11
 8.77596E-07 1.55562E-13 7.86769E-07 3.64950E-07 1.32776E-08 3.18589E-12 5.51348E-12 2.44839E-10
 3.60921E-10 2.55509E-11 7.30579E-13 6.01238E-12 4.46090E-14 1.44156E-14 6.63471E-17 2.44108E-15
 1.24221E-12 3.75536E-11 3.12552E-12 9.70884E-11 6.42672E-10 4.19939E-14 5.59720E-28 3.35921E-28
 5.31976E-19 3.01664E-16 1.87541E-15 3.63457E-27 4.70602E-11 7.97414E-09 8.14740E-06 1.77399E-10
 9.23990E-11 4.66452E-11 7.78204E-07 2.42080E-13 8.34379E-07 3.36483E-07 1.36758E-08 2.85055E-12
 5.02625E-12 1.85518E-10 3.24744E-10 1.71127E-11 5.85074E-13 3.48966E-12 2.50263E-14 9.01641E-15
 2.21762E-17 1.59494E-15 9.06907E-13 3.23796E-11 3.86396E-12 8.64974E-11 6.58002E-10 1.89816E-14
 7.77808E-28 4.94126E-28 7.64316E-19 3.43866E-16 1.83214E-15 4.90428E-27 4.16211E-11 9.60372E-09
 8.13444E-06 1.99034E-10 1.01378E-10 4.91216E-11 6.87362E-07 3.69700E-13 8.90244E-07 3.12513E-07
 1.42436E-08 2.56644E-12 4.56164E-12 1.42457E-10 2.90944E-10 1.15885E-11 4.64152E-13 2.04711E-12
 1.43646E-14 5.63070E-15 7.51577E-18 1.00906E-15 6.81328E-13 2.79830E-11 4.68937E-12 7.65394E-11
 6.71712E-10 8.69748E-15 1.07426E-27 7.14697E-28 1.08684E-18 3.89290E-16 1.78555E-15 6.83792E-27
 3.61941E-11 1.12580E-08 8.10662E-06 2.22885E-10 1.11660E-10 5.30825E-11 6.08803E-07 5.45442E-13
 9.53950E-07 2.91997E-07 1.49796E-08 2.28076E-12 4.00703E-12 1.10756E-10 2.60145E-10 7.99982E-12
 3.72898E-13 1.24434E-12 8.60796E-15 3.57545E-15 2.69253E-18 6.66770E-16 5.26092E-13 2.50045E-11
 5.63578E-12 6.85133E-11 6.81875E-10 4.24952E-15 1.47141E-27 1.01471E-27 1.57947E-18 4.37241E-16
 1.73624E-15 1.00334E-26 3.14030E-11 1.29910E-08 8.06605E-06 2.50421E-10 1.23981E-10 5.84349E-11
 5.35135E-07 7.96839E-13 1.02517E-06 2.74035E-07 1.59350E-08 2.02175E-12 3.48812E-12 8.70865E-11
 2.32881E-10 5.64254E-12 3.00030E-13 7.75918E-13 5.31558E-15 2.29286E-15 9.98021E-19 4.28530E-16
 4.16293E-13 2.24107E-11 6.68621E-12 6.09318E-11 6.91055E-10 2.12099E-15 2.01882E-27 1.43189E-27
 2.27551E-18 4.88515E-16 1.68338E-15 1.51136E-26 2.71395E-11 1.47592E-08 8.01472E-06 2.82595E-10
 1.38728E-10 6.54066E-11 4.66003E-07 1.15416E-12 1.10306E-06 2.58057E-07 1.71462E-08 1.78258E-12
 3.00252E-12 6.93192E-11 2.09446E-10 4.09205E-12 2.42828E-13 4.98695E-13 3.39786E-15 1.49407E-15
 3.86688E-19 2.67846E-16 3.37210E-13 2.00567E-11 7.81926E-12 5.36704E-11 6.99560E-10 1.08255E-15
 2.78132E-27 2.01518E-27 3.24641E-18 5.43223E-16 1.62680E-15 2.31748E-26 2.37891E-11 1.66664E-08
 7.95445E-06 3.21334E-10 1.56967E-10 7.37540E-11 3.97608E-07 1.69228E-12 1.18677E-06 2.43608E-07
 1.86601E-08 1.58477E-12 2.62706E-12 5.59250E-11 1.89871E-10 3.05617E-12 1.95121E-13 3.26275E-13
 2.21777E-15 9.80382E-16 1.52666E-19 1.53695E-16 2.79274E-13 1.73745E-11 8.98014E-12 4.60249E-11
 7.08728E-10 5.41720E-16 3.85877E-27 2.84297E-27 4.43316E-18 6.01511E-16 1.56641E-15 3.49226E-26
 2.07464E-11 1.85773E-08 7.88576E-06 3.66628E-10 1.78492E-10 8.40906E-11 3.36234E-07 2.46218E-12
 1.27675E-06 2.30157E-07 2.05319E-08 1.39819E-12 2.27328E-12 4.56398E-11 1.73504E-10 2.36866E-12
 1.58187E-13 2.21545E-13 1.50773E-15 6.60927E-16 6.40910E-20 8.60327E-17 2.35750E-13 1.49461E-11
 1.01588E-11 3.90032E-11 7.16984E-10 2.78492E-16 5.35206E-27 3.99322E-27 5.97223E-18 6.62654E-16
 1.50280E-15 5.26139E-26 1.79771E-11 2.05224E-08 7.80881E-06 4.19139E-10 2.03568E-10 9.66089E-11
 2.82521E-07 3.56295E-12 1.37362E-06 2.17289E-07 2.28770E-08 1.22293E-12 1.94618E-12 3.76087E-11
 1.59830E-10 1.90631E-12 1.29223E-13 1.56238E-13 1.06659E-15 4.59148E-16 2.87376E-20 4.68834E-17
 2.02293E-13 1.27313E-11 1.13222E-11 3.26269E-11 7.24385E-10 1.46918E-16 7.38776E-27 5.56878E-27
 7.92567E-18 7.26222E-16 1.43632E-15 7.87536E-26 1.54840E-11 2.25540E-08 7.72470E-06 4.79395E-10
 2.32395E-10 1.11393E-10 2.36480E-07 5.13811E-12 1.47667E-06 2.04844E-07 2.58518E-08 1.06062E-12
 1.64998E-12 3.13297E-11 1.48579E-10 1.59237E-12 1.06314E-13 1.14290E-13 7.83427E-16 3.29261E-16
 1.37793E-20 2.47976E-17 1.76386E-13 1.07014E-11 1.24274E-11 2.69020E-11 7.30999E-10 7.93001E-17
 1.00917E-26 7.68040E-27 1.03390E-17 7.90917E-16 1.36823E-15 1.16415E-25 1.32960E-11 2.47344E-08
 7.63357E-06 5.47909E-10 2.65174E-10 1.28550E-10 1.97596E-07 7.39665E-12 1.58619E-06 1.92575E-07
 2.97291E-08 9.11634E-13 1.38537E-12 2.63664E-11 1.39359E-10 1.37608E-12 8.79658E-14 8.63314E-14
 5.94713E-16 2.43376E-16 7.02868E-21 1.27048E-17 1.55973E-13 8.85400E-12 1.34335E-11 2.18445E-11
 7.36855E-10 4.35685E-17 1.35992E-26 1.04549E-26 1.32482E-17 8.56038E-16 1.29920E-15 1.69369E-25
 1.15618E-11 2.71215E-08 7.53490E-06 6.25616E-10 3.02317E-10 1.48384E-10 1.65011E-07 1.06473E-11
 1.70320E-06 1.80214E-07 3.49481E-08 7.75588E-13 1.15082E-12 2.23829E-11 1.31794E-10 1.22512E-12
 7.31320E-14 6.70229E-14 4.64341E-16 1.84867E-16 3.78488E-21 6.29713E-18 1.39521E-13 7.20268E-12
 1.43037E-11 1.74592E-11 7.41973E-10 2.42323E-17 1.80797E-26 1.40487E-26 1.66716E-17 9.21154E-16
 1.22962E-15 2.42178E-25 1.07363E-11 2.97317E-08 7.42887E-06 7.14825E-10 3.44921E-10 1.71633E-10
 1.37624E-07 1.53525E-11 1.82773E-06 1.67644E-07 4.21060E-08 6.52703E-13 9.44220E-13 1.91679E-11
 1.25637E-10 1.12128E-12 6.11659E-14 5.33817E-14 3.72271E-16 1.43993E-16 2.14065E-21 3.01371E-18
 1.26076E-13 5.76188E-12 1.49984E-11 1.37235E-11 7.46400E-10 1.35951E-17 2.38212E-26 1.86941E-26
 2.05730E-17 9.85247E-16 1.16056E-15 3.40204E-25 1.19684E-11 3.26565E-08 7.31517E-06 8.23860E-10
 3.97641E-10 1.99185E-10 1.12560E-07 2.26146E-11 1.96032E-06 1.54738E-07 5.20406E-08 5.53752E-13
 7.91726E-13 1.65497E-11 1.20650E-10 1.05266E-12 5.07807E-14 4.31204E-14 3.02370E-16 1.12909E-16
 1.22122E-21 1.32954E-18 1.14884E-13 4.44866E-12 1.55358E-11 1.05069E-11 7.50332E-10 7.41882E-18
 3.16086E-26 2.49706E-26 2.43524E-17 1.04819E-15 1.09272E-15 4.63591E-25 1.64500E-11 3.56017E-08
 7.19409E-06 9.59307E-10 4.63267E-10 2.35481E-10 9.13186E-08 3.34690E-11 2.10062E-06 1.41523E-07
 6.56931E-08 4.63947E-13 6.53368E-13 1.44115E-11 1.16617E-10 1.02115E-12 4.28015E-14 3.61985E-14
 2.55060E-16 9.09743E-17 7.35372E-22 5.67018E-19 1.05499E-13 3.40925E-12 1.58439E-11 7.91366E-12
 7.53592E-10 4.10552E-18 4.26150E-26 3.36311E-26 2.81910E-17 1.10826E-15 1.02767E-15 6.24655E-25
 2.57474E-11 3.84094E-08 7.06669E-06 1.13476E-09 5.48426E-10 2.85870E-10 7.32552E-08 4.99312E-11
 2.24726E-06 1.28183E-07 8.39531E-08 3.83702E-13 5.30409E-13 1.26715E-11 1.13375E-10 1.02698E-12
 3.68066E-14 3.18927E-14 2.25009E-16 7.55010E-17 4.71180E-22 2.34216E-19 9.76300E-14 2.61203E-12
 1.59249E-11 5.86844E-12 7.56285E-10 2.31723E-18 5.90611E-26 4.60960E-26 3.17701E-17 1.16438E-15
 9.66796E-16 8.32894E-25 4.07149E-11 4.10141E-08 6.93267E-06 1.36551E-09 6.60503E-10 3.56477E-10
 5.81012E-08 7.52371E-11 2.40027E-06 1.14848E-07 1.07768E-07 3.13918E-13 4.24589E-13 1.12459E-11
 1.10742E-10 1.06803E-12 3.23010E-14 2.94375E-14 2.07098E-16 6.44407E-17 3.19973E-22 9.43956E-20
 9.09779E-14 2.01039E-12 1.58359E-11 4.30073E-12 7.58471E-10 1.33496E-18 8.43278E-26 6.44762E-26
 3.48028E-17 1.21670E-15 9.10246E-16 1.09853E-24 6.07566E-11 4.35617E-08 6.79043E-06 1.66453E-09
 8.05602E-10 4.52871E-10 4.57765E-08 1.14558E-10 2.56094E-06 1.01618E-07 1.38198E-07 2.54640E-13
 3.36429E-13 1.00609E-11 1.08557E-10 1.13618E-12 2.87744E-14 2.80608E-14 1.96102E-16 5.61864E-17
 2.26394E-22 3.75911E-20 8.52768E-14 1.55713E-12 1.56763E-11 3.13495E-12 7.60173E-10 7.81066E-19
 1.22680E-25 9.13633E-26 3.71823E-17 1.26595E-15 8.57382E-16 1.43126E-24 8.38055E-11 4.63667E-08
 6.63827E-06 2.03952E-09 9.86953E-10 5.78608E-10 3.60885E-08 1.76038E-10 2.73055E-06 8.86727E-08
 1.76289E-07 2.05010E-13 2.64668E-13 9.06275E-12 1.06701E-10 1.21780E-12 2.57962E-14 2.70489E-14
 1.87215E-16 4.95501E-17 1.62850E-22 1.49772E-20 8.03421E-14 1.21152E-12 1.55373E-11 2.28734E-12
 7.61423E-10 4.59839E-19 1.78506E-25 1.29384E-25 3.90199E-17 1.31268E-15 8.07522E-16 1.84005E-24
 1.07117E-10 4.97863E-08 6.47638E-06 2.49246E-09 1.20456E-09 7.33521E-10 2.86517E-08 2.72292E-10
 2.90817E-06 7.63859E-08 2.22554E-07 1.63973E-13 2.07243E-13 8.22241E-12 1.05109E-10 1.29732E-12
 2.30835E-14 2.58533E-14 1.76907E-16 4.37540E-17 1.16381E-22 6.02058E-21 7.60924E-14 9.43487E-13
 1.54690E-11 1.67745E-12 7.62282E-10 2.69925E-19 2.55073E-25 1.80696E-25 4.05468E-17 1.35670E-15
 7.60628E-16 2.33364E-24 1.28208E-10 5.41375E-08 6.30558E-06 3.02083E-09 1.45563E-09 9.13279E-10
 2.29933E-08 4.22532E-10 3.09237E-06 6.51123E-08 2.77140E-07 1.30364E-13 1.61768E-13 7.51684E-12
 1.03733E-10 1.36082E-12 2.04944E-14 2.41654E-14 1.63376E-16 3.83539E-17 8.12148E-23 2.45105E-21
 7.24623E-14 7.32678E-13 1.54831E-11 1.23876E-12 7.62825E-10 1.56890E-19 3.53537E-25 2.46728E-25
 4.20146E-17 1.39770E-15 7.16780E-16 2.92223E-24 1.45197E-10 5.97026E-08 6.12411E-06 3.61868E-09
 1.73515E-09 1.11094E-09 1.86746E-08 6.55644E-10 3.28461E-06 5.49496E-08 3.40890E-07 1.02816E-13
 1.25697E-13 6.91672E-12 1.02517E-10 1.39787E-12 1.79830E-14 2.18999E-14 1.46368E-16 3.31452E-17
 5.46516E-23 1.01139E-21 6.93373E-14 5.65387E-13 1.55733E-11 9.21627E-13 7.63121E-10 8.98162E-20
 4.73039E-25 3.28235E-25 4.36555E-17 1.43595E-15 6.75444E-16 3.61951E-24 1.57088E-10 6.67556E-08
 5.93092E-06 4.27856E-09 2.03677E-09 1.31544E-09 1.53412E-08 1.01477E-09 3.48575E-06 4.59693E-08
 4.14567E-07 8.04966E-14 9.71666E-14 6.40183E-12 1.01421E-10 1.40289E-12 1.55640E-14 1.91303E-14
 1.26692E-16 2.80952E-17 3.51329E-23 4.23189E-22 6.66352E-14 4.32486E-13 1.57352E-11 6.91006E-13
 7.63217E-10 5.04911E-20 6.11004E-25 4.25476E-25 4.56315E-17 1.47152E-15 6.36381E-16 4.44104E-24
 1.63877E-10 7.58532E-08 5.72685E-06 5.01553E-09 2.36683E-09 1.50708E-09 1.25070E-08 1.59088E-09
 3.69482E-06 3.82416E-08 4.98350E-07 6.41905E-14 7.83933E-14 5.96038E-12 1.00426E-10 1.36839E-12
 1.30647E-14 1.59103E-14 1.04157E-16 2.27740E-17 2.06330E-23 1.74298E-22 6.43078E-14 3.23459E-13
 1.61050E-11 5.21518E-13 7.63015E-10 2.71404E-20 7.67041E-25 5.42671E-25 4.78809E-17 1.50429E-15
 5.99774E-16 5.41508E-24 1.66013E-10 8.71526E-08 5.51203E-06 5.80284E-09 2.70550E-09 1.67830E-09
 1.02928E-08 2.47683E-09 3.91176E-06 3.17039E-08 5.92803E-07 5.08810E-14 6.29942E-14 5.57980E-12
 9.94980E-11 1.30200E-12 1.08265E-14 1.27460E-14 8.26105E-17 1.80342E-17 1.14972E-23 7.32497E-23
 6.23042E-14 2.40128E-13 1.65450E-11 3.97744E-13 7.62663E-10 1.43366E-20 9.32609E-25 6.77436E-25
 5.06695E-17 1.53393E-15 5.65683E-16 6.55029E-24 1.64420E-10 1.01172E-07 5.28697E-06 6.63330E-09
 3.04413E-09 1.81937E-09 8.54180E-09 3.83071E-09 4.13621E-06 2.62512E-08 6.98539E-07 3.99265E-14
 5.03509E-14 5.25021E-12 9.86125E-11 1.20852E-12 8.86735E-15 9.87095E-15 6.32854E-17 1.39610E-17
 6.11311E-24 3.14135E-23 6.05806E-14 1.77278E-13 1.70515E-11 3.06426E-13 7.62185E-10 7.46282E-21
 1.10179E-24 8.30884E-25 5.40492E-17 1.56036E-15 5.34144E-16 7.86159E-24 1.60231E-10 1.18607E-07
 5.05368E-06 7.50083E-09 3.37405E-09 1.92145E-09 7.14139E-09 5.89095E-09 4.36632E-06 2.17755E-08
 8.15664E-07 3.09936E-14 4.00216E-14 4.96502E-12 9.77523E-11 1.09430E-12 7.18629E-15 7.41043E-15
 4.68520E-17 1.05772E-17 3.11151E-24 1.37386E-23 5.91058E-14 1.30279E-13 1.76308E-11 2.38372E-13
 7.61588E-10 3.83153E-21 1.26932E-24 1.00542E-24 5.80627E-17 1.58339E-15 5.05283E-16 9.36055E-24
 1.54277E-10 1.40436E-07 4.81209E-06 8.39748E-09 3.68577E-09 1.97864E-09 6.01182E-09 9.01915E-09
 4.60227E-06 1.81119E-08 9.45499E-07 2.37264E-14 3.15407E-14 4.71592E-12 9.68926E-11 9.65899E-13
 5.76599E-15 5.39586E-15 3.34958E-17 7.84679E-18 1.51638E-24 6.11574E-24 5.78370E-14 9.52428E-14
 1.82957E-11 1.87069E-13 7.60868E-10 1.93670E-21 1.43154E-24 1.20521E-24 6.27874E-17 1.60318E-15
 4.78862E-16 1.10575E-23 1.47176E-10 1.68007E-07 4.56163E-06 9.31271E-09 3.96922E-09 1.98772E-09
 5.09357E-09 1.37654E-08 4.84456E-06 1.51054E-08 1.09004E-06 1.78276E-14 2.45305E-14 4.49573E-12
 9.60069E-11 8.30097E-13 4.58121E-15 3.80770E-15 2.30897E-17 5.70098E-18 7.06765E-25 2.76220E-24
 5.67356E-14 6.91526E-14 1.90629E-11 1.47877E-13 7.60014E-10 9.60701E-22 1.58647E-24 1.43705E-24
 6.83345E-17 1.61990E-15 4.54575E-16 1.29602E-23 1.39579E-10 2.03083E-07 4.30443E-06 1.02339E-08
 4.21448E-09 1.94914E-09 4.33951E-09 2.09633E-08 5.09089E-06 1.26500E-08 1.25016E-06 1.31029E-14
 1.87543E-14 4.30068E-12 9.50791E-11 6.93848E-13 3.60519E-15 2.60643E-15 1.53352E-17 4.05783E-18
 3.15548E-25 1.26095E-24 5.57802E-14 4.98009E-14 1.99515E-11 1.17507E-13 7.59011E-10 4.66771E-22
 1.73367E-24 1.71169E-24 7.48345E-17 1.63347E-15 4.32352E-16 1.50711E-23 1.31937E-10 2.47975E-07
 4.04307E-06 1.11445E-08 4.41194E-09 1.86881E-09 3.71252E-09 3.18699E-08 5.33826E-06 1.06507E-08
 1.42669E-06 9.38789E-15 1.40332E-14 4.12760E-12 9.40946E-11 5.63520E-13 2.80988E-15 1.73321E-15
 9.80773E-18 2.82985E-18 1.36213E-25 5.79315E-25 5.49516E-14 3.55275E-14 2.09867E-11 9.36576E-14
 7.57839E-10 2.21631E-22 1.87629E-24 2.04459E-24 8.24603E-17 1.64382E-15 4.12097E-16 1.73871E-23
 1.24262E-10 3.05143E-07 3.78055E-06 1.20375E-08 4.55751E-09 1.76066E-09 3.17778E-09 4.83437E-08
 5.58292E-06 9.02540E-09 1.62032E-06 6.54172E-15 1.02443E-14 3.97376E-12 9.30394E-11 4.45156E-13
 2.17201E-15 1.12523E-15 6.05838E-18 1.93464E-18 6.47793E-26 2.67877E-25 5.42332E-14 2.52025E-14
 2.22199E-11 7.48696E-14 7.56447E-10 1.03057E-22 2.03003E-24 2.45977E-24 9.12695E-17 1.65098E-15
 3.93696E-16 1.98824E-23 1.15340E-10 3.71650E-07 3.51983E-06 1.31703E-08 4.72678E-09 1.64938E-09
 2.66704E-09 7.35831E-08 5.82030E-06 7.70537E-09 1.83158E-06 4.42643E-15 7.32636E-15 3.83683E-12
 9.18956E-11 3.48755E-13 1.70264E-15 7.24660E-16 3.69590E-18 1.30688E-18 2.39695E-26 1.29289E-25
 5.36105E-14 1.82980E-14 2.38010E-11 6.11641E-14 7.54684E-10 4.82450E-23 2.25643E-24 3.05600E-24
 9.93584E-17 1.65698E-15 3.77024E-16 2.24530E-23 1.03160E-10 4.43174E-07 3.25784E-06 1.62119E-08
 5.32659E-09 1.54055E-09 2.12772E-09 1.23932E-07 6.04430E-06 6.63405E-09 2.06188E-06 2.83803E-15
 5.09608E-15 3.71484E-12 9.06502E-11 2.79615E-13 1.47735E-15 4.67192E-16 2.27686E-18 8.97976E-19
 9.25492E-27 7.13476E-26 5.30723E-14 1.41256E-14 2.60746E-11 5.38195E-14 7.52206E-10 2.34199E-23
 2.62077E-24 4.34241E-24 9.91113E-17 1.66956E-15 3.61945E-16 2.52757E-23 9.63813E-11 9.16717E-07
 2.95812E-06 1.75444E-08 5.36198E-09 1.25905E-09 2.49530E-09 3.06898E-07 6.23953E-06 5.76573E-09
 2.31876E-06 1.53077E-15 2.44315E-15 3.60608E-12 8.93939E-11 1.37762E-13 1.12256E-15 2.54752E-16
 9.94152E-19 5.72284E-19 2.85752E-27 1.89074E-26 5.26159E-14 7.85294E-15 2.90816E-11 3.16219E-14
 7.48995E-10 6.88569E-24 2.32260E-24 5.24936E-24 1.19056E-16 1.66034E-15 3.48291E-16 3.05782E-23
 9.69567E-11 5.48299E-06 2.59578E-06 6.20553E-09 2.28694E-09 7.37414E-10 7.17428E-09 7.62349E-07
 6.36656E-06 5.03542E-09 2.61522E-06 8.06098E-16 7.12009E-16 3.50512E-12 8.79630E-11 1.90166E-14
 3.25655E-16 1.13765E-16 2.61892E-19 1.62789E-19 6.45791E-28 1.78671E-27 5.22169E-14 2.35751E-15
 3.46481E-11 9.89066E-15 7.43197E-10 1.00935E-24 8.22660E-25 2.23030E-24 3.16065E-16 1.47294E-15
 3.35444E-16 3.44927E-23 6.89770E-11 2.30640E-05 2.25527E-06 2.21572E-09 8.40349E-10 4.00219E-10
 1.71564E-08 1.28197E-06 6.43362E-06 4.39456E-09 2.93552E-06 4.48638E-16 3.40863E-16 3.40698E-12
 8.61957E-11 2.84888E-15 8.51940E-17 5.03144E-17 6.67452E-20 2.81449E-20 1.39866E-28 4.50568E-28
 5.18239E-14 6.63210E-16 4.70438E-11 6.67102E-15 7.30503E-10 8.73723E-26 2.09199E-25 6.39514E-25
 6.25227E-16 1.17267E-15 3.22918E-16 2.50430E-23 3.88299E-11 6.15162E-05 1.95013E-06 1.11011E-09
 3.82991E-10 2.13188E-10 2.92769E-08 1.78667E-06 6.46970E-06 3.83056E-09 3.27311E-06 2.54771E-16
 2.28264E-16 3.31101E-12 8.41729E-11 9.29321E-16 2.84962E-17 2.22318E-17 1.70908E-20 8.44479E-21
 3.02613E-29 2.21630E-28 5.14249E-14 1.91737E-16 6.39234E-11 5.68849E-15 7.13270E-10 4.72819E-27
 4.66813E-26 2.14287E-25 8.82219E-16 9.23944E-16 3.10655E-16 1.60983E-23 2.12241E-11 1.27359E-04
 1.68056E-06 6.69244E-10 2.00383E-10 1.12214E-10 4.16267E-08 2.25106E-06 6.48901E-06 3.33545E-09
 3.62680E-06 1.45940E-16 1.81295E-16 3.21714E-12 8.19239E-11 5.37946E-16 1.16734E-17 9.81795E-18
 4.39598E-21 4.27843E-21 6.54567E-30 1.26373E-28 5.10173E-14 5.92516E-17 8.34249E-11 5.07554E-15
 6.93354E-10 2.48611E-28 9.61293E-27 8.16566E-26 1.05673E-15 7.57017E-16 2.98649E-16 1.00868E-23
 1.25830E-11 2.26165E-04 1.44413E-06 4.48229E-10 1.14322E-10 5.84098E-11 5.31245E-08 2.66664E-06
 6.49874E-06 2.90167E-09 3.99718E-06 8.39614E-17 1.57385E-16 3.12529E-12 7.94731E-11 3.96231E-16
 5.39298E-18 4.33353E-18 1.13514E-21 2.71623E-21 1.41945E-30 7.35516E-29 5.05992E-14 2.00914E-17
 1.04378E-10 4.55714E-15 6.71916E-10 3.84536E-29 1.87260E-27 3.43061E-26 1.16673E-15 6.53813E-16
 2.86884E-16 6.35300E-24 8.17065E-12 3.62791E-04 1.23767E-06 3.19896E-10 6.91500E-11 3.00729E-11
 6.31276E-08 3.03248E-06 6.50271E-06 2.52216E-09 4.38556E-06 4.84154E-17 1.43686E-16 3.03540E-12
 7.68453E-11 3.14988E-16 2.66894E-18 1.91168E-18 2.94399E-22 1.84968E-21 3.08448E-31 4.25160E-29
 5.01694E-14 7.54811E-18 1.26050E-10 4.07443E-15 6.49676E-10 1.34488E-29 3.51493E-28 1.55996E-26
 1.23705E-15 5.89385E-16 2.75347E-16 4.07409E-24 5.69203E-12 5.41544E-04 1.05790E-06 2.37585E-10
 4.36265E-11 1.53228E-11 7.12780E-08 3.35116E-06 6.50301E-06 2.19038E-09 4.79366E-06 2.79384E-17
 1.35270E-16 2.94740E-12 7.40632E-11 2.55915E-16 1.37686E-18 8.42198E-19 7.67568E-23 1.28355E-21
 6.72714E-32 2.42658E-29 4.97261E-14 3.12069E-18 1.47954E-10 3.61657E-15 6.27108E-10 5.54658E-30
 6.47889E-29 7.58162E-27 1.28682E-15 5.44478E-16 2.64018E-16 2.67364E-24 4.36332E-12 7.65569E-04
 9.02131E-07 1.83661E-10 2.87413E-11 7.75601E-12 8.01636E-08 3.62598E-06 6.50092E-06 1.90129E-09
 5.22216E-06 1.61230E-17 1.29891E-16 2.86145E-12 7.11548E-11 2.11699E-16 7.57867E-19 3.70160E-19
 2.01621E-23 9.24269E-22 1.47546E-32 1.48065E-29 4.92689E-14 1.44104E-18 1.69676E-10 3.26099E-15
 6.04612E-10 2.64555E-30 1.22862E-29 3.94813E-27 1.32839E-15 5.06603E-16 2.52911E-16 1.81825E-24
 3.63270E-12 1.03753E-03 7.68265E-07 1.45834E-10 1.95842E-11 3.92538E-12 8.98980E-08 3.86052E-06
 6.49735E-06 1.65109E-09 5.67056E-06 9.32342E-18 1.26441E-16 2.77799E-12 6.81616E-11 1.76799E-16
 4.38059E-19 1.62680E-19 5.38493E-24 6.82711E-22 3.29018E-33 9.50335E-30 4.87981E-14 7.35802E-19
 1.90837E-10 2.96856E-15 5.82551E-10 1.40892E-30 2.54469E-30 2.17584E-27 1.36688E-15 4.70472E-16
 2.42067E-16 1.27482E-24 3.01478E-12 1.36202E-03 6.53511E-07 1.14984E-10 1.34414E-11 1.98855E-12
 9.47482E-08 4.05988E-06 6.49271E-06 1.43477E-09 6.14137E-06 5.40635E-18 1.24265E-16 2.69689E-12
 6.51165E-11 1.45221E-16 2.45430E-19 7.16199E-20 1.47663E-24 4.85298E-22 7.58108E-34 5.51526E-30
 4.83110E-14 3.83560E-19 2.11281E-10 2.60904E-15 5.61060E-10 6.98119E-31 5.85210E-31 1.22964E-27
 1.40396E-15 4.34265E-16 2.31460E-16 8.98675E-25 2.68330E-12 1.74217E-03 5.55318E-07 9.21871E-11
 9.46704E-12 1.01156E-12 1.01010E-07 4.22869E-06 6.48734E-06 1.24781E-09 6.63702E-06 3.14212E-18
 1.22881E-16 2.61803E-12 6.20475E-11 1.20423E-16 1.42249E-19 3.15404E-20 4.20881E-25 3.55259E-22
 1.85185E-34 3.37059E-30 4.78044E-14 2.09415E-19 2.30878E-10 2.32023E-15 5.40244E-10 3.83060E-31
 1.57721E-31 7.24153E-28 1.44046E-15 3.96998E-16 2.21059E-16 6.49406E-25 2.33513E-12 2.18219E-03
 4.71536E-07 7.26664E-11 6.66447E-12 5.16838E-13 1.01165E-07 4.37129E-06 6.48146E-06 1.08641E-09
 7.16028E-06 1.83249E-18 1.21986E-16 2.54127E-12 5.89976E-11 9.80006E-17 7.87173E-20 1.39295E-20
 1.26082E-25 2.48916E-22 4.91173E-35 1.83535E-30 4.72748E-14 1.11904E-19 2.49548E-10 1.98365E-15
 5.20152E-10 1.90230E-31 4.80944E-32 4.31635E-28 1.47634E-15 3.58541E-16 2.10833E-16 4.68542E-25
 2.11112E-12 2.68544E-03 4.00048E-07 5.74428E-11 4.76336E-12 2.65421E-13 1.00787E-07 4.49162E-06
 6.47510E-06 9.46827E-10 7.71477E-06 1.07119E-18 1.21339E-16 2.46632E-12 5.59946E-11 7.99596E-17
 4.38409E-20 6.15666E-21 4.01609E-26 1.76287E-22 1.45192E-35 1.00329E-30 4.67169E-14 6.02143E-20
 2.67257E-10 1.69175E-15 5.00783E-10 9.83881E-32 1.65168E-32 2.63884E-28 1.51059E-15 3.19709E-16
 2.00730E-16 3.42653E-25 1.96265E-12 3.25326E-03 3.39367E-07 4.52759E-11 3.44421E-12 1.37362E-13
 9.90557E-08 4.59301E-06 6.46861E-06 8.26533E-10 8.30159E-06 6.28781E-19 1.20780E-16 2.39320E-12
 5.30907E-11 6.52445E-17 2.44004E-20 2.72947E-21 1.37323E-26 1.25260E-22 4.82675E-36 5.41514E-31
 4.61267E-14 3.25169E-20 2.83906E-10 1.42967E-15 4.82200E-10 5.18631E-32 6.23386E-33 1.64666E-28
 1.54226E-15 2.81225E-16 1.90734E-16 2.52952E-25 1.72388E-12 3.89038E-03 2.87835E-07 3.47620E-11
 2.46804E-12 7.14525E-14 9.03698E-08 4.67855E-06 6.46175E-06 7.22609E-10 8.92547E-06 3.70626E-19
 1.20189E-16 2.32149E-12 5.03298E-11 5.20685E-17 1.26785E-20 1.21570E-21 4.92241E-27 8.40899E-23
 1.68749E-36 2.50777E-31 4.54967E-14 1.65510E-20 2.99515E-10 1.15067E-15 4.64329E-10 2.35107E-32
 2.38831E-33 1.02554E-28 1.57077E-15 2.43400E-16 1.80774E-16 1.84610E-25 1.52611E-12 4.59943E-03
 2.43985E-07 2.65548E-11 1.78318E-12 3.73050E-14 8.10842E-08 4.75053E-06 6.45405E-06 6.32483E-10
 9.59109E-06 2.18980E-19 1.19482E-16 2.25075E-12 4.77327E-11 4.15660E-17 6.51049E-21 5.42668E-22
 1.83391E-27 5.64656E-23 6.09441E-37 1.12614E-31 4.48187E-14 8.20336E-21 3.14092E-10 9.15783E-16
 4.47108E-10 1.06279E-32 9.32341E-34 6.47343E-29 1.59441E-15 2.07668E-16 1.70782E-16 1.35390E-25
 1.36672E-12 5.37912E-03 2.06796E-07 2.01904E-11 1.29902E-12 1.95704E-14 7.16144E-08 4.81101E-06
 6.44546E-06 5.54444E-10 1.02995E-05 1.29757E-19 1.18600E-16 2.18089E-12 4.53327E-11 3.32248E-17
 3.32932E-21 2.42930E-22 7.06065E-28 3.79635E-23 2.24991E-37 4.94934E-32 4.40862E-14 4.01522E-21
 3.27552E-10 7.21234E-16 4.30564E-10 4.81048E-33 3.72174E-34 4.13932E-29 1.61205E-15 1.74860E-16
 1.60733E-16 9.97203E-26 1.23617E-12 6.22670E-03 1.75370E-07 1.52747E-11 9.54061E-13 1.03285E-14
 6.22593E-08 4.86184E-06 6.43591E-06 4.87012E-10 1.10513E-05 7.71827E-20 1.17504E-16 2.11184E-12
 4.31609E-11 2.66218E-17 1.69698E-21 1.09200E-22 2.79194E-28 2.55846E-23 8.42396E-38 2.12787E-32
 4.32923E-14 1.94813E-21 3.39811E-10 5.61946E-16 4.14718E-10 2.18037E-33 1.51913E-34 2.68005E-29
 1.62295E-15 1.45396E-16 1.50610E-16 7.37339E-26 1.08690E-12 7.13996E-03 1.48855E-07 1.14032E-11
 7.00136E-13 5.47949E-15 5.19161E-08 4.90421E-06 6.42482E-06 4.28739E-10 1.18481E-05 4.61008E-20
 1.16159E-16 2.04338E-12 4.12422E-11 2.11851E-17 8.38596E-22 4.93595E-23 1.11279E-28 1.68328E-23
 3.10618E-38 8.43527E-33 4.24286E-14 9.15324E-22 3.50812E-10 4.26267E-16 3.99553E-10 9.19399E-34
 6.18327E-35 1.74052E-29 1.62662E-15 1.19384E-16 1.40384E-16 5.42320E-26 9.35476E-13 8.11506E-03
 1.26476E-07 8.43517E-12 5.14444E-13 2.91784E-15 4.18809E-08 4.93846E-06 6.41101E-06 3.78296E-10
 1.26922E-05 2.76236E-20 1.14541E-16 1.97524E-12 3.95724E-11 1.68029E-17 4.04942E-22 2.24181E-23
 4.43354E-29 1.08978E-23 1.11969E-38 3.13094E-33 4.14862E-14 4.16352E-22 3.60495E-10 3.16703E-16
 3.85051E-10 3.67376E-34 2.49394E-35 1.13542E-29 1.62260E-15 9.69502E-17 1.30036E-16 3.97499E-26
 8.39281E-13 9.13996E-03 1.07679E-07 6.28133E-12 3.84507E-13 1.56361E-15 3.42305E-08 4.96518E-06
 6.39399E-06 3.34791E-10 1.35798E-05 1.66159E-20 1.12634E-16 1.90754E-12 3.81288E-11 1.35342E-17
 2.01278E-22 1.02314E-23 1.79839E-29 7.29015E-24 4.09234E-39 1.20830E-33 4.04606E-14 1.90899E-22
 3.68727E-10 2.37223E-16 3.71282E-10 1.58306E-34 1.03560E-35 7.55890E-30 1.61065E-15 7.80605E-17
 1.19608E-16 2.94911E-26 7.51391E-13 1.02005E-02 9.19808E-08 4.65986E-12 2.88787E-13 8.44489E-16
 2.73581E-08 4.98502E-06 6.37338E-06 2.97445E-10 1.45061E-05 1.00474E-20 1.10422E-16 1.84034E-12
 3.69058E-11 1.09100E-17 9.97395E-23 4.70200E-24 7.38788E-30 4.84804E-24 1.50223E-39 4.51554E-34
 3.93469E-14 8.72385E-23 3.75383E-10 1.75297E-16 3.58298E-10 6.67634E-35 4.38432E-36 5.07610E-30
 1.59086E-15 6.23545E-17 1.09150E-16 2.18774E-26 6.81545E-13 1.12788E-02 7.89481E-08 3.46104E-12
 2.18909E-13 4.60428E-16 2.16384E-08 4.99780E-06 6.34819E-06 2.65532E-10 1.54650E-05 6.11381E-21
 1.07894E-16 1.77374E-12 3.58829E-11 8.84626E-18 4.97990E-23 2.17719E-24 3.08192E-30 3.24744E-24
 5.56778E-40 1.66933E-34 3.81423E-14 3.99632E-23 3.80352E-10 1.28750E-16 3.46149E-10 2.84439E-35
 1.90451E-36 3.45411E-30 1.56344E-15 4.94564E-17 9.87295E-17 1.62978E-26 6.36792E-13 1.23508E-02
 6.82397E-08 2.58671E-12 1.68189E-13 2.54374E-16 1.71211E-08 5.00361E-06 6.31794E-06 2.38497E-10
 1.64463E-05 3.75521E-21 1.05048E-16 1.70796E-12 3.50408E-11 7.24730E-18 2.54146E-23 1.01762E-24
 1.31539E-30 2.21735E-24 2.11009E-40 6.26801E-35 3.68470E-14 1.85678E-23 3.83517E-10 9.46267E-17
 3.34901E-10 1.26417E-35 8.60288E-37 2.39276E-30 1.52869E-15 3.89908E-17 8.84483E-17 1.22434E-26
 5.96284E-13 1.33905E-02 5.95564E-08 1.93779E-12 1.29945E-13 1.43127E-16 1.32531E-08 5.00202E-06
 6.28166E-06 2.15824E-10 1.74390E-05 2.34219E-21 1.01882E-16 1.64314E-12 3.43690E-11 5.94110E-18
 1.29895E-23 4.81798E-25 5.70294E-31 1.50488E-24 8.07055E-41 2.27908E-35 3.54618E-14 8.63922E-24
 3.84786E-10 6.86678E-17 3.24592E-10 5.50631E-36 3.99306E-37 1.67512E-30 1.48693E-15 3.06342E-17
 7.84078E-17 9.20095E-27 5.67653E-13 1.43669E-02 5.26620E-08 1.46587E-12 1.01414E-13 8.32444E-17
 1.01458E-08 4.99196E-06 6.23790E-06 1.97095E-10 1.84298E-05 1.50520E-21 9.84070E-17 1.57954E-12
 3.38494E-11 4.89677E-18 6.73676E-24 2.33332E-25 2.51928E-31 1.02814E-24 3.12447E-41 8.19325E-36
 3.39920E-14 4.04299E-24 3.84086E-10 4.95340E-17 3.15270E-10 2.42301E-36 1.91480E-37 1.19081E-30
 1.43860E-15 2.41139E-17 6.87334E-17 6.94735E-27 5.43787E-13 1.52471E-02 4.73721E-08 1.12478E-12
 7.96583E-14 5.21157E-17 7.60577E-09 4.97201E-06 6.18486E-06 1.81964E-10 1.94040E-05 1.03062E-21
 9.46395E-17 1.51742E-12 3.34656E-11 4.03815E-18 3.53912E-24 1.19904E-25 1.14639E-31 6.98464E-25
 1.22825E-41 2.85726E-36 3.24456E-14 1.91899E-24 3.81368E-10 3.53266E-17 3.06968E-10 1.04779E-36
 9.57994E-38 8.56936E-31 1.38417E-15 1.92610E-17 5.95500E-17 5.25052E-27 5.32264E-13 1.59956E-02
 4.35604E-08 8.90420E-13 6.32548E-14 3.85604E-17 5.67989E-09 4.94042E-06 6.12055E-06 1.70181E-10
 2.03447E-05 8.01279E-22 9.06123E-17 1.45713E-12 3.31975E-11 3.34694E-18 1.98346E-24 7.37597E-26
 5.97463E-32 4.77663E-25 5.44769E-42 1.02251E-36 3.08357E-14 1.03189E-24 3.76612E-10 2.52433E-17
 2.99731E-10 4.66014E-37 5.56708E-38 6.27210E-31 1.32419E-15 1.60392E-17 5.09896E-17 3.98865E-27
 2.85150E+02 2.78650E+02 2.72150E+02 2.65660E+02 2.61170E+02 2.55680E+02 2.49190E+02 2.42700E+02
 2.36210E+02 2.25000E+02 2.10000E+02 2.10000E+02 2.10000E+02 2.10000E+02 2.10000E+02 2.10000E+02
 2.14000E+02 2.14000E+02 2.16650E+02 2.16650E+02 2.16650E+02 2.17580E+02 2.18570E+02 2.19570E+02
 2.20560E+02 2.21550E+02 2.22540E+02 2.23540E+02 2.24530E+02 2.25520E+02 2.26510E+02 2.27500E+02
 2.28490E+02 2.30970E+02 2.33740E+02 2.36510E+02 2.39280E+02 2.37000E+02 2.35000E+02 2.33000E+02
 2.30000E+02 2.27000E+02 2.24000E+02 2.22000E+02 2.20000E+02 2.18000E+02 2.16000E+02 2.14000E+02
 2.12000E+02 2.10000E+02 2.09000E+02 2.08000E+02 2.07000E+02 2.06000E+02 2.05000E+02 2.04000E+02
 2.03000E+02 2.02000E+02 2.01000E+02 2.00000E+02 2.00000E+02 2.00000E+02 2.00000E+02 2.00000E+02
 2.00000E+02 2.00000E+02 2.00000E+02 2.00000E+02 2.00000E+02 2.00000E+02 2.00000E+02 2.00000E+02
 2.00000E+02 2.00000E+02 2.00000E+02 2.00000E+02 2.00000E+02 2.00000E+02 2.00000E+02 1.98600E+02
 1.96000E+02 1.94700E+02 1.92000E+02 1.90800E+02 1.89000E+02 1.86900E+02 1.86900E+02 1.86900E+02
 1.86900E+02 1.86900E+02 1.88000E+02 1.90000E+02 1.91000E+02 1.92500E+02 1.94000E+02 1.95000E+02
 1.96500E+02 1.98000E+02 2.00000E+02 2.02000E+02 1.00000E+05 1.00000E+05 1.00000E+05 1.00000E+05
 1.00000E+05 1.00000E+05 1.00000E+05 1.00000E+05 1.00000E+05 8.94400E+04 4.89900E+04 2.25800E+04
 1.16600E+04 6.81200E+03 5.16500E+03 4.29000E+03 3.95000E+03 3.90000E+03 3.99900E+03 4.34300E+03
 4.84400E+03 5.43900E+03 6.18700E+03 7.03600E+03 7.98400E+03 8.98600E+03 1.00300E+04 1.12800E+04
 1.24900E+04 1.36300E+04 1.51300E+04 1.66900E+04 1.81800E+04 1.99800E+04 2.19800E+04 2.44500E+04
 2.74600E+04 3.04600E+04 3.39400E+04 3.79500E+04 4.19500E+04 4.64300E+04 5.19100E+04 5.84000E+04
 6.44500E+04 7.13600E+04 7.99000E+04 8.79100E+04 9.68700E+04 1.06900E+05 1.17800E+05 1.31800E+05
 1.48300E+05 1.65800E+05 1.83300E+05 2.01800E+05 2.25600E+05 2.52200E+05 2.77200E+05 3.07000E+05
 3.42100E+05 3.79500E+05 4.21900E+05 4.71700E+05 5.17400E+05 5.67400E+05 6.22400E+05 6.82600E+05
 7.48700E+05 8.21200E+05 9.00700E+05 9.87900E+05 1.00000E+06 1.00000E+06 1.00000E+06 1.00000E+06
 1.00000E+06 1.00000E+06 1.00000E+06 1.00000E+06 1.00000E+06 1.00000E+06 1.00000E+06 1.00000E+06
 1.00000E+06 1.00000E+06 1.00000E+06 1.00000E+06 1.00000E+06 1.00000E+06 1.00000E+06 1.00000E+06
 1.00000E+06 1.00000E+06 1.00000E+06 1.00000E+06 1.00000E+06 1.00000E+06 1.00000E+06 1.00000E+06
 2.42824E+19 2.20835E+19 2.00395E+19 1.81422E+19 1.62671E+19 1.46121E+19 1.31447E+19 1.17922E+19
 1.05482E+19 9.58990E+18 8.82176E+18 7.53337E+18 6.43347E+18 5.49443E+18 4.69268E+18 4.00812E+18
 3.36461E+18 2.88255E+18 2.44179E+18 2.09610E+18 1.79945E+18 1.53875E+18 1.31642E+18 1.12702E+18
 9.65639E+17 8.27976E+17 7.10459E+17 6.10038E+17 5.24214E+17 4.50785E+17 3.87916E+17 3.34049E+17
 2.87862E+17 2.46745E+17 2.11615E+17 1.81823E+17 1.56508E+17 1.37632E+17 1.20754E+17 1.05832E+17
 9.30270E+16 8.16366E+16 7.15197E+16 6.22866E+16 5.41802E+16 4.70710E+16 4.08436E+16 3.53950E+16
 3.06335E+16 2.64776E+16 2.27538E+16 1.95405E+16 1.67695E+16 1.43815E+16 1.23249E+16 1.05550E+16
 9.03285E+15 7.72464E+15 6.60110E+15 5.63684E+15 4.78779E+15 4.06683E+15 3.45461E+15 2.93470E+15
 2.49316E+15 2.11816E+15 1.79966E+15 1.52912E+15 1.29933E+15 1.10412E+15 9.38282E+14 7.97396E+14
 6.77699E+14 5.75998E+14 4.89585E+14 4.16156E+14 3.53758E+14 3.00731E+14 2.55666E+14 2.18772E+14
 1.88056E+14 1.60347E+14 1.37494E+14 1.16801E+14 9.94138E+13 8.46127E+13 7.11499E+13 5.98325E+13
 5.03179E+13 4.23186E+13 3.54026E+13 2.95209E+13 2.47827E+13 2.07756E+13 1.74411E+13 1.46968E+13
 1.23668E+13 1.04204E+13 8.77198E+12 7.39734E+12 7.14328E-11 8.69745E-11 1.19739E-10 1.60789E-10
 2.05845E-10 2.51281E-10 2.93959E-10 3.32089E-10 3.64965E-10 3.93747E-10 4.25076E-10 4.68330E-10
 5.13233E-10 5.47342E-10 5.55920E-10 5.35992E-10 4.95776E-10 4.46778E-10 3.96996E-10 3.51229E-10
 3.11879E-10 2.78640E-10 2.50744E-10 2.27428E-10 2.07854E-10 1.90558E-10 1.74244E-10 1.58797E-10
 1.44175E-10 1.30195E-10 1.16927E-10 1.04478E-10 9.27587E-11 8.17746E-11 7.15973E-11 6.22978E-11
 5.39485E-11 4.65198E-11 3.99338E-11 3.41348E-11 2.90297E-11 2.45337E-11 2.06134E-11 1.72316E-11
 1.43059E-11 1.17707E-11 9.60556E-12 7.76413E-12 6.20000E-12 4.88779E-12 3.77399E-12 2.87974E-12
 2.17338E-12 1.61824E-12 1.18351E-12 8.47910E-13 5.97326E-13 4.13293E-13 2.78663E-13 1.83284E-13
 1.17645E-13 7.34330E-14 4.45442E-14 2.62920E-14 1.49173E-14 8.11048E-15 4.21292E-15 2.08334E-15
 9.77359E-16 4.33356E-16 1.80844E-16 7.07039E-17 2.36840E-17 6.52327E-18 1.42620E-18 2.37452E-19
 2.86708E-20 2.37032E-21 1.25387E-22 3.94121E-24 6.71656E-26 5.47278E-28 1.86954E-30 2.22849E-33
 7.59870E-37 5.79798E-41 7.16808E-46 1.01323E-51 1.08111E-58 5.31062E-67 6.49559E-77 9.48132E-89
 1.00000-100 1.00000-100 1.00000-100 1.00000-100 1.00000-100 1.00000-100 1.00000-100 1.00000-100
 2.38788E+01 2.08029E+01 2.12003E+01 2.18587E+01 2.30143E+01 2.36013E+01 2.34012E+01 2.27389E+01
 2.15389E+01 2.04244E+01 1.98079E+01 1.73357E+01 1.59544E+01 1.43067E+01 1.22598E+01 9.98402E+00
 7.71194E+00 6.64429E+00 5.70496E+00 5.34917E+00 5.17898E+00 5.05501E+00 5.08634E+00 5.24496E+00
 5.55504E+00 4.48847E+00 3.48414E+00 2.69925E+00 2.08691E+00 1.60663E+00 1.23215E+00 9.40772E-01
 7.14773E-01 5.33387E-01 3.95042E-01 2.91502E-01 2.14602E-01 1.63477E-01 1.23543E-01 9.28791E-02
 6.98880E-02 5.22290E-02 3.87336E-02 2.83045E-02 2.05135E-02 1.47188E-02 1.04598E-02 7.35327E-03
 5.10042E-03 3.48746E-03 2.31380E-03 1.51599E-03 9.81709E-04 6.26721E-04 3.92705E-04 2.40910E-04
 1.45209E-04 8.58977E-05 4.94767E-05 2.77777E-05 1.50815E-05 7.96283E-06 4.08573E-06 2.03988E-06
 9.78967E-07 4.50208E-07 1.97801E-07 8.27327E-08 3.28365E-08 1.23253E-08 4.35408E-09 1.44070E-09
 4.08250E-10 9.50927E-11 1.75761E-11 2.47322E-12 2.52374E-13 1.76338E-14 7.88388E-16 2.12058E-17
 3.12184E-19 2.16796E-21 6.38621E-24 6.46176E-27 1.87889E-30 1.22417E-34 1.26552E-39 1.49593E-45
 1.33488E-52 5.48439E-61 5.55342E-71 6.64842E-83 5.88668E-95 4.93486E-95 4.14281E-95 3.49095E-95
 2.93751E-95 2.47518E-95 2.08362E-95 1.75710E-95 0.00000E+00 0.00000E+00 0.00000E+00 0.00000E+00
 0.00000E+00 0.00000E+00 0.00000E+00 0.00000E+00 0.00000E+00 0.00000E+00 0.00000E+00 0.00000E+00
 0.00000E+00 0.00000E+00 0.00000E+00 0.00000E+00 0.00000E+00 0.00000E+00 0.00000E+00 0.00000E+00
 0.00000E+00 0.00000E+00 0.00000E+00 0.00000E+00 0.00000E+00 0.00000E+00 0.00000E+00 0.00000E+00
 0.00000E+00 0.00000E+00 0.00000E+00 0.00000E+00 0.00000E+00 0.00000E+00 0.00000E+00 0.00000E+00
 0.00000E+00 0.00000E+00 0.00000E+00 0.00000E+00 0.00000E+00 0.00000E+00 0.00000E+00 0.00000E+00
 0.00000E+00 0.00000E+00 0.00000E+00 0.00000E+00 0.00000E+00 0.00000E+00 0.00000E+00 0.00000E+00
 0.00000E+00 0.00000E+00 0.00000E+00 0.00000E+00 0.00000E+00 0.00000E+00 0.00000E+00 0.00000E+00
 0.00000E+00 0.00000E+00 0.00000E+00 0.00000E+00 0.00000E+00 0.00000E+00 0.00000E+00 0.00000E+00
 0.00000E+00 0.00000E+00 0.00000E+00 0.00000E+00 0.00000E+00 0.00000E+00 0.00000E+00 0.00000E+00
 0.00000E+00 0.00000E+00 0.00000E+00 0.00000E+00 0.00000E+00 0.00000E+00 0.00000E+00 0.00000E+00
 0.00000E+00 0.00000E+00 0.00000E+00 0.00000E+00 0.00000E+00 0.00000E+00 0.00000E+00 0.00000E+00
 0.00000E+00 0.00000E+00 0.00000E+00 0.00000E+00 0.00000E+00 0.00000E+00 0.00000E+00 0.00000E+00
 0.00000E+00 0.00000E+00 0.00000E+00 0.00000E+00 0.00000E+00 0.00000E+00 0.00000E+00 0.00000E+00
 0.00000E+00 0.00000E+00 0.00000E+00 0.00000E+00 0.00000E+00 0.00000E+00 0.00000E+00 0.00000E+00
 0.00000E+00 0.00000E+00 0.00000E+00 0.00000E+00 0.00000E+00 0.00000E+00 0.00000E+00 0.00000E+00
 0.00000E+00 0.00000E+00 0.00000E+00 0.00000E+00 0.00000E+00 0.00000E+00 0.00000E+00 0.00000E+00
 0.00000E+00 0.00000E+00 0.00000E+00 0.00000E+00 0.00000E+00 0.00000E+00 0.00000E+00 0.00000E+00
 0.00000E+00 0.00000E+00 0.00000E+00 0.00000E+00 0.00000E+00 0.00000E+00 0.00000E+00 0.00000E+00
 0.00000E+00 0.00000E+00 0.00000E+00 0.00000E+00 0.00000E+00 0.00000E+00 0.00000E+00 0.00000E+00
 0.00000E+00 0.00000E+00 0.00000E+00 0.00000E+00 0.00000E+00 0.00000E+00 0.00000E+00 0.00000E+00
 0.00000E+00 0.00000E+00 0.00000E+00 0.00000E+00 0.00000E+00 0.00000E+00 0.00000E+00 0.00000E+00
 0.00000E+00 0.00000E+00 0.00000E+00 0.00000E+00 0.00000E+00 0.00000E+00 0.00000E+00 0.00000E+00
 0.00000E+00 0.00000E+00 0.00000E+00 0.00000E+00 0.00000E+00 0.00000E+00 0.00000E+00 0.00000E+00
 0.00000E+00 0.00000E+00 0.00000E+00 0.00000E+00 0.00000E+00 0.00000E+00 0.00000E+00 0.00000E+00
 0.00000E+00 0.00000E+00 0.00000E+00 0.00000E+00 7.53333E-04 8.22948E-04 9.03396E-04 9.93636E-04
 1.07760E-03 1.17183E-03 1.28184E-03 1.40469E-03 1.54787E-03 1.72950E-03 1.96027E-03 2.22411E-03
 2.49663E-03 2.81954E-03 3.19904E-03 3.64683E-03 4.14444E-03 4.54592E-03 4.96062E-03 5.28552E-03
 5.59784E-03 5.93516E-03 6.25738E-03 6.57145E-03 6.86613E-03 7.87957E-03 9.15881E-03 1.06398E-02
 1.23512E-02 1.43299E-02 1.66123E-02 1.92496E-02 2.22880E-02 2.58510E-02 2.99590E-02 3.46596E-02
 4.00296E-02 4.58067E-02 5.25175E-02 6.02833E-02 6.91966E-02 7.95510E-02 9.16460E-02 1.05947E-01
 1.22655E-01 1.42186E-01 1.65071E-01 1.91914E-01 2.23449E-01 2.60571E-01 3.04641E-01 3.56431E-01
 4.17337E-01 4.89020E-01 5.73455E-01 6.72940E-01 7.90303E-01 9.28866E-01 1.09260E+00 1.28622E+00
 1.51676E+00 1.78857E+00 2.10904E+00 2.48688E+00 2.93234E+00 3.45753E+00 4.07673E+00 4.80674E+00
 5.66673E+00 6.67877E+00 7.87144E+00 9.27771E+00 1.09370E+01 1.28943E+01 1.52036E+01 1.79281E+01
 2.11409E+01 2.49285E+01 2.93937E+01 3.45992E+01 4.07208E+01 4.80996E+01 5.67926E+01 6.73212E+01
 7.98369E+01 9.48081E+01 1.13008E+02 1.34694E+02 1.60533E+02 1.91315E+02 2.28244E+02 2.72528E+02
 3.22825E+02 3.81915E+02 4.51229E+02 5.32611E+02 6.27919E+02 7.39352E+02 8.69246E+02 1.02034E+03
 0.00000E+00 0.00000E+00 0.00000E+00 0.00000E+00 0.00000E+00 0.00000E+00 0.00000E+00 0.00000E+00
 0.00000E+00 0.00000E+00 0.00000E+00 0.00000E+00 0.00000E+00 0.00000E+00 0.00000E+00 0.00000E+00
 0.00000E+00 0.00000E+00 0.00000E+00 0.00000E+00 0.00000E+00 0.00000E+00 0.00000E+00 0.00000E+00
 0.00000E+00 0.00000E+00 0.00000E+00 0.00000E+00 0.00000E+00 0.00000E+00 0.00000E+00 0.00000E+00
 0.00000E+00 0.00000E+00 0.00000E+00 0.00000E+00 0.00000E+00 0.00000E+00 0.00000E+00 0.00000E+00
 0.00000E+00 0.00000E+00 0.00000E+00 0.00000E+00 0.00000E+00 0.00000E+00 0.00000E+00 0.00000E+00
 0.00000E+00 0.00000E+00 0.00000E+00 0.00000E+00 0.00000E+00 0.00000E+00 0.00000E+00 0.00000E+00
 0.00000E+00 0.00000E+00 0.00000E+00 0.00000E+00 0.00000E+00 0.00000E+00 0.00000E+00 0.00000E+00
 0.00000E+00 0.00000E+00 0.00000E+00 0.00000E+00 0.00000E+00 0.00000E+00 0.00000E+00 0.00000E+00
 0.00000E+00 0.00000E+00 0.00000E+00 0.00000E+00 0.00000E+00 0.00000E+00 0.00000E+00 0.00000E+00
 0.00000E+00 0.00000E+00 0.00000E+00 0.00000E+00 0.00000E+00 0.00000E+00 0.00000E+00 0.00000E+00
 0.00000E+00 0.00000E+00 0.00000E+00 0.00000E+00 0.00000E+00 0.00000E+00 0.00000E+00 0.00000E+00
 0.00000E+00 0.00000E+00 0.00000E+00 0.00000E+00 0.00000E+00 0.00000E+00 0.00000E+00 0.00000E+00
 0.00000E+00 0.00000E+00 0.00000E+00 0.00000E+00 0.00000E+00 0.00000E+00 0.00000E+00 0.00000E+00
 0.00000E+00 0.00000E+00 0.00000E+00 0.00000E+00 0.00000E+00 0.00000E+00 0.00000E+00 0.00000E+00
 0.00000E+00 0.00000E+00 0.00000E+00 0.00000E+00 0.00000E+00 0.00000E+00 0.00000E+00 0.00000E+00
 0.00000E+00 0.00000E+00 0.00000E+00 0.00000E+00 0.00000E+00 0.00000E+00 0.00000E+00 0.00000E+00
 0.00000E+00 0.00000E+00 0.00000E+00 0.00000E+00 0.00000E+00 0.00000E+00 0.00000E+00 0.00000E+00
 0.00000E+00 0.00000E+00 0.00000E+00 0.00000E+00 0.00000E+00 0.00000E+00 0.00000E+00 0.00000E+00
 0.00000E+00 0.00000E+00 0.00000E+00 0.00000E+00 0.00000E+00 0.00000E+00 0.00000E+00 0.00000E+00
 0.00000E+00 0.00000E+00 0.00000E+00 0.00000E+00 0.00000E+00 0.00000E+00 0.00000E+00 0.00000E+00
 0.00000E+00 0.00000E+00 0.00000E+00 0.00000E+00 0.00000E+00 0.00000E+00 0.00000E+00 0.00000E+00
 0.00000E+00 0.00000E+00 0.00000E+00 0.00000E+00 0.00000E+00 0.00000E+00 0.00000E+00 0.00000E+00
 0.00000E+00 0.00000E+00 0.00000E+00 0.00000E+00 0.00000E+00 0.00000E+00 0.00000E+00 0.00000E+00
 0.00000E+00 0.00000E+00 0.00000E+00 0.00000E+00 0.00000E+00 0.00000E+00 0.00000E+00 0.00000E+00
 1.93288E-05 1.93288E-05 1.93288E-05 1.93288E-05 1.93288E-05 1.93288E-05 1.93288E-05 1.93288E-05
 1.93288E-05 1.93288E-05 1.93288E-05 1.93288E-05 1.93288E-05 1.93288E-05 1.93288E-05 1.93288E-05
 1.90030E-05 1.82728E-05 1.73142E-05 1.61074E-05 1.48442E-05 1.36202E-05 1.24005E-05 1.12405E-05
 1.01280E-05 1.00000E-05 1.00000E-05 1.00000E-05 1.00000E-05 1.00000E-05 1.00000E-05 1.00000E-05
 1.00000E-05 1.00000E-05 1.00000E-05 1.00000E-05 1.00000E-05 1.00000E-05 1.00000E-05 1.00000E-05
 1.00000E-05 1.00000E-05 1.00000E-05 1.00000E-05 1.00000E-05 1.00000E-05 1.00000E-05 1.00000E-05
 1.00000E-05 1.00000E-05 1.00000E-05 1.00000E-05 1.00000E-05 1.00000E-05 1.00000E-05 1.00000E-05
 1.00000E-05 1.00000E-05 1.00000E-05 1.00000E-05 1.00000E-05 1.00000E-05 1.00000E-05 1.00000E-05
 1.00000E-05 1.00000E-05 1.00000E-05 1.00000E-05 1.00000E-05 1.00000E-05 1.00000E-05 1.00000E-05
 1.00000E-05 1.00000E-05 1.00000E-05 1.00000E-05 1.00000E-05 1.00000E-05 1.00000E-05 1.00000E-05
 1.00000E-05 1.00000E-05 1.00000E-05 1.00000E-05 1.00000E-05 1.00000E-05 1.00000E-05 1.00000E-05
 1.00000E-05 1.00000E-05 1.00000E-05 1.00000E-05 1.00000E-05 1.00000E-05 1.00000E-05 1.00000E-05
 1.00000E-05 1.00000E-05 1.00000E-05 1.00000E-05 0.00000E+00 0.00000E+00 0.00000E+00 0.00000E+00
 0.00000E+00 0.00000E+00 0.00000E+00 0.00000E+00 0.00000E+00 0.00000E+00 0.00000E+00 0.00000E+00
 0.00000E+00 0.00000E+00 0.00000E+00 0.00000E+00 0.00000E+00 0.00000E+00 0.00000E+00 0.00000E+00
 0.00000E+00 0.00000E+00 0.00000E+00 0.00000E+00 0.00000E+00 0.00000E+00 0.00000E+00 0.00000E+00
 0.00000E+00 0.00000E+00 0.00000E+00 0.00000E+00 0.00000E+00 0.00000E+00 0.00000E+00 0.00000E+00
 0.00000E+00 0.00000E+00 0.00000E+00 0.00000E+00 0.00000E+00 0.00000E+00 0.00000E+00 0.00000E+00
 0.00000E+00 0.00000E+00 0.00000E+00 0.00000E+00 0.00000E+00 0.00000E+00 0.00000E+00 0.00000E+00
 0.00000E+00 0.00000E+00 0.00000E+00 0.00000E+00 0.00000E+00 0.00000E+00 0.00000E+00 0.00000E+00
 0.00000E+00 0.00000E+00 0.00000E+00 0.00000E+00 0.00000E+00 0.00000E+00 0.00000E+00 0.00000E+00
 0.00000E+00 0.00000E+00 0.00000E+00 0.00000E+00 0.00000E+00 0.00000E+00 0.00000E+00 0.00000E+00
 0.00000E+00 0.00000E+00 0.00000E+00 0.00000E+00 0.00000E+00 0.00000E+00 0.00000E+00 0.00000E+00
 0.00000E+00 0.00000E+00 0.00000E+00 0.00000E+00 0.00000E+00 0.00000E+00 0.00000E+00 0.00000E+00
 0.00000E+00 0.00000E+00 0.00000E+00 0.00000E+00 0.00000E+00 0.00000E+00 0.00000E+00 0.00000E+00
 0.00000E+00 0.00000E+00 0.00000E+00 0.00000E+00 0.00000E+00 0.00000E+00 0.00000E+00 0.00000E+00
 0.00000E+00 0.00000E+00 0.00000E+00 0.00000E+00 0.00000E+00 0.00000E+00 0.00000E+00 0.00000E+00
 0.00000E+00 0.00000E+00 0.00000E+00 0.00000E+00 0.00000E+00 0.00000E+00 0.00000E+00 0.00000E+00
 0.00000E+00 0.00000E+00 0.00000E+00 0.00000E+00 0.00000E+00 0.00000E+00 0.00000E+00 0.00000E+00
 0.00000E+00 0.00000E+00 0.00000E+00 0.00000E+00 0.00000E+00 0.00000E+00 0.00000E+00 0.00000E+00
 0.00000E+00 0.00000E+00 0.00000E+00 0.00000E+00 0.00000E+00 0.00000E+00 0.00000E+00 0.00000E+00
 0.00000E+00 0.00000E+00 0.00000E+00 0.00000E+00 0.00000E+00 0.00000E+00 0.00000E+00 0.00000E+00
 0.00000E+00 0.00000E+00 0.00000E+00 0.00000E+00 0.00000E+00 0.00000E+00 0.00000E+00 0.00000E+00
 0.00000E+00 0.00000E+00 0.00000E+00 0.00000E+00 0.00000E+00 0.00000E+00 0.00000E+00 0.00000E+00
 0.00000E+00 0.00000E+00 0.00000E+00 0.00000E+00 0.00000E+00 0.00000E+00 0.00000E+00 0.00000E+00
 0.00000E+00 0.00000E+00 0.00000E+00 0.00000E+00 0.00000E+00 0.00000E+00 0.00000E+00 0.00000E+00
 0.00000E+00 0.00000E+00 0.00000E+00 0.00000E+00 0.00000E+00 0.00000E+00 0.00000E+00 0.00000E+00
 0.00000E+00 0.00000E+00 0.00000E+00 0.00000E+00
