 8.88770E-11 4.09033E-15 1.12652E-02 9.15672E-14 1.37568E-11 1.11737E-09 3.20707E-09 1.63975E-18
 1.91272E-07 7.84024E-07 5.96798E-08 4.82145E-10 6.08924E-12 2.86182E-09 1.29496E-12 1.48211E-12
 8.74970E-15 1.08171E-11 4.14289E-14 3.73684E-16 2.85379E-19 1.42273E-22 2.64798E-10 1.97034E-13
 2.12386E-17 1.62364E-14 9.10165E-12 4.17594E-14 1.21553E-12 4.83825E-17 3.11651E-17 2.03547E-11
 2.27221E-12 4.65643E-14 9.70256E-11 7.57290E-15 7.24385E-03 1.29003E-13 1.46510E-11 1.15818E-09
 4.97795E-09 1.98792E-18 1.91618E-07 7.77974E-07 4.93434E-08 4.87707E-10 6.92933E-12 2.81460E-09
 1.47410E-12 1.72036E-12 1.26374E-14 1.65084E-11 1.13201E-13 6.77430E-16 9.81508E-19 7.33375E-22
 2.49317E-10 3.26372E-13 3.81881E-17 2.73549E-14 1.38162E-11 7.44313E-14 1.10238E-12 4.25207E-17
 8.36561E-17 3.20004E-11 4.64920E-12 4.43762E-14 1.01789E-10 1.52444E-14 4.50302E-03 1.83342E-13
 1.55457E-11 1.15297E-09 8.43803E-09 2.42738E-18 1.91948E-07 7.72305E-07 4.04804E-08 4.63470E-10
 7.67722E-12 2.76378E-09 1.63216E-12 2.01084E-12 1.78541E-14 2.36879E-11 3.21969E-13 1.29109E-15
 3.66371E-18 6.19488E-21 2.34817E-10 6.64279E-13 6.96284E-17 5.80969E-14 1.96807E-11 1.54227E-13
 9.61974E-13 3.27056E-17 1.76214E-16 3.89664E-11 7.43536E-12 3.85211E-14 9.95277E-11 3.00001E-14
 2.58794E-03 2.41234E-13 1.57785E-11 1.07146E-09 1.40482E-08 2.76898E-18 1.92250E-07 7.67138E-07
 3.31161E-08 4.05811E-10 7.80365E-12 2.70938E-09 1.83815E-12 2.35202E-12 2.36884E-14 3.06336E-11
 8.99308E-13 2.26788E-15 1.35084E-17 5.84052E-20 2.21624E-10 1.36429E-12 1.16597E-16 1.28301E-13
 2.53005E-11 3.26743E-13 8.61515E-13 2.43025E-17 3.30750E-16 4.30141E-11 1.01412E-11 3.38004E-14
 9.74290E-11 5.76834E-14 1.73334E-03 3.34570E-13 1.67634E-11 9.72945E-10 2.21334E-08 3.47664E-18
 1.92515E-07 7.62506E-07 2.70804E-08 3.47120E-10 8.13240E-12 2.65127E-09 1.99042E-12 2.73537E-12
 3.10241E-14 3.65844E-11 1.93703E-12 3.83350E-15 4.01975E-17 4.05252E-19 2.09842E-10 2.72970E-12
 1.86465E-16 2.71533E-13 2.98953E-11 6.40795E-13 7.76802E-13 1.98559E-17 5.55751E-16 4.53320E-11
 1.29692E-11 2.96323E-14 8.89927E-11 1.04831E-13 1.04214E-03 4.22196E-13 1.68979E-11 8.49671E-10
 3.34931E-08 4.05767E-18 1.92759E-07 7.58556E-07 2.23225E-08 2.81896E-10 7.71326E-12 2.58953E-09
 2.15125E-12 3.07115E-12 3.72398E-14 4.00261E-11 4.24981E-12 5.76512E-15 1.14735E-16 2.55924E-18
 1.99843E-10 4.71852E-12 2.63499E-16 5.08846E-13 3.29390E-11 1.11158E-12 7.44471E-13 1.65837E-17
 9.47684E-16 4.78476E-11 1.54028E-11 2.74118E-14 7.51213E-11 1.79786E-13 5.55008E-04 4.82655E-13
 1.59994E-11 7.08330E-10 4.85549E-08 4.36176E-18 1.92989E-07 7.55341E-07 1.87088E-08 2.17433E-10
 6.70006E-12 2.52483E-09 2.26892E-12 3.23398E-12 3.99106E-14 4.01410E-11 8.04592E-12 7.70376E-15
 3.07414E-16 1.52406E-17 1.91795E-10 7.02349E-12 3.33584E-16 8.52323E-13 3.45038E-11 1.68673E-12
 7.64791E-13 1.43760E-17 1.68371E-15 5.16473E-11 1.71580E-11 2.69957E-14 6.10227E-11 2.95589E-13
 2.85590E-04 5.30497E-13 1.47370E-11 5.67637E-10 6.72335E-08 4.58447E-18 1.93202E-07 7.52769E-07
 1.60497E-08 1.61057E-10 5.55527E-12 2.45806E-09 2.51905E-12 3.49617E-12 4.31415E-14 3.83362E-11
 1.14601E-11 9.81968E-15 8.23277E-16 7.55304E-17 1.85547E-10 9.15879E-12 3.96703E-16 1.27728E-12
 3.51400E-11 2.36247E-12 8.12957E-13 1.32094E-17 2.99425E-15 5.63780E-11 1.81893E-11 2.73426E-14
 4.77439E-11 4.67625E-13 1.41570E-04 5.70505E-13 1.33164E-11 4.32247E-10 8.91291E-08 4.81591E-18
 1.93396E-07 7.50716E-07 1.41970E-08 1.12601E-10 4.36538E-12 2.39042E-09 3.12370E-12 4.09394E-12
 5.07430E-14 3.59072E-11 1.32717E-11 1.25153E-14 2.46017E-15 3.05859E-16 1.80869E-10 1.04290E-11
 4.54305E-16 1.69967E-12 3.56572E-11 3.20870E-12 8.72056E-13 1.27543E-17 5.17579E-15 6.05366E-11
 1.79365E-11 2.77672E-14 3.06561E-11 6.60405E-13 3.84851E-05 4.74898E-13 9.14796E-12 2.76138E-10
 1.14555E-07 3.40684E-18 1.93583E-07 7.48982E-07 1.30130E-08 6.33162E-11 2.54976E-12 2.32045E-09
 4.79835E-12 5.14609E-12 6.06698E-14 3.21300E-11 1.32877E-11 1.65422E-14 1.06451E-14 2.28567E-15
 1.77379E-10 9.41331E-12 5.29331E-16 2.13300E-12 3.72351E-11 4.68024E-12 9.16507E-13 1.09911E-17
 9.54996E-15 6.07171E-11 1.46990E-11 2.73672E-14 1.57505E-11 8.83077E-13 5.43164E-06 3.32519E-13
 4.67639E-12 1.35413E-10 1.49336E-07 1.71762E-18 1.93803E-07 7.46776E-07 1.21280E-08 2.52673E-11
 1.03119E-12 2.22796E-09 8.20606E-12 6.53082E-12 7.14031E-14 2.68383E-11 1.06722E-11 2.32454E-14
 3.28191E-14 1.60582E-14 1.73612E-10 6.73465E-12 6.95627E-16 2.58469E-12 4.01451E-11 7.11459E-12
 1.58229E-13 1.54819E-18 1.17657E-14 3.79550E-11 8.30487E-12 4.59296E-15 1.28497E-11 1.73285E-12
 3.64163E-06 3.82603E-13 4.50614E-12 7.31832E-11 2.06746E-07 2.17792E-18 1.94184E-07 7.42224E-07
 1.11745E-08 1.57372E-11 9.67394E-13 2.06326E-09 9.11544E-12 8.09275E-12 7.19687E-14 2.39675E-11
 9.21819E-12 3.12792E-14 4.70192E-14 2.33339E-14 1.66787E-10 7.42558E-12 8.13981E-16 3.55420E-12
 4.36084E-11 8.80099E-12 1.44212E-14 1.35538E-19 6.96173E-15 1.91339E-11 3.83437E-12 3.46017E-16
 1.40607E-11 3.53618E-12 3.46715E-06 5.41297E-13 5.35180E-12 6.25832E-11 2.94077E-07 3.57123E-18
 1.94929E-07 7.32128E-07 1.02528E-08 1.62328E-11 1.22603E-12 1.77105E-09 8.17261E-12 8.69183E-12
 7.18252E-14 2.30198E-11 7.76221E-12 4.41576E-14 5.54878E-14 5.00349E-14 1.53669E-10 1.24164E-11
 1.12170E-15 5.97536E-12 4.69905E-11 1.10700E-11 5.63069E-16 5.34563E-21 2.57542E-15 6.27429E-12
 1.37019E-12 1.04834E-17 1.59488E-11 6.87518E-12 3.09197E-06 7.77943E-13 6.29184E-12 6.18247E-11
 3.90288E-07 6.24730E-18 1.96214E-07 7.12451E-07 9.93507E-09 1.68755E-11 1.51896E-12 1.34946E-09
 7.42415E-12 8.96316E-12 7.36273E-14 2.18791E-11 6.09347E-12 5.91117E-14 5.76948E-14 1.06878E-13
 1.32392E-10 2.06748E-11 1.85033E-15 1.00878E-11 5.38163E-11 1.30335E-11 1.00010E-17 1.04120E-22
 5.98205E-16 1.24512E-12 3.20214E-13 1.48034E-19 1.72854E-11 1.21890E-11 2.42594E-06 1.06300E-12
 6.86995E-12 5.40596E-11 4.58469E-07 1.10408E-17 1.98008E-07 6.81275E-07 1.06088E-08 1.53452E-11
 1.71209E-12 8.94778E-10 7.56255E-12 9.26681E-12 8.02659E-14 1.98137E-11 4.48538E-12 7.08407E-14
 5.22168E-14 1.81000E-13 1.05719E-10 2.86234E-11 3.33384E-15 1.52764E-11 6.68735E-11 1.33571E-11
 9.71410E-20 1.25814E-24 1.02097E-16 1.66302E-13 4.88094E-14 1.23462E-21 1.30366E-11 1.70053E-11
 1.45629E-06 1.28526E-12 5.81581E-12 3.64222E-11 4.99777E-07 1.46889E-17 2.00051E-07 6.41279E-07
 1.17736E-08 9.00978E-12 1.23995E-12 5.28362E-10 8.14052E-12 8.38188E-12 9.51503E-14 1.63864E-11
 2.66442E-12 8.50670E-14 4.43704E-14 4.07560E-13 7.98871E-11 3.62702E-11 6.14391E-15 2.21664E-11
 7.69810E-11 1.40822E-11 6.11597E-22 1.26516E-26 1.78785E-17 1.66628E-14 5.52347E-15 8.84241E-24
 1.40493E-11 2.61116E-11 1.54969E-06 2.04135E-12 6.72872E-12 3.26603E-11 4.50006E-07 3.16092E-17
 2.02218E-07 5.93340E-07 1.21855E-08 7.09118E-12 1.30970E-12 2.88751E-10 8.74568E-12 7.74077E-12
 1.25200E-13 1.51064E-11 1.66963E-12 7.68294E-14 2.51970E-14 4.51955E-13 5.60679E-11 4.39936E-11
 1.21178E-14 2.82361E-11 9.10424E-11 9.94360E-12 2.69863E-24 4.02956E-28 2.07242E-18 1.24902E-15
 5.33005E-16 1.71630E-25 1.45273E-11 3.80915E-11 1.65336E-06 3.22279E-12 7.48002E-12 2.74810E-11
 3.60168E-07 6.67933E-17 2.04547E-07 5.40136E-07 1.20140E-08 5.12987E-12 1.31740E-12 1.52637E-10
 9.28265E-12 6.59529E-12 1.61175E-13 1.31330E-11 9.27720E-13 5.96532E-14 1.13688E-14 4.09199E-13
 3.66104E-11 4.66514E-11 2.40159E-14 3.28249E-11 1.07416E-10 5.84437E-12 9.25507E-27 3.75517E-29
 1.98142E-19 7.39057E-17 4.19608E-17 9.29926E-27 1.44463E-11 5.42825E-11 1.75999E-06 4.95561E-12
 8.13561E-12 2.28201E-11 2.71091E-07 1.39094E-16 2.07276E-07 4.85215E-07 1.15718E-08 3.58274E-12
 1.28044E-12 8.25866E-11 9.38008E-12 5.14353E-12 1.91607E-13 1.04843E-11 4.68972E-13 4.04632E-14
 4.16882E-15 3.09079E-13 2.24542E-11 4.44862E-11 4.61895E-14 3.51588E-11 1.24487E-10 2.92826E-12
 4.05760E-29 3.56875E-30 1.57807E-20 3.71041E-18 2.79240E-18 5.15571E-28 1.38792E-11 7.54524E-11
 1.86200E-06 7.26763E-12 8.88801E-12 2.00103E-11 2.03338E-07 2.82758E-16 2.10792E-07 4.32175E-07
 1.11962E-08 2.55374E-12 1.21255E-12 4.78874E-11 8.98091E-12 3.74943E-12 2.04951E-13 7.67654E-12
 2.30160E-13 2.50486E-14 1.33625E-15 2.05394E-13 1.31694E-11 4.00651E-11 8.28125E-14 3.54099E-11
 1.39705E-10 1.32503E-12 1.12039E-30 3.09738E-31 1.09175E-21 1.72922E-19 1.71505E-19 2.81938E-29
 1.30356E-11 1.02151E-10 1.95335E-06 1.01503E-11 9.89546E-12 1.89401E-11 1.56866E-07 5.58094E-16
 2.15490E-07 3.83849E-07 1.10348E-08 1.91018E-12 1.13024E-12 3.02524E-11 8.27246E-12 2.63686E-12
 1.99963E-13 5.28682E-12 1.15348E-13 1.48823E-14 4.07048E-16 1.27907E-13 7.56299E-12 3.55470E-11
 1.37117E-13 3.43762E-11 1.51702E-10 5.75872E-13 7.68975E-32 2.69944E-32 7.26785E-23 8.40323E-21
 1.83147E-20 1.69641E-30 1.20862E-11 1.34619E-10 2.03204E-06 1.36344E-11 1.12484E-11 1.91109E-11
 1.24523E-07 1.06883E-15 2.21745E-07 3.41057E-07 1.10894E-08 1.50066E-12 1.04446E-12 2.04561E-11
 7.45016E-12 1.83048E-12 1.82649E-13 3.51709E-12 6.01598E-14 8.75153E-15 1.23915E-16 7.76578E-14
 4.31445E-12 3.17010E-11 2.12461E-13 3.27095E-11 1.60805E-10 2.49324E-13 1.16139E-32 4.73718E-33
 9.39583E-24 8.49791E-22 1.51617E-20 2.19569E-31 1.11352E-11 1.72854E-10 2.09772E-06 1.78040E-11
 1.30139E-11 2.01828E-11 1.00812E-07 1.99001E-15 2.29846E-07 3.03827E-07 1.13270E-08 1.22817E-12
 9.61294E-13 1.44285E-11 6.64914E-12 1.27418E-12 1.60035E-13 2.30824E-12 3.28049E-14 5.17800E-15
 3.87404E-17 4.67026E-14 2.47062E-12 2.85538E-11 3.12722E-13 3.07357E-11 1.67860E-10 1.09471E-13
 1.07771E-32 4.89033E-33 6.94817E-24 5.18720E-22 1.54918E-20 1.73795E-31 1.02352E-11 2.16718E-10
 2.15096E-06 2.27926E-11 1.52627E-11 2.19979E-11 8.25337E-08 3.61357E-15 2.39994E-07 2.71785E-07
 1.17211E-08 1.03747E-12 8.83499E-13 1.04039E-11 5.93831E-12 8.98642E-13 1.37003E-13 1.51646E-12
 1.86922E-14 3.10998E-15 1.26203E-17 2.79009E-14 1.43164E-12 2.59234E-11 4.42076E-13 2.85872E-11
 1.73636E-10 4.91100E-14 1.70921E-32 8.29064E-33 8.27147E-24 5.31351E-22 1.54742E-20 2.30757E-31
 9.40175E-12 2.65948E-10 2.19293E-06 2.87742E-11 1.80789E-11 2.45141E-11 6.78901E-08 6.42022E-15
 2.52392E-07 2.44230E-07 1.22608E-08 8.96898E-13 8.11463E-13 7.56870E-12 5.33534E-12 6.45811E-13
 1.15910E-13 1.00572E-12 1.10941E-14 1.90385E-15 4.30829E-18 1.65119E-14 8.42713E-13 2.36174E-11
 6.04576E-13 2.63139E-11 1.78681E-10 2.25365E-14 2.83315E-32 1.43725E-32 9.93689E-24 5.68002E-22
 1.54321E-20 3.17015E-31 8.63208E-12 3.20238E-10 2.22492E-06 3.59498E-11 2.15579E-11 2.77476E-11
 5.58678E-08 1.11905E-14 2.67277E-07 2.20413E-07 1.29511E-08 7.87884E-13 7.44540E-13 5.51471E-12
 4.83451E-12 4.74339E-13 9.75327E-14 6.76253E-13 6.83238E-15 1.18997E-15 1.54349E-18 9.62575E-15
 5.04641E-13 2.14725E-11 8.03317E-13 2.39330E-11 1.83361E-10 1.05576E-14 4.71064E-32 2.46201E-32
 1.17250E-23 6.12778E-22 1.53817E-20 4.34097E-31 7.91546E-12 3.79307E-10 2.24803E-06 4.45269E-11
 2.58002E-11 3.17338E-11 4.58700E-08 1.91699E-14 2.84954E-07 1.99617E-07 1.38113E-08 6.99121E-13
 6.81703E-13 4.00742E-12 4.42076E-12 3.56608E-13 8.18397E-14 4.61833E-13 4.35013E-15 7.59791E-16
 5.80023E-19 5.49070E-15 3.07239E-13 1.93676E-11 1.03935E-12 2.14597E-11 1.87903E-10 5.03196E-15
 7.79031E-32 4.15154E-32 1.36410E-23 6.66029E-22 1.53224E-20 5.90695E-31 7.24526E-12 4.43134E-10
 2.26299E-06 5.46975E-11 3.08989E-11 3.64945E-11 3.75344E-08 3.23127E-14 3.05629E-07 1.81375E-07
 1.48674E-08 6.24003E-13 6.22447E-13 2.90483E-12 4.08238E-12 2.74928E-13 6.85801E-14 3.20792E-13
 2.85708E-15 4.96119E-16 2.28894E-19 3.04228E-15 1.90717E-13 1.72227E-11 1.31007E-12 1.89168E-11
 1.92433E-10 2.43302E-15 1.27382E-31 6.87619E-32 1.57416E-23 7.29834E-22 1.52522E-20 7.99513E-31
 6.61266E-12 5.11934E-10 2.27048E-06 6.66197E-11 3.69320E-11 4.20248E-11 3.06016E-08 5.36280E-14
 3.29589E-07 1.65202E-07 1.61489E-08 5.58230E-13 5.66205E-13 2.10172E-12 3.80542E-12 2.17631E-13
 5.73660E-14 2.26751E-13 1.93212E-15 3.31465E-16 9.49091E-20 1.62823E-15 1.20901E-13 1.50215E-11
 1.60917E-12 1.63588E-11 1.96956E-10 1.19067E-15 2.05072E-31 1.11730E-31 1.81293E-23 8.07168E-22
 1.51679E-20 1.07917E-30 6.00472E-12 5.86215E-10 2.27104E-06 8.04072E-11 4.39585E-11 4.82900E-11
 2.48657E-08 8.76763E-14 3.57464E-07 1.50500E-07 1.76933E-08 4.98654E-13 5.12127E-13 1.51439E-12
 3.57450E-12 1.76912E-13 4.78048E-14 1.62989E-13 1.34244E-15 2.26437E-16 4.12921E-20 8.39407E-16
 7.79809E-14 1.28063E-11 1.92765E-12 1.38662E-11 2.01378E-10 5.88635E-16 3.24366E-31 1.78128E-31
 2.09598E-23 9.02131E-22 1.50653E-20 1.45775E-30 5.41957E-12 6.67177E-10 2.26499E-06 9.61325E-11
 5.20132E-11 5.52157E-11 2.01615E-08 1.41331E-13 3.89544E-07 1.36976E-07 1.95315E-08 4.43814E-13
 4.60254E-13 1.08903E-12 3.38249E-12 1.47749E-13 3.96710E-14 1.19144E-13 9.57084E-16 1.58159E-16
 1.88518E-20 4.16280E-16 5.12857E-14 1.06478E-11 2.25385E-12 1.15170E-11 2.05575E-10 2.93780E-16
 5.03166E-31 2.78635E-31 2.44273E-23 1.01933E-21 1.49394E-20 1.97587E-30 4.85842E-12 7.56684E-10
 2.25264E-06 1.13842E-10 6.11133E-11 6.27005E-11 1.63376E-08 2.24910E-13 4.25957E-07 1.24398E-07
 2.16909E-08 3.92940E-13 4.10790E-13 7.84457E-13 3.22395E-12 1.26663E-13 3.27837E-14 8.84962E-14
 6.98734E-16 1.12830E-16 9.01429E-21 1.98797E-16 3.45193E-14 8.62996E-12 2.57591E-12 9.38076E-12
 2.09412E-10 1.47914E-16 7.64584E-31 4.27700E-31 2.87644E-23 1.16377E-21 1.47852E-20 2.69160E-30
 4.32087E-12 8.57343E-10 2.23412E-06 1.33560E-10 7.12672E-11 7.06372E-11 1.32535E-08 3.53919E-13
 4.67368E-07 1.12369E-07 2.42270E-08 3.45074E-13 3.63332E-13 5.65535E-13 3.09149E-12 1.11093E-13
 2.69593E-14 6.65804E-14 5.20264E-16 8.19442E-17 4.48489E-21 9.17458E-17 2.37210E-14 6.82694E-12
 2.88456E-12 7.50788E-12 2.12776E-10 7.49805E-17 1.13838E-30 6.44885E-31 3.42754E-23 1.34189E-21
 1.45957E-20 3.68983E-30 3.83518E-12 9.72678E-10 2.20952E-06 1.55336E-10 8.25015E-11 7.89483E-11
 1.07824E-08 5.51916E-13 5.14235E-07 1.00616E-07 2.72400E-08 2.99683E-13 3.17643E-13 4.08321E-13
 2.98059E-12 9.92959E-14 2.20653E-14 5.05742E-14 3.93438E-16 6.03843E-17 2.30529E-21 4.10683E-17
 1.66299E-14 5.28186E-12 3.17187E-12 5.91604E-12 2.15619E-10 3.81762E-17 1.66116E-30 9.55640E-31
 4.13092E-23 1.56021E-21 1.43640E-20 5.08963E-30 3.51551E-12 1.10667E-09 2.17902E-06 1.79358E-10
 9.49509E-11 8.77187E-11 8.80694E-09 8.55520E-13 5.66689E-07 8.89761E-08 3.09604E-08 2.56496E-13
 2.73509E-13 2.95856E-13 2.88812E-12 9.01474E-14 1.79968E-14 3.87146E-14 3.01391E-16 4.50541E-17
 1.21775E-21 1.78572E-17 1.19025E-14 4.00534E-12 3.42838E-12 4.59348E-12 2.17952E-10 1.94690E-17
 2.37889E-30 1.39275E-30 5.01980E-23 1.82375E-21 1.40849E-20 7.05227E-30 3.65548E-12 1.26250E-09
 2.14288E-06 2.06218E-10 1.09052E-10 9.74598E-11 7.21892E-09 1.32406E-12 6.24690E-07 7.73503E-08
 3.59080E-08 2.15349E-13 2.30629E-13 2.15527E-13 2.81106E-12 8.30562E-14 1.46655E-14 2.99233E-14
 2.34170E-16 3.40704E-17 6.61085E-22 7.51820E-18 8.69960E-15 2.98319E-12 3.63830E-12 3.50896E-12
 2.19836E-10 9.91858E-18 3.35944E-30 2.00123E-30 6.11050E-23 2.13352E-21 1.37572E-20 9.78793E-30
 4.76869E-12 1.44066E-09 2.10148E-06 2.37350E-10 1.25826E-10 1.09444E-10 5.92262E-09 2.05895E-12
 6.87743E-07 6.57943E-08 4.30307E-08 1.76515E-13 1.89154E-13 1.58353E-13 2.74668E-12 7.79050E-14
 1.19983E-14 2.35407E-14 1.85865E-16 2.62657E-17 3.72059E-22 3.04194E-18 6.50040E-15 2.18849E-12
 3.77932E-12 2.62740E-12 2.21358E-10 5.04467E-18 4.72394E-30 2.85042E-30 7.37234E-23 2.48267E-21
 1.33880E-20 1.35513E-29 7.37088E-12 1.63820E-09 2.05466E-06 2.75284E-10 1.47058E-10 1.25892E-10
 4.84433E-09 3.24054E-12 7.55849E-07 5.43912E-08 5.37974E-08 1.40518E-13 1.49740E-13 1.17340E-13
 2.69150E-12 7.48159E-14 9.91177E-15 1.90684E-14 1.52322E-16 2.08206E-17 2.20073E-22 1.17821E-18
 4.95291E-15 1.59102E-12 3.83772E-12 1.92465E-12 2.22584E-10 2.57048E-18 6.71405E-30 4.06313E-30
 8.72509E-23 2.86116E-21 1.29883E-20 1.86707E-29 1.14728E-11 1.85200E-09 2.00186E-06 3.23320E-10
 1.75111E-10 1.49734E-10 3.94058E-09 5.19193E-12 8.29043E-07 4.33891E-08 7.00177E-08 1.08307E-13
 1.13883E-13 8.76518E-14 2.64271E-12 7.38387E-14 8.30204E-15 1.60332E-14 1.29831E-16 1.70785E-17
 1.38118E-22 4.41381E-19 3.83634E-15 1.15863E-12 3.82929E-12 1.38646E-12 2.23547E-10 1.32350E-18
 9.76059E-30 5.84436E-30 1.00693E-22 3.26092E-21 1.25671E-20 2.55885E-29 1.62217E-11 2.08545E-09
 1.94280E-06 3.84508E-10 2.12249E-10 1.83780E-10 3.19335E-09 8.47707E-12 9.06682E-07 3.32674E-08
 9.33685E-08 8.08571E-14 8.33119E-14 6.61536E-14 2.59885E-12 7.46410E-14 7.04747E-15 1.39492E-14
 1.14617E-16 1.44701E-17 9.14602E-23 1.63913E-19 3.01929E-15 8.54826E-13 3.79586E-12 9.94379E-13
 2.24259E-10 6.94660E-19 1.44933E-29 8.48071E-30 1.13478E-22 3.67917E-21 1.21277E-20 3.48905E-29
 2.01775E-11 2.35255E-09 1.87666E-06 4.60396E-10 2.59773E-10 2.29619E-10 2.59256E-09 1.40365E-11
 9.88726E-07 2.44345E-08 1.25296E-07 5.83611E-14 5.86983E-14 5.04727E-14 2.55898E-12 7.64165E-14
 6.02757E-15 1.23579E-14 1.03096E-16 1.25107E-17 6.23981E-23 6.19045E-20 2.41066E-15 6.42077E-13
 3.77587E-12 7.19200E-13 2.24748E-10 3.72206E-19 2.16702E-29 1.23103E-29 1.26110E-22 4.12459E-21
 1.16609E-20 4.73977E-29 2.21200E-11 2.67488E-09 1.80267E-06 5.50639E-10 3.17494E-10 2.86660E-10
 2.12122E-09 2.33601E-11 1.07542E-06 1.71648E-08 1.66990E-07 4.05652E-14 3.98379E-14 3.89322E-14
 2.52266E-12 7.81298E-14 5.15297E-15 1.09187E-14 9.25058E-17 1.08449E-17 4.24800E-23 2.41404E-20
 1.95020E-15 4.89383E-13 3.78543E-12 5.28574E-13 2.25062E-10 2.02304E-19 3.19877E-29 1.76606E-29
 1.39877E-22 4.61116E-21 1.11514E-20 6.41952E-29 2.17363E-11 3.07576E-09 1.72103E-06 6.53627E-10
 3.83754E-10 3.51676E-10 1.75477E-09 3.87027E-11 1.16631E-06 1.15833E-08 2.19150E-07 2.71494E-14
 2.61468E-14 3.04364E-14 2.48995E-12 7.88627E-14 4.37582E-15 9.45947E-15 8.13309E-17 9.27465E-18
 2.80668E-23 9.76191E-21 1.60081E-15 3.75738E-13 3.82263E-12 3.95582E-13 2.25250E-10 1.10528E-19
 4.58041E-29 2.47738E-29 1.56114E-22 5.14696E-21 1.05899E-20 8.65362E-29 1.95697E-11 3.57836E-09
 1.63265E-06 7.67111E-10 4.55868E-10 4.19321E-10 1.46818E-09 6.33633E-11 1.26076E-06 7.57637E-09
 2.82261E-07 1.75790E-14 1.67213E-14 2.41862E-14 2.46073E-12 7.80279E-14 3.67720E-15 7.95301E-15
 6.92749E-17 7.73956E-18 1.76722E-23 4.08674E-21 1.33583E-15 2.88611E-13 3.87967E-12 3.01217E-13
 2.25352E-10 6.02326E-20 6.29214E-29 3.37585E-29 1.75930E-22 5.73152E-21 9.97573E-21 1.15771E-28
 1.64189E-11 4.20966E-09 1.53746E-06 8.87998E-10 5.30610E-10 4.83422E-10 1.24151E-09 1.02082E-10
 1.35945E-06 4.82861E-09 3.57944E-07 1.10440E-14 1.04602E-14 1.95237E-14 2.43424E-12 7.53873E-14
 3.04996E-15 6.45046E-15 5.68414E-17 6.26210E-18 1.04960E-23 1.76438E-21 1.13222E-15 2.20688E-13
 3.94986E-12 2.32915E-13 2.25394E-10 3.25523E-20 8.25679E-29 4.45852E-29 2.00544E-22 6.36332E-21
 9.30920E-21 1.53511E-28 1.30139E-11 5.00765E-09 1.43532E-06 1.01264E-09 6.04602E-10 5.37995E-10
 1.06090E-09 1.61692E-10 1.46318E-06 3.01084E-09 4.49388E-07 6.75107E-15 6.41818E-15 1.59941E-14
 2.40953E-12 7.09957E-14 2.49294E-15 5.03165E-15 4.48249E-17 4.90200E-18 5.85654E-24 7.81702E-22
 9.73514E-16 1.67414E-13 4.02970E-12 1.82443E-13 2.25393E-10 1.73716E-20 1.03326E-28 5.70075E-29
 2.31199E-22 7.03521E-21 8.59614E-21 2.01532E-28 9.91746E-12 6.03213E-09 1.32775E-06 1.13795E-09
 6.74727E-10 5.78019E-10 9.17262E-10 2.52405E-10 1.57099E-06 1.85624E-09 5.60923E-07 4.05259E-15
 3.89807E-15 1.33259E-14 2.38602E-12 6.51269E-14 2.00831E-15 3.77388E-15 3.39527E-17 3.72119E-18
 3.07621E-24 3.53419E-22 8.49878E-16 1.25708E-13 4.12007E-12 1.44358E-13 2.25355E-10 9.12381E-21
 1.23008E-28 7.04078E-29 2.68728E-22 7.72512E-21 7.85788E-21 2.61248E-28 7.35620E-12 7.39003E-09
 1.21536E-06 1.26027E-09 7.38049E-10 6.00069E-10 8.05704E-10 3.90333E-10 1.68272E-06 1.13862E-09
 7.01116E-07 2.40102E-15 2.35422E-15 1.12962E-14 2.36289E-12 5.81116E-14 1.59431E-15 2.71798E-15
 2.46727E-17 2.75046E-18 1.52532E-24 1.61612E-22 7.52628E-16 9.30825E-14 4.22320E-12 1.14869E-13
 2.25286E-10 4.68814E-21 1.38967E-28 8.37752E-29 3.14398E-22 8.41434E-21 7.11184E-21 3.34104E-28
 5.35253E-12 9.26958E-09 1.09832E-06 1.37523E-09 7.91625E-10 6.02064E-10 7.23448E-10 6.02327E-10
 1.79850E-06 6.96783E-10 8.84538E-07 1.40493E-15 1.41437E-15 9.74015E-15 2.33927E-12 5.02850E-14
 1.24647E-15 1.87345E-15 1.71472E-17 1.98983E-18 7.15639E-25 7.37735E-23 6.75022E-16 6.75486E-14
 4.34226E-12 9.13200E-14 2.25186E-10 2.33403E-21 1.48513E-28 9.57411E-29 3.70063E-22 9.08680E-21
 6.37213E-21 4.21495E-28 3.85558E-12 1.19804E-08 9.78066E-07 1.47879E-09 8.32632E-10 5.83351E-10
 6.67738E-10 9.34652E-10 1.91712E-06 4.27699E-10 1.13147E-06 8.12993E-16 8.46646E-16 8.55249E-15
 2.31457E-12 4.20236E-14 9.59630E-16 1.23136E-15 1.13435E-17 1.41818E-18 3.18616E-25 3.31228E-23
 6.12768E-16 4.76936E-14 4.48300E-12 7.19941E-14 2.25052E-10 1.11311E-21 1.49831E-28 1.04965E-28
 4.37810E-22 9.72142E-21 5.65778E-21 5.24076E-28 2.76801E-12 1.60172E-08 8.56132E-07 1.56589E-09
 8.58180E-10 5.44719E-10 6.35276E-10 1.46698E-09 2.03714E-06 2.64224E-10 1.47023E-06 4.63782E-16
 5.03615E-16 7.65101E-15 2.28818E-12 3.37351E-14 7.26831E-16 7.67371E-16 7.09596E-18 1.00045E-18
 1.34577E-25 1.44186E-23 5.62482E-16 3.25087E-14 4.65189E-12 5.58823E-14 2.24879E-10 5.02124E-22
 1.43038E-28 1.10838E-28 5.20797E-22 1.03006E-20 4.98323E-21 6.42032E-28 1.99607E-12 2.21440E-08
 7.35266E-07 1.63123E-09 8.65629E-10 4.88666E-10 6.21788E-10 2.33353E-09 2.15587E-06 1.65147E-10
 1.93366E-06 2.59534E-16 2.96421E-16 6.97644E-15 2.25972E-12 2.58740E-14 5.40968E-16 4.50959E-16
 4.16796E-18 6.99591E-19 5.37669E-26 6.03037E-24 5.21850E-16 2.12692E-14 4.85751E-12 4.25127E-14
 2.24662E-10 2.12157E-22 1.30238E-28 1.13922E-28 6.23315E-22 1.08055E-20 4.36304E-21 7.74512E-28
 1.45834E-12 3.15485E-08 6.18984E-07 1.66878E-09 8.52898E-10 4.19532E-10 6.22748E-10 3.75337E-09
 2.26979E-06 1.05124E-10 2.55415E-06 1.41466E-16 1.71461E-16 6.48156E-15 2.22901E-12 1.88739E-14
 3.94927E-16 2.48788E-16 2.28406E-18 4.83449E-19 2.01962E-26 2.41526E-24 4.89113E-16 1.33137E-14
 5.10953E-12 3.16450E-14 2.24390E-10 8.34611E-23 1.14377E-28 1.15675E-28 7.51693E-22 1.12186E-20
 3.80858E-21 9.19721E-28 1.08442E-12 4.62104E-08 5.09786E-07 1.66874E-09 8.18006E-10 3.42571E-10
 6.35379E-10 6.07476E-09 2.37627E-06 6.82966E-11 3.36589E-06 7.40865E-17 9.60512E-17 6.12301E-15
 2.19564E-12 1.30279E-14 2.81428E-16 1.27896E-16 1.15863E-18 3.27702E-19 7.01783E-27 9.23912E-25
 4.62524E-16 7.93705E-15 5.41602E-12 2.30174E-14 2.24057E-10 3.03696E-23 9.75902E-29 1.17477E-28
 9.17510E-22 1.15275E-20 3.32060E-21 1.07616E-27 8.20988E-13 6.97381E-08 4.09497E-07 1.61763E-09
 7.59137E-10 2.63489E-10 6.60337E-10 9.84392E-09 2.47324E-06 4.52040E-11 4.40362E-06 3.66341E-17
 5.11090E-17 5.86600E-15 2.15906E-12 8.44845E-15 1.94090E-16 6.05396E-17 5.37677E-19 2.15782E-19
 2.25569E-27 3.36160E-25 4.40557E-16 4.47247E-15 5.78718E-12 1.63257E-14 2.23653E-10 1.01215E-23
 8.05915E-29 1.19730E-28 1.14191E-21 1.17162E-20 2.89373E-21 1.24252E-27 6.30554E-13 1.09084E-07
 3.20168E-07 1.50480E-09 6.76980E-10 1.88964E-10 7.01558E-10 1.59212E-08 2.55822E-06 3.04072E-11
 5.69215E-06 1.68876E-17 2.54462E-17 5.68615E-15 2.11883E-12 5.10515E-15 1.28229E-16 2.60551E-17
 2.25181E-19 1.36580E-19 6.50908E-28 1.16471E-25 4.22095E-16 2.36902E-15 6.24803E-12 1.12981E-14
 2.23154E-10 3.06169E-24 6.35424E-29 1.21700E-28 1.45972E-21 1.17553E-20 2.52260E-21 1.41602E-27
 4.85795E-13 1.76806E-07 2.44348E-07 1.35594E-09 5.86250E-10 1.26704E-10 7.57681E-10 2.59832E-08
 2.62784E-06 2.08268E-11 7.22158E-06 7.28324E-18 1.18860E-17 5.56799E-15 2.07515E-12 2.89525E-15
 8.18732E-17 1.02763E-17 8.58817E-20 8.28370E-20 1.69706E-28 3.98616E-26 4.06496E-16 1.20833E-15
 6.89747E-12 7.77225E-15 2.22461E-10 8.56251E-25 4.79691E-29 1.24397E-28 1.89795E-21 1.16193E-20
 2.20568E-21 1.59405E-27 3.68326E-13 3.36548E-07 1.81819E-07 1.15477E-09 4.78813E-10 7.50606E-11
 9.10430E-10 4.67571E-08 2.67896E-06 1.45654E-11 8.95851E-06 2.84003E-18 4.88796E-18 5.49967E-15
 2.02870E-12 1.37825E-15 4.92129E-17 3.46514E-18 2.66888E-20 4.59296E-20 3.57227E-29 1.35655E-26
 3.93275E-16 5.77920E-16 8.26014E-12 5.33040E-15 2.21051E-10 1.98745E-25 3.11789E-29 1.21262E-28
 2.58812E-21 1.11801E-20 1.93966E-21 1.77487E-27 2.52483E-13 1.21286E-06 1.29864E-07 5.72834E-10
 2.34323E-10 2.87773E-11 1.90706E-09 9.09304E-08 2.70812E-06 1.03715E-11 1.08774E-05 9.70997E-19
 1.67398E-18 5.47078E-15 1.97922E-12 3.10018E-16 1.75457E-17 7.66850E-19 3.90725E-21 1.48796E-20
 3.73480E-30 5.07861E-27 3.81853E-16 1.90609E-16 1.23124E-11 3.83465E-15 2.16946E-10 2.23385E-26
 7.69771E-30 5.57774E-29 4.73984E-21 9.23614E-21 1.71633E-21 1.58880E-27 1.24141E-13 4.59285E-06
 9.16237E-08 2.26812E-10 8.49710E-11 9.14553E-12 4.50570E-09 1.40652E-07 2.72073E-06 7.50385E-12
 1.28624E-05 3.36293E-19 8.12484E-19 5.46878E-15 1.92614E-12 9.59128E-17 4.97444E-18 1.61527E-19
 5.01767E-22 5.09531E-21 3.76963E-31 3.38522E-27 3.71730E-16 5.89227E-17 2.01069E-11 3.69967E-15
 2.09095E-10 2.42545E-27 1.03228E-30 1.24831E-29 7.24962E-21 6.89618E-21 1.53106E-21 8.80512E-28
 5.47823E-14 1.17025E-05 6.50755E-08 1.17942E-10 3.71208E-11 2.89323E-12 7.86063E-09 1.81437E-07
 2.72610E-06 5.52426E-12 1.48320E-05 1.21819E-19 5.09706E-19 5.47694E-15 1.87109E-12 6.56506E-17
 1.79781E-18 3.68902E-20 8.19435E-23 3.19948E-21 6.25239E-32 2.42654E-27 3.62726E-16 2.09652E-17
 2.94913E-11 3.68708E-15 1.99650E-10 5.83257E-28 1.24987E-31 3.06966E-30 8.07656E-21 6.20660E-21
 1.37866E-21 4.28427E-28 2.66279E-14 2.30802E-05 4.67471E-08 7.32847E-11 1.88396E-11 9.41353E-13
 1.12280E-08 2.12285E-07 2.72830E-06 4.13699E-12 1.67671E-05 4.64044E-20 3.65396E-19 5.48200E-15
 1.81502E-12 5.33441E-17 7.78312E-19 9.38377E-21 1.83283E-23 2.27291E-21 1.89092E-32 1.61776E-27
 3.54701E-16 8.38689E-18 3.91602E-11 3.53997E-15 1.89917E-10 2.09196E-28 1.54382E-32 9.17987E-31
 8.01780E-21 6.37614E-21 1.25255E-21 2.15829E-28 1.46920E-14 3.90443E-05 3.40102E-08 5.00749E-11
 1.05173E-11 3.17130E-13 1.41986E-08 2.35059E-07 2.72901E-06 3.14888E-12 1.86650E-05 1.85908E-20
 2.86096E-19 5.47656E-15 1.75857E-12 4.42668E-17 3.71575E-19 2.69230E-21 5.27339E-24 1.62456E-21
 7.52522E-33 1.00462E-27 3.47529E-16 3.60453E-18 4.85573E-11 3.27953E-15 1.80453E-10 8.40789E-29
 2.06551E-33 3.26391E-31 7.78981E-21 6.69351E-21 1.14703E-21 1.17054E-28 8.97860E-15 5.97972E-05
 2.51155E-08 3.60234E-11 6.26393E-12 1.11329E-13 1.65407E-08 2.51722E-07 2.72900E-06 2.43771E-12
 2.05168E-05 7.85890E-21 2.40034E-19 5.45803E-15 1.70257E-12 3.67385E-17 1.87024E-19 8.76356E-22
 1.77081E-24 1.15444E-21 3.20253E-33 5.87967E-28 3.41139E-16 1.61905E-18 5.74158E-11 2.94908E-15
 1.71524E-10 3.56383E-29 3.15976E-34 1.33761E-31 7.65018E-21 6.90502E-21 1.05814E-21 6.84631E-29
 5.90681E-15 8.57537E-05 1.88045E-08 2.66388E-11 3.89995E-12 4.06496E-14 1.81980E-08 2.64036E-07
 2.72861E-06 1.91584E-12 2.23344E-05 3.49367E-21 2.12451E-19 5.42684E-15 1.64717E-12 3.04165E-17
 9.67999E-20 3.18913E-22 6.46834E-25 8.16158E-22 1.37621E-33 3.28015E-28 3.35400E-16 7.46421E-19
 6.57052E-11 2.58889E-15 1.63161E-10 1.55773E-29 5.71063E-35 6.10016E-32 7.64296E-21 6.97036E-21
 9.81969E-22 4.25843E-29 4.10018E-15 1.17515E-04 1.42422E-08 1.99884E-11 2.50660E-12 1.53557E-14
 1.91928E-08 2.73297E-07 2.72801E-06 1.52472E-12 2.41348E-05 1.62325E-21 1.95646E-19 5.38464E-15
 1.59233E-12 2.51226E-17 5.08215E-20 1.26447E-22 2.47615E-25 5.74823E-22 5.89727E-34 1.75840E-28
 3.30188E-16 3.49312E-19 7.34679E-11 2.22775E-15 1.55319E-10 6.93528E-30 1.22617E-35 3.01308E-32
 7.75546E-21 6.90509E-21 9.15517E-22 2.77725E-29 2.97559E-15 1.55451E-04 1.09131E-08 1.51141E-11
 1.65367E-12 6.00550E-15 1.95402E-08 2.80340E-07 2.72729E-06 1.22841E-12 2.59172E-05 7.87403E-22
 1.85408E-19 5.33396E-15 1.53850E-12 2.07140E-17 2.68863E-20 5.34411E-23 9.79276E-26 4.03807E-22
 2.51963E-34 9.09796E-29 3.25448E-16 1.65334E-19 8.06897E-11 1.88307E-15 1.48013E-10 3.12776E-30
 3.08899E-36 1.58912E-32 7.97161E-21 6.72687E-21 8.57153E-22 1.88326E-29 2.24412E-15 1.99815E-04
 8.46122E-09 1.14683E-11 1.11560E-12 2.43298E-15 1.92934E-08 2.85770E-07 2.72649E-06 1.00166E-12
 2.76806E-05 3.98133E-22 1.79187E-19 5.27737E-15 1.48612E-12 1.70598E-17 1.42753E-20 2.36268E-23
 3.97351E-26 2.83198E-22 1.07463E-34 4.55895E-29 3.21129E-16 7.89772E-20 8.73701E-11 1.56621E-15
 1.41242E-10 1.42416E-30 8.88651E-37 8.85529E-33 8.27563E-21 6.45273E-21 8.05644E-22 1.31894E-29
 1.75171E-15 2.50671E-04 6.63939E-09 8.70966E-12 7.67679E-13 1.02143E-15 1.85338E-08 2.90018E-07
 2.72563E-06 8.26555E-13 2.94240E-05 2.09415E-22 1.75410E-19 5.21717E-15 1.43559E-12 1.40419E-17
 7.58922E-21 1.07785E-23 1.64823E-26 1.98423E-22 4.58119E-35 2.21899E-29 3.17187E-16 3.80323E-20
 9.35171E-11 1.28367E-15 1.34999E-10 6.53491E-31 2.84204E-37 5.17314E-33 8.65288E-21 6.09825E-21
 7.60033E-22 9.48969E-30 1.41148E-15 3.07832E-04 5.27486E-09 6.61019E-12 5.37920E-13 4.44607E-16
 1.73615E-08 2.93392E-07 2.72474E-06 6.90245E-13 3.11457E-05 1.14356E-22 1.73107E-19 5.15519E-15
 1.38727E-12 1.15568E-17 4.03471E-21 5.02978E-24 6.97593E-27 1.38975E-22 1.95451E-35 1.05184E-29
 3.13581E-16 1.84562E-20 9.91434E-11 1.03810E-15 1.29269E-10 3.01929E-31 9.90312E-38 3.14939E-33
 9.08878E-21 5.67874E-21 7.19572E-22 6.98447E-30 1.17200E-15 3.70836E-04 4.24604E-09 5.00893E-12
 3.83333E-13 2.00897E-16 1.58875E-08 2.96111E-07 2.72381E-06 5.83444E-13 3.28432E-05 6.47487E-23
 1.71680E-19 5.09274E-15 1.34146E-12 9.51465E-18 2.14378E-21 2.39024E-24 3.00984E-27 9.73491E-23
 8.35627E-36 4.86736E-30 3.10274E-16 9.02708E-21 1.04266E-10 8.29312E-16 1.24037E-10 1.40419E-31
 3.71028E-38 1.98828E-33 9.56656E-21 5.21158E-21 6.83649E-22 5.23891E-30 1.00155E-15 4.38947E-04
 3.46697E-09 3.78831E-12 2.77531E-13 9.47500E-17 1.42265E-08 2.98331E-07 2.72285E-06 4.99389E-13
 3.45131E-05 3.80787E-23 1.70763E-19 5.03070E-15 1.29839E-12 7.83895E-18 1.13929E-21 1.15923E-24
 1.32734E-27 6.82282E-23 3.59510E-36 2.20557E-30 3.07233E-16 4.46327E-21 1.08906E-10 6.55294E-16
 1.19280E-10 6.57547E-32 1.48358E-38 1.29568E-33 1.00632E-20 4.72026E-21 6.51751E-22 3.98985E-30
 8.70364E-16 5.14105E-04 2.85275E-09 2.85688E-12 2.02844E-13 4.58971E-17 1.25511E-08 3.00233E-07
 2.72182E-06 4.30452E-13 3.62173E-05 2.29264E-23 1.70113E-19 4.96712E-15 1.25662E-12 6.45700E-18
 6.03484E-22 5.65637E-25 5.90473E-28 4.78042E-23 1.54272E-36 9.81749E-31 3.04315E-16 2.20984E-21
 1.13254E-10 5.13310E-16 1.14801E-10 3.08288E-32 6.16217E-39 8.58936E-34 1.05583E-20 4.22566E-21
 6.22296E-22 3.05960E-30 7.60121E-16 5.99391E-04 2.34684E-09 2.14678E-12 1.48841E-13 2.23206E-17
 1.09741E-08 3.01949E-07 2.72066E-06 3.71295E-13 3.80303E-05 1.38793E-23 1.69585E-19 4.89928E-15
 1.21451E-12 5.31099E-18 3.17502E-22 2.72507E-25 2.60936E-28 3.34450E-23 6.53120E-37 4.30401E-31
 3.01376E-16 1.08386E-21 1.17494E-10 3.99367E-16 1.10409E-10 1.43937E-32 2.58902E-39 5.72407E-34
 1.10387E-20 3.74068E-21 5.93845E-22 2.34717E-30 6.66807E-16 6.95258E-04 1.92848E-09 1.60830E-12
 1.09721E-13 1.08702E-17 9.50864E-09 3.03519E-07 2.71936E-06 3.20246E-13 3.99620E-05 8.43102E-24
 1.69111E-19 4.82670E-15 1.17207E-12 4.36162E-18 1.66210E-22 1.29624E-25 1.14889E-28 2.33622E-23
 2.73922E-37 1.86348E-31 2.98387E-16 5.28657E-22 1.21634E-10 3.08833E-16 1.06092E-10 6.70178E-33
 1.09986E-39 3.83790E-34 1.14920E-20 3.27715E-21 5.66212E-22 1.80132E-30 5.88132E-16 8.01527E-04
 1.58312E-09 1.20184E-12 8.13474E-14 5.30458E-18 8.15924E-09 3.04961E-07 2.71790E-06 2.76209E-13
 4.20095E-05 5.14096E-24 1.68645E-19 4.74929E-15 1.12944E-12 3.57650E-18 8.66602E-23 6.10180E-26
 5.05920E-29 1.62937E-23 1.14199E-37 7.97711E-32 2.95337E-16 2.57386E-22 1.25653E-10 2.37467E-16
 1.01864E-10 3.11628E-33 4.74132E-40 2.59460E-34 1.19108E-20 2.84168E-21 5.39371E-22 1.38418E-30
 5.21885E-16 9.17834E-04 1.29844E-09 8.96237E-13 6.06970E-14 2.59552E-18 6.93177E-09 3.06289E-07
 2.71625E-06 2.38226E-13 4.41676E-05 3.14822E-24 1.68154E-19 4.66697E-15 1.08669E-12 2.92807E-18
 4.50218E-23 2.84745E-26 2.23325E-29 1.13452E-23 4.73959E-38 3.37888E-32 2.92212E-16 1.25359E-22
 1.29538E-10 1.81624E-16 9.77376E-11 1.44844E-33 2.08039E-40 1.77133E-34 1.22903E-20 2.43849E-21
 5.13286E-22 1.06570E-30 4.66072E-16 1.04364E-03 1.06402E-09 6.67251E-13 4.55944E-14 1.27416E-18
 5.83056E-09 3.07514E-07 2.71438E-06 2.05462E-13 4.64294E-05 1.93733E-24 1.67613E-19 4.57979E-15
 1.04373E-12 2.39296E-18 2.33131E-23 1.31917E-26 9.89659E-30 7.88520E-24 1.95957E-38 1.41725E-32
 2.88998E-16 6.11764E-23 1.33273E-10 1.38230E-16 9.37192E-11 6.73282E-34 9.31264E-41 1.22236E-34
 1.26262E-20 2.07091E-21 4.87911E-22 8.22411E-31 4.19646E-16 1.17823E-03 8.71095E-10 4.96368E-13
 3.44847E-14 6.27847E-19 4.85880E-09 3.08638E-07 2.71228E-06 1.77188E-13 4.87861E-05 1.19921E-24
 1.67002E-19 4.48789E-15 1.00039E-12 1.95154E-18 1.20480E-23 6.07601E-27 4.41447E-30 5.46853E-24
 8.09235E-39 5.89985E-33 2.85677E-16 3.00320E-23 1.36847E-10 1.04769E-16 8.98149E-11 3.13274E-34
 4.26848E-41 8.53081E-35 1.29144E-20 1.74204E-21 4.63189E-22 6.36217E-31 3.97950E-16 1.32035E-03
 7.12769E-10 3.72610E-13 2.65498E-14 3.11491E-19 4.13196E-09 3.09671E-07 2.70997E-06 1.52846E-13
 5.12198E-05 7.49889E-25 1.66303E-19 4.39182E-15 9.56503E-13 1.60803E-18 6.43510E-24 2.80082E-27
 2.03442E-30 3.91105E-24 3.48215E-39 2.61568E-33 2.82237E-16 1.53680E-23 1.40238E-10 8.05347E-17
 8.60399E-11 1.58974E-34 2.07254E-41 6.08491E-35 1.31485E-20 1.45724E-21 4.39124E-22 4.98701E-31
 3.95588E-16 1.46840E-03 5.83657E-10 2.81321E-13 2.07590E-14 1.56211E-19 3.56340E-09 3.10639E-07
 2.70764E-06 1.32010E-13 5.37043E-05 4.75744E-25 1.65499E-19 4.29234E-15 9.12504E-13 1.33527E-18
 3.53328E-24 1.29922E-27 9.75451E-31 2.86647E-24 1.57599E-39 1.22018E-33 2.78672E-16 8.22664E-24
 1.43413E-10 6.24721E-17 8.24200E-11 8.67647E-35 1.06861E-41 4.43030E-35 1.33322E-20 1.21137E-21
 4.15768E-22 3.95377E-31 3.83429E-16 1.62181E-03 4.78472E-10 2.10078E-13 1.61459E-14 7.90946E-20
 2.95422E-09 3.11551E-07 2.70529E-06 1.14182E-13 5.62284E-05 3.05410E-25 1.64572E-19 4.18958E-15
 8.69131E-13 1.09155E-18 1.87209E-24 6.02985E-28 4.66322E-31 2.02453E-24 6.97655E-40 5.26392E-34
 2.74955E-16 4.34438E-24 1.46359E-10 4.73219E-17 7.89572E-11 4.35602E-35 5.54883E-42 3.23206E-35
 1.34747E-20 9.93850E-22 3.93026E-22 3.10804E-31 3.89304E-16 1.77967E-03 3.92799E-10 1.57934E-13
 1.27608E-14 4.04577E-20 2.49486E-09 3.12419E-07 2.70300E-06 9.89298E-14 5.87790E-05 1.98821E-25
 1.63499E-19 4.08392E-15 8.26616E-13 9.01775E-19 1.01756E-24 2.80991E-28 2.28079E-31 1.47444E-24
 3.17285E-40 2.38577E-34 2.71055E-16 2.34837E-24 1.49066E-10 3.62193E-17 7.56502E-11 2.36897E-35
 2.98590E-42 2.40787E-35 1.35708E-20 8.08132E-22 3.70809E-22 2.47392E-31 3.82663E-16 1.94142E-03
 3.23089E-10 1.17562E-13 1.00054E-14 2.08901E-20 2.01844E-09 3.13256E-07 2.70079E-06 8.58875E-14
 6.13450E-05 1.30626E-25 1.62258E-19 3.97558E-15 7.85930E-13 7.32761E-19 5.32080E-25 1.30708E-28
 1.09629E-31 1.03010E-24 1.38595E-40 9.89430E-35 2.66936E-16 1.23339E-24 1.51523E-10 2.70109E-17
 7.24976E-11 1.16985E-35 1.59615E-42 1.79353E-35 1.36251E-20 6.47449E-22 3.49019E-22 1.94750E-31
 3.84523E-16 2.10658E-03 2.66266E-10 8.79307E-14 7.91476E-15 1.08779E-20 1.63862E-09 3.14061E-07
 2.69865E-06 7.47163E-14 6.39188E-05 8.66185E-26 1.60822E-19 3.86474E-15 7.47304E-13 5.98235E-19
 2.81119E-25 6.07795E-29 5.28698E-32 7.28985E-25 6.04565E-41 4.14816E-35 2.62554E-16 6.48100E-25
 1.53722E-10 2.01677E-17 6.94902E-11 5.96005E-36 8.64495E-43 1.35530E-35 1.36341E-20 5.13107E-22
 3.27533E-22 1.54158E-31 3.90768E-16 2.27419E-03 2.20086E-10 6.60621E-14 6.29771E-15 5.72101E-21
 1.32627E-09 3.14866E-07 2.69676E-06 6.51765E-14 6.64830E-05 5.79012E-26 1.59163E-19 3.75191E-15
 7.11501E-13 4.89688E-19 1.49842E-25 2.83112E-29 2.56192E-32 5.18870E-25 2.64393E-41 1.73917E-35
 2.57872E-16 3.40701E-25 1.55644E-10 1.50123E-17 6.66312E-11 3.08231E-36 4.73723E-43 1.03649E-35
 1.35982E-20 4.02221E-22 3.06303E-22 1.22339E-31 3.76615E-16 2.44450E-03 1.82453E-10 4.94103E-14
 4.94255E-15 3.03430E-21 1.01676E-09 3.15655E-07 2.69495E-06 5.70061E-14 6.90372E-05 3.86680E-26
 1.57246E-19 3.63689E-15 6.79347E-13 3.93298E-19 7.63355E-26 1.31225E-29 1.19596E-32 3.49948E-25
 1.08274E-41 6.46462E-36 2.52830E-16 1.70163E-25 1.57281E-10 1.08200E-17 6.39066E-11 1.39486E-36
 2.54007E-43 7.89123E-36 1.35190E-20 3.10010E-22 2.85188E-22 9.54551E-32 3.62117E-16 2.61758E-03
 1.51664E-10 3.74305E-14 3.89323E-15 1.62053E-21 7.74757E-10 3.16386E-07 2.69290E-06 4.99836E-14
 7.15796E-05 2.57834E-26 1.55037E-19 3.51965E-15 6.50619E-13 3.16833E-19 3.92178E-26 6.06237E-30
 5.49444E-33 2.36664E-25 4.31292E-42 2.36221E-36 2.47370E-16 8.30895E-26 1.58625E-10 7.76562E-18
 6.13029E-11 6.28094E-37 1.35535E-43 6.06713E-36 1.33940E-20 2.36055E-22 2.64090E-22 7.44944E-32
 3.49221E-16 2.79300E-03 1.26490E-10 2.89088E-14 3.07713E-15 8.72197E-22 5.87865E-10 3.17058E-07
 2.69056E-06 4.39536E-14 7.40974E-05 1.71738E-26 1.52505E-19 3.40054E-15 6.25280E-13 2.56114E-19
 2.05860E-26 2.80246E-30 2.51191E-33 1.60553E-25 1.70065E-42 8.57771E-37 2.41450E-16 4.01787E-26
 1.59655E-10 5.55835E-18 5.88191E-11 2.83547E-37 7.25578E-44 4.70956E-36 1.32226E-20 1.78071E-22
 2.43010E-22 5.81254E-32 3.36825E-16 2.97054E-03 1.05920E-10 2.29117E-14 2.43965E-15 4.73654E-22
 4.44204E-10 3.17672E-07 2.68788E-06 3.87826E-14 7.65777E-05 1.14246E-26 1.49619E-19 3.27986E-15
 6.03328E-13 2.07849E-19 1.11188E-26 1.30145E-30 1.14754E-33 1.09308E-25 6.68402E-43 3.09476E-37
 2.35028E-16 1.93094E-26 1.60348E-10 3.96640E-18 5.64547E-11 1.28242E-37 3.90614E-44 3.68968E-36
 1.30050E-20 1.33226E-22 2.21979E-22 4.53254E-32 3.16821E-16 3.15053E-03 8.90879E-11 1.87527E-14
 1.92278E-15 2.59625E-22 3.26721E-10 3.18190E-07 2.68450E-06 3.43426E-14 7.90143E-05 7.56631E-27
 1.46348E-19 3.15766E-15 5.84750E-13 1.67660E-19 6.08840E-27 6.07928E-31 5.15491E-34 7.26740E-26
 2.55222E-43 1.05193E-37 2.28061E-16 9.04361E-27 1.60686E-10 2.78528E-18 5.42039E-11 5.44964E-38
 2.09216E-44 2.89692E-36 1.27412E-20 9.86771E-23 2.01034E-22 3.49980E-32 2.92774E-16 3.33351E-03
 7.52704E-11 1.60493E-14 1.50926E-15 1.43576E-22 2.35556E-10 3.18519E-07 2.67968E-06 3.05201E-14
 8.14028E-05 4.98483E-27 1.42667E-19 3.03401E-15 5.69107E-13 1.34784E-19 3.43408E-27 2.86306E-31
 2.27490E-34 4.75152E-26 9.45330E-44 3.40811E-38 2.20518E-16 4.12768E-27 1.60652E-10 1.93297E-18
 5.20611E-11 2.20523E-38 1.11454E-44 2.28166E-36 1.24311E-20 7.24573E-23 1.80271E-22 2.68026E-32
 2.76238E-16 3.51929E-03 6.39464E-11 1.44279E-14 1.19787E-15 8.02517E-23 1.73496E-10 3.18627E-07
 2.67313E-06 2.72365E-14 8.37257E-05 3.28201E-27 1.38574E-19 2.90959E-15 5.55783E-13 1.09953E-19
 2.08348E-27 1.37034E-31 1.01500E-34 3.20633E-26 3.55368E-44 1.15645E-38 2.12410E-16 1.89856E-27
 1.60228E-10 1.35739E-18 5.00314E-11 9.46874E-39 6.01173E-45 1.82097E-36 1.20762E-20 5.30484E-23
 1.59913E-22 2.06653E-32 2.60161E-16 3.70838E-03 5.46738E-11 1.36445E-14 9.49090E-16 4.54103E-23
 1.26558E-10 3.18503E-07 2.66460E-06 2.44182E-14 8.59710E-05 2.16060E-27 1.34064E-19 2.78477E-15
 5.44527E-13 8.96376E-20 1.32674E-27 6.69728E-32 4.54264E-35 2.14643E-26 1.33812E-44 3.85847E-39
 2.03747E-16 8.71693E-28 1.59397E-10 9.47554E-19 4.81164E-11 4.00163E-39 3.26670E-45 1.45870E-36
 1.16780E-20 3.87035E-23 1.40165E-22 1.58335E-32 2.46320E-16 3.90127E-03 4.70894E-11 1.35022E-14
 7.53541E-16 2.60569E-23 9.24012E-11 3.18083E-07 2.65351E-06 2.20006E-14 8.81272E-05 1.42528E-27
 1.29153E-19 2.66011E-15 5.34995E-13 7.33714E-20 8.89032E-28 3.35964E-32 2.04712E-35 1.44386E-26
 5.07622E-45 1.28850E-39 1.94570E-16 4.01228E-28 1.58150E-10 6.61252E-19 4.63180E-11 1.69901E-39
 1.79152E-45 1.17478E-36 1.12395E-20 2.81794E-23 1.21279E-22 1.20991E-32 2.36149E-16 4.09848E-03
 4.09091E-11 1.38226E-14 6.01621E-16 1.52177E-23 6.82219E-11 3.17344E-07 2.63954E-06 1.99310E-14
 9.01811E-05 9.46135E-28 1.23873E-19 2.53629E-15 5.26903E-13 6.05564E-20 6.26079E-28 1.74061E-32
 9.36348E-36 9.87485E-27 1.96534E-45 4.41140E-40 1.84944E-16 1.86782E-28 1.56485E-10 4.63933E-19
 4.46398E-11 7.43654E-40 9.95418E-46 9.52383E-37 1.07646E-20 2.05161E-23 1.03519E-22 9.25179E-33
 2.26060E-16 4.30117E-03 3.58899E-11 1.46122E-14 4.78869E-16 9.10361E-24 4.99266E-11 3.16234E-07
 2.62210E-06 1.81588E-14 9.21266E-05 6.35265E-28 1.18256E-19 2.41374E-15 5.20079E-13 4.98924E-20
 4.53299E-28 9.34464E-33 4.30500E-36 6.69167E-27 7.64310E-46 1.48167E-40 1.74937E-16 8.70391E-29
 1.54403E-10 3.23418E-19 4.30810E-11 3.19679E-40 5.57505E-46 7.72335E-37 1.02577E-20 1.49454E-23
 8.70936E-23 7.01729E-33 2.17195E-16 4.51020E-03 3.18431E-11 1.57625E-14 3.81421E-16 5.67136E-24
 3.65823E-11 3.14666E-07 2.60036E-06 1.66420E-14 9.39563E-05 4.37394E-28 1.12362E-19 2.29320E-15
 5.14306E-13 4.12293E-20 3.36413E-28 5.24409E-33 1.99737E-36 4.55042E-27 2.99721E-46 4.97099E-41
 1.64655E-16 4.07843E-29 1.51917E-10 2.25248E-19 4.16427E-11 1.37488E-40 3.16496E-46 6.27297E-37
 9.72476E-21 1.09554E-23 7.22087E-23 5.29891E-33 2.09609E-16 4.72678E-03 2.86136E-11 1.73093E-14
 3.02662E-16 3.82150E-24 2.66361E-11 3.12533E-07 2.57332E-06 1.53425E-14 9.56673E-05 3.17376E-28
 1.06252E-19 2.17527E-15 5.09397E-13 3.40034E-20 2.53487E-28 3.15086E-33 9.48163E-37 3.06658E-27
 1.19323E-46 1.64242E-41 1.54208E-16 1.95289E-29 1.49047E-10 1.56150E-19 4.03239E-11 5.83865E-41
 1.86490E-46 5.08500E-37 9.17219E-21 8.19028E-24 5.89927E-23 3.96583E-33 2.07989E-16 4.95125E-03
 2.60976E-11 1.87854E-14 2.43932E-16 2.99262E-24 2.03519E-11 3.09848E-07 2.54088E-06 1.42356E-14
 9.72486E-05 2.54789E-28 1.00023E-19 2.06103E-15 5.05171E-13 2.86463E-20 2.00189E-28 2.17795E-33
 5.17354E-37 2.17705E-27 5.49189E-47 6.13898E-42 1.43755E-16 1.09126E-29 1.45832E-10 1.11493E-19
 3.91276E-11 2.82577E-41 1.27092E-46 4.15487E-37 8.60914E-21 6.46593E-24 4.75520E-23 3.00007E-33
 2.85150E+02 2.78650E+02 2.72150E+02 2.65660E+02 2.61170E+02 2.55680E+02 2.49190E+02 2.42700E+02
 2.36210E+02 2.25000E+02 2.10000E+02 2.10000E+02 2.10000E+02 2.10000E+02 2.10000E+02 2.00000E+02
 2.00000E+02 2.00000E+02 2.00000E+02 2.00000E+02 2.00000E+02 2.00000E+02 2.00000E+02 2.00000E+02
 2.00000E+02 2.00000E+02 2.00000E+02 2.00000E+02 2.00000E+02 2.00000E+02 2.00000E+02 2.00000E+02
 2.00000E+02 2.00000E+02 2.00000E+02 2.00000E+02 2.00000E+02 2.00000E+02 2.00000E+02 2.00000E+02
 2.00000E+02 2.00000E+02 2.00000E+02 2.00000E+02 2.00000E+02 2.00000E+02 2.00000E+02 2.00000E+02
 2.00000E+02 2.00000E+02 2.00000E+02 2.00000E+02 2.00000E+02 2.00000E+02 2.00000E+02 2.00000E+02
 2.00000E+02 2.00000E+02 2.00000E+02 2.00000E+02 2.00000E+02 2.00000E+02 2.00000E+02 2.00000E+02
 2.00000E+02 2.00000E+02 2.00000E+02 2.00000E+02 2.00000E+02 2.00000E+02 2.00000E+02 2.00000E+02
 2.00000E+02 2.00000E+02 2.00000E+02 2.00000E+02 2.00000E+02 2.00000E+02 2.00000E+02 1.98600E+02
 1.96000E+02 1.94700E+02 1.92000E+02 1.90800E+02 1.89000E+02 1.86900E+02 1.86900E+02 1.86900E+02
 1.86900E+02 1.86900E+02 1.88000E+02 1.90000E+02 1.91000E+02 1.92500E+02 1.94000E+02 1.95000E+02
 1.96500E+02 1.98000E+02 2.00000E+02 2.00000E+02 1.00000E+05 1.00000E+05 1.00000E+05 1.00000E+05
 1.00000E+05 1.00000E+05 1.00000E+05 1.00000E+05 1.00000E+05 8.94400E+04 4.89900E+04 2.25800E+04
 1.16600E+04 6.81200E+03 5.16500E+03 4.29000E+03 3.95000E+03 3.90000E+03 3.99900E+03 4.34300E+03
 4.84400E+03 5.43900E+03 6.18700E+03 7.03600E+03 7.98400E+03 8.98600E+03 1.00300E+04 1.12800E+04
 1.24900E+04 1.36300E+04 1.51300E+04 1.66900E+04 1.81800E+04 1.99800E+04 2.19800E+04 2.44500E+04
 2.74600E+04 3.04600E+04 3.39400E+04 3.79500E+04 4.19500E+04 4.64300E+04 5.19100E+04 5.84000E+04
 6.44500E+04 7.13600E+04 7.99000E+04 8.79100E+04 9.68700E+04 1.06900E+05 1.17800E+05 1.31800E+05
 1.48300E+05 1.65800E+05 1.83300E+05 2.01800E+05 2.25600E+05 2.52200E+05 2.77200E+05 3.07000E+05
 3.42100E+05 3.79500E+05 4.21900E+05 4.71700E+05 5.17400E+05 5.67400E+05 6.22400E+05 6.82600E+05
 7.48700E+05 8.21200E+05 9.00700E+05 9.87900E+05 1.00000E+06 1.00000E+06 1.00000E+06 1.00000E+06
 1.00000E+06 1.00000E+06 1.00000E+06 1.00000E+06 1.00000E+06 1.00000E+06 1.00000E+06 1.00000E+06
 1.00000E+06 1.00000E+06 1.00000E+06 1.00000E+06 1.00000E+06 1.00000E+06 1.00000E+06 1.00000E+06
 1.00000E+06 1.00000E+06 1.00000E+06 1.00000E+06 1.00000E+06 1.00000E+06 1.00000E+06 1.00000E+06
 2.42865E+19 2.20947E+19 2.00567E+19 1.81641E+19 1.62927E+19 1.46406E+19 1.31753E+19 1.18242E+19
 1.05810E+19 9.62375E+18 8.85678E+18 7.56672E+18 6.46488E+18 5.52376E+18 4.71988E+18 4.21864E+18
 3.57682E+18 3.03281E+18 2.57167E+18 2.18076E+18 1.84937E+18 1.56842E+18 1.33021E+18 1.12825E+18
 9.56993E+17 8.11775E+17 6.88629E+17 5.84194E+17 4.95623E+17 4.20501E+17 3.56785E+17 3.02738E+17
 2.56892E+17 2.18000E+17 1.85005E+17 1.57012E+17 1.33262E+17 1.13110E+17 9.60102E+16 8.14997E+16
 6.91859E+16 5.87355E+16 4.98662E+16 4.23383E+16 3.59487E+16 3.05250E+16 2.59209E+16 2.20123E+16
 1.86941E+16 1.58769E+16 1.34849E+16 1.14539E+16 9.72923E+15 8.26470E+15 7.02098E+15 5.96473E+15
 5.06764E+15 4.30569E+15 3.65849E+15 3.10872E+15 2.64171E+15 2.24497E+15 1.90791E+15 1.62153E+15
 1.37821E+15 1.17146E+15 9.95780E+14 8.46487E+14 7.19612E+14 6.11785E+14 5.20141E+14 4.42247E+14
 3.76037E+14 3.19756E+14 2.71912E+14 2.31238E+14 1.96659E+14 1.67259E+14 1.42261E+14 1.21789E+14
 1.04739E+14 8.93493E+13 7.66522E+13 6.51478E+13 5.54768E+13 4.72406E+13 3.97440E+13 3.34388E+13
 2.81353E+13 2.36743E+13 1.98152E+13 1.65313E+13 1.38847E+13 1.16453E+13 9.78096E+12 8.24588E+12
 6.94191E+12 5.85209E+12 4.92863E+12 4.19642E+12 9.52078E-11 1.16239E-10 1.60746E-10 2.16878E-10
 2.79052E-10 3.42374E-10 4.02090E-10 4.54073E-10 4.94565E-10 5.22376E-10 5.42262E-10 5.62377E-10
 5.69810E-10 5.59658E-10 5.34101E-10 4.98097E-10 4.55131E-10 4.09473E-10 3.64812E-10 3.23946E-10
 2.88511E-10 2.58305E-10 2.32764E-10 2.11284E-10 1.92724E-10 1.75637E-10 1.59279E-10 1.43690E-10
 1.28858E-10 1.14625E-10 1.01095E-10 8.84090E-11 7.65125E-11 6.54554E-11 5.53492E-11 4.62754E-11
 3.82981E-11 3.13481E-11 2.53394E-11 2.02290E-11 1.59226E-11 1.23303E-11 9.39834E-12 7.06075E-12
 5.21422E-12 3.77124E-12 2.67423E-12 1.85482E-12 1.25247E-12 8.22184E-13 5.18784E-13 3.19169E-13
 1.91734E-13 1.11963E-13 6.30531E-14 3.40714E-14 1.77882E-14 8.95311E-15 4.28058E-15 1.94825E-15
 8.45761E-16 3.47858E-16 1.35240E-16 4.99052E-17 1.71295E-17 5.43912E-18 1.58932E-18 4.24708E-19
 1.03144E-19 2.26099E-20 4.44065E-21 7.75318E-22 1.02057E-22 9.40165E-24 5.69300E-25 2.10506E-26
 4.35891E-28 4.56567E-30 2.14651E-32 3.91703E-35 2.31503E-38 3.57830E-42 1.11119E-46 5.08724E-52
 2.35894E-58 6.99642E-66 7.89056E-75 1.82873E-85 4.19313E-98 1.00000-100 1.00000-100 1.00000-100
 1.00000-100 1.00000-100 1.00000-100 1.00000-100 1.00000-100 1.00000-100 1.00000-100 1.00000-100
 3.46352E+01 3.02864E+01 3.10268E+01 3.21392E+01 3.40261E+01 3.50816E+01 3.49362E+01 3.39428E+01
 3.18787E+01 2.96042E+01 2.76201E+01 2.27429E+01 1.92418E+01 1.57265E+01 1.23770E+01 1.11789E+01
 9.04899E+00 7.73741E+00 6.83077E+00 6.36061E+00 6.12455E+00 6.02960E+00 6.14321E+00 6.44249E+00
 5.91533E+00 4.52246E+00 3.44017E+00 2.60778E+00 1.96516E+00 1.46891E+00 1.08877E+00 8.00528E-01
 5.82481E-01 4.18952E-01 2.98491E-01 2.10266E-01 1.46620E-01 1.01115E-01 6.88618E-02 4.63143E-02
 3.07298E-02 2.00726E-02 1.29040E-02 8.18050E-03 5.10056E-03 3.11426E-03 1.86486E-03 1.09266E-03
 6.23165E-04 3.45430E-04 1.84001E-04 9.55357E-05 4.84195E-05 2.38675E-05 1.13484E-05 5.17583E-06
 2.27946E-06 9.66854E-07 3.89152E-07 1.49091E-07 5.44953E-08 1.88784E-08 6.16844E-09 1.92218E-09
 5.60766E-10 1.51349E-10 3.75920E-11 8.53949E-12 1.76305E-12 3.28563E-13 5.48642E-14 8.14454E-15
 9.11582E-16 7.14076E-17 3.67698E-18 1.15623E-19 2.03616E-21 1.81390E-23 7.25338E-26 1.13315E-28
 5.75954E-32 7.59434E-36 2.02319E-40 7.87234E-46 3.10849E-52 7.85079E-60 7.44904E-69 1.45252E-79
 2.80229E-92 5.62341E-95 4.70673E-95 3.92670E-95 3.29806E-95 2.76613E-95 2.32329E-95 1.95866E-95
 1.64892E-95 1.39006E-95 1.17071E-95 9.96783E-96 0.00000E+00 0.00000E+00 0.00000E+00 0.00000E+00
 0.00000E+00 0.00000E+00 0.00000E+00 0.00000E+00 0.00000E+00 0.00000E+00 0.00000E+00 0.00000E+00
 0.00000E+00 0.00000E+00 0.00000E+00 0.00000E+00 0.00000E+00 0.00000E+00 0.00000E+00 0.00000E+00
 0.00000E+00 0.00000E+00 0.00000E+00 0.00000E+00 0.00000E+00 0.00000E+00 0.00000E+00 0.00000E+00
 0.00000E+00 0.00000E+00 0.00000E+00 0.00000E+00 0.00000E+00 0.00000E+00 0.00000E+00 0.00000E+00
 0.00000E+00 0.00000E+00 0.00000E+00 0.00000E+00 0.00000E+00 0.00000E+00 0.00000E+00 0.00000E+00
 0.00000E+00 0.00000E+00 0.00000E+00 0.00000E+00 0.00000E+00 0.00000E+00 0.00000E+00 0.00000E+00
 0.00000E+00 0.00000E+00 0.00000E+00 0.00000E+00 0.00000E+00 0.00000E+00 0.00000E+00 0.00000E+00
 0.00000E+00 0.00000E+00 0.00000E+00 0.00000E+00 0.00000E+00 0.00000E+00 0.00000E+00 0.00000E+00
 0.00000E+00 0.00000E+00 0.00000E+00 0.00000E+00 0.00000E+00 0.00000E+00 0.00000E+00 0.00000E+00
 0.00000E+00 0.00000E+00 0.00000E+00 0.00000E+00 0.00000E+00 0.00000E+00 0.00000E+00 0.00000E+00
 0.00000E+00 0.00000E+00 0.00000E+00 0.00000E+00 0.00000E+00 0.00000E+00 0.00000E+00 0.00000E+00
 0.00000E+00 0.00000E+00 0.00000E+00 0.00000E+00 0.00000E+00 0.00000E+00 0.00000E+00 0.00000E+00
 0.00000E+00 0.00000E+00 0.00000E+00 0.00000E+00 0.00000E+00 0.00000E+00 0.00000E+00 0.00000E+00
 0.00000E+00 0.00000E+00 0.00000E+00 0.00000E+00 0.00000E+00 0.00000E+00 0.00000E+00 0.00000E+00
 0.00000E+00 0.00000E+00 0.00000E+00 0.00000E+00 0.00000E+00 0.00000E+00 0.00000E+00 0.00000E+00
 0.00000E+00 0.00000E+00 0.00000E+00 0.00000E+00 0.00000E+00 0.00000E+00 0.00000E+00 0.00000E+00
 0.00000E+00 0.00000E+00 0.00000E+00 0.00000E+00 0.00000E+00 0.00000E+00 0.00000E+00 0.00000E+00
 0.00000E+00 0.00000E+00 0.00000E+00 0.00000E+00 0.00000E+00 0.00000E+00 0.00000E+00 0.00000E+00
 0.00000E+00 0.00000E+00 0.00000E+00 0.00000E+00 0.00000E+00 0.00000E+00 0.00000E+00 0.00000E+00
 0.00000E+00 0.00000E+00 0.00000E+00 0.00000E+00 0.00000E+00 0.00000E+00 0.00000E+00 0.00000E+00
 0.00000E+00 0.00000E+00 0.00000E+00 0.00000E+00 0.00000E+00 0.00000E+00 0.00000E+00 0.00000E+00
 0.00000E+00 0.00000E+00 0.00000E+00 0.00000E+00 0.00000E+00 0.00000E+00 0.00000E+00 0.00000E+00
 0.00000E+00 0.00000E+00 0.00000E+00 0.00000E+00 0.00000E+00 0.00000E+00 0.00000E+00 0.00000E+00
 0.00000E+00 0.00000E+00 0.00000E+00 0.00000E+00 0.00000E+00 0.00000E+00 0.00000E+00 0.00000E+00
 0.00000E+00 0.00000E+00 0.00000E+00 0.00000E+00 7.18579E-04 7.85354E-04 8.62576E-04 9.49436E-04
 1.03039E-03 1.12131E-03 1.22740E-03 1.34602E-03 1.48418E-03 1.65920E-03 1.88122E-03 2.13678E-03
 2.40516E-03 2.72780E-03 3.12137E-03 3.49318E-03 3.93790E-03 4.34656E-03 4.75075E-03 5.11333E-03
 5.46938E-03 5.83797E-03 6.19078E-03 6.53270E-03 7.23834E-03 8.54018E-03 1.00814E-02 1.18980E-02
 1.40464E-02 1.65874E-02 1.95917E-02 2.31409E-02 2.73376E-02 3.22998E-02 3.81363E-02 4.50314E-02
 5.31769E-02 6.27997E-02 7.41679E-02 8.75987E-02 1.03442E-01 1.22122E-01 1.44184E-01 1.70199E-01
 2.00864E-01 2.37067E-01 2.79758E-01 3.30087E-01 3.89495E-01 4.59628E-01 5.42440E-01 6.40240E-01
 7.55756E-01 8.91908E-01 1.05249E+00 1.24212E+00 1.46623E+00 1.73144E+00 2.04549E+00 2.41658E+00
 2.85465E+00 3.37164E+00 3.98587E+00 4.70250E+00 5.53269E+00 6.50911E+00 7.65747E+00 9.00799E+00
 1.05962E+01 1.24637E+01 1.46597E+01 1.72417E+01 2.02774E+01 2.38465E+01 2.80423E+01 3.29748E+01
 3.87729E+01 4.55883E+01 5.35989E+01 6.30626E+01 7.43367E+01 8.77487E+01 1.03798E+02 1.22942E+02
 1.45840E+02 1.73335E+02 2.06030E+02 2.44879E+02 2.91038E+02 3.45879E+02 4.10640E+02 4.86671E+02
 5.76209E+02 6.81347E+02 8.04618E+02 9.49280E+02 1.11862E+03 1.31651E+03 1.54708E+03 1.81703E+03
 0.00000E+00 0.00000E+00 0.00000E+00 0.00000E+00 0.00000E+00 0.00000E+00 0.00000E+00 0.00000E+00
 0.00000E+00 0.00000E+00 0.00000E+00 0.00000E+00 0.00000E+00 0.00000E+00 0.00000E+00 0.00000E+00
 0.00000E+00 0.00000E+00 0.00000E+00 0.00000E+00 0.00000E+00 0.00000E+00 0.00000E+00 0.00000E+00
 0.00000E+00 0.00000E+00 0.00000E+00 0.00000E+00 0.00000E+00 0.00000E+00 0.00000E+00 0.00000E+00
 0.00000E+00 0.00000E+00 0.00000E+00 0.00000E+00 0.00000E+00 0.00000E+00 0.00000E+00 0.00000E+00
 0.00000E+00 0.00000E+00 0.00000E+00 0.00000E+00 0.00000E+00 0.00000E+00 0.00000E+00 0.00000E+00
 0.00000E+00 0.00000E+00 0.00000E+00 0.00000E+00 0.00000E+00 0.00000E+00 0.00000E+00 0.00000E+00
 0.00000E+00 0.00000E+00 0.00000E+00 0.00000E+00 0.00000E+00 0.00000E+00 0.00000E+00 0.00000E+00
 0.00000E+00 0.00000E+00 0.00000E+00 0.00000E+00 0.00000E+00 0.00000E+00 0.00000E+00 0.00000E+00
 0.00000E+00 0.00000E+00 0.00000E+00 0.00000E+00 0.00000E+00 0.00000E+00 0.00000E+00 0.00000E+00
 0.00000E+00 0.00000E+00 0.00000E+00 0.00000E+00 0.00000E+00 0.00000E+00 0.00000E+00 0.00000E+00
 0.00000E+00 0.00000E+00 0.00000E+00 0.00000E+00 0.00000E+00 0.00000E+00 0.00000E+00 0.00000E+00
 0.00000E+00 0.00000E+00 0.00000E+00 0.00000E+00 0.00000E+00 0.00000E+00 0.00000E+00 0.00000E+00
 0.00000E+00 0.00000E+00 0.00000E+00 0.00000E+00 0.00000E+00 0.00000E+00 0.00000E+00 0.00000E+00
 0.00000E+00 0.00000E+00 0.00000E+00 0.00000E+00 0.00000E+00 0.00000E+00 0.00000E+00 0.00000E+00
 0.00000E+00 0.00000E+00 0.00000E+00 0.00000E+00 0.00000E+00 0.00000E+00 0.00000E+00 0.00000E+00
 0.00000E+00 0.00000E+00 0.00000E+00 0.00000E+00 0.00000E+00 0.00000E+00 0.00000E+00 0.00000E+00
 0.00000E+00 0.00000E+00 0.00000E+00 0.00000E+00 0.00000E+00 0.00000E+00 0.00000E+00 0.00000E+00
 0.00000E+00 0.00000E+00 0.00000E+00 0.00000E+00 0.00000E+00 0.00000E+00 0.00000E+00 0.00000E+00
 0.00000E+00 0.00000E+00 0.00000E+00 0.00000E+00 0.00000E+00 0.00000E+00 0.00000E+00 0.00000E+00
 0.00000E+00 0.00000E+00 0.00000E+00 0.00000E+00 0.00000E+00 0.00000E+00 0.00000E+00 0.00000E+00
 0.00000E+00 0.00000E+00 0.00000E+00 0.00000E+00 0.00000E+00 0.00000E+00 0.00000E+00 0.00000E+00
 0.00000E+00 0.00000E+00 0.00000E+00 0.00000E+00 0.00000E+00 0.00000E+00 0.00000E+00 0.00000E+00
 0.00000E+00 0.00000E+00 0.00000E+00 0.00000E+00 0.00000E+00 0.00000E+00 0.00000E+00 0.00000E+00
 0.00000E+00 0.00000E+00 0.00000E+00 0.00000E+00 0.00000E+00 0.00000E+00 0.00000E+00 0.00000E+00
 1.87925E-05 1.87925E-05 1.87925E-05 1.87925E-05 1.87925E-05 1.87925E-05 1.87925E-05 1.87925E-05
 1.87925E-05 1.87925E-05 1.87925E-05 1.87925E-05 1.87925E-05 1.87925E-05 1.87925E-05 1.87925E-05
 1.84514E-05 1.76995E-05 1.67479E-05 1.55528E-05 1.42939E-05 1.30604E-05 1.18214E-05 1.06256E-05
 1.00000E-05 1.00000E-05 1.00000E-05 1.00000E-05 1.00000E-05 1.00000E-05 1.00000E-05 1.00000E-05
 1.00000E-05 1.00000E-05 1.00000E-05 1.00000E-05 1.00000E-05 1.00000E-05 1.00000E-05 1.00000E-05
 1.00000E-05 1.00000E-05 1.00000E-05 1.00000E-05 1.00000E-05 1.00000E-05 1.00000E-05 1.00000E-05
 1.00000E-05 1.00000E-05 1.00000E-05 1.00000E-05 1.00000E-05 1.00000E-05 1.00000E-05 1.00000E-05
 1.00000E-05 1.00000E-05 1.00000E-05 1.00000E-05 1.00000E-05 1.00000E-05 1.00000E-05 1.00000E-05
 1.00000E-05 1.00000E-05 1.00000E-05 1.00000E-05 1.00000E-05 1.00000E-05 1.00000E-05 1.00000E-05
 1.00000E-05 1.00000E-05 1.00000E-05 1.00000E-05 1.00000E-05 1.00000E-05 1.00000E-05 1.00000E-05
 1.00000E-05 1.00000E-05 1.00000E-05 1.00000E-05 1.00000E-05 1.00000E-05 1.00000E-05 1.00000E-05
 1.00000E-05 1.00000E-05 1.00000E-05 1.00000E-05 1.00000E-05 1.00000E-05 1.00000E-05 1.00000E-05
 1.00000E-05 1.00000E-05 1.00000E-05 1.00000E-05 0.00000E+00 0.00000E+00 0.00000E+00 0.00000E+00
 0.00000E+00 0.00000E+00 0.00000E+00 0.00000E+00 0.00000E+00 0.00000E+00 0.00000E+00 0.00000E+00
 0.00000E+00 0.00000E+00 0.00000E+00 0.00000E+00 0.00000E+00 0.00000E+00 0.00000E+00 0.00000E+00
 0.00000E+00 0.00000E+00 0.00000E+00 0.00000E+00 0.00000E+00 0.00000E+00 0.00000E+00 0.00000E+00
 0.00000E+00 0.00000E+00 0.00000E+00 0.00000E+00 0.00000E+00 0.00000E+00 0.00000E+00 0.00000E+00
 0.00000E+00 0.00000E+00 0.00000E+00 0.00000E+00 0.00000E+00 0.00000E+00 0.00000E+00 0.00000E+00
 0.00000E+00 0.00000E+00 0.00000E+00 0.00000E+00 0.00000E+00 0.00000E+00 0.00000E+00 0.00000E+00
 0.00000E+00 0.00000E+00 0.00000E+00 0.00000E+00 0.00000E+00 0.00000E+00 0.00000E+00 0.00000E+00
 0.00000E+00 0.00000E+00 0.00000E+00 0.00000E+00 0.00000E+00 0.00000E+00 0.00000E+00 0.00000E+00
 0.00000E+00 0.00000E+00 0.00000E+00 0.00000E+00 0.00000E+00 0.00000E+00 0.00000E+00 0.00000E+00
 0.00000E+00 0.00000E+00 0.00000E+00 0.00000E+00 0.00000E+00 0.00000E+00 0.00000E+00 0.00000E+00
 0.00000E+00 0.00000E+00 0.00000E+00 0.00000E+00 0.00000E+00 0.00000E+00 0.00000E+00 0.00000E+00
 0.00000E+00 0.00000E+00 0.00000E+00 0.00000E+00 0.00000E+00 0.00000E+00 0.00000E+00 0.00000E+00
 0.00000E+00 0.00000E+00 0.00000E+00 0.00000E+00 0.00000E+00 0.00000E+00 0.00000E+00 0.00000E+00
 0.00000E+00 0.00000E+00 0.00000E+00 0.00000E+00 0.00000E+00 0.00000E+00 0.00000E+00 0.00000E+00
 0.00000E+00 0.00000E+00 0.00000E+00 0.00000E+00 0.00000E+00 0.00000E+00 0.00000E+00 0.00000E+00
 0.00000E+00 0.00000E+00 0.00000E+00 0.00000E+00 0.00000E+00 0.00000E+00 0.00000E+00 0.00000E+00
 0.00000E+00 0.00000E+00 0.00000E+00 0.00000E+00 0.00000E+00 0.00000E+00 0.00000E+00 0.00000E+00
 0.00000E+00 0.00000E+00 0.00000E+00 0.00000E+00 0.00000E+00 0.00000E+00 0.00000E+00 0.00000E+00
 0.00000E+00 0.00000E+00 0.00000E+00 0.00000E+00 0.00000E+00 0.00000E+00 0.00000E+00 0.00000E+00
 0.00000E+00 0.00000E+00 0.00000E+00 0.00000E+00 0.00000E+00 0.00000E+00 0.00000E+00 0.00000E+00
 0.00000E+00 0.00000E+00 0.00000E+00 0.00000E+00 0.00000E+00 0.00000E+00 0.00000E+00 0.00000E+00
 0.00000E+00 0.00000E+00 0.00000E+00 0.00000E+00 0.00000E+00 0.00000E+00 0.00000E+00 0.00000E+00
 0.00000E+00 0.00000E+00 0.00000E+00 0.00000E+00 0.00000E+00 0.00000E+00 0.00000E+00 0.00000E+00
 0.00000E+00 0.00000E+00 0.00000E+00 0.00000E+00 0.00000E+00 0.00000E+00 0.00000E+00 0.00000E+00
 0.00000E+00 0.00000E+00 0.00000E+00 0.00000E+00
