 5.21972E-11 6.14618E-15 1.12652E-02 1.65486E-13 1.51321E-11 9.09369E-10 9.41922E-10 6.36098E-18
 4.02198E-08 3.17167E-07 3.69383E-08 2.16289E-10 4.08930E-12 1.08538E-09 1.50114E-12 1.41206E-12
 1.83607E-14 1.00909E-11 4.33733E-14 4.01519E-16 2.92094E-19 9.77353E-23 1.34207E-10 1.61042E-13
 6.65649E-17 1.34572E-14 9.34529E-12 2.23156E-14 5.87854E-13 1.64430E-16 3.11378E-16 1.40290E-11
 2.81396E-12 2.62679E-14 5.86039E-11 1.31041E-14 7.24382E-03 2.69570E-13 1.65786E-11 8.93318E-10
 1.63272E-09 8.19864E-18 4.05201E-08 3.10877E-07 2.71134E-08 2.02098E-10 4.82320E-12 1.03912E-09
 1.77666E-12 1.70207E-12 3.18547E-14 1.52757E-11 1.26231E-13 9.23646E-16 1.32322E-18 7.69538E-22
 1.18537E-10 3.34698E-13 1.47784E-16 2.80215E-14 1.43673E-11 4.65113E-14 4.61306E-13 1.33876E-16
 8.33966E-16 1.93683E-11 5.72868E-12 2.20141E-14 6.11067E-11 2.90966E-14 4.50300E-03 4.29654E-13
 1.76984E-11 8.11518E-10 2.98288E-09 1.02524E-17 4.07656E-08 3.04783E-07 1.93789E-08 1.66457E-10
 5.19994E-12 9.90778E-10 2.09741E-12 2.02556E-12 5.37986E-14 2.17501E-11 3.63831E-13 2.07481E-15
 5.92141E-18 1.04847E-20 1.03823E-10 8.59523E-13 3.23434E-16 7.55830E-14 2.05650E-11 1.16594E-13
 3.50570E-13 9.33352E-17 1.52918E-15 2.02435E-11 8.86679E-12 1.66256E-14 5.82157E-11 6.18791E-14
 2.58793E-03 6.25573E-13 1.78457E-11 6.75710E-10 5.26621E-09 1.19096E-17 4.09554E-08 2.99074E-07
 1.36778E-08 1.22646E-10 5.00487E-12 9.40852E-10 2.50140E-12 2.35390E-12 8.36027E-14 2.79459E-11
 9.67642E-13 4.07302E-15 2.41839E-17 1.46545E-19 9.05086E-11 2.10833E-12 6.20140E-16 2.03244E-13
 2.61567E-11 2.84910E-13 2.85403E-13 6.53445E-17 2.40806E-15 1.91963E-11 1.15621E-11 1.32141E-14
 5.55388E-11 1.25312E-13 1.73334E-03 9.37283E-13 1.88401E-11 5.59299E-10 8.60040E-09 1.56425E-17
 4.10992E-08 2.93862E-07 9.65444E-09 8.93607E-11 4.86619E-12 8.89710E-10 2.75823E-12 2.64180E-12
 1.20468E-13 3.34983E-11 1.84783E-12 7.41756E-15 7.45521E-17 1.29779E-18 7.87804E-11 4.69947E-12
 1.08192E-15 4.85980E-13 2.99064E-11 5.95210E-13 2.39937E-13 5.07025E-17 3.31809E-15 1.75043E-11
 1.40693E-11 1.06198E-14 4.96912E-11 2.43048E-13 1.04214E-03 1.27231E-12 1.90985E-11 4.59506E-10
 1.36856E-08 1.99862E-17 4.12213E-08 2.89377E-07 6.98514E-09 6.34234E-11 4.34372E-12 8.37857E-10
 3.02258E-12 2.92308E-12 1.57746E-13 3.72112E-11 3.33214E-12 1.18708E-14 2.21423E-16 9.46645E-18
 6.90263E-11 8.72278E-12 1.59631E-15 9.78939E-13 3.10450E-11 1.07129E-12 2.17541E-13 4.02781E-17
 4.68864E-15 1.64892E-11 1.61985E-11 9.20952E-15 4.16988E-11 4.48844E-13 5.55007E-04 1.55207E-12
 1.84270E-11 3.74213E-10 2.10467E-08 2.41161E-17 4.13419E-08 2.85758E-07 5.30754E-09 4.43317E-11
 3.59407E-12 7.86246E-10 3.38381E-12 3.25219E-12 1.91402E-13 3.86786E-11 4.92619E-12 1.68971E-14
 6.53697E-16 5.79979E-17 6.14003E-11 1.33935E-11 2.04044E-15 1.66399E-12 3.00617E-11 1.68698E-12
 2.13906E-13 3.31766E-17 7.07161E-15 1.66423E-11 1.79887E-11 8.65735E-15 3.41195E-11 7.93201E-13
 2.85590E-04 1.78866E-12 1.73586E-11 3.02310E-10 3.08025E-08 2.83478E-17 4.14696E-08 2.82969E-07
 4.32423E-09 3.10158E-11 2.88701E-12 7.35964E-10 3.93347E-12 3.71048E-12 2.27062E-13 3.87690E-11
 5.62330E-12 2.23809E-14 1.81984E-15 2.78699E-16 5.57217E-11 1.76197E-11 2.41199E-15 2.45862E-12
 2.81857E-11 2.37541E-12 2.20873E-13 2.89752E-17 1.09584E-14 1.77746E-11 1.94708E-11 8.48655E-15
 2.73150E-11 1.34692E-12 1.41570E-04 2.00426E-12 1.61961E-11 2.38893E-10 4.29150E-08 3.36681E-17
 4.16066E-08 2.80904E-07 3.85772E-09 2.15048E-11 2.26343E-12 6.88248E-10 4.75297E-12 4.30986E-12
 2.71223E-13 3.78338E-11 5.60022E-12 2.83136E-14 4.69322E-15 1.08868E-15 5.17245E-11 2.04210E-11
 2.73822E-15 3.22462E-12 2.66982E-11 3.05846E-12 2.34230E-13 2.68950E-17 1.69383E-14 1.94521E-11
 1.99791E-11 8.43076E-15 1.77456E-11 2.05331E-12 3.84852E-05 1.71832E-12 1.11691E-11 1.46158E-10
 5.78287E-08 2.47007E-17 4.17608E-08 2.79376E-07 3.83950E-09 1.18812E-11 1.37268E-12 6.42566E-10
 6.95270E-12 5.31154E-12 3.17947E-13 3.39345E-11 5.11096E-12 3.64068E-14 1.43144E-14 8.10904E-15
 4.90547E-11 1.89105E-11 3.21551E-15 4.13210E-12 2.78454E-11 4.38532E-12 2.65869E-13 2.42168E-17
 2.88726E-14 2.07814E-11 1.69228E-11 8.90256E-15 8.99883E-12 2.94442E-12 5.43166E-06 1.08105E-12
 5.04409E-12 5.74461E-11 7.72758E-08 1.04671E-17 4.19719E-08 2.77673E-07 4.29767E-09 4.50270E-12
 5.96283E-13 5.87981E-10 1.12669E-11 6.71653E-12 3.19002E-13 2.61160E-11 3.72055E-12 5.07506E-14
 3.21365E-14 5.30044E-14 4.65820E-11 1.27339E-11 4.27892E-15 5.30384E-12 3.22836E-11 6.83396E-12
 1.54004E-14 1.05688E-18 1.91563E-14 8.09532E-12 7.45316E-12 4.89846E-16 8.49944E-12 5.80959E-12
 3.64145E-06 1.30818E-12 5.09062E-12 3.42216E-11 9.99573E-08 1.70015E-17 4.23790E-08 2.74346E-07
 5.15058E-09 3.42605E-12 6.00994E-13 5.03698E-10 1.27213E-11 7.60491E-12 3.43469E-13 2.36932E-11
 3.01960E-12 5.78376E-14 3.30079E-14 5.82482E-14 4.24876E-11 1.28788E-11 5.25059E-15 6.42526E-12
 3.54961E-11 6.43786E-12 4.34827E-16 3.01083E-20 5.70682E-15 2.16419E-12 2.18125E-12 1.09799E-17
 9.06309E-12 1.07091E-11 3.46781E-06 1.90323E-12 5.85222E-12 3.02787E-11 1.14883E-07 3.53703E-17
 4.32342E-08 2.67422E-07 6.14849E-09 3.06578E-12 6.74356E-13 3.80550E-10 1.28079E-11 7.49642E-12
 3.95816E-13 2.28885E-11 2.22134E-12 6.23924E-14 2.64192E-14 7.25152E-14 3.55440E-11 1.60479E-11
 7.92045E-15 8.37281E-12 3.82998E-11 5.42934E-12 5.15352E-18 4.30263E-22 9.31142E-16 3.00866E-13
 3.71826E-13 1.04463E-19 9.39696E-12 1.72097E-11 3.09331E-06 2.68220E-12 6.27778E-12 2.53660E-11
 1.09223E-07 6.90966E-17 4.48564E-08 2.55027E-07 7.07090E-09 2.51648E-12 7.20428E-13 2.42700E-10
 1.33291E-11 6.83648E-12 4.55816E-13 2.02348E-11 1.42097E-12 5.83089E-14 1.67168E-14 7.95949E-14
 2.62105E-11 1.77045E-11 1.37206E-14 1.03562E-11 4.54483E-11 3.95329E-12 2.89593E-20 3.52074E-24
 9.14082E-17 2.24519E-14 3.52433E-14 5.22588E-22 9.26419E-12 2.53146E-11 2.42671E-06 3.45246E-12
 6.27663E-12 1.94583E-11 9.30291E-08 1.21886E-16 4.74733E-08 2.37405E-07 8.19054E-09 1.98334E-12
 7.34638E-13 1.32702E-10 1.38296E-11 5.73667E-12 4.76795E-13 1.53972E-11 8.13427E-13 4.59036E-14
 8.20290E-15 6.97823E-14 1.71525E-11 1.63994E-11 2.33235E-14 1.15494E-11 5.61878E-11 2.39193E-12
 9.72089E-23 2.27637E-26 6.36522E-18 1.12599E-15 2.10222E-15 2.13572E-24 6.10961E-12 3.28067E-11
 1.45485E-06 3.63176E-12 5.15621E-12 1.35087E-11 8.58227E-08 1.51839E-16 5.10636E-08 2.17471E-07
 9.91580E-09 1.16300E-12 4.87659E-13 6.80898E-11 1.26366E-11 4.35974E-12 4.17460E-13 1.04263E-11
 4.34261E-13 3.87994E-14 4.35432E-15 8.96482E-14 1.07587E-11 1.59022E-11 3.73781E-14 1.32580E-11
 6.19792E-11 1.72688E-12 2.44054E-25 3.03397E-28 4.38524E-19 4.69327E-17 9.30996E-17 2.59843E-26
 5.85596E-12 4.40417E-11 1.49413E-06 5.02534E-12 5.86706E-12 1.32543E-11 6.71517E-08 2.88985E-16
 5.56202E-08 1.95434E-07 1.03806E-08 9.55719E-13 4.84205E-13 3.54531E-11 1.07605E-11 2.98541E-12
 3.79312E-13 7.00535E-12 2.23114E-13 2.36681E-14 1.35878E-15 6.34382E-14 6.22049E-12 1.52619E-11
 6.08759E-14 1.36113E-11 6.77675E-11 7.89774E-13 5.35535E-28 1.55542E-29 2.05490E-20 1.63456E-18
 3.66260E-18 9.95847E-28 5.45825E-12 5.63160E-11 1.53330E-06 6.74203E-12 6.76141E-12 1.36892E-11
 5.26060E-08 5.27793E-16 6.12756E-08 1.72872E-07 1.07049E-08 7.88120E-13 4.61982E-13 1.96962E-11
 8.72181E-12 1.95814E-12 3.16899E-13 4.45168E-12 1.14121E-13 1.35029E-14 3.86899E-16 4.28082E-14
 3.37460E-12 1.44579E-11 9.41048E-14 1.35601E-11 7.19191E-11 3.43918E-13 3.17824E-30 8.75364E-31
 8.32755E-22 5.21370E-20 1.35204E-19 4.09699E-29 4.99379E-12 7.01783E-11 1.56934E-06 8.85128E-12
 7.88534E-12 1.46737E-11 4.18942E-08 9.43437E-16 6.81528E-08 1.51241E-07 1.10639E-08 6.52816E-13
 4.28294E-13 1.18882E-11 6.92066E-12 1.27121E-12 2.52586E-13 2.77670E-12 5.96129E-14 7.54971E-15
 1.08695E-16 2.83001E-14 1.75323E-12 1.36885E-11 1.39695E-13 1.32779E-11 7.47670E-11 1.48804E-13
 1.26125E-31 5.14614E-32 3.37525E-23 1.76532E-21 9.22174E-21 1.79521E-30 4.51867E-12 8.56505E-11
 1.60000E-06 1.14356E-11 9.28646E-12 1.61495E-11 3.37318E-08 1.65866E-15 7.63306E-08 1.31622E-07
 1.14853E-08 5.44790E-13 3.89896E-13 7.68121E-12 5.51853E-12 8.37130E-13 1.98235E-13 1.74535E-12
 3.23392E-14 4.25407E-15 3.16191E-17 1.83536E-14 8.91049E-13 1.29413E-11 2.00483E-13 1.28004E-11
 7.68925E-11 6.53524E-14 3.16469E-32 1.42170E-32 6.26833E-24 2.87921E-22 8.23365E-21 3.73742E-31
 4.06871E-12 1.02744E-10 1.62406E-06 1.45957E-11 1.10214E-11 1.81070E-11 2.73244E-08 2.87697E-15
 8.58082E-08 1.14643E-07 1.19838E-08 4.59349E-13 3.51587E-13 5.18613E-12 4.49848E-12 5.67898E-13
 1.56421E-13 1.12341E-12 1.83841E-14 2.45928E-15 9.80804E-18 1.16042E-14 4.53057E-13 1.21615E-11
 2.78733E-13 1.21264E-11 7.87514E-11 2.94106E-14 4.45168E-32 2.10143E-32 6.14538E-24 2.57285E-22
 8.26272E-21 4.19910E-31 3.65443E-12 1.21395E-10 1.64153E-06 1.84496E-11 1.31607E-11 2.05772E-11
 2.21737E-08 4.93276E-15 9.67037E-08 1.00233E-07 1.25803E-08 3.91252E-13 3.15318E-13 3.57783E-12
 3.76383E-12 3.98500E-13 1.24914E-13 7.43376E-13 1.09448E-14 1.46727E-15 3.26626E-18 7.10329E-15
 2.32912E-13 1.13077E-11 3.75750E-13 1.12632E-11 8.06121E-11 1.35440E-14 7.34950E-32 3.57829E-32
 6.89819E-24 2.71039E-22 8.24644E-21 5.47556E-31 3.27780E-12 1.41513E-10 1.65282E-06 2.31278E-11
 1.57839E-11 2.36090E-11 1.79730E-08 8.36911E-15 1.09144E-07 8.81371E-08 1.33039E-08 3.36175E-13
 2.81764E-13 2.49045E-12 3.23075E-12 2.89479E-13 1.01055E-13 5.05762E-13 6.80421E-15 9.05175E-16
 1.16793E-18 4.17631E-15 1.21970E-13 1.03470E-11 4.90985E-13 1.02257E-11 8.26149E-11 6.35362E-15
 1.21083E-31 6.01524E-32 7.65481E-24 2.88635E-22 8.22623E-21 7.11405E-31 2.93740E-12 1.63006E-10
 1.65842E-06 2.87615E-11 1.89746E-11 2.72506E-11 1.45247E-08 1.40537E-14 1.23249E-07 7.80383E-08
 1.41912E-08 2.90899E-13 2.51079E-13 1.73957E-12 2.83862E-12 2.17773E-13 8.26773E-14 3.53538E-13
 4.40562E-15 5.77865E-16 4.48058E-19 2.34138E-15 6.54757E-14 9.26761E-12 6.21418E-13 9.04829E-12
 8.48004E-11 3.02361E-15 1.97335E-31 9.92556E-32 8.41413E-24 3.09361E-22 8.20282E-21 9.18853E-31
 2.62922E-12 1.85860E-10 1.65889E-06 3.54695E-11 2.28118E-11 3.15355E-11 1.16953E-08 2.33500E-14
 1.39213E-07 6.95692E-08 1.52844E-08 2.52992E-13 2.23125E-13 1.21613E-12 2.54381E-12 1.69682E-13
 6.81549E-14 2.53593E-13 2.96370E-15 3.81742E-16 1.84146E-19 1.24615E-15 3.61350E-14 8.09052E-12
 7.61741E-13 7.79050E-12 8.71236E-11 1.45566E-15 3.17134E-31 1.60666E-31 9.22366E-24 3.34076E-22
 8.17530E-21 1.18397E-30 2.34924E-12 2.10294E-10 1.65466E-06 4.33500E-11 2.73623E-11 3.64675E-11
 9.38965E-09 3.83771E-14 1.57293E-07 6.23853E-08 1.66266E-08 2.20703E-13 1.97725E-13 8.50283E-13
 2.31694E-12 1.36919E-13 5.63920E-14 1.86408E-13 2.06647E-15 2.60792E-16 8.09283E-20 6.29048E-16
 2.05208E-14 6.86545E-12 9.05182E-13 6.52623E-12 8.94827E-11 7.08182E-16 5.01104E-31 2.54995E-31
 1.01470E-23 3.63982E-22 8.14240E-21 1.52768E-30 2.09378E-12 2.36886E-10 1.64598E-06 5.24778E-11
 3.26735E-11 4.20145E-11 7.53154E-09 6.24069E-14 1.77831E-07 5.61803E-08 1.82608E-08 1.92762E-13
 1.74697E-13 5.94375E-13 2.13832E-12 1.14250E-13 4.66784E-14 1.40090E-13 1.48839E-15 1.83858E-16
 3.78673E-20 3.02010E-16 1.19767E-14 5.65894E-12 1.04493E-12 5.32834E-12 9.17524E-11 3.47982E-16
 7.76399E-31 3.96587E-31 1.12603E-23 4.00573E-22 8.10252E-21 1.98051E-30 1.86136E-12 2.66653E-10
 1.63306E-06 6.29119E-11 3.87702E-11 4.81015E-11 6.05262E-09 1.00478E-13 2.01036E-07 5.07444E-08
 2.02215E-08 1.68377E-13 1.53989E-13 4.16547E-13 1.99643E-12 9.83099E-14 3.85955E-14 1.07304E-13
 1.10243E-15 1.33312E-16 1.87408E-20 1.38703E-16 7.19933E-15 4.53577E-12 1.17545E-12 4.25299E-12
 9.38211E-11 1.72649E-16 1.17637E-30 6.03943E-31 1.26489E-23 4.45538E-22 8.05388E-21 2.58575E-30
 1.64955E-12 3.01021E-10 1.61601E-06 7.46993E-11 4.56539E-11 5.46124E-11 4.88752E-09 1.60318E-13
 2.27207E-07 4.58795E-08 2.25397E-08 1.46878E-13 1.35417E-13 2.93314E-13 1.88256E-12 8.67713E-14
 3.18390E-14 8.33347E-14 8.34161E-16 9.88380E-17 9.69992E-21 6.14368E-17 4.45952E-15 3.54494E-12
 1.29360E-12 3.33278E-12 9.56123E-11 8.63525E-17 1.73952E-30 9.00114E-31 1.44120E-23 5.00831E-22
 7.99442E-21 3.40456E-30 1.45413E-12 3.41790E-10 1.59460E-06 8.78650E-11 5.33038E-11 6.13983E-11
 3.97540E-09 2.53725E-13 2.56994E-07 4.13694E-08 2.52610E-08 1.27586E-13 1.18595E-13 2.07196E-13
 1.78918E-12 7.79915E-14 2.61630E-14 6.51623E-14 6.39549E-16 7.43497E-17 5.17248E-21 2.64804E-17
 2.83164E-15 2.71115E-12 1.39861E-12 2.57582E-12 9.70950E-11 4.34051E-17 2.50910E-30 1.31362E-30
 1.66800E-23 5.69020E-22 7.92139E-21 4.52561E-30 1.27527E-12 3.91104E-10 1.56878E-06 1.02431E-10
 6.16859E-11 6.82913E-11 3.26235E-09 3.98654E-13 2.90660E-07 3.71006E-08 2.84317E-08 1.10128E-13
 1.03299E-13 1.47179E-13 1.71246E-12 7.09564E-14 2.14134E-14 5.10231E-14 4.93598E-16 5.63950E-17
 2.80794E-21 1.11951E-17 1.84431E-15 2.03629E-12 1.49112E-12 1.97138E-12 9.82777E-11 2.18768E-17
 3.53017E-30 1.87851E-30 1.96084E-23 6.52900E-22 7.83184E-21 6.07233E-30 1.12317E-12 4.51447E-10
 1.53863E-06 1.18430E-10 7.07843E-11 7.51662E-11 2.70296E-09 6.22569E-13 3.28301E-07 3.29917E-08
 3.21405E-08 9.42278E-14 8.92915E-14 1.05473E-13 1.64948E-12 6.50402E-14 1.74605E-14 3.98538E-14
 3.81729E-16 4.29416E-17 1.53832E-21 4.66973E-18 1.23493E-15 1.50699E-12 1.57217E-12 1.49855E-12
 9.91941E-11 1.10357E-17 4.84966E-30 2.63515E-30 2.33797E-23 7.55379E-22 7.72269E-21 8.21560E-30
 1.03834E-12 5.25684E-10 1.50375E-06 1.35924E-10 8.06785E-11 8.20805E-11 2.26072E-09 9.68446E-13
 3.70558E-07 2.89181E-08 3.66562E-08 7.95248E-14 7.61527E-14 7.61287E-14 1.59671E-12 5.98747E-14
 1.41801E-14 3.09849E-14 2.95245E-16 3.27403E-17 8.45955E-22 1.92572E-18 8.46754E-16 1.10182E-12
 1.64120E-12 1.13258E-12 9.98910E-11 5.55895E-18 6.53131E-30 3.63631E-30 2.82186E-23 8.79870E-22
 7.59026E-21 1.12028E-29 1.12932E-12 6.16697E-10 1.46386E-06 1.55187E-10 9.17188E-11 8.95279E-11
 1.90597E-09 1.50702E-12 4.17830E-07 2.48133E-08 4.25879E-08 6.58415E-14 6.35883E-14 5.53246E-14
 1.55168E-12 5.53964E-14 1.14840E-14 2.40444E-14 2.29245E-16 2.50534E-17 4.68539E-22 7.82384E-19
 5.93276E-16 7.97746E-13 1.69413E-12 8.49601E-13 1.00419E-10 2.79312E-18 8.68859E-30 4.95789E-30
 3.43024E-23 1.02860E-21 7.43214E-21 1.53778E-29 1.57536E-12 7.26547E-10 1.41892E-06 1.76961E-10
 1.04756E-10 9.87294E-11 1.61439E-09 2.36197E-12 4.70153E-07 2.06853E-08 5.11223E-08 5.31943E-14
 5.15196E-14 4.05215E-14 1.51254E-12 5.17717E-14 9.30582E-15 1.87890E-14 1.80549E-16 1.93886E-17
 2.64750E-22 3.10723E-19 4.24521E-16 5.73803E-13 1.72371E-12 6.30101E-13 1.00827E-10 1.40146E-18
 1.15640E-29 6.72783E-30 4.16310E-23 1.20119E-21 7.24871E-21 2.12108E-29 2.52595E-12 8.55721E-10
 1.36893E-06 2.02621E-10 1.21248E-10 1.11715E-10 1.36743E-09 3.75728E-12 5.27362E-07 1.66192E-08
 6.41492E-08 4.17322E-14 4.01418E-14 2.99529E-14 1.47771E-12 4.92369E-14 7.58043E-15 1.49684E-14
 1.46205E-16 1.53285E-17 1.55308E-22 1.19979E-19 3.10034E-16 4.12400E-13 1.72461E-12 4.60770E-13
 1.01151E-10 7.05477E-19 1.56493E-29 9.17489E-30 4.99384E-23 1.39472E-21 7.04317E-21 2.93466E-29
 3.91711E-12 1.00386E-09 1.31413E-06 2.33974E-10 1.43020E-10 1.30955E-10 1.15384E-09 6.09501E-12
 5.88855E-07 1.27947E-08 8.39881E-08 3.16996E-14 2.99327E-14 2.24281E-14 1.44619E-12 4.78882E-14
 6.23222E-15 1.22685E-14 1.22799E-16 1.24623E-17 9.56723E-23 4.53209E-20 2.31303E-16 2.98728E-13
 1.70042E-12 3.33257E-13 1.01409E-10 3.59140E-19 2.17732E-29 1.26650E-29 5.87723E-23 1.60510E-21
 6.82011E-21 4.06449E-29 5.37584E-12 1.17320E-09 1.25419E-06 2.72447E-10 1.71630E-10 1.58556E-10
 9.69956E-10 1.00676E-11 6.54614E-07 9.38567E-09 1.13106E-07 2.32057E-14 2.12949E-14 1.70511E-14
 1.41713E-12 4.74915E-14 5.16893E-15 1.03164E-14 1.06506E-16 1.03845E-17 6.14808E-23 1.70609E-20
 1.75962E-16 2.19731E-13 1.66298E-12 2.40620E-13 1.01611E-10 1.86048E-19 3.10959E-29 1.76992E-29
 6.79584E-23 1.83249E-21 6.57952E-21 5.63158E-29 6.39193E-12 1.37222E-09 1.18865E-06 3.18450E-10
 2.07643E-10 1.95174E-10 8.15929E-10 1.68091E-11 7.24806E-07 6.53762E-09 1.53777E-07 1.62735E-14
 1.44404E-14 1.32035E-14 1.39015E-12 4.75011E-14 4.30476E-15 8.76961E-15 9.37115E-17 8.75718E-18
 4.02389E-23 6.54753E-21 1.36246E-16 1.64509E-13 1.62526E-12 1.75419E-13 1.01761E-10 9.81165E-20
 4.48278E-29 2.48061E-29 7.78433E-23 2.08143E-21 6.31651E-21 7.79694E-29 6.65060E-12 1.61768E-09
 1.11769E-06 3.71513E-10 2.50178E-10 2.38925E-10 6.91566E-10 2.81055E-11 7.99082E-07 4.33724E-09
 2.07716E-07 1.08995E-14 9.37385E-15 1.04753E-14 1.36537E-12 4.72357E-14 3.58038E-15 7.39364E-15
 8.16788E-17 7.35797E-18 2.60233E-23 2.60842E-21 1.07456E-16 1.24985E-13 1.59684E-12 1.30298E-13
 1.01866E-10 5.24044E-20 6.35503E-29 3.43154E-29 8.91045E-23 2.35667E-21 6.02567E-21 1.07458E-28
 6.16131E-12 1.93706E-09 1.04119E-06 4.30400E-10 2.96948E-10 2.85211E-10 5.95078E-10 4.67271E-11
 8.77651E-07 2.75099E-09 2.77005E-07 6.95353E-15 5.84687E-15 8.54817E-15 1.34267E-12 4.60844E-14
 2.95913E-15 6.07436E-15 6.90070E-17 6.07789E-18 1.61855E-23 1.08668E-21 8.62558E-17 9.56838E-14
 1.58282E-12 9.89723E-14 1.01932E-10 2.80766E-20 8.64463E-29 4.61240E-29 1.02696E-22 2.66372E-21
 5.70052E-21 1.46906E-28 5.17601E-12 2.37221E-09 9.59076E-07 4.93340E-10 3.44741E-10 3.27650E-10
 5.23299E-10 7.70082E-11 9.60776E-07 1.67598E-09 3.65188E-07 4.22417E-15 3.51748E-15 7.19302E-15
 1.32172E-12 4.36828E-14 2.42113E-15 4.80028E-15 5.56520E-17 4.89564E-18 9.50532E-24 4.71315E-22
 7.04023E-17 7.31262E-14 1.58536E-12 7.67067E-14 1.01965E-10 1.49090E-20 1.10808E-28 5.95022E-29
 1.19696E-22 3.00602E-21 5.33651E-21 1.98632E-28 4.03064E-12 2.98365E-09 8.72419E-07 5.58276E-10
 3.90240E-10 3.60075E-10 4.72118E-10 1.25887E-10 1.04766E-06 9.90892E-10 4.78327E-07 2.46173E-15
 2.05902E-15 6.25544E-15 1.30220E-12 4.00055E-14 1.95652E-15 3.62173E-15 4.25059E-17 3.83663E-18
 5.22841E-24 2.09893E-22 5.84962E-17 5.52377E-14 1.60460E-12 6.02395E-14 1.01971E-10 7.74958E-21
 1.32549E-28 7.31450E-29 1.41116E-22 3.38026E-21 4.93600E-21 2.64839E-28 2.97897E-12 3.85661E-09
 7.82829E-07 6.22449E-10 4.30817E-10 3.78659E-10 4.37077E-10 2.04688E-10 1.13694E-06 5.76191E-10
 6.27765E-07 1.39419E-15 1.18601E-15 5.61981E-15 1.28364E-12 3.53206E-14 1.55803E-15 2.59884E-15
 3.07033E-17 2.92993E-18 2.69176E-24 9.41456E-23 4.95436E-17 4.08587E-14 1.63783E-12 4.74753E-14
 1.01954E-10 3.89718E-21 1.48042E-28 8.56828E-29 1.68055E-22 3.77722E-21 4.50714E-21 3.47822E-28
 2.12463E-12 5.11348E-09 6.90906E-07 6.81310E-10 4.64567E-10 3.82312E-10 4.14183E-10 3.31964E-10
 1.22823E-06 3.31736E-10 8.36018E-07 7.73556E-16 6.74842E-16 5.19243E-15 1.26516E-12 3.00291E-14
 1.21748E-15 1.76571E-15 2.10014E-17 2.18503E-18 1.29819E-24 4.16497E-23 4.27106E-17 2.93331E-14
 1.67889E-12 3.71569E-14 1.01925E-10 1.87412E-21 1.55786E-28 9.63235E-29 2.02359E-22 4.18812E-21
 4.05686E-21 4.51127E-28 1.48031E-12 6.93408E-09 5.97391E-07 7.29251E-10 4.89782E-10 3.71249E-10
 4.00219E-10 5.37916E-10 1.32089E-06 1.89835E-10 1.14117E-06 4.22004E-16 3.79333E-16 4.90750E-15
 1.24592E-12 2.45414E-14 9.29325E-16 1.12965E-15 1.35989E-17 1.59493E-18 5.86792E-25 1.78722E-23
 3.74098E-17 2.02873E-14 1.72221E-12 2.86395E-14 1.01887E-10 8.53058E-22 1.56165E-28 1.04979E-28
 2.46695E-22 4.60078E-21 3.59463E-21 5.79192E-28 1.02315E-12 9.58781E-09 5.04803E-07 7.62056E-10
 5.04519E-10 3.45951E-10 3.92746E-10 8.71024E-10 1.41250E-06 1.09086E-10 1.59561E-06 2.27387E-16
 2.11599E-16 4.72246E-15 1.22555E-12 1.92265E-14 6.91616E-16 6.77960E-16 8.30274E-18 1.14220E-18
 2.48643E-25 7.38481E-24 3.32896E-17 1.34605E-14 1.76812E-12 2.16603E-14 1.01843E-10 3.65238E-22
 1.50329E-28 1.12038E-28 3.04084E-22 4.99394E-21 3.13874E-21 7.34694E-28 7.07604E-13 1.35222E-08
 4.15103E-07 7.75666E-10 5.05930E-10 3.06898E-10 3.91049E-10 1.40750E-09 1.50112E-06 6.32449E-11
 2.27286E-06 1.20226E-16 1.16690E-16 4.60539E-15 1.20359E-12 1.43515E-14 5.00465E-16 3.78704E-16
 4.72960E-18 8.01566E-19 9.81062E-26 2.92708E-24 3.00452E-17 8.52062E-15 1.82158E-12 1.60436E-14
 1.01787E-10 1.45892E-22 1.39315E-28 1.18006E-28 3.79426E-22 5.34907E-21 2.70282E-21 9.18514E-28
 4.91292E-13 1.95410E-08 3.30203E-07 7.66248E-10 4.90417E-10 2.55471E-10 3.96316E-10 2.26398E-09
 1.58482E-06 3.70196E-11 3.26651E-06 6.12988E-17 6.28561E-17 4.53498E-15 1.17952E-12 1.01072E-14
 3.50677E-16 1.94440E-16 2.46972E-18 5.48469E-19 3.55423E-26 1.11101E-24 2.74420E-17 5.10528E-15
 1.89303E-12 1.16282E-14 1.01710E-10 5.37676E-23 1.23433E-28 1.22908E-28 4.80794E-22 5.64847E-21
 2.29643E-21 1.12741E-27 3.43770E-13 2.91455E-08 2.53043E-07 7.31608E-10 4.55245E-10 1.95962E-10
 4.11307E-10 3.61270E-09 1.66061E-06 2.19549E-11 4.66832E-06 2.95143E-17 3.26112E-17 4.49836E-15
 1.15312E-12 6.63955E-15 2.36899E-16 9.05498E-17 1.15721E-18 3.63011E-19 1.16157E-26 4.05525E-25
 2.53308E-17 2.87538E-15 1.99961E-12 8.26427E-15 1.01594E-10 1.81037E-23 1.02771E-28 1.25843E-28
 6.20611E-22 5.86956E-21 1.92973E-21 1.35009E-27 2.42438E-13 4.53369E-08 1.86190E-07 6.69984E-10
 4.00182E-10 1.35716E-10 4.41301E-10 5.70075E-09 1.72582E-06 1.32117E-11 6.55478E-06 1.30993E-17
 1.60014E-17 4.48736E-15 1.12423E-12 4.01488E-15 1.53072E-16 3.75906E-17 4.74816E-19 2.29705E-19
 3.34749E-27 1.43878E-25 2.35957E-17 1.51377E-15 2.16400E-12 5.79058E-15 1.01418E-10 5.51639E-24
 7.82059E-29 1.24748E-28 8.20231E-22 5.98555E-21 1.60817E-21 1.56772E-27 1.71872E-13 7.43556E-08
 1.31786E-07 5.82893E-10 3.29711E-10 8.34596E-11 4.94536E-10 8.88188E-09 1.77813E-06 8.09557E-12
 8.94732E-06 5.28852E-18 7.35460E-18 4.49696E-15 1.09300E-12 2.20904E-15 9.37120E-17 1.37063E-17
 1.67036E-19 1.36940E-19 8.31705E-28 5.10482E-26 2.21589E-17 7.47971E-16 2.42092E-12 4.05748E-15
 1.01147E-10 1.51996E-24 5.26388E-29 1.17140E-28 1.11370E-21 5.95882E-21 1.33535E-21 1.75298E-27
 1.21274E-13 1.29593E-07 9.05029E-08 4.79774E-10 2.54295E-10 4.54260E-11 5.82222E-10 1.37523E-08
 1.81658E-06 5.07715E-12 1.17917E-05 1.95895E-18 3.19953E-18 4.52378E-15 1.05983E-12 1.10439E-15
 5.41403E-17 4.38610E-18 5.01932E-20 7.59110E-20 1.76281E-28 1.92189E-26 2.09639E-17 3.56317E-16
 2.84174E-12 2.92913E-15 1.00711E-10 3.86326E-25 3.06585E-29 1.02458E-28 1.54404E-21 5.74605E-21
 1.11164E-21 1.87363E-27 8.28091E-14 2.54472E-07 6.06643E-08 3.66748E-10 1.79928E-10 2.12299E-11
 7.53960E-10 2.19544E-08 1.84199E-06 3.26153E-12 1.50059E-05 6.63713E-19 1.31544E-18 4.56592E-15
 1.02490E-12 4.83031E-16 2.89630E-17 1.19546E-18 1.22926E-20 3.79625E-20 3.02775E-29 8.43361E-27
 1.99558E-17 1.67484E-16 3.67565E-12 2.28354E-15 9.98593E-11 8.95231E-26 1.42680E-29 7.88739E-29
 2.18159E-21 5.28209E-21 9.31855E-22 1.87225E-27 5.02904E-14 6.91606E-07 3.95594E-08 2.13405E-10
 9.49468E-11 7.14877E-12 1.31240E-09 3.57482E-08 1.85595E-06 2.13980E-12 1.85055E-05 2.01074E-19
 5.27580E-19 4.62197E-15 9.88048E-13 1.63442E-16 1.18233E-17 2.44186E-19 1.96725E-21 1.54570E-20
 3.63961E-30 5.00319E-27 1.90874E-17 6.93588E-17 5.65607E-12 2.07102E-15 9.78599E-11 1.64771E-26
 3.33704E-30 3.60983E-29 3.26390E-21 4.33682E-21 7.88577E-22 1.47713E-27 2.44268E-14 2.05289E-06
 2.54620E-08 1.02065E-10 3.97704E-11 1.92796E-12 2.58839E-09 5.09043E-08 1.86222E-06 1.42903E-12
 2.21556E-05 5.91497E-20 2.60777E-19 4.68466E-15 9.49171E-13 7.95823E-17 3.96072E-18 4.86478E-20
 3.13315E-22 7.91162E-21 6.01607E-31 3.92667E-27 1.83244E-17 2.62280E-17 9.15512E-12 2.16093E-15
 9.43403E-11 3.82711E-27 4.28951E-31 9.19560E-30 4.18357E-21 3.52408E-21 6.75454E-22 7.92673E-28
 1.10567E-14 4.74897E-06 1.64721E-08 5.57449E-11 1.83026E-11 5.03999E-13 4.22076E-09 6.30241E-08
 1.86490E-06 9.72767E-13 2.58232E-05 1.80191E-20 1.56524E-19 4.73844E-15 9.09067E-13 5.96980E-17
 1.49520E-18 1.17944E-20 6.98445E-23 5.46275E-21 1.94723E-31 2.98548E-27 1.76526E-17 1.04505E-17
 1.34046E-11 2.21698E-15 9.00690E-11 1.33763E-27 4.92555E-32 2.33949E-30 4.32693E-21 3.46314E-21
 5.86878E-22 3.77213E-28 5.41577E-15 8.88700E-06 1.08110E-08 3.48080E-11 9.51286E-12 1.36187E-13
 5.78858E-09 7.17383E-08 1.86597E-06 6.76595E-13 2.94367E-05 5.85431E-21 1.06456E-19 4.77097E-15
 8.68640E-13 4.86265E-17 6.43458E-19 3.59231E-21 2.00889E-23 3.90758E-21 8.03466E-32 2.03974E-27
 1.70636E-17 4.44043E-18 1.78063E-11 2.15512E-15 8.56447E-11 5.34785E-28 6.11717E-33 7.13928E-31
 4.16816E-21 3.68506E-21 5.17379E-22 1.88845E-28 2.92658E-15 1.45811E-05 7.19580E-09 2.34832E-11
 5.36505E-12 3.85123E-14 7.10678E-09 7.78745E-08 1.86630E-06 4.79346E-13 3.30091E-05 2.03896E-21
 7.92844E-20 4.77782E-15 8.28068E-13 3.98373E-17 2.98922E-19 1.29300E-21 6.57154E-24 2.76558E-21
 3.40793E-32 1.27641E-27 1.65419E-17 1.96385E-18 2.21468E-11 2.00476E-15 8.12804E-11 2.23500E-28
 8.86667E-34 2.57100E-31 4.00875E-21 3.89361E-21 4.61497E-22 1.02426E-28 1.70929E-15 2.20325E-05
 4.85343E-09 1.65315E-11 3.19155E-12 1.14231E-14 8.11610E-09 8.22082E-08 1.86626E-06 3.45156E-13
 3.65474E-05 7.62893E-22 6.36495E-20 4.75954E-15 7.87618E-13 3.25084E-17 1.44704E-19 5.13270E-22
 2.29549E-24 1.93640E-21 1.43140E-32 7.46090E-28 1.60768E-17 8.87521E-19 2.63489E-11 1.80231E-15
 7.70531E-11 9.54181E-29 1.54023E-34 1.04958E-31 3.92069E-21 4.02047E-21 4.15492E-22 5.95905E-29
 1.06320E-15 3.14634E-05 3.32663E-09 1.19230E-11 1.97324E-12 3.57628E-15 8.79334E-09 8.52890E-08
 1.86603E-06 2.52954E-13 4.00215E-05 3.08717E-22 5.45005E-20 4.71975E-15 7.47968E-13 2.64244E-17
 7.17033E-20 2.15338E-22 8.36311E-25 1.34601E-21 5.95144E-33 4.12061E-28 1.56643E-17 4.06331E-19
 3.03489E-11 1.57484E-15 7.30265E-11 4.12379E-29 3.18880E-35 4.72178E-32 3.90735E-21 4.06452E-21
 3.77153E-22 3.67169E-29 6.95421E-16 4.31821E-05 2.31843E-09 8.71645E-12 1.25524E-12 1.18148E-15
 9.15753E-09 8.75245E-08 1.86570E-06 1.88624E-13 4.34242E-05 1.34996E-22 4.91057E-20 4.66325E-15
 7.09507E-13 2.14162E-17 3.59893E-20 9.31133E-23 3.13814E-25 9.31189E-22 2.45598E-33 2.17072E-28
 1.52981E-17 1.87351E-19 3.41303E-11 1.34381E-15 6.92172E-11 1.79357E-29 7.61149E-36 2.28635E-32
 3.95576E-21 4.04056E-21 3.44686E-22 2.36458E-29 4.74238E-16 5.75277E-05 1.64249E-09 6.42036E-12
 8.16730E-13 4.10590E-16 9.23901E-09 8.91912E-08 1.86532E-06 1.42997E-13 4.67549E-05 6.34063E-23
 4.59170E-20 4.59463E-15 6.72507E-13 1.73219E-17 1.81907E-20 4.09441E-23 1.20450E-25 6.42196E-22
 1.00816E-33 1.09852E-28 1.49722E-17 8.67370E-20 3.76898E-11 1.12379E-15 6.56281E-11 7.82753E-30
 2.02540E-36 1.17354E-32 4.05469E-21 3.96109E-21 3.16781E-22 1.57700E-29 3.36306E-16 7.47168E-05
 1.18468E-09 4.74968E-12 5.42479E-13 1.50271E-16 9.06008E-09 9.04644E-08 1.86492E-06 1.10292E-13
 4.99955E-05 3.18207E-23 4.40417E-20 4.51813E-15 6.37387E-13 1.39964E-17 9.23756E-21 1.82381E-23
 4.72533E-26 4.42127E-22 4.13120E-34 5.36637E-29 1.46827E-17 4.03628E-20 4.10089E-11 9.23204E-16
 6.22781E-11 3.42907E-30 5.90033E-37 6.34450E-33 4.19790E-21 3.83321E-21 2.92644E-22 1.08444E-29
 2.46662E-16 9.50308E-05 8.68486E-10 3.52089E-12 3.66783E-13 5.76154E-17 8.66954E-09 9.14711E-08
 1.86449E-06 8.63857E-14 5.31610E-05 1.68685E-23 4.29310E-20 4.43636E-15 6.04154E-13 1.13032E-17
 4.70206E-21 8.19117E-24 1.88828E-26 3.04069E-22 1.69076E-34 2.54373E-29 1.44233E-17 1.88627E-20
 4.41051E-11 7.47004E-16 5.91490E-11 1.50707E-30 1.85009E-37 3.58301E-33 4.37827E-21 3.66476E-21
 2.71483E-22 7.64715E-30 1.86148E-16 1.18740E-04 6.45373E-10 2.61162E-12 2.51900E-13 2.29697E-17
 8.11923E-09 9.22955E-08 1.86404E-06 6.85359E-14 5.62726E-05 9.32928E-24 4.22637E-20 4.35078E-15
 5.72717E-13 9.12508E-18 2.39517E-21 3.69318E-24 7.66005E-27 2.08976E-22 6.90817E-35 1.17509E-29
 1.41883E-17 8.84397E-21 4.70027E-11 5.96677E-16 5.62164E-11 6.64349E-31 6.16532E-38 2.10025E-33
 4.59009E-21 3.46198E-21 2.52678E-22 5.50600E-30 1.44483E-16 1.45800E-04 4.86095E-10 1.93743E-12
 1.75775E-13 9.51219E-18 7.44518E-09 9.29865E-08 1.86358E-06 5.50606E-14 5.93188E-05 5.34781E-24
 4.18574E-20 4.26304E-15 5.43274E-13 7.36909E-18 1.22126E-21 1.67301E-24 3.15868E-27 1.43626E-22
 2.82429E-35 5.30585E-30 1.39750E-17 4.16974E-21 4.96971E-11 4.71135E-16 5.34844E-11 2.94332E-31
 2.17951E-38 1.27672E-33 4.82992E-21 3.22860E-21 2.35934E-22 4.04281E-30 1.15296E-16 1.75995E-04
 3.71105E-10 1.43708E-12 1.24628E-13 4.08860E-18 6.68831E-09 9.35768E-08 1.86311E-06 4.47831E-14
 6.22873E-05 3.16058E-24 4.16036E-20 4.17439E-15 5.15965E-13 5.95670E-18 6.23484E-22 7.62109E-25
 1.32512E-27 9.87824E-23 1.15722E-35 2.34748E-30 1.37810E-17 1.98006E-21 5.21874E-11 3.68196E-16
 5.09541E-11 1.31278E-31 8.16494E-39 8.03821E-34 5.09333E-21 2.96930E-21 2.21021E-22 3.02276E-30
 9.45478E-17 2.08941E-04 2.87195E-10 1.06568E-12 8.97681E-14 1.82271E-18 5.89056E-09 9.40888E-08
 1.86263E-06 3.68703E-14 6.51659E-05 1.91799E-24 4.14375E-20 4.08583E-15 4.90867E-13 4.82235E-18
 3.18834E-22 3.49417E-25 5.65828E-28 6.80283E-23 4.75819E-36 1.02000E-30 1.36041E-17 9.48074E-22
 5.44756E-11 2.85122E-16 4.86231E-11 5.90265E-32 3.23645E-39 5.23212E-34 5.37413E-21 2.69040E-21
 2.07747E-22 2.29729E-30 7.96383E-17 2.44114E-04 2.25375E-10 7.90102E-13 6.56582E-14 8.42311E-19
 5.09075E-09 9.45376E-08 1.86213E-06 3.07281E-14 6.79427E-05 1.19174E-24 4.13212E-20 3.99822E-15
 4.67995E-13 3.91188E-18 1.63394E-22 1.61422E-25 2.45981E-28 4.69337E-23 1.96561E-36 4.36158E-31
 1.34426E-17 4.58071E-22 5.65661E-11 2.18999E-16 4.64868E-11 2.67813E-32 1.35430E-39 3.51307E-34
 5.66443E-21 2.40000E-21 1.95951E-22 1.77104E-30 6.88647E-17 2.80892E-04 1.79457E-10 5.85740E-13
 4.87346E-14 4.03577E-19 4.32172E-09 9.49337E-08 1.86162E-06 2.59282E-14 7.06069E-05 7.57134E-25
 4.12322E-20 3.91234E-15 4.47307E-13 3.18092E-18 8.39588E-23 7.52753E-26 1.08888E-28 3.24514E-23
 8.16702E-37 1.83883E-31 1.32946E-17 2.23471E-22 5.84656E-11 1.66999E-16 4.45384E-11 1.22688E-32
 5.96466E-40 2.42699E-34 5.95465E-21 2.10778E-21 1.85485E-22 1.38190E-30 6.10888E-17 3.18610E-04
 1.45158E-10 4.34360E-13 3.66785E-14 2.01306E-19 3.60889E-09 9.52844E-08 1.86109E-06 2.21596E-14
 7.31499E-05 4.92594E-25 4.11576E-20 3.82888E-15 4.28711E-13 2.59345E-18 4.33199E-23 3.56460E-26
 4.92204E-29 2.24935E-23 3.42576E-37 7.66288E-32 1.31588E-17 1.10408E-22 6.01821E-11 1.26555E-16
 4.27697E-11 5.67830E-33 2.76050E-40 1.72011E-34 6.23292E-21 1.82572E-21 1.76217E-22 1.08864E-30
 5.50205E-17 3.58141E-04 1.18456E-10 3.22019E-13 2.78478E-14 1.02902E-19 2.98016E-09 9.56071E-08
 1.86053E-06 1.90756E-14 7.56625E-05 3.24546E-25 4.10869E-20 3.74522E-15 4.11409E-13 2.11707E-18
 2.23640E-23 1.69374E-26 2.24485E-29 1.56083E-23 1.43717E-37 3.16134E-32 1.30286E-17 5.47490E-23
 6.17869E-11 9.54506E-17 4.11068E-11 2.64085E-33 1.31629E-40 1.23756E-34 6.49163E-21 1.56133E-21
 1.67691E-22 8.60851E-31 4.97906E-17 4.00833E-04 9.67189E-11 2.38548E-13 2.12329E-14 5.27715E-20
 2.44499E-09 9.59167E-08 1.85989E-06 1.64347E-14 7.82481E-05 2.13576E-25 4.10122E-20 3.65819E-15
 3.94621E-13 1.72736E-18 1.15084E-23 7.93582E-27 1.01886E-29 1.08245E-23 5.96335E-38 1.29286E-32
 1.28977E-17 2.69719E-23 6.33486E-11 7.17379E-17 3.94775E-11 1.22759E-33 6.33714E-41 8.95914E-35
 6.72679E-21 1.31817E-21 1.59495E-22 6.80142E-31 4.52276E-17 4.46615E-04 7.89381E-11 1.76690E-13
 1.62601E-14 2.70955E-20 1.99360E-09 9.62141E-08 1.85917E-06 1.41602E-14 8.09122E-05 1.40308E-25
 4.09296E-20 3.56784E-15 3.78255E-13 1.40839E-18 5.91419E-24 3.67071E-27 4.61549E-30 7.50102E-24
 2.45700E-38 5.25449E-33 1.27647E-17 1.32492E-23 6.48693E-11 5.37577E-17 3.78777E-11 5.70815E-34
 3.08142E-41 6.52947E-35 6.93382E-21 1.10046E-21 1.51576E-22 5.36881E-31 4.12533E-17 4.95174E-04
 6.44059E-11 1.30932E-13 1.25122E-14 1.39405E-20 1.61521E-09 9.64980E-08 1.85835E-06 1.22016E-14
 8.36451E-05 9.21356E-26 4.08360E-20 3.47471E-15 3.62284E-13 1.14741E-18 3.03821E-24 1.68135E-27
 2.09343E-30 5.19323E-24 1.00823E-38 2.12414E-33 1.26293E-17 6.50971E-24 6.63427E-11 4.01755E-17
 3.63118E-11 2.65676E-34 1.51723E-41 4.79817E-35 7.11120E-21 9.09370E-22 1.43925E-22 4.23700E-31
 3.77914E-17 5.46197E-04 5.25356E-11 9.71240E-14 9.67660E-15 7.19242E-21 1.30031E-09 9.67667E-08
 1.85742E-06 1.05151E-14 8.64369E-05 6.05460E-26 4.07287E-20 3.37936E-15 3.46644E-13 9.33841E-19
 1.56090E-24 7.64379E-28 9.52126E-31 3.59136E-24 4.12484E-39 8.54442E-34 1.24909E-17 3.20388E-24
 6.77634E-11 2.99496E-17 3.47831E-11 1.23787E-34 7.57829E-42 3.55936E-35 7.25913E-21 7.44271E-22
 1.36531E-22 3.34495E-31 3.47741E-17 5.99373E-04 4.28417E-11 7.21692E-14 7.52128E-15 3.72394E-21
 1.04030E-09 9.70182E-08 1.85635E-06 9.06237E-15 8.92780E-05 3.98673E-26 4.06045E-20 3.28234E-15
 3.31233E-13 7.58992E-19 8.02278E-25 3.45547E-28 4.34553E-31 2.47983E-24 1.68285E-39 3.42131E-34
 1.23488E-17 1.58106E-24 6.91266E-11 2.22745E-17 3.32938E-11 5.77261E-35 3.84481E-42 2.66764E-35
 7.37855E-21 6.03740E-22 1.29377E-22 2.64268E-31 3.22179E-17 6.54405E-04 3.49224E-11 5.37785E-14
 5.87472E-15 1.93648E-21 8.27656E-10 9.72502E-08 1.85512E-06 7.81041E-15 9.21591E-05 2.63620E-26
 4.04605E-20 3.18414E-15 3.15920E-13 6.15723E-19 4.13126E-25 1.55638E-28 1.99454E-31 1.70879E-24
 6.86136E-40 1.36598E-34 1.22022E-17 7.84880E-25 7.04281E-11 1.65368E-17 3.18451E-11 2.69562E-35
 1.98682E-42 2.02103E-35 7.47060E-21 4.86078E-22 1.22447E-22 2.08989E-31 3.12433E-17 7.10833E-04
 2.84662E-11 4.05768E-14 4.66074E-15 1.01584E-21 6.73934E-10 9.74632E-08 1.85376E-06 6.73380E-15
 9.50614E-05 1.76308E-26 4.02935E-20 3.08553E-15 3.00590E-13 5.04702E-19 2.20645E-25 7.04541E-29
 9.46934E-32 1.21429E-24 2.92392E-40 5.82534E-35 1.20507E-17 4.05330E-25 7.16599E-11 1.24675E-17
 3.04421E-11 1.36753E-35 1.07191E-42 1.56218E-35 7.53561E-21 3.90357E-22 1.15737E-22 1.67246E-31
 3.15137E-17 7.68117E-04 2.32319E-11 3.09288E-14 3.74655E-15 5.40017E-22 5.58323E-10 9.76638E-08
 1.85238E-06 5.81324E-15 9.79585E-05 1.19744E-26 4.01002E-20 2.98740E-15 2.85376E-13 4.16926E-19
 1.21677E-25 3.22731E-29 4.67578E-32 8.84233E-25 1.31338E-40 2.62231E-35 1.18942E-17 2.18425E-25
 7.28082E-11 9.50002E-18 2.90952E-11 7.43693E-36 6.03720E-43 1.23023E-35 7.57690E-21 3.12578E-22
 1.09262E-22 1.35178E-31 3.10874E-17 8.26137E-04 1.89897E-11 2.34755E-14 2.98944E-15 2.90077E-22
 4.46564E-10 9.78540E-08 1.85099E-06 5.02628E-15 1.00842E-04 8.20321E-27 3.98763E-20 2.88996E-15
 2.70536E-13 3.39099E-19 6.51814E-26 1.48457E-29 2.28880E-32 6.20392E-25 5.74687E-41 1.09674E-35
 1.17313E-17 1.16057E-25 7.38661E-11 7.08740E-18 2.78067E-11 3.73584E-36 3.41307E-43 9.71703E-36
 7.59869E-21 2.47640E-22 1.02993E-22 1.08171E-31 3.17227E-17 8.84711E-04 1.55502E-11 1.80609E-14
 2.41877E-15 1.57747E-22 3.64867E-10 9.80365E-08 1.84963E-06 4.35350E-15 1.03705E-04 5.68585E-27
 3.96170E-20 2.79348E-15 2.56123E-13 2.78752E-19 3.60718E-26 6.89814E-30 1.14511E-32 4.48839E-25
 2.58838E-41 4.83370E-36 1.15609E-17 6.30601E-26 7.48285E-11 5.34893E-18 2.65766E-11 2.01686E-36
 1.97691E-43 7.82279E-36 7.60052E-21 1.95052E-22 9.69035E-23 8.75425E-32 3.14791E-17 9.43783E-04
 1.27626E-11 1.39032E-14 1.93771E-15 8.65335E-23 2.86665E-10 9.82151E-08 1.84833E-06 3.77862E-15
 1.06538E-04 3.95260E-27 3.93167E-20 2.69805E-15 2.42463E-13 2.25423E-19 1.94016E-26 3.21217E-30
 5.60071E-33 3.11450E-25 1.11568E-41 1.95659E-36 1.13814E-17 3.32898E-26 7.56885E-11 3.94200E-18
 2.54057E-11 9.94089E-37 1.13816E-43 6.30818E-36 7.58435E-21 1.51714E-22 9.09662E-23 6.99824E-32
 3.16427E-17 1.00336E-03 1.04982E-11 1.08781E-14 1.56321E-15 4.78754E-23 2.26613E-10 9.83889E-08
 1.84707E-06 3.28648E-15 1.09340E-04 2.75931E-27 3.89689E-20 2.60366E-15 2.29603E-13 1.83193E-19
 1.06688E-26 1.50497E-30 2.74493E-33 2.18907E-25 4.80722E-42 8.02921E-37 1.11909E-17 1.75808E-26
 7.64424E-11 2.91213E-18 2.42908E-11 5.02390E-37 6.61041E-44 5.15565E-36 7.54947E-21 1.17047E-22
 8.51464E-23 5.61974E-32 3.19033E-17 1.06329E-03 8.66346E-12 8.67183E-15 1.26618E-15 2.67278E-23
 1.79094E-10 9.85680E-08 1.84597E-06 2.86642E-15 1.12098E-04 1.93052E-27 3.85673E-20 2.51055E-15
 2.17779E-13 1.49307E-19 6.00433E-27 7.11992E-31 1.35012E-33 1.54748E-25 2.07909E-42 3.30372E-37
 1.09880E-17 9.28769E-27 7.70811E-11 2.14748E-18 2.32334E-11 2.56793E-37 3.86973E-44 4.26099E-36
 7.49606E-21 8.95586E-23 7.94307E-23 4.51970E-32 3.08271E-17 1.12386E-03 7.17214E-12 7.03870E-15
 1.00988E-15 1.49648E-23 1.34457E-10 9.87471E-08 1.84492E-06 2.50680E-15 1.14815E-04 1.33787E-27
 3.81032E-20 2.41840E-15 2.07247E-13 1.19434E-19 3.29994E-27 3.37153E-31 6.36487E-34 1.03624E-25
 8.38389E-43 1.20808E-37 1.07699E-17 4.65952E-27 7.75998E-11 1.53573E-18 2.22287E-11 1.15896E-37
 2.22784E-44 3.51496E-36 7.42413E-21 6.74929E-23 7.37799E-23 3.57024E-32 2.95824E-17 1.18529E-03
 5.95479E-12 5.91588E-15 8.07145E-16 8.39483E-24 1.00561E-10 9.89128E-08 1.84368E-06 2.19780E-15
 1.17496E-04 9.19800E-28 3.75684E-20 2.32695E-15 1.97901E-13 9.58538E-20 1.87172E-27 1.60689E-31
 2.94933E-34 6.95686E-26 3.28966E-43 4.35301E-38 1.05344E-17 2.28565E-27 7.79935E-11 1.09466E-18
 2.12717E-11 5.17328E-38 1.27805E-44 2.92444E-36 7.33253E-21 5.03589E-23 6.81669E-23 2.81830E-32
 2.83549E-17 1.24765E-03 4.96130E-12 5.18103E-15 6.46303E-16 4.72273E-24 7.50509E-11 9.90654E-08
 1.84225E-06 1.93255E-15 1.20131E-04 6.28439E-28 3.69553E-20 2.23629E-15 1.89706E-13 7.72142E-20
 1.10925E-27 7.76787E-32 1.35946E-34 4.68413E-26 1.27934E-43 1.56142E-38 1.02795E-17 1.11030E-27
 7.82530E-11 7.78795E-19 2.03619E-11 2.30875E-38 7.35008E-45 2.45178E-36 7.22056E-21 3.73100E-23
 6.25904E-23 2.22223E-32 2.70896E-17 1.31107E-03 4.15088E-12 4.74214E-15 5.18344E-16 2.66684E-24
 5.58917E-11 9.92051E-08 1.84056E-06 1.70513E-15 1.22709E-04 4.26845E-28 3.62565E-20 2.14648E-15
 1.82643E-13 6.24591E-20 6.89491E-28 3.83528E-32 6.25871E-35 3.16419E-26 4.96461E-44 5.57363E-39
 1.00036E-17 5.35911E-28 7.83683E-11 5.52816E-19 1.94990E-11 1.02961E-38 4.24257E-45 2.06907E-36
 7.08761E-21 2.74746E-23 5.70572E-23 1.74944E-32 2.53969E-17 1.37589E-03 3.48862E-12 4.55784E-15
 4.12671E-16 1.50962E-24 4.05950E-11 9.93198E-08 1.83838E-06 1.50989E-15 1.25228E-04 2.87164E-28
 3.54643E-20 2.05739E-15 1.76694E-13 5.02254E-20 4.41804E-28 1.93584E-32 2.82617E-35 2.08595E-26
 1.86811E-44 1.87654E-39 9.70481E-18 2.51870E-28 7.83305E-11 3.86444E-19 1.86810E-11 4.33695E-39
 2.43563E-45 1.74698E-36 6.93295E-21 2.00617E-23 5.15750E-23 1.36240E-32 2.35020E-17 1.44249E-03
 2.94562E-12 4.59883E-15 3.26768E-16 8.56239E-25 2.89519E-11 9.93804E-08 1.83520E-06 1.34182E-15
 1.27686E-04 1.91328E-28 3.45730E-20 1.96891E-15 1.71706E-13 4.02540E-20 2.93142E-28 1.00141E-32
 1.25088E-35 1.35125E-26 6.80543E-45 6.02907E-40 9.38182E-18 1.15272E-28 7.81316E-11 2.67141E-19
 1.79055E-11 1.74347E-39 1.38988E-45 1.47534E-36 6.75599E-21 1.45447E-23 4.61661E-23 1.05126E-32
 2.19947E-17 1.51101E-03 2.50107E-12 4.77860E-15 2.61290E-16 4.88385E-25 2.11274E-11 9.93776E-08
 1.83082E-06 1.19746E-15 1.30067E-04 1.27052E-28 3.35816E-20 1.88139E-15 1.67474E-13 3.27428E-20
 2.05810E-28 5.36500E-33 5.60322E-36 9.03110E-27 2.52308E-45 2.03235E-40 9.03515E-18 5.31741E-29
 7.77641E-11 1.86961E-19 1.71743E-11 7.34364E-40 7.99289E-46 1.25444E-36 6.55705E-21 1.05354E-23
 4.08854E-23 8.15853E-33 2.05771E-17 1.58181E-03 2.13736E-12 5.12073E-15 2.08313E-16 2.80532E-25
 1.52918E-11 9.93071E-08 1.82507E-06 1.07357E-15 1.32362E-04 8.41252E-29 3.24895E-20 1.79496E-15
 1.63914E-13 2.66148E-20 1.48616E-28 2.97496E-33 2.51505E-36 5.98264E-27 9.36667E-46 6.73976E-41
 8.66520E-18 2.44689E-29 7.72207E-11 1.30130E-19 1.64878E-11 3.05781E-40 4.60818E-46 1.06577E-36
 6.33646E-21 7.61632E-24 3.57832E-23 6.28557E-33 1.93242E-17 1.65526E-03 1.84010E-12 5.59330E-15
 1.66227E-16 1.62626E-25 1.10935E-11 9.91491E-08 1.81756E-06 9.67293E-16 1.34561E-04 5.56817E-29
 3.13002E-20 1.70988E-15 1.60912E-13 2.17204E-20 1.10071E-28 1.70685E-33 1.13572E-36 3.97910E-27
 3.50248E-46 2.23923E-41 8.27370E-18 1.12812E-29 7.64979E-11 9.05886E-20 1.58464E-11 1.27689E-40
 2.66588E-46 9.05312E-37 6.09538E-21 5.50223E-24 3.09208E-23 4.82487E-33 1.82931E-17 1.73170E-03
 1.59803E-12 6.15617E-15 1.33237E-16 9.55335E-26 8.14904E-12 9.88967E-08 1.80805E-06 8.76318E-16
 1.36651E-04 3.70055E-29 3.00212E-20 1.62650E-15 1.58376E-13 1.78731E-20 8.34770E-29 1.01289E-33
 5.20416E-37 2.68893E-27 1.33767E-46 7.63642E-42 7.86346E-18 5.25814E-30 7.55947E-11 6.34314E-20
 1.52512E-11 5.46578E-41 1.55176E-46 7.69353E-37 5.83570E-21 3.97961E-24 2.63626E-23 3.70253E-33
 1.73304E-17 1.81173E-03 1.40156E-12 6.86205E-15 1.06360E-16 5.72100E-26 5.94036E-12 9.85330E-08
 1.79615E-06 7.98416E-16 1.38628E-04 2.48061E-29 2.86607E-20 1.54500E-15 1.56250E-13 1.46789E-20
 6.37940E-29 6.17869E-34 2.39248E-37 1.79827E-27 5.12249E-47 2.55588E-42 7.43730E-18 2.45086E-30
 7.45118E-11 4.41492E-20 1.47019E-11 2.30791E-41 9.04656E-47 6.50803E-37 5.55939E-21 2.88128E-24
 2.21584E-23 2.81570E-33 1.64852E-17 1.89577E-03 1.24325E-12 7.67739E-15 8.48809E-17 3.54990E-26
 4.34050E-12 9.80309E-08 1.78130E-06 7.31745E-16 1.40486E-04 1.70002E-29 2.72328E-20 1.46576E-15
 1.54463E-13 1.20895E-20 4.91517E-29 3.88123E-34 1.10776E-37 1.20556E-27 1.97478E-47 8.55325E-43
 6.99974E-18 1.14754E-30 7.32557E-11 3.07132E-20 1.41987E-11 9.73676E-42 5.30957E-47 5.48402E-37
 5.26959E-21 2.09877E-24 1.83577E-23 2.12995E-33 1.57848E-17 1.98441E-03 1.11699E-12 8.64193E-15
 6.74271E-17 2.37161E-26 3.15438E-12 9.73573E-08 1.76279E-06 6.74620E-16 1.42222E-04 1.22462E-29
 2.57527E-20 1.38905E-15 1.52957E-13 9.93449E-21 3.79860E-29 2.54918E-34 5.22786E-38 7.99906E-28
 7.69946E-48 2.81944E-43 6.55539E-18 5.47991E-31 7.18349E-11 2.12729E-20 1.37408E-11 4.07858E-42
 3.20771E-47 4.59022E-37 4.96961E-21 1.55788E-24 1.49902E-23 1.59565E-33 1.54422E-17 2.07784E-03
 1.01870E-12 9.51251E-15 5.43615E-17 1.84120E-26 2.40711E-12 9.65159E-08 1.74058E-06 6.25964E-16
 1.43826E-04 9.76821E-30 2.42436E-20 1.31548E-15 1.51671E-13 8.34121E-21 3.04319E-29 1.85752E-34
 2.82677E-38 5.59387E-28 3.46800E-48 1.05193E-43 6.11103E-18 3.04689E-31 7.02675E-11 1.51821E-20
 1.33292E-11 1.94371E-42 2.21028E-47 3.84877E-37 4.66432E-21 1.22202E-24 1.20803E-23 1.20743E-33
 2.85150E+02 2.78650E+02 2.72150E+02 2.65660E+02 2.61170E+02 2.55680E+02 2.49190E+02 2.42700E+02
 2.36210E+02 2.25000E+02 2.10000E+02 2.10000E+02 2.10000E+02 2.10000E+02 2.10000E+02 2.00000E+02
 2.00000E+02 2.00000E+02 2.00000E+02 2.00000E+02 2.00000E+02 2.00000E+02 2.00000E+02 2.00000E+02
 2.00000E+02 2.00000E+02 2.00000E+02 2.00000E+02 2.00000E+02 2.00000E+02 2.00000E+02 2.00000E+02
 2.00000E+02 2.00000E+02 2.00000E+02 2.00000E+02 2.00000E+02 2.00000E+02 2.00000E+02 2.00000E+02
 2.00000E+02 2.00000E+02 2.00000E+02 2.00000E+02 2.00000E+02 2.00000E+02 2.00000E+02 2.00000E+02
 2.00000E+02 2.00000E+02 2.00000E+02 2.00000E+02 2.00000E+02 2.00000E+02 2.00000E+02 2.00000E+02
 2.00000E+02 2.00000E+02 2.00000E+02 2.00000E+02 2.00000E+02 2.00000E+02 2.00000E+02 2.00000E+02
 2.00000E+02 2.00000E+02 2.00000E+02 2.00000E+02 2.00000E+02 2.00000E+02 2.00000E+02 2.00000E+02
 2.00000E+02 2.00000E+02 2.00000E+02 2.00000E+02 2.00000E+02 2.00000E+02 2.00000E+02 1.98600E+02
 1.96000E+02 1.94700E+02 1.92000E+02 1.90800E+02 1.89000E+02 1.86900E+02 1.86900E+02 1.86900E+02
 1.86900E+02 1.86900E+02 1.88000E+02 1.90000E+02 1.91000E+02 1.92500E+02 1.94000E+02 1.95000E+02
 1.96500E+02 1.98000E+02 2.00000E+02 2.00000E+02 1.00000E+05 1.00000E+05 1.00000E+05 1.00000E+05
 1.00000E+05 1.00000E+05 1.00000E+05 1.00000E+05 1.00000E+05 8.94400E+04 4.89900E+04 2.25800E+04
 1.16600E+04 6.81200E+03 5.16500E+03 4.29000E+03 3.95000E+03 3.90000E+03 3.99900E+03 4.34300E+03
 4.84400E+03 5.43900E+03 6.18700E+03 7.03600E+03 7.98400E+03 8.98600E+03 1.00300E+04 1.12800E+04
 1.24900E+04 1.36300E+04 1.51300E+04 1.66900E+04 1.81800E+04 1.99800E+04 2.19800E+04 2.44500E+04
 2.74600E+04 3.04600E+04 3.39400E+04 3.79500E+04 4.19500E+04 4.64300E+04 5.19100E+04 5.84000E+04
 6.44500E+04 7.13600E+04 7.99000E+04 8.79100E+04 9.68700E+04 1.06900E+05 1.17800E+05 1.31800E+05
 1.48300E+05 1.65800E+05 1.83300E+05 2.01800E+05 2.25600E+05 2.52200E+05 2.77200E+05 3.07000E+05
 3.42100E+05 3.79500E+05 4.21900E+05 4.71700E+05 5.17400E+05 5.67400E+05 6.22400E+05 6.82600E+05
 7.48700E+05 8.21200E+05 9.00700E+05 9.87900E+05 1.00000E+06 1.00000E+06 1.00000E+06 1.00000E+06
 1.00000E+06 1.00000E+06 1.00000E+06 1.00000E+06 1.00000E+06 1.00000E+06 1.00000E+06 1.00000E+06
 1.00000E+06 1.00000E+06 1.00000E+06 1.00000E+06 1.00000E+06 1.00000E+06 1.00000E+06 1.00000E+06
 1.00000E+06 1.00000E+06 1.00000E+06 1.00000E+06 1.00000E+06 1.00000E+06 1.00000E+06 1.00000E+06
 2.42866E+19 2.20950E+19 2.00571E+19 1.81647E+19 1.62933E+19 1.46412E+19 1.31760E+19 1.18249E+19
 1.05818E+19 9.62457E+18 8.85763E+18 7.56753E+18 6.46564E+18 5.52447E+18 4.72054E+18 4.21927E+18
 3.57740E+18 3.03334E+18 2.57215E+18 2.18119E+18 1.84976E+18 1.56876E+18 1.33052E+18 1.12852E+18
 9.57236E+17 8.11991E+17 6.88820E+17 5.84362E+17 4.95771E+17 4.20632E+17 3.56900E+17 3.02839E+17
 2.56981E+17 2.18078E+17 1.85073E+17 1.57072E+17 1.33314E+17 1.13155E+17 9.60500E+16 8.15344E+16
 6.92161E+16 5.87618E+16 4.98891E+16 4.23583E+16 3.59661E+16 3.05401E+16 2.59340E+16 2.20237E+16
 1.87040E+16 1.58854E+16 1.34923E+16 1.14603E+16 9.73481E+15 8.26954E+15 7.02517E+15 5.96836E+15
 5.07078E+15 4.30840E+15 3.66083E+15 3.11076E+15 2.64347E+15 2.24649E+15 1.90922E+15 1.62267E+15
 1.37919E+15 1.17231E+15 9.96510E+14 8.47117E+14 7.20156E+14 6.12254E+14 5.20546E+14 4.42596E+14
 3.76339E+14 3.20016E+14 2.72136E+14 2.31432E+14 1.96825E+14 1.67402E+14 1.42384E+14 1.21896E+14
 1.04833E+14 8.94299E+13 7.67223E+13 6.52081E+13 5.55288E+13 4.72855E+13 3.97822E+13 3.34713E+13
 2.81631E+13 2.36980E+13 1.98352E+13 1.65482E+13 1.38991E+13 1.16575E+13 9.79130E+12 8.25469E+12
 6.94941E+12 5.85848E+12 4.93407E+12 4.20109E+12 1.05744E-10 1.28617E-10 1.76445E-10 2.35743E-10
 3.00512E-10 3.66098E-10 4.28050E-10 4.82057E-10 5.23458E-10 5.49427E-10 5.61548E-10 5.69396E-10
 5.65201E-10 5.49898E-10 5.23715E-10 4.88453E-10 4.46551E-10 4.02001E-10 3.58380E-10 3.18427E-10
 2.83753E-10 2.54176E-10 2.29155E-10 2.08105E-10 1.89815E-10 1.72874E-10 1.56671E-10 1.41242E-10
 1.26569E-10 1.12498E-10 9.91326E-11 8.66113E-11 7.48831E-11 6.39996E-11 5.40638E-11 4.51503E-11
 3.73210E-11 3.05066E-11 2.46230E-11 1.96273E-11 1.54244E-11 1.19242E-11 9.07264E-12 6.80323E-12
 5.01388E-12 3.61826E-12 2.55935E-12 1.76998E-12 1.19101E-12 7.78592E-13 4.88868E-13 2.99104E-13
 1.78539E-13 1.03459E-13 5.77214E-14 3.08419E-14 1.58907E-14 7.87687E-15 3.71538E-15 1.67197E-15
 7.19491E-16 2.94158E-16 1.14144E-16 4.21498E-17 1.44785E-17 4.60116E-18 1.34567E-18 3.59953E-19
 8.75114E-20 1.92054E-20 3.77678E-21 6.60317E-22 8.70603E-23 8.03566E-24 4.87709E-25 1.80833E-26
 3.75677E-28 3.95037E-30 1.86589E-32 3.42388E-35 2.03701E-38 3.17360E-42 9.94907E-47 4.60699E-52
 2.16565E-58 6.52972E-66 7.51152E-75 1.78288E-85 4.20694E-98 1.00000-100 1.00000-100 1.00000-100
 1.00000-100 1.00000-100 1.00000-100 1.00000-100 1.00000-100 1.00000-100 1.00000-100 1.00000-100
 3.90910E+01 3.40549E+01 3.46097E+01 3.55018E+01 3.72379E+01 3.81220E+01 3.77965E+01 3.66208E+01
 3.42904E+01 3.16444E+01 2.90686E+01 2.34020E+01 1.93980E+01 1.57052E+01 1.23349E+01 1.11405E+01
 9.01296E+00 7.70331E+00 6.79983E+00 6.33185E+00 6.09897E+00 6.00919E+00 6.13032E+00 6.43907E+00
 5.70937E+00 4.36500E+00 3.32219E+00 2.51524E+00 1.89323E+00 1.41408E+00 1.04710E+00 7.69070E-01
 5.59992E-01 4.03052E-01 2.86716E-01 2.01621E-01 1.40321E-01 9.65662E-02 6.57053E-02 4.41454E-02
 2.92461E-02 1.90759E-02 1.22429E-02 7.74665E-03 4.81855E-03 2.93386E-03 1.75026E-03 1.02042E-03
 5.78514E-04 3.18775E-04 1.68722E-04 8.69768E-05 4.36880E-05 2.12816E-05 9.97754E-06 4.47973E-06
 1.93788E-06 8.06105E-07 3.23076E-07 1.23542E-07 4.51774E-08 1.56966E-08 5.17642E-09 1.62460E-09
 4.74318E-10 1.28124E-10 3.18525E-11 7.24287E-12 1.49697E-12 2.79303E-13 4.66984E-14 6.94196E-15
 7.78253E-16 6.10822E-17 3.15260E-18 9.94082E-20 1.75638E-21 1.57080E-23 6.31061E-26 9.91358E-29
 5.07238E-32 6.74150E-36 1.81312E-40 7.13577E-46 2.85647E-52 7.33406E-60 7.09805E-69 1.41748E-79
 2.81429E-92 5.62902E-95 4.71149E-95 3.93071E-95 3.30147E-95 2.76903E-95 2.32575E-95 1.96075E-95
 1.65071E-95 1.39158E-95 1.17200E-95 9.97894E-96 0.00000E+00 0.00000E+00 0.00000E+00 0.00000E+00
 0.00000E+00 0.00000E+00 0.00000E+00 0.00000E+00 0.00000E+00 0.00000E+00 0.00000E+00 0.00000E+00
 0.00000E+00 0.00000E+00 0.00000E+00 0.00000E+00 0.00000E+00 0.00000E+00 0.00000E+00 0.00000E+00
 0.00000E+00 0.00000E+00 0.00000E+00 0.00000E+00 0.00000E+00 0.00000E+00 0.00000E+00 0.00000E+00
 0.00000E+00 0.00000E+00 0.00000E+00 0.00000E+00 0.00000E+00 0.00000E+00 0.00000E+00 0.00000E+00
 0.00000E+00 0.00000E+00 0.00000E+00 0.00000E+00 0.00000E+00 0.00000E+00 0.00000E+00 0.00000E+00
 0.00000E+00 0.00000E+00 0.00000E+00 0.00000E+00 0.00000E+00 0.00000E+00 0.00000E+00 0.00000E+00
 0.00000E+00 0.00000E+00 0.00000E+00 0.00000E+00 0.00000E+00 0.00000E+00 0.00000E+00 0.00000E+00
 0.00000E+00 0.00000E+00 0.00000E+00 0.00000E+00 0.00000E+00 0.00000E+00 0.00000E+00 0.00000E+00
 0.00000E+00 0.00000E+00 0.00000E+00 0.00000E+00 0.00000E+00 0.00000E+00 0.00000E+00 0.00000E+00
 0.00000E+00 0.00000E+00 0.00000E+00 0.00000E+00 0.00000E+00 0.00000E+00 0.00000E+00 0.00000E+00
 0.00000E+00 0.00000E+00 0.00000E+00 0.00000E+00 0.00000E+00 0.00000E+00 0.00000E+00 0.00000E+00
 0.00000E+00 0.00000E+00 0.00000E+00 0.00000E+00 0.00000E+00 0.00000E+00 0.00000E+00 0.00000E+00
 0.00000E+00 0.00000E+00 0.00000E+00 0.00000E+00 0.00000E+00 0.00000E+00 0.00000E+00 0.00000E+00
 0.00000E+00 0.00000E+00 0.00000E+00 0.00000E+00 0.00000E+00 0.00000E+00 0.00000E+00 0.00000E+00
 0.00000E+00 0.00000E+00 0.00000E+00 0.00000E+00 0.00000E+00 0.00000E+00 0.00000E+00 0.00000E+00
 0.00000E+00 0.00000E+00 0.00000E+00 0.00000E+00 0.00000E+00 0.00000E+00 0.00000E+00 0.00000E+00
 0.00000E+00 0.00000E+00 0.00000E+00 0.00000E+00 0.00000E+00 0.00000E+00 0.00000E+00 0.00000E+00
 0.00000E+00 0.00000E+00 0.00000E+00 0.00000E+00 0.00000E+00 0.00000E+00 0.00000E+00 0.00000E+00
 0.00000E+00 0.00000E+00 0.00000E+00 0.00000E+00 0.00000E+00 0.00000E+00 0.00000E+00 0.00000E+00
 0.00000E+00 0.00000E+00 0.00000E+00 0.00000E+00 0.00000E+00 0.00000E+00 0.00000E+00 0.00000E+00
 0.00000E+00 0.00000E+00 0.00000E+00 0.00000E+00 0.00000E+00 0.00000E+00 0.00000E+00 0.00000E+00
 0.00000E+00 0.00000E+00 0.00000E+00 0.00000E+00 0.00000E+00 0.00000E+00 0.00000E+00 0.00000E+00
 0.00000E+00 0.00000E+00 0.00000E+00 0.00000E+00 0.00000E+00 0.00000E+00 0.00000E+00 0.00000E+00
 0.00000E+00 0.00000E+00 0.00000E+00 0.00000E+00 0.00000E+00 0.00000E+00 0.00000E+00 0.00000E+00
 0.00000E+00 0.00000E+00 0.00000E+00 0.00000E+00 7.12175E-04 7.78457E-04 8.55121E-04 9.41379E-04
 1.02182E-03 1.11219E-03 1.21762E-03 1.33554E-03 1.47289E-03 1.64683E-03 1.86743E-03 2.12161E-03
 2.38857E-03 2.70948E-03 3.10095E-03 3.47083E-03 3.91416E-03 4.32223E-03 4.72599E-03 5.08842E-03
 5.44394E-03 5.81117E-03 6.16156E-03 6.50031E-03 7.28918E-03 8.59856E-03 1.01464E-02 1.19776E-02
 1.41429E-02 1.67017E-02 1.97281E-02 2.33040E-02 2.75138E-02 3.24888E-02 3.83683E-02 4.53169E-02
 5.35295E-02 6.32360E-02 7.46686E-02 8.81761E-02 1.04123E-01 1.22918E-01 1.45119E-01 1.71307E-01
 2.02204E-01 2.38705E-01 2.81837E-01 3.32820E-01 3.93114E-01 4.64248E-01 5.48235E-01 6.47533E-01
 7.65208E-01 9.04647E-01 1.06965E+00 1.26479E+00 1.49604E+00 1.76996E+00 2.08302E+00 2.45133E+00
 2.88463E+00 3.39435E+00 3.99394E+00 4.69922E+00 5.52876E+00 6.50442E+00 7.65187E+00 9.00129E+00
 1.05882E+01 1.24541E+01 1.46483E+01 1.72281E+01 2.02612E+01 2.38271E+01 2.80193E+01 3.29473E+01
 3.87401E+01 4.55492E+01 5.35524E+01 6.30072E+01 7.42705E+01 8.76696E+01 1.03703E+02 1.22828E+02
 1.45704E+02 1.73170E+02 2.05832E+02 2.44641E+02 2.90751E+02 3.45534E+02 4.10225E+02 4.86174E+02
 5.75613E+02 6.80635E+02 8.03768E+02 9.48267E+02 1.11741E+03 1.31508E+03 1.54538E+03 1.81500E+03
 0.00000E+00 0.00000E+00 0.00000E+00 0.00000E+00 0.00000E+00 0.00000E+00 0.00000E+00 0.00000E+00
 0.00000E+00 0.00000E+00 0.00000E+00 0.00000E+00 0.00000E+00 0.00000E+00 0.00000E+00 0.00000E+00
 0.00000E+00 0.00000E+00 0.00000E+00 0.00000E+00 0.00000E+00 0.00000E+00 0.00000E+00 0.00000E+00
 0.00000E+00 0.00000E+00 0.00000E+00 0.00000E+00 0.00000E+00 0.00000E+00 0.00000E+00 0.00000E+00
 0.00000E+00 0.00000E+00 0.00000E+00 0.00000E+00 0.00000E+00 0.00000E+00 0.00000E+00 0.00000E+00
 0.00000E+00 0.00000E+00 0.00000E+00 0.00000E+00 0.00000E+00 0.00000E+00 0.00000E+00 0.00000E+00
 0.00000E+00 0.00000E+00 0.00000E+00 0.00000E+00 0.00000E+00 0.00000E+00 0.00000E+00 0.00000E+00
 0.00000E+00 0.00000E+00 0.00000E+00 0.00000E+00 0.00000E+00 0.00000E+00 0.00000E+00 0.00000E+00
 0.00000E+00 0.00000E+00 0.00000E+00 0.00000E+00 0.00000E+00 0.00000E+00 0.00000E+00 0.00000E+00
 0.00000E+00 0.00000E+00 0.00000E+00 0.00000E+00 0.00000E+00 0.00000E+00 0.00000E+00 0.00000E+00
 0.00000E+00 0.00000E+00 0.00000E+00 0.00000E+00 0.00000E+00 0.00000E+00 0.00000E+00 0.00000E+00
 0.00000E+00 0.00000E+00 0.00000E+00 0.00000E+00 0.00000E+00 0.00000E+00 0.00000E+00 0.00000E+00
 0.00000E+00 0.00000E+00 0.00000E+00 0.00000E+00 0.00000E+00 0.00000E+00 0.00000E+00 0.00000E+00
 0.00000E+00 0.00000E+00 0.00000E+00 0.00000E+00 0.00000E+00 0.00000E+00 0.00000E+00 0.00000E+00
 0.00000E+00 0.00000E+00 0.00000E+00 0.00000E+00 0.00000E+00 0.00000E+00 0.00000E+00 0.00000E+00
 0.00000E+00 0.00000E+00 0.00000E+00 0.00000E+00 0.00000E+00 0.00000E+00 0.00000E+00 0.00000E+00
 0.00000E+00 0.00000E+00 0.00000E+00 0.00000E+00 0.00000E+00 0.00000E+00 0.00000E+00 0.00000E+00
 0.00000E+00 0.00000E+00 0.00000E+00 0.00000E+00 0.00000E+00 0.00000E+00 0.00000E+00 0.00000E+00
 0.00000E+00 0.00000E+00 0.00000E+00 0.00000E+00 0.00000E+00 0.00000E+00 0.00000E+00 0.00000E+00
 0.00000E+00 0.00000E+00 0.00000E+00 0.00000E+00 0.00000E+00 0.00000E+00 0.00000E+00 0.00000E+00
 0.00000E+00 0.00000E+00 0.00000E+00 0.00000E+00 0.00000E+00 0.00000E+00 0.00000E+00 0.00000E+00
 0.00000E+00 0.00000E+00 0.00000E+00 0.00000E+00 0.00000E+00 0.00000E+00 0.00000E+00 0.00000E+00
 0.00000E+00 0.00000E+00 0.00000E+00 0.00000E+00 0.00000E+00 0.00000E+00 0.00000E+00 0.00000E+00
 0.00000E+00 0.00000E+00 0.00000E+00 0.00000E+00 0.00000E+00 0.00000E+00 0.00000E+00 0.00000E+00
 0.00000E+00 0.00000E+00 0.00000E+00 0.00000E+00 0.00000E+00 0.00000E+00 0.00000E+00 0.00000E+00
 1.86922E-05 1.86922E-05 1.86922E-05 1.86922E-05 1.86922E-05 1.86922E-05 1.86922E-05 1.86922E-05
 1.86922E-05 1.86922E-05 1.86922E-05 1.86922E-05 1.86922E-05 1.86922E-05 1.86922E-05 1.86922E-05
 1.83363E-05 1.75738E-05 1.66182E-05 1.54193E-05 1.41594E-05 1.29286E-05 1.16978E-05 1.05069E-05
 1.00000E-05 1.00000E-05 1.00000E-05 1.00000E-05 1.00000E-05 1.00000E-05 1.00000E-05 1.00000E-05
 1.00000E-05 1.00000E-05 1.00000E-05 1.00000E-05 1.00000E-05 1.00000E-05 1.00000E-05 1.00000E-05
 1.00000E-05 1.00000E-05 1.00000E-05 1.00000E-05 1.00000E-05 1.00000E-05 1.00000E-05 1.00000E-05
 1.00000E-05 1.00000E-05 1.00000E-05 1.00000E-05 1.00000E-05 1.00000E-05 1.00000E-05 1.00000E-05
 1.00000E-05 1.00000E-05 1.00000E-05 1.00000E-05 1.00000E-05 1.00000E-05 1.00000E-05 1.00000E-05
 1.00000E-05 1.00000E-05 1.00000E-05 1.00000E-05 1.00000E-05 1.00000E-05 1.00000E-05 1.00000E-05
 1.00000E-05 1.00000E-05 1.00000E-05 1.00000E-05 1.00000E-05 1.00000E-05 1.00000E-05 1.00000E-05
 1.00000E-05 1.00000E-05 1.00000E-05 1.00000E-05 1.00000E-05 1.00000E-05 1.00000E-05 1.00000E-05
 1.00000E-05 1.00000E-05 1.00000E-05 1.00000E-05 1.00000E-05 1.00000E-05 1.00000E-05 1.00000E-05
 1.00000E-05 1.00000E-05 1.00000E-05 1.00000E-05 0.00000E+00 0.00000E+00 0.00000E+00 0.00000E+00
 0.00000E+00 0.00000E+00 0.00000E+00 0.00000E+00 0.00000E+00 0.00000E+00 0.00000E+00 0.00000E+00
 0.00000E+00 0.00000E+00 0.00000E+00 0.00000E+00 0.00000E+00 0.00000E+00 0.00000E+00 0.00000E+00
 0.00000E+00 0.00000E+00 0.00000E+00 0.00000E+00 0.00000E+00 0.00000E+00 0.00000E+00 0.00000E+00
 0.00000E+00 0.00000E+00 0.00000E+00 0.00000E+00 0.00000E+00 0.00000E+00 0.00000E+00 0.00000E+00
 0.00000E+00 0.00000E+00 0.00000E+00 0.00000E+00 0.00000E+00 0.00000E+00 0.00000E+00 0.00000E+00
 0.00000E+00 0.00000E+00 0.00000E+00 0.00000E+00 0.00000E+00 0.00000E+00 0.00000E+00 0.00000E+00
 0.00000E+00 0.00000E+00 0.00000E+00 0.00000E+00 0.00000E+00 0.00000E+00 0.00000E+00 0.00000E+00
 0.00000E+00 0.00000E+00 0.00000E+00 0.00000E+00 0.00000E+00 0.00000E+00 0.00000E+00 0.00000E+00
 0.00000E+00 0.00000E+00 0.00000E+00 0.00000E+00 0.00000E+00 0.00000E+00 0.00000E+00 0.00000E+00
 0.00000E+00 0.00000E+00 0.00000E+00 0.00000E+00 0.00000E+00 0.00000E+00 0.00000E+00 0.00000E+00
 0.00000E+00 0.00000E+00 0.00000E+00 0.00000E+00 0.00000E+00 0.00000E+00 0.00000E+00 0.00000E+00
 0.00000E+00 0.00000E+00 0.00000E+00 0.00000E+00 0.00000E+00 0.00000E+00 0.00000E+00 0.00000E+00
 0.00000E+00 0.00000E+00 0.00000E+00 0.00000E+00 0.00000E+00 0.00000E+00 0.00000E+00 0.00000E+00
 0.00000E+00 0.00000E+00 0.00000E+00 0.00000E+00 0.00000E+00 0.00000E+00 0.00000E+00 0.00000E+00
 0.00000E+00 0.00000E+00 0.00000E+00 0.00000E+00 0.00000E+00 0.00000E+00 0.00000E+00 0.00000E+00
 0.00000E+00 0.00000E+00 0.00000E+00 0.00000E+00 0.00000E+00 0.00000E+00 0.00000E+00 0.00000E+00
 0.00000E+00 0.00000E+00 0.00000E+00 0.00000E+00 0.00000E+00 0.00000E+00 0.00000E+00 0.00000E+00
 0.00000E+00 0.00000E+00 0.00000E+00 0.00000E+00 0.00000E+00 0.00000E+00 0.00000E+00 0.00000E+00
 0.00000E+00 0.00000E+00 0.00000E+00 0.00000E+00 0.00000E+00 0.00000E+00 0.00000E+00 0.00000E+00
 0.00000E+00 0.00000E+00 0.00000E+00 0.00000E+00 0.00000E+00 0.00000E+00 0.00000E+00 0.00000E+00
 0.00000E+00 0.00000E+00 0.00000E+00 0.00000E+00 0.00000E+00 0.00000E+00 0.00000E+00 0.00000E+00
 0.00000E+00 0.00000E+00 0.00000E+00 0.00000E+00 0.00000E+00 0.00000E+00 0.00000E+00 0.00000E+00
 0.00000E+00 0.00000E+00 0.00000E+00 0.00000E+00 0.00000E+00 0.00000E+00 0.00000E+00 0.00000E+00
 0.00000E+00 0.00000E+00 0.00000E+00 0.00000E+00 0.00000E+00 0.00000E+00 0.00000E+00 0.00000E+00
 0.00000E+00 0.00000E+00 0.00000E+00 0.00000E+00
