 3.24242E-11 2.98907E-14 1.12652E-02 3.56664E-13 1.68380E-11 4.56772E-10 8.86235E-11 9.21078E-17
 5.71986E-09 1.31227E-07 2.24945E-08 6.60041E-11 2.48114E-12 5.39862E-10 2.09163E-12 1.84259E-12
 5.52541E-14 9.78505E-12 6.25769E-14 7.50720E-16 7.11239E-19 4.92015E-23 7.77427E-11 9.60757E-14
 2.61975E-16 9.54845E-15 9.46173E-12 5.10834E-15 3.86786E-13 1.37244E-15 4.95444E-15 8.99898E-12
 3.67227E-12 1.19176E-14 3.38080E-11 6.64739E-14 7.24381E-03 6.36300E-13 1.69644E-11 3.53120E-10
 1.47088E-10 1.14882E-16 6.00943E-09 1.24868E-07 1.38099E-08 4.88451E-11 2.73282E-12 4.95120E-10
 2.74994E-12 2.20221E-12 1.16547E-13 1.45586E-11 1.63601E-13 1.84375E-15 3.40134E-18 2.32944E-22
 6.26095E-11 1.38280E-13 6.60181E-16 1.54182E-14 1.41547E-11 7.26273E-15 2.51926E-13 1.24327E-15
 1.07245E-14 1.05565E-11 7.05410E-12 9.07473E-15 3.16694E-11 1.41565E-13 4.50299E-03 1.06124E-12
 1.57841E-11 2.31944E-10 2.41836E-10 1.34985E-16 6.23989E-09 1.18663E-07 8.07495E-09 2.95104E-11
 2.60660E-12 4.50401E-10 3.77198E-12 2.53934E-12 2.39303E-13 2.03279E-11 3.80213E-13 4.06416E-15
 1.43893E-17 1.77623E-21 4.91269E-11 2.29803E-13 1.58032E-15 3.11152E-14 1.96462E-11 1.29094E-14
 1.59314E-13 9.80081E-16 1.56811E-14 9.42607E-12 1.00870E-11 6.34248E-15 2.77996E-11 2.92599E-13
 2.58793E-03 1.64182E-12 1.37330E-11 1.37281E-10 3.94578E-10 1.53714E-16 6.41833E-09 1.12805E-07
 4.67711E-09 1.59114E-11 2.26547E-12 4.06630E-10 5.21623E-12 2.78459E-12 4.57830E-13 2.57625E-11
 7.23942E-13 7.67867E-15 5.26850E-17 1.76187E-20 3.76902E-11 4.05318E-13 3.34989E-15 7.05021E-14
 2.45606E-11 2.51885E-14 1.11417E-13 7.68110E-16 2.01408E-14 7.87676E-12 1.23795E-11 4.68994E-15
 2.48688E-11 5.32437E-13 1.73334E-03 2.49830E-12 1.29723E-11 9.09890E-11 5.57148E-10 2.10901E-16
 6.56009E-09 1.07437E-07 2.83735E-09 9.33857E-12 2.01771E-12 3.64417E-10 6.60554E-12 2.99040E-12
 7.69426E-13 3.08203E-11 9.69867E-13 1.29060E-14 1.40599E-16 1.11967E-19 2.83653E-11 6.83211E-13
 6.42570E-15 1.42862E-13 2.84665E-11 4.28942E-14 8.87616E-14 6.88123E-16 2.30609E-14 6.62625E-12
 1.43251E-11 3.63991E-15 2.13236E-11 9.45846E-13 1.04214E-03 3.51422E-12 1.23748E-11 6.68441E-11
 7.88863E-10 3.00013E-16 6.68331E-09 1.02778E-07 1.90630E-09 5.70219E-12 1.70365E-12 3.24312E-10
 8.09185E-12 3.17360E-12 1.16690E-12 3.46417E-11 1.14976E-12 1.94644E-14 3.61640E-16 6.91627E-19
 2.12019E-11 1.09081E-12 1.10027E-14 2.65079E-13 3.10818E-11 6.83230E-14 7.66737E-14 6.16983E-16
 2.67724E-14 5.89157E-12 1.61248E-11 3.01577E-15 1.75505E-11 1.60295E-12 5.55006E-04 4.55614E-12
 1.16282E-11 5.22619E-11 1.09079E-09 4.11727E-16 6.80485E-09 9.89868E-08 1.45539E-09 3.56462E-12
 1.37027E-12 2.87048E-10 9.79117E-12 3.33365E-12 1.62576E-12 3.64944E-11 1.12678E-12 2.62026E-14
 8.66950E-16 3.97157E-18 1.60212E-11 1.56880E-12 1.70149E-14 4.37388E-13 3.25336E-11 9.88051E-14
 7.12767E-14 5.65036E-16 3.26496E-14 5.62749E-12 1.79063E-11 2.65772E-15 1.43054E-11 2.52712E-12
 2.85590E-04 5.57062E-12 1.08316E-11 4.26415E-11 1.40862E-09 5.42105E-16 6.93696E-09 9.60869E-08
 1.27503E-09 2.31246E-12 1.08989E-12 2.53285E-10 1.17293E-11 3.46203E-12 2.10825E-12 3.63111E-11
 9.58592E-13 3.16652E-14 1.68609E-15 1.79140E-17 1.24582E-11 1.98212E-12 2.43354E-14 6.30495E-13
 3.32511E-11 1.24902E-13 7.05330E-14 5.53288E-16 4.14048E-14 5.73377E-12 1.96222E-11 2.46985E-15
 1.15847E-11 3.85943E-12 1.41570E-04 6.62021E-12 1.01920E-11 3.62674E-11 1.76599E-09 7.13543E-16
 7.08725E-09 9.40261E-08 1.29878E-09 1.55054E-12 8.62258E-13 2.23634E-10 1.37513E-11 3.55917E-12
 2.59206E-12 3.46592E-11 7.81889E-13 3.60135E-14 2.63927E-15 6.98936E-17 1.01582E-11 2.34660E-12
 3.31462E-14 8.41774E-13 3.34589E-11 1.45832E-13 7.24741E-14 5.59660E-16 5.30742E-14 6.09058E-12
 2.07019E-11 2.34600E-15 7.88519E-12 6.20161E-12 3.84852E-05 6.16381E-12 6.99073E-12 2.27795E-11
 2.53951E-09 5.90195E-16 7.26903E-09 9.26728E-08 1.58126E-09 8.12759E-13 5.44435E-13 1.97589E-10
 1.89831E-11 3.60348E-12 3.11282E-12 2.87539E-11 5.46717E-13 3.39187E-14 3.26426E-15 4.05505E-16
 8.81189E-12 2.11814E-12 4.03267E-14 1.05055E-12 3.38744E-11 1.73442E-13 8.21682E-14 4.85374E-16
 8.41697E-14 6.83920E-12 1.85530E-11 2.38846E-15 4.33890E-12 1.02214E-11 5.43167E-06 3.74084E-12
 3.16833E-12 8.76410E-12 4.02343E-09 2.96052E-16 7.54749E-09 9.14546E-08 2.37752E-09 3.21349E-13
 2.50022E-13 1.69560E-10 2.93190E-11 3.41695E-12 2.87282E-12 1.72375E-11 3.02141E-13 2.36660E-14
 2.32517E-15 9.30702E-16 7.83940E-12 1.10641E-12 3.90921E-14 1.01728E-12 3.53527E-11 1.65408E-13
 1.60872E-15 5.63057E-18 2.65677E-14 1.23980E-12 6.44724E-12 3.98070E-17 4.13239E-12 1.52956E-11
 3.64129E-06 4.05948E-12 3.46517E-12 7.68839E-12 4.25288E-09 4.93721E-16 8.13951E-09 8.93599E-08
 3.48734E-09 3.07605E-13 2.48071E-13 1.31869E-10 3.12389E-11 3.21047E-12 2.61778E-12 1.28339E-11
 2.43606E-13 2.07277E-14 1.57134E-15 6.95660E-16 6.52137E-12 1.00587E-12 4.47010E-14 1.01841E-12
 3.68156E-11 1.14721E-13 1.65490E-17 6.07703E-20 3.78911E-15 1.54885E-13 1.28796E-12 3.43173E-19
 4.01732E-12 1.81957E-11 3.46678E-06 4.93076E-12 4.46124E-12 9.38018E-12 3.58859E-09 8.78823E-16
 9.49742E-09 8.55370E-08 4.61814E-09 3.42313E-13 2.60342E-13 8.58298E-11 2.88713E-11 2.81775E-12
 2.31192E-12 1.01515E-11 2.07528E-13 1.68755E-14 9.21795E-16 5.44005E-16 4.75706E-12 1.11758E-12
 5.73828E-14 1.04417E-12 3.84686E-11 7.60511E-14 8.05304E-20 4.02848E-22 2.99018E-16 1.12426E-14
 1.35467E-13 1.66386E-21 3.77877E-12 2.08617E-11 3.09060E-06 5.72021E-12 5.52939E-12 1.09592E-11
 2.93381E-09 1.44052E-15 1.23083E-08 7.95935E-08 5.86652E-09 3.72198E-13 2.66270E-13 4.46168E-11
 2.42191E-11 2.23645E-12 1.76666E-12 7.08703E-12 1.57213E-13 1.19865E-14 4.28865E-16 4.16338E-16
 2.95251E-12 1.18936E-12 7.20563E-14 1.05931E-12 4.02023E-11 4.53032E-14 2.14577E-22 2.10907E-24
 1.59642E-17 5.44959E-16 8.05647E-15 1.03762E-23 3.42320E-12 2.47726E-11 2.42300E-06 6.18618E-12
 6.41818E-12 1.16180E-11 2.49631E-09 2.20160E-15 1.72102E-08 7.22538E-08 7.64630E-09 3.88619E-13
 2.63501E-13 1.90579E-11 1.84013E-11 1.56145E-12 1.13701E-12 4.12141E-12 1.00845E-13 7.33894E-15
 1.51888E-16 3.04117E-16 1.62272E-12 1.16289E-12 8.56383E-14 1.05007E-12 4.15761E-11 2.32686E-14
 4.91461E-25 4.65064E-26 7.33026E-19 2.20664E-17 3.22683E-16 3.28846E-25 2.10583E-12 3.07570E-11
 1.45379E-06 5.60301E-12 6.01363E-12 1.04762E-11 2.73174E-09 2.51699E-15 2.43701E-08 6.49686E-08
 1.06092E-08 2.89911E-13 1.70402E-13 7.44372E-12 1.28303E-11 9.94165E-13 6.54055E-13 2.17793E-12
 5.85753E-14 4.92154E-15 5.96856E-17 4.04861E-16 8.92324E-13 1.32591E-12 1.04675E-13 1.21084E-12
 4.19700E-11 1.60483E-14 4.38068E-27 1.66550E-27 3.63648E-20 8.60872E-19 1.01553E-17 1.36845E-26
 1.89699E-12 3.38278E-11 1.45902E-06 6.89078E-12 7.53627E-12 1.29036E-11 2.13250E-09 4.16877E-15
 3.38967E-08 5.74827E-08 1.19672E-08 2.81341E-13 1.61300E-13 2.91526E-12 8.54318E-12 6.35347E-13
 4.13019E-13 1.29875E-12 3.50323E-14 2.68716E-15 1.71768E-17 2.71801E-16 4.60220E-13 1.34453E-12
 1.32912E-13 1.16236E-12 4.24121E-11 7.22141E-15 2.20223E-28 9.37557E-29 1.29874E-21 2.99657E-20
 2.94193E-19 5.89253E-28 1.68651E-12 3.70212E-11 1.46109E-06 8.53683E-12 9.28179E-12 1.55983E-11
 1.66150E-09 6.83622E-15 4.60194E-08 5.02600E-08 1.30244E-08 2.56161E-13 1.46471E-13 1.23647E-12
 5.82404E-12 4.16081E-13 2.67990E-13 8.02495E-13 2.10003E-14 1.48986E-15 5.14186E-18 1.69136E-16
 2.26693E-13 1.29148E-12 1.67402E-13 1.07442E-12 4.27553E-11 3.20428E-15 1.23994E-29 5.19018E-30
 4.67342E-23 1.07441E-21 1.11302E-20 2.52853E-29 1.48151E-12 4.04780E-11 1.45915E-06 1.06055E-11
 1.13456E-11 1.87088E-11 1.29641E-09 1.12053E-14 6.08439E-08 4.36631E-08 1.40055E-08 2.24445E-13
 1.29239E-13 5.96858E-13 4.15069E-12 2.86798E-13 1.81541E-13 5.24331E-13 1.30964E-14 8.69681E-16
 1.70459E-18 9.75755E-17 1.08820E-13 1.18672E-12 2.06881E-13 9.56422E-13 4.30573E-11 1.44056E-15
 3.69476E-30 1.54876E-30 9.27077E-24 2.16165E-22 5.76771E-21 5.95616E-30 1.29089E-12 4.42506E-11
 1.45284E-06 1.31857E-11 1.38217E-11 2.23846E-11 1.01328E-09 1.84062E-14 7.83312E-08 3.79065E-08
 1.49975E-08 1.92366E-13 1.12000E-13 3.27110E-13 3.11281E-12 2.10137E-13 1.28949E-13 3.64651E-13
 8.61880E-15 5.42714E-16 6.41257E-19 5.23058E-17 5.19513E-14 1.04865E-12 2.49190E-13 8.20908E-13
 4.33450E-11 6.63401E-16 5.13716E-30 2.13287E-30 8.67614E-24 2.06884E-22 5.77648E-21 6.61778E-30
 1.12130E-12 4.84558E-11 1.44220E-06 1.63845E-11 1.68099E-11 2.67703E-11 7.94474E-10 3.03422E-14
 9.82835E-08 3.30657E-08 1.60727E-08 1.63166E-13 9.61888E-14 1.96818E-13 2.45463E-12 1.63709E-13
 9.58276E-14 2.69308E-13 5.99872E-15 3.63363E-16 2.74614E-19 2.61757E-17 2.51897E-14 8.94653E-13
 2.91673E-13 6.80991E-13 4.36223E-11 3.13738E-16 7.71306E-30 3.16498E-30 8.92082E-24 2.18964E-22
 5.76297E-21 8.08814E-30 9.73688E-13 5.32889E-11 1.42738E-06 2.03174E-11 2.04121E-11 3.19946E-11
 6.26308E-10 5.02104E-14 1.20797E-07 2.90309E-08 1.73118E-08 1.37900E-13 8.23191E-14 1.25263E-13
 2.01953E-12 1.34403E-13 7.38210E-14 2.08801E-13 4.37900E-15 2.58970E-16 1.31557E-19 1.23510E-17
 1.25077E-14 7.40602E-13 3.32064E-13 5.48727E-13 4.38797E-11 1.51752E-16 1.13591E-29 4.60872E-30
 9.18439E-24 2.32921E-22 5.74750E-21 9.91048E-30 8.47167E-13 5.90315E-11 1.40848E-06 2.51000E-11
 2.47187E-11 3.81359E-11 4.97785E-10 8.33162E-14 1.46026E-07 2.56666E-08 1.87998E-08 1.16654E-13
 7.05015E-14 8.24959E-14 1.72083E-12 1.15054E-13 5.84253E-14 1.67742E-13 3.31619E-15 1.94168E-16
 6.89030E-20 5.56761E-18 6.39179E-15 5.98068E-13 3.68825E-13 4.32307E-13 4.41067E-11 7.47638E-17
 1.63904E-29 6.58408E-30 9.49480E-24 2.48938E-22 5.72987E-21 1.21946E-29 7.39759E-13 6.60417E-11
 1.38561E-06 3.08369E-11 2.97961E-11 4.51923E-11 3.99840E-10 1.38299E-13 1.74133E-07 2.28439E-08
 2.06220E-08 9.90569E-14 6.06198E-14 5.56511E-14 1.50948E-12 1.01633E-13 4.71455E-14 1.37864E-13
 2.57603E-15 1.51099E-16 3.85061E-20 2.43436E-18 3.37474E-15 4.73808E-13 4.01327E-13 3.35536E-13
 4.42968E-11 3.74099E-17 2.31662E-29 9.23875E-30 9.90633E-24 2.67870E-22 5.70918E-21 1.51148E-29
 6.48466E-13 7.47489E-11 1.35868E-06 3.76111E-11 3.56738E-11 5.30564E-11 3.25102E-10 2.28917E-13
 2.05447E-07 2.04376E-08 2.28620E-08 8.44971E-14 5.24027E-14 3.82532E-14 1.35561E-12 9.17204E-14
 3.85199E-14 1.14541E-13 2.02998E-15 1.20319E-16 2.24039E-20 1.04858E-18 1.84188E-15 3.70305E-13
 4.29753E-13 2.58563E-13 4.44489E-11 1.89686E-17 3.20515E-29 1.27443E-29 1.04793E-23 2.90762E-22
 5.68433E-21 1.89141E-29 5.70107E-13 8.56633E-11 1.32747E-06 4.54789E-11 4.23346E-11 6.15003E-11
 2.67755E-10 3.76565E-13 2.40421E-07 1.83408E-08 2.55989E-08 7.23327E-14 4.55339E-14 2.67180E-14
 1.24065E-12 8.38372E-14 3.16851E-14 9.52320E-14 1.60712E-15 9.67823E-17 1.32791E-20 4.51296E-19
 1.03803E-15 2.86932E-13 4.54829E-13 1.99222E-13 4.45658E-11 9.73091E-18 4.33785E-29 1.72966E-29
 1.12804E-23 3.18835E-22 5.65400E-21 2.39262E-29 5.01635E-13 9.94127E-11 1.29153E-06 5.44642E-11
 4.97105E-11 7.01834E-11 2.23384E-10 6.13807E-13 2.79656E-07 1.64639E-08 2.89150E-08 6.19855E-14
 3.97030E-14 1.89239E-14 1.15253E-12 7.70634E-14 2.61165E-14 7.85982E-14 1.26806E-15 7.78026E-17
 7.87515E-21 1.96312E-19 6.02365E-16 2.21304E-13 4.77507E-13 1.54359E-13 4.46525E-11 5.04360E-18
 5.74061E-29 2.31164E-29 1.23884E-23 3.53536E-22 5.61667E-21 3.06129E-29 4.40885E-13 1.16847E-10
 1.25066E-06 6.45768E-11 5.76863E-11 7.86757E-11 1.88800E-10 9.89647E-13 3.23486E-07 1.47487E-08
 3.28948E-08 5.30230E-14 3.46712E-14 1.36151E-14 1.08382E-12 7.08785E-14 2.15116E-14 6.40607E-14
 9.91419E-16 6.20715E-17 4.61741E-21 8.70634E-20 3.60305E-16 1.70425E-13 4.98891E-13 1.20790E-13
 4.47141E-11 2.63950E-18 7.41986E-29 3.04193E-29 1.38920E-23 3.96414E-22 5.57069E-21 3.95866E-29
 3.86281E-13 1.39309E-10 1.20448E-06 7.58173E-11 6.61140E-11 8.65207E-11 1.61888E-10 1.57834E-12
 3.72392E-07 1.31411E-08 3.76771E-08 4.50875E-14 3.02194E-14 9.98328E-15 1.02900E-12 6.49520E-14
 1.76674E-14 5.13612E-14 7.64515E-16 4.89333E-17 2.65424E-21 3.95808E-20 2.22110E-16 1.31308E-13
 5.20030E-13 9.57188E-14 4.47555E-11 1.39267E-18 9.34350E-29 3.93426E-29 1.58995E-23 4.49191E-22
 5.51423E-21 5.16631E-29 3.39131E-13 1.69114E-10 1.15199E-06 8.81569E-11 7.48557E-11 9.33631E-11
 1.41356E-10 2.49597E-12 4.27481E-07 1.15789E-08 4.35852E-08 3.78809E-14 2.61267E-14 7.49051E-15
 9.83424E-13 5.90776E-14 1.44316E-14 4.03698E-14 5.79469E-16 3.80294E-17 1.48714E-21 1.84506E-20
 1.40317E-16 1.01255E-13 5.41459E-13 7.68218E-14 4.47811E-11 7.38113E-19 1.14277E-28 4.98471E-29
 1.85608E-23 5.14096E-22 5.44488E-21 6.79984E-29 3.14119E-13 2.10042E-10 1.09292E-06 1.01606E-10
 8.39021E-11 9.91922E-11 1.26286E-10 3.93635E-12 4.89102E-07 1.00330E-08 5.12532E-08 3.12869E-14
 2.22640E-14 5.82075E-15 9.44388E-13 5.32789E-14 1.17168E-14 3.11090E-14 4.32051E-16 2.92158E-17
 8.13865E-22 8.76251E-21 9.09008E-17 7.80538E-14 5.62935E-13 6.22426E-14 4.47955E-11 3.91307E-19
 1.35482E-28 6.16434E-29 2.20398E-23 5.93288E-22 5.36030E-21 9.01794E-29 3.55277E-13 2.67687E-10
 1.02730E-06 1.16221E-10 9.35700E-11 1.04682E-10 1.15760E-10 6.24707E-12 5.57252E-07 8.49074E-09
 6.19823E-08 2.53038E-14 1.85531E-14 4.75670E-15 9.09871E-13 4.77389E-14 9.45413E-15 2.35846E-14
 3.18993E-16 2.23383E-17 4.39142E-22 4.17774E-21 6.05387E-17 6.00081E-14 5.82376E-13 5.05356E-14
 4.48036E-11 2.06410E-19 1.56502E-28 7.44550E-29 2.65100E-23 6.88845E-22 5.25826E-21 1.20597E-28
 5.38458E-13 3.49415E-10 9.54219E-07 1.32023E-10 1.04654E-10 1.11339E-10 1.08654E-10 1.00792E-11
 6.32846E-07 6.93726E-09 7.84302E-08 1.99376E-14 1.49335E-14 4.13092E-15 8.77634E-13 4.26828E-14
 7.57235E-15 1.76818E-14 2.36023E-16 1.71322E-17 2.36581E-22 1.96009E-21 4.13159E-17 4.59133E-14
 5.95293E-13 4.07070E-14 4.48123E-11 1.07723E-19 1.79239E-28 8.87053E-29 3.22043E-23 8.03870E-22
 5.13539E-21 1.63430E-28 9.23260E-13 4.63515E-10 8.73260E-07 1.49011E-10 1.18375E-10 1.21240E-10
 1.03589E-10 1.66609E-11 7.16248E-07 5.40467E-09 1.05459E-07 1.52428E-14 1.14724E-14 3.82752E-15
 8.46321E-13 3.82980E-14 6.01596E-15 1.31926E-14 1.77444E-16 1.32722E-17 1.28937E-22 8.92114E-22
 2.88777E-17 3.50010E-14 5.96897E-13 3.22989E-14 4.48275E-11 5.55441E-20 2.08809E-28 1.06102E-28
 3.94338E-23 9.42709E-22 4.98704E-21 2.25887E-28 1.46486E-12 6.18468E-10 7.84687E-07 1.66645E-10
 1.36069E-10 1.36581E-10 9.92445E-11 2.82399E-11 8.07035E-07 3.97405E-09 1.52192E-07 1.13012E-14
 8.34825E-15 3.75553E-15 8.15372E-13 3.45932E-14 4.72537E-15 9.80358E-15 1.36775E-16 1.03824E-17
 7.13121E-23 3.92179E-22 2.07143E-17 2.66560E-14 5.83845E-13 2.51886E-14 4.48533E-11 2.83247E-20
 2.54022E-28 1.30090E-28 4.88756E-23 1.11404E-21 4.80385E-21 3.21325E-28 1.99715E-12 8.23667E-10
 6.89285E-07 1.82754E-10 1.58918E-10 1.59661E-10 9.47587E-11 4.88011E-11 9.04232E-07 2.74193E-09
 2.37834E-07 8.18383E-15 5.74897E-15 3.83669E-15 7.84655E-13 3.13975E-14 3.63150E-15 7.17477E-15
 1.08273E-16 8.11977E-18 3.95618E-23 1.65753E-22 1.52941E-17 2.02333E-14 5.53141E-13 1.92623E-14
 4.48935E-11 1.42284E-20 3.29677E-28 1.66588E-28 6.21924E-23 1.33489E-21 4.56715E-21 4.77047E-28
 2.34940E-12 1.09110E-09 5.88970E-07 1.93193E-10 1.87894E-10 1.93155E-10 8.97824E-11 8.53487E-11
 1.00579E-06 1.78014E-09 4.04992E-07 5.89984E-15 3.78323E-15 4.00268E-15 7.54334E-13 2.84654E-14
 2.68498E-15 5.06030E-15 8.76383E-17 6.27139E-18 2.16190E-23 6.64007E-23 1.16713E-17 1.51468E-14
 5.02176E-13 1.43417E-14 4.49515E-11 6.95131E-21 4.61759E-28 2.25377E-28 8.25464E-23 1.62690E-21
 4.25217E-21 7.48200E-28 2.44718E-12 1.43927E-09 4.85527E-07 1.93245E-10 2.22927E-10 2.38321E-10
 8.44154E-11 1.50022E-10 1.10993E-06 1.09316E-09 7.46378E-07 4.31433E-15 2.41594E-15 4.19978E-15
 7.24275E-13 2.54564E-14 1.87455E-15 3.33718E-15 7.12277E-17 4.74478E-18 1.13951E-23 2.47211E-23
 9.20163E-18 1.09780E-14 4.33450E-13 1.02942E-14 4.50253E-11 3.23006E-21 6.91742E-28 3.21579E-28
 1.15066E-22 2.00513E-21 3.83875E-21 1.23712E-27 2.30574E-12 1.90682E-09 3.81869E-07 1.81515E-10
 2.59637E-10 2.86209E-10 7.93362E-11 2.62271E-10 1.21381E-06 6.39804E-10 1.43613E-06 3.19816E-15
 1.52898E-15 4.39114E-15 6.94462E-13 2.18745E-14 1.22647E-15 1.98930E-15 5.52006E-17 3.50370E-18
 5.62101E-24 8.51685E-24 7.47121E-18 7.51792E-15 3.61331E-13 7.10814E-15 4.51007E-11 1.38743E-21
 1.04860E-27 4.70163E-28 1.66549E-22 2.45703E-21 3.33266E-21 2.08481E-27 1.99053E-12 2.59265E-09
 2.83497E-07 1.61668E-10 2.85791E-10 3.08027E-10 7.60961E-11 4.48679E-10 1.31211E-06 3.61764E-10
 2.73103E-06 2.33033E-15 9.80817E-16 4.55479E-15 6.65162E-13 1.73424E-14 7.59604E-16 1.03885E-15
 3.73715E-17 2.50984E-18 2.47665E-24 2.74638E-24 6.22754E-18 4.70953E-15 3.05449E-13 4.74856E-15
 4.51581E-11 5.31875E-22 1.44321E-27 6.62042E-28 2.45296E-22 2.93148E-21 2.77673E-21 3.37646E-27
 1.58517E-12 3.73837E-09 1.96407E-07 1.38089E-10 2.85417E-10 2.72837E-10 7.69964E-11 7.39352E-10
 1.39897E-06 1.99629E-10 4.94047E-06 1.58121E-15 6.40126E-16 4.68362E-15 6.35869E-13 1.21623E-14
 4.50054E-16 4.61163E-16 2.02089E-17 1.72385E-18 9.23866E-25 8.25367E-25 5.30171E-18 2.58613E-15
 2.76710E-13 3.06245E-15 4.51869E-11 1.74027E-22 1.60406E-27 8.36019E-28 3.65989E-22 3.36009E-21
 2.22472E-21 5.02123E-27 1.17108E-12 5.90184E-09 1.26023E-07 1.13773E-10 2.50559E-10 1.86966E-10
 8.49911E-11 1.16193E-09 1.46906E-06 1.08291E-10 8.35116E-06 9.35043E-16 4.15360E-16 4.77984E-15
 6.05509E-13 7.30520E-15 2.56091E-16 1.69800E-16 8.17161E-18 1.11797E-18 2.78347E-25 2.32223E-25
 4.58820E-18 1.20946E-15 2.80460E-13 1.91098E-15 4.51817E-11 4.71089E-23 1.31147E-27 8.90361E-28
 5.56481E-22 3.66960E-21 1.72200E-21 6.68524E-27 8.08322E-13 1.03722E-08 7.53312E-08 9.11719E-11
 1.90604E-10 9.67426E-11 1.04275E-10 1.74153E-09 1.51941E-06 5.83601E-11 1.30953E-05 4.48077E-16
 2.54338E-16 4.85012E-15 5.73506E-13 3.69853E-15 1.40917E-16 5.15856E-17 2.39937E-18 6.69480E-19
 6.52890E-26 6.68872E-26 4.02690E-18 4.96336E-16 3.26887E-13 1.20666E-15 4.51324E-11 1.08197E-23
 7.46379E-28 7.65783E-28 8.56266E-22 3.78860E-21 1.30053E-21 7.80685E-27 5.24934E-13 2.01175E-08
 4.27404E-08 7.17813E-11 1.26872E-10 3.86945E-11 1.41119E-10 2.51331E-09 1.55155E-06 3.16089E-11
 1.91046E-05 1.65189E-16 1.37472E-16 4.90320E-15 5.40048E-13 1.60078E-15 7.57150E-17 1.32549E-17
 5.25065E-19 3.61634E-19 1.18338E-26 2.38466E-26 3.57932E-18 1.97910E-16 4.38280E-13 8.47945E-16
 4.50172E-11 2.33127E-24 2.94542E-28 5.22772E-28 1.29301E-21 3.67806E-21 9.71694E-22 7.83363E-27
 3.19998E-13 4.19410E-08 2.34027E-08 5.54370E-11 7.58917E-11 1.26050E-11 2.05226E-10 3.52890E-09
 1.57031E-06 1.72582E-11 2.62545E-05 4.73763E-17 6.38855E-17 4.94727E-15 5.05395E-13 6.35669E-16
 3.96479E-17 3.06210E-18 9.41936E-20 1.78515E-19 1.79400E-27 1.21941E-26 3.21401E-18 8.45916E-17
 6.54400E-13 7.13752E-16 4.47966E-11 5.37048E-25 8.32496E-29 2.83973E-28 1.83635E-21 3.37721E-21
 7.26605E-22 6.64775E-27 1.80867E-13 9.15690E-08 1.25187E-08 4.14218E-11 4.19693E-11 3.52427E-12
 3.12523E-10 4.85255E-09 1.58046E-06 9.49891E-12 3.43782E-05 1.13576E-17 2.67892E-17 4.98667E-15
 4.69882E-13 2.72889E-16 1.99512E-17 7.21923E-19 1.65863E-20 9.00293E-20 2.93738E-28 8.53124E-27
 2.90955E-18 3.90245E-17 1.03354E-12 7.02685E-16 4.44125E-11 1.49619E-25 1.74660E-29 1.23380E-28
 2.35598E-21 3.03141E-21 5.50205E-22 4.71344E-27 9.35043E-14 2.06146E-07 6.63420E-09 2.89828E-11
 2.15774E-11 8.66257E-13 4.92648E-10 6.46242E-09 1.58547E-06 5.30758E-12 4.31622E-05 2.48787E-18
 1.11700E-17 5.01896E-15 4.34237E-13 1.52313E-16 9.34669E-18 2.00335E-19 3.45150E-21 5.42858E-20
 7.26941E-29 6.82589E-27 2.65502E-18 1.79402E-17 1.62845E-12 7.39705E-16 4.38123E-11 5.42012E-26
 2.69921E-30 4.17330E-29 2.65517E-21 2.85142E-21 4.28444E-22 2.72985E-27 4.44935E-14 4.46075E-07
 3.50869E-09 1.86962E-11 1.06302E-11 1.96068E-13 7.59092E-10 7.99553E-09 1.58775E-06 3.01597E-12
 5.23717E-05 5.47235E-19 5.18231E-18 5.03227E-15 3.98747E-13 1.09230E-16 4.01277E-18 6.56794E-20
 8.77971E-22 3.82758E-20 2.70631E-29 5.27869E-27 2.43985E-18 7.78991E-18 2.40453E-12 7.65433E-16
 4.30306E-11 2.32135E-26 3.33043E-31 1.16417E-29 2.63361E-21 2.95249E-21 3.46337E-22 1.33361E-27
 2.09067E-14 8.38706E-07 1.86363E-09 1.19560E-11 5.53032E-12 4.60248E-14 1.03734E-09 9.13685E-09
 1.58875E-06 1.73973E-12 6.18616E-05 1.31979E-19 2.77487E-18 5.00789E-15 3.63639E-13 8.52191E-17
 1.69474E-18 2.35392E-20 2.56960E-22 2.72943E-20 1.12085E-29 3.66607E-27 2.25529E-18 3.37429E-18
 3.25904E-12 7.50508E-16 4.21701E-11 1.01793E-26 4.33373E-32 3.47120E-30 2.46852E-21 3.17038E-21
 2.90801E-22 6.50222E-28 1.03073E-14 1.37228E-06 1.00189E-09 7.92535E-12 3.13106E-12 1.20911E-14
 1.24907E-09 9.92208E-09 1.58914E-06 1.02051E-12 7.14783E-05 3.66275E-20 1.67255E-18 4.93600E-15
 3.29515E-13 6.67357E-17 7.36683E-19 8.84390E-21 8.23092E-23 1.88377E-20 4.52111E-30 2.31968E-27
 2.09639E-18 1.51457E-18 4.15077E-12 7.02356E-16 4.12721E-11 4.43662E-27 7.08105E-33 1.25044E-30
 2.34413E-21 3.33052E-21 2.52102E-22 3.49556E-28 5.37649E-15 2.04522E-06 5.46830E-10 5.43158E-12
 1.89076E-12 3.58393E-15 1.37686E-09 1.04847E-08 1.58922E-06 6.08811E-13 8.11375E-05 1.17614E-20
 1.10722E-18 4.82045E-15 2.96837E-13 5.17819E-17 3.29081E-19 3.41483E-21 2.78996E-23 1.26778E-20
 1.75827E-30 1.37686E-27 1.95895E-18 7.02309E-19 5.08990E-12 6.36611E-16 4.03262E-11 1.93062E-27
 1.46226E-33 5.29631E-31 2.29376E-21 3.40635E-21 2.23495E-22 2.06542E-28 2.94603E-15 2.87684E-06
 3.04246E-10 3.80737E-12 1.19162E-12 1.17282E-15 1.43381E-09 1.09214E-08 1.58916E-06 3.70347E-13
 9.07182E-05 4.32383E-21 7.97949E-19 4.67301E-15 2.66155E-13 3.98513E-17 1.49662E-19 1.34116E-21
 9.80146E-24 8.39949E-21 6.65938E-31 7.80487E-28 1.84040E-18 3.32463E-19 6.09156E-12 5.63887E-16
 3.93174E-11 8.39185E-28 3.59153E-34 2.50905E-31 2.30116E-21 3.41808E-21 2.01016E-22 1.30587E-28
 1.68725E-15 3.90076E-06 1.73504E-10 2.70741E-12 7.72523E-13 4.12986E-16 1.43807E-09 1.12851E-08
 1.58901E-06 2.30770E-13 1.00081E-04 1.79425E-21 6.24052E-19 4.50727E-15 2.37963E-13 3.05056E-17
 6.88592E-20 5.33166E-22 3.52798E-24 5.51359E-21 2.48045E-31 4.26273E-28 1.73880E-18 1.59116E-19
 7.16087E-12 4.90247E-16 3.82407E-11 3.63805E-28 9.91160E-35 1.28127E-31 2.34913E-21 3.38518E-21
 1.82459E-22 8.64221E-29 1.00294E-15 5.16737E-06 1.01476E-10 1.94182E-12 5.10041E-13 1.52798E-16
 1.40683E-09 1.16049E-08 1.58882E-06 1.47363E-13 1.09198E-04 8.23185E-22 5.24600E-19 4.33301E-15
 2.12312E-13 2.32637E-17 3.18916E-20 2.13538E-22 1.28974E-24 3.59765E-21 9.13276E-32 2.25733E-28
 1.65138E-18 7.64430E-20 8.30162E-12 4.19674E-16 3.70921E-11 1.56936E-28 2.94604E-35 6.86855E-32
 2.42456E-21 3.32210E-21 1.66470E-22 5.88896E-29 6.13550E-16 6.74594E-06 6.06554E-11 1.39942E-12
 3.40600E-13 5.83095E-17 1.35367E-09 1.18969E-08 1.58861E-06 9.61315E-14 1.18116E-04 4.07796E-22
 4.66944E-19 4.15539E-15 1.88998E-13 1.76805E-17 1.48084E-20 8.57735E-23 4.75550E-25 2.33642E-21
 3.32936E-32 1.16487E-28 1.57527E-18 3.66884E-20 9.51832E-12 3.54635E-16 3.58672E-11 6.72061E-29
 9.16262E-36 3.79559E-32 2.51822E-21 3.23891E-21 1.52200E-22 4.08446E-29 3.83798E-16 8.72174E-06
 3.69088E-11 1.01121E-12 2.29140E-13 2.26827E-17 1.28738E-09 1.21693E-08 1.58839E-06 6.38473E-14
 1.26865E-04 2.13547E-22 4.33285E-19 3.97709E-15 1.67848E-13 1.33945E-17 6.87784E-21 3.44524E-23
 1.76114E-25 1.51121E-21 1.20283E-32 5.87562E-29 1.50830E-18 1.75405E-20 1.08106E-11 2.96271E-16
 3.45661E-11 2.85326E-29 2.93208E-36 2.13950E-32 2.62478E-21 3.14135E-21 1.39170E-22 2.86409E-29
 2.45896E-16 1.11720E-05 2.29000E-11 7.32249E-13 1.55278E-13 8.98456E-18 1.21075E-09 1.24234E-08
 1.58816E-06 4.32318E-14 1.35360E-04 1.16658E-22 4.13789E-19 3.80139E-15 1.48939E-13 1.01322E-17
 3.19877E-21 1.38686E-23 6.56308E-26 9.75323E-22 4.32463E-33 2.89590E-29 1.44952E-18 8.35472E-21
 1.21591E-11 2.44650E-16 3.32083E-11 1.20303E-29 9.63919E-37 1.22930E-32 2.74409E-21 3.02977E-21
 1.27229E-22 2.02908E-29 1.61996E-16 1.41637E-05 1.45338E-11 5.31363E-13 1.06111E-13 3.63417E-18
 1.12505E-09 1.26588E-08 1.58792E-06 2.99183E-14 1.43501E-04 6.58988E-23 4.02589E-19 3.63086E-15
 1.32307E-13 7.66889E-18 1.49278E-21 5.61522E-24 2.47029E-26 6.29442E-22 1.55500E-33 1.39395E-29
 1.39821E-18 3.97043E-21 1.35369E-11 1.99631E-16 3.18208E-11 5.05325E-30 3.26811E-37 7.21641E-33
 2.87733E-21 2.90306E-21 1.16326E-22 1.45392E-29 1.09336E-16 1.77962E-05 9.40429E-12 3.86149E-13
 7.30480E-14 1.49482E-18 1.03442E-09 1.28780E-08 1.58768E-06 2.10956E-14 1.51324E-04 3.80752E-23
 3.96078E-19 3.46496E-15 1.17681E-13 5.80944E-18 6.98540E-22 2.28174E-24 9.37630E-27 4.06378E-22
 5.59226E-34 6.56946E-30 1.35291E-18 1.88149E-21 1.49355E-11 1.61175E-16 3.04119E-11 2.11611E-30
 1.13774E-37 4.31564E-33 3.02281E-21 2.76303E-21 1.06293E-22 1.05149E-29 7.54744E-17 2.21575E-05
 6.18979E-12 2.80999E-13 5.06746E-14 6.24360E-19 9.41074E-10 1.30824E-08 1.58744E-06 1.51225E-14
 1.58835E-04 2.23603E-23 3.92237E-19 3.30364E-15 1.04864E-13 4.40751E-18 3.27907E-22 9.30175E-25
 3.59084E-27 2.62655E-22 2.01406E-34 3.03610E-30 1.31265E-18 8.89772E-22 1.63416E-11 1.28855E-16
 2.89949E-11 8.85064E-31 4.06774E-38 2.63028E-33 3.18030E-21 2.60998E-21 9.70455E-23 7.67440E-30
 5.34928E-17 2.72706E-05 4.15291E-12 2.04876E-13 3.55109E-14 2.66273E-19 8.45231E-10 1.32706E-08
 1.58720E-06 1.10374E-14 1.65955E-04 1.33457E-23 3.89939E-19 3.14869E-15 9.37900E-14 3.35540E-18
 1.54819E-22 3.82065E-25 1.39450E-27 1.70274E-22 7.29838E-35 1.37601E-30 1.27703E-18 4.21299E-22
 1.77271E-11 1.02005E-16 2.75978E-11 3.71311E-31 1.50623E-38 1.64226E-33 3.35147E-21 2.44223E-21
 8.86164E-23 5.66737E-30 3.89661E-17 3.31430E-05 2.84043E-12 1.49693E-13 2.51661E-14 1.16197E-19
 7.48781E-10 1.34430E-08 1.58696E-06 8.19981E-15 1.72662E-04 8.08625E-24 3.88515E-19 3.00084E-15
 8.42926E-14 2.56625E-18 7.36154E-23 1.58337E-25 5.50347E-28 1.10851E-22 2.66718E-35 6.12271E-31
 1.24548E-18 2.00057E-22 1.90741E-11 8.00034E-17 2.62386E-11 1.56701E-31 5.79903E-39 1.05258E-33
 3.53591E-21 2.26021E-21 8.09850E-23 4.23742E-30 2.91733E-17 3.97501E-05 1.97920E-12 1.09627E-13
 1.80499E-14 5.19232E-20 6.53951E-10 1.36003E-08 1.58671E-06 6.19549E-15 1.78956E-04 4.96842E-24
 3.87580E-19 2.86052E-15 7.61831E-14 1.97337E-18 3.52829E-23 6.62319E-26 2.20990E-28 7.25304E-23
 9.84403E-36 2.67866E-31 1.21743E-18 9.53876E-23 2.03697E-11 6.22144E-17 2.49301E-11 6.66729E-32
 2.32614E-39 6.93238E-34 3.73188E-21 2.06570E-21 7.41163E-23 3.20764E-30 2.24924E-17 4.69895E-05
 1.40690E-12 8.05068E-14 1.31188E-14 2.38528E-20 5.62447E-10 1.37425E-08 1.58646E-06 4.76433E-15
 1.84809E-04 3.10041E-24 3.86919E-19 2.72873E-15 6.93160E-14 1.52740E-18 1.70754E-23 2.80563E-26
 9.05698E-29 4.77488E-23 3.68056E-36 1.15354E-31 1.19256E-18 4.57875E-23 2.15974E-11 4.79933E-17
 2.36889E-11 2.86822E-32 9.76444E-40 4.70122E-34 3.93645E-21 1.86166E-21 6.80038E-23 2.45913E-30
 1.78157E-17 5.47915E-05 1.01830E-12 5.92881E-14 9.65621E-15 1.12472E-20 4.76804E-10 1.38713E-08
 1.58620E-06 3.72189E-15 1.90266E-04 1.96172E-24 3.86405E-19 2.60500E-15 6.34819E-14 1.18982E-18
 8.34215E-24 1.20224E-26 3.78407E-29 3.16249E-23 1.39309E-36 4.89937E-32 1.17031E-18 2.21241E-23
 2.27566E-11 3.67648E-17 2.25154E-11 1.24787E-32 4.27878E-40 3.27617E-34 4.14446E-21 1.65328E-21
 6.25694E-23 1.90571E-30 1.44473E-17 6.30925E-05 7.48231E-13 4.37869E-14 7.19093E-15 5.42357E-21
 3.98892E-10 1.39885E-08 1.58594E-06 2.94608E-15 1.95380E-04 1.25526E-24 3.85961E-19 2.48847E-15
 5.84885E-14 9.32328E-19 4.11130E-24 5.19796E-27 1.60799E-29 2.10622E-23 5.32851E-37 2.05623E-32
 1.15016E-18 1.07511E-23 2.38513E-11 2.79954E-17 2.14055E-11 5.48727E-33 1.94883E-40 2.34004E-34
 4.35037E-21 1.44613E-21 5.77255E-23 1.48968E-30 1.19904E-17 7.17430E-05 5.58039E-13 3.24481E-14
 5.41840E-15 2.67682E-21 3.29355E-10 1.40948E-08 1.58567E-06 2.36212E-15 2.00156E-04 8.12622E-25
 3.85549E-19 2.37943E-15 5.42184E-14 7.34964E-19 2.04568E-24 2.27138E-27 6.95568E-30 1.41070E-23
 2.06185E-37 8.53779E-33 1.13190E-18 5.26102E-24 2.48764E-11 2.12017E-17 2.03640E-11 2.44049E-33
 9.22735E-41 1.71293E-34 4.54899E-21 1.24543E-21 5.34334E-23 1.17373E-30 1.01785E-17 8.05872E-05
 4.22382E-13 2.41403E-14 4.12996E-15 1.35249E-21 2.68505E-10 1.41908E-08 1.58538E-06 1.91793E-15
 2.04602E-04 5.32267E-25 3.85144E-19 2.27799E-15 5.05656E-14 5.82846E-19 1.02822E-24 1.00428E-27
 3.06281E-30 9.50129E-24 8.07265E-38 3.51071E-33 1.11531E-18 2.59363E-24 2.58293E-11 1.59771E-17
 1.93936E-11 1.09786E-33 4.53777E-41 1.28422E-34 4.73559E-21 1.05594E-21 4.96478E-23 9.31328E-31
 8.83068E-18 8.94746E-05 3.24447E-13 1.80422E-14 3.18255E-15 6.99342E-22 2.16278E-10 1.42771E-08
 1.58509E-06 1.57674E-15 2.08728E-04 3.52675E-25 3.84732E-19 2.18412E-15 4.74366E-14 4.64888E-19
 5.22300E-25 4.49660E-28 1.37211E-30 6.43361E-24 3.19739E-38 1.43098E-33 1.10020E-18 1.28818E-24
 2.67090E-11 1.19859E-17 1.84953E-11 4.99337E-34 2.31388E-41 9.85164E-35 4.90618E-21 8.81688E-22
 4.63202E-23 7.43534E-31 7.82361E-18 9.82675E-05 2.52971E-13 1.35577E-14 2.47775E-15 3.69893E-22
 1.72267E-10 1.43544E-08 1.58477E-06 1.31246E-15 2.12548E-04 2.36356E-25 3.84304E-19 2.09770E-15
 4.47509E-14 3.72845E-19 2.68276E-25 2.04058E-28 6.24897E-31 4.37836E-24 1.28064E-38 5.78687E-34
 1.08642E-18 6.44474E-25 2.75160E-11 8.95527E-18 1.76684E-11 2.29462E-34 1.22084E-41 7.72424E-35
 5.05786E-21 7.25583E-22 4.34022E-23 5.96768E-31 7.07227E-18 1.06849E-04 2.00320E-13 1.02538E-14
 1.94733E-15 2.00116E-22 1.35807E-10 1.44235E-08 1.58445E-06 1.10631E-15 2.16077E-04 1.60278E-25
 3.83854E-19 2.01851E-15 4.24399E-14 3.00571E-19 1.39438E-25 9.39872E-29 2.89090E-31 2.99351E-24
 5.18483E-39 2.32375E-34 1.07381E-18 3.24754E-25 2.82518E-11 6.66650E-18 1.69113E-11 1.06441E-34
 6.65042E-42 6.18236E-35 5.18891E-21 5.89369E-22 4.08469E-23 4.81170E-31 6.51536E-18 1.15126E-04
 1.61276E-13 7.81645E-15 1.54368E-15 1.11098E-22 1.06083E-10 1.44849E-08 1.58410E-06 9.44712E-16
 2.19331E-04 1.10250E-25 3.83377E-19 1.94626E-15 4.04459E-14 2.43468E-19 7.34723E-26 4.41769E-29
 1.36065E-31 2.05531E-24 2.12592E-39 9.27927E-35 1.06225E-18 1.65219E-25 2.89187E-11 4.94712E-18
 1.62217E-11 4.98215E-35 3.73895E-42 5.04476E-35 5.29831E-21 4.74074E-22 3.86110E-23 3.89473E-31
 6.06608E-18 1.23348E-04 1.31078E-13 6.00925E-15 1.23022E-15 6.24876E-23 8.23795E-11 1.45413E-08
 1.58372E-06 8.12666E-16 2.22446E-04 7.63011E-26 3.82849E-19 1.87797E-15 3.86511E-14 1.97732E-19
 3.91280E-26 2.09452E-29 6.44897E-32 1.41410E-24 8.74170E-40 3.68738E-35 1.05119E-18 8.42260E-26
 2.95437E-11 3.66317E-18 1.55714E-11 2.34075E-35 2.14217E-42 4.17138E-35 5.38774E-21 3.77759E-22
 3.65762E-23 3.15625E-31 5.65985E-18 1.31825E-04 1.06640E-13 4.66364E-15 9.82745E-16 3.50208E-23
 6.37849E-11 1.45954E-08 1.58328E-06 6.99733E-16 2.25563E-04 5.25777E-26 3.82236E-19 1.81070E-15
 3.69548E-14 1.60655E-19 2.10046E-26 9.86069E-30 3.04382E-32 9.72887E-25 3.56685E-40 1.45917E-35
 1.04008E-18 4.26616E-26 3.01531E-11 2.70870E-18 1.49326E-11 1.09815E-35 1.23436E-42 3.47605E-35
 5.45928E-21 2.97884E-22 3.46387E-23 2.55480E-31 5.28375E-18 1.40558E-04 8.67561E-14 3.66358E-15
 7.86766E-16 1.95527E-23 4.92641E-11 1.46470E-08 1.58277E-06 6.02578E-16 2.28697E-04 3.60975E-26
 3.81520E-19 1.74428E-15 3.53348E-14 1.30524E-19 1.14072E-26 4.62412E-30 1.43456E-32 6.68948E-25
 1.44884E-40 5.76045E-36 1.02883E-18 2.15458E-26 3.07473E-11 2.00077E-18 1.43039E-11 5.14628E-36
 7.15987E-43 2.91863E-35 5.51405E-21 2.33057E-22 3.27823E-23 2.06585E-31 4.93432E-18 1.49507E-04
 7.05818E-14 2.92308E-15 6.31298E-16 1.08950E-23 3.79530E-11 1.46961E-08 1.58217E-06 5.19000E-16
 2.31841E-04 2.47357E-26 3.80682E-19 1.67890E-15 3.37787E-14 1.06009E-19 6.28945E-27 2.17140E-30
 6.76569E-33 4.59528E-25 5.87043E-41 2.26947E-36 1.01739E-18 1.08772E-26 3.13236E-11 1.47630E-18
 1.36873E-11 2.40883E-36 4.18729E-43 2.47008E-35 5.55385E-21 1.81226E-22 3.10028E-23 1.66959E-31
 4.60904E-18 1.58640E-04 5.74263E-14 2.37820E-15 5.07698E-16 6.06749E-24 2.91656E-11 1.47422E-08
 1.58148E-06 4.47090E-16 2.34991E-04 1.69410E-26 3.79704E-19 1.61472E-15 3.22727E-14 8.60369E-20
 3.53339E-27 1.02604E-30 3.19489E-33 3.15223E-25 2.37309E-41 8.92311E-37 1.00573E-18 5.49449E-27
 3.18797E-11 1.08817E-18 1.30842E-11 1.12553E-36 2.47067E-43 2.10724E-35 5.58053E-21 1.40203E-22
 2.92951E-23 1.34916E-31 4.30739E-18 1.67930E-04 4.67234E-14 1.98164E-15 4.09194E-16 3.38169E-24
 2.23582E-11 1.47851E-08 1.58067E-06 3.85199E-16 2.38145E-04 1.16139E-26 3.78562E-19 1.55185E-15
 3.08017E-14 6.97429E-20 2.03054E-27 4.90320E-31 1.51068E-33 2.15800E-25 9.56621E-42 3.50143E-37
 9.93774E-19 2.77875E-27 3.24134E-11 8.01244E-19 1.24956E-11 5.24624E-37 1.47124E-43 1.81183E-35
 5.59574E-21 1.08000E-22 2.76540E-23 1.09036E-31 4.04100E-18 1.77357E-04 3.80092E-14 1.69858E-15
 3.30490E-16 1.89017E-24 1.71049E-11 1.48245E-08 1.57972E-06 3.31893E-16 2.41296E-04 7.99390E-27
 3.77230E-19 1.49040E-15 2.93490E-14 5.64300E-20 1.19903E-27 2.38432E-31 7.16567E-34 1.47330E-25
 3.85115E-42 1.37271E-37 9.81483E-19 1.41114E-27 3.29228E-11 5.89539E-19 1.19220E-11 2.44120E-37
 8.85406E-44 1.56950E-35 5.60073E-21 8.29522E-23 2.60741E-23 8.81424E-32 3.89315E-18 1.86876E-04
 3.09259E-14 1.49826E-15 2.70352E-16 1.06909E-24 1.34366E-11 1.48604E-08 1.57866E-06 2.86079E-16
 2.44430E-04 5.58164E-27 3.75680E-19 1.43058E-15 2.79004E-14 4.61372E-20 7.47623E-28 1.19942E-31
 3.52461E-34 1.03692E-25 1.63008E-42 5.76214E-38 9.68817E-19 7.44165E-28 3.34048E-11 4.40809E-19
 1.13655E-11 1.21569E-37 5.46453E-44 1.37695E-35 5.59625E-21 6.38816E-23 2.45544E-23 7.20457E-32
 3.82406E-18 1.96427E-04 2.51983E-14 1.35646E-15 2.23455E-16 6.15190E-25 1.07747E-11 1.48938E-08
 1.57758E-06 2.46923E-16 2.47525E-04 3.96654E-27 3.73884E-19 1.37277E-15 2.64680E-14 3.80176E-20
 4.89342E-28 6.30430E-32 1.80323E-34 7.47495E-26 7.29727E-43 2.55761E-38 9.55764E-19 4.08521E-28
 3.38530E-11 3.33397E-19 1.08306E-11 6.40866E-38 3.45480E-44 1.22177E-35 5.58330E-21 4.92978E-23
 2.30970E-23 5.94104E-32 3.70219E-18 2.06017E-04 2.05670E-14 1.27071E-15 1.82865E-16 3.56789E-25
 8.36719E-12 1.49253E-08 1.57649E-06 2.13463E-16 2.50577E-04 2.83317E-27 3.71800E-19 1.31691E-15
 2.50763E-14 3.08357E-20 3.22178E-28 3.41656E-32 9.04905E-35 5.18304E-26 3.14610E-43 1.05435E-38
 9.42229E-19 2.20317E-28 3.42639E-11 2.47074E-19 1.03193E-11 3.15373E-38 2.18129E-44 1.08518E-35
 5.56270E-21 3.77700E-23 2.16950E-23 4.84392E-32 3.61462E-18 2.15649E-04 1.68197E-14 1.21900E-15
 1.51386E-16 2.09541E-25 6.65873E-12 1.49553E-08 1.57542E-06 1.84868E-16 2.53580E-04 2.04456E-27
 3.69386E-19 1.26297E-15 2.37294E-14 2.52804E-20 2.22310E-28 1.92806E-32 4.64401E-35 3.70372E-26
 1.40181E-43 4.59850E-39 9.28112E-19 1.21444E-28 3.46348E-11 1.85430E-19 9.83163E-12 1.62850E-38
 1.39515E-44 9.73947E-36 5.53416E-21 2.88848E-23 2.03422E-23 3.98950E-32 3.46635E-18 2.25344E-04
 1.37882E-14 1.21368E-15 1.23819E-16 1.23256E-25 5.10808E-12 1.49843E-08 1.57439E-06 1.60440E-16
 2.56532E-04 1.47045E-27 3.66588E-19 1.21088E-15 2.24582E-14 2.03820E-20 1.54053E-28 1.11363E-32
 2.30862E-35 2.53264E-26 5.91569E-44 1.84032E-39 9.13290E-19 6.48515E-29 3.49625E-11 1.35963E-19
 9.36840E-12 7.78151E-39 8.85032E-45 8.73364E-36 5.49763E-21 2.18719E-23 1.90322E-23 3.24149E-32
 3.31720E-18 2.35138E-04 1.13297E-14 1.23605E-15 1.01777E-16 7.27831E-26 3.95316E-12 1.50123E-08
 1.57339E-06 1.39533E-16 2.59435E-04 1.05804E-27 3.63348E-19 1.16048E-15 2.12662E-14 1.65127E-20
 1.10251E-28 6.61869E-33 1.14954E-35 1.75202E-26 2.49862E-44 7.48929E-40 8.97615E-19 3.46388E-29
 3.52450E-11 1.00022E-19 8.92841E-12 3.75083E-39 5.63030E-45 7.87667E-36 5.45245E-21 1.64786E-23
 1.77569E-23 2.64256E-32 3.15627E-18 2.45041E-04 9.34052E-15 1.28437E-15 8.38346E-17 4.31107E-26
 3.06599E-12 1.50409E-08 1.57253E-06 1.21691E-16 2.62276E-04 7.59734E-28 3.59605E-19 1.11179E-15
 2.01749E-14 1.34151E-20 8.09541E-29 4.03640E-33 5.74021E-36 1.21704E-26 1.06002E-44 3.06125E-40
 8.80969E-19 1.85009E-29 3.54784E-11 7.35093E-20 8.51243E-12 1.81190E-39 3.58796E-45 7.13182E-36
 5.39802E-21 1.23488E-23 1.65133E-23 2.15496E-32 2.94060E-18 2.55135E-04 7.72577E-15 1.38689E-15
 6.78782E-17 2.52692E-26 2.26297E-12 1.50693E-08 1.57170E-06 1.06419E-16 2.65063E-04 5.35828E-28
 3.55280E-19 1.06455E-15 1.92076E-14 1.06883E-20 5.90334E-29 2.46969E-33 2.72006E-36 7.97750E-27
 4.13750E-45 1.11022E-40 8.63141E-19 9.35072E-30 3.56602E-11 5.24013E-20 8.11861E-12 7.89847E-40
 2.24502E-45 6.42477E-36 5.33347E-21 9.12936E-24 1.52925E-23 1.72394E-32 2.71813E-18 2.65497E-04
 6.40920E-15 1.52175E-15 5.49832E-17 1.46924E-26 1.66757E-12 1.50955E-08 1.57071E-06 9.32989E-17
 2.67802E-04 3.72957E-28 3.50296E-19 1.01853E-15 1.83530E-14 8.54016E-21 4.37963E-29 1.52395E-33
 1.26542E-36 5.22979E-27 1.56913E-45 3.97958E-41 8.43939E-19 4.61975E-30 3.57882E-11 3.72635E-20
 7.74493E-12 3.37037E-40 1.39433E-45 5.79180E-36 5.25770E-21 6.69753E-24 1.40884E-23 1.37660E-32
 2.50323E-18 2.76178E-04 5.33587E-15 1.68939E-15 4.45492E-17 8.49913E-27 1.22844E-12 1.51196E-08
 1.56955E-06 8.20370E-17 2.70486E-04 2.57034E-28 3.44581E-19 9.73690E-16 1.76065E-14 6.84530E-21
 3.30092E-29 9.50471E-34 5.85633E-37 3.42945E-27 5.89726E-46 1.42196E-41 8.23219E-19 2.26027E-30
 3.58582E-11 2.64627E-20 7.39115E-12 1.42973E-40 8.63163E-46 5.21991E-36 5.16980E-21 4.89057E-24
 1.29003E-23 1.09672E-32 2.29810E-18 2.87242E-04 4.46117E-15 1.89110E-15 3.60972E-17 4.89984E-27
 9.04626E-13 1.51416E-08 1.56816E-06 7.23820E-17 2.73105E-04 1.75523E-28 3.38067E-19 9.30003E-16
 1.69651E-14 5.50589E-21 2.51908E-29 5.98322E-34 2.70569E-37 2.24973E-27 2.20957E-46 5.06301E-42
 8.00848E-19 1.09853E-30 3.58660E-11 1.87618E-20 7.05710E-12 6.03929E-41 5.32689E-46 4.69883E-36
 5.06886E-21 3.55743E-24 1.17292E-23 8.71296E-33 2.09543E-18 2.98790E-04 3.74700E-15 2.15497E-15
 2.89911E-17 2.80702E-27 6.50660E-13 1.51596E-08 1.56635E-06 6.40939E-17 2.75659E-04 1.18144E-28
 3.30683E-19 8.87349E-16 1.64263E-14 4.39653E-21 1.91910E-29 3.76258E-34 1.21940E-37 1.43372E-27
 7.96077E-47 1.69911E-42 7.76677E-19 5.18696E-31 3.58077E-11 1.31018E-20 6.74193E-12 2.43578E-41
 3.24893E-46 4.20522E-36 4.95392E-21 2.56999E-24 1.05762E-23 6.83905E-33 1.90264E-18 3.10927E-04
 3.16193E-15 2.48697E-15 2.31253E-17 1.59915E-27 4.60195E-13 1.51693E-08 1.56369E-06 5.69595E-17
 2.78146E-04 7.84045E-29 3.22374E-19 8.45626E-16 1.59753E-14 3.49385E-21 1.46081E-29 2.35862E-34
 5.36048E-38 8.93701E-28 2.75440E-47 5.44200E-43 7.50603E-19 2.38034E-31 3.56796E-11 9.04872E-21
 6.44468E-12 9.43016E-42 1.95750E-46 3.73893E-36 4.82425E-21 1.84633E-24 9.44521E-24 5.31250E-33
 1.73419E-18 3.23720E-04 2.68329E-15 2.83797E-15 1.86017E-17 9.13758E-28 3.33676E-13 1.51692E-08
 1.55999E-06 5.08317E-17 2.80553E-04 5.17768E-29 3.13133E-19 8.04936E-16 1.55929E-14 2.81610E-21
 1.13092E-29 1.49131E-34 2.39169E-38 5.73772E-28 9.72970E-48 1.83667E-43 7.22670E-19 1.10250E-31
 3.54788E-11 6.33472E-21 6.16586E-12 3.76244E-42 1.18006E-46 3.31927E-36 4.67986E-21 1.32830E-24
 8.34696E-24 4.14542E-33 1.58364E-18 3.37277E-04 2.29196E-15 3.25541E-15 1.48987E-17 5.25092E-28
 2.40228E-13 1.51588E-08 1.55513E-06 4.55727E-17 2.82870E-04 3.40122E-29 3.02952E-19 7.65311E-16
 1.52712E-14 2.26487E-21 8.76338E-30 9.46252E-35 1.06651E-38 3.63668E-28 3.42650E-48 6.09194E-44
 6.92909E-19 5.08907E-32 3.52020E-11 4.41072E-21 5.90559E-12 1.49123E-42 7.07842E-47 2.92605E-36
 4.52074E-21 9.55281E-25 7.29106E-24 3.20731E-33 1.45134E-18 3.51701E-04 1.97233E-15 3.72698E-15
 1.19283E-17 3.05066E-28 1.73584E-13 1.51349E-08 1.54875E-06 4.10616E-17 2.85088E-04 2.22856E-29
 2.91864E-19 7.26821E-16 1.49997E-14 1.82646E-21 6.81682E-30 6.03070E-35 4.77459E-39 2.30706E-28
 1.21105E-48 2.02705E-44 6.61460E-19 2.35199E-32 3.48479E-11 3.07337E-21 5.66396E-12 5.92367E-43
 4.22911E-47 2.56293E-36 4.34755E-21 6.87558E-25 6.28925E-24 2.46948E-33 1.33727E-18 3.67091E-04
 1.71220E-15 4.23179E-15 9.58104E-18 1.80595E-28 1.27189E-13 1.50965E-08 1.54067E-06 3.72001E-17
 2.87195E-04 1.46303E-29 2.79941E-19 6.89581E-16 1.47699E-14 1.48369E-21 5.34223E-30 3.87142E-35
 2.16801E-39 1.48415E-28 4.36822E-49 6.94285E-45 6.28547E-19 1.09914E-32 3.44162E-11 2.15655E-21
 5.44130E-12 2.40016E-43 2.52399E-47 2.23254E-36 4.16150E-21 4.96110E-25 5.35385E-24 1.89866E-33
 1.23768E-18 3.83592E-04 1.50121E-15 4.81798E-15 7.65561E-18 1.09858E-28 9.25661E-14 1.50411E-08
 1.53055E-06 3.38934E-17 2.89187E-04 9.64916E-30 2.67257E-19 6.53632E-16 1.45765E-14 1.20081E-21
 4.17428E-30 2.49259E-35 9.83298E-40 9.41389E-29 1.57008E-49 2.33252E-45 5.94395E-19 5.12866E-33
 3.39071E-11 1.50444E-21 5.23738E-12 9.64429E-44 1.49791E-47 1.92651E-36 3.96389E-21 3.58457E-25
 4.49417E-24 1.44506E-33 1.15345E-18 4.01317E-04 1.33129E-15 5.46380E-15 6.10889E-18 6.98942E-29
 6.76086E-14 1.49646E-08 1.51790E-06 3.10634E-17 2.91058E-04 6.47340E-30 2.53945E-19 6.19092E-16
 1.44134E-14 9.73198E-22 3.26258E-30 1.61845E-35 4.47314E-40 5.97077E-29 5.65340E-50 7.85113E-46
 5.59362E-19 2.40051E-33 3.33236E-11 1.04998E-21 5.05218E-12 3.87520E-44 8.88184E-48 1.64840E-36
 3.75689E-21 2.60448E-25 3.71942E-24 1.09289E-33 1.08669E-18 4.20404E-04 1.19588E-15 6.20137E-15
 4.84746E-18 4.81045E-29 4.91375E-14 1.48618E-08 1.50214E-06 2.86387E-17 2.92807E-04 4.54425E-30
 2.40146E-19 5.86042E-16 1.42750E-14 7.85520E-22 2.54365E-30 1.07862E-35 2.05656E-40 3.73652E-29
 2.03993E-50 2.60042E-46 5.23815E-19 1.14176E-33 3.26696E-11 7.29494E-22 4.88537E-12 1.55380E-44
 5.36608E-48 1.39551E-36 3.54281E-21 1.92510E-25 3.03487E-24 8.17805E-34 1.04564E-18 4.40904E-04
 1.09055E-15 6.85028E-15 3.90138E-18 3.81202E-29 3.74993E-14 1.47333E-08 1.48321E-06 2.65734E-17
 2.94423E-04 3.54868E-30 2.26076E-19 5.54689E-16 1.41562E-14 6.48728E-22 2.04588E-30 7.87242E-36
 1.07726E-40 2.47581E-29 8.51090E-51 9.79438E-47 4.88294E-19 6.30052E-34 3.19530E-11 5.23840E-22
 4.73709E-12 7.09179E-45 3.65417E-48 1.17885E-36 3.32508E-21 1.50264E-25 2.44481E-24 6.17742E-34
 2.85150E+02 2.78650E+02 2.72150E+02 2.65660E+02 2.61170E+02 2.55680E+02 2.49190E+02 2.42700E+02
 2.36210E+02 2.25000E+02 2.10000E+02 2.10000E+02 2.10000E+02 2.10000E+02 2.10000E+02 2.00000E+02
 2.00000E+02 2.00000E+02 2.00000E+02 2.00000E+02 2.00000E+02 2.00000E+02 2.00000E+02 2.00000E+02
 2.00000E+02 2.00000E+02 2.00000E+02 2.00000E+02 2.00000E+02 2.00000E+02 2.00000E+02 2.00000E+02
 2.00000E+02 2.00000E+02 2.00000E+02 2.00000E+02 2.00000E+02 2.00000E+02 2.00000E+02 2.00000E+02
 2.00000E+02 2.00000E+02 2.00000E+02 2.00000E+02 2.00000E+02 2.00000E+02 2.00000E+02 2.00000E+02
 2.00000E+02 2.00000E+02 2.00000E+02 2.00000E+02 2.00000E+02 2.00000E+02 2.00000E+02 2.00000E+02
 2.00000E+02 2.00000E+02 2.00000E+02 2.00000E+02 2.00000E+02 2.00000E+02 2.00000E+02 2.00000E+02
 2.00000E+02 2.00000E+02 2.00000E+02 2.00000E+02 2.00000E+02 2.00000E+02 2.00000E+02 2.00000E+02
 2.00000E+02 2.00000E+02 2.00000E+02 2.00000E+02 2.00000E+02 2.00000E+02 2.00000E+02 1.98600E+02
 1.96000E+02 1.94700E+02 1.92000E+02 1.90800E+02 1.89000E+02 1.86900E+02 1.86900E+02 1.86900E+02
 1.86900E+02 1.86900E+02 1.88000E+02 1.90000E+02 1.91000E+02 1.92500E+02 1.94000E+02 1.95000E+02
 1.96500E+02 1.98000E+02 2.00000E+02 2.00000E+02 1.00000E+05 1.00000E+05 1.00000E+05 1.00000E+05
 1.00000E+05 1.00000E+05 1.00000E+05 1.00000E+05 1.00000E+05 8.94400E+04 4.89900E+04 2.25800E+04
 1.16600E+04 6.81200E+03 5.16500E+03 4.29000E+03 3.95000E+03 3.90000E+03 3.99900E+03 4.34300E+03
 4.84400E+03 5.43900E+03 6.18700E+03 7.03600E+03 7.98400E+03 8.98600E+03 1.00300E+04 1.12800E+04
 1.24900E+04 1.36300E+04 1.51300E+04 1.66900E+04 1.81800E+04 1.99800E+04 2.19800E+04 2.44500E+04
 2.74600E+04 3.04600E+04 3.39400E+04 3.79500E+04 4.19500E+04 4.64300E+04 5.19100E+04 5.84000E+04
 6.44500E+04 7.13600E+04 7.99000E+04 8.79100E+04 9.68700E+04 1.06900E+05 1.17800E+05 1.31800E+05
 1.48300E+05 1.65800E+05 1.83300E+05 2.01800E+05 2.25600E+05 2.52200E+05 2.77200E+05 3.07000E+05
 3.42100E+05 3.79500E+05 4.21900E+05 4.71700E+05 5.17400E+05 5.67400E+05 6.22400E+05 6.82600E+05
 7.48700E+05 8.21200E+05 9.00700E+05 9.87900E+05 1.00000E+06 1.00000E+06 1.00000E+06 1.00000E+06
 1.00000E+06 1.00000E+06 1.00000E+06 1.00000E+06 1.00000E+06 1.00000E+06 1.00000E+06 1.00000E+06
 1.00000E+06 1.00000E+06 1.00000E+06 1.00000E+06 1.00000E+06 1.00000E+06 1.00000E+06 1.00000E+06
 1.00000E+06 1.00000E+06 1.00000E+06 1.00000E+06 1.00000E+06 1.00000E+06 1.00000E+06 1.00000E+06
 2.42866E+19 2.20951E+19 2.00572E+19 1.81649E+19 1.62936E+19 1.46415E+19 1.31763E+19 1.18252E+19
 1.05821E+19 9.62488E+18 8.85796E+18 7.56784E+18 6.46594E+18 5.52475E+18 4.72079E+18 4.21952E+18
 3.57763E+18 3.03354E+18 2.57233E+18 2.18136E+18 1.84990E+18 1.56889E+18 1.33064E+18 1.12863E+18
 9.57330E+17 8.12074E+17 6.88893E+17 5.84427E+17 4.95829E+17 4.20683E+17 3.56944E+17 3.02878E+17
 2.57015E+17 2.18108E+17 1.85100E+17 1.57095E+17 1.33334E+17 1.13173E+17 9.60653E+16 8.15478E+16
 6.92278E+16 5.87720E+16 4.98980E+16 4.23660E+16 3.59728E+16 3.05459E+16 2.59390E+16 2.20281E+16
 1.87078E+16 1.58887E+16 1.34952E+16 1.14628E+16 9.73697E+15 8.27140E+15 7.02679E+15 5.96976E+15
 5.07199E+15 4.30945E+15 3.66174E+15 3.11154E+15 2.64414E+15 2.24707E+15 1.90972E+15 1.62310E+15
 1.37957E+15 1.17264E+15 9.96792E+14 8.47360E+14 7.20366E+14 6.12435E+14 5.20702E+14 4.42731E+14
 3.76455E+14 3.20116E+14 2.72222E+14 2.31506E+14 1.96889E+14 1.67457E+14 1.42432E+14 1.21938E+14
 1.04869E+14 8.94611E+13 7.67494E+13 6.52314E+13 5.55489E+13 4.73028E+13 3.97970E+13 3.34839E+13
 2.81738E+13 2.37071E+13 1.98429E+13 1.65547E+13 1.39046E+13 1.16622E+13 9.79529E+12 8.25810E+12
 6.95230E+12 5.86095E+12 4.93617E+12 4.20290E+12 1.14015E-10 1.37607E-10 1.86258E-10 2.45607E-10
 3.09831E-10 3.74912E-10 4.36823E-10 4.91242E-10 5.33115E-10 5.58593E-10 5.66084E-10 5.68963E-10
 5.62428E-10 5.46763E-10 5.20732E-10 4.85731E-10 4.44133E-10 3.99893E-10 3.56561E-10 3.16860E-10
 2.82396E-10 2.52992E-10 2.28116E-10 2.07186E-10 1.88954E-10 1.72018E-10 1.55821E-10 1.40400E-10
 1.25737E-10 1.11680E-10 9.83347E-11 8.58444E-11 7.41517E-11 6.33033E-11 5.34022E-11 4.45250E-11
 3.67355E-11 2.99647E-11 2.41272E-11 1.91778E-11 1.50210E-11 1.15650E-11 8.75508E-12 6.52569E-12
 4.77479E-12 3.41550E-12 2.39044E-12 1.63233E-12 1.08222E-12 6.96395E-13 4.31015E-13 2.60166E-13
 1.53418E-13 8.79762E-14 4.86661E-14 2.58410E-14 1.32701E-14 6.57896E-15 3.10375E-15 1.39701E-15
 6.01299E-16 2.45894E-16 9.54395E-17 3.52523E-17 1.21127E-17 3.85057E-18 1.12654E-18 3.01452E-19
 7.33190E-20 1.60979E-20 3.16723E-21 5.54040E-22 7.30939E-23 6.75159E-24 4.10140E-25 1.52233E-26
 3.16661E-28 3.33481E-30 1.57797E-32 2.90174E-35 1.73078E-38 2.70474E-42 8.51030E-47 3.95808E-52
 1.87044E-58 5.67550E-66 6.57890E-75 1.57593E-85 3.75995E-98 1.00000-100 1.00000-100 1.00000-100
 1.00000-100 1.00000-100 1.00000-100 1.00000-100 1.00000-100 1.00000-100 1.00000-100 1.00000-100
 4.23436E+01 3.66041E+01 3.67042E+01 3.71591E+01 3.85710E+01 3.92213E+01 3.87507E+01 3.74923E+01
 3.50856E+01 3.23223E+01 2.94401E+01 2.34933E+01 1.93924E+01 1.56874E+01 1.23206E+01 1.11295E+01
 9.00050E+00 7.69078E+00 6.78716E+00 6.31936E+00 6.08744E+00 6.00024E+00 6.12426E+00 6.43759E+00
 5.61413E+00 4.28751E+00 3.25789E+00 2.46340E+00 1.85147E+00 1.37984E+00 1.02181E+00 7.50082E-01
 5.44636E-01 3.90669E-01 2.76755E-01 1.94001E-01 1.34491E-01 9.22646E-02 6.24384E-02 4.17262E-02
 2.74424E-02 1.77165E-02 1.12473E-02 7.03520E-03 4.31382E-03 2.58216E-03 1.51240E-03 8.63165E-04
 4.80903E-04 2.62825E-04 1.38163E-04 7.08375E-05 3.54831E-05 1.72849E-05 8.12278E-06 3.66428E-06
 1.59872E-06 6.73443E-07 2.69958E-07 1.03252E-07 3.77657E-08 1.31246E-08 4.32933E-09 1.35911E-09
 3.96924E-10 1.07253E-10 2.66732E-11 6.06748E-12 1.25456E-12 2.34181E-13 3.91734E-14 5.82644E-15
 6.53605E-16 5.13376E-17 2.65202E-18 8.37131E-20 1.48095E-21 1.32647E-23 5.33862E-26 8.40463E-29
 4.31132E-32 5.74754E-36 1.55146E-40 6.13286E-46 2.46798E-52 6.37696E-60 6.21907E-69 1.25341E-79
 2.51623E-92 5.63119E-95 4.71332E-95 3.93226E-95 3.30279E-95 2.77014E-95 2.32669E-95 1.96156E-95
 1.65139E-95 1.39216E-95 1.17250E-95 9.98323E-96 0.00000E+00 0.00000E+00 0.00000E+00 0.00000E+00
 0.00000E+00 0.00000E+00 0.00000E+00 0.00000E+00 0.00000E+00 0.00000E+00 0.00000E+00 0.00000E+00
 0.00000E+00 0.00000E+00 0.00000E+00 0.00000E+00 0.00000E+00 0.00000E+00 0.00000E+00 0.00000E+00
 0.00000E+00 0.00000E+00 0.00000E+00 0.00000E+00 0.00000E+00 0.00000E+00 0.00000E+00 0.00000E+00
 0.00000E+00 0.00000E+00 0.00000E+00 0.00000E+00 0.00000E+00 0.00000E+00 0.00000E+00 0.00000E+00
 0.00000E+00 0.00000E+00 0.00000E+00 0.00000E+00 0.00000E+00 0.00000E+00 0.00000E+00 0.00000E+00
 0.00000E+00 0.00000E+00 0.00000E+00 0.00000E+00 0.00000E+00 0.00000E+00 0.00000E+00 0.00000E+00
 0.00000E+00 0.00000E+00 0.00000E+00 0.00000E+00 0.00000E+00 0.00000E+00 0.00000E+00 0.00000E+00
 0.00000E+00 0.00000E+00 0.00000E+00 0.00000E+00 0.00000E+00 0.00000E+00 0.00000E+00 0.00000E+00
 0.00000E+00 0.00000E+00 0.00000E+00 0.00000E+00 0.00000E+00 0.00000E+00 0.00000E+00 0.00000E+00
 0.00000E+00 0.00000E+00 0.00000E+00 0.00000E+00 0.00000E+00 0.00000E+00 0.00000E+00 0.00000E+00
 0.00000E+00 0.00000E+00 0.00000E+00 0.00000E+00 0.00000E+00 0.00000E+00 0.00000E+00 0.00000E+00
 0.00000E+00 0.00000E+00 0.00000E+00 0.00000E+00 0.00000E+00 0.00000E+00 0.00000E+00 0.00000E+00
 0.00000E+00 0.00000E+00 0.00000E+00 0.00000E+00 0.00000E+00 0.00000E+00 0.00000E+00 0.00000E+00
 0.00000E+00 0.00000E+00 0.00000E+00 0.00000E+00 0.00000E+00 0.00000E+00 0.00000E+00 0.00000E+00
 0.00000E+00 0.00000E+00 0.00000E+00 0.00000E+00 0.00000E+00 0.00000E+00 0.00000E+00 0.00000E+00
 0.00000E+00 0.00000E+00 0.00000E+00 0.00000E+00 0.00000E+00 0.00000E+00 0.00000E+00 0.00000E+00
 0.00000E+00 0.00000E+00 0.00000E+00 0.00000E+00 0.00000E+00 0.00000E+00 0.00000E+00 0.00000E+00
 0.00000E+00 0.00000E+00 0.00000E+00 0.00000E+00 0.00000E+00 0.00000E+00 0.00000E+00 0.00000E+00
 0.00000E+00 0.00000E+00 0.00000E+00 0.00000E+00 0.00000E+00 0.00000E+00 0.00000E+00 0.00000E+00
 0.00000E+00 0.00000E+00 0.00000E+00 0.00000E+00 0.00000E+00 0.00000E+00 0.00000E+00 0.00000E+00
 0.00000E+00 0.00000E+00 0.00000E+00 0.00000E+00 0.00000E+00 0.00000E+00 0.00000E+00 0.00000E+00
 0.00000E+00 0.00000E+00 0.00000E+00 0.00000E+00 0.00000E+00 0.00000E+00 0.00000E+00 0.00000E+00
 0.00000E+00 0.00000E+00 0.00000E+00 0.00000E+00 0.00000E+00 0.00000E+00 0.00000E+00 0.00000E+00
 0.00000E+00 0.00000E+00 0.00000E+00 0.00000E+00 0.00000E+00 0.00000E+00 0.00000E+00 0.00000E+00
 0.00000E+00 0.00000E+00 0.00000E+00 0.00000E+00 7.10346E-04 7.76487E-04 8.52992E-04 9.39076E-04
 1.01937E-03 1.10958E-03 1.21482E-03 1.33254E-03 1.46966E-03 1.64329E-03 1.86348E-03 2.11727E-03
 2.38384E-03 2.70430E-03 3.09521E-03 3.46445E-03 3.90749E-03 4.31553E-03 4.71947E-03 5.08216E-03
 5.43777E-03 5.80452E-03 6.15423E-03 6.49174E-03 7.32081E-03 8.63820E-03 1.01977E-02 1.20418E-02
 1.42238E-02 1.68071E-02 1.98471E-02 2.34430E-02 2.76983E-02 3.27360E-02 3.87027E-02 4.57408E-02
 5.40755E-02 6.39095E-02 7.55563E-02 8.93179E-02 1.05643E-01 1.25027E-01 1.47966E-01 1.75070E-01
 2.07262E-01 2.45531E-01 2.90865E-01 3.44769E-01 4.07743E-01 4.80058E-01 5.65175E-01 6.65355E-01
 7.83257E-01 9.22010E-01 1.08529E+00 1.27743E+00 1.50351E+00 1.76953E+00 2.08250E+00 2.45071E+00
 2.88389E+00 3.39347E+00 3.99289E+00 4.69795E+00 5.52725E+00 6.50261E+00 7.64970E+00 8.99870E+00
 1.05851E+01 1.24505E+01 1.46439E+01 1.72228E+01 2.02549E+01 2.38197E+01 2.80104E+01 3.29367E+01
 3.87275E+01 4.55342E+01 5.35345E+01 6.29858E+01 7.42450E+01 8.76391E+01 1.03667E+02 1.22784E+02
 1.45651E+02 1.73107E+02 2.05756E+02 2.44549E+02 2.90640E+02 3.45401E+02 4.10066E+02 4.85982E+02
 5.75384E+02 6.80361E+02 8.03440E+02 9.47876E+02 1.11695E+03 1.31452E+03 1.54472E+03 1.81423E+03
 0.00000E+00 0.00000E+00 0.00000E+00 0.00000E+00 0.00000E+00 0.00000E+00 0.00000E+00 0.00000E+00
 0.00000E+00 0.00000E+00 0.00000E+00 0.00000E+00 0.00000E+00 0.00000E+00 0.00000E+00 0.00000E+00
 0.00000E+00 0.00000E+00 0.00000E+00 0.00000E+00 0.00000E+00 0.00000E+00 0.00000E+00 0.00000E+00
 0.00000E+00 0.00000E+00 0.00000E+00 0.00000E+00 0.00000E+00 0.00000E+00 0.00000E+00 0.00000E+00
 0.00000E+00 0.00000E+00 0.00000E+00 0.00000E+00 0.00000E+00 0.00000E+00 0.00000E+00 0.00000E+00
 0.00000E+00 0.00000E+00 0.00000E+00 0.00000E+00 0.00000E+00 0.00000E+00 0.00000E+00 0.00000E+00
 0.00000E+00 0.00000E+00 0.00000E+00 0.00000E+00 0.00000E+00 0.00000E+00 0.00000E+00 0.00000E+00
 0.00000E+00 0.00000E+00 0.00000E+00 0.00000E+00 0.00000E+00 0.00000E+00 0.00000E+00 0.00000E+00
 0.00000E+00 0.00000E+00 0.00000E+00 0.00000E+00 0.00000E+00 0.00000E+00 0.00000E+00 0.00000E+00
 0.00000E+00 0.00000E+00 0.00000E+00 0.00000E+00 0.00000E+00 0.00000E+00 0.00000E+00 0.00000E+00
 0.00000E+00 0.00000E+00 0.00000E+00 0.00000E+00 0.00000E+00 0.00000E+00 0.00000E+00 0.00000E+00
 0.00000E+00 0.00000E+00 0.00000E+00 0.00000E+00 0.00000E+00 0.00000E+00 0.00000E+00 0.00000E+00
 0.00000E+00 0.00000E+00 0.00000E+00 0.00000E+00 0.00000E+00 0.00000E+00 0.00000E+00 0.00000E+00
 0.00000E+00 0.00000E+00 0.00000E+00 0.00000E+00 0.00000E+00 0.00000E+00 0.00000E+00 0.00000E+00
 0.00000E+00 0.00000E+00 0.00000E+00 0.00000E+00 0.00000E+00 0.00000E+00 0.00000E+00 0.00000E+00
 0.00000E+00 0.00000E+00 0.00000E+00 0.00000E+00 0.00000E+00 0.00000E+00 0.00000E+00 0.00000E+00
 0.00000E+00 0.00000E+00 0.00000E+00 0.00000E+00 0.00000E+00 0.00000E+00 0.00000E+00 0.00000E+00
 0.00000E+00 0.00000E+00 0.00000E+00 0.00000E+00 0.00000E+00 0.00000E+00 0.00000E+00 0.00000E+00
 0.00000E+00 0.00000E+00 0.00000E+00 0.00000E+00 0.00000E+00 0.00000E+00 0.00000E+00 0.00000E+00
 0.00000E+00 0.00000E+00 0.00000E+00 0.00000E+00 0.00000E+00 0.00000E+00 0.00000E+00 0.00000E+00
 0.00000E+00 0.00000E+00 0.00000E+00 0.00000E+00 0.00000E+00 0.00000E+00 0.00000E+00 0.00000E+00
 0.00000E+00 0.00000E+00 0.00000E+00 0.00000E+00 0.00000E+00 0.00000E+00 0.00000E+00 0.00000E+00
 0.00000E+00 0.00000E+00 0.00000E+00 0.00000E+00 0.00000E+00 0.00000E+00 0.00000E+00 0.00000E+00
 0.00000E+00 0.00000E+00 0.00000E+00 0.00000E+00 0.00000E+00 0.00000E+00 0.00000E+00 0.00000E+00
 0.00000E+00 0.00000E+00 0.00000E+00 0.00000E+00 0.00000E+00 0.00000E+00 0.00000E+00 0.00000E+00
 1.86635E-05 1.86635E-05 1.86635E-05 1.86635E-05 1.86635E-05 1.86635E-05 1.86635E-05 1.86635E-05
 1.86635E-05 1.86635E-05 1.86635E-05 1.86635E-05 1.86635E-05 1.86635E-05 1.86635E-05 1.86635E-05
 1.82965E-05 1.75276E-05 1.65651E-05 1.53612E-05 1.40984E-05 1.28703E-05 1.16383E-05 1.04468E-05
 1.00000E-05 1.00000E-05 1.00000E-05 1.00000E-05 1.00000E-05 1.00000E-05 1.00000E-05 1.00000E-05
 1.00000E-05 1.00000E-05 1.00000E-05 1.00000E-05 1.00000E-05 1.00000E-05 1.00000E-05 1.00000E-05
 1.00000E-05 1.00000E-05 1.00000E-05 1.00000E-05 1.00000E-05 1.00000E-05 1.00000E-05 1.00000E-05
 1.00000E-05 1.00000E-05 1.00000E-05 1.00000E-05 1.00000E-05 1.00000E-05 1.00000E-05 1.00000E-05
 1.00000E-05 1.00000E-05 1.00000E-05 1.00000E-05 1.00000E-05 1.00000E-05 1.00000E-05 1.00000E-05
 1.00000E-05 1.00000E-05 1.00000E-05 1.00000E-05 1.00000E-05 1.00000E-05 1.00000E-05 1.00000E-05
 1.00000E-05 1.00000E-05 1.00000E-05 1.00000E-05 1.00000E-05 1.00000E-05 1.00000E-05 1.00000E-05
 1.00000E-05 1.00000E-05 1.00000E-05 1.00000E-05 1.00000E-05 1.00000E-05 1.00000E-05 1.00000E-05
 1.00000E-05 1.00000E-05 1.00000E-05 1.00000E-05 1.00000E-05 1.00000E-05 1.00000E-05 1.00000E-05
 1.00000E-05 1.00000E-05 1.00000E-05 1.00000E-05 0.00000E+00 0.00000E+00 0.00000E+00 0.00000E+00
 0.00000E+00 0.00000E+00 0.00000E+00 0.00000E+00 0.00000E+00 0.00000E+00 0.00000E+00 0.00000E+00
 0.00000E+00 0.00000E+00 0.00000E+00 0.00000E+00 0.00000E+00 0.00000E+00 0.00000E+00 0.00000E+00
 0.00000E+00 0.00000E+00 0.00000E+00 0.00000E+00 0.00000E+00 0.00000E+00 0.00000E+00 0.00000E+00
 0.00000E+00 0.00000E+00 0.00000E+00 0.00000E+00 0.00000E+00 0.00000E+00 0.00000E+00 0.00000E+00
 0.00000E+00 0.00000E+00 0.00000E+00 0.00000E+00 0.00000E+00 0.00000E+00 0.00000E+00 0.00000E+00
 0.00000E+00 0.00000E+00 0.00000E+00 0.00000E+00 0.00000E+00 0.00000E+00 0.00000E+00 0.00000E+00
 0.00000E+00 0.00000E+00 0.00000E+00 0.00000E+00 0.00000E+00 0.00000E+00 0.00000E+00 0.00000E+00
 0.00000E+00 0.00000E+00 0.00000E+00 0.00000E+00 0.00000E+00 0.00000E+00 0.00000E+00 0.00000E+00
 0.00000E+00 0.00000E+00 0.00000E+00 0.00000E+00 0.00000E+00 0.00000E+00 0.00000E+00 0.00000E+00
 0.00000E+00 0.00000E+00 0.00000E+00 0.00000E+00 0.00000E+00 0.00000E+00 0.00000E+00 0.00000E+00
 0.00000E+00 0.00000E+00 0.00000E+00 0.00000E+00 0.00000E+00 0.00000E+00 0.00000E+00 0.00000E+00
 0.00000E+00 0.00000E+00 0.00000E+00 0.00000E+00 0.00000E+00 0.00000E+00 0.00000E+00 0.00000E+00
 0.00000E+00 0.00000E+00 0.00000E+00 0.00000E+00 0.00000E+00 0.00000E+00 0.00000E+00 0.00000E+00
 0.00000E+00 0.00000E+00 0.00000E+00 0.00000E+00 0.00000E+00 0.00000E+00 0.00000E+00 0.00000E+00
 0.00000E+00 0.00000E+00 0.00000E+00 0.00000E+00 0.00000E+00 0.00000E+00 0.00000E+00 0.00000E+00
 0.00000E+00 0.00000E+00 0.00000E+00 0.00000E+00 0.00000E+00 0.00000E+00 0.00000E+00 0.00000E+00
 0.00000E+00 0.00000E+00 0.00000E+00 0.00000E+00 0.00000E+00 0.00000E+00 0.00000E+00 0.00000E+00
 0.00000E+00 0.00000E+00 0.00000E+00 0.00000E+00 0.00000E+00 0.00000E+00 0.00000E+00 0.00000E+00
 0.00000E+00 0.00000E+00 0.00000E+00 0.00000E+00 0.00000E+00 0.00000E+00 0.00000E+00 0.00000E+00
 0.00000E+00 0.00000E+00 0.00000E+00 0.00000E+00 0.00000E+00 0.00000E+00 0.00000E+00 0.00000E+00
 0.00000E+00 0.00000E+00 0.00000E+00 0.00000E+00 0.00000E+00 0.00000E+00 0.00000E+00 0.00000E+00
 0.00000E+00 0.00000E+00 0.00000E+00 0.00000E+00 0.00000E+00 0.00000E+00 0.00000E+00 0.00000E+00
 0.00000E+00 0.00000E+00 0.00000E+00 0.00000E+00 0.00000E+00 0.00000E+00 0.00000E+00 0.00000E+00
 0.00000E+00 0.00000E+00 0.00000E+00 0.00000E+00 0.00000E+00 0.00000E+00 0.00000E+00 0.00000E+00
 0.00000E+00 0.00000E+00 0.00000E+00 0.00000E+00
