 3.38816E-11 7.05661E-14 1.12652E-02 3.46235E-13 1.65573E-11 4.02550E-10 5.54563E-11 2.80310E-16
 7.80313E-09 1.39161E-07 2.31335E-08 6.26199E-11 2.43874E-12 5.18537E-10 2.44605E-12 2.10809E-12
 6.27257E-14 9.76861E-12 7.03089E-14 8.82045E-16 9.55597E-19 3.74888E-23 8.05264E-11 7.83969E-14
 2.41623E-16 8.33486E-15 9.37172E-12 4.27657E-15 4.25722E-13 1.76393E-15 1.01166E-14 9.21709E-12
 3.65236E-12 1.13563E-14 3.50710E-11 1.48079E-13 7.24381E-03 6.04800E-13 1.65235E-11 3.08315E-10
 8.62041E-11 3.49768E-16 8.09452E-09 1.32819E-07 1.44219E-08 4.68388E-11 2.67981E-12 4.73899E-10
 3.27757E-12 2.53733E-12 1.32022E-13 1.44151E-11 1.82932E-13 2.04750E-15 4.34725E-18 1.27017E-22
 6.54070E-11 9.42038E-14 5.93386E-16 1.13854E-14 1.40012E-11 5.15422E-15 2.83533E-13 1.70188E-15
 2.09541E-14 1.10026E-11 7.00343E-12 8.65400E-15 3.28124E-11 2.93609E-13 4.50299E-03 9.83532E-13
 1.52618E-11 2.02789E-10 1.31297E-10 4.12370E-16 8.33092E-09 1.26641E-07 8.61502E-09 2.90081E-11
 2.56655E-12 4.29420E-10 4.57802E-12 2.94505E-12 2.69153E-13 1.99282E-11 4.22560E-13 4.24365E-15
 1.73845E-17 5.73855E-22 5.19160E-11 1.19638E-13 1.38064E-15 1.76867E-14 1.94537E-11 7.10730E-15
 1.81837E-13 1.44370E-15 2.97941E-14 1.00688E-11 1.00121E-11 6.04417E-15 2.88959E-11 5.53999E-13
 2.58793E-03 1.48757E-12 1.32359E-11 1.21523E-10 1.94959E-10 4.72727E-16 8.52122E-09 1.20800E-07
 5.10696E-09 1.61260E-11 2.24580E-12 3.86034E-10 6.41539E-12 3.23062E-12 5.10134E-13 2.49934E-11
 7.94995E-13 7.56479E-15 5.99139E-17 3.33303E-21 4.03969E-11 1.61611E-13 2.86486E-15 3.06682E-14
 2.44561E-11 1.06860E-14 1.27546E-13 1.23948E-15 3.73959E-14 8.62054E-12 1.23028E-11 4.42672E-15
 2.59943E-11 9.00474E-13 1.73334E-03 2.23521E-12 1.26559E-11 8.36489E-11 2.45541E-10 6.53902E-16
 8.68186E-09 1.15415E-07 3.14817E-09 9.87616E-12 2.02668E-12 3.44354E-10 8.11931E-12 3.45813E-12
 8.46168E-13 2.97505E-11 1.06947E-12 1.20400E-14 1.50309E-16 1.44282E-20 3.08805E-11 2.27772E-13
 5.45484E-15 5.12957E-14 2.86415E-11 1.50227E-14 1.02593E-13 1.21559E-15 4.10422E-14 7.36400E-12
 1.42638E-11 3.40176E-15 2.24535E-11 1.38170E-12 1.04214E-03 3.15808E-12 1.22748E-11 6.36069E-11
 3.00398E-10 9.36769E-16 8.83294E-09 1.10683E-07 2.12075E-09 6.22768E-12 1.73578E-12 3.04914E-10
 9.85720E-12 3.61476E-12 1.27753E-12 3.33591E-11 1.26479E-12 1.75225E-14 3.64490E-16 6.46259E-20
 2.34170E-11 3.15374E-13 9.49697E-15 8.10709E-14 3.17893E-11 2.01662E-14 8.86803E-14 1.22856E-15
 4.45099E-14 6.53515E-12 1.60871E-11 2.76116E-15 1.86283E-11 1.98829E-12 5.55006E-04 4.19246E-12
 1.17261E-11 5.07097E-11 3.53478E-10 1.29625E-15 8.99378E-09 1.06763E-07 1.60842E-09 3.94149E-12
 1.41516E-12 2.68419E-10 1.17557E-11 3.69209E-12 1.79628E-12 3.50950E-11 1.21551E-12 2.31592E-14
 8.20881E-16 2.88878E-19 1.78792E-11 4.07019E-13 1.52988E-14 1.18110E-13 3.39537E-11 2.51536E-14
 8.10958E-14 1.28413E-15 4.97201E-14 6.11461E-12 1.78977E-11 2.35841E-15 1.52846E-11 2.68891E-12
 2.85590E-04 5.27931E-12 1.10723E-11 4.17616E-11 3.93168E-10 1.71550E-15 9.18006E-09 1.03708E-07
 1.39604E-09 2.55573E-12 1.13767E-12 2.35492E-10 1.38830E-11 3.70980E-12 2.36496E-12 3.47905E-11
 1.00303E-12 2.76325E-14 1.48860E-15 1.08286E-18 1.39774E-11 4.75447E-13 2.29009E-14 1.55496E-13
 3.53718E-11 2.82221E-14 7.83121E-14 1.40984E-15 5.77522E-14 6.05649E-12 1.96290E-11 2.12056E-15
 1.24424E-11 3.56888E-12 1.41570E-04 6.43739E-12 1.05481E-11 3.58253E-11 4.30982E-10 2.25573E-15
 9.40286E-09 1.01499E-07 1.40580E-09 1.71046E-12 9.07665E-13 2.06701E-10 1.61057E-11 3.69512E-12
 2.95273E-12 3.29417E-11 7.94390E-13 3.08840E-14 2.15749E-15 3.66972E-18 1.14055E-11 5.33386E-13
 3.26097E-14 1.94363E-13 3.62302E-11 3.00303E-14 7.84971E-14 1.56833E-15 6.83714E-14 6.26012E-12
 2.07106E-11 1.95529E-15 8.51882E-12 5.41970E-12 3.84852E-05 6.26261E-12 7.16362E-12 2.19700E-11
 5.90555E-10 1.86756E-15 9.68282E-09 1.00026E-07 1.68120E-09 8.53101E-13 5.73058E-13 1.81527E-10
 2.23508E-11 3.42986E-12 3.72319E-12 2.60867E-11 4.91841E-13 2.73490E-14 2.23820E-15 2.01752E-17
 9.86637E-12 4.72405E-13 4.16122E-14 2.41002E-13 3.67867E-11 3.26964E-14 8.29743E-14 1.42167E-15
 1.00883E-13 6.78048E-12 1.86303E-11 1.89605E-15 4.68842E-12 9.36896E-12 5.43167E-06 3.94531E-12
 3.19786E-12 8.26292E-12 9.92805E-10 9.43002E-16 1.01274E-08 9.87088E-08 2.49050E-09 3.15876E-13
 2.59654E-13 1.54610E-10 3.38597E-11 2.73818E-12 3.49849E-12 1.37428E-11 2.19692E-13 1.61022E-14
 1.13082E-15 4.75922E-17 8.75018E-12 2.53836E-13 4.03555E-14 2.44397E-13 3.75430E-11 2.76861E-14
 1.54634E-15 1.60553E-17 3.11517E-14 1.18544E-12 6.47482E-12 3.06059E-17 4.45239E-12 1.27270E-11
 3.64133E-06 4.18757E-12 3.61806E-12 7.50633E-12 9.67403E-10 1.50353E-15 1.10997E-08 9.64748E-08
 3.67032E-09 3.19694E-13 2.58932E-13 1.18847E-10 3.48328E-11 2.58732E-12 3.01134E-12 1.00311E-11
 1.85937E-13 1.33927E-14 7.31000E-16 3.38626E-17 7.26108E-12 2.33442E-13 4.54054E-14 2.37969E-13
 3.90625E-11 1.89763E-14 1.53060E-17 1.65075E-19 4.41957E-15 1.46123E-13 1.28603E-12 2.52976E-19
 4.31387E-12 1.42629E-11 3.46710E-06 4.96608E-12 4.82705E-12 9.57813E-12 7.80832E-10 2.62465E-15
 1.33857E-08 9.24446E-08 4.93439E-09 3.80112E-13 2.74178E-13 7.59263E-11 3.10355E-11 2.38571E-12
 2.50317E-12 8.19192E-12 1.75301E-13 1.11712E-14 4.65131E-16 2.62317E-17 5.29450E-12 2.67630E-13
 5.70364E-14 2.42005E-13 4.09849E-11 1.32535E-14 7.31335E-20 1.05992E-21 3.42778E-16 1.07657E-14
 1.34573E-13 1.41271E-21 4.04581E-12 1.57715E-11 3.09114E-06 5.63435E-12 6.18814E-12 1.17982E-11
 6.24095E-10 4.27395E-15 1.82163E-08 8.62390E-08 6.39762E-09 4.39230E-13 2.82618E-13 3.83434E-11
 2.50393E-11 1.97259E-12 1.79915E-12 5.86496E-12 1.45073E-13 8.11872E-15 2.32475E-16 2.03951E-17
 3.30093E-12 2.97017E-13 6.97787E-14 2.46657E-13 4.29363E-11 8.34537E-15 2.09938E-22 9.60485E-24
 1.85024E-17 5.41997E-16 7.98341E-15 2.55583E-23 3.65020E-12 1.80517E-11 2.42344E-06 5.95338E-12
 7.44717E-12 1.33469E-11 5.17829E-10 6.48220E-15 2.67734E-08 7.86244E-08 8.53282E-09 4.86148E-13
 2.80778E-13 1.56251E-11 1.82940E-11 1.41887E-12 1.08788E-12 3.45030E-12 1.00460E-13 4.96688E-15
 8.53324E-17 1.50037E-17 1.83470E-12 3.02239E-13 8.01622E-14 2.44670E-13 4.43924E-11 4.45760E-15
 1.48519E-24 3.98729E-25 8.82980E-19 2.31264E-17 3.19847E-16 1.23868E-24 2.23284E-12 2.23503E-11
 1.45365E-06 5.33229E-12 7.14816E-12 1.26910E-11 5.70840E-10 7.35933E-15 3.94013E-08 7.10637E-08
 1.19987E-08 3.73124E-13 1.81233E-13 5.56428E-12 1.24365E-11 8.75690E-13 6.03361E-13 1.75514E-12
 5.81929E-14 3.16671E-15 3.10998E-17 2.10320E-17 1.02135E-12 3.62843E-13 9.62876E-14 2.89357E-13
 4.50851E-11 3.07807E-15 4.13247E-26 1.53132E-26 4.50980E-20 9.46710E-19 1.01025E-17 5.63190E-26
 2.00951E-12 2.38733E-11 1.45213E-06 6.47959E-12 9.15555E-12 1.64397E-11 4.36748E-10 1.22123E-14
 5.62965E-08 6.32655E-08 1.37311E-08 3.74510E-13 1.71649E-13 1.88219E-12 8.03394E-12 5.86180E-13
 3.65231E-13 1.08678E-12 3.76062E-14 1.79022E-15 9.75517E-18 1.38460E-17 5.35411E-13 3.72293E-13
 1.18624E-13 2.74298E-13 4.55552E-11 1.44227E-15 2.41428E-27 8.63681E-28 1.64918E-21 3.46222E-20
 2.95097E-19 2.53963E-27 1.78985E-12 2.57419E-11 1.44549E-06 8.01634E-12 1.14154E-11 2.05212E-11
 3.37776E-10 2.01934E-14 7.78408E-08 5.56807E-08 1.50448E-08 3.46300E-13 1.55859E-13 6.45853E-13
 5.36117E-12 4.00376E-13 2.31653E-13 7.01054E-13 2.39356E-14 1.04102E-15 3.20886E-18 8.49139E-18
 2.68426E-13 3.59279E-13 1.46128E-13 2.51122E-13 4.58307E-11 6.64745E-16 1.35605E-28 4.67779E-29
 6.02450E-23 1.29013E-21 1.13655E-20 1.12363E-28 1.57718E-12 2.79729E-11 1.43285E-06 1.00080E-11
 1.40559E-11 2.51618E-11 2.63535E-10 3.35287E-14 1.04173E-07 4.86782E-08 1.62218E-08 3.04980E-13
 1.37479E-13 2.42542E-13 3.76864E-12 2.87042E-13 1.55547E-13 4.79451E-13 1.56849E-14 6.42950E-16
 1.17509E-18 4.84888E-18 1.31049E-13 3.30753E-13 1.77543E-13 2.21980E-13 4.59936E-11 3.10052E-16
 3.75780E-29 1.28632E-29 1.14700E-23 2.54361E-22 6.07530E-21 2.57420E-29 1.37931E-12 3.06160E-11
 1.41388E-06 1.25498E-11 1.71984E-11 3.05869E-11 2.07247E-10 5.60050E-14 1.35170E-07 4.24917E-08
 1.74040E-08 2.61204E-13 1.19139E-13 1.05908E-13 2.80201E-12 2.17696E-13 1.10477E-13 3.48353E-13
 1.07418E-14 4.26082E-16 4.87450E-19 2.59986E-18 6.34806E-14 2.93486E-13 2.11136E-13 1.90250E-13
 4.60955E-11 1.48110E-16 4.87441E-29 1.64580E-29 1.03694E-23 2.39526E-22 6.09006E-21 2.79764E-29
 1.20275E-12 3.37920E-11 1.38878E-06 1.57513E-11 2.09640E-11 3.69988E-11 1.64450E-10 9.41188E-14
 1.70432E-07 3.72196E-08 1.87193E-08 2.20741E-13 1.02385E-13 5.45010E-14 2.19676E-12 1.74260E-13
 8.24470E-14 2.67066E-13 7.69741E-15 3.02331E-16 2.27905E-19 1.32399E-18 3.11280E-14 2.53069E-13
 2.44905E-13 1.59001E-13 4.61646E-11 7.27138E-17 6.89092E-29 2.29648E-29 1.04094E-23 2.51456E-22
 6.07684E-21 3.37602E-29 1.04837E-12 3.76957E-11 1.35764E-06 1.97184E-11 2.54620E-11 4.45384E-11
 1.31937E-10 1.58855E-13 2.10100E-07 3.27649E-08 2.03081E-08 1.85669E-13 8.77524E-14 3.18386E-14
 1.79916E-12 1.45670E-13 6.38272E-14 2.12828E-13 5.71853E-15 2.26650E-16 1.17190E-19 6.50811E-19
 1.55772E-14 2.13802E-13 2.77161E-13 1.30625E-13 4.62142E-11 3.65939E-17 9.57549E-29 3.15853E-29
 1.05147E-23 2.65798E-22 6.06108E-21 4.09584E-29 9.15191E-13 4.25945E-11 1.32045E-06 2.45399E-11
 3.07688E-11 5.32238E-11 1.07251E-10 2.68344E-13 2.54418E-07 2.89988E-08 2.23147E-08 1.56281E-13
 7.53203E-14 2.02127E-14 1.52651E-12 1.25755E-13 5.06715E-14 1.73666E-13 4.35580E-15 1.76644E-16
 6.44596E-20 3.14484E-19 7.99815E-15 1.78329E-13 3.06771E-13 1.06454E-13 4.62504E-11 1.88404E-17
 1.30632E-28 4.27962E-29 1.07362E-23 2.83112E-22 6.04217E-21 5.00827E-29 8.01112E-13 4.88337E-11
 1.27721E-06 3.02756E-11 3.69070E-11 6.28985E-11 8.84736E-11 4.51656E-13 3.03650E-07 2.57943E-08
 2.48853E-08 1.32021E-13 6.49220E-14 1.35371E-14 1.33285E-12 1.10981E-13 4.08715E-14 1.43180E-13
 3.36461E-15 1.40824E-16 3.69259E-20 1.52125E-19 4.23301E-15 1.47838E-13 3.33325E-13 8.68411E-14
 4.62763E-11 9.91295E-18 1.74835E-28 5.71625E-29 1.11512E-23 3.04732E-22 6.01871E-21 6.19389E-29
 7.02945E-13 5.68809E-11 1.22765E-06 3.69484E-11 4.38300E-11 7.32015E-11 7.41559E-11 7.54141E-13
 3.58333E-07 2.30228E-08 2.81827E-08 1.11939E-13 5.62334E-14 9.41142E-15 1.19045E-12 9.91727E-14
 3.32314E-14 1.17861E-13 2.60748E-15 1.13108E-16 2.14857E-20 7.47890E-20 2.31254E-15 1.22424E-13
 3.57072E-13 7.14477E-14 4.62937E-11 5.31973E-18 2.29059E-28 7.52288E-29 1.18394E-23 3.32133E-22
 5.98915E-21 7.76261E-29 6.17313E-13 6.74448E-11 1.17126E-06 4.45465E-11 5.14213E-11 8.35930E-11
 6.32727E-11 1.24555E-12 4.19191E-07 2.05704E-08 3.24249E-08 9.50684E-14 4.88929E-14 6.75728E-15
 1.08199E-12 8.89844E-14 2.70668E-14 9.59324E-14 2.00819E-15 9.04227E-17 1.24377E-20 3.77210E-20
 1.30391E-15 1.01515E-13 3.78696E-13 5.95624E-14 4.63043E-11 2.90114E-18 2.92670E-28 9.73364E-29
 1.28862E-23 3.66904E-22 5.95180E-21 9.86218E-29 5.40979E-13 8.16787E-11 1.10730E-06 5.30150E-11
 5.95230E-11 9.34768E-11 5.51363E-11 2.03364E-12 4.87171E-07 1.83389E-08 3.79808E-08 8.06109E-14
 4.25525E-14 5.02753E-15 9.95935E-13 7.96065E-14 2.19679E-14 7.66142E-14 1.52556E-15 7.13230E-17
 7.05050E-21 1.95372E-20 7.57566E-16 8.42236E-14 3.98853E-13 5.03351E-14 4.63096E-11 1.59736E-18
 3.63169E-28 1.23401E-28 1.43997E-23 4.10950E-22 5.90464E-21 1.27012E-28 4.72061E-13 1.01379E-10
 1.03545E-06 6.22242E-11 6.80149E-11 1.02469E-10 4.92354E-11 3.28909E-12 5.62710E-07 1.62639E-08
 4.55384E-08 6.81003E-14 3.69457E-14 3.92472E-15 9.25013E-13 7.06994E-14 1.76911E-14 5.97373E-14
 1.13960E-15 5.52487E-17 3.87888E-21 1.02958E-20 4.54896E-16 6.96267E-14 4.17513E-13 4.29200E-14
 4.63115E-11 8.80111E-19 4.37319E-28 1.53034E-28 1.65397E-23 4.66913E-22 5.84485E-21 1.66058E-28
 4.12679E-13 1.29047E-10 9.55218E-07 7.17062E-11 7.70347E-11 1.11069E-10 4.50797E-11 5.29093E-12
 6.46435E-07 1.42839E-08 5.67734E-08 5.74437E-14 3.18195E-14 3.25930E-15 8.63565E-13 6.22753E-14
 1.40232E-14 4.52612E-14 8.41522E-16 4.18406E-17 2.06035E-21 5.39125E-21 2.83295E-16 5.69147E-14
 4.31600E-13 3.64905E-14 4.63149E-11 4.79171E-19 5.18713E-28 1.87356E-28 1.96639E-23 5.40622E-22
 5.76625E-21 2.22857E-28 3.83854E-13 1.67529E-10 8.65151E-07 7.98703E-11 8.76700E-11 1.22618E-10
 4.20782E-11 8.53150E-12 7.39930E-07 1.23256E-08 7.70649E-08 4.91569E-14 2.68973E-14 2.89940E-15
 8.06353E-13 5.48207E-14 1.07209E-14 3.31060E-14 6.31382E-16 3.07460E-17 1.05705E-21 2.66998E-21
 1.83146E-16 4.55098E-14 4.29232E-13 3.01781E-14 4.63331E-11 2.53494E-19 6.41574E-28 2.35207E-28
 2.48031E-23 6.48538E-22 5.65131E-21 3.19137E-28 4.65720E-13 2.18082E-10 7.65266E-07 8.30165E-11
 1.03685E-10 1.48459E-10 3.93555E-11 1.40503E-11 8.43225E-07 1.03614E-08 1.25014E-07 4.47773E-14
 2.20193E-14 2.75801E-15 7.49806E-13 4.96106E-14 7.60083E-15 2.32747E-14 5.18229E-16 2.18822E-17
 5.38033E-22 1.14768E-21 1.24014E-16 3.52887E-14 3.85563E-13 2.32555E-14 4.63919E-11 1.28478E-19
 9.42213E-28 3.29904E-28 3.47364E-23 8.30714E-22 5.45721E-21 5.28387E-28 8.58449E-13 2.75421E-10
 6.56658E-07 7.67819E-11 1.33249E-10 2.17783E-10 3.56565E-11 2.42566E-11 9.55182E-07 8.40158E-09
 2.60366E-07 4.62516E-14 1.72190E-14 2.77380E-15 6.91355E-13 4.80065E-14 4.74656E-15 1.56227E-14
 5.10746E-16 1.53557E-17 2.87796E-22 3.95176E-22 8.85568E-17 2.66607E-14 2.87464E-13 1.60412E-14
 4.65037E-11 6.23579E-20 1.91922E-27 5.73765E-28 5.53259E-23 1.15603E-21 5.10921E-21 1.08529E-27
 1.87164E-12 3.28914E-10 5.40072E-07 6.29221E-11 1.84400E-10 3.77357E-10 3.04644E-11 4.38383E-11
 1.07493E-06 6.48055E-09 6.37251E-07 5.28136E-14 1.28236E-14 2.91187E-15 6.30593E-13 4.89896E-14
 2.59409E-15 9.79760E-15 5.80937E-16 1.09679E-17 1.64782E-22 1.16567E-22 6.61720E-17 2.00851E-14
 1.79458E-13 1.02428E-14 4.66217E-11 2.95385E-20 5.17022E-27 1.21353E-27 9.22472E-23 1.67367E-21
 4.55247E-21 2.52497E-27 3.53653E-12 3.88742E-10 4.19343E-07 4.91317E-11 2.48850E-10 6.16648E-10
 2.56631E-11 7.96817E-11 1.19845E-06 4.70437E-09 1.53606E-06 5.84678E-14 9.47550E-15 3.15312E-15
 5.72573E-13 4.76209E-14 1.34270E-15 5.54928E-15 6.03625E-16 7.97654E-18 9.13575E-23 3.52596E-23
 5.11305E-17 1.49270E-14 1.11304E-13 6.62462E-15 4.66960E-11 1.34827E-20 1.29889E-26 2.50075E-27
 1.43321E-22 2.33360E-21 3.83923E-21 5.33868E-27 5.21760E-12 4.93364E-10 3.02564E-07 3.87080E-11
 2.97906E-10 7.80418E-10 2.31213E-11 1.39848E-10 1.31757E-06 3.20271E-09 3.32457E-06 5.93655E-14
 7.56597E-15 3.46826E-15 5.22160E-13 4.01893E-14 7.03297E-16 2.74058E-15 4.70864E-16 5.75237E-18
 4.35697E-23 1.14119E-23 4.05051E-17 1.01720E-14 7.99149E-14 4.43255E-15 4.67316E-11 5.52093E-21
 2.25940E-26 4.11372E-27 2.10163E-22 3.02382E-21 3.07992E-21 9.37099E-27 6.12919E-12 7.03934E-10
 2.00355E-07 3.07197E-11 3.04446E-10 7.13139E-10 2.33506E-11 2.30973E-10 1.42172E-06 2.05200E-09
 6.37344E-06 5.53024E-14 6.78237E-15 3.81838E-15 4.78615E-13 2.84762E-14 3.72565E-16 1.14295E-15
 2.58666E-16 4.04176E-18 1.69867E-23 3.62326E-24 3.27358E-17 5.86198E-15 6.93551E-14 2.93761E-15
 4.67450E-11 1.87848E-21 2.49767E-26 5.10966E-27 3.11661E-22 3.63813E-21 2.36189E-21 1.40591E-26
 5.99872E-12 1.15226E-09 1.21741E-07 2.42986E-11 2.62526E-10 4.62869E-10 2.70227E-11 3.57156E-10
 1.50184E-06 1.25103E-09 1.09160E-05 4.53554E-14 6.57716E-15 4.16994E-15 4.38784E-13 1.67437E-14
 1.96562E-16 3.94802E-16 9.84592E-17 2.73043E-18 5.28255E-24 1.02632E-24 2.69393E-17 2.69573E-15
 7.32684E-14 1.83886E-15 4.67423E-11 5.00651E-22 1.76106E-26 4.83451E-27 4.86313E-22 4.07815E-21
 1.74505E-21 1.86556E-26 5.06742E-12 2.18787E-09 6.84313E-08 1.92506E-11 1.90296E-10 2.13145E-10
 3.62554E-11 5.26402E-10 1.55616E-06 7.32265E-10 1.70245E-05 3.04101E-14 6.40023E-15 4.50794E-15
 4.00069E-13 8.02210E-15 1.03220E-16 1.11714E-16 2.55335E-17 1.72357E-18 1.25166E-24 2.59296E-25
 2.25056E-17 9.85917E-16 9.46527E-14 1.08710E-15 4.67201E-11 1.02483E-22 8.08756E-27 3.55684E-27
 8.00666E-22 4.25195E-21 1.25479E-21 2.20149E-26 3.78140E-12 4.79369E-09 3.61254E-08 1.56052E-11
 1.16826E-10 7.10815E-11 5.60216E-11 7.60029E-10 1.58901E-06 4.14543E-10 2.46295E-05 1.49674E-14
 5.50678E-15 4.83035E-15 3.61829E-13 3.09045E-15 5.49704E-17 2.61199E-17 4.50711E-18 9.69093E-19
 2.13026E-25 7.31278E-26 1.90374E-17 3.22492E-16 1.47820E-13 6.79193E-16 4.66645E-11 1.76708E-23
 2.45356E-27 2.04136E-27 1.32577E-21 4.08838E-21 8.91161E-22 2.22376E-26 2.53435E-12 1.15987E-08
 1.83118E-08 1.31014E-11 6.30377E-11 1.84772E-11 9.52828E-11 1.08954E-09 1.60700E-06 2.29477E-10
 3.35286E-05 4.91142E-15 3.56618E-15 5.13610E-15 3.25050E-13 1.02540E-15 3.00944E-17 5.43491E-18
 6.01941E-19 4.77035E-19 2.73889E-26 3.37076E-26 1.62958E-17 1.17911E-16 2.61982E-13 5.42698E-16
 4.65470E-11 3.27372E-24 5.03241E-28 8.97481E-28 1.98572E-21 3.67742E-21 6.40137E-22 1.79225E-26
 1.52852E-12 2.88349E-08 9.04747E-09 1.10954E-11 3.15980E-11 4.13982E-12 1.66312E-10 1.52974E-09
 1.61620E-06 1.25034E-10 4.35690E-05 1.12657E-15 1.69295E-15 5.41919E-15 2.90513E-13 3.75367E-16
 1.65256E-17 1.22630E-18 8.09941E-20 2.36104E-19 3.83297E-27 2.59919E-26 1.40950E-17 5.16528E-17
 4.74775E-13 5.60854E-16 4.63304E-11 8.29680E-25 7.36929E-29 3.01180E-28 2.44740E-21 3.37584E-21
 4.78028E-22 1.10600E-26 8.27479E-13 6.85301E-08 4.39269E-09 9.03430E-12 1.54360E-11 8.71681E-13
 2.79001E-10 2.03908E-09 1.62066E-06 6.73281E-11 5.46035E-05 2.16463E-16 6.95856E-16 5.65848E-15
 2.58398E-13 1.98937E-16 8.68037E-18 3.73402E-19 1.50177E-20 1.45294E-19 9.41744E-28 2.32054E-26
 1.23024E-17 2.37827E-17 8.00955E-13 6.23594E-16 4.60001E-11 3.10624E-25 8.59074E-30 8.24608E-29
 2.47531E-21 3.44325E-21 3.80697E-22 5.46173E-27 4.13396E-13 1.45335E-07 2.11880E-09 6.86447E-12
 7.68683E-12 1.87287E-13 4.23420E-10 2.50107E-09 1.62271E-06 3.61283E-11 6.63306E-05 4.19812E-17
 2.99851E-16 5.81580E-15 2.28844E-13 1.39426E-16 4.23588E-18 1.41708E-19 3.76302E-21 1.03037E-19
 3.54671E-28 1.85354E-26 1.08384E-17 1.05794E-17 1.20054E-12 6.55756E-16 4.55961E-11 1.39522E-25
 9.58034E-31 2.15714E-29 2.23747E-21 3.73283E-21 3.26846E-22 2.45787E-27 2.03534E-13 2.62950E-07
 1.03072E-09 4.98562E-12 4.11548E-12 4.51746E-14 5.56308E-10 2.83223E-09 1.62361E-06 1.95158E-11
 7.83912E-05 9.37781E-18 1.47906E-16 5.85736E-15 2.02022E-13 1.05577E-16 1.96890E-18 5.65011E-20
 1.10279E-21 7.23372E-20 1.43646E-28 1.26798E-26 9.64312E-18 4.68003E-18 1.61817E-12 6.38124E-16
 4.51739E-11 6.26108E-26 1.29619E-31 6.60335E-30 2.01520E-21 3.98189E-21 2.97822E-22 1.18504E-27
 1.02952E-13 4.15148E-07 5.09461E-10 3.60629E-12 2.40704E-12 1.27832E-14 6.42606E-10 3.06713E-09
 1.62397E-06 1.06366E-11 9.06445E-05 2.50207E-18 8.19635E-17 5.78038E-15 1.77763E-13 8.02869E-17
 9.07999E-19 2.26331E-20 3.55032E-22 4.88688E-20 5.61323E-29 7.79870E-27 8.65403E-18 2.14184E-18
 2.04478E-12 5.88798E-16 4.47425E-11 2.75295E-26 2.38210E-32 2.54354E-30 1.90258E-21 4.11018E-21
 2.79756E-22 6.54322E-28 5.37316E-14 5.99892E-07 2.56734E-10 2.64614E-12 1.51170E-12 4.17768E-15
 6.80463E-10 3.26919E-09 1.62407E-06 5.84665E-12 1.03039E-04 7.78550E-19 4.91991E-17 5.60805E-15
 1.55882E-13 6.06223E-17 4.23136E-19 9.12541E-21 1.21863E-22 3.21584E-20 2.11286E-29 4.50934E-27
 7.82375E-18 1.02023E-18 2.49851E-12 5.26781E-16 4.42837E-11 1.20115E-26 5.73509E-33 1.18234E-30
 1.87889E-21 4.14603E-21 2.65031E-22 4.05803E-28 2.89317E-14 8.21409E-07 1.33162E-10 1.97437E-12
 9.98355E-13 1.52384E-15 6.82235E-10 3.47466E-09 1.62403E-06 3.26341E-12 1.15388E-04 2.75184E-19
 3.16189E-17 5.37529E-15 1.36464E-13 4.55361E-17 2.00126E-19 3.72189E-21 4.37760E-23 2.08606E-20
 7.76718E-30 2.50963E-27 7.12764E-18 5.01648E-19 2.99630E-12 4.62379E-16 4.37805E-11 5.23372E-27
 1.67401E-33 6.26180E-31 1.91398E-21 4.12270E-21 2.50564E-22 2.72999E-28 1.59700E-14 1.09004E-06
 7.12417E-11 1.49081E-12 6.80619E-13 5.97101E-16 6.62066E-10 3.69607E-09 1.62391E-06 1.85271E-12
 1.27666E-04 1.07897E-19 2.17140E-17 5.11238E-15 1.19295E-13 3.40771E-17 9.56366E-20 1.53111E-21
 1.61790E-23 1.34192E-20 2.81003E-30 1.36317E-27 6.53896E-18 2.51690E-19 3.55380E-12 4.00947E-16
 4.32173E-11 2.27776E-27 5.50782E-34 3.59535E-31 1.98584E-21 4.06309E-21 2.35454E-22 1.93099E-28
 8.96737E-15 1.42137E-06 3.91990E-11 1.13260E-12 4.72425E-13 2.43823E-16 6.30595E-10 3.93410E-09
 1.62375E-06 1.06782E-12 1.39923E-04 4.61834E-20 1.59586E-17 4.83983E-15 1.04070E-13 2.54123E-17
 4.58816E-20 6.31657E-22 6.06797E-24 8.58067E-21 1.00325E-30 7.28765E-28 6.03462E-18 1.27592E-19
 4.18613E-12 3.44925E-16 4.25789E-11 9.88170E-28 1.93757E-34 2.15965E-31 2.08024E-21 3.98140E-21
 2.19702E-22 1.40402E-28 5.11592E-15 1.83447E-06 2.21718E-11 8.61719E-13 3.30909E-13 1.01860E-16
 5.93970E-10 4.18297E-09 1.62356E-06 6.25864E-13 1.52103E-04 2.14259E-20 1.25851E-17 4.57220E-15
 9.06354E-14 1.89010E-17 2.20057E-20 2.60532E-22 2.29157E-24 5.46419E-21 3.54634E-31 3.84748E-28
 5.60110E-18 6.48928E-20 4.90406E-12 2.94871E-16 4.18545E-11 4.26894E-28 7.05683E-35 1.32772E-31
 2.18934E-21 3.88508E-21 2.03711E-22 1.03501E-28 2.95994E-15 2.35472E-06 1.28515E-11 6.54329E-13
 2.32463E-13 4.29556E-17 5.56043E-10 4.43656E-09 1.62336E-06 3.73070E-13 1.64168E-04 1.06618E-20
 1.06015E-17 4.31698E-15 7.88130E-14 1.40270E-17 1.05165E-20 1.07097E-22 8.66340E-25 3.46870E-21
 1.24322E-31 2.00998E-28 5.22678E-18 3.29366E-20 5.71856E-12 2.50753E-16 4.10330E-11 1.83408E-28
 2.60300E-35 8.23107E-32 2.30752E-21 3.77938E-21 1.87854E-22 7.66333E-29 1.74092E-15 3.01147E-06
 7.62512E-12 4.94867E-13 1.63283E-13 1.81722E-17 5.18353E-10 4.68790E-09 1.62314E-06 2.26754E-13
 1.75997E-04 5.62394E-21 9.44414E-18 4.07857E-15 6.85024E-14 1.04000E-17 5.00343E-21 4.38611E-23
 3.27323E-25 2.19833E-21 4.33610E-32 1.03828E-28 4.90438E-18 1.66275E-20 6.63421E-12 2.12033E-16
 4.01100E-11 7.83623E-29 9.62377E-36 5.11036E-32 2.43249E-21 3.66621E-21 1.72506E-22 5.67425E-29
 1.04698E-15 3.83563E-06 4.63545E-12 3.72502E-13 1.14624E-13 7.70886E-18 4.81006E-10 4.93045E-09
 1.62293E-06 1.41175E-13 1.87433E-04 3.10591E-21 8.77782E-18 3.85891E-15 5.96233E-14 7.71791E-18
 2.37270E-21 1.79328E-23 1.23805E-25 1.39364E-21 1.51125E-32 5.28934E-29 4.62847E-18 8.33699E-21
 7.64641E-12 1.78041E-16 3.90901E-11 3.33344E-29 3.56286E-36 3.17597E-32 2.56478E-21 3.54477E-21
 1.57982E-22 4.19990E-29 6.44630E-16 4.86525E-06 2.88057E-12 2.79068E-13 8.04242E-14 3.27690E-18
 4.44285E-10 5.16163E-09 1.62272E-06 9.00740E-14 1.98443E-04 1.77127E-21 8.39513E-18 3.65596E-15
 5.19971E-14 5.73651E-18 1.12210E-21 7.32201E-24 4.69031E-26 8.84403E-22 5.27136E-33 2.65456E-29
 4.39138E-18 4.14924E-21 8.75136E-12 1.48377E-16 3.79771E-11 1.41226E-29 1.32054E-36 1.97608E-32
 2.70428E-21 3.41507E-21 1.44373E-22 3.10706E-29 4.05137E-16 6.14959E-06 1.82090E-12 2.08141E-13
 5.63961E-14 1.39348E-18 4.08694E-10 5.38161E-09 1.62250E-06 5.87106E-14 2.09086E-04 1.03069E-21
 8.17369E-18 3.46581E-15 4.54155E-14 4.26885E-18 5.29108E-22 2.98254E-24 1.77835E-26 5.61657E-22
 1.83891E-33 1.31290E-29 4.18519E-18 2.04929E-21 9.94822E-12 1.22750E-16 3.67717E-11 5.95608E-30
 4.89478E-37 1.23045E-32 2.84996E-21 3.27816E-21 1.31628E-22 2.29614E-29 2.59122E-16 7.74699E-06
 1.16579E-12 1.54629E-13 3.95363E-14 5.92314E-19 3.74474E-10 5.59072E-09 1.62228E-06 3.89618E-14
 2.19398E-04 6.06981E-22 8.04431E-18 3.28519E-15 3.97173E-14 3.17980E-18 2.48807E-22 1.21132E-24
 6.74672E-27 3.56904E-22 6.41343E-34 6.39951E-30 4.00393E-18 1.00446E-21 1.12331E-11 1.00811E-16
 3.54778E-11 2.50013E-30 1.81516E-37 7.67210E-33 3.00141E-21 3.13447E-21 1.19692E-22 1.69524E-29
 1.69275E-16 9.70446E-06 7.56769E-13 1.14543E-13 2.77727E-14 2.52961E-19 3.40997E-10 5.78688E-09
 1.62206E-06 2.63611E-14 2.29279E-04 3.61107E-22 7.96855E-18 3.11368E-15 3.48333E-14 2.37471E-18
 1.16999E-22 4.92345E-25 2.57196E-27 2.27281E-22 2.24454E-34 3.06737E-30 3.84501E-18 4.89412E-22
 1.25842E-11 8.20949E-17 3.41171E-11 1.04711E-30 6.78944E-38 4.81671E-33 3.16130E-21 2.98127E-21
 1.08639E-22 1.25427E-29 1.13523E-16 1.20563E-05 4.99561E-13 8.47056E-14 1.96005E-14 1.09279E-19
 3.07793E-10 5.96826E-09 1.62185E-06 1.82299E-14 2.38623E-04 2.17195E-22 7.92377E-18 2.95158E-15
 3.06977E-14 1.78157E-18 5.51992E-23 2.01212E-25 9.90295E-28 1.45326E-22 7.91863E-35 1.44302E-30
 3.70636E-18 2.37599E-22 1.39725E-11 6.62257E-17 3.27188E-11 4.39057E-31 2.58634E-38 3.06355E-33
 3.33226E-21 2.81589E-21 9.85375E-23 9.33064E-30 7.79407E-17 1.48581E-05 3.34421E-13 6.25675E-14
 1.39017E-14 4.77040E-20 2.75454E-10 6.13626E-09 1.62163E-06 1.28456E-14 2.47485E-04 1.31688E-22
 7.89623E-18 2.79708E-15 2.71826E-14 1.34269E-18 2.61363E-23 8.25773E-26 3.84936E-28 9.33093E-23
 2.81473E-35 6.67244E-31 3.58407E-18 1.14959E-22 1.53879E-11 5.29626E-17 3.12927E-11 1.84438E-31
 1.00372E-38 1.97449E-33 3.51321E-21 2.63946E-21 8.92924E-23 6.97714E-30 5.47144E-17 1.81510E-05
 2.26642E-13 4.61965E-14 9.91963E-15 2.10574E-20 2.44237E-10 6.29165E-09 1.62140E-06 9.20295E-15
 2.55882E-04 8.04083E-23 7.87833E-18 2.64945E-15 2.41935E-14 1.01694E-18 1.24329E-23 3.40398E-26
 1.51223E-28 6.01836E-23 1.00875E-35 3.03504E-31 3.47544E-18 5.55017E-23 1.68158E-11 4.20079E-17
 2.98535E-11 7.77436E-32 3.98007E-39 1.29235E-33 3.70381E-21 2.45235E-21 8.08521E-23 5.24867E-30
 3.94269E-17 2.19225E-05 1.55884E-13 3.41372E-14 7.14017E-15 9.45901E-21 2.14015E-10 6.43357E-09
 1.62118E-06 6.71339E-15 2.63746E-04 4.95909E-23 7.86591E-18 2.50986E-15 2.16774E-14 7.75241E-19
 5.95947E-24 1.41587E-26 6.03373E-29 3.90532E-23 3.65934E-36 1.35732E-31 3.37939E-18 2.68248E-23
 1.82269E-11 3.30344E-17 2.84305E-11 3.30021E-32 1.62747E-39 8.63900E-34 3.90480E-21 2.25383E-21
 7.32524E-23 3.98301E-30 2.91920E-17 2.61486E-05 1.08872E-13 2.52685E-14 5.19142E-15 4.33569E-21
 1.85131E-10 6.56239E-09 1.62095E-06 4.98514E-15 2.71070E-04 3.09199E-23 7.85649E-18 2.37862E-15
 1.95659E-14 5.95243E-19 2.88270E-24 5.95162E-27 2.44974E-29 2.55124E-23 1.34547E-36 5.97231E-32
 3.29435E-18 1.29995E-23 1.96022E-11 2.57653E-17 2.70427E-11 1.41379E-32 6.89241E-40 5.91270E-34
 4.11453E-21 2.04555E-21 6.64661E-23 3.05148E-30 2.22057E-17 3.07850E-05 7.72029E-14 1.87502E-14
 3.81571E-15 2.03008E-21 1.58014E-10 6.67887E-09 1.62072E-06 3.76511E-15 2.77869E-04 1.94928E-23
 7.84864E-18 2.25579E-15 1.77944E-14 4.60446E-19 1.40850E-24 2.52940E-27 1.01287E-29 1.67831E-23
 5.01592E-37 2.58836E-32 3.21882E-18 6.32333E-24 2.09279E-11 1.99427E-17 2.57037E-11 6.12025E-33
 3.02969E-40 4.14837E-34 4.32980E-21 1.83079E-21 6.04447E-23 2.36019E-30 1.73815E-17 3.57389E-05
 5.56809E-14 1.39626E-14 2.83832E-15 9.74647E-22 1.32957E-10 6.78332E-09 1.62049E-06 2.89439E-15
 2.84133E-04 1.24513E-23 7.84157E-18 2.14195E-15 1.63141E-14 3.59005E-19 6.96368E-25 1.09036E-27
 4.27487E-30 1.11229E-23 1.89945E-37 1.10582E-32 3.15185E-18 3.09454E-24 2.21867E-11 1.53236E-17
 2.44310E-11 2.68202E-33 1.38757E-40 2.98913E-34 4.54616E-21 1.61400E-21 5.51611E-23 1.84336E-30
 1.39646E-17 4.09496E-05 4.07863E-14 1.04411E-14 2.13544E-15 4.79066E-22 1.10388E-10 6.87720E-09
 1.62025E-06 2.26046E-15 2.89920E-04 8.04923E-24 7.83478E-18 2.03635E-15 1.50682E-14 2.81959E-19
 3.48330E-25 4.76253E-28 1.83872E-30 7.42199E-24 7.29418E-38 4.66520E-33 3.09196E-18 1.52324E-24
 2.33775E-11 1.16995E-17 2.32254E-11 1.18908E-33 6.60532E-41 2.20817E-34 4.75777E-21 1.40111E-21
 5.05252E-23 1.45143E-30 1.14743E-17 4.63676E-05 3.02672E-14 7.84645E-15 1.62341E-15 2.40234E-22
 9.05494E-11 6.96208E-09 1.62000E-06 1.78885E-15 2.95303E-04 5.25417E-24 7.82792E-18 1.93802E-15
 1.40080E-14 2.22864E-19 1.76213E-25 2.10281E-28 8.03856E-31 4.98182E-24 2.83343E-38 1.94686E-33
 3.03778E-18 7.53434E-25 2.45040E-11 8.88396E-18 2.20832E-11 5.32691E-34 3.25484E-41 1.66858E-34
 4.95915E-21 1.19761E-21 4.64417E-23 1.15011E-30 9.63602E-18 5.18944E-05 2.27581E-14 5.93369E-15
 1.24699E-15 1.22981E-22 7.34028E-11 7.03855E-09 1.61973E-06 1.43399E-15 3.00296E-04 3.46476E-24
 7.82081E-18 1.84696E-15 1.31038E-14 1.77235E-19 9.02677E-26 9.40344E-29 3.57328E-31 3.36271E-24
 1.11365E-38 8.04482E-34 2.98868E-18 3.74873E-25 2.55606E-11 6.71218E-18 2.10098E-11 2.41119E-34
 1.65992E-41 1.28943E-34 5.14572E-21 1.00812E-21 4.28603E-23 9.16666E-31 8.26395E-18 5.74357E-05
 1.73407E-14 4.52264E-15 9.67445E-16 6.42699E-23 5.88346E-11 7.10724E-09 1.61946E-06 1.16414E-15
 3.04915E-04 2.30824E-24 7.81335E-18 1.76304E-15 1.23303E-14 1.41762E-19 4.68830E-26 4.26523E-29
 1.61431E-31 2.28167E-24 4.42692E-39 3.29449E-34 2.94408E-18 1.87672E-25 2.65442E-11 5.04802E-18
 2.00082E-11 1.10216E-34 8.75163E-42 1.01835E-34 5.31408E-21 8.36069E-22 3.97286E-23 7.34442E-31
 7.23072E-18 6.29079E-05 1.33921E-14 3.48122E-15 7.57654E-16 3.42715E-23 4.66619E-11 7.16877E-09
 1.61917E-06 9.56915E-16 3.09180E-04 1.55325E-24 7.80544E-18 1.68604E-15 1.16664E-14 1.13999E-19
 2.47263E-26 1.96504E-29 7.40598E-32 1.55553E-24 1.77857E-39 1.33817E-34 2.90350E-18 9.45272E-26
 2.74535E-11 3.78057E-18 1.90797E-11 5.08337E-35 4.76179E-42 8.21151E-35 5.46205E-21 6.83653E-22
 3.69950E-23 5.91194E-31 6.44866E-18 6.82398E-05 1.04874E-14 2.71282E-15 5.98541E-16 1.86363E-23
 3.66490E-11 7.22371E-09 1.61886E-06 7.96434E-16 3.13111E-04 1.05558E-24 7.79704E-18 1.61569E-15
 1.10944E-14 9.21266E-20 1.32692E-26 9.21067E-30 3.44696E-32 1.06500E-24 7.21679E-40 5.39541E-35
 2.86649E-18 4.78929E-26 2.82887E-11 2.82060E-18 1.82241E-11 2.36334E-35 2.66829E-42 6.75258E-35
 5.58875E-21 5.51795E-22 3.46110E-23 4.77872E-31 5.85667E-18 7.33759E-05 8.33347E-15 2.14683E-15
 4.76614E-16 1.03337E-23 2.85309E-11 7.27265E-09 1.61854E-06 6.71275E-16 3.16727E-04 7.24769E-25
 7.78807E-18 1.55165E-15 1.05999E-14 7.47867E-20 7.26466E-27 4.40297E-30 1.62617E-32 7.31879E-25
 2.95555E-40 2.16100E-35 2.83266E-18 2.44065E-26 2.90510E-11 2.09715E-18 1.74398E-11 1.10638E-35
 1.53667E-42 5.65567E-35 5.69431E-21 4.40343E-22 3.25322E-23 3.87713E-31 5.40956E-18 7.82754E-05
 6.72750E-15 1.73181E-15 3.82255E-16 5.86111E-24 2.20375E-11 7.31611E-09 1.61820E-06 5.73183E-16
 3.20049E-04 5.04000E-25 7.77850E-18 1.49359E-15 1.01706E-14 6.09586E-20 4.07394E-27 2.16029E-30
 7.78769E-33 5.04577E-25 1.22372E-40 8.60989E-36 2.80165E-18 1.25402E-26 2.97426E-11 1.55463E-18
 1.67248E-11 5.21360E-36 9.09239E-43 4.81804E-35 5.77942E-21 3.48635E-22 3.07192E-23 3.15602E-31
 5.04191E-18 8.30985E-05 5.47977E-15 1.42829E-15 3.07921E-16 3.35995E-24 1.69385E-11 7.35606E-09
 1.61782E-06 4.93038E-16 3.23221E-04 3.52247E-25 7.76785E-18 1.43902E-15 9.78165E-15 4.97949E-20
 2.33941E-27 1.07782E-30 3.75030E-33 3.48332E-25 5.07524E-41 3.41487E-36 2.77200E-18 6.45083E-27
 3.03913E-11 1.15013E-18 1.60501E-11 2.46108E-36 5.46527E-43 4.15176E-35 5.84660E-21 2.73834E-22
 2.90735E-23 2.57184E-31 4.70459E-18 8.80349E-05 4.46631E-15 1.20785E-15 2.48504E-16 1.91680E-24
 1.29888E-11 7.39431E-09 1.61738E-06 4.24501E-16 3.26387E-04 2.45015E-25 7.75546E-18 1.38552E-15
 9.41126E-15 4.06851E-20 1.37547E-27 5.40258E-31 1.79777E-33 2.40338E-25 2.08785E-41 1.34932E-36
 2.74225E-18 3.29619E-27 3.10242E-11 8.49836E-19 1.53869E-11 1.15815E-36 3.29796E-43 3.60050E-35
 5.89823E-21 2.13065E-22 2.75096E-23 2.09391E-31 4.38747E-18 9.30912E-05 3.63916E-15 1.05147E-15
 2.00884E-16 1.08843E-24 9.94110E-12 7.43094E-09 1.61687E-06 3.65546E-16 3.29562E-04 1.69756E-25
 7.74096E-18 1.33292E-15 9.05473E-15 3.32350E-20 8.32018E-28 2.73697E-31 8.60231E-34 1.65649E-25
 8.54719E-42 5.32035E-37 2.71212E-18 1.67894E-27 3.16417E-11 6.27354E-19 1.47339E-11 5.43649E-37
 1.99947E-43 3.14085E-35 5.93570E-21 1.64655E-22 2.60137E-23 1.70342E-31 4.08822E-18 9.82500E-05
 2.96463E-15 9.45148E-16 1.62665E-16 6.16426E-25 7.59397E-12 7.46582E-09 1.61627E-06 3.14832E-16
 3.32741E-04 1.17360E-25 7.72400E-18 1.28136E-15 8.70942E-15 2.71361E-20 5.19490E-28 1.41175E-31
 4.11686E-34 1.14005E-25 3.48851E-42 2.09401E-37 2.68152E-18 8.54549E-28 3.22410E-11 4.62680E-19
 1.40932E-11 2.54542E-37 1.21943E-43 2.75604E-35 5.96071E-21 1.26607E-22 2.45819E-23 1.38514E-31
 3.80561E-18 1.03497E-04 2.41483E-15 8.78589E-16 1.31936E-16 3.48729E-25 5.79005E-12 7.49880E-09
 1.61557E-06 2.71203E-16 3.35923E-04 8.10717E-26 7.70417E-18 1.23092E-15 8.37246E-15 2.21380E-20
 3.35257E-28 7.45782E-32 1.97151E-34 7.83103E-26 1.41970E-42 8.22665E-38 2.65032E-18 4.35025E-28
 3.28194E-11 3.40903E-19 1.34663E-11 1.18811E-37 7.48395E-44 2.43223E-35 5.97490E-21 9.69573E-23
 2.32096E-23 1.12615E-31 3.54022E-18 1.08824E-04 1.96674E-15 8.44302E-16 1.07183E-16 1.97349E-25
 4.40660E-12 7.52970E-09 1.61475E-06 2.33654E-16 3.39102E-04 5.60431E-26 7.68100E-18 1.18168E-15
 8.04066E-15 1.80375E-20 2.23494E-28 4.05182E-32 9.44758E-35 5.36564E-26 5.75815E-43 3.22605E-38
 2.61839E-18 2.21616E-28 3.33749E-11 2.50936E-19 1.28542E-11 5.52508E-38 4.62264E-44 2.15809E-35
 5.97959E-21 7.40069E-23 2.18925E-23 9.15587E-32 3.30121E-18 1.14222E-04 1.60136E-15 8.36953E-16
 8.72036E-17 1.11978E-25 3.34881E-12 7.55835E-09 1.61379E-06 2.01316E-16 3.42276E-04 3.88914E-26
 7.65399E-18 1.13368E-15 7.71046E-15 1.46697E-20 1.53576E-28 2.27134E-32 4.53896E-35 3.66463E-26
 2.33115E-43 1.26401E-38 2.58558E-18 1.13311E-28 3.39055E-11 1.84583E-19 1.22577E-11 2.56251E-38
 2.87711E-44 1.92440E-35 5.97571E-21 5.63777E-23 2.06261E-23 7.44435E-32 3.13921E-18 1.19672E-04
 1.30396E-15 8.39506E-16 7.18163E-17 6.43488E-26 2.61466E-12 7.58476E-09 1.61272E-06 1.73523E-16
 3.45430E-04 2.73912E-26 7.62256E-18 1.08709E-15 7.37893E-15 1.20587E-20 1.09822E-28 1.32780E-32
 2.26297E-35 2.58014E-26 9.93563E-44 5.30463E-39 2.55181E-18 6.01482E-29 3.44076E-11 1.37987E-19
 1.16788E-11 1.26504E-38 1.82837E-44 1.73259E-35 5.96379E-21 4.31027E-23 1.94094E-23 6.11854E-32
 3.02518E-18 1.25144E-04 1.06320E-15 8.50452E-16 5.97224E-17 3.76513E-26 2.08517E-12 7.60942E-09
 1.61162E-06 1.49771E-16 3.48541E-04 1.96390E-26 7.58612E-18 1.04216E-15 7.04902E-15 9.99266E-21
 8.11564E-29 8.10529E-33 1.17365E-35 1.86049E-26 4.48179E-44 2.35435E-39 2.51703E-18 3.32217E-29
 3.48748E-11 1.04348E-19 1.11224E-11 6.58485E-39 1.18518E-44 1.57328E-35 5.94443E-21 3.30529E-23
 1.82439E-23 5.07167E-32 2.87990E-18 1.30645E-04 8.68336E-16 8.91776E-16 4.91458E-17 2.21838E-26
 1.61110E-12 7.63257E-09 1.61051E-06 1.29474E-16 3.51606E-04 1.41385E-26 7.54385E-18 9.98856E-16
 6.72670E-15 8.15023E-21 6.02137E-29 5.06123E-33 5.95598E-36 1.28913E-26 1.94147E-44 9.69965E-40
 2.48100E-18 1.80062E-29 3.53032E-11 7.73164E-20 1.05906E-11 3.21394E-39 7.65670E-45 1.42771E-35
 5.91803E-21 2.51826E-23 1.71241E-23 4.15496E-32 2.75090E-18 1.36183E-04 7.10526E-16 9.36457E-16
 4.08901E-17 1.32347E-26 1.27648E-12 7.65446E-09 1.60943E-06 1.12129E-16 3.54622E-04 1.02795E-26
 7.49486E-18 9.57130E-16 6.41327E-15 6.72074E-21 4.59110E-29 3.25023E-33 3.09248E-36 9.20417E-27
 8.69992E-45 4.23143E-40 2.44346E-18 9.97413E-30 3.56901E-11 5.80275E-20 1.00836E-11 1.63560E-39
 4.99692E-45 1.30579E-35 5.88418E-21 1.91654E-23 1.60451E-23 3.43722E-32 2.58922E-18 1.41773E-04
 5.82772E-16 1.01428E-15 3.35951E-17 7.89619E-27 9.75264E-13 7.67541E-09 1.60838E-06 9.73117E-17
 3.57584E-04 7.43803E-27 7.43810E-18 9.16916E-16 6.11638E-15 5.44863E-21 3.48765E-29 2.10196E-33
 1.55193E-36 6.27966E-27 3.68141E-45 1.69286E-40 2.40409E-18 5.34725E-30 3.60320E-11 4.25467E-20
 9.60215E-12 7.73896E-40 3.22962E-45 1.19145E-35 5.84255E-21 1.44505E-23 1.50015E-23 2.80402E-32
 2.42792E-18 1.47443E-04 4.79102E-16 1.10326E-15 2.77260E-17 4.72738E-27 7.52100E-13 7.69541E-09
 1.60737E-06 8.46306E-17 3.60494E-04 5.38049E-27 7.37236E-18 8.78082E-16 5.83725E-15 4.43867E-21
 2.68990E-29 1.37592E-33 7.80111E-37 4.33138E-27 1.55894E-45 6.89168E-41 2.36250E-18 2.86711E-30
 3.63270E-11 3.13049E-20 9.14513E-12 3.68208E-40 2.08931E-45 1.09108E-35 5.79235E-21 1.08475E-23
 1.39870E-23 2.29427E-32 2.26391E-18 1.53205E-04 3.95184E-16 1.20685E-15 2.29193E-17 2.83869E-27
 5.81530E-13 7.71526E-09 1.60649E-06 7.38088E-17 3.63343E-04 3.88104E-27 7.29642E-18 8.40640E-16
 5.58126E-15 3.62508E-21 2.09778E-29 9.08664E-34 3.93115E-37 2.99698E-27 6.62599E-46 2.81921E-41
 2.31838E-18 1.53702E-30 3.65708E-11 2.30156E-20 8.71332E-12 1.75345E-40 1.35137E-45 1.00124E-35
 5.73285E-21 8.10407E-24 1.29990E-23 1.87704E-32 2.07873E-18 1.59111E-04 3.27046E-16 1.36215E-15
 1.86147E-17 1.68601E-27 4.28036E-13 7.73458E-09 1.60565E-06 6.45458E-17 3.66136E-04 2.74504E-27
 7.20866E-18 8.04377E-16 5.35415E-15 2.90062E-21 1.61137E-29 5.92463E-34 1.87430E-37 1.95160E-27
 2.57892E-46 1.02262E-41 2.27117E-18 7.78905E-31 3.67611E-11 1.64119E-20 8.30483E-12 7.57788E-41
 8.57187E-46 9.12981E-36 5.66296E-21 5.97564E-24 1.20306E-23 1.50592E-32 1.89669E-18 1.65212E-04
 2.71480E-16 1.54380E-15 1.51188E-17 9.95269E-28 3.14699E-13 7.75237E-09 1.60465E-06 5.65878E-17
 3.68881E-04 1.91429E-27 7.10753E-18 7.69109E-16 5.15335E-15 2.32587E-21 1.24469E-29 3.84469E-34
 8.76686E-38 1.26895E-27 9.73401E-47 3.66934E-42 2.22036E-18 3.85802E-31 3.68955E-11 1.16774E-20
 7.91750E-12 3.20174E-41 5.38920E-46 8.31661E-36 5.58150E-21 4.37473E-24 1.10767E-23 1.20551E-32
 1.72566E-18 1.71548E-04 2.26178E-16 1.75439E-15 1.22773E-17 5.87269E-28 2.31387E-13 7.76865E-09
 1.60346E-06 4.97571E-17 3.71569E-04 1.32096E-27 6.99158E-18 7.34807E-16 4.97775E-15 1.86923E-21
 9.67470E-30 2.49332E-34 4.07646E-38 8.23907E-28 3.63420E-47 1.31310E-42 2.16560E-18 1.89240E-31
 3.69699E-11 8.29924E-21 7.55111E-12 1.34371E-41 3.37179E-46 7.56198E-36 5.48742E-21 3.18952E-24
 1.01368E-23 9.62437E-33 1.56699E-18 1.78162E-04 1.89263E-16 1.99694E-15 9.96607E-18 3.48264E-28
 1.70139E-13 7.78346E-09 1.60205E-06 4.39011E-17 3.74192E-04 9.02673E-28 6.85942E-18 7.01440E-16
 4.82659E-15 1.50583E-21 7.55809E-30 1.61623E-34 1.89030E-38 5.34169E-28 1.34957E-47 4.68544E-43
 2.10651E-18 9.22052E-32 3.69798E-11 5.89056E-21 7.20545E-12 5.61322E-42 2.09961E-46 6.85738E-36
 5.37971E-21 2.31779E-24 9.21164E-24 7.65924E-33 1.41723E-18 1.85122E-04 1.59130E-16 2.30385E-15
 8.01531E-18 2.08113E-28 1.22231E-13 7.79587E-09 1.60020E-06 3.88742E-17 3.76750E-04 6.07419E-28
 6.70959E-18 6.68913E-16 4.69905E-15 1.20232E-21 5.86306E-30 1.03779E-34 8.52932E-39 3.35490E-28
 4.79870E-48 1.57543E-43 2.04272E-18 4.36198E-32 3.69212E-11 4.11806E-21 6.87963E-12 2.24247E-42
 1.29021E-46 6.17445E-36 5.25729E-21 1.67361E-24 8.30187E-24 6.01984E-33 1.27912E-18 1.92501E-04
 1.34452E-16 2.68194E-15 6.39976E-18 1.26483E-28 8.63792E-14 7.80363E-09 1.59748E-06 3.45470E-17
 3.79241E-04 4.02630E-28 6.54101E-18 6.37145E-16 4.59161E-15 9.53764E-22 4.52411E-30 6.59752E-35
 3.74515E-39 2.05564E-28 1.63181E-48 5.05506E-44 1.97395E-18 2.00443E-32 3.67904E-11 2.84713E-21
 6.57263E-12 8.60411E-43 7.82132E-47 5.51631E-36 5.11936E-21 1.20234E-24 7.41056E-24 4.68040E-33
 1.15845E-18 2.00343E-04 1.14267E-16 3.07735E-15 5.15078E-18 7.95754E-29 6.26092E-14 7.80600E-09
 1.59371E-06 3.08304E-17 3.81651E-04 2.65508E-28 6.35351E-18 6.06211E-16 4.49987E-15 7.66671E-22
 3.53691E-30 4.20940E-35 1.66847E-39 1.29638E-28 5.65684E-49 1.71239E-44 1.90032E-18 9.30086E-33
 3.65844E-11 1.99678E-21 6.28499E-12 3.39489E-43 4.73688E-47 4.91426E-36 4.96591E-21 8.65487E-25
 6.54598E-24 3.65406E-33 1.05185E-18 2.08724E-04 9.77676E-17 3.54276E-15 4.12607E-18 5.24332E-29
 4.50713E-14 7.80267E-09 1.58874E-06 2.76408E-17 3.83970E-04 1.74079E-28 6.14694E-18 5.76132E-16
 4.42186E-15 6.14035E-22 2.76030E-30 2.68349E-35 7.41574E-40 8.05664E-29 1.94956E-49 5.70037E-45
 1.82191E-18 4.30020E-33 3.62999E-11 1.39293E-21 6.01676E-12 1.33086E-43 2.85041E-47 4.34237E-36
 4.79690E-21 6.23086E-25 5.71558E-24 2.82749E-33 9.58767E-19 2.17713E-04 8.42898E-17 4.06465E-15
 3.30264E-18 3.65362E-29 3.25763E-14 7.79210E-09 1.58223E-06 2.49047E-17 3.86191E-04 1.13793E-28
 5.92198E-18 5.46957E-16 4.35516E-15 4.92518E-22 2.15794E-30 1.71231E-35 3.30396E-40 5.00586E-29
 6.72702E-50 1.90524E-45 1.73909E-18 1.99059E-33 3.59355E-11 9.72818E-22 5.76806E-12 5.22778E-44
 1.70610E-47 3.80843E-36 4.61302E-21 4.49128E-25 4.92843E-24 2.17647E-33 8.78654E-19 2.27377E-04
 7.33162E-17 4.62012E-15 2.65113E-18 2.70189E-29 2.38843E-14 7.77376E-09 1.57398E-06 2.25626E-17
 3.88301E-04 7.44971E-29 5.68006E-18 5.18769E-16 4.29778E-15 3.97587E-22 1.69680E-30 1.09753E-35
 1.49153E-40 3.15290E-29 2.36543E-50 6.56701E-46 1.65246E-18 9.32066E-34 3.54908E-11 6.84794E-22
 5.53920E-12 2.09402E-44 1.01872E-47 3.31849E-36 4.41553E-21 3.24678E-25 4.19406E-24 1.67232E-33
 8.09463E-19 2.37812E-04 6.44074E-17 5.26152E-15 2.11630E-18 2.11328E-29 1.73977E-14 7.74635E-09
 1.56364E-06 2.05571E-17 3.90296E-04 4.89557E-29 5.42270E-18 4.91598E-16 4.24845E-15 3.19352E-22
 1.32846E-30 7.03800E-36 6.71287E-41 1.95579E-29 8.27078E-51 2.22067E-46 1.56259E-18 4.35671E-34
 3.49663E-11 4.79338E-22 5.32992E-12 8.32114E-45 6.04149E-48 2.86198E-36 4.20580E-21 2.35077E-25
 3.51964E-24 1.27155E-33 7.51430E-19 2.49092E-04 5.72204E-17 5.96477E-15 1.68652E-18 1.73786E-29
 1.27220E-14 7.70773E-09 1.55072E-06 1.88407E-17 3.92170E-04 3.26883E-29 5.15260E-18 4.65528E-16
 4.20571E-15 2.56611E-22 1.03921E-30 4.54216E-36 3.02545E-41 1.21260E-29 2.89235E-51 7.53365E-47
 1.47044E-18 2.04262E-34 3.43650E-11 3.35899E-22 5.14019E-12 3.30719E-45 3.57552E-48 2.44545E-36
 3.98614E-21 1.71159E-25 2.91225E-24 9.60406E-34 7.05823E-19 2.61310E-04 5.14740E-17 6.76396E-15
 1.33612E-18 1.49780E-29 9.25834E-15 7.65533E-09 1.53461E-06 1.73700E-17 3.93921E-04 2.28137E-29
 4.87261E-18 4.40615E-16 4.16832E-15 2.05137E-22 8.10142E-31 3.00439E-36 1.37478E-41 7.41390E-30
 1.01151E-51 2.51484E-47 1.37696E-18 9.72593E-35 3.36907E-11 2.34322E-22 4.96963E-12 1.31183E-45
 2.15332E-48 2.06596E-36 3.75897E-21 1.26740E-25 2.37588E-24 7.17507E-34 6.77460E-19 2.74498E-04
 4.69778E-17 7.46273E-15 1.07352E-18 1.36035E-29 7.07438E-15 7.58943E-09 1.51528E-06 1.61174E-17
 3.95540E-04 1.77284E-29 4.58713E-18 4.17014E-16 4.13513E-15 1.67943E-22 6.51160E-31 2.17877E-36
 7.11276E-42 4.81339E-30 4.09649E-52 9.60450E-48 1.28357E-18 5.37243E-35 3.29518E-11 1.69540E-22
 4.81839E-12 5.93447E-46 1.46042E-48 1.74083E-36 3.52795E-21 9.90544E-26 1.91377E-24 5.41057E-34
 2.85150E+02 2.78650E+02 2.72150E+02 2.65660E+02 2.61170E+02 2.55680E+02 2.49190E+02 2.42700E+02
 2.36210E+02 2.25000E+02 2.10000E+02 2.10000E+02 2.10000E+02 2.10000E+02 2.10000E+02 2.00000E+02
 2.00000E+02 2.00000E+02 2.00000E+02 2.00000E+02 2.00000E+02 2.00000E+02 2.00000E+02 2.00000E+02
 2.00000E+02 2.00000E+02 2.00000E+02 2.00000E+02 2.00000E+02 2.00000E+02 2.00000E+02 2.00000E+02
 2.00000E+02 2.00000E+02 2.00000E+02 2.00000E+02 2.00000E+02 2.00000E+02 2.00000E+02 2.00000E+02
 2.00000E+02 2.00000E+02 2.00000E+02 2.00000E+02 2.00000E+02 2.00000E+02 2.00000E+02 2.00000E+02
 2.00000E+02 2.00000E+02 2.00000E+02 2.00000E+02 2.00000E+02 2.00000E+02 2.00000E+02 2.00000E+02
 2.00000E+02 2.00000E+02 2.00000E+02 2.00000E+02 2.00000E+02 2.00000E+02 2.00000E+02 2.00000E+02
 2.00000E+02 2.00000E+02 2.00000E+02 2.00000E+02 2.00000E+02 2.00000E+02 2.00000E+02 2.00000E+02
 2.00000E+02 2.00000E+02 2.00000E+02 2.00000E+02 2.00000E+02 2.00000E+02 2.00000E+02 1.98600E+02
 1.96000E+02 1.94700E+02 1.92000E+02 1.90800E+02 1.89000E+02 1.86900E+02 1.86900E+02 1.86900E+02
 1.86900E+02 1.86900E+02 1.88000E+02 1.90000E+02 1.91000E+02 1.92500E+02 1.94000E+02 1.95000E+02
 1.96500E+02 1.98000E+02 2.00000E+02 2.00000E+02 1.00000E+05 1.00000E+05 1.00000E+05 1.00000E+05
 1.00000E+05 1.00000E+05 1.00000E+05 1.00000E+05 1.00000E+05 8.94400E+04 4.89900E+04 2.25800E+04
 1.16600E+04 6.81200E+03 5.16500E+03 4.29000E+03 3.95000E+03 3.90000E+03 3.99900E+03 4.34300E+03
 4.84400E+03 5.43900E+03 6.18700E+03 7.03600E+03 7.98400E+03 8.98600E+03 1.00300E+04 1.12800E+04
 1.24900E+04 1.36300E+04 1.51300E+04 1.66900E+04 1.81800E+04 1.99800E+04 2.19800E+04 2.44500E+04
 2.74600E+04 3.04600E+04 3.39400E+04 3.79500E+04 4.19500E+04 4.64300E+04 5.19100E+04 5.84000E+04
 6.44500E+04 7.13600E+04 7.99000E+04 8.79100E+04 9.68700E+04 1.06900E+05 1.17800E+05 1.31800E+05
 1.48300E+05 1.65800E+05 1.83300E+05 2.01800E+05 2.25600E+05 2.52200E+05 2.77200E+05 3.07000E+05
 3.42100E+05 3.79500E+05 4.21900E+05 4.71700E+05 5.17400E+05 5.67400E+05 6.22400E+05 6.82600E+05
 7.48700E+05 8.21200E+05 9.00700E+05 9.87900E+05 1.00000E+06 1.00000E+06 1.00000E+06 1.00000E+06
 1.00000E+06 1.00000E+06 1.00000E+06 1.00000E+06 1.00000E+06 1.00000E+06 1.00000E+06 1.00000E+06
 1.00000E+06 1.00000E+06 1.00000E+06 1.00000E+06 1.00000E+06 1.00000E+06 1.00000E+06 1.00000E+06
 1.00000E+06 1.00000E+06 1.00000E+06 1.00000E+06 1.00000E+06 1.00000E+06 1.00000E+06 1.00000E+06
 2.42866E+19 2.20951E+19 2.00572E+19 1.81649E+19 1.62936E+19 1.46415E+19 1.31763E+19 1.18253E+19
 1.05821E+19 9.62491E+18 8.85798E+18 7.56786E+18 6.46596E+18 5.52477E+18 4.72081E+18 4.21953E+18
 3.57764E+18 3.03356E+18 2.57235E+18 2.18137E+18 1.84992E+18 1.56890E+18 1.33065E+18 1.12863E+18
 9.57337E+17 8.12080E+17 6.88899E+17 5.84432E+17 4.95833E+17 4.20687E+17 3.56948E+17 3.02881E+17
 2.57018E+17 2.18110E+17 1.85102E+17 1.57097E+17 1.33336E+17 1.13174E+17 9.60664E+16 8.15488E+16
 6.92286E+16 5.87728E+16 4.98986E+16 4.23666E+16 3.59733E+16 3.05463E+16 2.59394E+16 2.20284E+16
 1.87081E+16 1.58890E+16 1.34954E+16 1.14630E+16 9.73713E+15 8.27154E+15 7.02691E+15 5.96986E+15
 5.07208E+15 4.30953E+15 3.66181E+15 3.11160E+15 2.64419E+15 2.24711E+15 1.90976E+15 1.62314E+15
 1.37960E+15 1.17266E+15 9.96813E+14 8.47378E+14 7.20381E+14 6.12449E+14 5.20714E+14 4.42741E+14
 3.76463E+14 3.20124E+14 2.72229E+14 2.31512E+14 1.96894E+14 1.67461E+14 1.42436E+14 1.21941E+14
 1.04872E+14 8.94634E+13 7.67514E+13 6.52331E+13 5.55504E+13 4.73041E+13 3.97981E+13 3.34848E+13
 2.81746E+13 2.37078E+13 1.98435E+13 1.65552E+13 1.39050E+13 1.16625E+13 9.79559E+12 8.25835E+12
 6.95252E+12 5.86113E+12 4.93632E+12 4.20303E+12 1.13626E-10 1.37150E-10 1.85695E-10 2.44987E-10
 3.09226E-10 3.74394E-10 4.36440E-10 4.91011E-10 5.33035E-10 5.58673E-10 5.66220E-10 5.69086E-10
 5.62541E-10 5.46869E-10 5.20832E-10 4.85823E-10 4.44215E-10 3.99964E-10 3.56620E-10 3.16908E-10
 2.82434E-10 2.53022E-10 2.28138E-10 2.07204E-10 1.88951E-10 1.71976E-10 1.55740E-10 1.40276E-10
 1.25570E-10 1.11473E-10 9.80919E-11 8.55627E-11 7.38270E-11 6.29358E-11 5.29988E-11 4.40941E-11
 3.62861E-11 2.95052E-11 2.36661E-11 1.87267E-11 1.45909E-11 1.11649E-11 8.39260E-12 6.20474E-12
 4.50173E-12 3.19731E-12 2.22571E-12 1.51484E-12 1.00319E-12 6.45550E-13 3.99548E-13 2.41175E-13
 1.42220E-13 8.15556E-14 4.51148E-14 2.39556E-14 1.23020E-14 6.09909E-15 2.87741E-15 1.29515E-15
 5.57466E-16 2.27972E-16 8.84853E-17 3.26843E-17 1.12306E-17 3.57023E-18 1.04455E-18 2.79520E-19
 6.79868E-20 1.49277E-20 2.93709E-21 5.13803E-22 6.77885E-23 6.26189E-24 3.80417E-25 1.41212E-26
 2.93763E-28 3.09401E-30 1.46423E-32 2.69300E-35 1.60658E-38 2.51121E-42 7.90351E-47 3.67706E-52
 1.73832E-58 5.27708E-66 6.12053E-75 1.46713E-85 3.50323E-98 1.00000-100 1.00000-100 1.00000-100
 1.00000-100 1.00000-100 1.00000-100 1.00000-100 1.00000-100 1.00000-100 1.00000-100 1.00000-100
 4.21925E+01 3.64769E+01 3.65878E+01 3.70596E+01 3.84899E+01 3.91612E+01 3.87109E+01 3.74691E+01
 3.50752E+01 3.23221E+01 2.94428E+01 2.34950E+01 1.93936E+01 1.56884E+01 1.23213E+01 1.11299E+01
 9.00000E+00 7.68975E+00 6.78558E+00 6.31729E+00 6.08534E+00 5.99812E+00 6.12258E+00 6.43722E+00
 5.58040E+00 4.25516E+00 3.22846E+00 2.43639E+00 1.82678E+00 1.36138E+00 1.00489E+00 7.34520E-01
 5.30429E-01 3.78710E-01 2.67034E-01 1.86010E-01 1.28147E-01 8.71166E-02 5.84580E-02 3.87424E-02
 2.52294E-02 1.61241E-02 1.01250E-02 6.24408E-03 3.84664E-03 2.31988E-03 1.37136E-03 7.92633E-04
 4.45795E-04 2.43639E-04 1.28079E-04 6.56675E-05 3.28937E-05 1.60237E-05 7.53017E-06 3.39698E-06
 1.48212E-06 6.24334E-07 2.50276E-07 9.57250E-08 3.50133E-08 1.21683E-08 4.01395E-09 1.26013E-09
 3.68025E-10 9.94466E-11 2.47324E-11 5.62616E-12 1.16335E-12 2.17162E-13 3.63278E-14 5.40341E-15
 6.06179E-16 4.76151E-17 2.45989E-18 7.76543E-20 1.37389E-21 1.23072E-23 4.95392E-26 7.80022E-29
 4.00203E-32 5.33643E-36 1.44088E-40 5.69758E-46 2.29371E-52 5.92946E-60 5.78593E-69 1.16691E-79
 2.34449E-92 5.63135E-95 4.71346E-95 3.93238E-95 3.30288E-95 2.77023E-95 2.32676E-95 1.96162E-95
 1.65144E-95 1.39221E-95 1.17253E-95 9.98354E-96 0.00000E+00 0.00000E+00 0.00000E+00 0.00000E+00
 0.00000E+00 0.00000E+00 0.00000E+00 0.00000E+00 0.00000E+00 0.00000E+00 0.00000E+00 0.00000E+00
 0.00000E+00 0.00000E+00 0.00000E+00 0.00000E+00 0.00000E+00 0.00000E+00 0.00000E+00 0.00000E+00
 0.00000E+00 0.00000E+00 0.00000E+00 0.00000E+00 0.00000E+00 0.00000E+00 0.00000E+00 0.00000E+00
 0.00000E+00 0.00000E+00 0.00000E+00 0.00000E+00 0.00000E+00 0.00000E+00 0.00000E+00 0.00000E+00
 0.00000E+00 0.00000E+00 0.00000E+00 0.00000E+00 0.00000E+00 0.00000E+00 0.00000E+00 0.00000E+00
 0.00000E+00 0.00000E+00 0.00000E+00 0.00000E+00 0.00000E+00 0.00000E+00 0.00000E+00 0.00000E+00
 0.00000E+00 0.00000E+00 0.00000E+00 0.00000E+00 0.00000E+00 0.00000E+00 0.00000E+00 0.00000E+00
 0.00000E+00 0.00000E+00 0.00000E+00 0.00000E+00 0.00000E+00 0.00000E+00 0.00000E+00 0.00000E+00
 0.00000E+00 0.00000E+00 0.00000E+00 0.00000E+00 0.00000E+00 0.00000E+00 0.00000E+00 0.00000E+00
 0.00000E+00 0.00000E+00 0.00000E+00 0.00000E+00 0.00000E+00 0.00000E+00 0.00000E+00 0.00000E+00
 0.00000E+00 0.00000E+00 0.00000E+00 0.00000E+00 0.00000E+00 0.00000E+00 0.00000E+00 0.00000E+00
 0.00000E+00 0.00000E+00 0.00000E+00 0.00000E+00 0.00000E+00 0.00000E+00 0.00000E+00 0.00000E+00
 0.00000E+00 0.00000E+00 0.00000E+00 0.00000E+00 0.00000E+00 0.00000E+00 0.00000E+00 0.00000E+00
 0.00000E+00 0.00000E+00 0.00000E+00 0.00000E+00 0.00000E+00 0.00000E+00 0.00000E+00 0.00000E+00
 0.00000E+00 0.00000E+00 0.00000E+00 0.00000E+00 0.00000E+00 0.00000E+00 0.00000E+00 0.00000E+00
 0.00000E+00 0.00000E+00 0.00000E+00 0.00000E+00 0.00000E+00 0.00000E+00 0.00000E+00 0.00000E+00
 0.00000E+00 0.00000E+00 0.00000E+00 0.00000E+00 0.00000E+00 0.00000E+00 0.00000E+00 0.00000E+00
 0.00000E+00 0.00000E+00 0.00000E+00 0.00000E+00 0.00000E+00 0.00000E+00 0.00000E+00 0.00000E+00
 0.00000E+00 0.00000E+00 0.00000E+00 0.00000E+00 0.00000E+00 0.00000E+00 0.00000E+00 0.00000E+00
 0.00000E+00 0.00000E+00 0.00000E+00 0.00000E+00 0.00000E+00 0.00000E+00 0.00000E+00 0.00000E+00
 0.00000E+00 0.00000E+00 0.00000E+00 0.00000E+00 0.00000E+00 0.00000E+00 0.00000E+00 0.00000E+00
 0.00000E+00 0.00000E+00 0.00000E+00 0.00000E+00 0.00000E+00 0.00000E+00 0.00000E+00 0.00000E+00
 0.00000E+00 0.00000E+00 0.00000E+00 0.00000E+00 0.00000E+00 0.00000E+00 0.00000E+00 0.00000E+00
 0.00000E+00 0.00000E+00 0.00000E+00 0.00000E+00 0.00000E+00 0.00000E+00 0.00000E+00 0.00000E+00
 0.00000E+00 0.00000E+00 0.00000E+00 0.00000E+00 7.10407E-04 7.76551E-04 8.53061E-04 9.39151E-04
 1.01945E-03 1.10966E-03 1.21491E-03 1.33264E-03 1.46976E-03 1.64340E-03 1.86360E-03 2.11740E-03
 2.38398E-03 2.70445E-03 3.09537E-03 3.46466E-03 3.90774E-03 4.31587E-03 4.71996E-03 5.08285E-03
 5.43860E-03 5.80552E-03 6.15528E-03 6.49254E-03 7.33663E-03 8.66116E-03 1.02296E-02 1.20868E-02
 1.42876E-02 1.68800E-02 1.99534E-02 2.36001E-02 2.79317E-02 3.30547E-02 3.91262E-02 4.63199E-02
 5.48438E-02 6.49770E-02 7.69689E-02 9.11389E-02 1.08016E-01 1.28065E-01 1.51834E-01 1.80135E-01
 2.12121E-01 2.49779E-01 2.94113E-01 3.46302E-01 4.07737E-01 4.80051E-01 5.65166E-01 6.65344E-01
 7.83244E-01 9.21994E-01 1.08527E+00 1.27741E+00 1.50349E+00 1.76949E+00 2.08246E+00 2.45067E+00
 2.88384E+00 3.39340E+00 3.99281E+00 4.69786E+00 5.52714E+00 6.50248E+00 7.64954E+00 8.99851E+00
 1.05848E+01 1.24502E+01 1.46435E+01 1.72224E+01 2.02545E+01 2.38191E+01 2.80097E+01 3.29359E+01
 3.87266E+01 4.55331E+01 5.35331E+01 6.29843E+01 7.42431E+01 8.76368E+01 1.03664E+02 1.22781E+02
 1.45647E+02 1.73102E+02 2.05750E+02 2.44542E+02 2.90632E+02 3.45391E+02 4.10054E+02 4.85968E+02
 5.75367E+02 6.80340E+02 8.03416E+02 9.47847E+02 1.11691E+03 1.31448E+03 1.54467E+03 1.81417E+03
 0.00000E+00 0.00000E+00 0.00000E+00 0.00000E+00 0.00000E+00 0.00000E+00 0.00000E+00 0.00000E+00
 0.00000E+00 0.00000E+00 0.00000E+00 0.00000E+00 0.00000E+00 0.00000E+00 0.00000E+00 0.00000E+00
 0.00000E+00 0.00000E+00 0.00000E+00 0.00000E+00 0.00000E+00 0.00000E+00 0.00000E+00 0.00000E+00
 0.00000E+00 0.00000E+00 0.00000E+00 0.00000E+00 0.00000E+00 0.00000E+00 0.00000E+00 0.00000E+00
 0.00000E+00 0.00000E+00 0.00000E+00 0.00000E+00 0.00000E+00 0.00000E+00 0.00000E+00 0.00000E+00
 0.00000E+00 0.00000E+00 0.00000E+00 0.00000E+00 0.00000E+00 0.00000E+00 0.00000E+00 0.00000E+00
 0.00000E+00 0.00000E+00 0.00000E+00 0.00000E+00 0.00000E+00 0.00000E+00 0.00000E+00 0.00000E+00
 0.00000E+00 0.00000E+00 0.00000E+00 0.00000E+00 0.00000E+00 0.00000E+00 0.00000E+00 0.00000E+00
 0.00000E+00 0.00000E+00 0.00000E+00 0.00000E+00 0.00000E+00 0.00000E+00 0.00000E+00 0.00000E+00
 0.00000E+00 0.00000E+00 0.00000E+00 0.00000E+00 0.00000E+00 0.00000E+00 0.00000E+00 0.00000E+00
 0.00000E+00 0.00000E+00 0.00000E+00 0.00000E+00 0.00000E+00 0.00000E+00 0.00000E+00 0.00000E+00
 0.00000E+00 0.00000E+00 0.00000E+00 0.00000E+00 0.00000E+00 0.00000E+00 0.00000E+00 0.00000E+00
 0.00000E+00 0.00000E+00 0.00000E+00 0.00000E+00 0.00000E+00 0.00000E+00 0.00000E+00 0.00000E+00
 0.00000E+00 0.00000E+00 0.00000E+00 0.00000E+00 0.00000E+00 0.00000E+00 0.00000E+00 0.00000E+00
 0.00000E+00 0.00000E+00 0.00000E+00 0.00000E+00 0.00000E+00 0.00000E+00 0.00000E+00 0.00000E+00
 0.00000E+00 0.00000E+00 0.00000E+00 0.00000E+00 0.00000E+00 0.00000E+00 0.00000E+00 0.00000E+00
 0.00000E+00 0.00000E+00 0.00000E+00 0.00000E+00 0.00000E+00 0.00000E+00 0.00000E+00 0.00000E+00
 0.00000E+00 0.00000E+00 0.00000E+00 0.00000E+00 0.00000E+00 0.00000E+00 0.00000E+00 0.00000E+00
 0.00000E+00 0.00000E+00 0.00000E+00 0.00000E+00 0.00000E+00 0.00000E+00 0.00000E+00 0.00000E+00
 0.00000E+00 0.00000E+00 0.00000E+00 0.00000E+00 0.00000E+00 0.00000E+00 0.00000E+00 0.00000E+00
 0.00000E+00 0.00000E+00 0.00000E+00 0.00000E+00 0.00000E+00 0.00000E+00 0.00000E+00 0.00000E+00
 0.00000E+00 0.00000E+00 0.00000E+00 0.00000E+00 0.00000E+00 0.00000E+00 0.00000E+00 0.00000E+00
 0.00000E+00 0.00000E+00 0.00000E+00 0.00000E+00 0.00000E+00 0.00000E+00 0.00000E+00 0.00000E+00
 0.00000E+00 0.00000E+00 0.00000E+00 0.00000E+00 0.00000E+00 0.00000E+00 0.00000E+00 0.00000E+00
 0.00000E+00 0.00000E+00 0.00000E+00 0.00000E+00 0.00000E+00 0.00000E+00 0.00000E+00 0.00000E+00
 1.86645E-05 1.86645E-05 1.86645E-05 1.86645E-05 1.86645E-05 1.86645E-05 1.86645E-05 1.86645E-05
 1.86645E-05 1.86645E-05 1.86645E-05 1.86645E-05 1.86645E-05 1.86645E-05 1.86645E-05 1.86645E-05
 1.82950E-05 1.75238E-05 1.65585E-05 1.53516E-05 1.40873E-05 1.28563E-05 1.16214E-05 1.04294E-05
 1.00000E-05 1.00000E-05 1.00000E-05 1.00000E-05 1.00000E-05 1.00000E-05 1.00000E-05 1.00000E-05
 1.00000E-05 1.00000E-05 1.00000E-05 1.00000E-05 1.00000E-05 1.00000E-05 1.00000E-05 1.00000E-05
 1.00000E-05 1.00000E-05 1.00000E-05 1.00000E-05 1.00000E-05 1.00000E-05 1.00000E-05 1.00000E-05
 1.00000E-05 1.00000E-05 1.00000E-05 1.00000E-05 1.00000E-05 1.00000E-05 1.00000E-05 1.00000E-05
 1.00000E-05 1.00000E-05 1.00000E-05 1.00000E-05 1.00000E-05 1.00000E-05 1.00000E-05 1.00000E-05
 1.00000E-05 1.00000E-05 1.00000E-05 1.00000E-05 1.00000E-05 1.00000E-05 1.00000E-05 1.00000E-05
 1.00000E-05 1.00000E-05 1.00000E-05 1.00000E-05 1.00000E-05 1.00000E-05 1.00000E-05 1.00000E-05
 1.00000E-05 1.00000E-05 1.00000E-05 1.00000E-05 1.00000E-05 1.00000E-05 1.00000E-05 1.00000E-05
 1.00000E-05 1.00000E-05 1.00000E-05 1.00000E-05 1.00000E-05 1.00000E-05 1.00000E-05 1.00000E-05
 1.00000E-05 1.00000E-05 1.00000E-05 1.00000E-05 0.00000E+00 0.00000E+00 0.00000E+00 0.00000E+00
 0.00000E+00 0.00000E+00 0.00000E+00 0.00000E+00 0.00000E+00 0.00000E+00 0.00000E+00 0.00000E+00
 0.00000E+00 0.00000E+00 0.00000E+00 0.00000E+00 0.00000E+00 0.00000E+00 0.00000E+00 0.00000E+00
 0.00000E+00 0.00000E+00 0.00000E+00 0.00000E+00 0.00000E+00 0.00000E+00 0.00000E+00 0.00000E+00
 0.00000E+00 0.00000E+00 0.00000E+00 0.00000E+00 0.00000E+00 0.00000E+00 0.00000E+00 0.00000E+00
 0.00000E+00 0.00000E+00 0.00000E+00 0.00000E+00 0.00000E+00 0.00000E+00 0.00000E+00 0.00000E+00
 0.00000E+00 0.00000E+00 0.00000E+00 0.00000E+00 0.00000E+00 0.00000E+00 0.00000E+00 0.00000E+00
 0.00000E+00 0.00000E+00 0.00000E+00 0.00000E+00 0.00000E+00 0.00000E+00 0.00000E+00 0.00000E+00
 0.00000E+00 0.00000E+00 0.00000E+00 0.00000E+00 0.00000E+00 0.00000E+00 0.00000E+00 0.00000E+00
 0.00000E+00 0.00000E+00 0.00000E+00 0.00000E+00 0.00000E+00 0.00000E+00 0.00000E+00 0.00000E+00
 0.00000E+00 0.00000E+00 0.00000E+00 0.00000E+00 0.00000E+00 0.00000E+00 0.00000E+00 0.00000E+00
 0.00000E+00 0.00000E+00 0.00000E+00 0.00000E+00 0.00000E+00 0.00000E+00 0.00000E+00 0.00000E+00
 0.00000E+00 0.00000E+00 0.00000E+00 0.00000E+00 0.00000E+00 0.00000E+00 0.00000E+00 0.00000E+00
 0.00000E+00 0.00000E+00 0.00000E+00 0.00000E+00 0.00000E+00 0.00000E+00 0.00000E+00 0.00000E+00
 0.00000E+00 0.00000E+00 0.00000E+00 0.00000E+00 0.00000E+00 0.00000E+00 0.00000E+00 0.00000E+00
 0.00000E+00 0.00000E+00 0.00000E+00 0.00000E+00 0.00000E+00 0.00000E+00 0.00000E+00 0.00000E+00
 0.00000E+00 0.00000E+00 0.00000E+00 0.00000E+00 0.00000E+00 0.00000E+00 0.00000E+00 0.00000E+00
 0.00000E+00 0.00000E+00 0.00000E+00 0.00000E+00 0.00000E+00 0.00000E+00 0.00000E+00 0.00000E+00
 0.00000E+00 0.00000E+00 0.00000E+00 0.00000E+00 0.00000E+00 0.00000E+00 0.00000E+00 0.00000E+00
 0.00000E+00 0.00000E+00 0.00000E+00 0.00000E+00 0.00000E+00 0.00000E+00 0.00000E+00 0.00000E+00
 0.00000E+00 0.00000E+00 0.00000E+00 0.00000E+00 0.00000E+00 0.00000E+00 0.00000E+00 0.00000E+00
 0.00000E+00 0.00000E+00 0.00000E+00 0.00000E+00 0.00000E+00 0.00000E+00 0.00000E+00 0.00000E+00
 0.00000E+00 0.00000E+00 0.00000E+00 0.00000E+00 0.00000E+00 0.00000E+00 0.00000E+00 0.00000E+00
 0.00000E+00 0.00000E+00 0.00000E+00 0.00000E+00 0.00000E+00 0.00000E+00 0.00000E+00 0.00000E+00
 0.00000E+00 0.00000E+00 0.00000E+00 0.00000E+00 0.00000E+00 0.00000E+00 0.00000E+00 0.00000E+00
 0.00000E+00 0.00000E+00 0.00000E+00 0.00000E+00
